Log core 14 - Current time: 2024-11-20 08:46:14
Defining model
Building model
Setting data and initial values
Running calculate on model
  [Note] Any error reports that follow may simply reflect missing values in model variables.
Checking model sizes and dimensions
Compiling
  [Note] This may take a minute.
  [Note] Use 'showCompilerOutput = TRUE' to see C++ compilation details.
===== Monitors =====
thin = 1: Bprob, Rmean, Rvar, W
thin2 = 1: K
===== Samplers =====
conjugate sampler (519)
  - Rmean[]  (148 elements)
  - Rrate[]  (148 elements)
  - Bprob[]  (74 elements)
  - Rvar[]  (148 elements)
  - W[1:74] 
categorical sampler (2101)
  - Alpha
  - K[]  (2100 elements)
===== Monitors =====
thin = 1: Bprob, Rmean, Rvar, W
thin2 = 1: K
===== Samplers =====
slice sampler (2101)
  - Alpha
  - K[]  (2100 elements)
conjugate sampler (519)
  - Rmean[]  (148 elements)
  - Rrate[]  (148 elements)
  - Bprob[]  (74 elements)
  - Rvar[]  (148 elements)
  - W[1:74] 
Compiling
  [Note] This may take a minute.
  [Note] Use 'showCompilerOutput = TRUE' to see C++ compilation details.

Setup time 4.7 mins 

Chain # 14 (chain 1 of 1 for this core)

Datapoints for testing convergence:
 #22 #37 #117 #175 #341 #396 #581 #603 #639 #716 #727 #836 #855 #979 #1009 #1026 #1404 #1514 #1574 #1603 

Iterations: 3600 
|-------------|-------------|-------------|-------------|
|-------------------------------------------------------|

Current time: 2024-11-20 09:01:56
MCMC time 11 mins 

USED COMPONENTS: 55 OF 74 

rel. MC standard error: 0.0162 to 0.0673
eff. sample size: 221 to 3790
needed thinning: 2 to 25
Diagnostics time 1.7 secs 

Total number of iterations 3600 - required further 194 

Chain # 14 - chunk 2 (chain 1 of 1 for this core): increasing by 195 

Iterations: 195 
|-------------|-------------|-------------|-------------|
|-------------------------------------------------------|

Current time: 2024-11-20 09:02:35
MCMC time 12 mins 

USED COMPONENTS: 54 OF 74 

rel. MC standard error: 0.0146 to 0.0659
eff. sample size: 230 to 4670
needed thinning: 2 to 25
Diagnostics time 0.17 secs 

Total number of iterations 3795 - required further 194 

Chain # 14 - chunk 3 (chain 1 of 1 for this core): increasing by 195 

Iterations: 195 
|-------------|-------------|-------------|-------------|
|-------------------------------------------------------|

Current time: 2024-11-20 09:03:10
MCMC time 12 mins 

USED COMPONENTS: 54 OF 74 

rel. MC standard error: 0.0151 to 0.0668
eff. sample size: 224 to 4410
needed thinning: 2 to 27
Diagnostics time 0.17 secs 

Total number of iterations 3990 - required further 210 

Chain # 14 - chunk 4 (chain 1 of 1 for this core): increasing by 211 

Iterations: 211 
|-------------|-------------|-------------|-------------|
|-------------------------------------------------------|

Current time: 2024-11-20 09:03:48
MCMC time 13 mins 

USED COMPONENTS: 53 OF 74 

rel. MC standard error: 0.0144 to 0.0631
eff. sample size: 251 to 4830
needed thinning: 2 to 26
Diagnostics time 0.18 secs 

Total number of iterations 4201 - required further 202 

Chain # 14 - chunk 5 (chain 1 of 1 for this core): increasing by 203 

Iterations: 203 
|-------------|-------------|-------------|-------------|
|-------------------------------------------------------|

Current time: 2024-11-20 09:04:25
MCMC time 13 mins 

USED COMPONENTS: 53 OF 74 

rel. MC standard error: 0.0145 to 0.0614
eff. sample size: 266 to 4730
needed thinning: 2 to 25
Diagnostics time 0.12 secs 

Total number of iterations 4404 - required further 194 

Chain # 14 - chunk 6 (chain 1 of 1 for this core): increasing by 195 

Iterations: 195 
|-------------|-------------|-------------|-------------|
|-------------------------------------------------------|

Current time: 2024-11-20 09:04:59
MCMC time 14 mins 

USED COMPONENTS: 53 OF 74 

rel. MC standard error: 0.0139 to 0.0598
eff. sample size: 279 to 5190
needed thinning: 2 to 25
Diagnostics time 0.12 secs 

Total number of iterations 4599 - required further 194 

Chain # 14 - chunk 7 (chain 1 of 1 for this core): increasing by 195 

Iterations: 195 
|-------------|-------------|-------------|-------------|
|-------------------------------------------------------|

Current time: 2024-11-20 09:05:34
MCMC time 15 mins 

USED COMPONENTS: 54 OF 74 

rel. MC standard error: 0.0133 to 0.0585
eff. sample size: 293 to 5660
needed thinning: 2 to 25
Diagnostics time 0.11 secs 

Total number of iterations 4794 - required further 194 

Chain # 14 - chunk 8 (chain 1 of 1 for this core): increasing by 195 

Iterations: 195 
|-------------|-------------|-------------|-------------|
|-------------------------------------------------------|

Current time: 2024-11-20 09:06:10
MCMC time 15 mins 

USED COMPONENTS: 54 OF 74 

rel. MC standard error: 0.0134 to 0.0558
eff. sample size: 321 to 5600
needed thinning: 2 to 24
Diagnostics time 0.79 secs 

Total number of iterations 4989 - required further 186 

Chain # 14 - chunk 9 (chain 1 of 1 for this core): increasing by 187 

Iterations: 187 
|-------------|-------------|-------------|-------------|
|-------------------------------------------------------|

Current time: 2024-11-20 09:06:44
MCMC time 16 mins 

USED COMPONENTS: 54 OF 74 

rel. MC standard error: 0.0128 to 0.0535
eff. sample size: 349 to 6120
needed thinning: 2 to 23
Diagnostics time 0.12 secs 

Total number of iterations 5176 - required further 179 

Chain # 14 - chunk 10 (chain 1 of 1 for this core): increasing by 180 

Iterations: 180 
|-------------|-------------|-------------|-------------|
|-------------------------------------------------------|

Current time: 2024-11-20 09:07:17
MCMC time 16 mins 

USED COMPONENTS: 54 OF 74 

rel. MC standard error: 0.0132 to 0.0519
eff. sample size: 372 to 5770
needed thinning: 2 to 22
Diagnostics time 0.16 secs 

Total number of iterations 5356 - required further 171 

Chain # 14 - chunk 11 (chain 1 of 1 for this core): increasing by 172 

Iterations: 172 
|-------------|-------------|-------------|-------------|
|-------------------------------------------------------|

Current time: 2024-11-20 09:07:48
MCMC time 17 mins 

USED COMPONENTS: 54 OF 74 

rel. MC standard error: 0.0129 to 0.0509
eff. sample size: 386 to 5990
needed thinning: 2 to 22
Diagnostics time 0.11 secs 

Total number of iterations 5528 - required further 171 

Chain # 14 - chunk 12 (chain 1 of 1 for this core): increasing by 172 

Iterations: 172 
|-------------|-------------|-------------|-------------|
|-------------------------------------------------------|

Current time: 2024-11-20 09:08:18
MCMC time 17 mins 

USED COMPONENTS: 54 OF 74 

rel. MC standard error: 0.0122 to 0.0495
eff. sample size: 409 to 6740
needed thinning: 2 to 21
Diagnostics time 0.11 secs 

Total number of iterations 5700 - required further 0 

Keeping last 60 samples with thinning 21 

Plotting traces and samples.

Current time: 2024-11-20 09:08:19
MCMC + diagnostics time 17 mins 

Current time: 2024-11-20 09:08:19
Total time 17 mins 
loaded inferno and set parent environment
loaded inferno and set parent environment
loaded inferno and set parent environment
loaded inferno and set parent environment
