Log core 9 - Current time: 2024-11-20 08:46:14
Defining model
Building model
Setting data and initial values
Running calculate on model
  [Note] Any error reports that follow may simply reflect missing values in model variables.
Checking model sizes and dimensions
Compiling
  [Note] This may take a minute.
  [Note] Use 'showCompilerOutput = TRUE' to see C++ compilation details.
===== Monitors =====
thin = 1: Bprob, Rmean, Rvar, W
thin2 = 1: K
===== Samplers =====
conjugate sampler (519)
  - Rmean[]  (148 elements)
  - Rrate[]  (148 elements)
  - Bprob[]  (74 elements)
  - Rvar[]  (148 elements)
  - W[1:74] 
categorical sampler (2101)
  - Alpha
  - K[]  (2100 elements)
===== Monitors =====
thin = 1: Bprob, Rmean, Rvar, W
thin2 = 1: K
===== Samplers =====
slice sampler (2101)
  - Alpha
  - K[]  (2100 elements)
conjugate sampler (519)
  - Rmean[]  (148 elements)
  - Rrate[]  (148 elements)
  - Bprob[]  (74 elements)
  - Rvar[]  (148 elements)
  - W[1:74] 
Compiling
  [Note] This may take a minute.
  [Note] Use 'showCompilerOutput = TRUE' to see C++ compilation details.

Setup time 4.7 mins 

Chain # 9 (chain 1 of 1 for this core)

Datapoints for testing convergence:
 #6 #115 #143 #148 #255 #270 #276 #385 #405 #496 #796 #903 #1409 #1419 #1427 #1451 #1719 #1927 #2000 #2051 

Iterations: 3600 
|-------------|-------------|-------------|-------------|
|-------------------------------------------------------|

Current time: 2024-11-20 09:01:42
MCMC time 11 mins 

USED COMPONENTS: 58 OF 74 

rel. MC standard error: 0.0168 to 0.0675
eff. sample size: 219 to 3550
needed thinning: 2 to 25
Diagnostics time 1.7 secs 

Total number of iterations 3600 - required further 194 

Chain # 9 - chunk 2 (chain 1 of 1 for this core): increasing by 195 

Iterations: 195 
|-------------|-------------|-------------|-------------|
|-------------------------------------------------------|

Current time: 2024-11-20 09:02:19
MCMC time 11 mins 

USED COMPONENTS: 59 OF 74 

rel. MC standard error: 0.0148 to 0.0681
eff. sample size: 216 to 4540
needed thinning: 2 to 27
Diagnostics time 0.15 secs 

Total number of iterations 3795 - required further 210 

Chain # 9 - chunk 3 (chain 1 of 1 for this core): increasing by 211 

Iterations: 211 
|-------------|-------------|-------------|-------------|
|-------------------------------------------------------|

Current time: 2024-11-20 09:02:56
MCMC time 12 mins 

USED COMPONENTS: 58 OF 74 

rel. MC standard error: 0.0149 to 0.0682
eff. sample size: 215 to 4510
needed thinning: 2 to 28
Diagnostics time 0.17 secs 

Total number of iterations 4006 - required further 217 

Chain # 9 - chunk 4 (chain 1 of 1 for this core): increasing by 218 

Iterations: 218 
|-------------|-------------|-------------|-------------|
|-------------------------------------------------------|

Current time: 2024-11-20 09:03:36
MCMC time 13 mins 

USED COMPONENTS: 58 OF 74 

rel. MC standard error: 0.0133 to 0.0685
eff. sample size: 213 to 5640
needed thinning: 2 to 30
Diagnostics time 0.18 secs 

Total number of iterations 4224 - required further 233 

Chain # 9 - chunk 5 (chain 1 of 1 for this core): increasing by 234 

Iterations: 234 
|-------------|-------------|-------------|-------------|
|-------------------------------------------------------|

Current time: 2024-11-20 09:04:18
MCMC time 13 mins 

USED COMPONENTS: 58 OF 74 

rel. MC standard error: 0.0131 to 0.0675
eff. sample size: 219 to 5830
needed thinning: 2 to 31
Diagnostics time 0.14 secs 

Total number of iterations 4458 - required further 241 

Chain # 9 - chunk 6 (chain 1 of 1 for this core): increasing by 242 

Iterations: 242 
|-------------|-------------|-------------|-------------|
|-------------------------------------------------------|

Current time: 2024-11-20 09:05:01
MCMC time 14 mins 

USED COMPONENTS: 57 OF 74 

rel. MC standard error: 0.013 to 0.0666
eff. sample size: 226 to 5920
needed thinning: 2 to 32
Diagnostics time 0.33 secs 

Total number of iterations 4700 - required further 248 

Chain # 9 - chunk 7 (chain 1 of 1 for this core): increasing by 249 

Iterations: 249 
|-------------|-------------|-------------|-------------|
|-------------------------------------------------------|

Current time: 2024-11-20 09:05:47
MCMC time 15 mins 

USED COMPONENTS: 57 OF 74 

rel. MC standard error: 0.0127 to 0.0665
eff. sample size: 226 to 6160
needed thinning: 2 to 33
Diagnostics time 0.84 secs 

Total number of iterations 4949 - required further 256 

Chain # 9 - chunk 8 (chain 1 of 1 for this core): increasing by 257 

Iterations: 257 
|-------------|-------------|-------------|-------------|
|-------------------------------------------------------|

Current time: 2024-11-20 09:06:34
MCMC time 16 mins 

USED COMPONENTS: 57 OF 74 

rel. MC standard error: 0.0126 to 0.0657
eff. sample size: 232 to 6270
needed thinning: 2 to 34
Diagnostics time 0.22 secs 

Total number of iterations 5206 - required further 264 

Chain # 9 - chunk 9 (chain 1 of 1 for this core): increasing by 265 

Iterations: 265 
|-------------|-------------|-------------|-------------|
|-------------------------------------------------------|

Current time: 2024-11-20 09:07:21
MCMC time 16 mins 

USED COMPONENTS: 56 OF 74 

rel. MC standard error: 0.0124 to 0.0641
eff. sample size: 244 to 6550
needed thinning: 2 to 34
Diagnostics time 0.19 secs 

Total number of iterations 5471 - required further 264 

Chain # 9 - chunk 10 (chain 1 of 1 for this core): increasing by 265 

Iterations: 265 
|-------------|-------------|-------------|-------------|
|-------------------------------------------------------|

Current time: 2024-11-20 09:08:09
MCMC time 17 mins 

USED COMPONENTS: 58 OF 74 

rel. MC standard error: 0.0128 to 0.0636
eff. sample size: 247 to 6080
needed thinning: 2 to 35
Diagnostics time 0.18 secs 

Total number of iterations 5736 - required further 272 

Chain # 9 - chunk 11 (chain 1 of 1 for this core): increasing by 273 

Iterations: 273 
|-------------|-------------|-------------|-------------|
|-------------------------------------------------------|

Current time: 2024-11-20 09:08:57
MCMC time 18 mins 

USED COMPONENTS: 57 OF 74 

rel. MC standard error: 0.0113 to 0.0627
eff. sample size: 255 to 7770
needed thinning: 2 to 36
Diagnostics time 0.19 secs 

Total number of iterations 6009 - required further 279 

Chain # 9 - chunk 12 (chain 1 of 1 for this core): increasing by 280 

Iterations: 280 
|-------------|-------------|-------------|-------------|
|-------------------------------------------------------|

Current time: 2024-11-20 09:09:47
MCMC time 19 mins 

USED COMPONENTS: 56 OF 74 

rel. MC standard error: 0.0124 to 0.0619
eff. sample size: 261 to 6500
needed thinning: 2 to 37
Diagnostics time 0.25 secs 

Total number of iterations 6289 - required further 287 

Chain # 9 - chunk 13 (chain 1 of 1 for this core): increasing by 288 

Iterations: 288 
|-------------|-------------|-------------|-------------|
|-------------------------------------------------------|

Current time: 2024-11-20 09:10:38
MCMC time 20 mins 

USED COMPONENTS: 56 OF 74 

rel. MC standard error: 0.0121 to 0.0613
eff. sample size: 266 to 6890
needed thinning: 2 to 38
Diagnostics time 0.2 secs 

Total number of iterations 6577 - required further 295 

Chain # 9 - chunk 14 (chain 1 of 1 for this core): increasing by 296 

Iterations: 296 
|-------------|-------------|-------------|-------------|
|-------------------------------------------------------|

Current time: 2024-11-20 09:11:30
MCMC time 21 mins 

USED COMPONENTS: 56 OF 74 

rel. MC standard error: 0.0107 to 0.0597
eff. sample size: 280 to 8700
needed thinning: 2 to 37
Diagnostics time 0.2 secs 

Total number of iterations 6873 - required further 287 

Chain # 9 - chunk 15 (chain 1 of 1 for this core): increasing by 288 

Iterations: 288 
|-------------|-------------|-------------|-------------|
|-------------------------------------------------------|

Current time: 2024-11-20 09:12:21
MCMC time 21 mins 

USED COMPONENTS: 58 OF 74 

rel. MC standard error: 0.0101 to 0.0585
eff. sample size: 292 to 9740
needed thinning: 2 to 37
Diagnostics time 0.17 secs 

Total number of iterations 7161 - required further 287 

Chain # 9 - chunk 16 (chain 1 of 1 for this core): increasing by 288 

Iterations: 288 
|-------------|-------------|-------------|-------------|
|-------------------------------------------------------|

Current time: 2024-11-20 09:13:11
MCMC time 22 mins 

USED COMPONENTS: 57 OF 74 

rel. MC standard error: 0.0107 to 0.0579
eff. sample size: 298 to 8750
needed thinning: 2 to 38
Diagnostics time 0.19 secs 

Total number of iterations 7449 - required further 295 

Chain # 9 - chunk 17 (chain 1 of 1 for this core): increasing by 296 

Iterations: 296 
|-------------|-------------|-------------|-------------|
|-------------------------------------------------------|

Current time: 2024-11-20 09:14:04
MCMC time 23 mins 

USED COMPONENTS: 57 OF 74 

rel. MC standard error: 0.0106 to 0.0571
eff. sample size: 307 to 8850
needed thinning: 2 to 38
Diagnostics time 0.2 secs 

Total number of iterations 7745 - required further 295 

Chain # 9 - chunk 18 (chain 1 of 1 for this core): increasing by 296 

Iterations: 296 
|-------------|-------------|-------------|-------------|
|-------------------------------------------------------|

Current time: 2024-11-20 09:14:56
MCMC time 24 mins 

USED COMPONENTS: 57 OF 74 

rel. MC standard error: 0.0106 to 0.0564
eff. sample size: 315 to 8900
needed thinning: 2 to 39
Diagnostics time 0.2 secs 

Total number of iterations 8041 - required further 303 

Chain # 9 - chunk 19 (chain 1 of 1 for this core): increasing by 304 

Iterations: 304 
|-------------|-------------|-------------|-------------|
|-------------------------------------------------------|

Current time: 2024-11-20 09:15:50
MCMC time 25 mins 

USED COMPONENTS: 56 OF 74 

rel. MC standard error: 0.0106 to 0.0558
eff. sample size: 321 to 8830
needed thinning: 2 to 40
Diagnostics time 0.26 secs 

Total number of iterations 8345 - required further 310 

Chain # 9 - chunk 20 (chain 1 of 1 for this core): increasing by 311 

Iterations: 311 
|-------------|-------------|-------------|-------------|
|-------------------------------------------------------|

Current time: 2024-11-20 09:16:44
MCMC time 26 mins 

USED COMPONENTS: 57 OF 74 

rel. MC standard error: 0.0105 to 0.0546
eff. sample size: 335 to 9040
needed thinning: 2 to 39
Diagnostics time 0.21 secs 

Total number of iterations 8656 - required further 303 

Chain # 9 - chunk 21 (chain 1 of 1 for this core): increasing by 304 

Iterations: 304 
|-------------|-------------|-------------|-------------|
|-------------------------------------------------------|

Current time: 2024-11-20 09:17:38
MCMC time 27 mins 

USED COMPONENTS: 57 OF 74 

rel. MC standard error: 0.00937 to 0.054
eff. sample size: 343 to 11400
needed thinning: 2 to 40
Diagnostics time 0.22 secs 

Total number of iterations 8960 - required further 310 

Chain # 9 - chunk 22 (chain 1 of 1 for this core): increasing by 311 

Iterations: 311 
|-------------|-------------|-------------|-------------|
|-------------------------------------------------------|

Current time: 2024-11-20 09:18:33
MCMC time 28 mins 

USED COMPONENTS: 58 OF 74 

rel. MC standard error: 0.00972 to 0.0531
eff. sample size: 354 to 10600
needed thinning: 2 to 40
Diagnostics time 0.21 secs 

Total number of iterations 9271 - required further 310 

Chain # 9 - chunk 23 (chain 1 of 1 for this core): increasing by 311 

Iterations: 311 
|-------------|-------------|-------------|-------------|
|-------------------------------------------------------|

Current time: 2024-11-20 09:19:27
MCMC time 28 mins 

USED COMPONENTS: 57 OF 74 

rel. MC standard error: 0.0102 to 0.0523
eff. sample size: 366 to 9610
needed thinning: 2 to 40
Diagnostics time 0.22 secs 

Total number of iterations 9582 - required further 310 

Chain # 9 - chunk 24 (chain 1 of 1 for this core): increasing by 311 

Iterations: 311 
|-------------|-------------|-------------|-------------|
|-------------------------------------------------------|

Current time: 2024-11-20 09:20:22
MCMC time 29 mins 

USED COMPONENTS: 56 OF 74 

rel. MC standard error: 0.00978 to 0.0515
eff. sample size: 377 to 10500
needed thinning: 2 to 40
Diagnostics time 0.27 secs 

Total number of iterations 9893 - required further 310 

Chain # 9 - chunk 25 (chain 1 of 1 for this core): increasing by 311 

Iterations: 311 
|-------------|-------------|-------------|-------------|
|-------------------------------------------------------|

Current time: 2024-11-20 09:21:16
MCMC time 30 mins 

USED COMPONENTS: 57 OF 74 

rel. MC standard error: 0.00962 to 0.0507
eff. sample size: 388 to 10800
needed thinning: 2 to 40
Diagnostics time 0.19 secs 

Total number of iterations 10204 - required further 310 

Chain # 9 - chunk 26 (chain 1 of 1 for this core): increasing by 311 

Iterations: 311 
|-------------|-------------|-------------|-------------|
|-------------------------------------------------------|

Current time: 2024-11-20 09:22:11
MCMC time 31 mins 

USED COMPONENTS: 57 OF 74 

rel. MC standard error: 0.0093 to 0.0501
eff. sample size: 398 to 11600
needed thinning: 2 to 40
Diagnostics time 0.8 secs 

Total number of iterations 10515 - required further 310 

Chain # 9 - chunk 27 (chain 1 of 1 for this core): increasing by 311 

Iterations: 311 
|-------------|-------------|-------------|-------------|
|-------------------------------------------------------|

Current time: 2024-11-20 09:23:06
MCMC time 32 mins 

USED COMPONENTS: 58 OF 74 

rel. MC standard error: 0.00901 to 0.0492
eff. sample size: 414 to 12300
needed thinning: 2 to 40
Diagnostics time 0.21 secs 

Total number of iterations 10826 - required further 0 

Keeping last 60 samples with thinning 40 

Plotting traces and samples.

Current time: 2024-11-20 09:23:07
MCMC + diagnostics time 32 mins 

Current time: 2024-11-20 09:23:07
Total time 32 mins 
loaded inferno and set parent environment
loaded inferno and set parent environment
loaded inferno and set parent environment
loaded inferno and set parent environment
