Log core 18 - Current time: 2024-11-20 08:46:14
Defining model
Building model
Setting data and initial values
Running calculate on model
  [Note] Any error reports that follow may simply reflect missing values in model variables.
Checking model sizes and dimensions
Compiling
  [Note] This may take a minute.
  [Note] Use 'showCompilerOutput = TRUE' to see C++ compilation details.
===== Monitors =====
thin = 1: Bprob, Rmean, Rvar, W
thin2 = 1: K
===== Samplers =====
conjugate sampler (519)
  - Rmean[]  (148 elements)
  - Rrate[]  (148 elements)
  - Bprob[]  (74 elements)
  - Rvar[]  (148 elements)
  - W[1:74] 
categorical sampler (2101)
  - Alpha
  - K[]  (2100 elements)
===== Monitors =====
thin = 1: Bprob, Rmean, Rvar, W
thin2 = 1: K
===== Samplers =====
slice sampler (2101)
  - Alpha
  - K[]  (2100 elements)
conjugate sampler (519)
  - Rmean[]  (148 elements)
  - Rrate[]  (148 elements)
  - Bprob[]  (74 elements)
  - Rvar[]  (148 elements)
  - W[1:74] 
Compiling
  [Note] This may take a minute.
  [Note] Use 'showCompilerOutput = TRUE' to see C++ compilation details.

Setup time 4.7 mins 

Chain # 18 (chain 1 of 1 for this core)

Datapoints for testing convergence:
 #63 #105 #109 #206 #296 #384 #464 #469 #751 #845 #879 #1024 #1118 #1130 #1209 #1267 #1315 #1361 #1709 #2083 

Iterations: 3600 
|-------------|-------------|-------------|-------------|
|-------------------------------------------------------|

Current time: 2024-11-20 09:01:42
MCMC time 11 mins 

USED COMPONENTS: 59 OF 74 

rel. MC standard error: 0.0148 to 0.0792
eff. sample size: 159 to 4540
needed thinning: 2 to 34
Diagnostics time 1.7 secs 

Total number of iterations 3600 - required further 264 

Chain # 18 - chunk 2 (chain 1 of 1 for this core): increasing by 265 

Iterations: 265 
|-------------|-------------|-------------|-------------|
|-------------------------------------------------------|

Current time: 2024-11-20 09:02:32
MCMC time 12 mins 

USED COMPONENTS: 58 OF 74 

rel. MC standard error: 0.0147 to 0.0772
eff. sample size: 168 to 4650
needed thinning: 2 to 35
Diagnostics time 0.19 secs 

Total number of iterations 3865 - required further 272 

Chain # 18 - chunk 3 (chain 1 of 1 for this core): increasing by 273 

Iterations: 273 
|-------------|-------------|-------------|-------------|
|-------------------------------------------------------|

Current time: 2024-11-20 09:03:21
MCMC time 12 mins 

USED COMPONENTS: 58 OF 74 

rel. MC standard error: 0.0144 to 0.0751
eff. sample size: 178 to 4840
needed thinning: 2 to 35
Diagnostics time 0.2 secs 

Total number of iterations 4138 - required further 272 

Chain # 18 - chunk 4 (chain 1 of 1 for this core): increasing by 273 

Iterations: 273 
|-------------|-------------|-------------|-------------|
|-------------------------------------------------------|

Current time: 2024-11-20 09:04:12
MCMC time 13 mins 

USED COMPONENTS: 57 OF 74 

rel. MC standard error: 0.0133 to 0.072
eff. sample size: 193 to 5660
needed thinning: 2 to 35
Diagnostics time 0.26 secs 

Total number of iterations 4411 - required further 272 

Chain # 18 - chunk 5 (chain 1 of 1 for this core): increasing by 273 

Iterations: 273 
|-------------|-------------|-------------|-------------|
|-------------------------------------------------------|

Current time: 2024-11-20 09:05:01
MCMC time 14 mins 

USED COMPONENTS: 57 OF 74 

rel. MC standard error: 0.0126 to 0.0703
eff. sample size: 202 to 6320
needed thinning: 2 to 35
Diagnostics time 0.2 secs 

Total number of iterations 4684 - required further 272 

Chain # 18 - chunk 6 (chain 1 of 1 for this core): increasing by 273 

Iterations: 273 
|-------------|-------------|-------------|-------------|
|-------------------------------------------------------|

Current time: 2024-11-20 09:05:50
MCMC time 15 mins 

USED COMPONENTS: 57 OF 74 

rel. MC standard error: 0.0115 to 0.0688
eff. sample size: 211 to 7600
needed thinning: 1 to 36
Diagnostics time 0.21 secs 

Total number of iterations 4957 - required further 279 

Chain # 18 - chunk 7 (chain 1 of 1 for this core): increasing by 280 

Iterations: 280 
|-------------|-------------|-------------|-------------|
|-------------------------------------------------------|

Current time: 2024-11-20 09:06:42
MCMC time 16 mins 

USED COMPONENTS: 57 OF 74 

rel. MC standard error: 0.0135 to 0.0675
eff. sample size: 219 to 5460
needed thinning: 2 to 36
Diagnostics time 0.17 secs 

Total number of iterations 5237 - required further 279 

Chain # 18 - chunk 8 (chain 1 of 1 for this core): increasing by 280 

Iterations: 280 
|-------------|-------------|-------------|-------------|
|-------------------------------------------------------|

Current time: 2024-11-20 09:07:32
MCMC time 17 mins 

USED COMPONENTS: 57 OF 74 

rel. MC standard error: 0.0116 to 0.0655
eff. sample size: 233 to 7390
needed thinning: 2 to 36
Diagnostics time 0.2 secs 

Total number of iterations 5517 - required further 279 

Chain # 18 - chunk 9 (chain 1 of 1 for this core): increasing by 280 

Iterations: 280 
|-------------|-------------|-------------|-------------|
|-------------------------------------------------------|

Current time: 2024-11-20 09:08:22
MCMC time 17 mins 

USED COMPONENTS: 58 OF 74 

rel. MC standard error: 0.0111 to 0.064
eff. sample size: 244 to 8090
needed thinning: 2 to 36
Diagnostics time 0.18 secs 

Total number of iterations 5797 - required further 279 

Chain # 18 - chunk 10 (chain 1 of 1 for this core): increasing by 280 

Iterations: 280 
|-------------|-------------|-------------|-------------|
|-------------------------------------------------------|

Current time: 2024-11-20 09:09:12
MCMC time 18 mins 

USED COMPONENTS: 57 OF 74 

rel. MC standard error: 0.0112 to 0.0613
eff. sample size: 266 to 7980
needed thinning: 2 to 35
Diagnostics time 0.18 secs 

Total number of iterations 6077 - required further 272 

Chain # 18 - chunk 11 (chain 1 of 1 for this core): increasing by 273 

Iterations: 273 
|-------------|-------------|-------------|-------------|
|-------------------------------------------------------|

Current time: 2024-11-20 09:10:00
MCMC time 19 mins 

USED COMPONENTS: 57 OF 74 

rel. MC standard error: 0.0114 to 0.0602
eff. sample size: 276 to 7630
needed thinning: 2 to 35
Diagnostics time 0.15 secs 

Total number of iterations 6350 - required further 272 

Chain # 18 - chunk 12 (chain 1 of 1 for this core): increasing by 273 

Iterations: 273 
|-------------|-------------|-------------|-------------|
|-------------------------------------------------------|

Current time: 2024-11-20 09:10:49
MCMC time 20 mins 

USED COMPONENTS: 58 OF 74 

rel. MC standard error: 0.0111 to 0.0585
eff. sample size: 293 to 8160
needed thinning: 2 to 34
Diagnostics time 0.19 secs 

Total number of iterations 6623 - required further 264 

Chain # 18 - chunk 13 (chain 1 of 1 for this core): increasing by 265 

Iterations: 265 
|-------------|-------------|-------------|-------------|
|-------------------------------------------------------|

Current time: 2024-11-20 09:11:36
MCMC time 21 mins 

USED COMPONENTS: 57 OF 74 

rel. MC standard error: 0.0108 to 0.0571
eff. sample size: 307 to 8580
needed thinning: 2 to 34
Diagnostics time 0.18 secs 

Total number of iterations 6888 - required further 264 

Chain # 18 - chunk 14 (chain 1 of 1 for this core): increasing by 265 

Iterations: 265 
|-------------|-------------|-------------|-------------|
|-------------------------------------------------------|

Current time: 2024-11-20 09:12:23
MCMC time 21 mins 

USED COMPONENTS: 57 OF 74 

rel. MC standard error: 0.01 to 0.0561
eff. sample size: 318 to 9920
needed thinning: 2 to 34
Diagnostics time 0.19 secs 

Total number of iterations 7153 - required further 264 

Chain # 18 - chunk 15 (chain 1 of 1 for this core): increasing by 265 

Iterations: 265 
|-------------|-------------|-------------|-------------|
|-------------------------------------------------------|

Current time: 2024-11-20 09:13:10
MCMC time 22 mins 

USED COMPONENTS: 58 OF 74 

rel. MC standard error: 0.0107 to 0.0549
eff. sample size: 332 to 8740
needed thinning: 2 to 34
Diagnostics time 0.23 secs 

Total number of iterations 7418 - required further 264 

Chain # 18 - chunk 16 (chain 1 of 1 for this core): increasing by 265 

Iterations: 265 
|-------------|-------------|-------------|-------------|
|-------------------------------------------------------|

Current time: 2024-11-20 09:13:56
MCMC time 23 mins 

USED COMPONENTS: 57 OF 74 

rel. MC standard error: 0.00874 to 0.0536
eff. sample size: 348 to 13100
needed thinning: 1 to 34
Diagnostics time 0.18 secs 

Total number of iterations 7683 - required further 264 

Chain # 18 - chunk 17 (chain 1 of 1 for this core): increasing by 265 

Iterations: 265 
|-------------|-------------|-------------|-------------|
|-------------------------------------------------------|

Current time: 2024-11-20 09:14:43
MCMC time 24 mins 

USED COMPONENTS: 55 OF 74 

rel. MC standard error: 0.0091 to 0.0528
eff. sample size: 359 to 12100
needed thinning: 1 to 34
Diagnostics time 0.21 secs 

Total number of iterations 7948 - required further 264 

Chain # 18 - chunk 18 (chain 1 of 1 for this core): increasing by 265 

Iterations: 265 
|-------------|-------------|-------------|-------------|
|-------------------------------------------------------|

Current time: 2024-11-20 09:15:30
MCMC time 25 mins 

USED COMPONENTS: 57 OF 74 

rel. MC standard error: 0.0101 to 0.0514
eff. sample size: 379 to 9800
needed thinning: 2 to 33
Diagnostics time 0.17 secs 

Total number of iterations 8213 - required further 256 

Chain # 18 - chunk 19 (chain 1 of 1 for this core): increasing by 257 

Iterations: 257 
|-------------|-------------|-------------|-------------|
|-------------------------------------------------------|

Current time: 2024-11-20 09:16:16
MCMC time 25 mins 

USED COMPONENTS: 58 OF 74 

rel. MC standard error: 0.0107 to 0.0507
eff. sample size: 390 to 8690
needed thinning: 2 to 33
Diagnostics time 0.18 secs 

Total number of iterations 8470 - required further 256 

Chain # 18 - chunk 20 (chain 1 of 1 for this core): increasing by 257 

Iterations: 257 
|-------------|-------------|-------------|-------------|
|-------------------------------------------------------|

Current time: 2024-11-20 09:17:01
MCMC time 26 mins 

USED COMPONENTS: 57 OF 74 

rel. MC standard error: 0.00936 to 0.0498
eff. sample size: 403 to 11400
needed thinning: 2 to 33
Diagnostics time 0.17 secs 

Total number of iterations 8727 - required further 0 

Keeping last 60 samples with thinning 33 

Plotting traces and samples.

Current time: 2024-11-20 09:17:02
MCMC + diagnostics time 26 mins 

Current time: 2024-11-20 09:17:02
Total time 26 mins 
loaded inferno and set parent environment
loaded inferno and set parent environment
loaded inferno and set parent environment
loaded inferno and set parent environment
