Log core 17 - Current time: 2024-11-20 08:46:14
Defining model
Building model
Setting data and initial values
Running calculate on model
  [Note] Any error reports that follow may simply reflect missing values in model variables.
Checking model sizes and dimensions
Compiling
  [Note] This may take a minute.
  [Note] Use 'showCompilerOutput = TRUE' to see C++ compilation details.
===== Monitors =====
thin = 1: Bprob, Rmean, Rvar, W
thin2 = 1: K
===== Samplers =====
conjugate sampler (519)
  - Rmean[]  (148 elements)
  - Rrate[]  (148 elements)
  - Bprob[]  (74 elements)
  - Rvar[]  (148 elements)
  - W[1:74] 
categorical sampler (2101)
  - Alpha
  - K[]  (2100 elements)
===== Monitors =====
thin = 1: Bprob, Rmean, Rvar, W
thin2 = 1: K
===== Samplers =====
slice sampler (2101)
  - Alpha
  - K[]  (2100 elements)
conjugate sampler (519)
  - Rmean[]  (148 elements)
  - Rrate[]  (148 elements)
  - Bprob[]  (74 elements)
  - Rvar[]  (148 elements)
  - W[1:74] 
Compiling
  [Note] This may take a minute.
  [Note] Use 'showCompilerOutput = TRUE' to see C++ compilation details.

Setup time 4.8 mins 

Chain # 17 (chain 1 of 1 for this core)

Datapoints for testing convergence:
 #8 #34 #163 #166 #322 #483 #484 #513 #527 #662 #714 #784 #986 #1227 #1259 #1470 #1827 #1980 #2008 #2088 

Iterations: 3600 
|-------------|-------------|-------------|-------------|
|-------------------------------------------------------|

Current time: 2024-11-20 09:01:52
MCMC time 11 mins 

USED COMPONENTS: 57 OF 74 

rel. MC standard error: 0.0176 to 0.0544
eff. sample size: 338 to 3240
needed thinning: 2 to 16
Diagnostics time 1.7 secs 

Total number of iterations 3600 - required further 124 

Chain # 17 - chunk 2 (chain 1 of 1 for this core): increasing by 125 

Iterations: 125 
|-------------|-------------|-------------|-------------|
|-------------------------------------------------------|

Current time: 2024-11-20 09:02:17
MCMC time 11 mins 

USED COMPONENTS: 55 OF 74 

rel. MC standard error: 0.0162 to 0.0549
eff. sample size: 332 to 3820
needed thinning: 2 to 17
Diagnostics time 0.12 secs 

Total number of iterations 3725 - required further 132 

Chain # 17 - chunk 3 (chain 1 of 1 for this core): increasing by 133 

Iterations: 133 
|-------------|-------------|-------------|-------------|
|-------------------------------------------------------|

Current time: 2024-11-20 09:02:41
MCMC time 12 mins 

USED COMPONENTS: 56 OF 74 

rel. MC standard error: 0.0171 to 0.0559
eff. sample size: 320 to 3400
needed thinning: 2 to 19
Diagnostics time 0.092 secs 

Total number of iterations 3858 - required further 148 

Chain # 17 - chunk 4 (chain 1 of 1 for this core): increasing by 149 

Iterations: 149 
|-------------|-------------|-------------|-------------|
|-------------------------------------------------------|

Current time: 2024-11-20 09:03:08
MCMC time 12 mins 

USED COMPONENTS: 56 OF 74 

rel. MC standard error: 0.0148 to 0.0554
eff. sample size: 325 to 4550
needed thinning: 2 to 19
Diagnostics time 0.1 secs 

Total number of iterations 4007 - required further 148 

Chain # 17 - chunk 5 (chain 1 of 1 for this core): increasing by 149 

Iterations: 149 
|-------------|-------------|-------------|-------------|
|-------------------------------------------------------|

Current time: 2024-11-20 09:03:35
MCMC time 13 mins 

USED COMPONENTS: 55 OF 74 

rel. MC standard error: 0.0136 to 0.0549
eff. sample size: 332 to 5370
needed thinning: 2 to 19
Diagnostics time 0.14 secs 

Total number of iterations 4156 - required further 148 

Chain # 17 - chunk 6 (chain 1 of 1 for this core): increasing by 149 

Iterations: 149 
|-------------|-------------|-------------|-------------|
|-------------------------------------------------------|

Current time: 2024-11-20 09:04:02
MCMC time 13 mins 

USED COMPONENTS: 56 OF 74 

rel. MC standard error: 0.0154 to 0.0552
eff. sample size: 328 to 4210
needed thinning: 2 to 20
Diagnostics time 0.14 secs 

Total number of iterations 4305 - required further 155 

Chain # 17 - chunk 7 (chain 1 of 1 for this core): increasing by 156 

Iterations: 156 
|-------------|-------------|-------------|-------------|
|-------------------------------------------------------|

Current time: 2024-11-20 09:04:30
MCMC time 13 mins 

USED COMPONENTS: 55 OF 74 

rel. MC standard error: 0.0151 to 0.054
eff. sample size: 343 to 4410
needed thinning: 2 to 20
Diagnostics time 0.19 secs 

Total number of iterations 4461 - required further 155 

Chain # 17 - chunk 8 (chain 1 of 1 for this core): increasing by 156 

Iterations: 156 
|-------------|-------------|-------------|-------------|
|-------------------------------------------------------|

Current time: 2024-11-20 09:04:58
MCMC time 14 mins 

USED COMPONENTS: 56 OF 74 

rel. MC standard error: 0.0162 to 0.0533
eff. sample size: 351 to 3820
needed thinning: 2 to 20
Diagnostics time 0.15 secs 

Total number of iterations 4617 - required further 155 

Chain # 17 - chunk 9 (chain 1 of 1 for this core): increasing by 156 

Iterations: 156 
|-------------|-------------|-------------|-------------|
|-------------------------------------------------------|

Current time: 2024-11-20 09:05:26
MCMC time 14 mins 

USED COMPONENTS: 55 OF 74 

rel. MC standard error: 0.0155 to 0.0564
eff. sample size: 314 to 4160
needed thinning: 2 to 23
Diagnostics time 0.1 secs 

Total number of iterations 4773 - required further 179 

Chain # 17 - chunk 10 (chain 1 of 1 for this core): increasing by 180 

Iterations: 180 
|-------------|-------------|-------------|-------------|
|-------------------------------------------------------|

Current time: 2024-11-20 09:05:59
MCMC time 15 mins 

USED COMPONENTS: 55 OF 74 

rel. MC standard error: 0.0165 to 0.0565
eff. sample size: 313 to 3690
needed thinning: 3 to 24
Diagnostics time 0.16 secs 

Total number of iterations 4953 - required further 186 

Chain # 17 - chunk 11 (chain 1 of 1 for this core): increasing by 187 

Iterations: 187 
|-------------|-------------|-------------|-------------|
|-------------------------------------------------------|

Current time: 2024-11-20 09:06:33
MCMC time 16 mins 

USED COMPONENTS: 54 OF 74 

rel. MC standard error: 0.0126 to 0.0552
eff. sample size: 328 to 6290
needed thinning: 2 to 24
Diagnostics time 0.14 secs 

Total number of iterations 5140 - required further 186 

Chain # 17 - chunk 12 (chain 1 of 1 for this core): increasing by 187 

Iterations: 187 
|-------------|-------------|-------------|-------------|
|-------------------------------------------------------|

Current time: 2024-11-20 09:07:07
MCMC time 16 mins 

USED COMPONENTS: 55 OF 74 

rel. MC standard error: 0.0147 to 0.0549
eff. sample size: 332 to 4650
needed thinning: 2 to 25
Diagnostics time 0.15 secs 

Total number of iterations 5327 - required further 194 

Chain # 17 - chunk 13 (chain 1 of 1 for this core): increasing by 195 

Iterations: 195 
|-------------|-------------|-------------|-------------|
|-------------------------------------------------------|

Current time: 2024-11-20 09:07:42
MCMC time 17 mins 

USED COMPONENTS: 55 OF 74 

rel. MC standard error: 0.0152 to 0.0533
eff. sample size: 351 to 4350
needed thinning: 2 to 24
Diagnostics time 0.12 secs 

Total number of iterations 5522 - required further 186 

Chain # 17 - chunk 14 (chain 1 of 1 for this core): increasing by 187 

Iterations: 187 
|-------------|-------------|-------------|-------------|
|-------------------------------------------------------|

Current time: 2024-11-20 09:08:16
MCMC time 17 mins 

USED COMPONENTS: 57 OF 74 

rel. MC standard error: 0.0142 to 0.0532
eff. sample size: 353 to 4970
needed thinning: 2 to 25
Diagnostics time 0.16 secs 

Total number of iterations 5709 - required further 194 

Chain # 17 - chunk 15 (chain 1 of 1 for this core): increasing by 195 

Iterations: 195 
|-------------|-------------|-------------|-------------|
|-------------------------------------------------------|

Current time: 2024-11-20 09:08:51
MCMC time 18 mins 

USED COMPONENTS: 56 OF 74 

rel. MC standard error: 0.0137 to 0.0541
eff. sample size: 341 to 5350
needed thinning: 2 to 26
Diagnostics time 0.12 secs 

Total number of iterations 5904 - required further 202 

Chain # 17 - chunk 16 (chain 1 of 1 for this core): increasing by 203 

Iterations: 203 
|-------------|-------------|-------------|-------------|
|-------------------------------------------------------|

Current time: 2024-11-20 09:09:27
MCMC time 18 mins 

USED COMPONENTS: 55 OF 74 

rel. MC standard error: 0.013 to 0.0511
eff. sample size: 383 to 5910
needed thinning: 2 to 24
Diagnostics time 0.16 secs 

Total number of iterations 6107 - required further 186 

Chain # 17 - chunk 17 (chain 1 of 1 for this core): increasing by 187 

Iterations: 187 
|-------------|-------------|-------------|-------------|
|-------------------------------------------------------|

Current time: 2024-11-20 09:10:00
MCMC time 19 mins 

USED COMPONENTS: 56 OF 74 

rel. MC standard error: 0.0137 to 0.051
eff. sample size: 384 to 5310
needed thinning: 2 to 25
Diagnostics time 0.16 secs 

Total number of iterations 6294 - required further 194 

Chain # 17 - chunk 18 (chain 1 of 1 for this core): increasing by 195 

Iterations: 195 
|-------------|-------------|-------------|-------------|
|-------------------------------------------------------|

Current time: 2024-11-20 09:10:35
MCMC time 20 mins 

USED COMPONENTS: 56 OF 74 

rel. MC standard error: 0.013 to 0.0503
eff. sample size: 395 to 5900
needed thinning: 2 to 25
Diagnostics time 0.14 secs 

Total number of iterations 6489 - required further 194 

Chain # 17 - chunk 19 (chain 1 of 1 for this core): increasing by 195 

Iterations: 195 
|-------------|-------------|-------------|-------------|
|-------------------------------------------------------|

Current time: 2024-11-20 09:11:10
MCMC time 20 mins 

USED COMPONENTS: 55 OF 74 

rel. MC standard error: 0.013 to 0.0509
eff. sample size: 385 to 5910
needed thinning: 2 to 27
Diagnostics time 0.16 secs 

Total number of iterations 6684 - required further 210 

Chain # 17 - chunk 20 (chain 1 of 1 for this core): increasing by 211 

Iterations: 211 
|-------------|-------------|-------------|-------------|
|-------------------------------------------------------|

Current time: 2024-11-20 09:11:47
MCMC time 21 mins 

USED COMPONENTS: 55 OF 74 

rel. MC standard error: 0.013 to 0.0502
eff. sample size: 397 to 5910
needed thinning: 2 to 27
Diagnostics time 0.14 secs 

Total number of iterations 6895 - required further 210 

Chain # 17 - chunk 21 (chain 1 of 1 for this core): increasing by 211 

Iterations: 211 
|-------------|-------------|-------------|-------------|
|-------------------------------------------------------|

Current time: 2024-11-20 09:12:25
MCMC time 21 mins 

USED COMPONENTS: 55 OF 74 

rel. MC standard error: 0.0128 to 0.0484
eff. sample size: 427 to 6100
needed thinning: 2 to 25
Diagnostics time 0.22 secs 

Total number of iterations 7106 - required further 0 

Keeping last 60 samples with thinning 25 

Plotting traces and samples.

Current time: 2024-11-20 09:12:25
MCMC + diagnostics time 21 mins 

Current time: 2024-11-20 09:12:25
Total time 21 mins 
loaded inferno and set parent environment
loaded inferno and set parent environment
loaded inferno and set parent environment
loaded inferno and set parent environment
