Log core 8 - Current time: 2024-11-20 08:46:14
Defining model
Building model
Setting data and initial values
Running calculate on model
  [Note] Any error reports that follow may simply reflect missing values in model variables.
Checking model sizes and dimensions
Compiling
  [Note] This may take a minute.
  [Note] Use 'showCompilerOutput = TRUE' to see C++ compilation details.
===== Monitors =====
thin = 1: Bprob, Rmean, Rvar, W
thin2 = 1: K
===== Samplers =====
conjugate sampler (519)
  - Rmean[]  (148 elements)
  - Rrate[]  (148 elements)
  - Bprob[]  (74 elements)
  - Rvar[]  (148 elements)
  - W[1:74] 
categorical sampler (2101)
  - Alpha
  - K[]  (2100 elements)
===== Monitors =====
thin = 1: Bprob, Rmean, Rvar, W
thin2 = 1: K
===== Samplers =====
slice sampler (2101)
  - Alpha
  - K[]  (2100 elements)
conjugate sampler (519)
  - Rmean[]  (148 elements)
  - Rrate[]  (148 elements)
  - Bprob[]  (74 elements)
  - Rvar[]  (148 elements)
  - W[1:74] 
Compiling
  [Note] This may take a minute.
  [Note] Use 'showCompilerOutput = TRUE' to see C++ compilation details.

Setup time 7.8 mins 

Chain # 8 (chain 1 of 1 for this core)

Datapoints for testing convergence:
 #79 #168 #225 #323 #783 #817 #829 #908 #957 #979 #1053 #1070 #1288 #1407 #1658 #1953 #1961 #2014 #2053 #2090 

Iterations: 3600 
|-------------|-------------|-------------|-------------|
|-------------------------------------------------------|

Current time: 2024-11-20 09:10:39
MCMC time 17 mins 

USED COMPONENTS: 58 OF 74 

rel. MC standard error: 0.0153 to 0.0855
eff. sample size: 137 to 4270
needed thinning: 2 to 40
Diagnostics time 3 secs 

Total number of iterations 3600 - required further 310 

Chain # 8 - chunk 2 (chain 1 of 1 for this core): increasing by 311 

Iterations: 311 
|-------------|-------------|-------------|-------------|
|-------------------------------------------------------|

Current time: 2024-11-20 09:12:11
MCMC time 18 mins 

USED COMPONENTS: 58 OF 74 

rel. MC standard error: 0.0148 to 0.0822
eff. sample size: 148 to 4540
needed thinning: 2 to 40
Diagnostics time 0.38 secs 

Total number of iterations 3911 - required further 310 

Chain # 8 - chunk 3 (chain 1 of 1 for this core): increasing by 311 

Iterations: 311 
|-------------|-------------|-------------|-------------|
|-------------------------------------------------------|

Current time: 2024-11-20 09:13:15
MCMC time 19 mins 

USED COMPONENTS: 58 OF 74 

rel. MC standard error: 0.014 to 0.0826
eff. sample size: 147 to 5090
needed thinning: 2 to 44
Diagnostics time 0.21 secs 

Total number of iterations 4222 - required further 341 

Chain # 8 - chunk 4 (chain 1 of 1 for this core): increasing by 342 

Iterations: 342 
|-------------|-------------|-------------|-------------|
|-------------------------------------------------------|

Current time: 2024-11-20 09:14:15
MCMC time 20 mins 

USED COMPONENTS: 57 OF 74 

rel. MC standard error: 0.0128 to 0.082
eff. sample size: 149 to 6140
needed thinning: 2 to 47
Diagnostics time 0.21 secs 

Total number of iterations 4564 - required further 365 

Chain # 8 - chunk 5 (chain 1 of 1 for this core): increasing by 366 

Iterations: 366 
|-------------|-------------|-------------|-------------|
|-------------------------------------------------------|

Current time: 2024-11-20 09:15:19
MCMC time 21 mins 

USED COMPONENTS: 59 OF 74 

rel. MC standard error: 0.0131 to 0.0776
eff. sample size: 166 to 5790
needed thinning: 2 to 45
Diagnostics time 0.19 secs 

Total number of iterations 4930 - required further 349 

Chain # 8 - chunk 6 (chain 1 of 1 for this core): increasing by 350 

Iterations: 350 
|-------------|-------------|-------------|-------------|
|-------------------------------------------------------|

Current time: 2024-11-20 09:16:20
MCMC time 22 mins 

USED COMPONENTS: 58 OF 74 

rel. MC standard error: 0.012 to 0.076
eff. sample size: 173 to 6910
needed thinning: 2 to 46
Diagnostics time 0.23 secs 

Total number of iterations 5280 - required further 357 

Chain # 8 - chunk 7 (chain 1 of 1 for this core): increasing by 358 

Iterations: 358 
|-------------|-------------|-------------|-------------|
|-------------------------------------------------------|

Current time: 2024-11-20 09:17:23
MCMC time 23 mins 

USED COMPONENTS: 58 OF 74 

rel. MC standard error: 0.0118 to 0.0722
eff. sample size: 192 to 7190
needed thinning: 2 to 45
Diagnostics time 0.23 secs 

Total number of iterations 5638 - required further 349 

Chain # 8 - chunk 8 (chain 1 of 1 for this core): increasing by 350 

Iterations: 350 
|-------------|-------------|-------------|-------------|
|-------------------------------------------------------|

Current time: 2024-11-20 09:18:24
MCMC time 24 mins 

USED COMPONENTS: 57 OF 74 

rel. MC standard error: 0.0117 to 0.0713
eff. sample size: 197 to 7360
needed thinning: 2 to 46
Diagnostics time 0.23 secs 

Total number of iterations 5988 - required further 357 

Chain # 8 - chunk 9 (chain 1 of 1 for this core): increasing by 358 

Iterations: 358 
|-------------|-------------|-------------|-------------|
|-------------------------------------------------------|

Current time: 2024-11-20 09:19:26
MCMC time 25 mins 

USED COMPONENTS: 57 OF 74 

rel. MC standard error: 0.0119 to 0.0664
eff. sample size: 227 to 7110
needed thinning: 2 to 43
Diagnostics time 0.23 secs 

Total number of iterations 6346 - required further 334 

Chain # 8 - chunk 10 (chain 1 of 1 for this core): increasing by 335 

Iterations: 335 
|-------------|-------------|-------------|-------------|
|-------------------------------------------------------|

Current time: 2024-11-20 09:20:25
MCMC time 26 mins 

USED COMPONENTS: 59 OF 74 

rel. MC standard error: 0.0104 to 0.067
eff. sample size: 223 to 9310
needed thinning: 2 to 45
Diagnostics time 0.22 secs 

Total number of iterations 6681 - required further 349 

Chain # 8 - chunk 11 (chain 1 of 1 for this core): increasing by 350 

Iterations: 350 
|-------------|-------------|-------------|-------------|
|-------------------------------------------------------|

Current time: 2024-11-20 09:21:26
MCMC time 27 mins 

USED COMPONENTS: 59 OF 74 

rel. MC standard error: 0.0109 to 0.0662
eff. sample size: 228 to 8480
needed thinning: 2 to 47
Diagnostics time 0.22 secs 

Total number of iterations 7031 - required further 365 

Chain # 8 - chunk 12 (chain 1 of 1 for this core): increasing by 366 

Iterations: 366 
|-------------|-------------|-------------|-------------|
|-------------------------------------------------------|

Current time: 2024-11-20 09:22:30
MCMC time 28 mins 

USED COMPONENTS: 58 OF 74 

rel. MC standard error: 0.0104 to 0.0652
eff. sample size: 235 to 9300
needed thinning: 2 to 48
Diagnostics time 0.19 secs 

Total number of iterations 7397 - required further 372 

Chain # 8 - chunk 13 (chain 1 of 1 for this core): increasing by 373 

Iterations: 373 
|-------------|-------------|-------------|-------------|
|-------------------------------------------------------|

Current time: 2024-11-20 09:23:35
MCMC time 30 mins 

USED COMPONENTS: 58 OF 74 

rel. MC standard error: 0.0103 to 0.0625
eff. sample size: 256 to 9470
needed thinning: 2 to 46
Diagnostics time 0.24 secs 

Total number of iterations 7770 - required further 357 

Chain # 8 - chunk 14 (chain 1 of 1 for this core): increasing by 358 

Iterations: 358 
|-------------|-------------|-------------|-------------|
|-------------------------------------------------------|

Current time: 2024-11-20 09:24:38
MCMC time 31 mins 

USED COMPONENTS: 58 OF 74 

rel. MC standard error: 0.00907 to 0.0611
eff. sample size: 268 to 12100
needed thinning: 2 to 46
Diagnostics time 0.23 secs 

Total number of iterations 8128 - required further 357 

Chain # 8 - chunk 15 (chain 1 of 1 for this core): increasing by 358 

Iterations: 358 
|-------------|-------------|-------------|-------------|
|-------------------------------------------------------|

Current time: 2024-11-20 09:25:40
MCMC time 32 mins 

USED COMPONENTS: 58 OF 74 

rel. MC standard error: 0.0103 to 0.061
eff. sample size: 269 to 9370
needed thinning: 2 to 48
Diagnostics time 0.23 secs 

Total number of iterations 8486 - required further 372 

Chain # 8 - chunk 16 (chain 1 of 1 for this core): increasing by 373 

Iterations: 373 
|-------------|-------------|-------------|-------------|
|-------------------------------------------------------|

Current time: 2024-11-20 09:26:45
MCMC time 33 mins 

USED COMPONENTS: 58 OF 74 

rel. MC standard error: 0.0102 to 0.0597
eff. sample size: 280 to 9600
needed thinning: 2 to 48
Diagnostics time 0.2 secs 

Total number of iterations 8859 - required further 372 

Chain # 8 - chunk 17 (chain 1 of 1 for this core): increasing by 373 

Iterations: 373 
|-------------|-------------|-------------|-------------|
|-------------------------------------------------------|

Current time: 2024-11-20 09:27:50
MCMC time 34 mins 

USED COMPONENTS: 58 OF 74 

rel. MC standard error: 0.00869 to 0.0586
eff. sample size: 291 to 13200
needed thinning: 2 to 48
Diagnostics time 0.19 secs 

Total number of iterations 9232 - required further 372 

Chain # 8 - chunk 18 (chain 1 of 1 for this core): increasing by 373 

Iterations: 373 
|-------------|-------------|-------------|-------------|
|-------------------------------------------------------|

Current time: 2024-11-20 09:28:56
MCMC time 35 mins 

USED COMPONENTS: 58 OF 74 

rel. MC standard error: 0.00812 to 0.0551
eff. sample size: 329 to 15200
needed thinning: 1 to 44
Diagnostics time 0.24 secs 

Total number of iterations 9605 - required further 341 

Chain # 8 - chunk 19 (chain 1 of 1 for this core): increasing by 342 

Iterations: 342 
|-------------|-------------|-------------|-------------|
|-------------------------------------------------------|

Current time: 2024-11-20 09:29:55
MCMC time 36 mins 

USED COMPONENTS: 59 OF 74 

rel. MC standard error: 0.00956 to 0.0555
eff. sample size: 325 to 10900
needed thinning: 2 to 46
Diagnostics time 0.22 secs 

Total number of iterations 9947 - required further 357 

Chain # 8 - chunk 20 (chain 1 of 1 for this core): increasing by 358 

Iterations: 358 
|-------------|-------------|-------------|-------------|
|-------------------------------------------------------|

Current time: 2024-11-20 09:30:58
MCMC time 37 mins 

USED COMPONENTS: 58 OF 74 

rel. MC standard error: 0.00917 to 0.0544
eff. sample size: 338 to 11900
needed thinning: 2 to 46
Diagnostics time 0.24 secs 

Total number of iterations 10305 - required further 357 

Chain # 8 - chunk 21 (chain 1 of 1 for this core): increasing by 358 

Iterations: 358 
|-------------|-------------|-------------|-------------|
|-------------------------------------------------------|

Current time: 2024-11-20 09:32:01
MCMC time 38 mins 

USED COMPONENTS: 57 OF 74 

rel. MC standard error: 0.00938 to 0.0539
eff. sample size: 344 to 11400
needed thinning: 2 to 47
Diagnostics time 0.28 secs 

Total number of iterations 10663 - required further 365 

Chain # 8 - chunk 22 (chain 1 of 1 for this core): increasing by 366 

Iterations: 366 
|-------------|-------------|-------------|-------------|
|-------------------------------------------------------|

Current time: 2024-11-20 09:33:05
MCMC time 39 mins 

USED COMPONENTS: 57 OF 74 

rel. MC standard error: 0.00945 to 0.0529
eff. sample size: 357 to 11200
needed thinning: 2 to 47
Diagnostics time 0.24 secs 

Total number of iterations 11029 - required further 365 

Chain # 8 - chunk 23 (chain 1 of 1 for this core): increasing by 366 

Iterations: 366 
|-------------|-------------|-------------|-------------|
|-------------------------------------------------------|

Current time: 2024-11-20 09:34:09
MCMC time 40 mins 

USED COMPONENTS: 57 OF 74 

rel. MC standard error: 0.00854 to 0.0544
eff. sample size: 338 to 13700
needed thinning: 2 to 51
Diagnostics time 0.23 secs 

Total number of iterations 11395 - required further 396 

Chain # 8 - chunk 24 (chain 1 of 1 for this core): increasing by 397 

Iterations: 397 
|-------------|-------------|-------------|-------------|
|-------------------------------------------------------|

Current time: 2024-11-20 09:35:18
MCMC time 41 mins 

USED COMPONENTS: 57 OF 74 

rel. MC standard error: 0.00843 to 0.0561
eff. sample size: 318 to 14100
needed thinning: 2 to 56
Diagnostics time 0.24 secs 

Total number of iterations 11792 - required further 434 

Chain # 8 - chunk 25 (chain 1 of 1 for this core): increasing by 435 

Iterations: 435 
|-------------|-------------|-------------|-------------|
|-------------------------------------------------------|

Current time: 2024-11-20 09:36:33
MCMC time 43 mins 

USED COMPONENTS: 56 OF 74 

rel. MC standard error: 0.00855 to 0.0535
eff. sample size: 350 to 13700
needed thinning: 2 to 53
Diagnostics time 0.25 secs 

Total number of iterations 12227 - required further 411 

Chain # 8 - chunk 26 (chain 1 of 1 for this core): increasing by 412 

Iterations: 412 
|-------------|-------------|-------------|-------------|
|-------------------------------------------------------|

Current time: 2024-11-20 09:37:45
MCMC time 44 mins 

USED COMPONENTS: 57 OF 74 

rel. MC standard error: 0.00815 to 0.0508
eff. sample size: 388 to 15100
needed thinning: 2 to 49
Diagnostics time 0.22 secs 

Total number of iterations 12639 - required further 380 

Chain # 8 - chunk 27 (chain 1 of 1 for this core): increasing by 381 

Iterations: 381 
|-------------|-------------|-------------|-------------|
|-------------------------------------------------------|

Current time: 2024-11-20 09:38:52
MCMC time 45 mins 

USED COMPONENTS: 56 OF 74 

rel. MC standard error: 0.008 to 0.0524
eff. sample size: 364 to 15600
needed thinning: 2 to 54
Diagnostics time 0.24 secs 

Total number of iterations 13020 - required further 419 

Chain # 8 - chunk 28 (chain 1 of 1 for this core): increasing by 420 

Iterations: 420 
|-------------|-------------|-------------|-------------|
|-------------------------------------------------------|

Current time: 2024-11-20 09:40:05
MCMC time 46 mins 

USED COMPONENTS: 56 OF 74 

rel. MC standard error: 0.00795 to 0.0513
eff. sample size: 379 to 15800
needed thinning: 2 to 54
Diagnostics time 0.25 secs 

Total number of iterations 13440 - required further 419 

Chain # 8 - chunk 29 (chain 1 of 1 for this core): increasing by 420 

Iterations: 420 
|-------------|-------------|-------------|-------------|
|-------------------------------------------------------|

Current time: 2024-11-20 09:41:18
MCMC time 47 mins 

USED COMPONENTS: 58 OF 74 

rel. MC standard error: 0.00805 to 0.0514
eff. sample size: 378 to 15400
needed thinning: 2 to 55
Diagnostics time 0.31 secs 

Total number of iterations 13860 - required further 427 

Chain # 8 - chunk 30 (chain 1 of 1 for this core): increasing by 428 

Iterations: 428 
|-------------|-------------|-------------|-------------|
|-------------------------------------------------------|

Current time: 2024-11-20 09:42:32
MCMC time 48 mins 

USED COMPONENTS: 57 OF 74 

rel. MC standard error: 0.00779 to 0.0522
eff. sample size: 367 to 16500
needed thinning: 2 to 59
Diagnostics time 0.26 secs 

Total number of iterations 14288 - required further 458 

Chain # 8 - chunk 31 (chain 1 of 1 for this core): increasing by 459 

Iterations: 459 
|-------------|-------------|-------------|-------------|
|-------------------------------------------------------|

Current time: 2024-11-20 09:43:52
MCMC time 50 mins 

USED COMPONENTS: 57 OF 74 

rel. MC standard error: 0.00751 to 0.0493
eff. sample size: 411 to 17700
needed thinning: 2 to 54
Diagnostics time 0.29 secs 

Total number of iterations 14747 - required further 0 

Keeping last 60 samples with thinning 54 

Plotting traces and samples.

Current time: 2024-11-20 09:43:53
MCMC + diagnostics time 50 mins 

Current time: 2024-11-20 09:43:53
Total time 50 mins 
loaded inferno and set parent environment
loaded inferno and set parent environment
loaded inferno and set parent environment
loaded inferno and set parent environment
