Log core 4 - Current time: 2024-11-20 08:46:14
Defining model
Building model
Setting data and initial values
Running calculate on model
  [Note] Any error reports that follow may simply reflect missing values in model variables.
Checking model sizes and dimensions
Compiling
  [Note] This may take a minute.
  [Note] Use 'showCompilerOutput = TRUE' to see C++ compilation details.
===== Monitors =====
thin = 1: Bprob, Rmean, Rvar, W
thin2 = 1: K
===== Samplers =====
conjugate sampler (519)
  - Rmean[]  (148 elements)
  - Rrate[]  (148 elements)
  - Bprob[]  (74 elements)
  - Rvar[]  (148 elements)
  - W[1:74] 
categorical sampler (2101)
  - Alpha
  - K[]  (2100 elements)
===== Monitors =====
thin = 1: Bprob, Rmean, Rvar, W
thin2 = 1: K
===== Samplers =====
slice sampler (2101)
  - Alpha
  - K[]  (2100 elements)
conjugate sampler (519)
  - Rmean[]  (148 elements)
  - Rrate[]  (148 elements)
  - Bprob[]  (74 elements)
  - Rvar[]  (148 elements)
  - W[1:74] 
Compiling
  [Note] This may take a minute.
  [Note] Use 'showCompilerOutput = TRUE' to see C++ compilation details.

Setup time 7.9 mins 

Chain # 4 (chain 1 of 1 for this core)

Datapoints for testing convergence:
 #116 #155 #244 #283 #386 #420 #537 #593 #759 #822 #1257 #1419 #1475 #1493 #1511 #1634 #1776 #1816 #1909 #2024 

Iterations: 3600 
|-------------|-------------|-------------|-------------|
|-------------------------------------------------------|

Current time: 2024-11-20 09:10:35
MCMC time 16 mins 

USED COMPONENTS: 58 OF 74 

rel. MC standard error: 0.0161 to 0.0594
eff. sample size: 284 to 3840
needed thinning: 2 to 20
Diagnostics time 1.6 secs 

Total number of iterations 3600 - required further 155 

Chain # 4 - chunk 2 (chain 1 of 1 for this core): increasing by 156 

Iterations: 156 
|-------------|-------------|-------------|-------------|
|-------------------------------------------------------|

Current time: 2024-11-20 09:11:05
MCMC time 17 mins 

USED COMPONENTS: 56 OF 74 

rel. MC standard error: 0.0153 to 0.0579
eff. sample size: 299 to 4250
needed thinning: 2 to 19
Diagnostics time 0.13 secs 

Total number of iterations 3756 - required further 148 

Chain # 4 - chunk 3 (chain 1 of 1 for this core): increasing by 149 

Iterations: 149 
|-------------|-------------|-------------|-------------|
|-------------------------------------------------------|

Current time: 2024-11-20 09:11:31
MCMC time 17 mins 

USED COMPONENTS: 56 OF 74 

rel. MC standard error: 0.0154 to 0.0583
eff. sample size: 294 to 4230
needed thinning: 2 to 20
Diagnostics time 0.13 secs 

Total number of iterations 3905 - required further 155 

Chain # 4 - chunk 4 (chain 1 of 1 for this core): increasing by 156 

Iterations: 156 
|-------------|-------------|-------------|-------------|
|-------------------------------------------------------|

Current time: 2024-11-20 09:11:58
MCMC time 18 mins 

USED COMPONENTS: 56 OF 74 

rel. MC standard error: 0.0145 to 0.0561
eff. sample size: 317 to 4770
needed thinning: 2 to 20
Diagnostics time 0.096 secs 

Total number of iterations 4061 - required further 155 

Chain # 4 - chunk 5 (chain 1 of 1 for this core): increasing by 156 

Iterations: 156 
|-------------|-------------|-------------|-------------|
|-------------------------------------------------------|

Current time: 2024-11-20 09:12:26
MCMC time 18 mins 

USED COMPONENTS: 56 OF 74 

rel. MC standard error: 0.0143 to 0.0544
eff. sample size: 338 to 4870
needed thinning: 2 to 19
Diagnostics time 0.099 secs 

Total number of iterations 4217 - required further 148 

Chain # 4 - chunk 6 (chain 1 of 1 for this core): increasing by 149 

Iterations: 149 
|-------------|-------------|-------------|-------------|
|-------------------------------------------------------|

Current time: 2024-11-20 09:13:04
MCMC time 19 mins 

USED COMPONENTS: 55 OF 74 

rel. MC standard error: 0.0142 to 0.0564
eff. sample size: 315 to 4990
needed thinning: 2 to 21
Diagnostics time 0.16 secs 

Total number of iterations 4366 - required further 163 

Chain # 4 - chunk 7 (chain 1 of 1 for this core): increasing by 164 

Iterations: 164 
|-------------|-------------|-------------|-------------|
|-------------------------------------------------------|

Current time: 2024-11-20 09:13:50
MCMC time 20 mins 

USED COMPONENTS: 56 OF 74 

rel. MC standard error: 0.0136 to 0.0551
eff. sample size: 330 to 5430
needed thinning: 2 to 21
Diagnostics time 0.25 secs 

Total number of iterations 4530 - required further 163 

Chain # 4 - chunk 8 (chain 1 of 1 for this core): increasing by 164 

Iterations: 164 
|-------------|-------------|-------------|-------------|
|-------------------------------------------------------|

Current time: 2024-11-20 09:14:36
MCMC time 20 mins 

USED COMPONENTS: 56 OF 74 

rel. MC standard error: 0.0129 to 0.0542
eff. sample size: 340 to 5980
needed thinning: 2 to 21
Diagnostics time 0.22 secs 

Total number of iterations 4694 - required further 163 

Chain # 4 - chunk 9 (chain 1 of 1 for this core): increasing by 164 

Iterations: 164 
|-------------|-------------|-------------|-------------|
|-------------------------------------------------------|

Current time: 2024-11-20 09:15:23
MCMC time 21 mins 

USED COMPONENTS: 54 OF 74 

rel. MC standard error: 0.0136 to 0.0547
eff. sample size: 334 to 5390
needed thinning: 2 to 22
Diagnostics time 0.23 secs 

Total number of iterations 4858 - required further 171 

Chain # 4 - chunk 10 (chain 1 of 1 for this core): increasing by 172 

Iterations: 172 
|-------------|-------------|-------------|-------------|
|-------------------------------------------------------|

Current time: 2024-11-20 09:16:11
MCMC time 22 mins 

USED COMPONENTS: 55 OF 74 

rel. MC standard error: 0.0134 to 0.0549
eff. sample size: 332 to 5610
needed thinning: 2 to 23
Diagnostics time 0.24 secs 

Total number of iterations 5030 - required further 179 

Chain # 4 - chunk 11 (chain 1 of 1 for this core): increasing by 180 

Iterations: 180 
|-------------|-------------|-------------|-------------|
|-------------------------------------------------------|

Current time: 2024-11-20 09:17:02
MCMC time 23 mins 

USED COMPONENTS: 55 OF 74 

rel. MC standard error: 0.013 to 0.0536
eff. sample size: 347 to 5880
needed thinning: 2 to 23
Diagnostics time 1 secs 

Total number of iterations 5210 - required further 179 

Chain # 4 - chunk 12 (chain 1 of 1 for this core): increasing by 180 

Iterations: 180 
|-------------|-------------|-------------|-------------|
|-------------------------------------------------------|

Current time: 2024-11-20 09:17:51
MCMC time 24 mins 

USED COMPONENTS: 55 OF 74 

rel. MC standard error: 0.0126 to 0.0521
eff. sample size: 369 to 6310
needed thinning: 2 to 22
Diagnostics time 0.2 secs 

Total number of iterations 5390 - required further 171 

Chain # 4 - chunk 13 (chain 1 of 1 for this core): increasing by 172 

Iterations: 172 
|-------------|-------------|-------------|-------------|
|-------------------------------------------------------|

Current time: 2024-11-20 09:18:40
MCMC time 25 mins 

USED COMPONENTS: 55 OF 74 

rel. MC standard error: 0.012 to 0.0513
eff. sample size: 380 to 6960
needed thinning: 2 to 22
Diagnostics time 0.25 secs 

Total number of iterations 5562 - required further 171 

Chain # 4 - chunk 14 (chain 1 of 1 for this core): increasing by 172 

Iterations: 172 
|-------------|-------------|-------------|-------------|
|-------------------------------------------------------|

Current time: 2024-11-20 09:19:28
MCMC time 25 mins 

USED COMPONENTS: 55 OF 74 

rel. MC standard error: 0.0119 to 0.0496
eff. sample size: 407 to 7000
needed thinning: 2 to 22
Diagnostics time 0.19 secs 

Total number of iterations 5734 - required further 0 

Keeping last 60 samples with thinning 22 

Plotting traces and samples.

Current time: 2024-11-20 09:19:29
MCMC + diagnostics time 25 mins 

Current time: 2024-11-20 09:19:29
Total time 25 mins 
loaded inferno and set parent environment
loaded inferno and set parent environment
loaded inferno and set parent environment
loaded inferno and set parent environment
