Log core 5 - Current time: 2024-11-20 08:46:14
Defining model
Building model
Setting data and initial values
Running calculate on model
  [Note] Any error reports that follow may simply reflect missing values in model variables.
Checking model sizes and dimensions
Compiling
  [Note] This may take a minute.
  [Note] Use 'showCompilerOutput = TRUE' to see C++ compilation details.
===== Monitors =====
thin = 1: Bprob, Rmean, Rvar, W
thin2 = 1: K
===== Samplers =====
conjugate sampler (519)
  - Rmean[]  (148 elements)
  - Rrate[]  (148 elements)
  - Bprob[]  (74 elements)
  - Rvar[]  (148 elements)
  - W[1:74] 
categorical sampler (2101)
  - Alpha
  - K[]  (2100 elements)
===== Monitors =====
thin = 1: Bprob, Rmean, Rvar, W
thin2 = 1: K
===== Samplers =====
slice sampler (2101)
  - Alpha
  - K[]  (2100 elements)
conjugate sampler (519)
  - Rmean[]  (148 elements)
  - Rrate[]  (148 elements)
  - Bprob[]  (74 elements)
  - Rvar[]  (148 elements)
  - W[1:74] 
Compiling
  [Note] This may take a minute.
  [Note] Use 'showCompilerOutput = TRUE' to see C++ compilation details.

Setup time 7.9 mins 

Chain # 5 (chain 1 of 1 for this core)

Datapoints for testing convergence:
 #116 #344 #350 #362 #378 #428 #848 #888 #906 #1042 #1048 #1092 #1191 #1298 #1446 #1597 #1622 #1668 #1853 #2020 

Iterations: 3600 
|-------------|-------------|-------------|-------------|
|-------------------------------------------------------|

Current time: 2024-11-20 09:10:26
MCMC time 16 mins 

USED COMPONENTS: 56 OF 74 

rel. MC standard error: 0.0159 to 0.0932
eff. sample size: 115 to 3970
needed thinning: 2 to 47
Diagnostics time 2.9 secs 

Total number of iterations 3600 - required further 365 

Chain # 5 - chunk 2 (chain 1 of 1 for this core): increasing by 366 

Iterations: 366 
|-------------|-------------|-------------|-------------|
|-------------------------------------------------------|

Current time: 2024-11-20 09:12:13
MCMC time 18 mins 

USED COMPONENTS: 56 OF 74 

rel. MC standard error: 0.0139 to 0.0911
eff. sample size: 121 to 5200
needed thinning: 2 to 50
Diagnostics time 0.41 secs 

Total number of iterations 3966 - required further 388 

Chain # 5 - chunk 3 (chain 1 of 1 for this core): increasing by 389 

Iterations: 389 
|-------------|-------------|-------------|-------------|
|-------------------------------------------------------|

Current time: 2024-11-20 09:13:28
MCMC time 19 mins 

USED COMPONENTS: 56 OF 74 

rel. MC standard error: 0.0143 to 0.0887
eff. sample size: 127 to 4910
needed thinning: 2 to 52
Diagnostics time 0.32 secs 

Total number of iterations 4355 - required further 403 

Chain # 5 - chunk 4 (chain 1 of 1 for this core): increasing by 404 

Iterations: 404 
|-------------|-------------|-------------|-------------|
|-------------------------------------------------------|

Current time: 2024-11-20 09:14:38
MCMC time 20 mins 

USED COMPONENTS: 56 OF 74 

rel. MC standard error: 0.0138 to 0.0852
eff. sample size: 138 to 5220
needed thinning: 2 to 52
Diagnostics time 0.81 secs 

Total number of iterations 4759 - required further 403 

Chain # 5 - chunk 5 (chain 1 of 1 for this core): increasing by 404 

Iterations: 404 
|-------------|-------------|-------------|-------------|
|-------------------------------------------------------|

Current time: 2024-11-20 09:15:49
MCMC time 22 mins 

USED COMPONENTS: 55 OF 74 

rel. MC standard error: 0.0137 to 0.0838
eff. sample size: 142 to 5340
needed thinning: 2 to 55
Diagnostics time 0.25 secs 

Total number of iterations 5163 - required further 427 

Chain # 5 - chunk 6 (chain 1 of 1 for this core): increasing by 428 

Iterations: 428 
|-------------|-------------|-------------|-------------|
|-------------------------------------------------------|

Current time: 2024-11-20 09:17:04
MCMC time 23 mins 

USED COMPONENTS: 54 OF 74 

rel. MC standard error: 0.0119 to 0.0796
eff. sample size: 158 to 7030
needed thinning: 2 to 54
Diagnostics time 0.24 secs 

Total number of iterations 5591 - required further 419 

Chain # 5 - chunk 7 (chain 1 of 1 for this core): increasing by 420 

Iterations: 420 
|-------------|-------------|-------------|-------------|
|-------------------------------------------------------|

Current time: 2024-11-20 09:18:17
MCMC time 24 mins 

USED COMPONENTS: 56 OF 74 

rel. MC standard error: 0.012 to 0.0785
eff. sample size: 162 to 6990
needed thinning: 2 to 56
Diagnostics time 0.32 secs 

Total number of iterations 6011 - required further 434 

Chain # 5 - chunk 8 (chain 1 of 1 for this core): increasing by 435 

Iterations: 435 
|-------------|-------------|-------------|-------------|
|-------------------------------------------------------|

Current time: 2024-11-20 09:19:32
MCMC time 25 mins 

USED COMPONENTS: 56 OF 74 

rel. MC standard error: 0.0115 to 0.0751
eff. sample size: 177 to 7550
needed thinning: 2 to 55
Diagnostics time 0.26 secs 

Total number of iterations 6446 - required further 427 

Chain # 5 - chunk 9 (chain 1 of 1 for this core): increasing by 428 

Iterations: 428 
|-------------|-------------|-------------|-------------|
|-------------------------------------------------------|

Current time: 2024-11-20 09:20:47
MCMC time 27 mins 

USED COMPONENTS: 55 OF 74 

rel. MC standard error: 0.0113 to 0.0752
eff. sample size: 177 to 7760
needed thinning: 2 to 59
Diagnostics time 0.26 secs 

Total number of iterations 6874 - required further 458 

Chain # 5 - chunk 10 (chain 1 of 1 for this core): increasing by 459 

Iterations: 459 
|-------------|-------------|-------------|-------------|
|-------------------------------------------------------|

Current time: 2024-11-20 09:22:06
MCMC time 28 mins 

USED COMPONENTS: 56 OF 74 

rel. MC standard error: 0.0108 to 0.0756
eff. sample size: 175 to 8640
needed thinning: 2 to 63
Diagnostics time 0.87 secs 

Total number of iterations 7333 - required further 488 

Chain # 5 - chunk 11 (chain 1 of 1 for this core): increasing by 489 

Iterations: 489 
|-------------|-------------|-------------|-------------|
|-------------------------------------------------------|

Current time: 2024-11-20 09:23:31
MCMC time 29 mins 

USED COMPONENTS: 54 OF 74 

rel. MC standard error: 0.0102 to 0.0746
eff. sample size: 180 to 9540
needed thinning: 2 to 66
Diagnostics time 0.28 secs 

Total number of iterations 7822 - required further 512 

Chain # 5 - chunk 12 (chain 1 of 1 for this core): increasing by 513 

Iterations: 513 
|-------------|-------------|-------------|-------------|
|-------------------------------------------------------|

Current time: 2024-11-20 09:25:01
MCMC time 31 mins 

USED COMPONENTS: 55 OF 74 

rel. MC standard error: 0.0101 to 0.0733
eff. sample size: 186 to 9810
needed thinning: 2 to 68
Diagnostics time 0.36 secs 

Total number of iterations 8335 - required further 527 

Chain # 5 - chunk 13 (chain 1 of 1 for this core): increasing by 528 

Iterations: 528 
|-------------|-------------|-------------|-------------|
|-------------------------------------------------------|

Current time: 2024-11-20 09:26:37
MCMC time 32 mins 

USED COMPONENTS: 55 OF 74 

rel. MC standard error: 0.0102 to 0.0713
eff. sample size: 196 to 9650
needed thinning: 2 to 68
Diagnostics time 0.32 secs 

Total number of iterations 8863 - required further 527 

Chain # 5 - chunk 14 (chain 1 of 1 for this core): increasing by 528 

Iterations: 528 
|-------------|-------------|-------------|-------------|
|-------------------------------------------------------|

Current time: 2024-11-20 09:28:13
MCMC time 34 mins 

USED COMPONENTS: 54 OF 74 

rel. MC standard error: 0.0101 to 0.069
eff. sample size: 210 to 9870
needed thinning: 2 to 67
Diagnostics time 0.28 secs 

Total number of iterations 9391 - required further 519 

Chain # 5 - chunk 15 (chain 1 of 1 for this core): increasing by 520 

Iterations: 520 
|-------------|-------------|-------------|-------------|
|-------------------------------------------------------|

Current time: 2024-11-20 09:29:47
MCMC time 36 mins 

USED COMPONENTS: 54 OF 74 

rel. MC standard error: 0.0102 to 0.0684
eff. sample size: 214 to 9550
needed thinning: 2 to 70
Diagnostics time 0.3 secs 

Total number of iterations 9911 - required further 543 

Chain # 5 - chunk 16 (chain 1 of 1 for this core): increasing by 544 

Iterations: 544 
|-------------|-------------|-------------|-------------|
|-------------------------------------------------------|

Current time: 2024-11-20 09:31:26
MCMC time 37 mins 

USED COMPONENTS: 54 OF 74 

rel. MC standard error: 0.00958 to 0.0654
eff. sample size: 234 to 10900
needed thinning: 2 to 68
Diagnostics time 0.3 secs 

Total number of iterations 10455 - required further 527 

Chain # 5 - chunk 17 (chain 1 of 1 for this core): increasing by 528 

Iterations: 528 
|-------------|-------------|-------------|-------------|
|-------------------------------------------------------|

Current time: 2024-11-20 09:33:03
MCMC time 39 mins 

USED COMPONENTS: 54 OF 74 

rel. MC standard error: 0.00893 to 0.065
eff. sample size: 236 to 12500
needed thinning: 2 to 70
Diagnostics time 0.29 secs 

Total number of iterations 10983 - required further 543 

Chain # 5 - chunk 18 (chain 1 of 1 for this core): increasing by 544 

Iterations: 544 
|-------------|-------------|-------------|-------------|
|-------------------------------------------------------|

Current time: 2024-11-20 09:34:40
MCMC time 41 mins 

USED COMPONENTS: 55 OF 74 

rel. MC standard error: 0.00923 to 0.0632
eff. sample size: 251 to 11700
needed thinning: 2 to 70
Diagnostics time 0.44 secs 

Total number of iterations 11527 - required further 543 

Chain # 5 - chunk 19 (chain 1 of 1 for this core): increasing by 544 

Iterations: 544 
|-------------|-------------|-------------|-------------|
|-------------------------------------------------------|

Current time: 2024-11-20 09:36:15
MCMC time 42 mins 

USED COMPONENTS: 54 OF 74 

rel. MC standard error: 0.00919 to 0.0627
eff. sample size: 254 to 11800
needed thinning: 2 to 72
Diagnostics time 1.1 secs 

Total number of iterations 12071 - required further 558 

Chain # 5 - chunk 20 (chain 1 of 1 for this core): increasing by 559 

Iterations: 559 
|-------------|-------------|-------------|-------------|
|-------------------------------------------------------|

Current time: 2024-11-20 09:37:52
MCMC time 44 mins 

USED COMPONENTS: 54 OF 74 

rel. MC standard error: 0.0085 to 0.0607
eff. sample size: 271 to 13800
needed thinning: 2 to 70
Diagnostics time 0.31 secs 

Total number of iterations 12630 - required further 543 

Chain # 5 - chunk 21 (chain 1 of 1 for this core): increasing by 544 

Iterations: 544 
|-------------|-------------|-------------|-------------|
|-------------------------------------------------------|

Current time: 2024-11-20 09:39:27
MCMC time 45 mins 

USED COMPONENTS: 55 OF 74 

rel. MC standard error: 0.00822 to 0.0595
eff. sample size: 282 to 14800
needed thinning: 2 to 71
Diagnostics time 0.3 secs 

Total number of iterations 13174 - required further 550 

Chain # 5 - chunk 22 (chain 1 of 1 for this core): increasing by 551 

Iterations: 551 
|-------------|-------------|-------------|-------------|
|-------------------------------------------------------|

Current time: 2024-11-20 09:41:02
MCMC time 47 mins 

USED COMPONENTS: 55 OF 74 

rel. MC standard error: 0.00778 to 0.059
eff. sample size: 287 to 16500
needed thinning: 2 to 72
Diagnostics time 0.32 secs 

Total number of iterations 13725 - required further 558 

Chain # 5 - chunk 23 (chain 1 of 1 for this core): increasing by 559 

Iterations: 559 
|-------------|-------------|-------------|-------------|
|-------------------------------------------------------|

Current time: 2024-11-20 09:42:39
MCMC time 49 mins 

USED COMPONENTS: 56 OF 74 

rel. MC standard error: 0.00808 to 0.0583
eff. sample size: 294 to 15300
needed thinning: 2 to 73
Diagnostics time 0.31 secs 

Total number of iterations 14284 - required further 566 

Chain # 5 - chunk 24 (chain 1 of 1 for this core): increasing by 567 

Iterations: 567 
|-------------|-------------|-------------|-------------|
|-------------------------------------------------------|

Current time: 2024-11-20 09:44:19
MCMC time 50 mins 

USED COMPONENTS: 56 OF 74 

rel. MC standard error: 0.00801 to 0.0584
eff. sample size: 293 to 15600
needed thinning: 2 to 76
Diagnostics time 0.35 secs 

Total number of iterations 14851 - required further 589 

Chain # 5 - chunk 25 (chain 1 of 1 for this core): increasing by 590 

Iterations: 590 
|-------------|-------------|-------------|-------------|
|-------------------------------------------------------|

Current time: 2024-11-20 09:46:06
MCMC time 52 mins 

USED COMPONENTS: 55 OF 74 

rel. MC standard error: 0.00776 to 0.0568
eff. sample size: 310 to 16600
needed thinning: 2 to 75
Diagnostics time 0.58 secs 

Total number of iterations 15441 - required further 581 

Chain # 5 - chunk 26 (chain 1 of 1 for this core): increasing by 582 

Iterations: 582 
|-------------|-------------|-------------|-------------|
|-------------------------------------------------------|

Current time: 2024-11-20 09:47:51
MCMC time 54 mins 

USED COMPONENTS: 56 OF 74 

rel. MC standard error: 0.00747 to 0.0557
eff. sample size: 322 to 17900
needed thinning: 2 to 75
Diagnostics time 0.35 secs 

Total number of iterations 16023 - required further 581 

Chain # 5 - chunk 27 (chain 1 of 1 for this core): increasing by 582 

Iterations: 582 
|-------------|-------------|-------------|-------------|
|-------------------------------------------------------|

Current time: 2024-11-20 09:49:37
MCMC time 55 mins 

USED COMPONENTS: 55 OF 74 

rel. MC standard error: 0.00742 to 0.0547
eff. sample size: 334 to 18200
needed thinning: 2 to 75
Diagnostics time 0.42 secs 

Total number of iterations 16605 - required further 581 

Chain # 5 - chunk 28 (chain 1 of 1 for this core): increasing by 582 

Iterations: 582 
|-------------|-------------|-------------|-------------|
|-------------------------------------------------------|

Current time: 2024-11-20 09:51:23
MCMC time 57 mins 

USED COMPONENTS: 56 OF 74 

rel. MC standard error: 0.00732 to 0.0551
eff. sample size: 330 to 18700
needed thinning: 2 to 79
Diagnostics time 1.1 secs 

Total number of iterations 17187 - required further 612 

Chain # 5 - chunk 29 (chain 1 of 1 for this core): increasing by 613 

Iterations: 613 
|-------------|-------------|-------------|-------------|
|-------------------------------------------------------|

Current time: 2024-11-20 09:53:17
MCMC time 59 mins 

USED COMPONENTS: 55 OF 74 

rel. MC standard error: 0.0075 to 0.0535
eff. sample size: 349 to 17800
needed thinning: 2 to 77
Diagnostics time 0.37 secs 

Total number of iterations 17800 - required further 597 

Chain # 5 - chunk 30 (chain 1 of 1 for this core): increasing by 598 

Iterations: 598 
|-------------|-------------|-------------|-------------|
|-------------------------------------------------------|

Current time: 2024-11-20 09:55:05
MCMC time 1 hours 

USED COMPONENTS: 55 OF 74 

rel. MC standard error: 0.00723 to 0.0529
eff. sample size: 358 to 19100
needed thinning: 2 to 78
Diagnostics time 0.38 secs 

Total number of iterations 18398 - required further 605 

Chain # 5 - chunk 31 (chain 1 of 1 for this core): increasing by 606 

Iterations: 606 
|-------------|-------------|-------------|-------------|
|-------------------------------------------------------|

Current time: 2024-11-20 09:56:53
MCMC time 1 hours 

USED COMPONENTS: 56 OF 74 

rel. MC standard error: 0.00688 to 0.0526
eff. sample size: 362 to 21100
needed thinning: 2 to 79
Diagnostics time 1.1 secs 

Total number of iterations 19004 - required further 612 

Chain # 5 - chunk 32 (chain 1 of 1 for this core): increasing by 613 

Iterations: 613 
|-------------|-------------|-------------|-------------|
|-------------------------------------------------------|

Current time: 2024-11-20 09:58:44
MCMC time 1.1 hours 

USED COMPONENTS: 55 OF 74 

rel. MC standard error: 0.00698 to 0.0516
eff. sample size: 376 to 20500
needed thinning: 2 to 79
Diagnostics time 0.38 secs 

Total number of iterations 19617 - required further 612 

Chain # 5 - chunk 33 (chain 1 of 1 for this core): increasing by 613 

Iterations: 613 
|-------------|-------------|-------------|-------------|
|-------------------------------------------------------|

Current time: 2024-11-20 10:00:31
MCMC time 1.1 hours 

USED COMPONENTS: 56 OF 74 

rel. MC standard error: 0.00671 to 0.0512
eff. sample size: 382 to 22200
needed thinning: 2 to 80
Diagnostics time 0.44 secs 

Total number of iterations 20230 - required further 620 

Chain # 5 - chunk 34 (chain 1 of 1 for this core): increasing by 621 

Iterations: 621 
|-------------|-------------|-------------|-------------|
|-------------------------------------------------------|

Current time: 2024-11-20 10:02:18
MCMC time 1.1 hours 

USED COMPONENTS: 56 OF 74 

rel. MC standard error: 0.00698 to 0.0499
eff. sample size: 401 to 20500
needed thinning: 2 to 78
Diagnostics time 0.45 secs 

Total number of iterations 20851 - required further 0 

Keeping last 60 samples with thinning 78 

Plotting traces and samples.

Current time: 2024-11-20 10:02:20
MCMC + diagnostics time 1.1 hours 

Current time: 2024-11-20 10:02:20
Total time 1.1 hours 
loaded inferno and set parent environment
loaded inferno and set parent environment
loaded inferno and set parent environment
loaded inferno and set parent environment
