Log core 11 - Current time: 2024-11-20 08:46:14
Defining model
Building model
Setting data and initial values
Running calculate on model
  [Note] Any error reports that follow may simply reflect missing values in model variables.
Checking model sizes and dimensions
Compiling
  [Note] This may take a minute.
  [Note] Use 'showCompilerOutput = TRUE' to see C++ compilation details.
===== Monitors =====
thin = 1: Bprob, Rmean, Rvar, W
thin2 = 1: K
===== Samplers =====
conjugate sampler (519)
  - Rmean[]  (148 elements)
  - Rrate[]  (148 elements)
  - Bprob[]  (74 elements)
  - Rvar[]  (148 elements)
  - W[1:74] 
categorical sampler (2101)
  - Alpha
  - K[]  (2100 elements)
===== Monitors =====
thin = 1: Bprob, Rmean, Rvar, W
thin2 = 1: K
===== Samplers =====
slice sampler (2101)
  - Alpha
  - K[]  (2100 elements)
conjugate sampler (519)
  - Rmean[]  (148 elements)
  - Rrate[]  (148 elements)
  - Bprob[]  (74 elements)
  - Rvar[]  (148 elements)
  - W[1:74] 
Compiling
  [Note] This may take a minute.
  [Note] Use 'showCompilerOutput = TRUE' to see C++ compilation details.

Setup time 4.7 mins 

Chain # 11 (chain 1 of 1 for this core)

Datapoints for testing convergence:
 #86 #137 #144 #178 #193 #467 #472 #487 #857 #867 #977 #1046 #1115 #1157 #1421 #1549 #1612 #1834 #1912 #2007 

Iterations: 3600 
|-------------|-------------|-------------|-------------|
|-------------------------------------------------------|

Current time: 2024-11-20 09:01:45
MCMC time 11 mins 

USED COMPONENTS: 57 OF 74 

rel. MC standard error: 0.0163 to 0.102
eff. sample size: 95.5 to 3780
needed thinning: 2 to 57
Diagnostics time 1.7 secs 

Total number of iterations 3600 - required further 442 

Chain # 11 - chunk 2 (chain 1 of 1 for this core): increasing by 443 

Iterations: 443 
|-------------|-------------|-------------|-------------|
|-------------------------------------------------------|

Current time: 2024-11-20 09:03:08
MCMC time 12 mins 

USED COMPONENTS: 57 OF 74 

rel. MC standard error: 0.0167 to 0.0994
eff. sample size: 101 to 3600
needed thinning: 2 to 60
Diagnostics time 0.24 secs 

Total number of iterations 4043 - required further 465 

Chain # 11 - chunk 3 (chain 1 of 1 for this core): increasing by 466 

Iterations: 466 
|-------------|-------------|-------------|-------------|
|-------------------------------------------------------|

Current time: 2024-11-20 09:04:34
MCMC time 14 mins 

USED COMPONENTS: 56 OF 74 

rel. MC standard error: 0.0143 to 0.0937
eff. sample size: 114 to 4910
needed thinning: 2 to 60
Diagnostics time 0.93 secs 

Total number of iterations 4509 - required further 465 

Chain # 11 - chunk 4 (chain 1 of 1 for this core): increasing by 466 

Iterations: 466 
|-------------|-------------|-------------|-------------|
|-------------------------------------------------------|

Current time: 2024-11-20 09:05:59
MCMC time 15 mins 

USED COMPONENTS: 55 OF 74 

rel. MC standard error: 0.015 to 0.0907
eff. sample size: 122 to 4450
needed thinning: 2 to 62
Diagnostics time 0.28 secs 

Total number of iterations 4975 - required further 481 

Chain # 11 - chunk 5 (chain 1 of 1 for this core): increasing by 482 

Iterations: 482 
|-------------|-------------|-------------|-------------|
|-------------------------------------------------------|

Current time: 2024-11-20 09:07:25
MCMC time 16 mins 

USED COMPONENTS: 55 OF 74 

rel. MC standard error: 0.0135 to 0.0898
eff. sample size: 124 to 5460
needed thinning: 2 to 66
Diagnostics time 0.28 secs 

Total number of iterations 5457 - required further 512 

Chain # 11 - chunk 6 (chain 1 of 1 for this core): increasing by 513 

Iterations: 513 
|-------------|-------------|-------------|-------------|
|-------------------------------------------------------|

Current time: 2024-11-20 09:08:57
MCMC time 18 mins 

USED COMPONENTS: 55 OF 74 

rel. MC standard error: 0.0138 to 0.0863
eff. sample size: 134 to 5250
needed thinning: 2 to 67
Diagnostics time 0.31 secs 

Total number of iterations 5970 - required further 519 

Chain # 11 - chunk 7 (chain 1 of 1 for this core): increasing by 520 

Iterations: 520 
|-------------|-------------|-------------|-------------|
|-------------------------------------------------------|

Current time: 2024-11-20 09:10:28
MCMC time 19 mins 

USED COMPONENTS: 55 OF 74 

rel. MC standard error: 0.0131 to 0.0864
eff. sample size: 134 to 5840
needed thinning: 2 to 73
Diagnostics time 0.3 secs 

Total number of iterations 6490 - required further 566 

Chain # 11 - chunk 8 (chain 1 of 1 for this core): increasing by 567 

Iterations: 567 
|-------------|-------------|-------------|-------------|
|-------------------------------------------------------|

Current time: 2024-11-20 09:12:07
MCMC time 21 mins 

USED COMPONENTS: 54 OF 74 

rel. MC standard error: 0.0125 to 0.0838
eff. sample size: 142 to 6370
needed thinning: 2 to 75
Diagnostics time 0.39 secs 

Total number of iterations 7057 - required further 581 

Chain # 11 - chunk 9 (chain 1 of 1 for this core): increasing by 582 

Iterations: 582 
|-------------|-------------|-------------|-------------|
|-------------------------------------------------------|

Current time: 2024-11-20 09:13:49
MCMC time 23 mins 

USED COMPONENTS: 56 OF 74 

rel. MC standard error: 0.0123 to 0.0814
eff. sample size: 151 to 6560
needed thinning: 2 to 76
Diagnostics time 0.34 secs 

Total number of iterations 7639 - required further 589 

Chain # 11 - chunk 10 (chain 1 of 1 for this core): increasing by 590 

Iterations: 590 
|-------------|-------------|-------------|-------------|
|-------------------------------------------------------|

Current time: 2024-11-20 09:15:32
MCMC time 25 mins 

USED COMPONENTS: 54 OF 74 

rel. MC standard error: 0.0117 to 0.0802
eff. sample size: 155 to 7280
needed thinning: 2 to 80
Diagnostics time 0.34 secs 

Total number of iterations 8229 - required further 620 

Chain # 11 - chunk 11 (chain 1 of 1 for this core): increasing by 621 

Iterations: 621 
|-------------|-------------|-------------|-------------|
|-------------------------------------------------------|

Current time: 2024-11-20 09:17:21
MCMC time 26 mins 

USED COMPONENTS: 56 OF 74 

rel. MC standard error: 0.0109 to 0.0783
eff. sample size: 163 to 8350
needed thinning: 2 to 82
Diagnostics time 0.35 secs 

Total number of iterations 8850 - required further 636 

Chain # 11 - chunk 12 (chain 1 of 1 for this core): increasing by 637 

Iterations: 637 
|-------------|-------------|-------------|-------------|
|-------------------------------------------------------|

Current time: 2024-11-20 09:19:11
MCMC time 28 mins 

USED COMPONENTS: 56 OF 74 

rel. MC standard error: 0.0106 to 0.075
eff. sample size: 178 to 8890
needed thinning: 2 to 81
Diagnostics time 0.35 secs 

Total number of iterations 9487 - required further 628 

Chain # 11 - chunk 13 (chain 1 of 1 for this core): increasing by 629 

Iterations: 629 
|-------------|-------------|-------------|-------------|
|-------------------------------------------------------|

Current time: 2024-11-20 09:21:01
MCMC time 30 mins 

USED COMPONENTS: 55 OF 74 

rel. MC standard error: 0.0108 to 0.0732
eff. sample size: 187 to 8580
needed thinning: 2 to 82
Diagnostics time 0.37 secs 

Total number of iterations 10116 - required further 636 

Chain # 11 - chunk 14 (chain 1 of 1 for this core): increasing by 637 

Iterations: 637 
|-------------|-------------|-------------|-------------|
|-------------------------------------------------------|

Current time: 2024-11-20 09:22:51
MCMC time 32 mins 

USED COMPONENTS: 55 OF 74 

rel. MC standard error: 0.00982 to 0.072
eff. sample size: 193 to 10400
needed thinning: 2 to 84
Diagnostics time 0.34 secs 

Total number of iterations 10753 - required further 651 

Chain # 11 - chunk 15 (chain 1 of 1 for this core): increasing by 652 

Iterations: 652 
|-------------|-------------|-------------|-------------|
|-------------------------------------------------------|

Current time: 2024-11-20 09:24:44
MCMC time 34 mins 

USED COMPONENTS: 55 OF 74 

rel. MC standard error: 0.0102 to 0.0703
eff. sample size: 202 to 9700
needed thinning: 2 to 85
Diagnostics time 0.93 secs 

Total number of iterations 11405 - required further 659 

Chain # 11 - chunk 16 (chain 1 of 1 for this core): increasing by 660 

Iterations: 660 
|-------------|-------------|-------------|-------------|
|-------------------------------------------------------|

Current time: 2024-11-20 09:26:39
MCMC time 36 mins 

USED COMPONENTS: 55 OF 74 

rel. MC standard error: 0.00936 to 0.0695
eff. sample size: 207 to 11400
needed thinning: 2 to 88
Diagnostics time 0.34 secs 

Total number of iterations 12065 - required further 682 

Chain # 11 - chunk 17 (chain 1 of 1 for this core): increasing by 683 

Iterations: 683 
|-------------|-------------|-------------|-------------|
|-------------------------------------------------------|

Current time: 2024-11-20 09:28:37
MCMC time 38 mins 

USED COMPONENTS: 54 OF 74 

rel. MC standard error: 0.00914 to 0.0679
eff. sample size: 217 to 12000
needed thinning: 2 to 89
Diagnostics time 0.36 secs 

Total number of iterations 12748 - required further 690 

Chain # 11 - chunk 18 (chain 1 of 1 for this core): increasing by 691 

Iterations: 691 
|-------------|-------------|-------------|-------------|
|-------------------------------------------------------|

Current time: 2024-11-20 09:30:36
MCMC time 40 mins 

USED COMPONENTS: 55 OF 74 

rel. MC standard error: 0.00876 to 0.0666
eff. sample size: 225 to 13000
needed thinning: 2 to 90
Diagnostics time 0.97 secs 

Total number of iterations 13439 - required further 698 

Chain # 11 - chunk 19 (chain 1 of 1 for this core): increasing by 699 

Iterations: 699 
|-------------|-------------|-------------|-------------|
|-------------------------------------------------------|

Current time: 2024-11-20 09:32:37
MCMC time 42 mins 

USED COMPONENTS: 54 OF 74 

rel. MC standard error: 0.00818 to 0.0657
eff. sample size: 232 to 14900
needed thinning: 2 to 92
Diagnostics time 0.36 secs 

Total number of iterations 14138 - required further 713 

Chain # 11 - chunk 20 (chain 1 of 1 for this core): increasing by 714 

Iterations: 714 
|-------------|-------------|-------------|-------------|
|-------------------------------------------------------|

Current time: 2024-11-20 09:34:40
MCMC time 44 mins 

USED COMPONENTS: 54 OF 74 

rel. MC standard error: 0.00912 to 0.0634
eff. sample size: 249 to 12000
needed thinning: 2 to 90
Diagnostics time 0.38 secs 

Total number of iterations 14852 - required further 698 

Chain # 11 - chunk 21 (chain 1 of 1 for this core): increasing by 699 

Iterations: 699 
|-------------|-------------|-------------|-------------|
|-------------------------------------------------------|

Current time: 2024-11-20 09:36:40
MCMC time 46 mins 

USED COMPONENTS: 56 OF 74 

rel. MC standard error: 0.00798 to 0.0622
eff. sample size: 259 to 15700
needed thinning: 2 to 91
Diagnostics time 0.37 secs 

Total number of iterations 15551 - required further 705 

Chain # 11 - chunk 22 (chain 1 of 1 for this core): increasing by 706 

Iterations: 706 
|-------------|-------------|-------------|-------------|
|-------------------------------------------------------|

Current time: 2024-11-20 09:38:42
MCMC time 48 mins 

USED COMPONENTS: 56 OF 74 

rel. MC standard error: 0.0084 to 0.0618
eff. sample size: 262 to 14200
needed thinning: 2 to 93
Diagnostics time 0.45 secs 

Total number of iterations 16257 - required further 721 

Chain # 11 - chunk 23 (chain 1 of 1 for this core): increasing by 722 

Iterations: 722 
|-------------|-------------|-------------|-------------|
|-------------------------------------------------------|

Current time: 2024-11-20 09:40:46
MCMC time 50 mins 

USED COMPONENTS: 56 OF 74 

rel. MC standard error: 0.00802 to 0.0622
eff. sample size: 258 to 15600
needed thinning: 2 to 99
Diagnostics time 0.99 secs 

Total number of iterations 16979 - required further 767 

Chain # 11 - chunk 24 (chain 1 of 1 for this core): increasing by 768 

Iterations: 768 
|-------------|-------------|-------------|-------------|
|-------------------------------------------------------|

Current time: 2024-11-20 09:42:59
MCMC time 52 mins 

USED COMPONENTS: 57 OF 74 

rel. MC standard error: 0.0074 to 0.0625
eff. sample size: 256 to 18200
needed thinning: 2 to 104
Diagnostics time 0.4 secs 

Total number of iterations 17747 - required further 806 

Chain # 11 - chunk 25 (chain 1 of 1 for this core): increasing by 807 

Iterations: 807 
|-------------|-------------|-------------|-------------|
|-------------------------------------------------------|

Current time: 2024-11-20 09:45:18
MCMC time 54 mins 

USED COMPONENTS: 59 OF 74 

rel. MC standard error: 0.00766 to 0.0625
eff. sample size: 256 to 17100
needed thinning: 2 to 109
Diagnostics time 0.42 secs 

Total number of iterations 18554 - required further 845 

Chain # 11 - chunk 26 (chain 1 of 1 for this core): increasing by 846 

Iterations: 846 
|-------------|-------------|-------------|-------------|
|-------------------------------------------------------|

Current time: 2024-11-20 09:47:43
MCMC time 57 mins 

USED COMPONENTS: 58 OF 74 

rel. MC standard error: 0.00744 to 0.062
eff. sample size: 260 to 18100
needed thinning: 2 to 113
Diagnostics time 0.5 secs 

Total number of iterations 19400 - required further 876 

Chain # 11 - chunk 27 (chain 1 of 1 for this core): increasing by 877 

Iterations: 877 
|-------------|-------------|-------------|-------------|
|-------------------------------------------------------|

Current time: 2024-11-20 09:50:14
MCMC time 59 mins 

USED COMPONENTS: 58 OF 74 

rel. MC standard error: 0.00752 to 0.0604
eff. sample size: 274 to 17700
needed thinning: 2 to 112
Diagnostics time 1 secs 

Total number of iterations 20277 - required further 868 

Chain # 11 - chunk 28 (chain 1 of 1 for this core): increasing by 869 

Iterations: 869 
|-------------|-------------|-------------|-------------|
|-------------------------------------------------------|

Current time: 2024-11-20 09:52:44
MCMC time 1 hours 

USED COMPONENTS: 58 OF 74 

rel. MC standard error: 0.00706 to 0.0598
eff. sample size: 279 to 20100
needed thinning: 2 to 114
Diagnostics time 0.44 secs 

Total number of iterations 21146 - required further 884 

Chain # 11 - chunk 29 (chain 1 of 1 for this core): increasing by 885 

Iterations: 885 
|-------------|-------------|-------------|-------------|
|-------------------------------------------------------|

Current time: 2024-11-20 09:55:16
MCMC time 1.1 hours 

USED COMPONENTS: 57 OF 74 

rel. MC standard error: 0.00666 to 0.0593
eff. sample size: 284 to 22600
needed thinning: 2 to 117
Diagnostics time 0.53 secs 

Total number of iterations 22031 - required further 907 

Chain # 11 - chunk 30 (chain 1 of 1 for this core): increasing by 908 

Iterations: 908 
|-------------|-------------|-------------|-------------|
|-------------------------------------------------------|

Current time: 2024-11-20 09:57:52
MCMC time 1.1 hours 

USED COMPONENTS: 56 OF 74 

rel. MC standard error: 0.0068 to 0.0583
eff. sample size: 294 to 21600
needed thinning: 2 to 118
Diagnostics time 1.1 secs 

Total number of iterations 22939 - required further 915 

Chain # 11 - chunk 31 (chain 1 of 1 for this core): increasing by 916 

Iterations: 916 
|-------------|-------------|-------------|-------------|
|-------------------------------------------------------|

Current time: 2024-11-20 10:00:30
MCMC time 1.2 hours 

USED COMPONENTS: 57 OF 74 

rel. MC standard error: 0.00643 to 0.0579
eff. sample size: 298 to 24200
needed thinning: 2 to 121
Diagnostics time 0.48 secs 

Total number of iterations 23855 - required further 938 

Chain # 11 - chunk 32 (chain 1 of 1 for this core): increasing by 939 

Iterations: 939 
|-------------|-------------|-------------|-------------|
|-------------------------------------------------------|

Current time: 2024-11-20 10:03:11
MCMC time 1.2 hours 

USED COMPONENTS: 56 OF 74 

rel. MC standard error: 0.00673 to 0.0564
eff. sample size: 315 to 22100
needed thinning: 2 to 119
Diagnostics time 0.55 secs 

Total number of iterations 24794 - required further 922 

Chain # 11 - chunk 33 (chain 1 of 1 for this core): increasing by 923 

Iterations: 923 
|-------------|-------------|-------------|-------------|
|-------------------------------------------------------|

Current time: 2024-11-20 10:05:49
MCMC time 1.2 hours 

USED COMPONENTS: 56 OF 74 

rel. MC standard error: 0.00613 to 0.0559
eff. sample size: 320 to 26600
needed thinning: 2 to 121
Diagnostics time 0.42 secs 

Total number of iterations 25717 - required further 938 

Chain # 11 - chunk 34 (chain 1 of 1 for this core): increasing by 939 

Iterations: 939 
|-------------|-------------|-------------|-------------|
|-------------------------------------------------------|

Current time: 2024-11-20 10:08:31
MCMC time 1.3 hours 

USED COMPONENTS: 57 OF 74 

rel. MC standard error: 0.00627 to 0.0553
eff. sample size: 327 to 25500
needed thinning: 2 to 123
Diagnostics time 1 secs 

Total number of iterations 26656 - required further 953 

Chain # 11 - chunk 35 (chain 1 of 1 for this core): increasing by 954 

Iterations: 954 
|-------------|-------------|-------------|-------------|
|-------------------------------------------------------|

Current time: 2024-11-20 10:11:14
MCMC time 1.3 hours 

USED COMPONENTS: 57 OF 74 

rel. MC standard error: 0.00631 to 0.0549
eff. sample size: 331 to 25100
needed thinning: 2 to 125
Diagnostics time 0.45 secs 

Total number of iterations 27610 - required further 969 

Chain # 11 - chunk 36 (chain 1 of 1 for this core): increasing by 970 

Iterations: 970 
|-------------|-------------|-------------|-------------|
|-------------------------------------------------------|

Current time: 2024-11-20 10:14:01
MCMC time 1.4 hours 

USED COMPONENTS: 58 OF 74 

rel. MC standard error: 0.00626 to 0.0536
eff. sample size: 348 to 25600
needed thinning: 2 to 124
Diagnostics time 0.58 secs 

Total number of iterations 28580 - required further 961 

Chain # 11 - chunk 37 (chain 1 of 1 for this core): increasing by 962 

Iterations: 962 
|-------------|-------------|-------------|-------------|
|-------------------------------------------------------|

Current time: 2024-11-20 10:16:45
MCMC time 1.4 hours 

USED COMPONENTS: 58 OF 74 

rel. MC standard error: 0.00633 to 0.0527
eff. sample size: 360 to 25000
needed thinning: 2 to 123
Diagnostics time 1.1 secs 

Total number of iterations 29542 - required further 953 

Chain # 11 - chunk 38 (chain 1 of 1 for this core): increasing by 954 

Iterations: 954 
|-------------|-------------|-------------|-------------|
|-------------------------------------------------------|

Current time: 2024-11-20 10:19:29
MCMC time 1.5 hours 

USED COMPONENTS: 58 OF 74 

rel. MC standard error: 0.00632 to 0.0519
eff. sample size: 372 to 25000
needed thinning: 2 to 124
Diagnostics time 0.47 secs 

Total number of iterations 30496 - required further 961 

Chain # 11 - chunk 39 (chain 1 of 1 for this core): increasing by 962 

Iterations: 962 
|-------------|-------------|-------------|-------------|
|-------------------------------------------------------|

Current time: 2024-11-20 10:22:13
MCMC time 1.5 hours 

USED COMPONENTS: 56 OF 74 

rel. MC standard error: 0.00608 to 0.0512
eff. sample size: 381 to 27100
needed thinning: 2 to 124
Diagnostics time 0.47 secs 

Total number of iterations 31458 - required further 961 

Chain # 11 - chunk 40 (chain 1 of 1 for this core): increasing by 962 

Iterations: 962 
|-------------|-------------|-------------|-------------|
|-------------------------------------------------------|

Current time: 2024-11-20 10:24:58
MCMC time 1.6 hours 

USED COMPONENTS: 56 OF 74 

rel. MC standard error: 0.00597 to 0.0507
eff. sample size: 390 to 28000
needed thinning: 2 to 125
Diagnostics time 0.53 secs 

Total number of iterations 32420 - required further 969 

Chain # 11 - chunk 41 (chain 1 of 1 for this core): increasing by 970 

Iterations: 970 
|-------------|-------------|-------------|-------------|
|-------------------------------------------------------|

Current time: 2024-11-20 10:27:44
MCMC time 1.6 hours 

USED COMPONENTS: 57 OF 74 

rel. MC standard error: 0.00547 to 0.0499
eff. sample size: 402 to 33500
needed thinning: 2 to 125
Diagnostics time 1 secs 

Total number of iterations 33390 - required further 0 

Keeping last 60 samples with thinning 125 

Plotting traces and samples.

Current time: 2024-11-20 10:27:47
MCMC + diagnostics time 1.6 hours 

Current time: 2024-11-20 10:27:47
Total time 1.6 hours 
loaded inferno and set parent environment
loaded inferno and set parent environment
loaded inferno and set parent environment
loaded inferno and set parent environment
