Log core 16 - Current time: 2024-11-20 08:46:14
Defining model
Building model
Setting data and initial values
Running calculate on model
  [Note] Any error reports that follow may simply reflect missing values in model variables.
Checking model sizes and dimensions
Compiling
  [Note] This may take a minute.
  [Note] Use 'showCompilerOutput = TRUE' to see C++ compilation details.
===== Monitors =====
thin = 1: Bprob, Rmean, Rvar, W
thin2 = 1: K
===== Samplers =====
conjugate sampler (519)
  - Rmean[]  (148 elements)
  - Rrate[]  (148 elements)
  - Bprob[]  (74 elements)
  - Rvar[]  (148 elements)
  - W[1:74] 
categorical sampler (2101)
  - Alpha
  - K[]  (2100 elements)
===== Monitors =====
thin = 1: Bprob, Rmean, Rvar, W
thin2 = 1: K
===== Samplers =====
slice sampler (2101)
  - Alpha
  - K[]  (2100 elements)
conjugate sampler (519)
  - Rmean[]  (148 elements)
  - Rrate[]  (148 elements)
  - Bprob[]  (74 elements)
  - Rvar[]  (148 elements)
  - W[1:74] 
Compiling
  [Note] This may take a minute.
  [Note] Use 'showCompilerOutput = TRUE' to see C++ compilation details.

Setup time 7.8 mins 

Chain # 16 (chain 1 of 1 for this core)

Datapoints for testing convergence:
 #16 #104 #235 #238 #258 #393 #417 #420 #498 #576 #650 #823 #1075 #1093 #1184 #1255 #1838 #1894 #1948 #1983 

Iterations: 3600 
|-------------|-------------|-------------|-------------|
|-------------------------------------------------------|

Current time: 2024-11-20 09:10:21
MCMC time 16 mins 

USED COMPONENTS: 63 OF 74 

rel. MC standard error: 0.0136 to 0.0324
eff. sample size: 953 to 5430
needed thinning: 1 to 6
Diagnostics time 2.8 secs 

Total number of iterations 3600 - required further 0 

Keeping last 60 samples with thinning 6 

Plotting traces and samples.

Current time: 2024-11-20 09:10:26
MCMC + diagnostics time 16 mins 

Current time: 2024-11-20 09:10:26
Total time 16 mins 
loaded inferno and set parent environment
loaded inferno and set parent environment
loaded inferno and set parent environment
loaded inferno and set parent environment
