Log core 2 - Current time: 2024-11-25 09:50:31
Defining model
Building model
Setting data and initial values
Running calculate on model
  [Note] Any error reports that follow may simply reflect missing values in model variables.
Checking model sizes and dimensions
Compiling
  [Note] This may take a minute.
  [Note] Use 'showCompilerOutput = TRUE' to see C++ compilation details.
===== Monitors =====
thin = 1: Bprob, Rmean, Rvar, W
thin2 = 1: K
===== Samplers =====
conjugate sampler (519)
  - Rmean[]  (148 elements)
  - Rrate[]  (148 elements)
  - Bprob[]  (74 elements)
  - Rvar[]  (148 elements)
  - W[1:74] 
categorical sampler (11)
  - Alpha
  - K[]  (10 elements)
===== Monitors =====
thin = 1: Bprob, Rmean, Rvar, W
thin2 = 1: K
===== Samplers =====
slice sampler (11)
  - Alpha
  - K[]  (10 elements)
conjugate sampler (519)
  - Rmean[]  (148 elements)
  - Rrate[]  (148 elements)
  - Bprob[]  (74 elements)
  - Rvar[]  (148 elements)
  - W[1:74] 
Compiling
  [Note] This may take a minute.
  [Note] Use 'showCompilerOutput = TRUE' to see C++ compilation details.

Setup time 1.4 mins 

Chain # 5 (chain 1 of 4 for this core)

Datapoints for testing convergence:
 #1 #2 #3 #4 #5 #6 #7 #8 #9 #10 

Iterations: 3600 
|-------------|-------------|-------------|-------------|
|-------------------------------------------------------|

Current time: 2024-11-25 09:52:04
MCMC time 8.5 secs 

USED COMPONENTS: 7 OF 74 

rel. MC standard error: 0.0219 to 0.0464
eff. sample size: 465 to 2090
needed thinning: 3 to 12
Diagnostics time 2.1 secs 

Total number of iterations 3600 - required further 0 

Keeping last 60 samples with thinning 12 

Plotting traces and samples.

Current time: 2024-11-25 09:52:09
MCMC + diagnostics time 13 secs 

Chain # 6 (chain 2 of 4 for this core)

Datapoints for testing convergence:
 #1 #2 #3 #4 #5 #6 #7 #8 #9 #10 

Iterations: 3600 
|-------------|-------------|-------------|-------------|
|-------------------------------------------------------|

Current time: 2024-11-25 09:52:16
MCMC time 21 secs 

USED COMPONENTS: 7 OF 74 

rel. MC standard error: 0.0237 to 0.0455
eff. sample size: 483 to 1780
needed thinning: 4 to 12
Diagnostics time 1.9 secs 

Total number of iterations 3600 - required further 0 

Keeping last 60 samples with thinning 12 

Plotting traces and samples.

Current time: 2024-11-25 09:52:20
MCMC + diagnostics time 25 secs 

Chain # 7 (chain 3 of 4 for this core)

Datapoints for testing convergence:
 #1 #2 #3 #4 #5 #6 #7 #8 #9 #10 

Iterations: 3600 
|-------------|-------------|-------------|-------------|
|-------------------------------------------------------|

Current time: 2024-11-25 09:52:28
MCMC time 33 secs 

USED COMPONENTS: 8 OF 74 

rel. MC standard error: 0.0251 to 0.0466
eff. sample size: 461 to 1580
needed thinning: 4 to 12
Diagnostics time 1.4 secs 

Total number of iterations 3600 - required further 0 

Keeping last 60 samples with thinning 12 

Plotting traces and samples.

Current time: 2024-11-25 09:52:30
MCMC + diagnostics time 35 secs 

Chain # 8 (chain 4 of 4 for this core)

Datapoints for testing convergence:
 #1 #2 #3 #4 #5 #6 #7 #8 #9 #10 

Iterations: 3600 
|-------------|-------------|-------------|-------------|
|-------------------------------------------------------|

Current time: 2024-11-25 09:52:38
MCMC time 43 secs 

USED COMPONENTS: 7 OF 74 

rel. MC standard error: 0.0183 to 0.0404
eff. sample size: 614 to 2970
needed thinning: 2 to 9
Diagnostics time 1.4 secs 

Total number of iterations 3600 - required further 0 

Keeping last 60 samples with thinning 9 

Plotting traces and samples.

Current time: 2024-11-25 09:52:40
MCMC + diagnostics time 45 secs 

Current time: 2024-11-25 09:52:40
Total time 45 secs 
loaded inferno and set parent environment
loaded inferno and set parent environment
loaded inferno and set parent environment
loaded inferno and set parent environment
