Log core 5 - Current time: 2024-11-25 09:50:31
Defining model
Building model
Setting data and initial values
Running calculate on model
  [Note] Any error reports that follow may simply reflect missing values in model variables.
Checking model sizes and dimensions
Compiling
  [Note] This may take a minute.
  [Note] Use 'showCompilerOutput = TRUE' to see C++ compilation details.
===== Monitors =====
thin = 1: Bprob, Rmean, Rvar, W
thin2 = 1: K
===== Samplers =====
conjugate sampler (519)
  - Rmean[]  (148 elements)
  - Rrate[]  (148 elements)
  - Bprob[]  (74 elements)
  - Rvar[]  (148 elements)
  - W[1:74] 
categorical sampler (11)
  - Alpha
  - K[]  (10 elements)
===== Monitors =====
thin = 1: Bprob, Rmean, Rvar, W
thin2 = 1: K
===== Samplers =====
slice sampler (11)
  - Alpha
  - K[]  (10 elements)
conjugate sampler (519)
  - Rmean[]  (148 elements)
  - Rrate[]  (148 elements)
  - Bprob[]  (74 elements)
  - Rvar[]  (148 elements)
  - W[1:74] 
Compiling
  [Note] This may take a minute.
  [Note] Use 'showCompilerOutput = TRUE' to see C++ compilation details.

Setup time 1.4 mins 

Chain # 17 (chain 1 of 4 for this core)

Datapoints for testing convergence:
 #1 #2 #3 #4 #5 #6 #7 #8 #9 #10 

Iterations: 3600 
|-------------|-------------|-------------|-------------|
|-------------------------------------------------------|

Current time: 2024-11-25 09:52:05
MCMC time 8.7 secs 

USED COMPONENTS: 8 OF 74 

rel. MC standard error: 0.0182 to 0.0436
eff. sample size: 526 to 3010
needed thinning: 2 to 11
Diagnostics time 2 secs 

Total number of iterations 3600 - required further 0 

Keeping last 60 samples with thinning 11 

Plotting traces and samples.

Current time: 2024-11-25 09:52:10
MCMC + diagnostics time 14 secs 

Chain # 18 (chain 2 of 4 for this core)

Datapoints for testing convergence:
 #1 #2 #3 #4 #5 #6 #7 #8 #9 #10 

Iterations: 3600 
|-------------|-------------|-------------|-------------|
|-------------------------------------------------------|

Current time: 2024-11-25 09:52:18
MCMC time 22 secs 

USED COMPONENTS: 6 OF 74 

rel. MC standard error: 0.0178 to 0.0485
eff. sample size: 425 to 3160
needed thinning: 2 to 13
Diagnostics time 1.8 secs 

Total number of iterations 3600 - required further 0 

Keeping last 60 samples with thinning 13 

Plotting traces and samples.

Current time: 2024-11-25 09:52:22
MCMC + diagnostics time 26 secs 

Chain # 19 (chain 3 of 4 for this core)

Datapoints for testing convergence:
 #1 #2 #3 #4 #5 #6 #7 #8 #9 #10 

Iterations: 3600 
|-------------|-------------|-------------|-------------|
|-------------------------------------------------------|

Current time: 2024-11-25 09:52:31
MCMC time 34 secs 

USED COMPONENTS: 7 OF 74 

rel. MC standard error: 0.0201 to 0.0439
eff. sample size: 519 to 2470
needed thinning: 3 to 11
Diagnostics time 1.5 secs 

Total number of iterations 3600 - required further 0 

Keeping last 60 samples with thinning 11 

Plotting traces and samples.

Current time: 2024-11-25 09:52:33
MCMC + diagnostics time 37 secs 

Chain # 20 (chain 4 of 4 for this core)

Datapoints for testing convergence:
 #1 #2 #3 #4 #5 #6 #7 #8 #9 #10 

Iterations: 3600 
|-------------|-------------|-------------|-------------|
|-------------------------------------------------------|

Current time: 2024-11-25 09:52:41
MCMC time 45 secs 

USED COMPONENTS: 6 OF 74 

rel. MC standard error: 0.0166 to 0.0352
eff. sample size: 806 to 3610
needed thinning: 2 to 7
Diagnostics time 1.2 secs 

Total number of iterations 3600 - required further 0 

Keeping last 60 samples with thinning 7 

Plotting traces and samples.

Current time: 2024-11-25 09:52:44
MCMC + diagnostics time 48 secs 

Current time: 2024-11-25 09:52:44
Total time 48 secs 
loaded inferno and set parent environment
loaded inferno and set parent environment
loaded inferno and set parent environment
loaded inferno and set parent environment
