Log core 18 - Current time: 2024-11-19 10:16:26
Defining model
Building model
Setting data and initial values
Running calculate on model
  [Note] Any error reports that follow may simply reflect missing values in model variables.
Checking model sizes and dimensions
Compiling
  [Note] This may take a minute.
  [Note] Use 'showCompilerOutput = TRUE' to see C++ compilation details.
===== Monitors =====
thin = 1: Bprob, Rmean, Rvar, W
thin2 = 1: K
===== Samplers =====
conjugate sampler (519)
  - Rmean[]  (148 elements)
  - Rrate[]  (148 elements)
  - Bprob[]  (74 elements)
  - Rvar[]  (148 elements)
  - W[1:74] 
categorical sampler (1201)
  - Alpha
  - K[]  (1200 elements)
===== Monitors =====
thin = 1: Bprob, Rmean, Rvar, W
thin2 = 1: K
===== Samplers =====
slice sampler (1201)
  - Alpha
  - K[]  (1200 elements)
conjugate sampler (519)
  - Rmean[]  (148 elements)
  - Rrate[]  (148 elements)
  - Bprob[]  (74 elements)
  - Rvar[]  (148 elements)
  - W[1:74] 
Compiling
  [Note] This may take a minute.
  [Note] Use 'showCompilerOutput = TRUE' to see C++ compilation details.

Setup time 4.4 mins 

Chain # 18 (chain 1 of 1 for this core)

Datapoints for testing convergence:
 #117 #161 #163 #219 #237 #242 #409 #420 #479 #500 #519 #589 #688 #702 #789 #873 #940 #1090 #1159 #1188 

Iterations: 3600 
|-------------|-------------|-------------|-------------|
|-------------------------------------------------------|

Current time: 2024-11-19 10:29:44
MCMC time 8.9 mins 

USED COMPONENTS: 48 OF 74 

rel. MC standard error: 0.0169 to 0.0441
eff. sample size: 513 to 3490
needed thinning: 2 to 11
Diagnostics time 2.8 secs 

Total number of iterations 3600 - required further 0 

Keeping last 60 samples with thinning 11 

Plotting traces and samples.

Current time: 2024-11-19 10:29:48
MCMC + diagnostics time 8.9 mins 

Current time: 2024-11-19 10:29:48
Total time 8.9 mins 
loaded inferno and set parent environment
loaded inferno and set parent environment
loaded inferno and set parent environment
loaded inferno and set parent environment
