Log core 1 - Current time: 2024-11-19 10:16:26
Defining model
Building model
Setting data and initial values
Running calculate on model
  [Note] Any error reports that follow may simply reflect missing values in model variables.
Checking model sizes and dimensions
Compiling
  [Note] This may take a minute.
  [Note] Use 'showCompilerOutput = TRUE' to see C++ compilation details.
===== Monitors =====
thin = 1: Bprob, Rmean, Rvar, W
thin2 = 1: K
===== Samplers =====
conjugate sampler (519)
  - Rmean[]  (148 elements)
  - Rrate[]  (148 elements)
  - Bprob[]  (74 elements)
  - Rvar[]  (148 elements)
  - W[1:74] 
categorical sampler (1201)
  - Alpha
  - K[]  (1200 elements)
===== Monitors =====
thin = 1: Bprob, Rmean, Rvar, W
thin2 = 1: K
===== Samplers =====
slice sampler (1201)
  - Alpha
  - K[]  (1200 elements)
conjugate sampler (519)
  - Rmean[]  (148 elements)
  - Rrate[]  (148 elements)
  - Bprob[]  (74 elements)
  - Rvar[]  (148 elements)
  - W[1:74] 
Compiling
  [Note] This may take a minute.
  [Note] Use 'showCompilerOutput = TRUE' to see C++ compilation details.

Setup time 3 mins 

Chain # 1 (chain 1 of 1 for this core)

Datapoints for testing convergence:
 #101 #256 #359 #437 #502 #552 #602 #644 #662 #667 #768 #785 #797 #851 #853 #945 #967 #1046 #1113 #1188 

Iterations: 3600 
|-------------|-------------|-------------|-------------|
|-------------------------------------------------------|

Current time: 2024-11-19 10:25:48
MCMC time 6.4 mins 

USED COMPONENTS: 50 OF 74 

rel. MC standard error: 0.0164 to 0.0817
eff. sample size: 150 to 3720
needed thinning: 2 to 37
Diagnostics time 2.2 secs 

Total number of iterations 3600 - required further 287 

Chain # 1 - chunk 2 (chain 1 of 1 for this core): increasing by 288 

Iterations: 288 
|-------------|-------------|-------------|-------------|
|-------------------------------------------------------|

Current time: 2024-11-19 10:26:21
MCMC time 6.9 mins 

USED COMPONENTS: 50 OF 74 

rel. MC standard error: 0.0158 to 0.079
eff. sample size: 160 to 4020
needed thinning: 2 to 37
Diagnostics time 0.17 secs 

Total number of iterations 3888 - required further 287 

Chain # 1 - chunk 3 (chain 1 of 1 for this core): increasing by 288 

Iterations: 288 
|-------------|-------------|-------------|-------------|
|-------------------------------------------------------|

Current time: 2024-11-19 10:26:52
MCMC time 7.4 mins 

USED COMPONENTS: 49 OF 74 

rel. MC standard error: 0.0145 to 0.0784
eff. sample size: 163 to 4750
needed thinning: 2 to 39
Diagnostics time 0.19 secs 

Total number of iterations 4176 - required further 303 

Chain # 1 - chunk 4 (chain 1 of 1 for this core): increasing by 304 

Iterations: 304 
|-------------|-------------|-------------|-------------|
|-------------------------------------------------------|

Current time: 2024-11-19 10:27:24
MCMC time 8 mins 

USED COMPONENTS: 49 OF 74 

rel. MC standard error: 0.0143 to 0.0731
eff. sample size: 187 to 4880
needed thinning: 2 to 36
Diagnostics time 0.18 secs 

Total number of iterations 4480 - required further 279 

Chain # 1 - chunk 5 (chain 1 of 1 for this core): increasing by 280 

Iterations: 280 
|-------------|-------------|-------------|-------------|
|-------------------------------------------------------|

Current time: 2024-11-19 10:27:55
MCMC time 8.5 mins 

USED COMPONENTS: 49 OF 74 

rel. MC standard error: 0.0129 to 0.0783
eff. sample size: 163 to 6020
needed thinning: 2 to 44
Diagnostics time 0.21 secs 

Total number of iterations 4760 - required further 341 

Chain # 1 - chunk 6 (chain 1 of 1 for this core): increasing by 342 

Iterations: 342 
|-------------|-------------|-------------|-------------|
|-------------------------------------------------------|

Current time: 2024-11-19 10:28:32
MCMC time 9.1 mins 

USED COMPONENTS: 50 OF 74 

rel. MC standard error: 0.0142 to 0.0772
eff. sample size: 168 to 4940
needed thinning: 2 to 46
Diagnostics time 0.21 secs 

Total number of iterations 5102 - required further 357 

Chain # 1 - chunk 7 (chain 1 of 1 for this core): increasing by 358 

Iterations: 358 
|-------------|-------------|-------------|-------------|
|-------------------------------------------------------|

Current time: 2024-11-19 10:29:10
MCMC time 9.8 mins 

USED COMPONENTS: 50 OF 74 

rel. MC standard error: 0.0134 to 0.0738
eff. sample size: 184 to 5530
needed thinning: 2 to 45
Diagnostics time 0.23 secs 

Total number of iterations 5460 - required further 349 

Chain # 1 - chunk 8 (chain 1 of 1 for this core): increasing by 350 

Iterations: 350 
|-------------|-------------|-------------|-------------|
|-------------------------------------------------------|

Current time: 2024-11-19 10:29:48
MCMC time 10 mins 

USED COMPONENTS: 50 OF 74 

rel. MC standard error: 0.0132 to 0.0724
eff. sample size: 191 to 5760
needed thinning: 2 to 46
Diagnostics time 0.22 secs 

Total number of iterations 5810 - required further 357 

Chain # 1 - chunk 9 (chain 1 of 1 for this core): increasing by 358 

Iterations: 358 
|-------------|-------------|-------------|-------------|
|-------------------------------------------------------|

Current time: 2024-11-19 10:30:27
MCMC time 11 mins 

USED COMPONENTS: 50 OF 74 

rel. MC standard error: 0.0128 to 0.0739
eff. sample size: 183 to 6110
needed thinning: 2 to 51
Diagnostics time 0.28 secs 

Total number of iterations 6168 - required further 396 

Chain # 1 - chunk 10 (chain 1 of 1 for this core): increasing by 397 

Iterations: 397 
|-------------|-------------|-------------|-------------|
|-------------------------------------------------------|

Current time: 2024-11-19 10:31:10
MCMC time 12 mins 

USED COMPONENTS: 50 OF 74 

rel. MC standard error: 0.0124 to 0.072
eff. sample size: 193 to 6510
needed thinning: 2 to 51
Diagnostics time 0.77 secs 

Total number of iterations 6565 - required further 396 

Chain # 1 - chunk 11 (chain 1 of 1 for this core): increasing by 397 

Iterations: 397 
|-------------|-------------|-------------|-------------|
|-------------------------------------------------------|

Current time: 2024-11-19 10:31:53
MCMC time 12 mins 

USED COMPONENTS: 51 OF 74 

rel. MC standard error: 0.0132 to 0.0709
eff. sample size: 199 to 5780
needed thinning: 2 to 53
Diagnostics time 0.23 secs 

Total number of iterations 6962 - required further 411 

Chain # 1 - chunk 12 (chain 1 of 1 for this core): increasing by 412 

Iterations: 412 
|-------------|-------------|-------------|-------------|
|-------------------------------------------------------|

Current time: 2024-11-19 10:32:36
MCMC time 13 mins 

USED COMPONENTS: 51 OF 74 

rel. MC standard error: 0.0115 to 0.0705
eff. sample size: 201 to 7550
needed thinning: 2 to 55
Diagnostics time 0.21 secs 

Total number of iterations 7374 - required further 427 

Chain # 1 - chunk 13 (chain 1 of 1 for this core): increasing by 428 

Iterations: 428 
|-------------|-------------|-------------|-------------|
|-------------------------------------------------------|

Current time: 2024-11-19 10:33:21
MCMC time 14 mins 

USED COMPONENTS: 50 OF 74 

rel. MC standard error: 0.0114 to 0.0707
eff. sample size: 200 to 7710
needed thinning: 2 to 59
Diagnostics time 0.24 secs 

Total number of iterations 7802 - required further 458 

Chain # 1 - chunk 14 (chain 1 of 1 for this core): increasing by 459 

Iterations: 459 
|-------------|-------------|-------------|-------------|
|-------------------------------------------------------|

Current time: 2024-11-19 10:34:10
MCMC time 15 mins 

USED COMPONENTS: 50 OF 74 

rel. MC standard error: 0.0114 to 0.0689
eff. sample size: 210 to 7700
needed thinning: 2 to 59
Diagnostics time 0.76 secs 

Total number of iterations 8261 - required further 458 

Chain # 1 - chunk 15 (chain 1 of 1 for this core): increasing by 459 

Iterations: 459 
|-------------|-------------|-------------|-------------|
|-------------------------------------------------------|

Current time: 2024-11-19 10:34:58
MCMC time 16 mins 

USED COMPONENTS: 51 OF 74 

rel. MC standard error: 0.0101 to 0.0689
eff. sample size: 210 to 9730
needed thinning: 2 to 63
Diagnostics time 0.25 secs 

Total number of iterations 8720 - required further 488 

Chain # 1 - chunk 16 (chain 1 of 1 for this core): increasing by 489 

Iterations: 489 
|-------------|-------------|-------------|-------------|
|-------------------------------------------------------|

Current time: 2024-11-19 10:35:50
MCMC time 16 mins 

USED COMPONENTS: 50 OF 74 

rel. MC standard error: 0.0105 to 0.0669
eff. sample size: 223 to 9120
needed thinning: 2 to 62
Diagnostics time 0.28 secs 

Total number of iterations 9209 - required further 481 

Chain # 1 - chunk 17 (chain 1 of 1 for this core): increasing by 482 

Iterations: 482 
|-------------|-------------|-------------|-------------|
|-------------------------------------------------------|

Current time: 2024-11-19 10:36:41
MCMC time 17 mins 

USED COMPONENTS: 50 OF 74 

rel. MC standard error: 0.0103 to 0.0665
eff. sample size: 226 to 9370
needed thinning: 2 to 65
Diagnostics time 0.24 secs 

Total number of iterations 9691 - required further 504 

Chain # 1 - chunk 18 (chain 1 of 1 for this core): increasing by 505 

Iterations: 505 
|-------------|-------------|-------------|-------------|
|-------------------------------------------------------|

Current time: 2024-11-19 10:37:34
MCMC time 18 mins 

USED COMPONENTS: 50 OF 74 

rel. MC standard error: 0.0104 to 0.0658
eff. sample size: 231 to 9290
needed thinning: 2 to 67
Diagnostics time 0.35 secs 

Total number of iterations 10196 - required further 519 

Chain # 1 - chunk 19 (chain 1 of 1 for this core): increasing by 520 

Iterations: 520 
|-------------|-------------|-------------|-------------|
|-------------------------------------------------------|

Current time: 2024-11-19 10:38:29
MCMC time 19 mins 

USED COMPONENTS: 51 OF 74 

rel. MC standard error: 0.00949 to 0.0654
eff. sample size: 234 to 11100
needed thinning: 2 to 69
Diagnostics time 0.29 secs 

Total number of iterations 10716 - required further 535 

Chain # 1 - chunk 20 (chain 1 of 1 for this core): increasing by 536 

Iterations: 536 
|-------------|-------------|-------------|-------------|
|-------------------------------------------------------|

Current time: 2024-11-19 10:39:25
MCMC time 20 mins 

USED COMPONENTS: 51 OF 74 

rel. MC standard error: 0.00904 to 0.0646
eff. sample size: 239 to 12200
needed thinning: 2 to 71
Diagnostics time 0.28 secs 

Total number of iterations 11252 - required further 550 

Chain # 1 - chunk 21 (chain 1 of 1 for this core): increasing by 551 

Iterations: 551 
|-------------|-------------|-------------|-------------|
|-------------------------------------------------------|

Current time: 2024-11-19 10:40:23
MCMC time 21 mins 

USED COMPONENTS: 50 OF 74 

rel. MC standard error: 0.00946 to 0.0648
eff. sample size: 238 to 11200
needed thinning: 2 to 75
Diagnostics time 0.3 secs 

Total number of iterations 11803 - required further 581 

Chain # 1 - chunk 22 (chain 1 of 1 for this core): increasing by 582 

Iterations: 582 
|-------------|-------------|-------------|-------------|
|-------------------------------------------------------|

Current time: 2024-11-19 10:41:24
MCMC time 22 mins 

USED COMPONENTS: 50 OF 74 

rel. MC standard error: 0.00929 to 0.065
eff. sample size: 236 to 11600
needed thinning: 2 to 79
Diagnostics time 0.81 secs 

Total number of iterations 12385 - required further 612 

Chain # 1 - chunk 23 (chain 1 of 1 for this core): increasing by 613 

Iterations: 613 
|-------------|-------------|-------------|-------------|
|-------------------------------------------------------|

Current time: 2024-11-19 10:42:28
MCMC time 23 mins 

USED COMPONENTS: 49 OF 74 

rel. MC standard error: 0.00866 to 0.0659
eff. sample size: 230 to 13300
needed thinning: 2 to 85
Diagnostics time 0.32 secs 

Total number of iterations 12998 - required further 659 

Chain # 1 - chunk 24 (chain 1 of 1 for this core): increasing by 660 

Iterations: 660 
|-------------|-------------|-------------|-------------|
|-------------------------------------------------------|

Current time: 2024-11-19 10:43:37
MCMC time 24 mins 

USED COMPONENTS: 48 OF 74 

rel. MC standard error: 0.00853 to 0.0665
eff. sample size: 226 to 13800
needed thinning: 2 to 91
Diagnostics time 0.42 secs 

Total number of iterations 13658 - required further 705 

Chain # 1 - chunk 25 (chain 1 of 1 for this core): increasing by 706 

Iterations: 706 
|-------------|-------------|-------------|-------------|
|-------------------------------------------------------|

Current time: 2024-11-19 10:44:51
MCMC time 25 mins 

USED COMPONENTS: 48 OF 74 

rel. MC standard error: 0.00775 to 0.0663
eff. sample size: 228 to 16700
needed thinning: 2 to 95
Diagnostics time 0.88 secs 

Total number of iterations 14364 - required further 736 

Chain # 1 - chunk 26 (chain 1 of 1 for this core): increasing by 737 

Iterations: 737 
|-------------|-------------|-------------|-------------|
|-------------------------------------------------------|

Current time: 2024-11-19 10:46:09
MCMC time 27 mins 

USED COMPONENTS: 49 OF 74 

rel. MC standard error: 0.00837 to 0.0666
eff. sample size: 225 to 14300
needed thinning: 2 to 101
Diagnostics time 0.39 secs 

Total number of iterations 15101 - required further 783 

Chain # 1 - chunk 27 (chain 1 of 1 for this core): increasing by 784 

Iterations: 784 
|-------------|-------------|-------------|-------------|
|-------------------------------------------------------|

Current time: 2024-11-19 10:47:30
MCMC time 28 mins 

USED COMPONENTS: 48 OF 74 

rel. MC standard error: 0.00842 to 0.0665
eff. sample size: 226 to 14100
needed thinning: 2 to 106
Diagnostics time 0.82 secs 

Total number of iterations 15885 - required further 822 

Chain # 1 - chunk 28 (chain 1 of 1 for this core): increasing by 823 

Iterations: 823 
|-------------|-------------|-------------|-------------|
|-------------------------------------------------------|

Current time: 2024-11-19 10:48:56
MCMC time 30 mins 

USED COMPONENTS: 48 OF 74 

rel. MC standard error: 0.00735 to 0.0665
eff. sample size: 226 to 18500
needed thinning: 2 to 111
Diagnostics time 0.9 secs 

Total number of iterations 16708 - required further 860 

Chain # 1 - chunk 29 (chain 1 of 1 for this core): increasing by 861 

Iterations: 861 
|-------------|-------------|-------------|-------------|
|-------------------------------------------------------|

Current time: 2024-11-19 10:50:26
MCMC time 31 mins 

USED COMPONENTS: 49 OF 74 

rel. MC standard error: 0.00764 to 0.066
eff. sample size: 230 to 17100
needed thinning: 2 to 115
Diagnostics time 0.46 secs 

Total number of iterations 17569 - required further 891 

Chain # 1 - chunk 30 (chain 1 of 1 for this core): increasing by 892 

Iterations: 892 
|-------------|-------------|-------------|-------------|
|-------------------------------------------------------|

Current time: 2024-11-19 10:51:58
MCMC time 33 mins 

USED COMPONENTS: 50 OF 74 

rel. MC standard error: 0.00702 to 0.065
eff. sample size: 237 to 20300
needed thinning: 2 to 117
Diagnostics time 0.42 secs 

Total number of iterations 18461 - required further 907 

Chain # 1 - chunk 31 (chain 1 of 1 for this core): increasing by 908 

Iterations: 908 
|-------------|-------------|-------------|-------------|
|-------------------------------------------------------|

Current time: 2024-11-19 10:53:31
MCMC time 34 mins 

USED COMPONENTS: 50 OF 74 

rel. MC standard error: 0.00742 to 0.0651
eff. sample size: 236 to 18100
needed thinning: 2 to 124
Diagnostics time 0.5 secs 

Total number of iterations 19369 - required further 961 

Chain # 1 - chunk 32 (chain 1 of 1 for this core): increasing by 962 

Iterations: 962 
|-------------|-------------|-------------|-------------|
|-------------------------------------------------------|

Current time: 2024-11-19 10:55:11
MCMC time 36 mins 

USED COMPONENTS: 48 OF 74 

rel. MC standard error: 0.00752 to 0.0644
eff. sample size: 241 to 17700
needed thinning: 2 to 127
Diagnostics time 0.45 secs 

Total number of iterations 20331 - required further 984 

Chain # 1 - chunk 33 (chain 1 of 1 for this core): increasing by 985 

Iterations: 985 
|-------------|-------------|-------------|-------------|
|-------------------------------------------------------|

Current time: 2024-11-19 10:56:52
MCMC time 37 mins 

USED COMPONENTS: 48 OF 74 

rel. MC standard error: 0.0073 to 0.0637
eff. sample size: 246 to 18800
needed thinning: 2 to 130
Diagnostics time 0.97 secs 

Total number of iterations 21316 - required further 1007 

Chain # 1 - chunk 34 (chain 1 of 1 for this core): increasing by 1008 

Iterations: 1008 
|-------------|-------------|-------------|-------------|
|-------------------------------------------------------|

Current time: 2024-11-19 10:58:37
MCMC time 39 mins 

USED COMPONENTS: 47 OF 74 

rel. MC standard error: 0.00725 to 0.0631
eff. sample size: 251 to 19000
needed thinning: 2 to 134
Diagnostics time 0.5 secs 

Total number of iterations 22324 - required further 1038 

Chain # 1 - chunk 35 (chain 1 of 1 for this core): increasing by 1039 

Iterations: 1039 
|-------------|-------------|-------------|-------------|
|-------------------------------------------------------|

Current time: 2024-11-19 11:00:23
MCMC time 41 mins 

USED COMPONENTS: 47 OF 74 

rel. MC standard error: 0.00648 to 0.0624
eff. sample size: 257 to 23800
needed thinning: 2 to 137
Diagnostics time 0.98 secs 

Total number of iterations 23363 - required further 1062 

Chain # 1 - chunk 36 (chain 1 of 1 for this core): increasing by 1063 

Iterations: 1063 
|-------------|-------------|-------------|-------------|
|-------------------------------------------------------|

Current time: 2024-11-19 11:02:12
MCMC time 43 mins 

USED COMPONENTS: 48 OF 74 

rel. MC standard error: 0.00669 to 0.0618
eff. sample size: 262 to 22400
needed thinning: 2 to 140
Diagnostics time 0.57 secs 

Total number of iterations 24426 - required further 1085 

Chain # 1 - chunk 37 (chain 1 of 1 for this core): increasing by 1086 

Iterations: 1086 
|-------------|-------------|-------------|-------------|
|-------------------------------------------------------|

Current time: 2024-11-19 11:04:03
MCMC time 45 mins 

USED COMPONENTS: 48 OF 74 

rel. MC standard error: 0.00656 to 0.0611
eff. sample size: 268 to 23300
needed thinning: 2 to 143
Diagnostics time 0.96 secs 

Total number of iterations 25512 - required further 1108 

Chain # 1 - chunk 38 (chain 1 of 1 for this core): increasing by 1109 

Iterations: 1109 
|-------------|-------------|-------------|-------------|
|-------------------------------------------------------|

Current time: 2024-11-19 11:05:57
MCMC time 47 mins 

USED COMPONENTS: 48 OF 74 

rel. MC standard error: 0.00638 to 0.0607
eff. sample size: 271 to 24600
needed thinning: 2 to 148
Diagnostics time 1 secs 

Total number of iterations 26621 - required further 1147 

Chain # 1 - chunk 39 (chain 1 of 1 for this core): increasing by 1148 

Iterations: 1148 
|-------------|-------------|-------------|-------------|
|-------------------------------------------------------|

Current time: 2024-11-19 11:07:55
MCMC time 48 mins 

USED COMPONENTS: 48 OF 74 

rel. MC standard error: 0.00599 to 0.0598
eff. sample size: 280 to 27800
needed thinning: 2 to 149
Diagnostics time 0.56 secs 

Total number of iterations 27769 - required further 1155 

Chain # 1 - chunk 40 (chain 1 of 1 for this core): increasing by 1156 

Iterations: 1156 
|-------------|-------------|-------------|-------------|
|-------------------------------------------------------|

Current time: 2024-11-19 11:09:53
MCMC time 50 mins 

USED COMPONENTS: 48 OF 74 

rel. MC standard error: 0.00594 to 0.0591
eff. sample size: 287 to 28300
needed thinning: 2 to 152
Diagnostics time 0.95 secs 

Total number of iterations 28925 - required further 1178 

Chain # 1 - chunk 41 (chain 1 of 1 for this core): increasing by 1179 

Iterations: 1179 
|-------------|-------------|-------------|-------------|
|-------------------------------------------------------|

Current time: 2024-11-19 11:11:55
MCMC time 52 mins 

USED COMPONENTS: 48 OF 74 

rel. MC standard error: 0.00561 to 0.0583
eff. sample size: 294 to 31700
needed thinning: 2 to 154
Diagnostics time 0.56 secs 

Total number of iterations 30104 - required further 1193 

Chain # 1 - chunk 42 (chain 1 of 1 for this core): increasing by 1194 

Iterations: 1194 
|-------------|-------------|-------------|-------------|
|-------------------------------------------------------|

Current time: 2024-11-19 11:13:59
MCMC time 55 mins 

USED COMPONENTS: 48 OF 74 

rel. MC standard error: 0.00574 to 0.0588
eff. sample size: 289 to 30300
needed thinning: 2 to 163
Diagnostics time 1 secs 

Total number of iterations 31298 - required further 1263 

Chain # 1 - chunk 43 (chain 1 of 1 for this core): increasing by 1264 

Iterations: 1264 
|-------------|-------------|-------------|-------------|
|-------------------------------------------------------|

Current time: 2024-11-19 11:16:10
MCMC time 57 mins 

USED COMPONENTS: 48 OF 74 

rel. MC standard error: 0.00539 to 0.0593
eff. sample size: 284 to 34400
needed thinning: 2 to 172
Diagnostics time 0.67 secs 

Total number of iterations 32562 - required further 1333 

Chain # 1 - chunk 44 (chain 1 of 1 for this core): increasing by 1334 

Iterations: 1334 
|-------------|-------------|-------------|-------------|
|-------------------------------------------------------|

Current time: 2024-11-19 11:18:29
MCMC time 59 mins 

USED COMPONENTS: 48 OF 74 

rel. MC standard error: 0.00539 to 0.0598
eff. sample size: 280 to 34500
needed thinning: 2 to 182
Diagnostics time 0.59 secs 

Total number of iterations 33896 - required further 1410 

Chain # 1 - chunk 45 (chain 1 of 1 for this core): increasing by 1411 

Iterations: 1411 
|-------------|-------------|-------------|-------------|
|-------------------------------------------------------|

Current time: 2024-11-19 11:20:56
MCMC time 1 hours 

USED COMPONENTS: 48 OF 74 

rel. MC standard error: 0.0053 to 0.0593
eff. sample size: 284 to 35600
needed thinning: 2 to 187
Diagnostics time 0.71 secs 

Total number of iterations 35307 - required further 1449 

Chain # 1 - chunk 46 (chain 1 of 1 for this core): increasing by 1450 

Iterations: 1450 
|-------------|-------------|-------------|-------------|
|-------------------------------------------------------|

Current time: 2024-11-19 11:23:27
MCMC time 1.1 hours 

USED COMPONENTS: 48 OF 74 

rel. MC standard error: 0.00528 to 0.0591
eff. sample size: 286 to 35800
needed thinning: 2 to 193
Diagnostics time 0.66 secs 

Total number of iterations 36757 - required further 1495 

Chain # 1 - chunk 47 (chain 1 of 1 for this core): increasing by 1496 

Iterations: 1496 
|-------------|-------------|-------------|-------------|
|-------------------------------------------------------|

Current time: 2024-11-19 11:26:02
MCMC time 1.1 hours 

USED COMPONENTS: 49 OF 74 

rel. MC standard error: 0.00531 to 0.0589
eff. sample size: 288 to 35400
needed thinning: 2 to 200
Diagnostics time 0.7 secs 

Total number of iterations 38253 - required further 1550 

Chain # 1 - chunk 48 (chain 1 of 1 for this core): increasing by 1551 

Iterations: 1551 
|-------------|-------------|-------------|-------------|
|-------------------------------------------------------|

Current time: 2024-11-19 11:28:43
MCMC time 1.2 hours 

USED COMPONENTS: 48 OF 74 

rel. MC standard error: 0.00503 to 0.0586
eff. sample size: 291 to 39500
needed thinning: 2 to 206
Diagnostics time 1.2 secs 

Total number of iterations 39804 - required further 1596 

Chain # 1 - chunk 49 (chain 1 of 1 for this core): increasing by 1597 

Iterations: 1597 
|-------------|-------------|-------------|-------------|
|-------------------------------------------------------|

Current time: 2024-11-19 11:31:29
MCMC time 1.2 hours 

USED COMPONENTS: 48 OF 74 

rel. MC standard error: 0.00493 to 0.0581
eff. sample size: 296 to 41100
needed thinning: 2 to 210
Diagnostics time 0.76 secs 

Total number of iterations 41401 - required further 1627 

Chain # 1 - chunk 50 (chain 1 of 1 for this core): increasing by 1628 

Iterations: 1628 
|-------------|-------------|-------------|-------------|
|-------------------------------------------------------|

Current time: 2024-11-19 11:34:18
MCMC time 1.2 hours 

USED COMPONENTS: 48 OF 74 

rel. MC standard error: 0.0048 to 0.0577
eff. sample size: 301 to 43400
needed thinning: 2 to 215
Diagnostics time 1.2 secs 

Total number of iterations 43029 - required further 1666 

Chain # 1 - chunk 51 (chain 1 of 1 for this core): increasing by 1667 

Iterations: 1667 
|-------------|-------------|-------------|-------------|
|-------------------------------------------------------|

Current time: 2024-11-19 11:37:11
MCMC time 1.3 hours 

USED COMPONENTS: 48 OF 74 

rel. MC standard error: 0.00469 to 0.0574
eff. sample size: 303 to 45600
needed thinning: 2 to 222
Diagnostics time 0.75 secs 

Total number of iterations 44696 - required further 1720 

Chain # 1 - chunk 52 (chain 1 of 1 for this core): increasing by 1721 

Iterations: 1721 
|-------------|-------------|-------------|-------------|
|-------------------------------------------------------|

Current time: 2024-11-19 11:40:10
MCMC time 1.3 hours 

USED COMPONENTS: 49 OF 74 

rel. MC standard error: 0.00488 to 0.057
eff. sample size: 308 to 42000
needed thinning: 2 to 227
Diagnostics time 1.3 secs 

Total number of iterations 46417 - required further 1759 

Chain # 1 - chunk 53 (chain 1 of 1 for this core): increasing by 1760 

Iterations: 1760 
|-------------|-------------|-------------|-------------|
|-------------------------------------------------------|

Current time: 2024-11-19 11:43:13
MCMC time 1.4 hours 

USED COMPONENTS: 48 OF 74 

rel. MC standard error: 0.00456 to 0.0566
eff. sample size: 313 to 48200
needed thinning: 2 to 232
Diagnostics time 1.3 secs 

Total number of iterations 48177 - required further 1798 

Chain # 1 - chunk 54 (chain 1 of 1 for this core): increasing by 1799 

Iterations: 1799 
|-------------|-------------|-------------|-------------|
|-------------------------------------------------------|

Current time: 2024-11-19 11:46:20
MCMC time 1.4 hours 

USED COMPONENTS: 47 OF 74 

rel. MC standard error: 0.00465 to 0.0561
eff. sample size: 317 to 46300
needed thinning: 2 to 237
Diagnostics time 0.8 secs 

Total number of iterations 49976 - required further 1836 

Chain # 1 - chunk 55 (chain 1 of 1 for this core): increasing by 1837 

Iterations: 1837 
|-------------|-------------|-------------|-------------|
|-------------------------------------------------------|

Current time: 2024-11-19 11:49:30
MCMC time 1.5 hours 

USED COMPONENTS: 47 OF 74 

rel. MC standard error: 0.00435 to 0.0557
eff. sample size: 322 to 52900
needed thinning: 2 to 242
Diagnostics time 1.3 secs 

Total number of iterations 51813 - required further 1875 

Chain # 1 - chunk 56 (chain 1 of 1 for this core): increasing by 1876 

Iterations: 1876 
|-------------|-------------|-------------|-------------|
|-------------------------------------------------------|

Current time: 2024-11-19 11:52:45
MCMC time 1.6 hours 

USED COMPONENTS: 47 OF 74 

rel. MC standard error: 0.00435 to 0.0552
eff. sample size: 328 to 52700
needed thinning: 2 to 246
Diagnostics time 1.2 secs 

Total number of iterations 53689 - required further 1906 

Chain # 1 - chunk 57 (chain 1 of 1 for this core): increasing by 1907 

Iterations: 1907 
|-------------|-------------|-------------|-------------|
|-------------------------------------------------------|

Current time: 2024-11-19 11:56:02
MCMC time 1.6 hours 

USED COMPONENTS: 48 OF 74 

rel. MC standard error: 0.00398 to 0.0546
eff. sample size: 335 to 63200
needed thinning: 2 to 249
Diagnostics time 0.87 secs 

Total number of iterations 55596 - required further 1929 

Chain # 1 - chunk 58 (chain 1 of 1 for this core): increasing by 1930 

Iterations: 1930 
|-------------|-------------|-------------|-------------|
|-------------------------------------------------------|

Current time: 2024-11-19 11:59:23
MCMC time 1.7 hours 

USED COMPONENTS: 48 OF 74 

rel. MC standard error: 0.00398 to 0.0541
eff. sample size: 341 to 63100
needed thinning: 2 to 253
Diagnostics time 0.92 secs 

Total number of iterations 57526 - required further 1960 

Chain # 1 - chunk 59 (chain 1 of 1 for this core): increasing by 1961 

Iterations: 1961 
|-------------|-------------|-------------|-------------|
|-------------------------------------------------------|

Current time: 2024-11-19 12:02:46
MCMC time 1.7 hours 

USED COMPONENTS: 48 OF 74 

rel. MC standard error: 0.00396 to 0.0537
eff. sample size: 346 to 63700
needed thinning: 2 to 258
Diagnostics time 0.93 secs 

Total number of iterations 59487 - required further 1999 

Chain # 1 - chunk 60 (chain 1 of 1 for this core): increasing by 2000 

Iterations: 2000 
|-------------|-------------|-------------|-------------|
|-------------------------------------------------------|

Current time: 2024-11-19 12:06:13
MCMC time 1.8 hours 

USED COMPONENTS: 48 OF 74 

rel. MC standard error: 0.00404 to 0.0531
eff. sample size: 354 to 61100
needed thinning: 2 to 261
Diagnostics time 0.99 secs 

Total number of iterations 61487 - required further 2022 

Chain # 1 - chunk 61 (chain 1 of 1 for this core): increasing by 2023 

Iterations: 2023 
|-------------|-------------|-------------|-------------|
|-------------------------------------------------------|

Current time: 2024-11-19 12:09:43
MCMC time 1.8 hours 

USED COMPONENTS: 48 OF 74 

rel. MC standard error: 0.00384 to 0.0527
eff. sample size: 359 to 67900
needed thinning: 2 to 266
Diagnostics time 1.4 secs 

Total number of iterations 63510 - required further 2061 

Chain # 1 - chunk 62 (chain 1 of 1 for this core): increasing by 2062 

Iterations: 2062 
|-------------|-------------|-------------|-------------|
|-------------------------------------------------------|

Current time: 2024-11-19 12:13:17
MCMC time 1.9 hours 

USED COMPONENTS: 48 OF 74 

rel. MC standard error: 0.00395 to 0.0524
eff. sample size: 364 to 64100
needed thinning: 2 to 271
Diagnostics time 1.4 secs 

Total number of iterations 65572 - required further 2100 

Chain # 1 - chunk 63 (chain 1 of 1 for this core): increasing by 2101 

Iterations: 2101 
|-------------|-------------|-------------|-------------|
|-------------------------------------------------------|

Current time: 2024-11-19 12:16:55
MCMC time 2 hours 

USED COMPONENTS: 48 OF 74 

rel. MC standard error: 0.00386 to 0.0518
eff. sample size: 372 to 67300
needed thinning: 2 to 273
Diagnostics time 1.4 secs 

Total number of iterations 67673 - required further 2115 

Chain # 1 - chunk 64 (chain 1 of 1 for this core): increasing by 2116 

Iterations: 2116 
|-------------|-------------|-------------|-------------|
|-------------------------------------------------------|

Current time: 2024-11-19 12:20:35
MCMC time 2 hours 

USED COMPONENTS: 48 OF 74 

rel. MC standard error: 0.0037 to 0.0514
eff. sample size: 378 to 72900
needed thinning: 2 to 278
Diagnostics time 1.3 secs 

Total number of iterations 69789 - required further 2154 

Chain # 1 - chunk 65 (chain 1 of 1 for this core): increasing by 2155 

Iterations: 2155 
|-------------|-------------|-------------|-------------|
|-------------------------------------------------------|

Current time: 2024-11-19 12:24:18
MCMC time 2.1 hours 

USED COMPONENTS: 48 OF 74 

rel. MC standard error: 0.00371 to 0.0509
eff. sample size: 386 to 72600
needed thinning: 2 to 280
Diagnostics time 1.5 secs 

Total number of iterations 71944 - required further 2169 

Chain # 1 - chunk 66 (chain 1 of 1 for this core): increasing by 2170 

Iterations: 2170 
|-------------|-------------|-------------|-------------|
|-------------------------------------------------------|

Current time: 2024-11-19 12:28:04
MCMC time 2.1 hours 

USED COMPONENTS: 49 OF 74 

rel. MC standard error: 0.00352 to 0.0504
eff. sample size: 394 to 80600
needed thinning: 2 to 283
Diagnostics time 0.95 secs 

Total number of iterations 74114 - required further 2193 

Chain # 1 - chunk 67 (chain 1 of 1 for this core): increasing by 2194 

Iterations: 2194 
|-------------|-------------|-------------|-------------|
|-------------------------------------------------------|

Current time: 2024-11-19 12:31:51
MCMC time 2.2 hours 

USED COMPONENTS: 48 OF 74 

rel. MC standard error: 0.00356 to 0.05
eff. sample size: 400 to 79100
needed thinning: 2 to 287
Diagnostics time 0.97 secs 

Total number of iterations 76308 - required further 2224 

Chain # 1 - chunk 68 (chain 1 of 1 for this core): increasing by 2225 

Iterations: 2225 
|-------------|-------------|-------------|-------------|
|-------------------------------------------------------|

Current time: 2024-11-19 12:35:42
MCMC time 2.3 hours 

USED COMPONENTS: 49 OF 74 

rel. MC standard error: 0.00326 to 0.0494
eff. sample size: 409 to 94100
needed thinning: 2 to 288
Diagnostics time 1 secs 

Total number of iterations 78533 - required further 0 

Keeping last 60 samples with thinning 288 

Plotting traces and samples.

Current time: 2024-11-19 12:35:48
MCMC + diagnostics time 2.3 hours 

Current time: 2024-11-19 12:35:48
Total time 2.3 hours 
loaded inferno and set parent environment
loaded inferno and set parent environment
loaded inferno and set parent environment
loaded inferno and set parent environment
