Log core 8 - Current time: 2024-11-19 10:16:26
Defining model
Building model
Setting data and initial values
Running calculate on model
  [Note] Any error reports that follow may simply reflect missing values in model variables.
Checking model sizes and dimensions
Compiling
  [Note] This may take a minute.
  [Note] Use 'showCompilerOutput = TRUE' to see C++ compilation details.
===== Monitors =====
thin = 1: Bprob, Rmean, Rvar, W
thin2 = 1: K
===== Samplers =====
conjugate sampler (519)
  - Rmean[]  (148 elements)
  - Rrate[]  (148 elements)
  - Bprob[]  (74 elements)
  - Rvar[]  (148 elements)
  - W[1:74] 
categorical sampler (1201)
  - Alpha
  - K[]  (1200 elements)
===== Monitors =====
thin = 1: Bprob, Rmean, Rvar, W
thin2 = 1: K
===== Samplers =====
slice sampler (1201)
  - Alpha
  - K[]  (1200 elements)
conjugate sampler (519)
  - Rmean[]  (148 elements)
  - Rrate[]  (148 elements)
  - Bprob[]  (74 elements)
  - Rvar[]  (148 elements)
  - W[1:74] 
Compiling
  [Note] This may take a minute.
  [Note] Use 'showCompilerOutput = TRUE' to see C++ compilation details.

Setup time 3 mins 

Chain # 8 (chain 1 of 1 for this core)

Datapoints for testing convergence:
 #2 #11 #37 #73 #215 #268 #364 #379 #413 #423 #560 #618 #671 #716 #814 #949 #1013 #1030 #1086 #1196 

Iterations: 3600 
|-------------|-------------|-------------|-------------|
|-------------------------------------------------------|

Current time: 2024-11-19 10:25:45
MCMC time 6.3 mins 

USED COMPONENTS: 51 OF 74 

rel. MC standard error: 0.0151 to 0.0744
eff. sample size: 181 to 4370
needed thinning: 2 to 30
Diagnostics time 2.2 secs 

Total number of iterations 3600 - required further 233 

Chain # 8 - chunk 2 (chain 1 of 1 for this core): increasing by 234 

Iterations: 234 
|-------------|-------------|-------------|-------------|
|-------------------------------------------------------|

Current time: 2024-11-19 10:26:12
MCMC time 6.8 mins 

USED COMPONENTS: 50 OF 74 

rel. MC standard error: 0.0165 to 0.073
eff. sample size: 188 to 3680
needed thinning: 2 to 31
Diagnostics time 0.15 secs 

Total number of iterations 3834 - required further 241 

Chain # 8 - chunk 3 (chain 1 of 1 for this core): increasing by 242 

Iterations: 242 
|-------------|-------------|-------------|-------------|
|-------------------------------------------------------|

Current time: 2024-11-19 10:26:38
MCMC time 7.2 mins 

USED COMPONENTS: 50 OF 74 

rel. MC standard error: 0.0138 to 0.0755
eff. sample size: 176 to 5210
needed thinning: 2 to 35
Diagnostics time 0.14 secs 

Total number of iterations 4076 - required further 272 

Chain # 8 - chunk 4 (chain 1 of 1 for this core): increasing by 273 

Iterations: 273 
|-------------|-------------|-------------|-------------|
|-------------------------------------------------------|

Current time: 2024-11-19 10:27:06
MCMC time 7.7 mins 

USED COMPONENTS: 50 OF 74 

rel. MC standard error: 0.0157 to 0.0768
eff. sample size: 170 to 4070
needed thinning: 2 to 39
Diagnostics time 0.23 secs 

Total number of iterations 4349 - required further 303 

Chain # 8 - chunk 5 (chain 1 of 1 for this core): increasing by 304 

Iterations: 304 
|-------------|-------------|-------------|-------------|
|-------------------------------------------------------|

Current time: 2024-11-19 10:27:38
MCMC time 8.2 mins 

USED COMPONENTS: 51 OF 74 

rel. MC standard error: 0.0142 to 0.0759
eff. sample size: 174 to 4960
needed thinning: 2 to 41
Diagnostics time 0.18 secs 

Total number of iterations 4653 - required further 318 

Chain # 8 - chunk 6 (chain 1 of 1 for this core): increasing by 319 

Iterations: 319 
|-------------|-------------|-------------|-------------|
|-------------------------------------------------------|

Current time: 2024-11-19 10:28:11
MCMC time 8.8 mins 

USED COMPONENTS: 49 OF 74 

rel. MC standard error: 0.0136 to 0.0737
eff. sample size: 184 to 5370
needed thinning: 2 to 41
Diagnostics time 0.17 secs 

Total number of iterations 4972 - required further 318 

Chain # 8 - chunk 7 (chain 1 of 1 for this core): increasing by 319 

Iterations: 319 
|-------------|-------------|-------------|-------------|
|-------------------------------------------------------|

Current time: 2024-11-19 10:28:45
MCMC time 9.3 mins 

USED COMPONENTS: 50 OF 74 

rel. MC standard error: 0.0138 to 0.0718
eff. sample size: 194 to 5240
needed thinning: 2 to 41
Diagnostics time 0.2 secs 

Total number of iterations 5291 - required further 318 

Chain # 8 - chunk 8 (chain 1 of 1 for this core): increasing by 319 

Iterations: 319 
|-------------|-------------|-------------|-------------|
|-------------------------------------------------------|

Current time: 2024-11-19 10:29:18
MCMC time 9.9 mins 

USED COMPONENTS: 50 OF 74 

rel. MC standard error: 0.0127 to 0.0698
eff. sample size: 206 to 6150
needed thinning: 2 to 41
Diagnostics time 0.2 secs 

Total number of iterations 5610 - required further 318 

Chain # 8 - chunk 9 (chain 1 of 1 for this core): increasing by 319 

Iterations: 319 
|-------------|-------------|-------------|-------------|
|-------------------------------------------------------|

Current time: 2024-11-19 10:29:52
MCMC time 10 mins 

USED COMPONENTS: 50 OF 74 

rel. MC standard error: 0.0119 to 0.0675
eff. sample size: 220 to 7100
needed thinning: 2 to 41
Diagnostics time 0.21 secs 

Total number of iterations 5929 - required further 318 

Chain # 8 - chunk 10 (chain 1 of 1 for this core): increasing by 319 

Iterations: 319 
|-------------|-------------|-------------|-------------|
|-------------------------------------------------------|

Current time: 2024-11-19 10:30:26
MCMC time 11 mins 

USED COMPONENTS: 50 OF 74 

rel. MC standard error: 0.0117 to 0.0666
eff. sample size: 226 to 7310
needed thinning: 2 to 42
Diagnostics time 0.19 secs 

Total number of iterations 6248 - required further 326 

Chain # 8 - chunk 11 (chain 1 of 1 for this core): increasing by 327 

Iterations: 327 
|-------------|-------------|-------------|-------------|
|-------------------------------------------------------|

Current time: 2024-11-19 10:31:01
MCMC time 12 mins 

USED COMPONENTS: 50 OF 74 

rel. MC standard error: 0.0117 to 0.0653
eff. sample size: 235 to 7350
needed thinning: 2 to 43
Diagnostics time 0.26 secs 

Total number of iterations 6575 - required further 334 

Chain # 8 - chunk 12 (chain 1 of 1 for this core): increasing by 335 

Iterations: 335 
|-------------|-------------|-------------|-------------|
|-------------------------------------------------------|

Current time: 2024-11-19 10:31:36
MCMC time 12 mins 

USED COMPONENTS: 49 OF 74 

rel. MC standard error: 0.0121 to 0.065
eff. sample size: 236 to 6810
needed thinning: 2 to 44
Diagnostics time 0.22 secs 

Total number of iterations 6910 - required further 341 

Chain # 8 - chunk 13 (chain 1 of 1 for this core): increasing by 342 

Iterations: 342 
|-------------|-------------|-------------|-------------|
|-------------------------------------------------------|

Current time: 2024-11-19 10:32:12
MCMC time 13 mins 

USED COMPONENTS: 50 OF 74 

rel. MC standard error: 0.0109 to 0.0644
eff. sample size: 241 to 8480
needed thinning: 2 to 46
Diagnostics time 0.21 secs 

Total number of iterations 7252 - required further 357 

Chain # 8 - chunk 14 (chain 1 of 1 for this core): increasing by 358 

Iterations: 358 
|-------------|-------------|-------------|-------------|
|-------------------------------------------------------|

Current time: 2024-11-19 10:32:50
MCMC time 13 mins 

USED COMPONENTS: 50 OF 74 

rel. MC standard error: 0.0104 to 0.0621
eff. sample size: 260 to 9170
needed thinning: 2 to 44
Diagnostics time 0.74 secs 

Total number of iterations 7610 - required further 341 

Chain # 8 - chunk 15 (chain 1 of 1 for this core): increasing by 342 

Iterations: 342 
|-------------|-------------|-------------|-------------|
|-------------------------------------------------------|

Current time: 2024-11-19 10:33:26
MCMC time 14 mins 

USED COMPONENTS: 50 OF 74 

rel. MC standard error: 0.00984 to 0.0617
eff. sample size: 263 to 10300
needed thinning: 2 to 46
Diagnostics time 0.2 secs 

Total number of iterations 7952 - required further 357 

Chain # 8 - chunk 16 (chain 1 of 1 for this core): increasing by 358 

Iterations: 358 
|-------------|-------------|-------------|-------------|
|-------------------------------------------------------|

Current time: 2024-11-19 10:34:04
MCMC time 15 mins 

USED COMPONENTS: 51 OF 74 

rel. MC standard error: 0.00975 to 0.0605
eff. sample size: 274 to 10500
needed thinning: 2 to 46
Diagnostics time 0.22 secs 

Total number of iterations 8310 - required further 357 

Chain # 8 - chunk 17 (chain 1 of 1 for this core): increasing by 358 

Iterations: 358 
|-------------|-------------|-------------|-------------|
|-------------------------------------------------------|

Current time: 2024-11-19 10:34:43
MCMC time 15 mins 

USED COMPONENTS: 50 OF 74 

rel. MC standard error: 0.0111 to 0.0615
eff. sample size: 264 to 8140
needed thinning: 2 to 50
Diagnostics time 0.28 secs 

Total number of iterations 8668 - required further 388 

Chain # 8 - chunk 18 (chain 1 of 1 for this core): increasing by 389 

Iterations: 389 
|-------------|-------------|-------------|-------------|
|-------------------------------------------------------|

Current time: 2024-11-19 10:35:24
MCMC time 16 mins 

USED COMPONENTS: 49 OF 74 

rel. MC standard error: 0.009 to 0.0618
eff. sample size: 262 to 12300
needed thinning: 2 to 52
Diagnostics time 0.34 secs 

Total number of iterations 9057 - required further 403 

Chain # 8 - chunk 19 (chain 1 of 1 for this core): increasing by 404 

Iterations: 404 
|-------------|-------------|-------------|-------------|
|-------------------------------------------------------|

Current time: 2024-11-19 10:36:06
MCMC time 17 mins 

USED COMPONENTS: 48 OF 74 

rel. MC standard error: 0.00985 to 0.0615
eff. sample size: 264 to 10300
needed thinning: 2 to 54
Diagnostics time 0.23 secs 

Total number of iterations 9461 - required further 419 

Chain # 8 - chunk 20 (chain 1 of 1 for this core): increasing by 420 

Iterations: 420 
|-------------|-------------|-------------|-------------|
|-------------------------------------------------------|

Current time: 2024-11-19 10:36:50
MCMC time 17 mins 

USED COMPONENTS: 48 OF 74 

rel. MC standard error: 0.00944 to 0.061
eff. sample size: 269 to 11200
needed thinning: 2 to 56
Diagnostics time 0.32 secs 

Total number of iterations 9881 - required further 434 

Chain # 8 - chunk 21 (chain 1 of 1 for this core): increasing by 435 

Iterations: 435 
|-------------|-------------|-------------|-------------|
|-------------------------------------------------------|

Current time: 2024-11-19 10:37:36
MCMC time 18 mins 

USED COMPONENTS: 48 OF 74 

rel. MC standard error: 0.0086 to 0.0599
eff. sample size: 279 to 13500
needed thinning: 2 to 56
Diagnostics time 0.26 secs 

Total number of iterations 10316 - required further 434 

Chain # 8 - chunk 22 (chain 1 of 1 for this core): increasing by 435 

Iterations: 435 
|-------------|-------------|-------------|-------------|
|-------------------------------------------------------|

Current time: 2024-11-19 10:38:22
MCMC time 19 mins 

USED COMPONENTS: 48 OF 74 

rel. MC standard error: 0.0093 to 0.059
eff. sample size: 287 to 11600
needed thinning: 2 to 57
Diagnostics time 0.27 secs 

Total number of iterations 10751 - required further 442 

Chain # 8 - chunk 23 (chain 1 of 1 for this core): increasing by 443 

Iterations: 443 
|-------------|-------------|-------------|-------------|
|-------------------------------------------------------|

Current time: 2024-11-19 10:39:09
MCMC time 20 mins 

USED COMPONENTS: 48 OF 74 

rel. MC standard error: 0.00828 to 0.0596
eff. sample size: 282 to 14600
needed thinning: 2 to 60
Diagnostics time 0.46 secs 

Total number of iterations 11194 - required further 465 

Chain # 8 - chunk 24 (chain 1 of 1 for this core): increasing by 466 

Iterations: 466 
|-------------|-------------|-------------|-------------|
|-------------------------------------------------------|

Current time: 2024-11-19 10:39:58
MCMC time 21 mins 

USED COMPONENTS: 48 OF 74 

rel. MC standard error: 0.00867 to 0.0593
eff. sample size: 284 to 13300
needed thinning: 2 to 62
Diagnostics time 0.87 secs 

Total number of iterations 11660 - required further 481 

Chain # 8 - chunk 25 (chain 1 of 1 for this core): increasing by 482 

Iterations: 482 
|-------------|-------------|-------------|-------------|
|-------------------------------------------------------|

Current time: 2024-11-19 10:40:49
MCMC time 21 mins 

USED COMPONENTS: 49 OF 74 

rel. MC standard error: 0.00842 to 0.0584
eff. sample size: 293 to 14100
needed thinning: 2 to 63
Diagnostics time 0.26 secs 

Total number of iterations 12142 - required further 488 

Chain # 8 - chunk 26 (chain 1 of 1 for this core): increasing by 489 

Iterations: 489 
|-------------|-------------|-------------|-------------|
|-------------------------------------------------------|

Current time: 2024-11-19 10:41:40
MCMC time 22 mins 

USED COMPONENTS: 48 OF 74 

rel. MC standard error: 0.00831 to 0.0576
eff. sample size: 302 to 14500
needed thinning: 2 to 63
Diagnostics time 0.95 secs 

Total number of iterations 12631 - required further 488 

Chain # 8 - chunk 27 (chain 1 of 1 for this core): increasing by 489 

Iterations: 489 
|-------------|-------------|-------------|-------------|
|-------------------------------------------------------|

Current time: 2024-11-19 10:42:32
MCMC time 23 mins 

USED COMPONENTS: 47 OF 74 

rel. MC standard error: 0.00805 to 0.0583
eff. sample size: 295 to 15400
needed thinning: 2 to 67
Diagnostics time 0.24 secs 

Total number of iterations 13120 - required further 519 

Chain # 8 - chunk 28 (chain 1 of 1 for this core): increasing by 520 

Iterations: 520 
|-------------|-------------|-------------|-------------|
|-------------------------------------------------------|

Current time: 2024-11-19 10:43:26
MCMC time 24 mins 

USED COMPONENTS: 48 OF 74 

rel. MC standard error: 0.00803 to 0.0579
eff. sample size: 298 to 15500
needed thinning: 2 to 69
Diagnostics time 0.29 secs 

Total number of iterations 13640 - required further 535 

Chain # 8 - chunk 29 (chain 1 of 1 for this core): increasing by 536 

Iterations: 536 
|-------------|-------------|-------------|-------------|
|-------------------------------------------------------|

Current time: 2024-11-19 10:44:22
MCMC time 25 mins 

USED COMPONENTS: 47 OF 74 

rel. MC standard error: 0.00779 to 0.0591
eff. sample size: 286 to 16500
needed thinning: 2 to 75
Diagnostics time 0.34 secs 

Total number of iterations 14176 - required further 581 

Chain # 8 - chunk 30 (chain 1 of 1 for this core): increasing by 582 

Iterations: 582 
|-------------|-------------|-------------|-------------|
|-------------------------------------------------------|

Current time: 2024-11-19 10:45:23
MCMC time 26 mins 

USED COMPONENTS: 48 OF 74 

rel. MC standard error: 0.00761 to 0.0587
eff. sample size: 290 to 17200
needed thinning: 2 to 77
Diagnostics time 0.82 secs 

Total number of iterations 14758 - required further 597 

Chain # 8 - chunk 31 (chain 1 of 1 for this core): increasing by 598 

Iterations: 598 
|-------------|-------------|-------------|-------------|
|-------------------------------------------------------|

Current time: 2024-11-19 10:46:26
MCMC time 27 mins 

USED COMPONENTS: 47 OF 74 

rel. MC standard error: 0.00762 to 0.0582
eff. sample size: 296 to 17200
needed thinning: 2 to 78
Diagnostics time 0.33 secs 

Total number of iterations 15356 - required further 605 

Chain # 8 - chunk 32 (chain 1 of 1 for this core): increasing by 606 

Iterations: 606 
|-------------|-------------|-------------|-------------|
|-------------------------------------------------------|

Current time: 2024-11-19 10:47:29
MCMC time 28 mins 

USED COMPONENTS: 47 OF 74 

rel. MC standard error: 0.00728 to 0.0575
eff. sample size: 303 to 18900
needed thinning: 2 to 80
Diagnostics time 0.31 secs 

Total number of iterations 15962 - required further 620 

Chain # 8 - chunk 33 (chain 1 of 1 for this core): increasing by 621 

Iterations: 621 
|-------------|-------------|-------------|-------------|
|-------------------------------------------------------|

Current time: 2024-11-19 10:48:34
MCMC time 29 mins 

USED COMPONENTS: 46 OF 74 

rel. MC standard error: 0.00752 to 0.0564
eff. sample size: 315 to 17700
needed thinning: 2 to 80
Diagnostics time 0.85 secs 

Total number of iterations 16583 - required further 620 

Chain # 8 - chunk 34 (chain 1 of 1 for this core): increasing by 621 

Iterations: 621 
|-------------|-------------|-------------|-------------|
|-------------------------------------------------------|

Current time: 2024-11-19 10:49:39
MCMC time 30 mins 

USED COMPONENTS: 46 OF 74 

rel. MC standard error: 0.00734 to 0.0551
eff. sample size: 329 to 18600
needed thinning: 2 to 79
Diagnostics time 0.33 secs 

Total number of iterations 17204 - required further 612 

Chain # 8 - chunk 35 (chain 1 of 1 for this core): increasing by 613 

Iterations: 613 
|-------------|-------------|-------------|-------------|
|-------------------------------------------------------|

Current time: 2024-11-19 10:50:43
MCMC time 31 mins 

USED COMPONENTS: 47 OF 74 

rel. MC standard error: 0.00731 to 0.0538
eff. sample size: 345 to 18700
needed thinning: 2 to 78
Diagnostics time 0.39 secs 

Total number of iterations 17817 - required further 605 

Chain # 8 - chunk 36 (chain 1 of 1 for this core): increasing by 606 

Iterations: 606 
|-------------|-------------|-------------|-------------|
|-------------------------------------------------------|

Current time: 2024-11-19 10:51:46
MCMC time 32 mins 

USED COMPONENTS: 47 OF 74 

rel. MC standard error: 0.00729 to 0.0526
eff. sample size: 361 to 18800
needed thinning: 2 to 77
Diagnostics time 0.82 secs 

Total number of iterations 18423 - required further 597 

Chain # 8 - chunk 37 (chain 1 of 1 for this core): increasing by 598 

Iterations: 598 
|-------------|-------------|-------------|-------------|
|-------------------------------------------------------|

Current time: 2024-11-19 10:52:49
MCMC time 33 mins 

USED COMPONENTS: 47 OF 74 

rel. MC standard error: 0.00745 to 0.0525
eff. sample size: 363 to 18000
needed thinning: 2 to 79
Diagnostics time 0.3 secs 

Total number of iterations 19021 - required further 612 

Chain # 8 - chunk 38 (chain 1 of 1 for this core): increasing by 613 

Iterations: 613 
|-------------|-------------|-------------|-------------|
|-------------------------------------------------------|

Current time: 2024-11-19 10:53:54
MCMC time 34 mins 

USED COMPONENTS: 46 OF 74 

rel. MC standard error: 0.00701 to 0.0524
eff. sample size: 365 to 20400
needed thinning: 2 to 81
Diagnostics time 0.31 secs 

Total number of iterations 19634 - required further 628 

Chain # 8 - chunk 39 (chain 1 of 1 for this core): increasing by 629 

Iterations: 629 
|-------------|-------------|-------------|-------------|
|-------------------------------------------------------|

Current time: 2024-11-19 10:55:00
MCMC time 36 mins 

USED COMPONENTS: 48 OF 74 

rel. MC standard error: 0.0066 to 0.0515
eff. sample size: 377 to 23000
needed thinning: 2 to 81
Diagnostics time 0.41 secs 

Total number of iterations 20263 - required further 628 

Chain # 8 - chunk 40 (chain 1 of 1 for this core): increasing by 629 

Iterations: 629 
|-------------|-------------|-------------|-------------|
|-------------------------------------------------------|

Current time: 2024-11-19 10:56:05
MCMC time 37 mins 

USED COMPONENTS: 47 OF 74 

rel. MC standard error: 0.00676 to 0.0505
eff. sample size: 392 to 21900
needed thinning: 2 to 80
Diagnostics time 0.32 secs 

Total number of iterations 20892 - required further 620 

Chain # 8 - chunk 41 (chain 1 of 1 for this core): increasing by 621 

Iterations: 621 
|-------------|-------------|-------------|-------------|
|-------------------------------------------------------|

Current time: 2024-11-19 10:57:11
MCMC time 38 mins 

USED COMPONENTS: 47 OF 74 

rel. MC standard error: 0.00643 to 0.0496
eff. sample size: 407 to 24200
needed thinning: 2 to 80
Diagnostics time 0.34 secs 

Total number of iterations 21513 - required further 0 

Keeping last 60 samples with thinning 80 

Plotting traces and samples.

Current time: 2024-11-19 10:57:12
MCMC + diagnostics time 38 mins 

Current time: 2024-11-19 10:57:12
Total time 38 mins 
loaded inferno and set parent environment
loaded inferno and set parent environment
loaded inferno and set parent environment
loaded inferno and set parent environment
