Log core 10 - Current time: 2024-11-19 10:16:26
Defining model
Building model
Setting data and initial values
Running calculate on model
  [Note] Any error reports that follow may simply reflect missing values in model variables.
Checking model sizes and dimensions
Compiling
  [Note] This may take a minute.
  [Note] Use 'showCompilerOutput = TRUE' to see C++ compilation details.
===== Monitors =====
thin = 1: Bprob, Rmean, Rvar, W
thin2 = 1: K
===== Samplers =====
conjugate sampler (519)
  - Rmean[]  (148 elements)
  - Rrate[]  (148 elements)
  - Bprob[]  (74 elements)
  - Rvar[]  (148 elements)
  - W[1:74] 
categorical sampler (1201)
  - Alpha
  - K[]  (1200 elements)
===== Monitors =====
thin = 1: Bprob, Rmean, Rvar, W
thin2 = 1: K
===== Samplers =====
slice sampler (1201)
  - Alpha
  - K[]  (1200 elements)
conjugate sampler (519)
  - Rmean[]  (148 elements)
  - Rrate[]  (148 elements)
  - Bprob[]  (74 elements)
  - Rvar[]  (148 elements)
  - W[1:74] 
Compiling
  [Note] This may take a minute.
  [Note] Use 'showCompilerOutput = TRUE' to see C++ compilation details.

Setup time 3 mins 

Chain # 10 (chain 1 of 1 for this core)

Datapoints for testing convergence:
 #26 #35 #61 #117 #389 #424 #470 #483 #493 #496 #613 #699 #731 #741 #917 #959 #1036 #1088 #1131 #1155 

Iterations: 3600 
|-------------|-------------|-------------|-------------|
|-------------------------------------------------------|

Current time: 2024-11-19 10:25:53
MCMC time 6.4 mins 

USED COMPONENTS: 50 OF 74 

rel. MC standard error: 0.0156 to 0.0403
eff. sample size: 615 to 4110
needed thinning: 2 to 9
Diagnostics time 2.2 secs 

Total number of iterations 3600 - required further 0 

Keeping last 60 samples with thinning 9 

Plotting traces and samples.

Current time: 2024-11-19 10:25:56
MCMC + diagnostics time 6.5 mins 

Current time: 2024-11-19 10:25:56
Total time 6.5 mins 
loaded inferno and set parent environment
loaded inferno and set parent environment
loaded inferno and set parent environment
loaded inferno and set parent environment
