Log core 17 - Current time: 2024-11-19 10:16:26
Defining model
Building model
Setting data and initial values
Running calculate on model
  [Note] Any error reports that follow may simply reflect missing values in model variables.
Checking model sizes and dimensions
Compiling
  [Note] This may take a minute.
  [Note] Use 'showCompilerOutput = TRUE' to see C++ compilation details.
===== Monitors =====
thin = 1: Bprob, Rmean, Rvar, W
thin2 = 1: K
===== Samplers =====
conjugate sampler (519)
  - Rmean[]  (148 elements)
  - Rrate[]  (148 elements)
  - Bprob[]  (74 elements)
  - Rvar[]  (148 elements)
  - W[1:74] 
categorical sampler (1201)
  - Alpha
  - K[]  (1200 elements)
===== Monitors =====
thin = 1: Bprob, Rmean, Rvar, W
thin2 = 1: K
===== Samplers =====
slice sampler (1201)
  - Alpha
  - K[]  (1200 elements)
conjugate sampler (519)
  - Rmean[]  (148 elements)
  - Rrate[]  (148 elements)
  - Bprob[]  (74 elements)
  - Rvar[]  (148 elements)
  - W[1:74] 
Compiling
  [Note] This may take a minute.
  [Note] Use 'showCompilerOutput = TRUE' to see C++ compilation details.

Setup time 4.2 mins 

Chain # 17 (chain 1 of 1 for this core)

Datapoints for testing convergence:
 #55 #65 #91 #154 #157 #180 #241 #349 #365 #633 #726 #737 #742 #744 #856 #886 #957 #1083 #1092 #1140 

Iterations: 3600 
|-------------|-------------|-------------|-------------|
|-------------------------------------------------------|

Current time: 2024-11-19 10:30:43
MCMC time 10 mins 

USED COMPONENTS: 53 OF 74 

rel. MC standard error: 0.0161 to 0.0604
eff. sample size: 274 to 3870
needed thinning: 2 to 20
Diagnostics time 2.6 secs 

Total number of iterations 3600 - required further 155 

Chain # 17 - chunk 2 (chain 1 of 1 for this core): increasing by 156 

Iterations: 156 
|-------------|-------------|-------------|-------------|
|-------------------------------------------------------|

Current time: 2024-11-19 10:31:07
MCMC time 11 mins 

USED COMPONENTS: 52 OF 74 

rel. MC standard error: 0.0145 to 0.0604
eff. sample size: 274 to 4790
needed thinning: 2 to 21
Diagnostics time 0.098 secs 

Total number of iterations 3756 - required further 163 

Chain # 17 - chunk 3 (chain 1 of 1 for this core): increasing by 164 

Iterations: 164 
|-------------|-------------|-------------|-------------|
|-------------------------------------------------------|

Current time: 2024-11-19 10:31:27
MCMC time 11 mins 

USED COMPONENTS: 52 OF 74 

rel. MC standard error: 0.0139 to 0.0591
eff. sample size: 286 to 5210
needed thinning: 2 to 21
Diagnostics time 0.16 secs 

Total number of iterations 3920 - required further 163 

Chain # 17 - chunk 4 (chain 1 of 1 for this core): increasing by 164 

Iterations: 164 
|-------------|-------------|-------------|-------------|
|-------------------------------------------------------|

Current time: 2024-11-19 10:31:44
MCMC time 11 mins 

USED COMPONENTS: 53 OF 74 

rel. MC standard error: 0.0138 to 0.06
eff. sample size: 278 to 5220
needed thinning: 2 to 23
Diagnostics time 0.13 secs 

Total number of iterations 4084 - required further 179 

Chain # 17 - chunk 5 (chain 1 of 1 for this core): increasing by 180 

Iterations: 180 
|-------------|-------------|-------------|-------------|
|-------------------------------------------------------|

Current time: 2024-11-19 10:32:03
MCMC time 11 mins 

USED COMPONENTS: 54 OF 74 

rel. MC standard error: 0.0138 to 0.0572
eff. sample size: 306 to 5220
needed thinning: 2 to 21
Diagnostics time 0.17 secs 

Total number of iterations 4264 - required further 163 

Chain # 17 - chunk 6 (chain 1 of 1 for this core): increasing by 164 

Iterations: 164 
|-------------|-------------|-------------|-------------|
|-------------------------------------------------------|

Current time: 2024-11-19 10:32:21
MCMC time 12 mins 

USED COMPONENTS: 53 OF 74 

rel. MC standard error: 0.0137 to 0.0592
eff. sample size: 285 to 5350
needed thinning: 2 to 24
Diagnostics time 0.1 secs 

Total number of iterations 4428 - required further 186 

Chain # 17 - chunk 7 (chain 1 of 1 for this core): increasing by 187 

Iterations: 187 
|-------------|-------------|-------------|-------------|
|-------------------------------------------------------|

Current time: 2024-11-19 10:32:40
MCMC time 12 mins 

USED COMPONENTS: 53 OF 74 

rel. MC standard error: 0.0126 to 0.056
eff. sample size: 319 to 6280
needed thinning: 2 to 22
Diagnostics time 0.13 secs 

Total number of iterations 4615 - required further 171 

Chain # 17 - chunk 8 (chain 1 of 1 for this core): increasing by 172 

Iterations: 172 
|-------------|-------------|-------------|-------------|
|-------------------------------------------------------|

Current time: 2024-11-19 10:32:58
MCMC time 12 mins 

USED COMPONENTS: 53 OF 74 

rel. MC standard error: 0.0116 to 0.0573
eff. sample size: 305 to 7400
needed thinning: 1 to 24
Diagnostics time 0.12 secs 

Total number of iterations 4787 - required further 186 

Chain # 17 - chunk 9 (chain 1 of 1 for this core): increasing by 187 

Iterations: 187 
|-------------|-------------|-------------|-------------|
|-------------------------------------------------------|

Current time: 2024-11-19 10:33:18
MCMC time 13 mins 

USED COMPONENTS: 52 OF 74 

rel. MC standard error: 0.0125 to 0.054
eff. sample size: 343 to 6390
needed thinning: 2 to 22
Diagnostics time 0.13 secs 

Total number of iterations 4974 - required further 171 

Chain # 17 - chunk 10 (chain 1 of 1 for this core): increasing by 172 

Iterations: 172 
|-------------|-------------|-------------|-------------|
|-------------------------------------------------------|

Current time: 2024-11-19 10:33:36
MCMC time 13 mins 

USED COMPONENTS: 51 OF 74 

rel. MC standard error: 0.0123 to 0.0526
eff. sample size: 361 to 6650
needed thinning: 2 to 22
Diagnostics time 0.12 secs 

Total number of iterations 5146 - required further 171 

Chain # 17 - chunk 11 (chain 1 of 1 for this core): increasing by 172 

Iterations: 172 
|-------------|-------------|-------------|-------------|
|-------------------------------------------------------|

Current time: 2024-11-19 10:33:54
MCMC time 13 mins 

USED COMPONENTS: 52 OF 74 

rel. MC standard error: 0.0124 to 0.0511
eff. sample size: 383 to 6540
needed thinning: 2 to 21
Diagnostics time 0.12 secs 

Total number of iterations 5318 - required further 163 

Chain # 17 - chunk 12 (chain 1 of 1 for this core): increasing by 164 

Iterations: 164 
|-------------|-------------|-------------|-------------|
|-------------------------------------------------------|

Current time: 2024-11-19 10:34:11
MCMC time 14 mins 

USED COMPONENTS: 52 OF 74 

rel. MC standard error: 0.012 to 0.0524
eff. sample size: 364 to 6970
needed thinning: 2 to 23
Diagnostics time 0.11 secs 

Total number of iterations 5482 - required further 179 

Chain # 17 - chunk 13 (chain 1 of 1 for this core): increasing by 180 

Iterations: 180 
|-------------|-------------|-------------|-------------|
|-------------------------------------------------------|

Current time: 2024-11-19 10:34:30
MCMC time 14 mins 

USED COMPONENTS: 51 OF 74 

rel. MC standard error: 0.0124 to 0.051
eff. sample size: 385 to 6550
needed thinning: 2 to 23
Diagnostics time 0.12 secs 

Total number of iterations 5662 - required further 179 

Chain # 17 - chunk 14 (chain 1 of 1 for this core): increasing by 180 

Iterations: 180 
|-------------|-------------|-------------|-------------|
|-------------------------------------------------------|

Current time: 2024-11-19 10:34:49
MCMC time 14 mins 

USED COMPONENTS: 51 OF 74 

rel. MC standard error: 0.0115 to 0.0485
eff. sample size: 426 to 7610
needed thinning: 2 to 21
Diagnostics time 0.1 secs 

Total number of iterations 5842 - required further 0 

Keeping last 60 samples with thinning 21 

Plotting traces and samples.

Current time: 2024-11-19 10:34:50
MCMC + diagnostics time 14 mins 

Current time: 2024-11-19 10:34:50
Total time 14 mins 
loaded inferno and set parent environment
loaded inferno and set parent environment
loaded inferno and set parent environment
loaded inferno and set parent environment
