Log core 6 - Current time: 2024-11-19 10:16:26
Defining model
Building model
Setting data and initial values
Running calculate on model
  [Note] Any error reports that follow may simply reflect missing values in model variables.
Checking model sizes and dimensions
Compiling
  [Note] This may take a minute.
  [Note] Use 'showCompilerOutput = TRUE' to see C++ compilation details.
===== Monitors =====
thin = 1: Bprob, Rmean, Rvar, W
thin2 = 1: K
===== Samplers =====
conjugate sampler (519)
  - Rmean[]  (148 elements)
  - Rrate[]  (148 elements)
  - Bprob[]  (74 elements)
  - Rvar[]  (148 elements)
  - W[1:74] 
categorical sampler (1201)
  - Alpha
  - K[]  (1200 elements)
===== Monitors =====
thin = 1: Bprob, Rmean, Rvar, W
thin2 = 1: K
===== Samplers =====
slice sampler (1201)
  - Alpha
  - K[]  (1200 elements)
conjugate sampler (519)
  - Rmean[]  (148 elements)
  - Rrate[]  (148 elements)
  - Bprob[]  (74 elements)
  - Rvar[]  (148 elements)
  - W[1:74] 
Compiling
  [Note] This may take a minute.
  [Note] Use 'showCompilerOutput = TRUE' to see C++ compilation details.

Setup time 3.1 mins 

Chain # 6 (chain 1 of 1 for this core)

Datapoints for testing convergence:
 #87 #137 #150 #151 #166 #170 #209 #281 #355 #367 #499 #613 #635 #686 #713 #789 #870 #902 #971 #1136 

Iterations: 3600 
|-------------|-------------|-------------|-------------|
|-------------------------------------------------------|

Current time: 2024-11-19 10:25:52
MCMC time 6.3 mins 

USED COMPONENTS: 52 OF 74 

rel. MC standard error: 0.0167 to 0.0923
eff. sample size: 117 to 3570
needed thinning: 2 to 46
Diagnostics time 2.2 secs 

Total number of iterations 3600 - required further 357 

Chain # 6 - chunk 2 (chain 1 of 1 for this core): increasing by 358 

Iterations: 358 
|-------------|-------------|-------------|-------------|
|-------------------------------------------------------|

Current time: 2024-11-19 10:26:32
MCMC time 7 mins 

USED COMPONENTS: 53 OF 74 

rel. MC standard error: 0.0162 to 0.0906
eff. sample size: 122 to 3800
needed thinning: 2 to 49
Diagnostics time 0.22 secs 

Total number of iterations 3958 - required further 380 

Chain # 6 - chunk 3 (chain 1 of 1 for this core): increasing by 381 

Iterations: 381 
|-------------|-------------|-------------|-------------|
|-------------------------------------------------------|

Current time: 2024-11-19 10:27:12
MCMC time 7.6 mins 

USED COMPONENTS: 53 OF 74 

rel. MC standard error: 0.0159 to 0.0897
eff. sample size: 124 to 3950
needed thinning: 2 to 53
Diagnostics time 0.28 secs 

Total number of iterations 4339 - required further 411 

Chain # 6 - chunk 4 (chain 1 of 1 for this core): increasing by 412 

Iterations: 412 
|-------------|-------------|-------------|-------------|
|-------------------------------------------------------|

Current time: 2024-11-19 10:27:56
MCMC time 8.4 mins 

USED COMPONENTS: 52 OF 74 

rel. MC standard error: 0.0137 to 0.0883
eff. sample size: 128 to 5300
needed thinning: 2 to 56
Diagnostics time 0.25 secs 

Total number of iterations 4751 - required further 434 

Chain # 6 - chunk 5 (chain 1 of 1 for this core): increasing by 435 

Iterations: 435 
|-------------|-------------|-------------|-------------|
|-------------------------------------------------------|

Current time: 2024-11-19 10:28:43
MCMC time 9.2 mins 

USED COMPONENTS: 51 OF 74 

rel. MC standard error: 0.0145 to 0.0867
eff. sample size: 133 to 4750
needed thinning: 2 to 59
Diagnostics time 0.23 secs 

Total number of iterations 5186 - required further 458 

Chain # 6 - chunk 6 (chain 1 of 1 for this core): increasing by 459 

Iterations: 459 
|-------------|-------------|-------------|-------------|
|-------------------------------------------------------|

Current time: 2024-11-19 10:29:32
MCMC time 10 mins 

USED COMPONENTS: 51 OF 74 

rel. MC standard error: 0.0119 to 0.084
eff. sample size: 142 to 7050
needed thinning: 2 to 60
Diagnostics time 0.33 secs 

Total number of iterations 5645 - required further 465 

Chain # 6 - chunk 7 (chain 1 of 1 for this core): increasing by 466 

Iterations: 466 
|-------------|-------------|-------------|-------------|
|-------------------------------------------------------|

Current time: 2024-11-19 10:30:22
MCMC time 11 mins 

USED COMPONENTS: 50 OF 74 

rel. MC standard error: 0.0132 to 0.0817
eff. sample size: 150 to 5730
needed thinning: 2 to 62
Diagnostics time 0.81 secs 

Total number of iterations 6111 - required further 481 

Chain # 6 - chunk 8 (chain 1 of 1 for this core): increasing by 482 

Iterations: 482 
|-------------|-------------|-------------|-------------|
|-------------------------------------------------------|

Current time: 2024-11-19 10:31:13
MCMC time 12 mins 

USED COMPONENTS: 50 OF 74 

rel. MC standard error: 0.0109 to 0.0795
eff. sample size: 158 to 8400
needed thinning: 2 to 63
Diagnostics time 0.28 secs 

Total number of iterations 6593 - required further 488 

Chain # 6 - chunk 9 (chain 1 of 1 for this core): increasing by 489 

Iterations: 489 
|-------------|-------------|-------------|-------------|
|-------------------------------------------------------|

Current time: 2024-11-19 10:32:04
MCMC time 13 mins 

USED COMPONENTS: 51 OF 74 

rel. MC standard error: 0.0111 to 0.0795
eff. sample size: 158 to 8070
needed thinning: 2 to 68
Diagnostics time 0.27 secs 

Total number of iterations 7082 - required further 527 

Chain # 6 - chunk 10 (chain 1 of 1 for this core): increasing by 528 

Iterations: 528 
|-------------|-------------|-------------|-------------|
|-------------------------------------------------------|

Current time: 2024-11-19 10:32:59
MCMC time 13 mins 

USED COMPONENTS: 51 OF 74 

rel. MC standard error: 0.00992 to 0.0795
eff. sample size: 158 to 10200
needed thinning: 2 to 73
Diagnostics time 0.78 secs 

Total number of iterations 7610 - required further 566 

Chain # 6 - chunk 11 (chain 1 of 1 for this core): increasing by 567 

Iterations: 567 
|-------------|-------------|-------------|-------------|
|-------------------------------------------------------|

Current time: 2024-11-19 10:33:59
MCMC time 14 mins 

USED COMPONENTS: 51 OF 74 

rel. MC standard error: 0.0103 to 0.0795
eff. sample size: 158 to 9450
needed thinning: 2 to 78
Diagnostics time 0.3 secs 

Total number of iterations 8177 - required further 605 

Chain # 6 - chunk 12 (chain 1 of 1 for this core): increasing by 606 

Iterations: 606 
|-------------|-------------|-------------|-------------|
|-------------------------------------------------------|

Current time: 2024-11-19 10:35:03
MCMC time 15 mins 

USED COMPONENTS: 50 OF 74 

rel. MC standard error: 0.0105 to 0.0779
eff. sample size: 165 to 9010
needed thinning: 2 to 80
Diagnostics time 0.3 secs 

Total number of iterations 8783 - required further 620 

Chain # 6 - chunk 13 (chain 1 of 1 for this core): increasing by 621 

Iterations: 621 
|-------------|-------------|-------------|-------------|
|-------------------------------------------------------|

Current time: 2024-11-19 10:36:08
MCMC time 17 mins 

USED COMPONENTS: 50 OF 74 

rel. MC standard error: 0.00988 to 0.0775
eff. sample size: 166 to 10200
needed thinning: 2 to 85
Diagnostics time 0.33 secs 

Total number of iterations 9404 - required further 659 

Chain # 6 - chunk 14 (chain 1 of 1 for this core): increasing by 660 

Iterations: 660 
|-------------|-------------|-------------|-------------|
|-------------------------------------------------------|

Current time: 2024-11-19 10:37:17
MCMC time 18 mins 

USED COMPONENTS: 50 OF 74 

rel. MC standard error: 0.0098 to 0.0767
eff. sample size: 170 to 10400
needed thinning: 2 to 89
Diagnostics time 0.39 secs 

Total number of iterations 10064 - required further 690 

Chain # 6 - chunk 15 (chain 1 of 1 for this core): increasing by 691 

Iterations: 691 
|-------------|-------------|-------------|-------------|
|-------------------------------------------------------|

Current time: 2024-11-19 10:38:29
MCMC time 19 mins 

USED COMPONENTS: 51 OF 74 

rel. MC standard error: 0.00943 to 0.0755
eff. sample size: 176 to 11300
needed thinning: 2 to 92
Diagnostics time 0.82 secs 

Total number of iterations 10755 - required further 713 

Chain # 6 - chunk 16 (chain 1 of 1 for this core): increasing by 714 

Iterations: 714 
|-------------|-------------|-------------|-------------|
|-------------------------------------------------------|

Current time: 2024-11-19 10:39:44
MCMC time 20 mins 

USED COMPONENTS: 50 OF 74 

rel. MC standard error: 0.0086 to 0.0746
eff. sample size: 180 to 13500
needed thinning: 2 to 96
Diagnostics time 0.36 secs 

Total number of iterations 11469 - required further 744 

Chain # 6 - chunk 17 (chain 1 of 1 for this core): increasing by 745 

Iterations: 745 
|-------------|-------------|-------------|-------------|
|-------------------------------------------------------|

Current time: 2024-11-19 10:41:02
MCMC time 21 mins 

USED COMPONENTS: 50 OF 74 

rel. MC standard error: 0.00896 to 0.0732
eff. sample size: 187 to 12500
needed thinning: 2 to 99
Diagnostics time 0.37 secs 

Total number of iterations 12214 - required further 767 

Chain # 6 - chunk 18 (chain 1 of 1 for this core): increasing by 768 

Iterations: 768 
|-------------|-------------|-------------|-------------|
|-------------------------------------------------------|

Current time: 2024-11-19 10:42:22
MCMC time 23 mins 

USED COMPONENTS: 50 OF 74 

rel. MC standard error: 0.00829 to 0.0734
eff. sample size: 186 to 14500
needed thinning: 2 to 105
Diagnostics time 0.89 secs 

Total number of iterations 12982 - required further 814 

Chain # 6 - chunk 19 (chain 1 of 1 for this core): increasing by 815 

Iterations: 815 
|-------------|-------------|-------------|-------------|
|-------------------------------------------------------|

Current time: 2024-11-19 10:43:48
MCMC time 24 mins 

USED COMPONENTS: 50 OF 74 

rel. MC standard error: 0.00856 to 0.0738
eff. sample size: 184 to 13600
needed thinning: 2 to 113
Diagnostics time 0.43 secs 

Total number of iterations 13797 - required further 876 

Chain # 6 - chunk 20 (chain 1 of 1 for this core): increasing by 877 

Iterations: 877 
|-------------|-------------|-------------|-------------|
|-------------------------------------------------------|

Current time: 2024-11-19 10:45:19
MCMC time 26 mins 

USED COMPONENTS: 50 OF 74 

rel. MC standard error: 0.00791 to 0.0728
eff. sample size: 189 to 16000
needed thinning: 2 to 117
Diagnostics time 0.91 secs 

Total number of iterations 14674 - required further 907 

Chain # 6 - chunk 21 (chain 1 of 1 for this core): increasing by 908 

Iterations: 908 
|-------------|-------------|-------------|-------------|
|-------------------------------------------------------|

Current time: 2024-11-19 10:46:56
MCMC time 27 mins 

USED COMPONENTS: 50 OF 74 

rel. MC standard error: 0.00796 to 0.0719
eff. sample size: 194 to 15800
needed thinning: 2 to 121
Diagnostics time 0.53 secs 

Total number of iterations 15582 - required further 938 

Chain # 6 - chunk 22 (chain 1 of 1 for this core): increasing by 939 

Iterations: 939 
|-------------|-------------|-------------|-------------|
|-------------------------------------------------------|

Current time: 2024-11-19 10:48:35
MCMC time 29 mins 

USED COMPONENTS: 50 OF 74 

rel. MC standard error: 0.00752 to 0.0708
eff. sample size: 200 to 17700
needed thinning: 2 to 125
Diagnostics time 0.44 secs 

Total number of iterations 16521 - required further 969 

Chain # 6 - chunk 23 (chain 1 of 1 for this core): increasing by 970 

Iterations: 970 
|-------------|-------------|-------------|-------------|
|-------------------------------------------------------|

Current time: 2024-11-19 10:50:16
MCMC time 31 mins 

USED COMPONENTS: 51 OF 74 

rel. MC standard error: 0.00753 to 0.07
eff. sample size: 204 to 17700
needed thinning: 2 to 129
Diagnostics time 0.49 secs 

Total number of iterations 17491 - required further 1000 

Chain # 6 - chunk 24 (chain 1 of 1 for this core): increasing by 1001 

Iterations: 1001 
|-------------|-------------|-------------|-------------|
|-------------------------------------------------------|

Current time: 2024-11-19 10:52:00
MCMC time 32 mins 

USED COMPONENTS: 51 OF 74 

rel. MC standard error: 0.00743 to 0.0694
eff. sample size: 208 to 18100
needed thinning: 2 to 134
Diagnostics time 0.45 secs 

Total number of iterations 18492 - required further 1038 

Chain # 6 - chunk 25 (chain 1 of 1 for this core): increasing by 1039 

Iterations: 1039 
|-------------|-------------|-------------|-------------|
|-------------------------------------------------------|

Current time: 2024-11-19 10:53:48
MCMC time 34 mins 

USED COMPONENTS: 51 OF 74 

rel. MC standard error: 0.00685 to 0.0686
eff. sample size: 212 to 21300
needed thinning: 2 to 139
Diagnostics time 0.51 secs 

Total number of iterations 19531 - required further 1077 

Chain # 6 - chunk 26 (chain 1 of 1 for this core): increasing by 1078 

Iterations: 1078 
|-------------|-------------|-------------|-------------|
|-------------------------------------------------------|

Current time: 2024-11-19 10:55:40
MCMC time 36 mins 

USED COMPONENTS: 51 OF 74 

rel. MC standard error: 0.00724 to 0.0679
eff. sample size: 217 to 19100
needed thinning: 2 to 143
Diagnostics time 0.99 secs 

Total number of iterations 20609 - required further 1108 

Chain # 6 - chunk 27 (chain 1 of 1 for this core): increasing by 1109 

Iterations: 1109 
|-------------|-------------|-------------|-------------|
|-------------------------------------------------------|

Current time: 2024-11-19 10:57:37
MCMC time 38 mins 

USED COMPONENTS: 51 OF 74 

rel. MC standard error: 0.00706 to 0.0672
eff. sample size: 221 to 20100
needed thinning: 2 to 148
Diagnostics time 0.73 secs 

Total number of iterations 21718 - required further 1147 

Chain # 6 - chunk 28 (chain 1 of 1 for this core): increasing by 1148 

Iterations: 1148 
|-------------|-------------|-------------|-------------|
|-------------------------------------------------------|

Current time: 2024-11-19 10:59:41
MCMC time 40 mins 

USED COMPONENTS: 51 OF 74 

rel. MC standard error: 0.00666 to 0.0667
eff. sample size: 225 to 22600
needed thinning: 2 to 153
Diagnostics time 1.2 secs 

Total number of iterations 22866 - required further 1186 

Chain # 6 - chunk 29 (chain 1 of 1 for this core): increasing by 1187 

Iterations: 1187 
|-------------|-------------|-------------|-------------|
|-------------------------------------------------------|

Current time: 2024-11-19 11:01:47
MCMC time 42 mins 

USED COMPONENTS: 51 OF 74 

rel. MC standard error: 0.00639 to 0.0656
eff. sample size: 232 to 24500
needed thinning: 2 to 156
Diagnostics time 0.64 secs 

Total number of iterations 24053 - required further 1209 

Chain # 6 - chunk 30 (chain 1 of 1 for this core): increasing by 1210 

Iterations: 1210 
|-------------|-------------|-------------|-------------|
|-------------------------------------------------------|

Current time: 2024-11-19 11:03:56
MCMC time 44 mins 

USED COMPONENTS: 50 OF 74 

rel. MC standard error: 0.00599 to 0.0646
eff. sample size: 240 to 27900
needed thinning: 2 to 159
Diagnostics time 1.3 secs 

Total number of iterations 25263 - required further 1232 

Chain # 6 - chunk 31 (chain 1 of 1 for this core): increasing by 1233 

Iterations: 1233 
|-------------|-------------|-------------|-------------|
|-------------------------------------------------------|

Current time: 2024-11-19 11:06:09
MCMC time 47 mins 

USED COMPONENTS: 50 OF 74 

rel. MC standard error: 0.00598 to 0.0631
eff. sample size: 251 to 27900
needed thinning: 2 to 159
Diagnostics time 1.3 secs 

Total number of iterations 26496 - required further 1232 

Chain # 6 - chunk 32 (chain 1 of 1 for this core): increasing by 1233 

Iterations: 1233 
|-------------|-------------|-------------|-------------|
|-------------------------------------------------------|

Current time: 2024-11-19 11:08:20
MCMC time 49 mins 

USED COMPONENTS: 50 OF 74 

rel. MC standard error: 0.00552 to 0.0621
eff. sample size: 259 to 32800
needed thinning: 2 to 161
Diagnostics time 0.65 secs 

Total number of iterations 27729 - required further 1248 

Chain # 6 - chunk 33 (chain 1 of 1 for this core): increasing by 1249 

Iterations: 1249 
|-------------|-------------|-------------|-------------|
|-------------------------------------------------------|

Current time: 2024-11-19 11:10:33
MCMC time 51 mins 

USED COMPONENTS: 52 OF 74 

rel. MC standard error: 0.00564 to 0.0616
eff. sample size: 264 to 31400
needed thinning: 2 to 165
Diagnostics time 1.1 secs 

Total number of iterations 28978 - required further 1279 

Chain # 6 - chunk 34 (chain 1 of 1 for this core): increasing by 1280 

Iterations: 1280 
|-------------|-------------|-------------|-------------|
|-------------------------------------------------------|

Current time: 2024-11-19 11:12:51
MCMC time 53 mins 

USED COMPONENTS: 50 OF 74 

rel. MC standard error: 0.00592 to 0.0602
eff. sample size: 276 to 28500
needed thinning: 2 to 165
Diagnostics time 0.66 secs 

Total number of iterations 30258 - required further 1279 

Chain # 6 - chunk 35 (chain 1 of 1 for this core): increasing by 1280 

Iterations: 1280 
|-------------|-------------|-------------|-------------|
|-------------------------------------------------------|

Current time: 2024-11-19 11:15:07
MCMC time 56 mins 

USED COMPONENTS: 51 OF 74 

rel. MC standard error: 0.00558 to 0.0595
eff. sample size: 282 to 32100
needed thinning: 2 to 168
Diagnostics time 0.6 secs 

Total number of iterations 31538 - required further 1302 

Chain # 6 - chunk 36 (chain 1 of 1 for this core): increasing by 1303 

Iterations: 1303 
|-------------|-------------|-------------|-------------|
|-------------------------------------------------------|

Current time: 2024-11-19 11:17:26
MCMC time 58 mins 

USED COMPONENTS: 51 OF 74 

rel. MC standard error: 0.00572 to 0.0584
eff. sample size: 293 to 30600
needed thinning: 2 to 169
Diagnostics time 1.3 secs 

Total number of iterations 32841 - required further 1310 

Chain # 6 - chunk 37 (chain 1 of 1 for this core): increasing by 1311 

Iterations: 1311 
|-------------|-------------|-------------|-------------|
|-------------------------------------------------------|

Current time: 2024-11-19 11:19:47
MCMC time 1 hours 

USED COMPONENTS: 50 OF 74 

rel. MC standard error: 0.0052 to 0.0576
eff. sample size: 301 to 37000
needed thinning: 2 to 171
Diagnostics time 0.7 secs 

Total number of iterations 34152 - required further 1325 

Chain # 6 - chunk 38 (chain 1 of 1 for this core): increasing by 1326 

Iterations: 1326 
|-------------|-------------|-------------|-------------|
|-------------------------------------------------------|

Current time: 2024-11-19 11:22:10
MCMC time 1 hours 

USED COMPONENTS: 51 OF 74 

rel. MC standard error: 0.00525 to 0.0571
eff. sample size: 307 to 36300
needed thinning: 2 to 174
Diagnostics time 0.85 secs 

Total number of iterations 35478 - required further 1348 

Chain # 6 - chunk 39 (chain 1 of 1 for this core): increasing by 1349 

Iterations: 1349 
|-------------|-------------|-------------|-------------|
|-------------------------------------------------------|

Current time: 2024-11-19 11:24:36
MCMC time 1.1 hours 

USED COMPONENTS: 52 OF 74 

rel. MC standard error: 0.00543 to 0.0561
eff. sample size: 318 to 33900
needed thinning: 2 to 174
Diagnostics time 0.74 secs 

Total number of iterations 36827 - required further 1348 

Chain # 6 - chunk 40 (chain 1 of 1 for this core): increasing by 1349 

Iterations: 1349 
|-------------|-------------|-------------|-------------|
|-------------------------------------------------------|

Current time: 2024-11-19 11:27:00
MCMC time 1.1 hours 

USED COMPONENTS: 52 OF 74 

rel. MC standard error: 0.00506 to 0.0551
eff. sample size: 329 to 39000
needed thinning: 2 to 175
Diagnostics time 0.68 secs 

Total number of iterations 38176 - required further 1356 

Chain # 6 - chunk 41 (chain 1 of 1 for this core): increasing by 1357 

Iterations: 1357 
|-------------|-------------|-------------|-------------|
|-------------------------------------------------------|

Current time: 2024-11-19 11:29:25
MCMC time 1.2 hours 

USED COMPONENTS: 52 OF 74 

rel. MC standard error: 0.00514 to 0.0539
eff. sample size: 344 to 37800
needed thinning: 2 to 173
Diagnostics time 0.73 secs 

Total number of iterations 39533 - required further 1341 

Chain # 6 - chunk 42 (chain 1 of 1 for this core): increasing by 1342 

Iterations: 1342 
|-------------|-------------|-------------|-------------|
|-------------------------------------------------------|

Current time: 2024-11-19 11:31:47
MCMC time 1.2 hours 

USED COMPONENTS: 52 OF 74 

rel. MC standard error: 0.00508 to 0.0534
eff. sample size: 351 to 38800
needed thinning: 2 to 175
Diagnostics time 0.67 secs 

Total number of iterations 40875 - required further 1356 

Chain # 6 - chunk 43 (chain 1 of 1 for this core): increasing by 1357 

Iterations: 1357 
|-------------|-------------|-------------|-------------|
|-------------------------------------------------------|

Current time: 2024-11-19 11:34:12
MCMC time 1.2 hours 

USED COMPONENTS: 52 OF 74 

rel. MC standard error: 0.0048 to 0.0524
eff. sample size: 364 to 43300
needed thinning: 2 to 174
Diagnostics time 0.68 secs 

Total number of iterations 42232 - required further 1348 

Chain # 6 - chunk 44 (chain 1 of 1 for this core): increasing by 1349 

Iterations: 1349 
|-------------|-------------|-------------|-------------|
|-------------------------------------------------------|

Current time: 2024-11-19 11:36:35
MCMC time 1.3 hours 

USED COMPONENTS: 52 OF 74 

rel. MC standard error: 0.00472 to 0.0517
eff. sample size: 374 to 44800
needed thinning: 2 to 175
Diagnostics time 1.3 secs 

Total number of iterations 43581 - required further 1356 

Chain # 6 - chunk 45 (chain 1 of 1 for this core): increasing by 1357 

Iterations: 1357 
|-------------|-------------|-------------|-------------|
|-------------------------------------------------------|

Current time: 2024-11-19 11:39:02
MCMC time 1.3 hours 

USED COMPONENTS: 52 OF 74 

rel. MC standard error: 0.00481 to 0.0511
eff. sample size: 383 to 43200
needed thinning: 2 to 177
Diagnostics time 0.68 secs 

Total number of iterations 44938 - required further 1372 

Chain # 6 - chunk 46 (chain 1 of 1 for this core): increasing by 1373 

Iterations: 1373 
|-------------|-------------|-------------|-------------|
|-------------------------------------------------------|

Current time: 2024-11-19 11:41:28
MCMC time 1.4 hours 

USED COMPONENTS: 52 OF 74 

rel. MC standard error: 0.00478 to 0.0503
eff. sample size: 396 to 43800
needed thinning: 2 to 176
Diagnostics time 0.79 secs 

Total number of iterations 46311 - required further 1364 

Chain # 6 - chunk 47 (chain 1 of 1 for this core): increasing by 1365 

Iterations: 1365 
|-------------|-------------|-------------|-------------|
|-------------------------------------------------------|

Current time: 2024-11-19 11:43:56
MCMC time 1.4 hours 

USED COMPONENTS: 52 OF 74 

rel. MC standard error: 0.00455 to 0.0497
eff. sample size: 404 to 48400
needed thinning: 2 to 177
Diagnostics time 1.2 secs 

Total number of iterations 47676 - required further 0 

Keeping last 60 samples with thinning 177 

Plotting traces and samples.

Current time: 2024-11-19 11:44:00
MCMC + diagnostics time 1.4 hours 

Current time: 2024-11-19 11:44:00
Total time 1.4 hours 
loaded inferno and set parent environment
loaded inferno and set parent environment
loaded inferno and set parent environment
loaded inferno and set parent environment
