Log core 2 - Current time: 2024-11-19 10:16:26
Defining model
Building model
Setting data and initial values
Running calculate on model
  [Note] Any error reports that follow may simply reflect missing values in model variables.
Checking model sizes and dimensions
Compiling
  [Note] This may take a minute.
  [Note] Use 'showCompilerOutput = TRUE' to see C++ compilation details.
===== Monitors =====
thin = 1: Bprob, Rmean, Rvar, W
thin2 = 1: K
===== Samplers =====
conjugate sampler (519)
  - Rmean[]  (148 elements)
  - Rrate[]  (148 elements)
  - Bprob[]  (74 elements)
  - Rvar[]  (148 elements)
  - W[1:74] 
categorical sampler (1201)
  - Alpha
  - K[]  (1200 elements)
===== Monitors =====
thin = 1: Bprob, Rmean, Rvar, W
thin2 = 1: K
===== Samplers =====
slice sampler (1201)
  - Alpha
  - K[]  (1200 elements)
conjugate sampler (519)
  - Rmean[]  (148 elements)
  - Rrate[]  (148 elements)
  - Bprob[]  (74 elements)
  - Rvar[]  (148 elements)
  - W[1:74] 
Compiling
  [Note] This may take a minute.
  [Note] Use 'showCompilerOutput = TRUE' to see C++ compilation details.

Setup time 3.1 mins 

Chain # 2 (chain 1 of 1 for this core)

Datapoints for testing convergence:
 #109 #129 #183 #195 #261 #411 #433 #602 #614 #637 #704 #721 #782 #821 #838 #906 #919 #1063 #1118 #1166 

Iterations: 3600 
|-------------|-------------|-------------|-------------|
|-------------------------------------------------------|

Current time: 2024-11-19 10:25:58
MCMC time 6.4 mins 

USED COMPONENTS: 51 OF 74 

rel. MC standard error: 0.016 to 0.0528
eff. sample size: 359 to 3920
needed thinning: 2 to 16
Diagnostics time 2.2 secs 

Total number of iterations 3600 - required further 124 

Chain # 2 - chunk 2 (chain 1 of 1 for this core): increasing by 125 

Iterations: 125 
|-------------|-------------|-------------|-------------|
|-------------------------------------------------------|

Current time: 2024-11-19 10:26:14
MCMC time 6.7 mins 

USED COMPONENTS: 51 OF 74 

rel. MC standard error: 0.0171 to 0.0527
eff. sample size: 361 to 3430
needed thinning: 2 to 16
Diagnostics time 0.077 secs 

Total number of iterations 3725 - required further 124 

Chain # 2 - chunk 3 (chain 1 of 1 for this core): increasing by 125 

Iterations: 125 
|-------------|-------------|-------------|-------------|
|-------------------------------------------------------|

Current time: 2024-11-19 10:26:27
MCMC time 6.9 mins 

USED COMPONENTS: 50 OF 74 

rel. MC standard error: 0.0159 to 0.0511
eff. sample size: 383 to 3940
needed thinning: 2 to 16
Diagnostics time 0.12 secs 

Total number of iterations 3850 - required further 124 

Chain # 2 - chunk 4 (chain 1 of 1 for this core): increasing by 125 

Iterations: 125 
|-------------|-------------|-------------|-------------|
|-------------------------------------------------------|

Current time: 2024-11-19 10:26:40
MCMC time 7.1 mins 

USED COMPONENTS: 50 OF 74 

rel. MC standard error: 0.0152 to 0.0523
eff. sample size: 366 to 4310
needed thinning: 2 to 17
Diagnostics time 0.1 secs 

Total number of iterations 3975 - required further 132 

Chain # 2 - chunk 5 (chain 1 of 1 for this core): increasing by 133 

Iterations: 133 
|-------------|-------------|-------------|-------------|
|-------------------------------------------------------|

Current time: 2024-11-19 10:26:54
MCMC time 7.3 mins 

USED COMPONENTS: 50 OF 74 

rel. MC standard error: 0.0154 to 0.055
eff. sample size: 331 to 4200
needed thinning: 2 to 19
Diagnostics time 0.11 secs 

Total number of iterations 4108 - required further 148 

Chain # 2 - chunk 6 (chain 1 of 1 for this core): increasing by 149 

Iterations: 149 
|-------------|-------------|-------------|-------------|
|-------------------------------------------------------|

Current time: 2024-11-19 10:27:10
MCMC time 7.6 mins 

USED COMPONENTS: 50 OF 74 

rel. MC standard error: 0.016 to 0.0543
eff. sample size: 339 to 3900
needed thinning: 2 to 19
Diagnostics time 0.11 secs 

Total number of iterations 4257 - required further 148 

Chain # 2 - chunk 7 (chain 1 of 1 for this core): increasing by 149 

Iterations: 149 
|-------------|-------------|-------------|-------------|
|-------------------------------------------------------|

Current time: 2024-11-19 10:27:26
MCMC time 7.9 mins 

USED COMPONENTS: 51 OF 74 

rel. MC standard error: 0.0149 to 0.0536
eff. sample size: 348 to 4480
needed thinning: 2 to 20
Diagnostics time 0.15 secs 

Total number of iterations 4406 - required further 155 

Chain # 2 - chunk 8 (chain 1 of 1 for this core): increasing by 156 

Iterations: 156 
|-------------|-------------|-------------|-------------|
|-------------------------------------------------------|

Current time: 2024-11-19 10:27:42
MCMC time 8.1 mins 

USED COMPONENTS: 50 OF 74 

rel. MC standard error: 0.0163 to 0.0531
eff. sample size: 355 to 3740
needed thinning: 2 to 20
Diagnostics time 0.091 secs 

Total number of iterations 4562 - required further 155 

Chain # 2 - chunk 9 (chain 1 of 1 for this core): increasing by 156 

Iterations: 156 
|-------------|-------------|-------------|-------------|
|-------------------------------------------------------|

Current time: 2024-11-19 10:27:59
MCMC time 8.4 mins 

USED COMPONENTS: 50 OF 74 

rel. MC standard error: 0.0153 to 0.0512
eff. sample size: 382 to 4250
needed thinning: 2 to 19
Diagnostics time 0.13 secs 

Total number of iterations 4718 - required further 148 

Chain # 2 - chunk 10 (chain 1 of 1 for this core): increasing by 149 

Iterations: 149 
|-------------|-------------|-------------|-------------|
|-------------------------------------------------------|

Current time: 2024-11-19 10:28:15
MCMC time 8.7 mins 

USED COMPONENTS: 50 OF 74 

rel. MC standard error: 0.0156 to 0.0524
eff. sample size: 364 to 4100
needed thinning: 2 to 21
Diagnostics time 0.1 secs 

Total number of iterations 4867 - required further 163 

Chain # 2 - chunk 11 (chain 1 of 1 for this core): increasing by 164 

Iterations: 164 
|-------------|-------------|-------------|-------------|
|-------------------------------------------------------|

Current time: 2024-11-19 10:28:33
MCMC time 9 mins 

USED COMPONENTS: 50 OF 74 

rel. MC standard error: 0.0149 to 0.053
eff. sample size: 356 to 4510
needed thinning: 2 to 22
Diagnostics time 0.11 secs 

Total number of iterations 5031 - required further 171 

Chain # 2 - chunk 12 (chain 1 of 1 for this core): increasing by 172 

Iterations: 172 
|-------------|-------------|-------------|-------------|
|-------------------------------------------------------|

Current time: 2024-11-19 10:28:51
MCMC time 9.3 mins 

USED COMPONENTS: 51 OF 74 

rel. MC standard error: 0.0142 to 0.052
eff. sample size: 370 to 4930
needed thinning: 2 to 22
Diagnostics time 0.15 secs 

Total number of iterations 5203 - required further 171 

Chain # 2 - chunk 13 (chain 1 of 1 for this core): increasing by 172 

Iterations: 172 
|-------------|-------------|-------------|-------------|
|-------------------------------------------------------|

Current time: 2024-11-19 10:29:10
MCMC time 9.6 mins 

USED COMPONENTS: 50 OF 74 

rel. MC standard error: 0.0146 to 0.0529
eff. sample size: 357 to 4720
needed thinning: 2 to 23
Diagnostics time 0.14 secs 

Total number of iterations 5375 - required further 179 

Chain # 2 - chunk 14 (chain 1 of 1 for this core): increasing by 180 

Iterations: 180 
|-------------|-------------|-------------|-------------|
|-------------------------------------------------------|

Current time: 2024-11-19 10:29:29
MCMC time 9.9 mins 

USED COMPONENTS: 51 OF 74 

rel. MC standard error: 0.0139 to 0.0525
eff. sample size: 362 to 5200
needed thinning: 2 to 23
Diagnostics time 0.13 secs 

Total number of iterations 5555 - required further 179 

Chain # 2 - chunk 15 (chain 1 of 1 for this core): increasing by 180 

Iterations: 180 
|-------------|-------------|-------------|-------------|
|-------------------------------------------------------|

Current time: 2024-11-19 10:29:48
MCMC time 10 mins 

USED COMPONENTS: 50 OF 74 

rel. MC standard error: 0.0149 to 0.0516
eff. sample size: 376 to 4510
needed thinning: 2 to 23
Diagnostics time 0.14 secs 

Total number of iterations 5735 - required further 179 

Chain # 2 - chunk 16 (chain 1 of 1 for this core): increasing by 180 

Iterations: 180 
|-------------|-------------|-------------|-------------|
|-------------------------------------------------------|

Current time: 2024-11-19 10:30:08
MCMC time 11 mins 

USED COMPONENTS: 50 OF 74 

rel. MC standard error: 0.0138 to 0.0512
eff. sample size: 382 to 5240
needed thinning: 2 to 24
Diagnostics time 0.11 secs 

Total number of iterations 5915 - required further 186 

Chain # 2 - chunk 17 (chain 1 of 1 for this core): increasing by 187 

Iterations: 187 
|-------------|-------------|-------------|-------------|
|-------------------------------------------------------|

Current time: 2024-11-19 10:30:29
MCMC time 11 mins 

USED COMPONENTS: 50 OF 74 

rel. MC standard error: 0.0132 to 0.0524
eff. sample size: 365 to 5730
needed thinning: 2 to 26
Diagnostics time 0.13 secs 

Total number of iterations 6102 - required further 202 

Chain # 2 - chunk 18 (chain 1 of 1 for this core): increasing by 203 

Iterations: 203 
|-------------|-------------|-------------|-------------|
|-------------------------------------------------------|

Current time: 2024-11-19 10:30:50
MCMC time 11 mins 

USED COMPONENTS: 50 OF 74 

rel. MC standard error: 0.0136 to 0.052
eff. sample size: 370 to 5410
needed thinning: 2 to 26
Diagnostics time 0.14 secs 

Total number of iterations 6305 - required further 202 

Chain # 2 - chunk 19 (chain 1 of 1 for this core): increasing by 203 

Iterations: 203 
|-------------|-------------|-------------|-------------|
|-------------------------------------------------------|

Current time: 2024-11-19 10:31:11
MCMC time 12 mins 

USED COMPONENTS: 51 OF 74 

rel. MC standard error: 0.0134 to 0.0506
eff. sample size: 390 to 5590
needed thinning: 2 to 26
Diagnostics time 0.13 secs 

Total number of iterations 6508 - required further 202 

Chain # 2 - chunk 20 (chain 1 of 1 for this core): increasing by 203 

Iterations: 203 
|-------------|-------------|-------------|-------------|
|-------------------------------------------------------|

Current time: 2024-11-19 10:31:33
MCMC time 12 mins 

USED COMPONENTS: 50 OF 74 

rel. MC standard error: 0.0117 to 0.0495
eff. sample size: 408 to 7270
needed thinning: 2 to 25
Diagnostics time 0.16 secs 

Total number of iterations 6711 - required further 0 

Keeping last 60 samples with thinning 25 

Plotting traces and samples.

Current time: 2024-11-19 10:31:33
MCMC + diagnostics time 12 mins 

Current time: 2024-11-19 10:31:33
Total time 12 mins 
loaded inferno and set parent environment
loaded inferno and set parent environment
loaded inferno and set parent environment
loaded inferno and set parent environment
