Log core 16 - Current time: 2024-11-19 10:16:26
Defining model
Building model
Setting data and initial values
Running calculate on model
  [Note] Any error reports that follow may simply reflect missing values in model variables.
Checking model sizes and dimensions
Compiling
  [Note] This may take a minute.
  [Note] Use 'showCompilerOutput = TRUE' to see C++ compilation details.
===== Monitors =====
thin = 1: Bprob, Rmean, Rvar, W
thin2 = 1: K
===== Samplers =====
conjugate sampler (519)
  - Rmean[]  (148 elements)
  - Rrate[]  (148 elements)
  - Bprob[]  (74 elements)
  - Rvar[]  (148 elements)
  - W[1:74] 
categorical sampler (1201)
  - Alpha
  - K[]  (1200 elements)
===== Monitors =====
thin = 1: Bprob, Rmean, Rvar, W
thin2 = 1: K
===== Samplers =====
slice sampler (1201)
  - Alpha
  - K[]  (1200 elements)
conjugate sampler (519)
  - Rmean[]  (148 elements)
  - Rrate[]  (148 elements)
  - Bprob[]  (74 elements)
  - Rvar[]  (148 elements)
  - W[1:74] 
Compiling
  [Note] This may take a minute.
  [Note] Use 'showCompilerOutput = TRUE' to see C++ compilation details.

Setup time 3.1 mins 

Chain # 16 (chain 1 of 1 for this core)

Datapoints for testing convergence:
 #70 #78 #129 #147 #151 #172 #283 #376 #655 #742 #753 #762 #832 #939 #947 #967 #987 #991 #1043 #1116 

Iterations: 3600 
|-------------|-------------|-------------|-------------|
|-------------------------------------------------------|

Current time: 2024-11-19 10:25:55
MCMC time 6.4 mins 

USED COMPONENTS: 51 OF 74 

rel. MC standard error: 0.0158 to 0.0675
eff. sample size: 220 to 4000
needed thinning: 2 to 25
Diagnostics time 2.2 secs 

Total number of iterations 3600 - required further 194 

Chain # 16 - chunk 2 (chain 1 of 1 for this core): increasing by 195 

Iterations: 195 
|-------------|-------------|-------------|-------------|
|-------------------------------------------------------|

Current time: 2024-11-19 10:26:19
MCMC time 6.8 mins 

USED COMPONENTS: 50 OF 74 

rel. MC standard error: 0.0157 to 0.0653
eff. sample size: 235 to 4060
needed thinning: 2 to 25
Diagnostics time 0.14 secs 

Total number of iterations 3795 - required further 194 

Chain # 16 - chunk 3 (chain 1 of 1 for this core): increasing by 195 

Iterations: 195 
|-------------|-------------|-------------|-------------|
|-------------------------------------------------------|

Current time: 2024-11-19 10:26:40
MCMC time 7.1 mins 

USED COMPONENTS: 50 OF 74 

rel. MC standard error: 0.0145 to 0.067
eff. sample size: 223 to 4730
needed thinning: 2 to 27
Diagnostics time 0.12 secs 

Total number of iterations 3990 - required further 210 

Chain # 16 - chunk 4 (chain 1 of 1 for this core): increasing by 211 

Iterations: 211 
|-------------|-------------|-------------|-------------|
|-------------------------------------------------------|

Current time: 2024-11-19 10:27:02
MCMC time 7.5 mins 

USED COMPONENTS: 49 OF 74 

rel. MC standard error: 0.0138 to 0.0647
eff. sample size: 239 to 5260
needed thinning: 2 to 27
Diagnostics time 0.14 secs 

Total number of iterations 4201 - required further 210 

Chain # 16 - chunk 5 (chain 1 of 1 for this core): increasing by 211 

Iterations: 211 
|-------------|-------------|-------------|-------------|
|-------------------------------------------------------|

Current time: 2024-11-19 10:27:25
MCMC time 7.9 mins 

USED COMPONENTS: 49 OF 74 

rel. MC standard error: 0.0138 to 0.0623
eff. sample size: 258 to 5270
needed thinning: 2 to 26
Diagnostics time 0.12 secs 

Total number of iterations 4412 - required further 202 

Chain # 16 - chunk 6 (chain 1 of 1 for this core): increasing by 203 

Iterations: 203 
|-------------|-------------|-------------|-------------|
|-------------------------------------------------------|

Current time: 2024-11-19 10:27:46
MCMC time 8.3 mins 

USED COMPONENTS: 49 OF 74 

rel. MC standard error: 0.0135 to 0.0565
eff. sample size: 314 to 5450
needed thinning: 2 to 23
Diagnostics time 0.14 secs 

Total number of iterations 4615 - required further 179 

Chain # 16 - chunk 7 (chain 1 of 1 for this core): increasing by 180 

Iterations: 180 
|-------------|-------------|-------------|-------------|
|-------------------------------------------------------|

Current time: 2024-11-19 10:28:07
MCMC time 8.6 mins 

USED COMPONENTS: 49 OF 74 

rel. MC standard error: 0.0132 to 0.0596
eff. sample size: 281 to 5750
needed thinning: 2 to 26
Diagnostics time 0.14 secs 

Total number of iterations 4795 - required further 202 

Chain # 16 - chunk 8 (chain 1 of 1 for this core): increasing by 203 

Iterations: 203 
|-------------|-------------|-------------|-------------|
|-------------------------------------------------------|

Current time: 2024-11-19 10:28:28
MCMC time 9 mins 

USED COMPONENTS: 49 OF 74 

rel. MC standard error: 0.0131 to 0.0569
eff. sample size: 308 to 5830
needed thinning: 2 to 25
Diagnostics time 0.13 secs 

Total number of iterations 4998 - required further 194 

Chain # 16 - chunk 9 (chain 1 of 1 for this core): increasing by 195 

Iterations: 195 
|-------------|-------------|-------------|-------------|
|-------------------------------------------------------|

Current time: 2024-11-19 10:28:49
MCMC time 9.3 mins 

USED COMPONENTS: 50 OF 74 

rel. MC standard error: 0.013 to 0.0571
eff. sample size: 307 to 5880
needed thinning: 2 to 26
Diagnostics time 0.12 secs 

Total number of iterations 5193 - required further 202 

Chain # 16 - chunk 10 (chain 1 of 1 for this core): increasing by 203 

Iterations: 203 
|-------------|-------------|-------------|-------------|
|-------------------------------------------------------|

Current time: 2024-11-19 10:29:10
MCMC time 9.7 mins 

USED COMPONENTS: 50 OF 74 

rel. MC standard error: 0.0126 to 0.0567
eff. sample size: 311 to 6300
needed thinning: 2 to 27
Diagnostics time 0.13 secs 

Total number of iterations 5396 - required further 210 

Chain # 16 - chunk 11 (chain 1 of 1 for this core): increasing by 211 

Iterations: 211 
|-------------|-------------|-------------|-------------|
|-------------------------------------------------------|

Current time: 2024-11-19 10:29:33
MCMC time 10 mins 

USED COMPONENTS: 50 OF 74 

rel. MC standard error: 0.0128 to 0.0557
eff. sample size: 322 to 6090
needed thinning: 2 to 27
Diagnostics time 0.12 secs 

Total number of iterations 5607 - required further 210 

Chain # 16 - chunk 12 (chain 1 of 1 for this core): increasing by 211 

Iterations: 211 
|-------------|-------------|-------------|-------------|
|-------------------------------------------------------|

Current time: 2024-11-19 10:29:55
MCMC time 10 mins 

USED COMPONENTS: 50 OF 74 

rel. MC standard error: 0.0124 to 0.0542
eff. sample size: 340 to 6540
needed thinning: 2 to 26
Diagnostics time 0.11 secs 

Total number of iterations 5818 - required further 202 

Chain # 16 - chunk 13 (chain 1 of 1 for this core): increasing by 203 

Iterations: 203 
|-------------|-------------|-------------|-------------|
|-------------------------------------------------------|

Current time: 2024-11-19 10:30:16
MCMC time 11 mins 

USED COMPONENTS: 50 OF 74 

rel. MC standard error: 0.0126 to 0.056
eff. sample size: 319 to 6290
needed thinning: 2 to 29
Diagnostics time 0.13 secs 

Total number of iterations 6021 - required further 225 

Chain # 16 - chunk 14 (chain 1 of 1 for this core): increasing by 226 

Iterations: 226 
|-------------|-------------|-------------|-------------|
|-------------------------------------------------------|

Current time: 2024-11-19 10:30:41
MCMC time 11 mins 

USED COMPONENTS: 50 OF 74 

rel. MC standard error: 0.0111 to 0.0552
eff. sample size: 328 to 8150
needed thinning: 2 to 29
Diagnostics time 0.22 secs 

Total number of iterations 6247 - required further 225 

Chain # 16 - chunk 15 (chain 1 of 1 for this core): increasing by 226 

Iterations: 226 
|-------------|-------------|-------------|-------------|
|-------------------------------------------------------|

Current time: 2024-11-19 10:31:19
MCMC time 12 mins 

USED COMPONENTS: 50 OF 74 

rel. MC standard error: 0.0115 to 0.0533
eff. sample size: 351 to 7590
needed thinning: 2 to 28
Diagnostics time 0.26 secs 

Total number of iterations 6473 - required further 217 

Chain # 16 - chunk 16 (chain 1 of 1 for this core): increasing by 218 

Iterations: 218 
|-------------|-------------|-------------|-------------|
|-------------------------------------------------------|

Current time: 2024-11-19 10:31:56
MCMC time 12 mins 

USED COMPONENTS: 49 OF 74 

rel. MC standard error: 0.0117 to 0.0545
eff. sample size: 337 to 7320
needed thinning: 2 to 30
Diagnostics time 0.27 secs 

Total number of iterations 6691 - required further 233 

Chain # 16 - chunk 17 (chain 1 of 1 for this core): increasing by 234 

Iterations: 234 
|-------------|-------------|-------------|-------------|
|-------------------------------------------------------|

Current time: 2024-11-19 10:32:36
MCMC time 13 mins 

USED COMPONENTS: 49 OF 74 

rel. MC standard error: 0.0117 to 0.0519
eff. sample size: 371 to 7360
needed thinning: 2 to 28
Diagnostics time 0.17 secs 

Total number of iterations 6925 - required further 217 

Chain # 16 - chunk 18 (chain 1 of 1 for this core): increasing by 218 

Iterations: 218 
|-------------|-------------|-------------|-------------|
|-------------------------------------------------------|

Current time: 2024-11-19 10:32:59
MCMC time 13 mins 

USED COMPONENTS: 49 OF 74 

rel. MC standard error: 0.0113 to 0.0528
eff. sample size: 358 to 7870
needed thinning: 2 to 30
Diagnostics time 0.14 secs 

Total number of iterations 7143 - required further 233 

Chain # 16 - chunk 19 (chain 1 of 1 for this core): increasing by 234 

Iterations: 234 
|-------------|-------------|-------------|-------------|
|-------------------------------------------------------|

Current time: 2024-11-19 10:33:24
MCMC time 14 mins 

USED COMPONENTS: 49 OF 74 

rel. MC standard error: 0.0108 to 0.0511
eff. sample size: 383 to 8510
needed thinning: 2 to 29
Diagnostics time 0.14 secs 

Total number of iterations 7377 - required further 225 

Chain # 16 - chunk 20 (chain 1 of 1 for this core): increasing by 226 

Iterations: 226 
|-------------|-------------|-------------|-------------|
|-------------------------------------------------------|

Current time: 2024-11-19 10:33:48
MCMC time 14 mins 

USED COMPONENTS: 49 OF 74 

rel. MC standard error: 0.0114 to 0.051
eff. sample size: 384 to 7760
needed thinning: 2 to 30
Diagnostics time 0.14 secs 

Total number of iterations 7603 - required further 233 

Chain # 16 - chunk 21 (chain 1 of 1 for this core): increasing by 234 

Iterations: 234 
|-------------|-------------|-------------|-------------|
|-------------------------------------------------------|

Current time: 2024-11-19 10:34:12
MCMC time 15 mins 

USED COMPONENTS: 50 OF 74 

rel. MC standard error: 0.0111 to 0.0477
eff. sample size: 439 to 8150
needed thinning: 2 to 27
Diagnostics time 0.9 secs 

Total number of iterations 7837 - required further 0 

Keeping last 60 samples with thinning 27 

Plotting traces and samples.

Current time: 2024-11-19 10:34:14
MCMC + diagnostics time 15 mins 

Current time: 2024-11-19 10:34:14
Total time 15 mins 
loaded inferno and set parent environment
loaded inferno and set parent environment
loaded inferno and set parent environment
loaded inferno and set parent environment
