Log core 11 - Current time: 2024-11-19 10:16:26
Defining model
Building model
Setting data and initial values
Running calculate on model
  [Note] Any error reports that follow may simply reflect missing values in model variables.
Checking model sizes and dimensions
Compiling
  [Note] This may take a minute.
  [Note] Use 'showCompilerOutput = TRUE' to see C++ compilation details.
===== Monitors =====
thin = 1: Bprob, Rmean, Rvar, W
thin2 = 1: K
===== Samplers =====
conjugate sampler (519)
  - Rmean[]  (148 elements)
  - Rrate[]  (148 elements)
  - Bprob[]  (74 elements)
  - Rvar[]  (148 elements)
  - W[1:74] 
categorical sampler (1201)
  - Alpha
  - K[]  (1200 elements)
===== Monitors =====
thin = 1: Bprob, Rmean, Rvar, W
thin2 = 1: K
===== Samplers =====
slice sampler (1201)
  - Alpha
  - K[]  (1200 elements)
conjugate sampler (519)
  - Rmean[]  (148 elements)
  - Rrate[]  (148 elements)
  - Bprob[]  (74 elements)
  - Rvar[]  (148 elements)
  - W[1:74] 
Compiling
  [Note] This may take a minute.
  [Note] Use 'showCompilerOutput = TRUE' to see C++ compilation details.

Setup time 3.6 mins 

Chain # 11 (chain 1 of 1 for this core)

Datapoints for testing convergence:
 #40 #53 #154 #206 #330 #362 #404 #464 #513 #550 #751 #807 #821 #834 #846 #934 #1016 #1045 #1081 #1115 

Iterations: 3600 
|-------------|-------------|-------------|-------------|
|-------------------------------------------------------|

Current time: 2024-11-19 10:28:59
MCMC time 9 mins 

USED COMPONENTS: 50 OF 74 

rel. MC standard error: 0.015 to 0.08
eff. sample size: 156 to 4440
needed thinning: 2 to 35
Diagnostics time 2.4 secs 

Total number of iterations 3600 - required further 272 

Chain # 11 - chunk 2 (chain 1 of 1 for this core): increasing by 273 

Iterations: 273 
|-------------|-------------|-------------|-------------|
|-------------------------------------------------------|

Current time: 2024-11-19 10:29:38
MCMC time 9.6 mins 

USED COMPONENTS: 51 OF 74 

rel. MC standard error: 0.0155 to 0.0778
eff. sample size: 165 to 4150
needed thinning: 2 to 36
Diagnostics time 0.32 secs 

Total number of iterations 3873 - required further 279 

Chain # 11 - chunk 3 (chain 1 of 1 for this core): increasing by 280 

Iterations: 280 
|-------------|-------------|-------------|-------------|
|-------------------------------------------------------|

Current time: 2024-11-19 10:30:19
MCMC time 10 mins 

USED COMPONENTS: 49 OF 74 

rel. MC standard error: 0.0145 to 0.076
eff. sample size: 173 to 4760
needed thinning: 2 to 36
Diagnostics time 0.51 secs 

Total number of iterations 4153 - required further 279 

Chain # 11 - chunk 4 (chain 1 of 1 for this core): increasing by 280 

Iterations: 280 
|-------------|-------------|-------------|-------------|
|-------------------------------------------------------|

Current time: 2024-11-19 10:31:02
MCMC time 11 mins 

USED COMPONENTS: 49 OF 74 

rel. MC standard error: 0.0135 to 0.0736
eff. sample size: 185 to 5500
needed thinning: 2 to 37
Diagnostics time 0.2 secs 

Total number of iterations 4433 - required further 287 

Chain # 11 - chunk 5 (chain 1 of 1 for this core): increasing by 288 

Iterations: 288 
|-------------|-------------|-------------|-------------|
|-------------------------------------------------------|

Current time: 2024-11-19 10:31:38
MCMC time 12 mins 

USED COMPONENTS: 50 OF 74 

rel. MC standard error: 0.0136 to 0.0716
eff. sample size: 195 to 5370
needed thinning: 2 to 37
Diagnostics time 0.25 secs 

Total number of iterations 4721 - required further 287 

Chain # 11 - chunk 6 (chain 1 of 1 for this core): increasing by 288 

Iterations: 288 
|-------------|-------------|-------------|-------------|
|-------------------------------------------------------|

Current time: 2024-11-19 10:32:12
MCMC time 12 mins 

USED COMPONENTS: 50 OF 74 

rel. MC standard error: 0.0128 to 0.07
eff. sample size: 204 to 6060
needed thinning: 2 to 37
Diagnostics time 0.18 secs 

Total number of iterations 5009 - required further 287 

Chain # 11 - chunk 7 (chain 1 of 1 for this core): increasing by 288 

Iterations: 288 
|-------------|-------------|-------------|-------------|
|-------------------------------------------------------|

Current time: 2024-11-19 10:32:45
MCMC time 13 mins 

USED COMPONENTS: 49 OF 74 

rel. MC standard error: 0.0126 to 0.068
eff. sample size: 216 to 6310
needed thinning: 2 to 37
Diagnostics time 0.2 secs 

Total number of iterations 5297 - required further 287 

Chain # 11 - chunk 8 (chain 1 of 1 for this core): increasing by 288 

Iterations: 288 
|-------------|-------------|-------------|-------------|
|-------------------------------------------------------|

Current time: 2024-11-19 10:33:16
MCMC time 13 mins 

USED COMPONENTS: 49 OF 74 

rel. MC standard error: 0.0119 to 0.0666
eff. sample size: 225 to 7110
needed thinning: 2 to 38
Diagnostics time 0.16 secs 

Total number of iterations 5585 - required further 295 

Chain # 11 - chunk 9 (chain 1 of 1 for this core): increasing by 296 

Iterations: 296 
|-------------|-------------|-------------|-------------|
|-------------------------------------------------------|

Current time: 2024-11-19 10:33:48
MCMC time 14 mins 

USED COMPONENTS: 48 OF 74 

rel. MC standard error: 0.0124 to 0.0662
eff. sample size: 228 to 6500
needed thinning: 2 to 39
Diagnostics time 0.22 secs 

Total number of iterations 5881 - required further 303 

Chain # 11 - chunk 10 (chain 1 of 1 for this core): increasing by 304 

Iterations: 304 
|-------------|-------------|-------------|-------------|
|-------------------------------------------------------|

Current time: 2024-11-19 10:34:24
MCMC time 14 mins 

USED COMPONENTS: 47 OF 74 

rel. MC standard error: 0.0121 to 0.0649
eff. sample size: 237 to 6860
needed thinning: 2 to 40
Diagnostics time 0.22 secs 

Total number of iterations 6185 - required further 310 

Chain # 11 - chunk 11 (chain 1 of 1 for this core): increasing by 311 

Iterations: 311 
|-------------|-------------|-------------|-------------|
|-------------------------------------------------------|

Current time: 2024-11-19 10:35:00
MCMC time 15 mins 

USED COMPONENTS: 48 OF 74 

rel. MC standard error: 0.0124 to 0.0634
eff. sample size: 249 to 6560
needed thinning: 2 to 40
Diagnostics time 0.29 secs 

Total number of iterations 6496 - required further 310 

Chain # 11 - chunk 12 (chain 1 of 1 for this core): increasing by 311 

Iterations: 311 
|-------------|-------------|-------------|-------------|
|-------------------------------------------------------|

Current time: 2024-11-19 10:35:33
MCMC time 16 mins 

USED COMPONENTS: 48 OF 74 

rel. MC standard error: 0.0111 to 0.0613
eff. sample size: 266 to 8110
needed thinning: 2 to 39
Diagnostics time 0.23 secs 

Total number of iterations 6807 - required further 303 

Chain # 11 - chunk 13 (chain 1 of 1 for this core): increasing by 304 

Iterations: 304 
|-------------|-------------|-------------|-------------|
|-------------------------------------------------------|

Current time: 2024-11-19 10:36:06
MCMC time 16 mins 

USED COMPONENTS: 48 OF 74 

rel. MC standard error: 0.011 to 0.0601
eff. sample size: 277 to 8340
needed thinning: 2 to 39
Diagnostics time 0.21 secs 

Total number of iterations 7111 - required further 303 

Chain # 11 - chunk 14 (chain 1 of 1 for this core): increasing by 304 

Iterations: 304 
|-------------|-------------|-------------|-------------|
|-------------------------------------------------------|

Current time: 2024-11-19 10:36:39
MCMC time 17 mins 

USED COMPONENTS: 48 OF 74 

rel. MC standard error: 0.0109 to 0.0592
eff. sample size: 285 to 8400
needed thinning: 2 to 40
Diagnostics time 0.82 secs 

Total number of iterations 7415 - required further 310 

Chain # 11 - chunk 15 (chain 1 of 1 for this core): increasing by 311 

Iterations: 311 
|-------------|-------------|-------------|-------------|
|-------------------------------------------------------|

Current time: 2024-11-19 10:37:13
MCMC time 17 mins 

USED COMPONENTS: 49 OF 74 

rel. MC standard error: 0.0104 to 0.0575
eff. sample size: 302 to 9330
needed thinning: 2 to 39
Diagnostics time 0.22 secs 

Total number of iterations 7726 - required further 303 

Chain # 11 - chunk 16 (chain 1 of 1 for this core): increasing by 304 

Iterations: 304 
|-------------|-------------|-------------|-------------|
|-------------------------------------------------------|

Current time: 2024-11-19 10:37:46
MCMC time 18 mins 

USED COMPONENTS: 48 OF 74 

rel. MC standard error: 0.0108 to 0.0568
eff. sample size: 310 to 8610
needed thinning: 2 to 39
Diagnostics time 0.22 secs 

Total number of iterations 8030 - required further 303 

Chain # 11 - chunk 17 (chain 1 of 1 for this core): increasing by 304 

Iterations: 304 
|-------------|-------------|-------------|-------------|
|-------------------------------------------------------|

Current time: 2024-11-19 10:38:19
MCMC time 18 mins 

USED COMPONENTS: 48 OF 74 

rel. MC standard error: 0.0111 to 0.0559
eff. sample size: 320 to 8190
needed thinning: 2 to 40
Diagnostics time 0.2 secs 

Total number of iterations 8334 - required further 310 

Chain # 11 - chunk 18 (chain 1 of 1 for this core): increasing by 311 

Iterations: 311 
|-------------|-------------|-------------|-------------|
|-------------------------------------------------------|

Current time: 2024-11-19 10:38:53
MCMC time 19 mins 

USED COMPONENTS: 48 OF 74 

rel. MC standard error: 0.0101 to 0.0547
eff. sample size: 335 to 9710
needed thinning: 2 to 39
Diagnostics time 0.2 secs 

Total number of iterations 8645 - required further 303 

Chain # 11 - chunk 19 (chain 1 of 1 for this core): increasing by 304 

Iterations: 304 
|-------------|-------------|-------------|-------------|
|-------------------------------------------------------|

Current time: 2024-11-19 10:39:26
MCMC time 19 mins 

USED COMPONENTS: 48 OF 74 

rel. MC standard error: 0.0102 to 0.0537
eff. sample size: 347 to 9590
needed thinning: 2 to 39
Diagnostics time 0.21 secs 

Total number of iterations 8949 - required further 303 

Chain # 11 - chunk 20 (chain 1 of 1 for this core): increasing by 304 

Iterations: 304 
|-------------|-------------|-------------|-------------|
|-------------------------------------------------------|

Current time: 2024-11-19 10:39:59
MCMC time 20 mins 

USED COMPONENTS: 48 OF 74 

rel. MC standard error: 0.0106 to 0.0523
eff. sample size: 366 to 8840
needed thinning: 2 to 38
Diagnostics time 0.17 secs 

Total number of iterations 9253 - required further 295 

Chain # 11 - chunk 21 (chain 1 of 1 for this core): increasing by 296 

Iterations: 296 
|-------------|-------------|-------------|-------------|
|-------------------------------------------------------|

Current time: 2024-11-19 10:40:31
MCMC time 20 mins 

USED COMPONENTS: 49 OF 74 

rel. MC standard error: 0.0101 to 0.0515
eff. sample size: 378 to 9820
needed thinning: 2 to 38
Diagnostics time 0.36 secs 

Total number of iterations 9549 - required further 295 

Chain # 11 - chunk 22 (chain 1 of 1 for this core): increasing by 296 

Iterations: 296 
|-------------|-------------|-------------|-------------|
|-------------------------------------------------------|

Current time: 2024-11-19 10:41:03
MCMC time 21 mins 

USED COMPONENTS: 47 OF 74 

rel. MC standard error: 0.00987 to 0.0505
eff. sample size: 393 to 10300
needed thinning: 2 to 38
Diagnostics time 0.18 secs 

Total number of iterations 9845 - required further 295 

Chain # 11 - chunk 23 (chain 1 of 1 for this core): increasing by 296 

Iterations: 296 
|-------------|-------------|-------------|-------------|
|-------------------------------------------------------|

Current time: 2024-11-19 10:41:35
MCMC time 22 mins 

USED COMPONENTS: 48 OF 74 

rel. MC standard error: 0.00954 to 0.0495
eff. sample size: 408 to 11000
needed thinning: 2 to 38
Diagnostics time 0.17 secs 

Total number of iterations 10141 - required further 0 

Keeping last 60 samples with thinning 38 

Plotting traces and samples.

Current time: 2024-11-19 10:41:36
MCMC + diagnostics time 22 mins 

Current time: 2024-11-19 10:41:36
Total time 22 mins 
loaded inferno and set parent environment
loaded inferno and set parent environment
loaded inferno and set parent environment
loaded inferno and set parent environment
