Log core 19 - Current time: 2024-11-19 10:16:26
Defining model
Building model
Setting data and initial values
Running calculate on model
  [Note] Any error reports that follow may simply reflect missing values in model variables.
Checking model sizes and dimensions
Compiling
  [Note] This may take a minute.
  [Note] Use 'showCompilerOutput = TRUE' to see C++ compilation details.
===== Monitors =====
thin = 1: Bprob, Rmean, Rvar, W
thin2 = 1: K
===== Samplers =====
conjugate sampler (519)
  - Rmean[]  (148 elements)
  - Rrate[]  (148 elements)
  - Bprob[]  (74 elements)
  - Rvar[]  (148 elements)
  - W[1:74] 
categorical sampler (1201)
  - Alpha
  - K[]  (1200 elements)
===== Monitors =====
thin = 1: Bprob, Rmean, Rvar, W
thin2 = 1: K
===== Samplers =====
slice sampler (1201)
  - Alpha
  - K[]  (1200 elements)
conjugate sampler (519)
  - Rmean[]  (148 elements)
  - Rrate[]  (148 elements)
  - Bprob[]  (74 elements)
  - Rvar[]  (148 elements)
  - W[1:74] 
Compiling
  [Note] This may take a minute.
  [Note] Use 'showCompilerOutput = TRUE' to see C++ compilation details.

Setup time 4.5 mins 

Chain # 19 (chain 1 of 1 for this core)

Datapoints for testing convergence:
 #20 #160 #171 #289 #328 #379 #516 #532 #694 #730 #746 #865 #888 #920 #991 #1000 #1011 #1039 #1061 #1183 

Iterations: 3600 
|-------------|-------------|-------------|-------------|
|-------------------------------------------------------|

Current time: 2024-11-19 10:31:08
MCMC time 10 mins 

USED COMPONENTS: 46 OF 74 

rel. MC standard error: 0.0168 to 0.0809
eff. sample size: 153 to 3550
needed thinning: 2 to 36
Diagnostics time 2.1 secs 

Total number of iterations 3600 - required further 279 

Chain # 19 - chunk 2 (chain 1 of 1 for this core): increasing by 280 

Iterations: 280 
|-------------|-------------|-------------|-------------|
|-------------------------------------------------------|

Current time: 2024-11-19 10:31:41
MCMC time 11 mins 

USED COMPONENTS: 45 OF 74 

rel. MC standard error: 0.0155 to 0.0787
eff. sample size: 161 to 4140
needed thinning: 2 to 37
Diagnostics time 0.17 secs 

Total number of iterations 3880 - required further 287 

Chain # 19 - chunk 3 (chain 1 of 1 for this core): increasing by 288 

Iterations: 288 
|-------------|-------------|-------------|-------------|
|-------------------------------------------------------|

Current time: 2024-11-19 10:32:12
MCMC time 11 mins 

USED COMPONENTS: 45 OF 74 

rel. MC standard error: 0.0146 to 0.078
eff. sample size: 164 to 4720
needed thinning: 2 to 39
Diagnostics time 0.21 secs 

Total number of iterations 4168 - required further 303 

Chain # 19 - chunk 4 (chain 1 of 1 for this core): increasing by 304 

Iterations: 304 
|-------------|-------------|-------------|-------------|
|-------------------------------------------------------|

Current time: 2024-11-19 10:32:45
MCMC time 12 mins 

USED COMPONENTS: 45 OF 74 

rel. MC standard error: 0.0136 to 0.0772
eff. sample size: 168 to 5370
needed thinning: 2 to 40
Diagnostics time 0.17 secs 

Total number of iterations 4472 - required further 310 

Chain # 19 - chunk 5 (chain 1 of 1 for this core): increasing by 311 

Iterations: 311 
|-------------|-------------|-------------|-------------|
|-------------------------------------------------------|

Current time: 2024-11-19 10:33:18
MCMC time 12 mins 

USED COMPONENTS: 44 OF 74 

rel. MC standard error: 0.0139 to 0.0762
eff. sample size: 172 to 5160
needed thinning: 2 to 42
Diagnostics time 0.2 secs 

Total number of iterations 4783 - required further 326 

Chain # 19 - chunk 6 (chain 1 of 1 for this core): increasing by 327 

Iterations: 327 
|-------------|-------------|-------------|-------------|
|-------------------------------------------------------|

Current time: 2024-11-19 10:33:53
MCMC time 13 mins 

USED COMPONENTS: 45 OF 74 

rel. MC standard error: 0.0131 to 0.0759
eff. sample size: 174 to 5810
needed thinning: 2 to 45
Diagnostics time 0.2 secs 

Total number of iterations 5110 - required further 349 

Chain # 19 - chunk 7 (chain 1 of 1 for this core): increasing by 350 

Iterations: 350 
|-------------|-------------|-------------|-------------|
|-------------------------------------------------------|

Current time: 2024-11-19 10:34:31
MCMC time 14 mins 

USED COMPONENTS: 45 OF 74 

rel. MC standard error: 0.0126 to 0.0757
eff. sample size: 175 to 6280
needed thinning: 2 to 47
Diagnostics time 0.2 secs 

Total number of iterations 5460 - required further 365 

Chain # 19 - chunk 8 (chain 1 of 1 for this core): increasing by 366 

Iterations: 366 
|-------------|-------------|-------------|-------------|
|-------------------------------------------------------|

Current time: 2024-11-19 10:35:10
MCMC time 14 mins 

USED COMPONENTS: 45 OF 74 

rel. MC standard error: 0.0122 to 0.0749
eff. sample size: 178 to 6750
needed thinning: 2 to 50
Diagnostics time 0.18 secs 

Total number of iterations 5826 - required further 388 

Chain # 19 - chunk 9 (chain 1 of 1 for this core): increasing by 389 

Iterations: 389 
|-------------|-------------|-------------|-------------|
|-------------------------------------------------------|

Current time: 2024-11-19 10:35:52
MCMC time 15 mins 

USED COMPONENTS: 45 OF 74 

rel. MC standard error: 0.0126 to 0.0731
eff. sample size: 187 to 6290
needed thinning: 2 to 50
Diagnostics time 0.28 secs 

Total number of iterations 6215 - required further 388 

Chain # 19 - chunk 10 (chain 1 of 1 for this core): increasing by 389 

Iterations: 389 
|-------------|-------------|-------------|-------------|
|-------------------------------------------------------|

Current time: 2024-11-19 10:36:33
MCMC time 16 mins 

USED COMPONENTS: 45 OF 74 

rel. MC standard error: 0.0113 to 0.0716
eff. sample size: 195 to 7800
needed thinning: 2 to 51
Diagnostics time 0.21 secs 

Total number of iterations 6604 - required further 396 

Chain # 19 - chunk 11 (chain 1 of 1 for this core): increasing by 397 

Iterations: 397 
|-------------|-------------|-------------|-------------|
|-------------------------------------------------------|

Current time: 2024-11-19 10:37:16
MCMC time 16 mins 

USED COMPONENTS: 45 OF 74 

rel. MC standard error: 0.0108 to 0.0699
eff. sample size: 205 to 8630
needed thinning: 2 to 52
Diagnostics time 0.23 secs 

Total number of iterations 7001 - required further 403 

Chain # 19 - chunk 12 (chain 1 of 1 for this core): increasing by 404 

Iterations: 404 
|-------------|-------------|-------------|-------------|
|-------------------------------------------------------|

Current time: 2024-11-19 10:37:59
MCMC time 17 mins 

USED COMPONENTS: 45 OF 74 

rel. MC standard error: 0.0107 to 0.068
eff. sample size: 216 to 8780
needed thinning: 2 to 52
Diagnostics time 0.23 secs 

Total number of iterations 7405 - required further 403 

Chain # 19 - chunk 13 (chain 1 of 1 for this core): increasing by 404 

Iterations: 404 
|-------------|-------------|-------------|-------------|
|-------------------------------------------------------|

Current time: 2024-11-19 10:38:42
MCMC time 18 mins 

USED COMPONENTS: 45 OF 74 

rel. MC standard error: 0.011 to 0.0663
eff. sample size: 228 to 8210
needed thinning: 2 to 52
Diagnostics time 0.23 secs 

Total number of iterations 7809 - required further 403 

Chain # 19 - chunk 14 (chain 1 of 1 for this core): increasing by 404 

Iterations: 404 
|-------------|-------------|-------------|-------------|
|-------------------------------------------------------|

Current time: 2024-11-19 10:39:26
MCMC time 19 mins 

USED COMPONENTS: 45 OF 74 

rel. MC standard error: 0.0101 to 0.0646
eff. sample size: 240 to 9810
needed thinning: 2 to 52
Diagnostics time 0.23 secs 

Total number of iterations 8213 - required further 403 

Chain # 19 - chunk 15 (chain 1 of 1 for this core): increasing by 404 

Iterations: 404 
|-------------|-------------|-------------|-------------|
|-------------------------------------------------------|

Current time: 2024-11-19 10:40:09
MCMC time 19 mins 

USED COMPONENTS: 45 OF 74 

rel. MC standard error: 0.00991 to 0.0623
eff. sample size: 257 to 10200
needed thinning: 2 to 51
Diagnostics time 0.21 secs 

Total number of iterations 8617 - required further 396 

Chain # 19 - chunk 16 (chain 1 of 1 for this core): increasing by 397 

Iterations: 397 
|-------------|-------------|-------------|-------------|
|-------------------------------------------------------|

Current time: 2024-11-19 10:40:51
MCMC time 20 mins 

USED COMPONENTS: 46 OF 74 

rel. MC standard error: 0.0101 to 0.0613
eff. sample size: 266 to 9860
needed thinning: 2 to 51
Diagnostics time 0.23 secs 

Total number of iterations 9014 - required further 396 

Chain # 19 - chunk 17 (chain 1 of 1 for this core): increasing by 397 

Iterations: 397 
|-------------|-------------|-------------|-------------|
|-------------------------------------------------------|

Current time: 2024-11-19 10:41:33
MCMC time 21 mins 

USED COMPONENTS: 45 OF 74 

rel. MC standard error: 0.00946 to 0.0596
eff. sample size: 282 to 11200
needed thinning: 2 to 51
Diagnostics time 0.28 secs 

Total number of iterations 9411 - required further 396 

Chain # 19 - chunk 18 (chain 1 of 1 for this core): increasing by 397 

Iterations: 397 
|-------------|-------------|-------------|-------------|
|-------------------------------------------------------|

Current time: 2024-11-19 10:42:16
MCMC time 21 mins 

USED COMPONENTS: 45 OF 74 

rel. MC standard error: 0.00917 to 0.0581
eff. sample size: 296 to 11900
needed thinning: 2 to 50
Diagnostics time 0.22 secs 

Total number of iterations 9808 - required further 388 

Chain # 19 - chunk 19 (chain 1 of 1 for this core): increasing by 389 

Iterations: 389 
|-------------|-------------|-------------|-------------|
|-------------------------------------------------------|

Current time: 2024-11-19 10:42:57
MCMC time 22 mins 

USED COMPONENTS: 45 OF 74 

rel. MC standard error: 0.00842 to 0.057
eff. sample size: 307 to 14100
needed thinning: 2 to 50
Diagnostics time 0.22 secs 

Total number of iterations 10197 - required further 388 

Chain # 19 - chunk 20 (chain 1 of 1 for this core): increasing by 389 

Iterations: 389 
|-------------|-------------|-------------|-------------|
|-------------------------------------------------------|

Current time: 2024-11-19 10:43:38
MCMC time 23 mins 

USED COMPONENTS: 45 OF 74 

rel. MC standard error: 0.00856 to 0.0555
eff. sample size: 325 to 13700
needed thinning: 2 to 49
Diagnostics time 0.22 secs 

Total number of iterations 10586 - required further 380 

Chain # 19 - chunk 21 (chain 1 of 1 for this core): increasing by 381 

Iterations: 381 
|-------------|-------------|-------------|-------------|
|-------------------------------------------------------|

Current time: 2024-11-19 10:44:19
MCMC time 23 mins 

USED COMPONENTS: 45 OF 74 

rel. MC standard error: 0.00877 to 0.0544
eff. sample size: 337 to 13000
needed thinning: 2 to 49
Diagnostics time 0.22 secs 

Total number of iterations 10967 - required further 380 

Chain # 19 - chunk 22 (chain 1 of 1 for this core): increasing by 381 

Iterations: 381 
|-------------|-------------|-------------|-------------|
|-------------------------------------------------------|

Current time: 2024-11-19 10:44:59
MCMC time 24 mins 

USED COMPONENTS: 45 OF 74 

rel. MC standard error: 0.00847 to 0.0534
eff. sample size: 351 to 13900
needed thinning: 2 to 49
Diagnostics time 0.22 secs 

Total number of iterations 11348 - required further 380 

Chain # 19 - chunk 23 (chain 1 of 1 for this core): increasing by 381 

Iterations: 381 
|-------------|-------------|-------------|-------------|
|-------------------------------------------------------|

Current time: 2024-11-19 10:45:40
MCMC time 25 mins 

USED COMPONENTS: 44 OF 74 

rel. MC standard error: 0.00874 to 0.0528
eff. sample size: 359 to 13100
needed thinning: 2 to 50
Diagnostics time 0.27 secs 

Total number of iterations 11729 - required further 388 

Chain # 19 - chunk 24 (chain 1 of 1 for this core): increasing by 389 

Iterations: 389 
|-------------|-------------|-------------|-------------|
|-------------------------------------------------------|

Current time: 2024-11-19 10:46:21
MCMC time 25 mins 

USED COMPONENTS: 44 OF 74 

rel. MC standard error: 0.00846 to 0.0518
eff. sample size: 373 to 14000
needed thinning: 2 to 49
Diagnostics time 0.2 secs 

Total number of iterations 12118 - required further 380 

Chain # 19 - chunk 25 (chain 1 of 1 for this core): increasing by 381 

Iterations: 381 
|-------------|-------------|-------------|-------------|
|-------------------------------------------------------|

Current time: 2024-11-19 10:47:02
MCMC time 26 mins 

USED COMPONENTS: 44 OF 74 

rel. MC standard error: 0.00846 to 0.0506
eff. sample size: 390 to 14000
needed thinning: 2 to 49
Diagnostics time 0.22 secs 

Total number of iterations 12499 - required further 380 

Chain # 19 - chunk 26 (chain 1 of 1 for this core): increasing by 381 

Iterations: 381 
|-------------|-------------|-------------|-------------|
|-------------------------------------------------------|

Current time: 2024-11-19 10:47:42
MCMC time 27 mins 

USED COMPONENTS: 44 OF 74 

rel. MC standard error: 0.00847 to 0.0539
eff. sample size: 344 to 13900
needed thinning: 2 to 57
Diagnostics time 0.21 secs 

Total number of iterations 12880 - required further 442 

Chain # 19 - chunk 27 (chain 1 of 1 for this core): increasing by 443 

Iterations: 443 
|-------------|-------------|-------------|-------------|
|-------------------------------------------------------|

Current time: 2024-11-19 10:48:29
MCMC time 28 mins 

USED COMPONENTS: 44 OF 74 

rel. MC standard error: 0.0083 to 0.0568
eff. sample size: 309 to 14500
needed thinning: 2 to 65
Diagnostics time 0.28 secs 

Total number of iterations 13323 - required further 504 

Chain # 19 - chunk 28 (chain 1 of 1 for this core): increasing by 505 

Iterations: 505 
|-------------|-------------|-------------|-------------|
|-------------------------------------------------------|

Current time: 2024-11-19 10:49:24
MCMC time 28 mins 

USED COMPONENTS: 44 OF 74 

rel. MC standard error: 0.00819 to 0.0605
eff. sample size: 273 to 14900
needed thinning: 2 to 77
Diagnostics time 0.29 secs 

Total number of iterations 13828 - required further 597 

Chain # 19 - chunk 29 (chain 1 of 1 for this core): increasing by 598 

Iterations: 598 
|-------------|-------------|-------------|-------------|
|-------------------------------------------------------|

Current time: 2024-11-19 10:50:28
MCMC time 30 mins 

USED COMPONENTS: 44 OF 74 

rel. MC standard error: 0.00799 to 0.062
eff. sample size: 260 to 15700
needed thinning: 2 to 84
Diagnostics time 0.82 secs 

Total number of iterations 14426 - required further 651 

Chain # 19 - chunk 30 (chain 1 of 1 for this core): increasing by 652 

Iterations: 652 
|-------------|-------------|-------------|-------------|
|-------------------------------------------------------|

Current time: 2024-11-19 10:51:39
MCMC time 31 mins 

USED COMPONENTS: 44 OF 74 

rel. MC standard error: 0.00812 to 0.0636
eff. sample size: 247 to 15200
needed thinning: 2 to 92
Diagnostics time 0.36 secs 

Total number of iterations 15078 - required further 713 

Chain # 19 - chunk 31 (chain 1 of 1 for this core): increasing by 714 

Iterations: 714 
|-------------|-------------|-------------|-------------|
|-------------------------------------------------------|

Current time: 2024-11-19 10:52:56
MCMC time 32 mins 

USED COMPONENTS: 44 OF 74 

rel. MC standard error: 0.00734 to 0.0639
eff. sample size: 245 to 18600
needed thinning: 2 to 97
Diagnostics time 0.44 secs 

Total number of iterations 15792 - required further 752 

Chain # 19 - chunk 32 (chain 1 of 1 for this core): increasing by 753 

Iterations: 753 
|-------------|-------------|-------------|-------------|
|-------------------------------------------------------|

Current time: 2024-11-19 10:54:18
MCMC time 33 mins 

USED COMPONENTS: 45 OF 74 

rel. MC standard error: 0.00719 to 0.0642
eff. sample size: 243 to 19300
needed thinning: 2 to 103
Diagnostics time 0.88 secs 

Total number of iterations 16545 - required further 798 

Chain # 19 - chunk 33 (chain 1 of 1 for this core): increasing by 799 

Iterations: 799 
|-------------|-------------|-------------|-------------|
|-------------------------------------------------------|

Current time: 2024-11-19 10:55:44
MCMC time 35 mins 

USED COMPONENTS: 43 OF 74 

rel. MC standard error: 0.00794 to 0.0643
eff. sample size: 242 to 15900
needed thinning: 2 to 108
Diagnostics time 0.41 secs 

Total number of iterations 17344 - required further 837 

Chain # 19 - chunk 34 (chain 1 of 1 for this core): increasing by 838 

Iterations: 838 
|-------------|-------------|-------------|-------------|
|-------------------------------------------------------|

Current time: 2024-11-19 10:57:13
MCMC time 36 mins 

USED COMPONENTS: 45 OF 74 

rel. MC standard error: 0.00732 to 0.0641
eff. sample size: 243 to 18700
needed thinning: 2 to 113
Diagnostics time 0.89 secs 

Total number of iterations 18182 - required further 876 

Chain # 19 - chunk 35 (chain 1 of 1 for this core): increasing by 877 

Iterations: 877 
|-------------|-------------|-------------|-------------|
|-------------------------------------------------------|

Current time: 2024-11-19 10:58:48
MCMC time 38 mins 

USED COMPONENTS: 45 OF 74 

rel. MC standard error: 0.00714 to 0.0644
eff. sample size: 241 to 19600
needed thinning: 2 to 119
Diagnostics time 0.93 secs 

Total number of iterations 19059 - required further 922 

Chain # 19 - chunk 36 (chain 1 of 1 for this core): increasing by 923 

Iterations: 923 
|-------------|-------------|-------------|-------------|
|-------------------------------------------------------|

Current time: 2024-11-19 11:00:27
MCMC time 40 mins 

USED COMPONENTS: 45 OF 74 

rel. MC standard error: 0.00749 to 0.0638
eff. sample size: 246 to 17800
needed thinning: 2 to 122
Diagnostics time 0.54 secs 

Total number of iterations 19982 - required further 946 

Chain # 19 - chunk 37 (chain 1 of 1 for this core): increasing by 947 

Iterations: 947 
|-------------|-------------|-------------|-------------|
|-------------------------------------------------------|

Current time: 2024-11-19 11:02:10
MCMC time 41 mins 

USED COMPONENTS: 44 OF 74 

rel. MC standard error: 0.00687 to 0.0631
eff. sample size: 251 to 21200
needed thinning: 2 to 125
Diagnostics time 0.47 secs 

Total number of iterations 20929 - required further 969 

Chain # 19 - chunk 38 (chain 1 of 1 for this core): increasing by 970 

Iterations: 970 
|-------------|-------------|-------------|-------------|
|-------------------------------------------------------|

Current time: 2024-11-19 11:03:54
MCMC time 43 mins 

USED COMPONENTS: 44 OF 74 

rel. MC standard error: 0.00699 to 0.0626
eff. sample size: 255 to 20500
needed thinning: 2 to 129
Diagnostics time 0.49 secs 

Total number of iterations 21899 - required further 1000 

Chain # 19 - chunk 39 (chain 1 of 1 for this core): increasing by 1001 

Iterations: 1001 
|-------------|-------------|-------------|-------------|
|-------------------------------------------------------|

Current time: 2024-11-19 11:05:42
MCMC time 45 mins 

USED COMPONENTS: 44 OF 74 

rel. MC standard error: 0.00657 to 0.0621
eff. sample size: 259 to 23200
needed thinning: 2 to 133
Diagnostics time 0.9 secs 

Total number of iterations 22900 - required further 1031 

Chain # 19 - chunk 40 (chain 1 of 1 for this core): increasing by 1032 

Iterations: 1032 
|-------------|-------------|-------------|-------------|
|-------------------------------------------------------|

Current time: 2024-11-19 11:07:33
MCMC time 47 mins 

USED COMPONENTS: 44 OF 74 

rel. MC standard error: 0.0065 to 0.0613
eff. sample size: 266 to 23600
needed thinning: 2 to 136
Diagnostics time 1 secs 

Total number of iterations 23932 - required further 1054 

Chain # 19 - chunk 41 (chain 1 of 1 for this core): increasing by 1055 

Iterations: 1055 
|-------------|-------------|-------------|-------------|
|-------------------------------------------------------|

Current time: 2024-11-19 11:09:27
MCMC time 49 mins 

USED COMPONENTS: 44 OF 74 

rel. MC standard error: 0.00622 to 0.0608
eff. sample size: 271 to 25800
needed thinning: 2 to 139
Diagnostics time 0.57 secs 

Total number of iterations 24987 - required further 1077 

Chain # 19 - chunk 42 (chain 1 of 1 for this core): increasing by 1078 

Iterations: 1078 
|-------------|-------------|-------------|-------------|
|-------------------------------------------------------|

Current time: 2024-11-19 11:11:23
MCMC time 50 mins 

USED COMPONENTS: 44 OF 74 

rel. MC standard error: 0.00595 to 0.0601
eff. sample size: 277 to 28300
needed thinning: 2 to 142
Diagnostics time 0.99 secs 

Total number of iterations 26065 - required further 1100 

Chain # 19 - chunk 43 (chain 1 of 1 for this core): increasing by 1101 

Iterations: 1101 
|-------------|-------------|-------------|-------------|
|-------------------------------------------------------|

Current time: 2024-11-19 11:13:21
MCMC time 52 mins 

USED COMPONENTS: 44 OF 74 

rel. MC standard error: 0.00598 to 0.0593
eff. sample size: 285 to 28000
needed thinning: 2 to 144
Diagnostics time 0.57 secs 

Total number of iterations 27166 - required further 1116 

Chain # 19 - chunk 44 (chain 1 of 1 for this core): increasing by 1117 

Iterations: 1117 
|-------------|-------------|-------------|-------------|
|-------------------------------------------------------|

Current time: 2024-11-19 11:15:22
MCMC time 54 mins 

USED COMPONENTS: 45 OF 74 

rel. MC standard error: 0.00584 to 0.0588
eff. sample size: 290 to 29300
needed thinning: 2 to 147
Diagnostics time 0.95 secs 

Total number of iterations 28283 - required further 1139 

Chain # 19 - chunk 45 (chain 1 of 1 for this core): increasing by 1140 

Iterations: 1140 
|-------------|-------------|-------------|-------------|
|-------------------------------------------------------|

Current time: 2024-11-19 11:17:24
MCMC time 57 mins 

USED COMPONENTS: 44 OF 74 

rel. MC standard error: 0.00592 to 0.0581
eff. sample size: 297 to 28500
needed thinning: 2 to 149
Diagnostics time 0.56 secs 

Total number of iterations 29423 - required further 1155 

Chain # 19 - chunk 46 (chain 1 of 1 for this core): increasing by 1156 

Iterations: 1156 
|-------------|-------------|-------------|-------------|
|-------------------------------------------------------|

Current time: 2024-11-19 11:19:28
MCMC time 59 mins 

USED COMPONENTS: 44 OF 74 

rel. MC standard error: 0.00582 to 0.0572
eff. sample size: 306 to 29500
needed thinning: 2 to 151
Diagnostics time 0.53 secs 

Total number of iterations 30579 - required further 1170 

Chain # 19 - chunk 47 (chain 1 of 1 for this core): increasing by 1171 

Iterations: 1171 
|-------------|-------------|-------------|-------------|
|-------------------------------------------------------|

Current time: 2024-11-19 11:21:31
MCMC time 1 hours 

USED COMPONENTS: 45 OF 74 

rel. MC standard error: 0.00548 to 0.0566
eff. sample size: 312 to 33200
needed thinning: 2 to 153
Diagnostics time 0.55 secs 

Total number of iterations 31750 - required further 1186 

Chain # 19 - chunk 48 (chain 1 of 1 for this core): increasing by 1187 

Iterations: 1187 
|-------------|-------------|-------------|-------------|
|-------------------------------------------------------|

Current time: 2024-11-19 11:23:38
MCMC time 1 hours 

USED COMPONENTS: 44 OF 74 

rel. MC standard error: 0.00531 to 0.0559
eff. sample size: 320 to 35400
needed thinning: 2 to 155
Diagnostics time 0.97 secs 

Total number of iterations 32937 - required further 1201 

Chain # 19 - chunk 49 (chain 1 of 1 for this core): increasing by 1202 

Iterations: 1202 
|-------------|-------------|-------------|-------------|
|-------------------------------------------------------|

Current time: 2024-11-19 11:25:47
MCMC time 1.1 hours 

USED COMPONENTS: 45 OF 74 

rel. MC standard error: 0.0054 to 0.0552
eff. sample size: 329 to 34300
needed thinning: 2 to 156
Diagnostics time 0.52 secs 

Total number of iterations 34139 - required further 1209 

Chain # 19 - chunk 50 (chain 1 of 1 for this core): increasing by 1210 

Iterations: 1210 
|-------------|-------------|-------------|-------------|
|-------------------------------------------------------|

Current time: 2024-11-19 11:27:57
MCMC time 1.1 hours 

USED COMPONENTS: 45 OF 74 

rel. MC standard error: 0.00526 to 0.0547
eff. sample size: 334 to 36100
needed thinning: 2 to 159
Diagnostics time 0.65 secs 

Total number of iterations 35349 - required further 1232 

Chain # 19 - chunk 51 (chain 1 of 1 for this core): increasing by 1233 

Iterations: 1233 
|-------------|-------------|-------------|-------------|
|-------------------------------------------------------|

Current time: 2024-11-19 11:30:10
MCMC time 1.2 hours 

USED COMPONENTS: 44 OF 74 

rel. MC standard error: 0.0052 to 0.0542
eff. sample size: 341 to 37000
needed thinning: 2 to 161
Diagnostics time 0.62 secs 

Total number of iterations 36582 - required further 1248 

Chain # 19 - chunk 52 (chain 1 of 1 for this core): increasing by 1249 

Iterations: 1249 
|-------------|-------------|-------------|-------------|
|-------------------------------------------------------|

Current time: 2024-11-19 11:32:23
MCMC time 1.2 hours 

USED COMPONENTS: 44 OF 74 

rel. MC standard error: 0.005 to 0.0534
eff. sample size: 351 to 40000
needed thinning: 2 to 162
Diagnostics time 0.67 secs 

Total number of iterations 37831 - required further 1255 

Chain # 19 - chunk 53 (chain 1 of 1 for this core): increasing by 1256 

Iterations: 1256 
|-------------|-------------|-------------|-------------|
|-------------------------------------------------------|

Current time: 2024-11-19 11:34:37
MCMC time 1.2 hours 

USED COMPONENTS: 44 OF 74 

rel. MC standard error: 0.0049 to 0.0528
eff. sample size: 359 to 41600
needed thinning: 2 to 164
Diagnostics time 0.63 secs 

Total number of iterations 39087 - required further 1271 

Chain # 19 - chunk 54 (chain 1 of 1 for this core): increasing by 1272 

Iterations: 1272 
|-------------|-------------|-------------|-------------|
|-------------------------------------------------------|

Current time: 2024-11-19 11:36:53
MCMC time 1.3 hours 

USED COMPONENTS: 44 OF 74 

rel. MC standard error: 0.00498 to 0.052
eff. sample size: 370 to 40300
needed thinning: 2 to 164
Diagnostics time 0.65 secs 

Total number of iterations 40359 - required further 1271 

Chain # 19 - chunk 55 (chain 1 of 1 for this core): increasing by 1272 

Iterations: 1272 
|-------------|-------------|-------------|-------------|
|-------------------------------------------------------|

Current time: 2024-11-19 11:39:09
MCMC time 1.3 hours 

USED COMPONENTS: 42 OF 74 

rel. MC standard error: 0.00495 to 0.0516
eff. sample size: 376 to 40900
needed thinning: 2 to 167
Diagnostics time 0.59 secs 

Total number of iterations 41631 - required further 1294 

Chain # 19 - chunk 56 (chain 1 of 1 for this core): increasing by 1295 

Iterations: 1295 
|-------------|-------------|-------------|-------------|
|-------------------------------------------------------|

Current time: 2024-11-19 11:41:27
MCMC time 1.3 hours 

USED COMPONENTS: 42 OF 74 

rel. MC standard error: 0.00487 to 0.0509
eff. sample size: 386 to 42100
needed thinning: 2 to 167
Diagnostics time 0.62 secs 

Total number of iterations 42926 - required further 1294 

Chain # 19 - chunk 57 (chain 1 of 1 for this core): increasing by 1295 

Iterations: 1295 
|-------------|-------------|-------------|-------------|
|-------------------------------------------------------|

Current time: 2024-11-19 11:43:45
MCMC time 1.4 hours 

USED COMPONENTS: 42 OF 74 

rel. MC standard error: 0.00503 to 0.0504
eff. sample size: 394 to 39500
needed thinning: 2 to 169
Diagnostics time 0.66 secs 

Total number of iterations 44221 - required further 1310 

Chain # 19 - chunk 58 (chain 1 of 1 for this core): increasing by 1311 

Iterations: 1311 
|-------------|-------------|-------------|-------------|
|-------------------------------------------------------|

Current time: 2024-11-19 11:46:03
MCMC time 1.4 hours 

USED COMPONENTS: 42 OF 74 

rel. MC standard error: 0.00481 to 0.0498
eff. sample size: 403 to 43300
needed thinning: 2 to 170
Diagnostics time 0.65 secs 

Total number of iterations 45532 - required further 0 

Keeping last 60 samples with thinning 170 

Plotting traces and samples.

Current time: 2024-11-19 11:46:07
MCMC + diagnostics time 1.4 hours 

Current time: 2024-11-19 11:46:07
Total time 1.4 hours 
loaded inferno and set parent environment
loaded inferno and set parent environment
loaded inferno and set parent environment
loaded inferno and set parent environment
