Log core 17 - Current time: 2024-11-20 18:29:52
Defining model
Building model
Setting data and initial values
Running calculate on model
  [Note] Any error reports that follow may simply reflect missing values in model variables.
Checking model sizes and dimensions
Compiling
  [Note] This may take a minute.
  [Note] Use 'showCompilerOutput = TRUE' to see C++ compilation details.
===== Monitors =====
thin = 1: Bprob, Rmean, Rvar, W
thin2 = 1: K
===== Samplers =====
conjugate sampler (519)
  - Rmean[]  (148 elements)
  - Rrate[]  (148 elements)
  - Bprob[]  (74 elements)
  - Rvar[]  (148 elements)
  - W[1:74] 
categorical sampler (3001)
  - Alpha
  - K[]  (3000 elements)
===== Monitors =====
thin = 1: Bprob, Rmean, Rvar, W
thin2 = 1: K
===== Samplers =====
slice sampler (3001)
  - Alpha
  - K[]  (3000 elements)
conjugate sampler (519)
  - Rmean[]  (148 elements)
  - Rrate[]  (148 elements)
  - Bprob[]  (74 elements)
  - Rvar[]  (148 elements)
  - W[1:74] 
Compiling
  [Note] This may take a minute.
  [Note] Use 'showCompilerOutput = TRUE' to see C++ compilation details.

Setup time 7.1 mins 

Chain # 17 (chain 1 of 1 for this core)

Datapoints for testing convergence:
 #312 #322 #618 #687 #996 #1153 #1273 #1274 #1285 #1428 #1443 #1487 #1638 #1731 #1827 #1850 #1931 #2499 #2510 #2724 

Iterations: 3600 
|-------------|-------------|-------------|-------------|
|-------------------------------------------------------|

Current time: 2024-11-20 18:54:21
MCMC time 17 mins 

USED COMPONENTS: 60 OF 74 

rel. MC standard error: 0.0148 to 0.0709
eff. sample size: 199 to 4550
needed thinning: 2 to 28
Diagnostics time 2.6 secs 

Total number of iterations 3600 - required further 217 

Chain # 17 - chunk 2 (chain 1 of 1 for this core): increasing by 218 

Iterations: 218 
|-------------|-------------|-------------|-------------|
|-------------------------------------------------------|

Current time: 2024-11-20 18:55:27
MCMC time 18 mins 

USED COMPONENTS: 60 OF 74 

rel. MC standard error: 0.0147 to 0.0748
eff. sample size: 179 to 4600
needed thinning: 2 to 33
Diagnostics time 0.14 secs 

Total number of iterations 3818 - required further 256 

Chain # 17 - chunk 3 (chain 1 of 1 for this core): increasing by 257 

Iterations: 257 
|-------------|-------------|-------------|-------------|
|-------------------------------------------------------|

Current time: 2024-11-20 18:56:34
MCMC time 20 mins 

USED COMPONENTS: 59 OF 74 

rel. MC standard error: 0.0137 to 0.0787
eff. sample size: 161 to 5350
needed thinning: 2 to 38
Diagnostics time 0.21 secs 

Total number of iterations 4075 - required further 295 

Chain # 17 - chunk 4 (chain 1 of 1 for this core): increasing by 296 

Iterations: 296 
|-------------|-------------|-------------|-------------|
|-------------------------------------------------------|

Current time: 2024-11-20 18:57:48
MCMC time 21 mins 

USED COMPONENTS: 59 OF 74 

rel. MC standard error: 0.014 to 0.0782
eff. sample size: 163 to 5110
needed thinning: 2 to 41
Diagnostics time 0.22 secs 

Total number of iterations 4371 - required further 318 

Chain # 17 - chunk 5 (chain 1 of 1 for this core): increasing by 319 

Iterations: 319 
|-------------|-------------|-------------|-------------|
|-------------------------------------------------------|

Current time: 2024-11-20 18:59:06
MCMC time 22 mins 

USED COMPONENTS: 59 OF 74 

rel. MC standard error: 0.0128 to 0.0752
eff. sample size: 177 to 6130
needed thinning: 2 to 40
Diagnostics time 0.23 secs 

Total number of iterations 4690 - required further 310 

Chain # 17 - chunk 6 (chain 1 of 1 for this core): increasing by 311 

Iterations: 311 
|-------------|-------------|-------------|-------------|
|-------------------------------------------------------|

Current time: 2024-11-20 19:00:23
MCMC time 23 mins 

USED COMPONENTS: 60 OF 74 

rel. MC standard error: 0.0133 to 0.0729
eff. sample size: 188 to 5660
needed thinning: 2 to 40
Diagnostics time 0.29 secs 

Total number of iterations 5001 - required further 310 

Chain # 17 - chunk 7 (chain 1 of 1 for this core): increasing by 311 

Iterations: 311 
|-------------|-------------|-------------|-------------|
|-------------------------------------------------------|

Current time: 2024-11-20 19:01:38
MCMC time 25 mins 

USED COMPONENTS: 61 OF 74 

rel. MC standard error: 0.0119 to 0.071
eff. sample size: 198 to 7100
needed thinning: 2 to 41
Diagnostics time 0.23 secs 

Total number of iterations 5312 - required further 318 

Chain # 17 - chunk 8 (chain 1 of 1 for this core): increasing by 319 

Iterations: 319 
|-------------|-------------|-------------|-------------|
|-------------------------------------------------------|

Current time: 2024-11-20 19:02:56
MCMC time 26 mins 

USED COMPONENTS: 60 OF 74 

rel. MC standard error: 0.0114 to 0.0715
eff. sample size: 196 to 7650
needed thinning: 2 to 44
Diagnostics time 0.18 secs 

Total number of iterations 5631 - required further 341 

Chain # 17 - chunk 9 (chain 1 of 1 for this core): increasing by 342 

Iterations: 342 
|-------------|-------------|-------------|-------------|
|-------------------------------------------------------|

Current time: 2024-11-20 19:04:18
MCMC time 27 mins 

USED COMPONENTS: 60 OF 74 

rel. MC standard error: 0.0122 to 0.0686
eff. sample size: 212 to 6690
needed thinning: 2 to 43
Diagnostics time 0.19 secs 

Total number of iterations 5973 - required further 334 

Chain # 17 - chunk 10 (chain 1 of 1 for this core): increasing by 335 

Iterations: 335 
|-------------|-------------|-------------|-------------|
|-------------------------------------------------------|

Current time: 2024-11-20 19:05:39
MCMC time 29 mins 

USED COMPONENTS: 58 OF 74 

rel. MC standard error: 0.0108 to 0.0678
eff. sample size: 217 to 8630
needed thinning: 2 to 44
Diagnostics time 0.19 secs 

Total number of iterations 6308 - required further 341 

Chain # 17 - chunk 11 (chain 1 of 1 for this core): increasing by 342 

Iterations: 342 
|-------------|-------------|-------------|-------------|
|-------------------------------------------------------|

Current time: 2024-11-20 19:07:01
MCMC time 30 mins 

USED COMPONENTS: 57 OF 74 

rel. MC standard error: 0.0111 to 0.0674
eff. sample size: 220 to 8140
needed thinning: 2 to 46
Diagnostics time 0.22 secs 

Total number of iterations 6650 - required further 357 

Chain # 17 - chunk 12 (chain 1 of 1 for this core): increasing by 358 

Iterations: 358 
|-------------|-------------|-------------|-------------|
|-------------------------------------------------------|

Current time: 2024-11-20 19:08:27
MCMC time 31 mins 

USED COMPONENTS: 58 OF 74 

rel. MC standard error: 0.0109 to 0.0676
eff. sample size: 219 to 8390
needed thinning: 2 to 48
Diagnostics time 0.23 secs 

Total number of iterations 7008 - required further 372 

Chain # 17 - chunk 13 (chain 1 of 1 for this core): increasing by 373 

Iterations: 373 
|-------------|-------------|-------------|-------------|
|-------------------------------------------------------|

Current time: 2024-11-20 19:09:56
MCMC time 33 mins 

USED COMPONENTS: 58 OF 74 

rel. MC standard error: 0.0109 to 0.068
eff. sample size: 216 to 8420
needed thinning: 2 to 52
Diagnostics time 0.24 secs 

Total number of iterations 7381 - required further 403 

Chain # 17 - chunk 14 (chain 1 of 1 for this core): increasing by 404 

Iterations: 404 
|-------------|-------------|-------------|-------------|
|-------------------------------------------------------|

Current time: 2024-11-20 19:11:33
MCMC time 35 mins 

USED COMPONENTS: 57 OF 74 

rel. MC standard error: 0.0102 to 0.0675
eff. sample size: 219 to 9690
needed thinning: 2 to 54
Diagnostics time 0.26 secs 

Total number of iterations 7785 - required further 419 

Chain # 17 - chunk 15 (chain 1 of 1 for this core): increasing by 420 

Iterations: 420 
|-------------|-------------|-------------|-------------|
|-------------------------------------------------------|

Current time: 2024-11-20 19:13:13
MCMC time 36 mins 

USED COMPONENTS: 57 OF 74 

rel. MC standard error: 0.01 to 0.0675
eff. sample size: 219 to 10000
needed thinning: 2 to 57
Diagnostics time 0.26 secs 

Total number of iterations 8205 - required further 442 

Chain # 17 - chunk 16 (chain 1 of 1 for this core): increasing by 443 

Iterations: 443 
|-------------|-------------|-------------|-------------|
|-------------------------------------------------------|

Current time: 2024-11-20 19:14:59
MCMC time 38 mins 

USED COMPONENTS: 57 OF 74 

rel. MC standard error: 0.00965 to 0.0672
eff. sample size: 222 to 10700
needed thinning: 2 to 59
Diagnostics time 0.33 secs 

Total number of iterations 8648 - required further 458 

Chain # 17 - chunk 17 (chain 1 of 1 for this core): increasing by 459 

Iterations: 459 
|-------------|-------------|-------------|-------------|
|-------------------------------------------------------|

Current time: 2024-11-20 19:16:48
MCMC time 40 mins 

USED COMPONENTS: 57 OF 74 

rel. MC standard error: 0.00899 to 0.0669
eff. sample size: 224 to 12400
needed thinning: 2 to 62
Diagnostics time 0.28 secs 

Total number of iterations 9107 - required further 481 

Chain # 17 - chunk 18 (chain 1 of 1 for this core): increasing by 482 

Iterations: 482 
|-------------|-------------|-------------|-------------|
|-------------------------------------------------------|

Current time: 2024-11-20 19:18:43
MCMC time 42 mins 

USED COMPONENTS: 57 OF 74 

rel. MC standard error: 0.00909 to 0.0661
eff. sample size: 229 to 12100
needed thinning: 2 to 63
Diagnostics time 0.28 secs 

Total number of iterations 9589 - required further 488 

Chain # 17 - chunk 19 (chain 1 of 1 for this core): increasing by 489 

Iterations: 489 
|-------------|-------------|-------------|-------------|
|-------------------------------------------------------|

Current time: 2024-11-20 19:20:40
MCMC time 44 mins 

USED COMPONENTS: 56 OF 74 

rel. MC standard error: 0.00892 to 0.0653
eff. sample size: 234 to 12600
needed thinning: 2 to 65
Diagnostics time 0.28 secs 

Total number of iterations 10078 - required further 504 

Chain # 17 - chunk 20 (chain 1 of 1 for this core): increasing by 505 

Iterations: 505 
|-------------|-------------|-------------|-------------|
|-------------------------------------------------------|

Current time: 2024-11-20 19:22:40
MCMC time 46 mins 

USED COMPONENTS: 56 OF 74 

rel. MC standard error: 0.00853 to 0.0649
eff. sample size: 237 to 13800
needed thinning: 2 to 67
Diagnostics time 0.29 secs 

Total number of iterations 10583 - required further 519 

Chain # 17 - chunk 21 (chain 1 of 1 for this core): increasing by 520 

Iterations: 520 
|-------------|-------------|-------------|-------------|
|-------------------------------------------------------|

Current time: 2024-11-20 19:24:44
MCMC time 48 mins 

USED COMPONENTS: 57 OF 74 

rel. MC standard error: 0.00814 to 0.0648
eff. sample size: 238 to 15100
needed thinning: 2 to 71
Diagnostics time 0.29 secs 

Total number of iterations 11103 - required further 550 

Chain # 17 - chunk 22 (chain 1 of 1 for this core): increasing by 551 

Iterations: 551 
|-------------|-------------|-------------|-------------|
|-------------------------------------------------------|

Current time: 2024-11-20 19:26:55
MCMC time 50 mins 

USED COMPONENTS: 57 OF 74 

rel. MC standard error: 0.00816 to 0.0637
eff. sample size: 247 to 15000
needed thinning: 2 to 71
Diagnostics time 0.3 secs 

Total number of iterations 11654 - required further 550 

Chain # 17 - chunk 23 (chain 1 of 1 for this core): increasing by 551 

Iterations: 551 
|-------------|-------------|-------------|-------------|
|-------------------------------------------------------|

Current time: 2024-11-20 19:29:06
MCMC time 52 mins 

USED COMPONENTS: 57 OF 74 

rel. MC standard error: 0.00779 to 0.063
eff. sample size: 252 to 16500
needed thinning: 2 to 73
Diagnostics time 0.95 secs 

Total number of iterations 12205 - required further 566 

Chain # 17 - chunk 24 (chain 1 of 1 for this core): increasing by 567 

Iterations: 567 
|-------------|-------------|-------------|-------------|
|-------------------------------------------------------|

Current time: 2024-11-20 19:31:22
MCMC time 54 mins 

USED COMPONENTS: 56 OF 74 

rel. MC standard error: 0.00774 to 0.0624
eff. sample size: 257 to 16700
needed thinning: 2 to 75
Diagnostics time 0.32 secs 

Total number of iterations 12772 - required further 581 

Chain # 17 - chunk 25 (chain 1 of 1 for this core): increasing by 582 

Iterations: 582 
|-------------|-------------|-------------|-------------|
|-------------------------------------------------------|

Current time: 2024-11-20 19:33:40
MCMC time 57 mins 

USED COMPONENTS: 56 OF 74 

rel. MC standard error: 0.00751 to 0.0619
eff. sample size: 261 to 17700
needed thinning: 2 to 77
Diagnostics time 0.32 secs 

Total number of iterations 13354 - required further 597 

Chain # 17 - chunk 26 (chain 1 of 1 for this core): increasing by 598 

Iterations: 598 
|-------------|-------------|-------------|-------------|
|-------------------------------------------------------|

Current time: 2024-11-20 19:36:02
MCMC time 59 mins 

USED COMPONENTS: 56 OF 74 

rel. MC standard error: 0.00733 to 0.0614
eff. sample size: 266 to 18600
needed thinning: 2 to 79
Diagnostics time 0.37 secs 

Total number of iterations 13952 - required further 612 

Chain # 17 - chunk 27 (chain 1 of 1 for this core): increasing by 613 

Iterations: 613 
|-------------|-------------|-------------|-------------|
|-------------------------------------------------------|

Current time: 2024-11-20 19:38:28
MCMC time 1 hours 

USED COMPONENTS: 56 OF 74 

rel. MC standard error: 0.00761 to 0.0603
eff. sample size: 275 to 17300
needed thinning: 2 to 80
Diagnostics time 0.37 secs 

Total number of iterations 14565 - required further 620 

Chain # 17 - chunk 28 (chain 1 of 1 for this core): increasing by 621 

Iterations: 621 
|-------------|-------------|-------------|-------------|
|-------------------------------------------------------|

Current time: 2024-11-20 19:40:55
MCMC time 1.1 hours 

USED COMPONENTS: 56 OF 74 

rel. MC standard error: 0.00764 to 0.06
eff. sample size: 278 to 17100
needed thinning: 2 to 82
Diagnostics time 0.35 secs 

Total number of iterations 15186 - required further 636 

Chain # 17 - chunk 29 (chain 1 of 1 for this core): increasing by 637 

Iterations: 637 
|-------------|-------------|-------------|-------------|
|-------------------------------------------------------|

Current time: 2024-11-20 19:43:27
MCMC time 1.1 hours 

USED COMPONENTS: 56 OF 74 

rel. MC standard error: 0.00755 to 0.0592
eff. sample size: 285 to 17500
needed thinning: 2 to 84
Diagnostics time 0.36 secs 

Total number of iterations 15823 - required further 651 

Chain # 17 - chunk 30 (chain 1 of 1 for this core): increasing by 652 

Iterations: 652 
|-------------|-------------|-------------|-------------|
|-------------------------------------------------------|

Current time: 2024-11-20 19:46:01
MCMC time 1.2 hours 

USED COMPONENTS: 56 OF 74 

rel. MC standard error: 0.00718 to 0.0585
eff. sample size: 292 to 19400
needed thinning: 2 to 85
Diagnostics time 0.43 secs 

Total number of iterations 16475 - required further 659 

Chain # 17 - chunk 31 (chain 1 of 1 for this core): increasing by 660 

Iterations: 660 
|-------------|-------------|-------------|-------------|
|-------------------------------------------------------|

Current time: 2024-11-20 19:48:37
MCMC time 1.2 hours 

USED COMPONENTS: 56 OF 74 

rel. MC standard error: 0.00705 to 0.0579
eff. sample size: 298 to 20100
needed thinning: 2 to 87
Diagnostics time 1.1 secs 

Total number of iterations 17135 - required further 674 

Chain # 17 - chunk 32 (chain 1 of 1 for this core): increasing by 675 

Iterations: 675 
|-------------|-------------|-------------|-------------|
|-------------------------------------------------------|

Current time: 2024-11-20 19:51:18
MCMC time 1.2 hours 

USED COMPONENTS: 57 OF 74 

rel. MC standard error: 0.00716 to 0.0574
eff. sample size: 304 to 19500
needed thinning: 2 to 88
Diagnostics time 0.36 secs 

Total number of iterations 17810 - required further 682 

Chain # 17 - chunk 33 (chain 1 of 1 for this core): increasing by 683 

Iterations: 683 
|-------------|-------------|-------------|-------------|
|-------------------------------------------------------|

Current time: 2024-11-20 19:53:59
MCMC time 1.3 hours 

USED COMPONENTS: 57 OF 74 

rel. MC standard error: 0.00695 to 0.0566
eff. sample size: 312 to 20700
needed thinning: 2 to 89
Diagnostics time 0.33 secs 

Total number of iterations 18493 - required further 690 

Chain # 17 - chunk 34 (chain 1 of 1 for this core): increasing by 691 

Iterations: 691 
|-------------|-------------|-------------|-------------|
|-------------------------------------------------------|

Current time: 2024-11-20 19:56:43
MCMC time 1.3 hours 

USED COMPONENTS: 57 OF 74 

rel. MC standard error: 0.00684 to 0.056
eff. sample size: 319 to 21400
needed thinning: 2 to 91
Diagnostics time 0.38 secs 

Total number of iterations 19184 - required further 705 

Chain # 17 - chunk 35 (chain 1 of 1 for this core): increasing by 706 

Iterations: 706 
|-------------|-------------|-------------|-------------|
|-------------------------------------------------------|

Current time: 2024-11-20 19:59:30
MCMC time 1.4 hours 

USED COMPONENTS: 56 OF 74 

rel. MC standard error: 0.0069 to 0.0552
eff. sample size: 328 to 21000
needed thinning: 2 to 91
Diagnostics time 1.1 secs 

Total number of iterations 19890 - required further 705 

Chain # 17 - chunk 36 (chain 1 of 1 for this core): increasing by 706 

Iterations: 706 
|-------------|-------------|-------------|-------------|
|-------------------------------------------------------|

Current time: 2024-11-20 20:02:17
MCMC time 1.4 hours 

USED COMPONENTS: 56 OF 74 

rel. MC standard error: 0.00674 to 0.0549
eff. sample size: 332 to 22000
needed thinning: 2 to 93
Diagnostics time 0.35 secs 

Total number of iterations 20596 - required further 721 

Chain # 17 - chunk 37 (chain 1 of 1 for this core): increasing by 722 

Iterations: 722 
|-------------|-------------|-------------|-------------|
|-------------------------------------------------------|

Current time: 2024-11-20 20:05:08
MCMC time 1.5 hours 

USED COMPONENTS: 57 OF 74 

rel. MC standard error: 0.00624 to 0.054
eff. sample size: 343 to 25700
needed thinning: 2 to 94
Diagnostics time 0.39 secs 

Total number of iterations 21318 - required further 729 

Chain # 17 - chunk 38 (chain 1 of 1 for this core): increasing by 730 

Iterations: 730 
|-------------|-------------|-------------|-------------|
|-------------------------------------------------------|

Current time: 2024-11-20 20:08:00
MCMC time 1.5 hours 

USED COMPONENTS: 56 OF 74 

rel. MC standard error: 0.00636 to 0.0537
eff. sample size: 347 to 24800
needed thinning: 2 to 96
Diagnostics time 0.41 secs 

Total number of iterations 22048 - required further 744 

Chain # 17 - chunk 39 (chain 1 of 1 for this core): increasing by 745 

Iterations: 745 
|-------------|-------------|-------------|-------------|
|-------------------------------------------------------|

Current time: 2024-11-20 20:10:56
MCMC time 1.6 hours 

USED COMPONENTS: 56 OF 74 

rel. MC standard error: 0.00636 to 0.0532
eff. sample size: 354 to 24700
needed thinning: 2 to 97
Diagnostics time 0.4 secs 

Total number of iterations 22793 - required further 752 

Chain # 17 - chunk 40 (chain 1 of 1 for this core): increasing by 753 

Iterations: 753 
|-------------|-------------|-------------|-------------|
|-------------------------------------------------------|

Current time: 2024-11-20 20:13:53
MCMC time 1.6 hours 

USED COMPONENTS: 56 OF 74 

rel. MC standard error: 0.00606 to 0.0523
eff. sample size: 366 to 27200
needed thinning: 2 to 97
Diagnostics time 0.48 secs 

Total number of iterations 23546 - required further 752 

Chain # 17 - chunk 41 (chain 1 of 1 for this core): increasing by 753 

Iterations: 753 
|-------------|-------------|-------------|-------------|
|-------------------------------------------------------|

Current time: 2024-11-20 20:16:51
MCMC time 1.7 hours 

USED COMPONENTS: 56 OF 74 

rel. MC standard error: 0.00629 to 0.0519
eff. sample size: 371 to 25300
needed thinning: 2 to 99
Diagnostics time 0.42 secs 

Total number of iterations 24299 - required further 767 

Chain # 17 - chunk 42 (chain 1 of 1 for this core): increasing by 768 

Iterations: 768 
|-------------|-------------|-------------|-------------|
|-------------------------------------------------------|

Current time: 2024-11-20 20:19:53
MCMC time 1.7 hours 

USED COMPONENTS: 56 OF 74 

rel. MC standard error: 0.00574 to 0.051
eff. sample size: 385 to 30300
needed thinning: 2 to 98
Diagnostics time 0.43 secs 

Total number of iterations 25067 - required further 760 

Chain # 17 - chunk 43 (chain 1 of 1 for this core): increasing by 761 

Iterations: 761 
|-------------|-------------|-------------|-------------|
|-------------------------------------------------------|

Current time: 2024-11-20 20:22:52
MCMC time 1.8 hours 

USED COMPONENTS: 56 OF 74 

rel. MC standard error: 0.0058 to 0.0504
eff. sample size: 393 to 29700
needed thinning: 2 to 99
Diagnostics time 1 secs 

Total number of iterations 25828 - required further 767 

Chain # 17 - chunk 44 (chain 1 of 1 for this core): increasing by 768 

Iterations: 768 
|-------------|-------------|-------------|-------------|
|-------------------------------------------------------|

Current time: 2024-11-20 20:25:54
MCMC time 1.8 hours 

USED COMPONENTS: 58 OF 74 

rel. MC standard error: 0.00559 to 0.0503
eff. sample size: 396 to 32000
needed thinning: 2 to 101
Diagnostics time 0.49 secs 

Total number of iterations 26596 - required further 783 

Chain # 17 - chunk 45 (chain 1 of 1 for this core): increasing by 784 

Iterations: 784 
|-------------|-------------|-------------|-------------|
|-------------------------------------------------------|

Current time: 2024-11-20 20:28:59
MCMC time 1.9 hours 

USED COMPONENTS: 59 OF 74 

rel. MC standard error: 0.00533 to 0.05
eff. sample size: 401 to 35200
needed thinning: 2 to 103
Diagnostics time 0.39 secs 

Total number of iterations 27380 - required further 0 

Keeping last 60 samples with thinning 103 

Plotting traces and samples.

Current time: 2024-11-20 20:29:02
MCMC + diagnostics time 1.9 hours 

Current time: 2024-11-20 20:29:02
Total time 1.9 hours 
loaded inferno and set parent environment
loaded inferno and set parent environment
loaded inferno and set parent environment
loaded inferno and set parent environment
