Log core 2 - Current time: 2024-11-20 18:29:52
Defining model
Building model
Setting data and initial values
Running calculate on model
  [Note] Any error reports that follow may simply reflect missing values in model variables.
Checking model sizes and dimensions
Compiling
  [Note] This may take a minute.
  [Note] Use 'showCompilerOutput = TRUE' to see C++ compilation details.
===== Monitors =====
thin = 1: Bprob, Rmean, Rvar, W
thin2 = 1: K
===== Samplers =====
conjugate sampler (519)
  - Rmean[]  (148 elements)
  - Rrate[]  (148 elements)
  - Bprob[]  (74 elements)
  - Rvar[]  (148 elements)
  - W[1:74] 
categorical sampler (3001)
  - Alpha
  - K[]  (3000 elements)
===== Monitors =====
thin = 1: Bprob, Rmean, Rvar, W
thin2 = 1: K
===== Samplers =====
slice sampler (3001)
  - Alpha
  - K[]  (3000 elements)
conjugate sampler (519)
  - Rmean[]  (148 elements)
  - Rrate[]  (148 elements)
  - Bprob[]  (74 elements)
  - Rvar[]  (148 elements)
  - W[1:74] 
Compiling
  [Note] This may take a minute.
  [Note] Use 'showCompilerOutput = TRUE' to see C++ compilation details.

Setup time 12 mins 

Chain # 2 (chain 1 of 1 for this core)

Datapoints for testing convergence:
 #444 #478 #661 #670 #869 #963 #1185 #1196 #1268 #1467 #1556 #1665 #1925 #2152 #2220 #2399 #2779 #2799 #2832 #2919 

Iterations: 3600 
|-------------|-------------|-------------|-------------|
|-------------------------------------------------------|

Current time: 2024-11-20 18:59:43
MCMC time 18 mins 

USED COMPONENTS: 61 OF 74 

rel. MC standard error: 0.0162 to 0.105
eff. sample size: 90.6 to 3800
needed thinning: 2 to 60
Diagnostics time 3.7 secs 

Total number of iterations 3600 - required further 465 

Chain # 2 - chunk 2 (chain 1 of 1 for this core): increasing by 466 

Iterations: 466 
|-------------|-------------|-------------|-------------|
|-------------------------------------------------------|

Current time: 2024-11-20 19:02:45
MCMC time 21 mins 

USED COMPONENTS: 61 OF 74 

rel. MC standard error: 0.0146 to 0.1
eff. sample size: 99.5 to 4670
needed thinning: 2 to 62
Diagnostics time 0.48 secs 

Total number of iterations 4066 - required further 481 

Chain # 2 - chunk 3 (chain 1 of 1 for this core): increasing by 482 

Iterations: 482 
|-------------|-------------|-------------|-------------|
|-------------------------------------------------------|

Current time: 2024-11-20 19:05:48
MCMC time 24 mins 

USED COMPONENTS: 61 OF 74 

rel. MC standard error: 0.014 to 0.097
eff. sample size: 106 to 5110
needed thinning: 2 to 65
Diagnostics time 0.51 secs 

Total number of iterations 4548 - required further 504 

Chain # 2 - chunk 4 (chain 1 of 1 for this core): increasing by 505 

Iterations: 505 
|-------------|-------------|-------------|-------------|
|-------------------------------------------------------|

Current time: 2024-11-20 19:09:01
MCMC time 28 mins 

USED COMPONENTS: 61 OF 74 

rel. MC standard error: 0.0124 to 0.094
eff. sample size: 113 to 6530
needed thinning: 2 to 67
Diagnostics time 0.61 secs 

Total number of iterations 5053 - required further 519 

Chain # 2 - chunk 5 (chain 1 of 1 for this core): increasing by 520 

Iterations: 520 
|-------------|-------------|-------------|-------------|
|-------------------------------------------------------|

Current time: 2024-11-20 19:11:11
MCMC time 30 mins 

USED COMPONENTS: 60 OF 74 

rel. MC standard error: 0.0121 to 0.0902
eff. sample size: 123 to 6790
needed thinning: 2 to 69
Diagnostics time 0.3 secs 

Total number of iterations 5573 - required further 535 

Chain # 2 - chunk 6 (chain 1 of 1 for this core): increasing by 536 

Iterations: 536 
|-------------|-------------|-------------|-------------|
|-------------------------------------------------------|

Current time: 2024-11-20 19:13:16
MCMC time 32 mins 

USED COMPONENTS: 60 OF 74 

rel. MC standard error: 0.0119 to 0.0875
eff. sample size: 131 to 7110
needed thinning: 2 to 71
Diagnostics time 0.3 secs 

Total number of iterations 6109 - required further 550 

Chain # 2 - chunk 7 (chain 1 of 1 for this core): increasing by 551 

Iterations: 551 
|-------------|-------------|-------------|-------------|
|-------------------------------------------------------|

Current time: 2024-11-20 19:15:24
MCMC time 34 mins 

USED COMPONENTS: 60 OF 74 

rel. MC standard error: 0.0117 to 0.0841
eff. sample size: 141 to 7260
needed thinning: 2 to 71
Diagnostics time 0.32 secs 

Total number of iterations 6660 - required further 550 

Chain # 2 - chunk 8 (chain 1 of 1 for this core): increasing by 551 

Iterations: 551 
|-------------|-------------|-------------|-------------|
|-------------------------------------------------------|

Current time: 2024-11-20 19:17:29
MCMC time 36 mins 

USED COMPONENTS: 60 OF 74 

rel. MC standard error: 0.0107 to 0.0816
eff. sample size: 150 to 8690
needed thinning: 2 to 73
Diagnostics time 0.3 secs 

Total number of iterations 7211 - required further 566 

Chain # 2 - chunk 9 (chain 1 of 1 for this core): increasing by 567 

Iterations: 567 
|-------------|-------------|-------------|-------------|
|-------------------------------------------------------|

Current time: 2024-11-20 19:19:26
MCMC time 38 mins 

USED COMPONENTS: 60 OF 74 

rel. MC standard error: 0.0103 to 0.0785
eff. sample size: 162 to 9480
needed thinning: 2 to 72
Diagnostics time 0.33 secs 

Total number of iterations 7778 - required further 558 

Chain # 2 - chunk 10 (chain 1 of 1 for this core): increasing by 559 

Iterations: 559 
|-------------|-------------|-------------|-------------|
|-------------------------------------------------------|

Current time: 2024-11-20 19:21:22
MCMC time 40 mins 

USED COMPONENTS: 61 OF 74 

rel. MC standard error: 0.00973 to 0.0767
eff. sample size: 170 to 10600
needed thinning: 2 to 74
Diagnostics time 0.3 secs 

Total number of iterations 8337 - required further 574 

Chain # 2 - chunk 11 (chain 1 of 1 for this core): increasing by 575 

Iterations: 575 
|-------------|-------------|-------------|-------------|
|-------------------------------------------------------|

Current time: 2024-11-20 19:23:20
MCMC time 42 mins 

USED COMPONENTS: 61 OF 74 

rel. MC standard error: 0.0102 to 0.0746
eff. sample size: 180 to 9670
needed thinning: 2 to 75
Diagnostics time 0.89 secs 

Total number of iterations 8912 - required further 581 

Chain # 2 - chunk 12 (chain 1 of 1 for this core): increasing by 582 

Iterations: 582 
|-------------|-------------|-------------|-------------|
|-------------------------------------------------------|

Current time: 2024-11-20 19:25:22
MCMC time 44 mins 

USED COMPONENTS: 61 OF 74 

rel. MC standard error: 0.00966 to 0.0726
eff. sample size: 190 to 10700
needed thinning: 2 to 76
Diagnostics time 0.31 secs 

Total number of iterations 9494 - required further 589 

Chain # 2 - chunk 13 (chain 1 of 1 for this core): increasing by 590 

Iterations: 590 
|-------------|-------------|-------------|-------------|
|-------------------------------------------------------|

Current time: 2024-11-20 19:27:25
MCMC time 46 mins 

USED COMPONENTS: 61 OF 74 

rel. MC standard error: 0.00965 to 0.0706
eff. sample size: 201 to 10700
needed thinning: 2 to 76
Diagnostics time 0.3 secs 

Total number of iterations 10084 - required further 589 

Chain # 2 - chunk 14 (chain 1 of 1 for this core): increasing by 590 

Iterations: 590 
|-------------|-------------|-------------|-------------|
|-------------------------------------------------------|

Current time: 2024-11-20 19:29:28
MCMC time 48 mins 

USED COMPONENTS: 62 OF 74 

rel. MC standard error: 0.00982 to 0.0701
eff. sample size: 204 to 10400
needed thinning: 2 to 79
Diagnostics time 0.32 secs 

Total number of iterations 10674 - required further 612 

Chain # 2 - chunk 15 (chain 1 of 1 for this core): increasing by 613 

Iterations: 613 
|-------------|-------------|-------------|-------------|
|-------------------------------------------------------|

Current time: 2024-11-20 19:31:35
MCMC time 50 mins 

USED COMPONENTS: 62 OF 74 

rel. MC standard error: 0.00926 to 0.0676
eff. sample size: 219 to 11700
needed thinning: 2 to 78
Diagnostics time 0.31 secs 

Total number of iterations 11287 - required further 605 

Chain # 2 - chunk 16 (chain 1 of 1 for this core): increasing by 606 

Iterations: 606 
|-------------|-------------|-------------|-------------|
|-------------------------------------------------------|

Current time: 2024-11-20 19:33:40
MCMC time 52 mins 

USED COMPONENTS: 62 OF 74 

rel. MC standard error: 0.00916 to 0.067
eff. sample size: 223 to 11900
needed thinning: 2 to 81
Diagnostics time 0.31 secs 

Total number of iterations 11893 - required further 628 

Chain # 2 - chunk 17 (chain 1 of 1 for this core): increasing by 629 

Iterations: 629 
|-------------|-------------|-------------|-------------|
|-------------------------------------------------------|

Current time: 2024-11-20 19:35:49
MCMC time 54 mins 

USED COMPONENTS: 62 OF 74 

rel. MC standard error: 0.00905 to 0.0651
eff. sample size: 236 to 12200
needed thinning: 2 to 80
Diagnostics time 0.3 secs 

Total number of iterations 12522 - required further 620 

Chain # 2 - chunk 18 (chain 1 of 1 for this core): increasing by 621 

Iterations: 621 
|-------------|-------------|-------------|-------------|
|-------------------------------------------------------|

Current time: 2024-11-20 19:37:57
MCMC time 56 mins 

USED COMPONENTS: 62 OF 74 

rel. MC standard error: 0.00893 to 0.0671
eff. sample size: 222 to 12600
needed thinning: 2 to 89
Diagnostics time 0.33 secs 

Total number of iterations 13143 - required further 690 

Chain # 2 - chunk 19 (chain 1 of 1 for this core): increasing by 691 

Iterations: 691 
|-------------|-------------|-------------|-------------|
|-------------------------------------------------------|

Current time: 2024-11-20 19:40:20
MCMC time 59 mins 

USED COMPONENTS: 62 OF 74 

rel. MC standard error: 0.00858 to 0.068
eff. sample size: 216 to 13600
needed thinning: 2 to 97
Diagnostics time 0.39 secs 

Total number of iterations 13834 - required further 752 

Chain # 2 - chunk 20 (chain 1 of 1 for this core): increasing by 753 

Iterations: 753 
|-------------|-------------|-------------|-------------|
|-------------------------------------------------------|

Current time: 2024-11-20 19:42:55
MCMC time 1 hours 

USED COMPONENTS: 62 OF 74 

rel. MC standard error: 0.00889 to 0.0685
eff. sample size: 213 to 12700
needed thinning: 2 to 103
Diagnostics time 0.37 secs 

Total number of iterations 14587 - required further 798 

Chain # 2 - chunk 21 (chain 1 of 1 for this core): increasing by 799 

Iterations: 799 
|-------------|-------------|-------------|-------------|
|-------------------------------------------------------|

Current time: 2024-11-20 19:45:41
MCMC time 1.1 hours 

USED COMPONENTS: 62 OF 74 

rel. MC standard error: 0.00814 to 0.0687
eff. sample size: 212 to 15100
needed thinning: 2 to 110
Diagnostics time 0.42 secs 

Total number of iterations 15386 - required further 853 

Chain # 2 - chunk 22 (chain 1 of 1 for this core): increasing by 854 

Iterations: 854 
|-------------|-------------|-------------|-------------|
|-------------------------------------------------------|

Current time: 2024-11-20 19:48:39
MCMC time 1.1 hours 

USED COMPONENTS: 62 OF 74 

rel. MC standard error: 0.0077 to 0.0681
eff. sample size: 215 to 16900
needed thinning: 2 to 114
Diagnostics time 0.48 secs 

Total number of iterations 16240 - required further 884 

Chain # 2 - chunk 23 (chain 1 of 1 for this core): increasing by 885 

Iterations: 885 
|-------------|-------------|-------------|-------------|
|-------------------------------------------------------|

Current time: 2024-11-20 19:51:39
MCMC time 1.2 hours 

USED COMPONENTS: 62 OF 74 

rel. MC standard error: 0.00798 to 0.0676
eff. sample size: 219 to 15700
needed thinning: 2 to 118
Diagnostics time 1.1 secs 

Total number of iterations 17125 - required further 915 

Chain # 2 - chunk 24 (chain 1 of 1 for this core): increasing by 916 

Iterations: 916 
|-------------|-------------|-------------|-------------|
|-------------------------------------------------------|

Current time: 2024-11-20 19:54:46
MCMC time 1.2 hours 

USED COMPONENTS: 61 OF 74 

rel. MC standard error: 0.00752 to 0.0677
eff. sample size: 218 to 17700
needed thinning: 2 to 124
Diagnostics time 0.46 secs 

Total number of iterations 18041 - required further 961 

Chain # 2 - chunk 25 (chain 1 of 1 for this core): increasing by 962 

Iterations: 962 
|-------------|-------------|-------------|-------------|
|-------------------------------------------------------|

Current time: 2024-11-20 19:58:01
MCMC time 1.3 hours 

USED COMPONENTS: 61 OF 74 

rel. MC standard error: 0.0077 to 0.0667
eff. sample size: 225 to 16900
needed thinning: 2 to 127
Diagnostics time 0.42 secs 

Total number of iterations 19003 - required further 984 

Chain # 2 - chunk 26 (chain 1 of 1 for this core): increasing by 985 

Iterations: 985 
|-------------|-------------|-------------|-------------|
|-------------------------------------------------------|

Current time: 2024-11-20 20:01:19
MCMC time 1.3 hours 

USED COMPONENTS: 61 OF 74 

rel. MC standard error: 0.00736 to 0.066
eff. sample size: 229 to 18500
needed thinning: 2 to 131
Diagnostics time 0.47 secs 

Total number of iterations 19988 - required further 1015 

Chain # 2 - chunk 27 (chain 1 of 1 for this core): increasing by 1016 

Iterations: 1016 
|-------------|-------------|-------------|-------------|
|-------------------------------------------------------|

Current time: 2024-11-20 20:04:45
MCMC time 1.4 hours 

USED COMPONENTS: 61 OF 74 

rel. MC standard error: 0.00716 to 0.0651
eff. sample size: 236 to 19500
needed thinning: 2 to 134
Diagnostics time 0.96 secs 

Total number of iterations 21004 - required further 1038 

Chain # 2 - chunk 28 (chain 1 of 1 for this core): increasing by 1039 

Iterations: 1039 
|-------------|-------------|-------------|-------------|
|-------------------------------------------------------|

Current time: 2024-11-20 20:08:17
MCMC time 1.4 hours 

USED COMPONENTS: 61 OF 74 

rel. MC standard error: 0.00708 to 0.0644
eff. sample size: 241 to 19900
needed thinning: 2 to 138
Diagnostics time 0.48 secs 

Total number of iterations 22043 - required further 1069 

Chain # 2 - chunk 29 (chain 1 of 1 for this core): increasing by 1070 

Iterations: 1070 
|-------------|-------------|-------------|-------------|
|-------------------------------------------------------|

Current time: 2024-11-20 20:11:55
MCMC time 1.5 hours 

USED COMPONENTS: 61 OF 74 

rel. MC standard error: 0.00661 to 0.0639
eff. sample size: 245 to 22900
needed thinning: 2 to 142
Diagnostics time 0.97 secs 

Total number of iterations 23113 - required further 1100 

Chain # 2 - chunk 30 (chain 1 of 1 for this core): increasing by 1101 

Iterations: 1101 
|-------------|-------------|-------------|-------------|
|-------------------------------------------------------|

Current time: 2024-11-20 20:15:39
MCMC time 1.6 hours 

USED COMPONENTS: 62 OF 74 

rel. MC standard error: 0.00668 to 0.0626
eff. sample size: 255 to 22400
needed thinning: 2 to 143
Diagnostics time 0.49 secs 

Total number of iterations 24214 - required further 1108 

Chain # 2 - chunk 31 (chain 1 of 1 for this core): increasing by 1109 

Iterations: 1109 
|-------------|-------------|-------------|-------------|
|-------------------------------------------------------|

Current time: 2024-11-20 20:19:25
MCMC time 1.6 hours 

USED COMPONENTS: 62 OF 74 

rel. MC standard error: 0.00631 to 0.062
eff. sample size: 260 to 25200
needed thinning: 2 to 146
Diagnostics time 0.5 secs 

Total number of iterations 25323 - required further 1131 

Chain # 2 - chunk 32 (chain 1 of 1 for this core): increasing by 1132 

Iterations: 1132 
|-------------|-------------|-------------|-------------|
|-------------------------------------------------------|

Current time: 2024-11-20 20:23:15
MCMC time 1.7 hours 

USED COMPONENTS: 63 OF 74 

rel. MC standard error: 0.00612 to 0.0609
eff. sample size: 270 to 26700
needed thinning: 2 to 148
Diagnostics time 0.47 secs 

Total number of iterations 26455 - required further 1147 

Chain # 2 - chunk 33 (chain 1 of 1 for this core): increasing by 1148 

Iterations: 1148 
|-------------|-------------|-------------|-------------|
|-------------------------------------------------------|

Current time: 2024-11-20 20:27:09
MCMC time 1.8 hours 

USED COMPONENTS: 62 OF 74 

rel. MC standard error: 0.00595 to 0.0601
eff. sample size: 277 to 28200
needed thinning: 2 to 150
Diagnostics time 0.52 secs 

Total number of iterations 27603 - required further 1162 

Chain # 2 - chunk 34 (chain 1 of 1 for this core): increasing by 1163 

Iterations: 1163 
|-------------|-------------|-------------|-------------|
|-------------------------------------------------------|

Current time: 2024-11-20 20:31:05
MCMC time 1.8 hours 

USED COMPONENTS: 62 OF 74 

rel. MC standard error: 0.00634 to 0.0591
eff. sample size: 286 to 24900
needed thinning: 2 to 151
Diagnostics time 0.5 secs 

Total number of iterations 28766 - required further 1170 

Chain # 2 - chunk 35 (chain 1 of 1 for this core): increasing by 1171 

Iterations: 1171 
|-------------|-------------|-------------|-------------|
|-------------------------------------------------------|

Current time: 2024-11-20 20:35:03
MCMC time 1.9 hours 

USED COMPONENTS: 62 OF 74 

rel. MC standard error: 0.00591 to 0.0585
eff. sample size: 293 to 28600
needed thinning: 2 to 154
Diagnostics time 0.53 secs 

Total number of iterations 29937 - required further 1193 

Chain # 2 - chunk 36 (chain 1 of 1 for this core): increasing by 1194 

Iterations: 1194 
|-------------|-------------|-------------|-------------|
|-------------------------------------------------------|

Current time: 2024-11-20 20:39:06
MCMC time 2 hours 

USED COMPONENTS: 62 OF 74 

rel. MC standard error: 0.00581 to 0.0577
eff. sample size: 300 to 29600
needed thinning: 2 to 156
Diagnostics time 1 secs 

Total number of iterations 31131 - required further 1209 

Chain # 2 - chunk 37 (chain 1 of 1 for this core): increasing by 1210 

Iterations: 1210 
|-------------|-------------|-------------|-------------|
|-------------------------------------------------------|

Current time: 2024-11-20 20:43:12
MCMC time 2 hours 

USED COMPONENTS: 62 OF 74 

rel. MC standard error: 0.00586 to 0.0568
eff. sample size: 309 to 29100
needed thinning: 2 to 157
Diagnostics time 0.52 secs 

Total number of iterations 32341 - required further 1217 

Chain # 2 - chunk 38 (chain 1 of 1 for this core): increasing by 1218 

Iterations: 1218 
|-------------|-------------|-------------|-------------|
|-------------------------------------------------------|

Current time: 2024-11-20 20:47:19
MCMC time 2.1 hours 

USED COMPONENTS: 62 OF 74 

rel. MC standard error: 0.00577 to 0.0561
eff. sample size: 317 to 30000
needed thinning: 2 to 159
Diagnostics time 0.57 secs 

Total number of iterations 33559 - required further 1232 

Chain # 2 - chunk 39 (chain 1 of 1 for this core): increasing by 1233 

Iterations: 1233 
|-------------|-------------|-------------|-------------|
|-------------------------------------------------------|

Current time: 2024-11-20 20:51:30
MCMC time 2.2 hours 

USED COMPONENTS: 62 OF 74 

rel. MC standard error: 0.00539 to 0.0553
eff. sample size: 327 to 34400
needed thinning: 2 to 160
Diagnostics time 0.54 secs 

Total number of iterations 34792 - required further 1240 

Chain # 2 - chunk 40 (chain 1 of 1 for this core): increasing by 1241 

Iterations: 1241 
|-------------|-------------|-------------|-------------|
|-------------------------------------------------------|

Current time: 2024-11-20 20:55:42
MCMC time 2.2 hours 

USED COMPONENTS: 62 OF 74 

rel. MC standard error: 0.00546 to 0.0547
eff. sample size: 334 to 33600
needed thinning: 2 to 162
Diagnostics time 0.56 secs 

Total number of iterations 36033 - required further 1255 

Chain # 2 - chunk 41 (chain 1 of 1 for this core): increasing by 1256 

Iterations: 1256 
|-------------|-------------|-------------|-------------|
|-------------------------------------------------------|

Current time: 2024-11-20 20:59:58
MCMC time 2.3 hours 

USED COMPONENTS: 61 OF 74 

rel. MC standard error: 0.00523 to 0.054
eff. sample size: 344 to 36600
needed thinning: 2 to 163
Diagnostics time 1 secs 

Total number of iterations 37289 - required further 1263 

Chain # 2 - chunk 42 (chain 1 of 1 for this core): increasing by 1264 

Iterations: 1264 
|-------------|-------------|-------------|-------------|
|-------------------------------------------------------|

Current time: 2024-11-20 21:04:14
MCMC time 2.4 hours 

USED COMPONENTS: 61 OF 74 

rel. MC standard error: 0.00545 to 0.0533
eff. sample size: 352 to 33600
needed thinning: 2 to 165
Diagnostics time 0.54 secs 

Total number of iterations 38553 - required further 1279 

Chain # 2 - chunk 43 (chain 1 of 1 for this core): increasing by 1280 

Iterations: 1280 
|-------------|-------------|-------------|-------------|
|-------------------------------------------------------|

Current time: 2024-11-20 21:08:33
MCMC time 2.5 hours 

USED COMPONENTS: 61 OF 74 

rel. MC standard error: 0.00523 to 0.0527
eff. sample size: 360 to 36500
needed thinning: 2 to 166
Diagnostics time 0.59 secs 

Total number of iterations 39833 - required further 1286 

Chain # 2 - chunk 44 (chain 1 of 1 for this core): increasing by 1287 

Iterations: 1287 
|-------------|-------------|-------------|-------------|
|-------------------------------------------------------|

Current time: 2024-11-20 21:12:55
MCMC time 2.5 hours 

USED COMPONENTS: 61 OF 74 

rel. MC standard error: 0.00517 to 0.0519
eff. sample size: 372 to 37400
needed thinning: 2 to 167
Diagnostics time 0.56 secs 

Total number of iterations 41120 - required further 1294 

Chain # 2 - chunk 45 (chain 1 of 1 for this core): increasing by 1295 

Iterations: 1295 
|-------------|-------------|-------------|-------------|
|-------------------------------------------------------|

Current time: 2024-11-20 21:17:18
MCMC time 2.6 hours 

USED COMPONENTS: 61 OF 74 

rel. MC standard error: 0.00506 to 0.0512
eff. sample size: 381 to 39000
needed thinning: 2 to 167
Diagnostics time 0.58 secs 

Total number of iterations 42415 - required further 1294 

Chain # 2 - chunk 46 (chain 1 of 1 for this core): increasing by 1295 

Iterations: 1295 
|-------------|-------------|-------------|-------------|
|-------------------------------------------------------|

Current time: 2024-11-20 21:21:38
MCMC time 2.7 hours 

USED COMPONENTS: 61 OF 74 

rel. MC standard error: 0.00499 to 0.0506
eff. sample size: 391 to 40100
needed thinning: 2 to 168
Diagnostics time 0.61 secs 

Total number of iterations 43710 - required further 1302 

Chain # 2 - chunk 47 (chain 1 of 1 for this core): increasing by 1303 

Iterations: 1303 
|-------------|-------------|-------------|-------------|
|-------------------------------------------------------|

Current time: 2024-11-20 21:26:00
MCMC time 2.7 hours 

USED COMPONENTS: 61 OF 74 

rel. MC standard error: 0.00504 to 0.0502
eff. sample size: 397 to 39400
needed thinning: 2 to 171
Diagnostics time 1 secs 

Total number of iterations 45013 - required further 1325 

Chain # 2 - chunk 48 (chain 1 of 1 for this core): increasing by 1326 

Iterations: 1326 
|-------------|-------------|-------------|-------------|
|-------------------------------------------------------|

Current time: 2024-11-20 21:30:27
MCMC time 2.8 hours 

USED COMPONENTS: 61 OF 74 

rel. MC standard error: 0.00476 to 0.0496
eff. sample size: 406 to 44200
needed thinning: 2 to 172
Diagnostics time 0.58 secs 

Total number of iterations 46339 - required further 0 

Keeping last 60 samples with thinning 172 

Plotting traces and samples.

Current time: 2024-11-20 21:30:30
MCMC + diagnostics time 2.8 hours 

Current time: 2024-11-20 21:30:30
Total time 2.8 hours 
loaded inferno and set parent environment
loaded inferno and set parent environment
loaded inferno and set parent environment
loaded inferno and set parent environment
