Log core 4 - Current time: 2024-11-20 18:29:52
Defining model
Building model
Setting data and initial values
Running calculate on model
  [Note] Any error reports that follow may simply reflect missing values in model variables.
Checking model sizes and dimensions
Compiling
  [Note] This may take a minute.
  [Note] Use 'showCompilerOutput = TRUE' to see C++ compilation details.
===== Monitors =====
thin = 1: Bprob, Rmean, Rvar, W
thin2 = 1: K
===== Samplers =====
conjugate sampler (519)
  - Rmean[]  (148 elements)
  - Rrate[]  (148 elements)
  - Bprob[]  (74 elements)
  - Rvar[]  (148 elements)
  - W[1:74] 
categorical sampler (3001)
  - Alpha
  - K[]  (3000 elements)
===== Monitors =====
thin = 1: Bprob, Rmean, Rvar, W
thin2 = 1: K
===== Samplers =====
slice sampler (3001)
  - Alpha
  - K[]  (3000 elements)
conjugate sampler (519)
  - Rmean[]  (148 elements)
  - Rrate[]  (148 elements)
  - Bprob[]  (74 elements)
  - Rvar[]  (148 elements)
  - W[1:74] 
Compiling
  [Note] This may take a minute.
  [Note] Use 'showCompilerOutput = TRUE' to see C++ compilation details.

Setup time 12 mins 

Chain # 4 (chain 1 of 1 for this core)

Datapoints for testing convergence:
 #53 #266 #310 #440 #549 #782 #810 #915 #925 #951 #999 #1007 #1134 #1595 #1666 #2051 #2227 #2367 #2409 #3000 

Iterations: 3600 
|-------------|-------------|-------------|-------------|
|-------------------------------------------------------|

Current time: 2024-11-20 18:58:16
MCMC time 17 mins 

USED COMPONENTS: 64 OF 74 

rel. MC standard error: 0.0153 to 0.0535
eff. sample size: 349 to 4290
needed thinning: 2 to 16
Diagnostics time 2.3 secs 

Total number of iterations 3600 - required further 124 

Chain # 4 - chunk 2 (chain 1 of 1 for this core): increasing by 125 

Iterations: 125 
|-------------|-------------|-------------|-------------|
|-------------------------------------------------------|

Current time: 2024-11-20 18:58:48
MCMC time 17 mins 

USED COMPONENTS: 64 OF 74 

rel. MC standard error: 0.0156 to 0.0545
eff. sample size: 337 to 4130
needed thinning: 2 to 17
Diagnostics time 0.078 secs 

Total number of iterations 3725 - required further 132 

Chain # 4 - chunk 3 (chain 1 of 1 for this core): increasing by 133 

Iterations: 133 
|-------------|-------------|-------------|-------------|
|-------------------------------------------------------|

Current time: 2024-11-20 18:59:19
MCMC time 18 mins 

USED COMPONENTS: 64 OF 74 

rel. MC standard error: 0.0145 to 0.0531
eff. sample size: 355 to 4740
needed thinning: 2 to 17
Diagnostics time 0.089 secs 

Total number of iterations 3858 - required further 132 

Chain # 4 - chunk 4 (chain 1 of 1 for this core): increasing by 133 

Iterations: 133 
|-------------|-------------|-------------|-------------|
|-------------------------------------------------------|

Current time: 2024-11-20 18:59:50
MCMC time 18 mins 

USED COMPONENTS: 64 OF 74 

rel. MC standard error: 0.016 to 0.0527
eff. sample size: 361 to 3930
needed thinning: 2 to 17
Diagnostics time 0.089 secs 

Total number of iterations 3991 - required further 132 

Chain # 4 - chunk 5 (chain 1 of 1 for this core): increasing by 133 

Iterations: 133 
|-------------|-------------|-------------|-------------|
|-------------------------------------------------------|

Current time: 2024-11-20 19:00:22
MCMC time 19 mins 

USED COMPONENTS: 64 OF 74 

rel. MC standard error: 0.0141 to 0.05
eff. sample size: 400 to 5010
needed thinning: 2 to 16
Diagnostics time 0.092 secs 

Total number of iterations 4124 - required further 0 

Keeping last 60 samples with thinning 16 

Plotting traces and samples.

Current time: 2024-11-20 19:00:22
MCMC + diagnostics time 19 mins 

Current time: 2024-11-20 19:00:22
Total time 19 mins 
loaded inferno and set parent environment
loaded inferno and set parent environment
loaded inferno and set parent environment
loaded inferno and set parent environment
Error in gzfile(file, "rb") : cannot open the connection
Calls: <Anonymous> -> cleanup -> loadNamespace -> readRDS -> gzfile
In addition: Warning message:
In gzfile(file, "rb") :
  cannot open compressed file '/usr/lib/R/library/tools/Meta/nsInfo.rds', probable reason 'Transport endpoint is not connected'
