Log core 20 - Current time: 2024-11-20 18:29:52
Defining model
Building model
Setting data and initial values
Running calculate on model
  [Note] Any error reports that follow may simply reflect missing values in model variables.
Checking model sizes and dimensions
Compiling
  [Note] This may take a minute.
  [Note] Use 'showCompilerOutput = TRUE' to see C++ compilation details.
===== Monitors =====
thin = 1: Bprob, Rmean, Rvar, W
thin2 = 1: K
===== Samplers =====
conjugate sampler (519)
  - Rmean[]  (148 elements)
  - Rrate[]  (148 elements)
  - Bprob[]  (74 elements)
  - Rvar[]  (148 elements)
  - W[1:74] 
categorical sampler (3001)
  - Alpha
  - K[]  (3000 elements)
===== Monitors =====
thin = 1: Bprob, Rmean, Rvar, W
thin2 = 1: K
===== Samplers =====
slice sampler (3001)
  - Alpha
  - K[]  (3000 elements)
conjugate sampler (519)
  - Rmean[]  (148 elements)
  - Rrate[]  (148 elements)
  - Bprob[]  (74 elements)
  - Rvar[]  (148 elements)
  - W[1:74] 
Compiling
  [Note] This may take a minute.
  [Note] Use 'showCompilerOutput = TRUE' to see C++ compilation details.

Setup time 7 mins 

Chain # 20 (chain 1 of 1 for this core)

Datapoints for testing convergence:
 #36 #67 #482 #509 #565 #570 #594 #853 #993 #1052 #1239 #1242 #1358 #1525 #1788 #1798 #2716 #2748 #2805 #2807 

Iterations: 3600 
|-------------|-------------|-------------|-------------|
|-------------------------------------------------------|

Current time: 2024-11-20 18:54:00
MCMC time 17 mins 

USED COMPONENTS: 56 OF 74 

rel. MC standard error: 0.0147 to 0.075
eff. sample size: 178 to 4630
needed thinning: 2 to 31
Diagnostics time 2.5 secs 

Total number of iterations 3600 - required further 241 

Chain # 20 - chunk 2 (chain 1 of 1 for this core): increasing by 242 

Iterations: 242 
|-------------|-------------|-------------|-------------|
|-------------------------------------------------------|

Current time: 2024-11-20 18:55:09
MCMC time 18 mins 

USED COMPONENTS: 54 OF 74 

rel. MC standard error: 0.0143 to 0.0731
eff. sample size: 187 to 4860
needed thinning: 2 to 31
Diagnostics time 0.15 secs 

Total number of iterations 3842 - required further 241 

Chain # 20 - chunk 3 (chain 1 of 1 for this core): increasing by 242 

Iterations: 242 
|-------------|-------------|-------------|-------------|
|-------------------------------------------------------|

Current time: 2024-11-20 18:56:12
MCMC time 19 mins 

USED COMPONENTS: 55 OF 74 

rel. MC standard error: 0.0136 to 0.0743
eff. sample size: 181 to 5420
needed thinning: 2 to 34
Diagnostics time 0.15 secs 

Total number of iterations 4084 - required further 264 

Chain # 20 - chunk 4 (chain 1 of 1 for this core): increasing by 265 

Iterations: 265 
|-------------|-------------|-------------|-------------|
|-------------------------------------------------------|

Current time: 2024-11-20 18:57:18
MCMC time 20 mins 

USED COMPONENTS: 53 OF 74 

rel. MC standard error: 0.0147 to 0.0718
eff. sample size: 194 to 4600
needed thinning: 2 to 34
Diagnostics time 0.2 secs 

Total number of iterations 4349 - required further 264 

Chain # 20 - chunk 5 (chain 1 of 1 for this core): increasing by 265 

Iterations: 265 
|-------------|-------------|-------------|-------------|
|-------------------------------------------------------|

Current time: 2024-11-20 18:58:22
MCMC time 21 mins 

USED COMPONENTS: 54 OF 74 

rel. MC standard error: 0.013 to 0.0672
eff. sample size: 221 to 5900
needed thinning: 2 to 32
Diagnostics time 0.2 secs 

Total number of iterations 4614 - required further 248 

Chain # 20 - chunk 6 (chain 1 of 1 for this core): increasing by 249 

Iterations: 249 
|-------------|-------------|-------------|-------------|
|-------------------------------------------------------|

Current time: 2024-11-20 18:59:22
MCMC time 22 mins 

USED COMPONENTS: 54 OF 74 

rel. MC standard error: 0.0122 to 0.065
eff. sample size: 237 to 6670
needed thinning: 2 to 31
Diagnostics time 0.2 secs 

Total number of iterations 4863 - required further 241 

Chain # 20 - chunk 7 (chain 1 of 1 for this core): increasing by 242 

Iterations: 242 
|-------------|-------------|-------------|-------------|
|-------------------------------------------------------|

Current time: 2024-11-20 19:00:21
MCMC time 23 mins 

USED COMPONENTS: 53 OF 74 

rel. MC standard error: 0.0126 to 0.0637
eff. sample size: 246 to 6260
needed thinning: 2 to 32
Diagnostics time 0.25 secs 

Total number of iterations 5105 - required further 248 

Chain # 20 - chunk 8 (chain 1 of 1 for this core): increasing by 249 

Iterations: 249 
|-------------|-------------|-------------|-------------|
|-------------------------------------------------------|

Current time: 2024-11-20 19:01:21
MCMC time 24 mins 

USED COMPONENTS: 53 OF 74 

rel. MC standard error: 0.0124 to 0.0649
eff. sample size: 237 to 6540
needed thinning: 2 to 34
Diagnostics time 0.15 secs 

Total number of iterations 5354 - required further 264 

Chain # 20 - chunk 9 (chain 1 of 1 for this core): increasing by 265 

Iterations: 265 
|-------------|-------------|-------------|-------------|
|-------------------------------------------------------|

Current time: 2024-11-20 19:02:25
MCMC time 25 mins 

USED COMPONENTS: 53 OF 74 

rel. MC standard error: 0.0126 to 0.0635
eff. sample size: 248 to 6280
needed thinning: 2 to 34
Diagnostics time 0.15 secs 

Total number of iterations 5619 - required further 264 

Chain # 20 - chunk 10 (chain 1 of 1 for this core): increasing by 265 

Iterations: 265 
|-------------|-------------|-------------|-------------|
|-------------------------------------------------------|

Current time: 2024-11-20 19:03:28
MCMC time 27 mins 

USED COMPONENTS: 54 OF 74 

rel. MC standard error: 0.0113 to 0.0637
eff. sample size: 247 to 7810
needed thinning: 2 to 36
Diagnostics time 0.2 secs 

Total number of iterations 5884 - required further 279 

Chain # 20 - chunk 11 (chain 1 of 1 for this core): increasing by 280 

Iterations: 280 
|-------------|-------------|-------------|-------------|
|-------------------------------------------------------|

Current time: 2024-11-20 19:04:35
MCMC time 28 mins 

USED COMPONENTS: 54 OF 74 

rel. MC standard error: 0.0128 to 0.0623
eff. sample size: 258 to 6120
needed thinning: 2 to 36
Diagnostics time 0.21 secs 

Total number of iterations 6164 - required further 279 

Chain # 20 - chunk 12 (chain 1 of 1 for this core): increasing by 280 

Iterations: 280 
|-------------|-------------|-------------|-------------|
|-------------------------------------------------------|

Current time: 2024-11-20 19:05:42
MCMC time 29 mins 

USED COMPONENTS: 53 OF 74 

rel. MC standard error: 0.0118 to 0.0596
eff. sample size: 282 to 7200
needed thinning: 2 to 35
Diagnostics time 0.16 secs 

Total number of iterations 6444 - required further 272 

Chain # 20 - chunk 13 (chain 1 of 1 for this core): increasing by 273 

Iterations: 273 
|-------------|-------------|-------------|-------------|
|-------------------------------------------------------|

Current time: 2024-11-20 19:06:47
MCMC time 30 mins 

USED COMPONENTS: 53 OF 74 

rel. MC standard error: 0.0113 to 0.0579
eff. sample size: 298 to 7810
needed thinning: 2 to 34
Diagnostics time 0.16 secs 

Total number of iterations 6717 - required further 264 

Chain # 20 - chunk 14 (chain 1 of 1 for this core): increasing by 265 

Iterations: 265 
|-------------|-------------|-------------|-------------|
|-------------------------------------------------------|

Current time: 2024-11-20 19:07:50
MCMC time 31 mins 

USED COMPONENTS: 53 OF 74 

rel. MC standard error: 0.0112 to 0.0563
eff. sample size: 316 to 7970
needed thinning: 2 to 34
Diagnostics time 0.15 secs 

Total number of iterations 6982 - required further 264 

Chain # 20 - chunk 15 (chain 1 of 1 for this core): increasing by 265 

Iterations: 265 
|-------------|-------------|-------------|-------------|
|-------------------------------------------------------|

Current time: 2024-11-20 19:08:52
MCMC time 32 mins 

USED COMPONENTS: 53 OF 74 

rel. MC standard error: 0.0102 to 0.0553
eff. sample size: 327 to 9560
needed thinning: 2 to 34
Diagnostics time 0.2 secs 

Total number of iterations 7247 - required further 264 

Chain # 20 - chunk 16 (chain 1 of 1 for this core): increasing by 265 

Iterations: 265 
|-------------|-------------|-------------|-------------|
|-------------------------------------------------------|

Current time: 2024-11-20 19:09:55
MCMC time 33 mins 

USED COMPONENTS: 53 OF 74 

rel. MC standard error: 0.0105 to 0.0549
eff. sample size: 332 to 9130
needed thinning: 2 to 34
Diagnostics time 0.15 secs 

Total number of iterations 7512 - required further 264 

Chain # 20 - chunk 17 (chain 1 of 1 for this core): increasing by 265 

Iterations: 265 
|-------------|-------------|-------------|-------------|
|-------------------------------------------------------|

Current time: 2024-11-20 19:10:58
MCMC time 34 mins 

USED COMPONENTS: 53 OF 74 

rel. MC standard error: 0.0105 to 0.0546
eff. sample size: 335 to 9130
needed thinning: 2 to 35
Diagnostics time 0.2 secs 

Total number of iterations 7777 - required further 272 

Chain # 20 - chunk 18 (chain 1 of 1 for this core): increasing by 273 

Iterations: 273 
|-------------|-------------|-------------|-------------|
|-------------------------------------------------------|

Current time: 2024-11-20 19:12:02
MCMC time 35 mins 

USED COMPONENTS: 53 OF 74 

rel. MC standard error: 0.0102 to 0.0542
eff. sample size: 340 to 9590
needed thinning: 2 to 36
Diagnostics time 0.16 secs 

Total number of iterations 8050 - required further 279 

Chain # 20 - chunk 19 (chain 1 of 1 for this core): increasing by 280 

Iterations: 280 
|-------------|-------------|-------------|-------------|
|-------------------------------------------------------|

Current time: 2024-11-20 19:13:08
MCMC time 36 mins 

USED COMPONENTS: 55 OF 74 

rel. MC standard error: 0.00976 to 0.0587
eff. sample size: 290 to 10500
needed thinning: 2 to 44
Diagnostics time 0.16 secs 

Total number of iterations 8330 - required further 341 

Chain # 20 - chunk 20 (chain 1 of 1 for this core): increasing by 342 

Iterations: 342 
|-------------|-------------|-------------|-------------|
|-------------------------------------------------------|

Current time: 2024-11-20 19:14:29
MCMC time 38 mins 

USED COMPONENTS: 53 OF 74 

rel. MC standard error: 0.00996 to 0.062
eff. sample size: 260 to 10100
needed thinning: 2 to 51
Diagnostics time 0.23 secs 

Total number of iterations 8672 - required further 396 

Chain # 20 - chunk 21 (chain 1 of 1 for this core): increasing by 397 

Iterations: 397 
|-------------|-------------|-------------|-------------|
|-------------------------------------------------------|

Current time: 2024-11-20 19:16:02
MCMC time 39 mins 

USED COMPONENTS: 53 OF 74 

rel. MC standard error: 0.00921 to 0.06
eff. sample size: 278 to 11800
needed thinning: 2 to 49
Diagnostics time 0.26 secs 

Total number of iterations 9069 - required further 380 

Chain # 20 - chunk 22 (chain 1 of 1 for this core): increasing by 381 

Iterations: 381 
|-------------|-------------|-------------|-------------|
|-------------------------------------------------------|

Current time: 2024-11-20 19:17:32
MCMC time 41 mins 

USED COMPONENTS: 53 OF 74 

rel. MC standard error: 0.00885 to 0.0589
eff. sample size: 288 to 12800
needed thinning: 2 to 50
Diagnostics time 0.31 secs 

Total number of iterations 9450 - required further 388 

Chain # 20 - chunk 23 (chain 1 of 1 for this core): increasing by 389 

Iterations: 389 
|-------------|-------------|-------------|-------------|
|-------------------------------------------------------|

Current time: 2024-11-20 19:19:04
MCMC time 42 mins 

USED COMPONENTS: 53 OF 74 

rel. MC standard error: 0.00952 to 0.0579
eff. sample size: 299 to 11000
needed thinning: 2 to 50
Diagnostics time 0.25 secs 

Total number of iterations 9839 - required further 388 

Chain # 20 - chunk 24 (chain 1 of 1 for this core): increasing by 389 

Iterations: 389 
|-------------|-------------|-------------|-------------|
|-------------------------------------------------------|

Current time: 2024-11-20 19:20:36
MCMC time 44 mins 

USED COMPONENTS: 54 OF 74 

rel. MC standard error: 0.00928 to 0.0567
eff. sample size: 311 to 11600
needed thinning: 2 to 50
Diagnostics time 0.25 secs 

Total number of iterations 10228 - required further 388 

Chain # 20 - chunk 25 (chain 1 of 1 for this core): increasing by 389 

Iterations: 389 
|-------------|-------------|-------------|-------------|
|-------------------------------------------------------|

Current time: 2024-11-20 19:22:07
MCMC time 45 mins 

USED COMPONENTS: 53 OF 74 

rel. MC standard error: 0.00983 to 0.0603
eff. sample size: 275 to 10300
needed thinning: 2 to 58
Diagnostics time 0.24 secs 

Total number of iterations 10617 - required further 450 

Chain # 20 - chunk 26 (chain 1 of 1 for this core): increasing by 451 

Iterations: 451 
|-------------|-------------|-------------|-------------|
|-------------------------------------------------------|

Current time: 2024-11-20 19:23:53
MCMC time 47 mins 

USED COMPONENTS: 54 OF 74 

rel. MC standard error: 0.00895 to 0.058
eff. sample size: 297 to 12500
needed thinning: 2 to 56
Diagnostics time 0.24 secs 

Total number of iterations 11068 - required further 434 

Chain # 20 - chunk 27 (chain 1 of 1 for this core): increasing by 435 

Iterations: 435 
|-------------|-------------|-------------|-------------|
|-------------------------------------------------------|

Current time: 2024-11-20 19:25:35
MCMC time 49 mins 

USED COMPONENTS: 53 OF 74 

rel. MC standard error: 0.00919 to 0.0593
eff. sample size: 285 to 11800
needed thinning: 2 to 61
Diagnostics time 0.27 secs 

Total number of iterations 11503 - required further 473 

Chain # 20 - chunk 28 (chain 1 of 1 for this core): increasing by 474 

Iterations: 474 
|-------------|-------------|-------------|-------------|
|-------------------------------------------------------|

Current time: 2024-11-20 19:27:27
MCMC time 51 mins 

USED COMPONENTS: 53 OF 74 

rel. MC standard error: 0.00845 to 0.0585
eff. sample size: 292 to 14000
needed thinning: 2 to 62
Diagnostics time 0.3 secs 

Total number of iterations 11977 - required further 481 

Chain # 20 - chunk 29 (chain 1 of 1 for this core): increasing by 482 

Iterations: 482 
|-------------|-------------|-------------|-------------|
|-------------------------------------------------------|

Current time: 2024-11-20 19:29:20
MCMC time 52 mins 

USED COMPONENTS: 53 OF 74 

rel. MC standard error: 0.00808 to 0.0573
eff. sample size: 305 to 15300
needed thinning: 2 to 62
Diagnostics time 0.37 secs 

Total number of iterations 12459 - required further 481 

Chain # 20 - chunk 30 (chain 1 of 1 for this core): increasing by 482 

Iterations: 482 
|-------------|-------------|-------------|-------------|
|-------------------------------------------------------|

Current time: 2024-11-20 19:31:14
MCMC time 54 mins 

USED COMPONENTS: 53 OF 74 

rel. MC standard error: 0.00817 to 0.0557
eff. sample size: 322 to 15000
needed thinning: 2 to 61
Diagnostics time 0.28 secs 

Total number of iterations 12941 - required further 473 

Chain # 20 - chunk 31 (chain 1 of 1 for this core): increasing by 474 

Iterations: 474 
|-------------|-------------|-------------|-------------|
|-------------------------------------------------------|

Current time: 2024-11-20 19:33:05
MCMC time 56 mins 

USED COMPONENTS: 53 OF 74 

rel. MC standard error: 0.00849 to 0.0554
eff. sample size: 326 to 13900
needed thinning: 2 to 62
Diagnostics time 0.96 secs 

Total number of iterations 13415 - required further 481 

Chain # 20 - chunk 32 (chain 1 of 1 for this core): increasing by 482 

Iterations: 482 
|-------------|-------------|-------------|-------------|
|-------------------------------------------------------|

Current time: 2024-11-20 19:34:59
MCMC time 58 mins 

USED COMPONENTS: 53 OF 74 

rel. MC standard error: 0.0083 to 0.0549
eff. sample size: 331 to 14500
needed thinning: 2 to 63
Diagnostics time 0.29 secs 

Total number of iterations 13897 - required further 488 

Chain # 20 - chunk 33 (chain 1 of 1 for this core): increasing by 489 

Iterations: 489 
|-------------|-------------|-------------|-------------|
|-------------------------------------------------------|

Current time: 2024-11-20 19:36:54
MCMC time 60 mins 

USED COMPONENTS: 54 OF 74 

rel. MC standard error: 0.00812 to 0.0541
eff. sample size: 341 to 15200
needed thinning: 2 to 64
Diagnostics time 0.29 secs 

Total number of iterations 14386 - required further 496 

Chain # 20 - chunk 34 (chain 1 of 1 for this core): increasing by 497 

Iterations: 497 
|-------------|-------------|-------------|-------------|
|-------------------------------------------------------|

Current time: 2024-11-20 19:38:51
MCMC time 1 hours 

USED COMPONENTS: 53 OF 74 

rel. MC standard error: 0.0081 to 0.0538
eff. sample size: 346 to 15200
needed thinning: 2 to 65
Diagnostics time 0.31 secs 

Total number of iterations 14883 - required further 504 

Chain # 20 - chunk 35 (chain 1 of 1 for this core): increasing by 505 

Iterations: 505 
|-------------|-------------|-------------|-------------|
|-------------------------------------------------------|

Current time: 2024-11-20 19:40:49
MCMC time 1.1 hours 

USED COMPONENTS: 53 OF 74 

rel. MC standard error: 0.00781 to 0.0523
eff. sample size: 365 to 16400
needed thinning: 2 to 64
Diagnostics time 0.28 secs 

Total number of iterations 15388 - required further 496 

Chain # 20 - chunk 36 (chain 1 of 1 for this core): increasing by 497 

Iterations: 497 
|-------------|-------------|-------------|-------------|
|-------------------------------------------------------|

Current time: 2024-11-20 19:42:46
MCMC time 1.1 hours 

USED COMPONENTS: 54 OF 74 

rel. MC standard error: 0.00792 to 0.0534
eff. sample size: 351 to 16000
needed thinning: 2 to 68
Diagnostics time 0.36 secs 

Total number of iterations 15885 - required further 527 

Chain # 20 - chunk 37 (chain 1 of 1 for this core): increasing by 528 

Iterations: 528 
|-------------|-------------|-------------|-------------|
|-------------------------------------------------------|

Current time: 2024-11-20 19:44:50
MCMC time 1.1 hours 

USED COMPONENTS: 54 OF 74 

rel. MC standard error: 0.0076 to 0.0516
eff. sample size: 376 to 17300
needed thinning: 2 to 66
Diagnostics time 0.33 secs 

Total number of iterations 16413 - required further 512 

Chain # 20 - chunk 38 (chain 1 of 1 for this core): increasing by 513 

Iterations: 513 
|-------------|-------------|-------------|-------------|
|-------------------------------------------------------|

Current time: 2024-11-20 19:46:50
MCMC time 1.2 hours 

USED COMPONENTS: 53 OF 74 

rel. MC standard error: 0.00757 to 0.05
eff. sample size: 400 to 17500
needed thinning: 2 to 64
Diagnostics time 0.29 secs 

Total number of iterations 16926 - required further 0 

Keeping last 60 samples with thinning 64 

Plotting traces and samples.

Current time: 2024-11-20 19:46:51
MCMC + diagnostics time 1.2 hours 

Current time: 2024-11-20 19:46:51
Total time 1.2 hours 
loaded inferno and set parent environment
loaded inferno and set parent environment
loaded inferno and set parent environment
loaded inferno and set parent environment
Error in gzfile(file, "rb") : cannot open the connection
Calls: <Anonymous> -> cleanup -> loadNamespace -> readRDS -> gzfile
In addition: Warning message:
In gzfile(file, "rb") :
  cannot open compressed file '/usr/lib/R/library/tools/Meta/nsInfo.rds', probable reason 'Transport endpoint is not connected'
