Log core 18 - Current time: 2024-11-20 18:29:52
Defining model
Building model
Setting data and initial values
Running calculate on model
  [Note] Any error reports that follow may simply reflect missing values in model variables.
Checking model sizes and dimensions
Compiling
  [Note] This may take a minute.
  [Note] Use 'showCompilerOutput = TRUE' to see C++ compilation details.
===== Monitors =====
thin = 1: Bprob, Rmean, Rvar, W
thin2 = 1: K
===== Samplers =====
conjugate sampler (519)
  - Rmean[]  (148 elements)
  - Rrate[]  (148 elements)
  - Bprob[]  (74 elements)
  - Rvar[]  (148 elements)
  - W[1:74] 
categorical sampler (3001)
  - Alpha
  - K[]  (3000 elements)
===== Monitors =====
thin = 1: Bprob, Rmean, Rvar, W
thin2 = 1: K
===== Samplers =====
slice sampler (3001)
  - Alpha
  - K[]  (3000 elements)
conjugate sampler (519)
  - Rmean[]  (148 elements)
  - Rrate[]  (148 elements)
  - Bprob[]  (74 elements)
  - Rvar[]  (148 elements)
  - W[1:74] 
Compiling
  [Note] This may take a minute.
  [Note] Use 'showCompilerOutput = TRUE' to see C++ compilation details.

Setup time 7.1 mins 

Chain # 18 (chain 1 of 1 for this core)

Datapoints for testing convergence:
 #122 #132 #148 #159 #520 #524 #626 #773 #942 #1087 #1300 #1592 #1702 #1710 #1855 #2114 #2182 #2485 #2623 #2807 

Iterations: 3600 
|-------------|-------------|-------------|-------------|
|-------------------------------------------------------|

Current time: 2024-11-20 18:54:04
MCMC time 17 mins 

USED COMPONENTS: 62 OF 74 

rel. MC standard error: 0.0159 to 0.0785
eff. sample size: 162 to 3940
needed thinning: 2 to 34
Diagnostics time 2.5 secs 

Total number of iterations 3600 - required further 264 

Chain # 18 - chunk 2 (chain 1 of 1 for this core): increasing by 265 

Iterations: 265 
|-------------|-------------|-------------|-------------|
|-------------------------------------------------------|

Current time: 2024-11-20 18:55:21
MCMC time 18 mins 

USED COMPONENTS: 61 OF 74 

rel. MC standard error: 0.0135 to 0.0773
eff. sample size: 167 to 5450
needed thinning: 2 to 35
Diagnostics time 0.17 secs 

Total number of iterations 3865 - required further 272 

Chain # 18 - chunk 3 (chain 1 of 1 for this core): increasing by 273 

Iterations: 273 
|-------------|-------------|-------------|-------------|
|-------------------------------------------------------|

Current time: 2024-11-20 18:56:31
MCMC time 20 mins 

USED COMPONENTS: 62 OF 74 

rel. MC standard error: 0.0136 to 0.0769
eff. sample size: 169 to 5370
needed thinning: 2 to 37
Diagnostics time 0.16 secs 

Total number of iterations 4138 - required further 287 

Chain # 18 - chunk 4 (chain 1 of 1 for this core): increasing by 288 

Iterations: 288 
|-------------|-------------|-------------|-------------|
|-------------------------------------------------------|

Current time: 2024-11-20 18:57:41
MCMC time 21 mins 

USED COMPONENTS: 62 OF 74 

rel. MC standard error: 0.0134 to 0.0753
eff. sample size: 177 to 5560
needed thinning: 2 to 38
Diagnostics time 0.16 secs 

Total number of iterations 4426 - required further 295 

Chain # 18 - chunk 5 (chain 1 of 1 for this core): increasing by 296 

Iterations: 296 
|-------------|-------------|-------------|-------------|
|-------------------------------------------------------|

Current time: 2024-11-20 18:58:52
MCMC time 22 mins 

USED COMPONENTS: 62 OF 74 

rel. MC standard error: 0.0137 to 0.0748
eff. sample size: 179 to 5310
needed thinning: 2 to 40
Diagnostics time 0.29 secs 

Total number of iterations 4722 - required further 310 

Chain # 18 - chunk 6 (chain 1 of 1 for this core): increasing by 311 

Iterations: 311 
|-------------|-------------|-------------|-------------|
|-------------------------------------------------------|

Current time: 2024-11-20 19:00:08
MCMC time 23 mins 

USED COMPONENTS: 63 OF 74 

rel. MC standard error: 0.0142 to 0.0727
eff. sample size: 189 to 4990
needed thinning: 2 to 40
Diagnostics time 0.18 secs 

Total number of iterations 5033 - required further 310 

Chain # 18 - chunk 7 (chain 1 of 1 for this core): increasing by 311 

Iterations: 311 
|-------------|-------------|-------------|-------------|
|-------------------------------------------------------|

Current time: 2024-11-20 19:01:22
MCMC time 24 mins 

USED COMPONENTS: 62 OF 74 

rel. MC standard error: 0.0132 to 0.0709
eff. sample size: 199 to 5720
needed thinning: 2 to 41
Diagnostics time 0.22 secs 

Total number of iterations 5344 - required further 318 

Chain # 18 - chunk 8 (chain 1 of 1 for this core): increasing by 319 

Iterations: 319 
|-------------|-------------|-------------|-------------|
|-------------------------------------------------------|

Current time: 2024-11-20 19:02:39
MCMC time 26 mins 

USED COMPONENTS: 63 OF 74 

rel. MC standard error: 0.0127 to 0.0693
eff. sample size: 208 to 6200
needed thinning: 2 to 41
Diagnostics time 0.23 secs 

Total number of iterations 5663 - required further 318 

Chain # 18 - chunk 9 (chain 1 of 1 for this core): increasing by 319 

Iterations: 319 
|-------------|-------------|-------------|-------------|
|-------------------------------------------------------|

Current time: 2024-11-20 19:03:55
MCMC time 27 mins 

USED COMPONENTS: 61 OF 74 

rel. MC standard error: 0.0127 to 0.0676
eff. sample size: 219 to 6200
needed thinning: 2 to 41
Diagnostics time 0.23 secs 

Total number of iterations 5982 - required further 318 

Chain # 18 - chunk 10 (chain 1 of 1 for this core): increasing by 319 

Iterations: 319 
|-------------|-------------|-------------|-------------|
|-------------------------------------------------------|

Current time: 2024-11-20 19:05:11
MCMC time 28 mins 

USED COMPONENTS: 61 OF 74 

rel. MC standard error: 0.0108 to 0.0657
eff. sample size: 232 to 8510
needed thinning: 2 to 41
Diagnostics time 0.23 secs 

Total number of iterations 6301 - required further 318 

Chain # 18 - chunk 11 (chain 1 of 1 for this core): increasing by 319 

Iterations: 319 
|-------------|-------------|-------------|-------------|
|-------------------------------------------------------|

Current time: 2024-11-20 19:06:27
MCMC time 30 mins 

USED COMPONENTS: 62 OF 74 

rel. MC standard error: 0.0121 to 0.0646
eff. sample size: 240 to 6810
needed thinning: 2 to 42
Diagnostics time 0.22 secs 

Total number of iterations 6620 - required further 326 

Chain # 18 - chunk 12 (chain 1 of 1 for this core): increasing by 327 

Iterations: 327 
|-------------|-------------|-------------|-------------|
|-------------------------------------------------------|

Current time: 2024-11-20 19:07:44
MCMC time 31 mins 

USED COMPONENTS: 61 OF 74 

rel. MC standard error: 0.0116 to 0.0633
eff. sample size: 249 to 7460
needed thinning: 2 to 42
Diagnostics time 0.22 secs 

Total number of iterations 6947 - required further 326 

Chain # 18 - chunk 13 (chain 1 of 1 for this core): increasing by 327 

Iterations: 327 
|-------------|-------------|-------------|-------------|
|-------------------------------------------------------|

Current time: 2024-11-20 19:09:01
MCMC time 32 mins 

USED COMPONENTS: 61 OF 74 

rel. MC standard error: 0.0114 to 0.0614
eff. sample size: 265 to 7750
needed thinning: 2 to 42
Diagnostics time 0.18 secs 

Total number of iterations 7274 - required further 326 

Chain # 18 - chunk 14 (chain 1 of 1 for this core): increasing by 327 

Iterations: 327 
|-------------|-------------|-------------|-------------|
|-------------------------------------------------------|

Current time: 2024-11-20 19:10:18
MCMC time 33 mins 

USED COMPONENTS: 61 OF 74 

rel. MC standard error: 0.0112 to 0.0604
eff. sample size: 274 to 7940
needed thinning: 2 to 42
Diagnostics time 0.23 secs 

Total number of iterations 7601 - required further 326 

Chain # 18 - chunk 15 (chain 1 of 1 for this core): increasing by 327 

Iterations: 327 
|-------------|-------------|-------------|-------------|
|-------------------------------------------------------|

Current time: 2024-11-20 19:11:35
MCMC time 35 mins 

USED COMPONENTS: 62 OF 74 

rel. MC standard error: 0.0108 to 0.0588
eff. sample size: 289 to 8590
needed thinning: 2 to 42
Diagnostics time 0.23 secs 

Total number of iterations 7928 - required further 326 

Chain # 18 - chunk 16 (chain 1 of 1 for this core): increasing by 327 

Iterations: 327 
|-------------|-------------|-------------|-------------|
|-------------------------------------------------------|

Current time: 2024-11-20 19:12:52
MCMC time 36 mins 

USED COMPONENTS: 62 OF 74 

rel. MC standard error: 0.0111 to 0.0576
eff. sample size: 302 to 8090
needed thinning: 2 to 42
Diagnostics time 0.23 secs 

Total number of iterations 8255 - required further 326 

Chain # 18 - chunk 17 (chain 1 of 1 for this core): increasing by 327 

Iterations: 327 
|-------------|-------------|-------------|-------------|
|-------------------------------------------------------|

Current time: 2024-11-20 19:14:09
MCMC time 37 mins 

USED COMPONENTS: 62 OF 74 

rel. MC standard error: 0.0111 to 0.0566
eff. sample size: 312 to 8090
needed thinning: 2 to 42
Diagnostics time 0.22 secs 

Total number of iterations 8582 - required further 326 

Chain # 18 - chunk 18 (chain 1 of 1 for this core): increasing by 327 

Iterations: 327 
|-------------|-------------|-------------|-------------|
|-------------------------------------------------------|

Current time: 2024-11-20 19:15:26
MCMC time 39 mins 

USED COMPONENTS: 64 OF 74 

rel. MC standard error: 0.0108 to 0.0552
eff. sample size: 328 to 8550
needed thinning: 2 to 41
Diagnostics time 0.31 secs 

Total number of iterations 8909 - required further 318 

Chain # 18 - chunk 19 (chain 1 of 1 for this core): increasing by 319 

Iterations: 319 
|-------------|-------------|-------------|-------------|
|-------------------------------------------------------|

Current time: 2024-11-20 19:16:42
MCMC time 40 mins 

USED COMPONENTS: 62 OF 74 

rel. MC standard error: 0.0103 to 0.0546
eff. sample size: 335 to 9370
needed thinning: 2 to 42
Diagnostics time 0.18 secs 

Total number of iterations 9228 - required further 326 

Chain # 18 - chunk 20 (chain 1 of 1 for this core): increasing by 327 

Iterations: 327 
|-------------|-------------|-------------|-------------|
|-------------------------------------------------------|

Current time: 2024-11-20 19:17:58
MCMC time 41 mins 

USED COMPONENTS: 63 OF 74 

rel. MC standard error: 0.0103 to 0.0537
eff. sample size: 346 to 9460
needed thinning: 2 to 42
Diagnostics time 0.18 secs 

Total number of iterations 9555 - required further 326 

Chain # 18 - chunk 21 (chain 1 of 1 for this core): increasing by 327 

Iterations: 327 
|-------------|-------------|-------------|-------------|
|-------------------------------------------------------|

Current time: 2024-11-20 19:19:15
MCMC time 42 mins 

USED COMPONENTS: 62 OF 74 

rel. MC standard error: 0.0104 to 0.052
eff. sample size: 370 to 9310
needed thinning: 2 to 41
Diagnostics time 0.23 secs 

Total number of iterations 9882 - required further 318 

Chain # 18 - chunk 22 (chain 1 of 1 for this core): increasing by 319 

Iterations: 319 
|-------------|-------------|-------------|-------------|
|-------------------------------------------------------|

Current time: 2024-11-20 19:20:31
MCMC time 44 mins 

USED COMPONENTS: 62 OF 74 

rel. MC standard error: 0.00976 to 0.052
eff. sample size: 370 to 10500
needed thinning: 2 to 42
Diagnostics time 0.22 secs 

Total number of iterations 10201 - required further 326 

Chain # 18 - chunk 23 (chain 1 of 1 for this core): increasing by 327 

Iterations: 327 
|-------------|-------------|-------------|-------------|
|-------------------------------------------------------|

Current time: 2024-11-20 19:21:48
MCMC time 45 mins 

USED COMPONENTS: 62 OF 74 

rel. MC standard error: 0.0102 to 0.0512
eff. sample size: 381 to 9640
needed thinning: 2 to 42
Diagnostics time 0.23 secs 

Total number of iterations 10528 - required further 326 

Chain # 18 - chunk 24 (chain 1 of 1 for this core): increasing by 327 

Iterations: 327 
|-------------|-------------|-------------|-------------|
|-------------------------------------------------------|

Current time: 2024-11-20 19:23:04
MCMC time 46 mins 

USED COMPONENTS: 61 OF 74 

rel. MC standard error: 0.00938 to 0.0513
eff. sample size: 380 to 11400
needed thinning: 2 to 43
Diagnostics time 0.22 secs 

Total number of iterations 10855 - required further 334 

Chain # 18 - chunk 25 (chain 1 of 1 for this core): increasing by 335 

Iterations: 335 
|-------------|-------------|-------------|-------------|
|-------------------------------------------------------|

Current time: 2024-11-20 19:24:23
MCMC time 47 mins 

USED COMPONENTS: 61 OF 74 

rel. MC standard error: 0.00993 to 0.052
eff. sample size: 370 to 10100
needed thinning: 2 to 46
Diagnostics time 0.29 secs 

Total number of iterations 11190 - required further 357 

Chain # 18 - chunk 26 (chain 1 of 1 for this core): increasing by 358 

Iterations: 358 
|-------------|-------------|-------------|-------------|
|-------------------------------------------------------|

Current time: 2024-11-20 19:25:48
MCMC time 49 mins 

USED COMPONENTS: 60 OF 74 

rel. MC standard error: 0.00934 to 0.0545
eff. sample size: 336 to 11500
needed thinning: 2 to 52
Diagnostics time 0.24 secs 

Total number of iterations 11548 - required further 403 

Chain # 18 - chunk 27 (chain 1 of 1 for this core): increasing by 404 

Iterations: 404 
|-------------|-------------|-------------|-------------|
|-------------------------------------------------------|

Current time: 2024-11-20 19:27:23
MCMC time 50 mins 

USED COMPONENTS: 60 OF 74 

rel. MC standard error: 0.00904 to 0.0551
eff. sample size: 329 to 12300
needed thinning: 2 to 55
Diagnostics time 0.25 secs 

Total number of iterations 11952 - required further 427 

Chain # 18 - chunk 28 (chain 1 of 1 for this core): increasing by 428 

Iterations: 428 
|-------------|-------------|-------------|-------------|
|-------------------------------------------------------|

Current time: 2024-11-20 19:29:03
MCMC time 52 mins 

USED COMPONENTS: 60 OF 74 

rel. MC standard error: 0.00945 to 0.055
eff. sample size: 331 to 11200
needed thinning: 2 to 57
Diagnostics time 0.95 secs 

Total number of iterations 12380 - required further 442 

Chain # 18 - chunk 29 (chain 1 of 1 for this core): increasing by 443 

Iterations: 443 
|-------------|-------------|-------------|-------------|
|-------------------------------------------------------|

Current time: 2024-11-20 19:30:48
MCMC time 54 mins 

USED COMPONENTS: 60 OF 74 

rel. MC standard error: 0.00905 to 0.0567
eff. sample size: 311 to 12200
needed thinning: 2 to 62
Diagnostics time 0.28 secs 

Total number of iterations 12823 - required further 481 

Chain # 18 - chunk 30 (chain 1 of 1 for this core): increasing by 482 

Iterations: 482 
|-------------|-------------|-------------|-------------|
|-------------------------------------------------------|

Current time: 2024-11-20 19:32:41
MCMC time 56 mins 

USED COMPONENTS: 60 OF 74 

rel. MC standard error: 0.00893 to 0.056
eff. sample size: 319 to 12500
needed thinning: 2 to 63
Diagnostics time 0.3 secs 

Total number of iterations 13305 - required further 488 

Chain # 18 - chunk 31 (chain 1 of 1 for this core): increasing by 489 

Iterations: 489 
|-------------|-------------|-------------|-------------|
|-------------------------------------------------------|

Current time: 2024-11-20 19:34:36
MCMC time 58 mins 

USED COMPONENTS: 61 OF 74 

rel. MC standard error: 0.00879 to 0.0566
eff. sample size: 312 to 13000
needed thinning: 2 to 67
Diagnostics time 0.29 secs 

Total number of iterations 13794 - required further 519 

Chain # 18 - chunk 32 (chain 1 of 1 for this core): increasing by 520 

Iterations: 520 
|-------------|-------------|-------------|-------------|
|-------------------------------------------------------|

Current time: 2024-11-20 19:36:38
MCMC time 60 mins 

USED COMPONENTS: 61 OF 74 

rel. MC standard error: 0.00859 to 0.0557
eff. sample size: 322 to 13600
needed thinning: 2 to 67
Diagnostics time 0.32 secs 

Total number of iterations 14314 - required further 519 

Chain # 18 - chunk 33 (chain 1 of 1 for this core): increasing by 520 

Iterations: 520 
|-------------|-------------|-------------|-------------|
|-------------------------------------------------------|

Current time: 2024-11-20 19:38:40
MCMC time 1 hours 

USED COMPONENTS: 61 OF 74 

rel. MC standard error: 0.00863 to 0.0549
eff. sample size: 331 to 13400
needed thinning: 2 to 68
Diagnostics time 0.39 secs 

Total number of iterations 14834 - required further 527 

Chain # 18 - chunk 34 (chain 1 of 1 for this core): increasing by 528 

Iterations: 528 
|-------------|-------------|-------------|-------------|
|-------------------------------------------------------|

Current time: 2024-11-20 19:40:44
MCMC time 1.1 hours 

USED COMPONENTS: 60 OF 74 

rel. MC standard error: 0.00839 to 0.0541
eff. sample size: 341 to 14200
needed thinning: 2 to 68
Diagnostics time 0.31 secs 

Total number of iterations 15362 - required further 527 

Chain # 18 - chunk 35 (chain 1 of 1 for this core): increasing by 528 

Iterations: 528 
|-------------|-------------|-------------|-------------|
|-------------------------------------------------------|

Current time: 2024-11-20 19:42:47
MCMC time 1.1 hours 

USED COMPONENTS: 60 OF 74 

rel. MC standard error: 0.00829 to 0.054
eff. sample size: 343 to 14600
needed thinning: 2 to 70
Diagnostics time 0.33 secs 

Total number of iterations 15890 - required further 543 

Chain # 18 - chunk 36 (chain 1 of 1 for this core): increasing by 544 

Iterations: 544 
|-------------|-------------|-------------|-------------|
|-------------------------------------------------------|

Current time: 2024-11-20 19:44:55
MCMC time 1.1 hours 

USED COMPONENTS: 61 OF 74 

rel. MC standard error: 0.00804 to 0.0532
eff. sample size: 354 to 15500
needed thinning: 2 to 70
Diagnostics time 0.32 secs 

Total number of iterations 16434 - required further 543 

Chain # 18 - chunk 37 (chain 1 of 1 for this core): increasing by 544 

Iterations: 544 
|-------------|-------------|-------------|-------------|
|-------------------------------------------------------|

Current time: 2024-11-20 19:47:02
MCMC time 1.2 hours 

USED COMPONENTS: 61 OF 74 

rel. MC standard error: 0.00796 to 0.0531
eff. sample size: 355 to 15800
needed thinning: 2 to 72
Diagnostics time 0.32 secs 

Total number of iterations 16978 - required further 558 

Chain # 18 - chunk 38 (chain 1 of 1 for this core): increasing by 559 

Iterations: 559 
|-------------|-------------|-------------|-------------|
|-------------------------------------------------------|

Current time: 2024-11-20 19:49:13
MCMC time 1.2 hours 

USED COMPONENTS: 60 OF 74 

rel. MC standard error: 0.00799 to 0.0527
eff. sample size: 360 to 15700
needed thinning: 2 to 74
Diagnostics time 0.41 secs 

Total number of iterations 17537 - required further 574 

Chain # 18 - chunk 39 (chain 1 of 1 for this core): increasing by 575 

Iterations: 575 
|-------------|-------------|-------------|-------------|
|-------------------------------------------------------|

Current time: 2024-11-20 19:51:28
MCMC time 1.2 hours 

USED COMPONENTS: 59 OF 74 

rel. MC standard error: 0.0078 to 0.0517
eff. sample size: 374 to 16500
needed thinning: 2 to 73
Diagnostics time 0.34 secs 

Total number of iterations 18112 - required further 566 

Chain # 18 - chunk 40 (chain 1 of 1 for this core): increasing by 567 

Iterations: 567 
|-------------|-------------|-------------|-------------|
|-------------------------------------------------------|

Current time: 2024-11-20 19:53:41
MCMC time 1.3 hours 

USED COMPONENTS: 59 OF 74 

rel. MC standard error: 0.00725 to 0.0509
eff. sample size: 385 to 19000
needed thinning: 2 to 73
Diagnostics time 0.99 secs 

Total number of iterations 18679 - required further 566 

Chain # 18 - chunk 41 (chain 1 of 1 for this core): increasing by 567 

Iterations: 567 
|-------------|-------------|-------------|-------------|
|-------------------------------------------------------|

Current time: 2024-11-20 19:55:54
MCMC time 1.3 hours 

USED COMPONENTS: 59 OF 74 

rel. MC standard error: 0.00768 to 0.0512
eff. sample size: 382 to 17000
needed thinning: 2 to 76
Diagnostics time 0.33 secs 

Total number of iterations 19246 - required further 589 

Chain # 18 - chunk 42 (chain 1 of 1 for this core): increasing by 590 

Iterations: 590 
|-------------|-------------|-------------|-------------|
|-------------------------------------------------------|

Current time: 2024-11-20 19:58:13
MCMC time 1.4 hours 

USED COMPONENTS: 60 OF 74 

rel. MC standard error: 0.00719 to 0.05
eff. sample size: 399 to 19300
needed thinning: 2 to 75
Diagnostics time 0.33 secs 

Total number of iterations 19836 - required further 581 

Chain # 18 - chunk 43 (chain 1 of 1 for this core): increasing by 582 

Iterations: 582 
|-------------|-------------|-------------|-------------|
|-------------------------------------------------------|

Current time: 2024-11-20 20:00:29
MCMC time 1.4 hours 

USED COMPONENTS: 60 OF 74 

rel. MC standard error: 0.00675 to 0.0484
eff. sample size: 426 to 22000
needed thinning: 2 to 72
Diagnostics time 0.34 secs 

Total number of iterations 20418 - required further 0 

Keeping last 60 samples with thinning 72 

Plotting traces and samples.

Current time: 2024-11-20 20:00:31
MCMC + diagnostics time 1.4 hours 

Current time: 2024-11-20 20:00:31
Total time 1.4 hours 
loaded inferno and set parent environment
loaded inferno and set parent environment
loaded inferno and set parent environment
loaded inferno and set parent environment
