Log core 13 - Current time: 2024-11-20 18:29:52
Defining model
Building model
Setting data and initial values
Running calculate on model
  [Note] Any error reports that follow may simply reflect missing values in model variables.
Checking model sizes and dimensions
Compiling
  [Note] This may take a minute.
  [Note] Use 'showCompilerOutput = TRUE' to see C++ compilation details.
===== Monitors =====
thin = 1: Bprob, Rmean, Rvar, W
thin2 = 1: K
===== Samplers =====
conjugate sampler (519)
  - Rmean[]  (148 elements)
  - Rrate[]  (148 elements)
  - Bprob[]  (74 elements)
  - Rvar[]  (148 elements)
  - W[1:74] 
categorical sampler (3001)
  - Alpha
  - K[]  (3000 elements)
===== Monitors =====
thin = 1: Bprob, Rmean, Rvar, W
thin2 = 1: K
===== Samplers =====
slice sampler (3001)
  - Alpha
  - K[]  (3000 elements)
conjugate sampler (519)
  - Rmean[]  (148 elements)
  - Rrate[]  (148 elements)
  - Bprob[]  (74 elements)
  - Rvar[]  (148 elements)
  - W[1:74] 
Compiling
  [Note] This may take a minute.
  [Note] Use 'showCompilerOutput = TRUE' to see C++ compilation details.

Setup time 7 mins 

Chain # 13 (chain 1 of 1 for this core)

Datapoints for testing convergence:
 #20 #155 #380 #527 #648 #767 #769 #870 #887 #1138 #1154 #1410 #1798 #1973 #2016 #2089 #2448 #2571 #2590 #2728 

Iterations: 3600 
|-------------|-------------|-------------|-------------|
|-------------------------------------------------------|

Current time: 2024-11-20 18:53:55
MCMC time 17 mins 

USED COMPONENTS: 54 OF 74 

rel. MC standard error: 0.0147 to 0.0879
eff. sample size: 129 to 4610
needed thinning: 2 to 42
Diagnostics time 3.5 secs 

Total number of iterations 3600 - required further 326 

Chain # 13 - chunk 2 (chain 1 of 1 for this core): increasing by 327 

Iterations: 327 
|-------------|-------------|-------------|-------------|
|-------------------------------------------------------|

Current time: 2024-11-20 18:55:28
MCMC time 19 mins 

USED COMPONENTS: 54 OF 74 

rel. MC standard error: 0.0144 to 0.0845
eff. sample size: 140 to 4800
needed thinning: 2 to 43
Diagnostics time 0.24 secs 

Total number of iterations 3927 - required further 334 

Chain # 13 - chunk 3 (chain 1 of 1 for this core): increasing by 335 

Iterations: 335 
|-------------|-------------|-------------|-------------|
|-------------------------------------------------------|

Current time: 2024-11-20 18:56:51
MCMC time 20 mins 

USED COMPONENTS: 54 OF 74 

rel. MC standard error: 0.0128 to 0.0809
eff. sample size: 153 to 6140
needed thinning: 2 to 42
Diagnostics time 0.23 secs 

Total number of iterations 4262 - required further 326 

Chain # 13 - chunk 4 (chain 1 of 1 for this core): increasing by 327 

Iterations: 327 
|-------------|-------------|-------------|-------------|
|-------------------------------------------------------|

Current time: 2024-11-20 18:58:10
MCMC time 21 mins 

USED COMPONENTS: 53 OF 74 

rel. MC standard error: 0.0124 to 0.0775
eff. sample size: 166 to 6500
needed thinning: 2 to 42
Diagnostics time 0.22 secs 

Total number of iterations 4589 - required further 326 

Chain # 13 - chunk 5 (chain 1 of 1 for this core): increasing by 327 

Iterations: 327 
|-------------|-------------|-------------|-------------|
|-------------------------------------------------------|

Current time: 2024-11-20 18:59:28
MCMC time 23 mins 

USED COMPONENTS: 54 OF 74 

rel. MC standard error: 0.0109 to 0.075
eff. sample size: 178 to 8390
needed thinning: 1 to 42
Diagnostics time 0.3 secs 

Total number of iterations 4916 - required further 326 

Chain # 13 - chunk 6 (chain 1 of 1 for this core): increasing by 327 

Iterations: 327 
|-------------|-------------|-------------|-------------|
|-------------------------------------------------------|

Current time: 2024-11-20 19:00:46
MCMC time 24 mins 

USED COMPONENTS: 53 OF 74 

rel. MC standard error: 0.0113 to 0.0727
eff. sample size: 189 to 7860
needed thinning: 2 to 42
Diagnostics time 0.23 secs 

Total number of iterations 5243 - required further 326 

Chain # 13 - chunk 7 (chain 1 of 1 for this core): increasing by 327 

Iterations: 327 
|-------------|-------------|-------------|-------------|
|-------------------------------------------------------|

Current time: 2024-11-20 19:02:04
MCMC time 25 mins 

USED COMPONENTS: 53 OF 74 

rel. MC standard error: 0.0124 to 0.0726
eff. sample size: 190 to 6490
needed thinning: 2 to 45
Diagnostics time 0.23 secs 

Total number of iterations 5570 - required further 349 

Chain # 13 - chunk 8 (chain 1 of 1 for this core): increasing by 350 

Iterations: 350 
|-------------|-------------|-------------|-------------|
|-------------------------------------------------------|

Current time: 2024-11-20 19:03:27
MCMC time 27 mins 

USED COMPONENTS: 53 OF 74 

rel. MC standard error: 0.0117 to 0.0721
eff. sample size: 192 to 7300
needed thinning: 2 to 47
Diagnostics time 0.24 secs 

Total number of iterations 5920 - required further 365 

Chain # 13 - chunk 9 (chain 1 of 1 for this core): increasing by 366 

Iterations: 366 
|-------------|-------------|-------------|-------------|
|-------------------------------------------------------|

Current time: 2024-11-20 19:04:54
MCMC time 28 mins 

USED COMPONENTS: 53 OF 74 

rel. MC standard error: 0.0106 to 0.0715
eff. sample size: 195 to 8900
needed thinning: 2 to 49
Diagnostics time 0.24 secs 

Total number of iterations 6286 - required further 380 

Chain # 13 - chunk 10 (chain 1 of 1 for this core): increasing by 381 

Iterations: 381 
|-------------|-------------|-------------|-------------|
|-------------------------------------------------------|

Current time: 2024-11-20 19:06:24
MCMC time 30 mins 

USED COMPONENTS: 53 OF 74 

rel. MC standard error: 0.011 to 0.0701
eff. sample size: 204 to 8310
needed thinning: 2 to 50
Diagnostics time 0.24 secs 

Total number of iterations 6667 - required further 388 

Chain # 13 - chunk 11 (chain 1 of 1 for this core): increasing by 389 

Iterations: 389 
|-------------|-------------|-------------|-------------|
|-------------------------------------------------------|

Current time: 2024-11-20 19:07:55
MCMC time 31 mins 

USED COMPONENTS: 53 OF 74 

rel. MC standard error: 0.0105 to 0.069
eff. sample size: 210 to 9010
needed thinning: 2 to 51
Diagnostics time 0.2 secs 

Total number of iterations 7056 - required further 396 

Chain # 13 - chunk 12 (chain 1 of 1 for this core): increasing by 397 

Iterations: 397 
|-------------|-------------|-------------|-------------|
|-------------------------------------------------------|

Current time: 2024-11-20 19:09:29
MCMC time 33 mins 

USED COMPONENTS: 53 OF 74 

rel. MC standard error: 0.0107 to 0.0668
eff. sample size: 224 to 8730
needed thinning: 2 to 50
Diagnostics time 0.25 secs 

Total number of iterations 7453 - required further 388 

Chain # 13 - chunk 13 (chain 1 of 1 for this core): increasing by 389 

Iterations: 389 
|-------------|-------------|-------------|-------------|
|-------------------------------------------------------|

Current time: 2024-11-20 19:11:01
MCMC time 34 mins 

USED COMPONENTS: 54 OF 74 

rel. MC standard error: 0.0109 to 0.0657
eff. sample size: 232 to 8430
needed thinning: 2 to 51
Diagnostics time 0.25 secs 

Total number of iterations 7842 - required further 396 

Chain # 13 - chunk 14 (chain 1 of 1 for this core): increasing by 397 

Iterations: 397 
|-------------|-------------|-------------|-------------|
|-------------------------------------------------------|

Current time: 2024-11-20 19:12:35
MCMC time 36 mins 

USED COMPONENTS: 53 OF 74 

rel. MC standard error: 0.0103 to 0.0635
eff. sample size: 248 to 9340
needed thinning: 2 to 50
Diagnostics time 0.25 secs 

Total number of iterations 8239 - required further 388 

Chain # 13 - chunk 15 (chain 1 of 1 for this core): increasing by 389 

Iterations: 389 
|-------------|-------------|-------------|-------------|
|-------------------------------------------------------|

Current time: 2024-11-20 19:14:07
MCMC time 37 mins 

USED COMPONENTS: 53 OF 74 

rel. MC standard error: 0.0101 to 0.0625
eff. sample size: 256 to 9810
needed thinning: 2 to 51
Diagnostics time 0.24 secs 

Total number of iterations 8628 - required further 396 

Chain # 13 - chunk 16 (chain 1 of 1 for this core): increasing by 397 

Iterations: 397 
|-------------|-------------|-------------|-------------|
|-------------------------------------------------------|

Current time: 2024-11-20 19:15:40
MCMC time 39 mins 

USED COMPONENTS: 54 OF 74 

rel. MC standard error: 0.00991 to 0.0622
eff. sample size: 259 to 10200
needed thinning: 2 to 53
Diagnostics time 0.21 secs 

Total number of iterations 9025 - required further 411 

Chain # 13 - chunk 17 (chain 1 of 1 for this core): increasing by 412 

Iterations: 412 
|-------------|-------------|-------------|-------------|
|-------------------------------------------------------|

Current time: 2024-11-20 19:17:18
MCMC time 40 mins 

USED COMPONENTS: 53 OF 74 

rel. MC standard error: 0.00921 to 0.0608
eff. sample size: 270 to 11800
needed thinning: 2 to 53
Diagnostics time 0.25 secs 

Total number of iterations 9437 - required further 411 

Chain # 13 - chunk 18 (chain 1 of 1 for this core): increasing by 412 

Iterations: 412 
|-------------|-------------|-------------|-------------|
|-------------------------------------------------------|

Current time: 2024-11-20 19:18:55
MCMC time 42 mins 

USED COMPONENTS: 53 OF 74 

rel. MC standard error: 0.0092 to 0.0598
eff. sample size: 280 to 11800
needed thinning: 2 to 53
Diagnostics time 0.25 secs 

Total number of iterations 9849 - required further 411 

Chain # 13 - chunk 19 (chain 1 of 1 for this core): increasing by 412 

Iterations: 412 
|-------------|-------------|-------------|-------------|
|-------------------------------------------------------|

Current time: 2024-11-20 19:20:32
MCMC time 44 mins 

USED COMPONENTS: 54 OF 74 

rel. MC standard error: 0.00951 to 0.059
eff. sample size: 287 to 11100
needed thinning: 2 to 54
Diagnostics time 0.26 secs 

Total number of iterations 10261 - required further 419 

Chain # 13 - chunk 20 (chain 1 of 1 for this core): increasing by 420 

Iterations: 420 
|-------------|-------------|-------------|-------------|
|-------------------------------------------------------|

Current time: 2024-11-20 19:22:11
MCMC time 45 mins 

USED COMPONENTS: 54 OF 74 

rel. MC standard error: 0.00936 to 0.0584
eff. sample size: 293 to 11400
needed thinning: 2 to 55
Diagnostics time 0.28 secs 

Total number of iterations 10681 - required further 427 

Chain # 13 - chunk 21 (chain 1 of 1 for this core): increasing by 428 

Iterations: 428 
|-------------|-------------|-------------|-------------|
|-------------------------------------------------------|

Current time: 2024-11-20 19:23:51
MCMC time 47 mins 

USED COMPONENTS: 54 OF 74 

rel. MC standard error: 0.00918 to 0.0571
eff. sample size: 306 to 11900
needed thinning: 2 to 55
Diagnostics time 0.25 secs 

Total number of iterations 11109 - required further 427 

Chain # 13 - chunk 22 (chain 1 of 1 for this core): increasing by 428 

Iterations: 428 
|-------------|-------------|-------------|-------------|
|-------------------------------------------------------|

Current time: 2024-11-20 19:25:32
MCMC time 49 mins 

USED COMPONENTS: 55 OF 74 

rel. MC standard error: 0.00901 to 0.0563
eff. sample size: 315 to 12300
needed thinning: 2 to 55
Diagnostics time 0.31 secs 

Total number of iterations 11537 - required further 427 

Chain # 13 - chunk 23 (chain 1 of 1 for this core): increasing by 428 

Iterations: 428 
|-------------|-------------|-------------|-------------|
|-------------------------------------------------------|

Current time: 2024-11-20 19:27:13
MCMC time 50 mins 

USED COMPONENTS: 54 OF 74 

rel. MC standard error: 0.00865 to 0.0559
eff. sample size: 320 to 13400
needed thinning: 2 to 57
Diagnostics time 0.27 secs 

Total number of iterations 11965 - required further 442 

Chain # 13 - chunk 24 (chain 1 of 1 for this core): increasing by 443 

Iterations: 443 
|-------------|-------------|-------------|-------------|
|-------------------------------------------------------|

Current time: 2024-11-20 19:28:57
MCMC time 52 mins 

USED COMPONENTS: 55 OF 74 

rel. MC standard error: 0.00883 to 0.055
eff. sample size: 331 to 12800
needed thinning: 2 to 57
Diagnostics time 0.29 secs 

Total number of iterations 12408 - required further 442 

Chain # 13 - chunk 25 (chain 1 of 1 for this core): increasing by 443 

Iterations: 443 
|-------------|-------------|-------------|-------------|
|-------------------------------------------------------|

Current time: 2024-11-20 19:30:41
MCMC time 54 mins 

USED COMPONENTS: 54 OF 74 

rel. MC standard error: 0.00859 to 0.0542
eff. sample size: 340 to 13600
needed thinning: 2 to 57
Diagnostics time 0.26 secs 

Total number of iterations 12851 - required further 442 

Chain # 13 - chunk 26 (chain 1 of 1 for this core): increasing by 443 

Iterations: 443 
|-------------|-------------|-------------|-------------|
|-------------------------------------------------------|

Current time: 2024-11-20 19:32:26
MCMC time 56 mins 

USED COMPONENTS: 54 OF 74 

rel. MC standard error: 0.00832 to 0.0535
eff. sample size: 349 to 14500
needed thinning: 2 to 58
Diagnostics time 0.24 secs 

Total number of iterations 13294 - required further 450 

Chain # 13 - chunk 27 (chain 1 of 1 for this core): increasing by 451 

Iterations: 451 
|-------------|-------------|-------------|-------------|
|-------------------------------------------------------|

Current time: 2024-11-20 19:34:12
MCMC time 57 mins 

USED COMPONENTS: 55 OF 74 

rel. MC standard error: 0.00785 to 0.0527
eff. sample size: 360 to 16200
needed thinning: 2 to 58
Diagnostics time 0.28 secs 

Total number of iterations 13745 - required further 450 

Chain # 13 - chunk 28 (chain 1 of 1 for this core): increasing by 451 

Iterations: 451 
|-------------|-------------|-------------|-------------|
|-------------------------------------------------------|

Current time: 2024-11-20 19:35:58
MCMC time 59 mins 

USED COMPONENTS: 54 OF 74 

rel. MC standard error: 0.00753 to 0.0515
eff. sample size: 377 to 17600
needed thinning: 2 to 57
Diagnostics time 0.27 secs 

Total number of iterations 14196 - required further 442 

Chain # 13 - chunk 29 (chain 1 of 1 for this core): increasing by 443 

Iterations: 443 
|-------------|-------------|-------------|-------------|
|-------------------------------------------------------|

Current time: 2024-11-20 19:37:42
MCMC time 1 hours 

USED COMPONENTS: 54 OF 74 

rel. MC standard error: 0.00733 to 0.0509
eff. sample size: 386 to 18600
needed thinning: 2 to 57
Diagnostics time 0.26 secs 

Total number of iterations 14639 - required further 442 

Chain # 13 - chunk 30 (chain 1 of 1 for this core): increasing by 443 

Iterations: 443 
|-------------|-------------|-------------|-------------|
|-------------------------------------------------------|

Current time: 2024-11-20 19:39:26
MCMC time 1 hours 

USED COMPONENTS: 54 OF 74 

rel. MC standard error: 0.0077 to 0.0506
eff. sample size: 391 to 16900
needed thinning: 2 to 58
Diagnostics time 0.35 secs 

Total number of iterations 15082 - required further 450 

Chain # 13 - chunk 31 (chain 1 of 1 for this core): increasing by 451 

Iterations: 451 
|-------------|-------------|-------------|-------------|
|-------------------------------------------------------|

Current time: 2024-11-20 19:41:12
MCMC time 1.1 hours 

USED COMPONENTS: 54 OF 74 

rel. MC standard error: 0.00723 to 0.0502
eff. sample size: 397 to 19100
needed thinning: 2 to 59
Diagnostics time 0.28 secs 

Total number of iterations 15533 - required further 458 

Chain # 13 - chunk 32 (chain 1 of 1 for this core): increasing by 459 

Iterations: 459 
|-------------|-------------|-------------|-------------|
|-------------------------------------------------------|

Current time: 2024-11-20 19:42:59
MCMC time 1.1 hours 

USED COMPONENTS: 55 OF 74 

rel. MC standard error: 0.00704 to 0.0498
eff. sample size: 402 to 20200
needed thinning: 2 to 60
Diagnostics time 0.28 secs 

Total number of iterations 15992 - required further 0 

Keeping last 60 samples with thinning 60 

Plotting traces and samples.

Current time: 2024-11-20 19:43:01
MCMC + diagnostics time 1.1 hours 

Current time: 2024-11-20 19:43:01
Total time 1.1 hours 
loaded inferno and set parent environment
loaded inferno and set parent environment
loaded inferno and set parent environment
loaded inferno and set parent environment
