Log core 1 - Current time: 2024-11-20 18:29:52
Defining model
Building model
Setting data and initial values
Running calculate on model
  [Note] Any error reports that follow may simply reflect missing values in model variables.
Checking model sizes and dimensions
Compiling
  [Note] This may take a minute.
  [Note] Use 'showCompilerOutput = TRUE' to see C++ compilation details.
===== Monitors =====
thin = 1: Bprob, Rmean, Rvar, W
thin2 = 1: K
===== Samplers =====
conjugate sampler (519)
  - Rmean[]  (148 elements)
  - Rrate[]  (148 elements)
  - Bprob[]  (74 elements)
  - Rvar[]  (148 elements)
  - W[1:74] 
categorical sampler (3001)
  - Alpha
  - K[]  (3000 elements)
===== Monitors =====
thin = 1: Bprob, Rmean, Rvar, W
thin2 = 1: K
===== Samplers =====
slice sampler (3001)
  - Alpha
  - K[]  (3000 elements)
conjugate sampler (519)
  - Rmean[]  (148 elements)
  - Rrate[]  (148 elements)
  - Bprob[]  (74 elements)
  - Rvar[]  (148 elements)
  - W[1:74] 
Compiling
  [Note] This may take a minute.
  [Note] Use 'showCompilerOutput = TRUE' to see C++ compilation details.

Setup time 12 mins 

Chain # 1 (chain 1 of 1 for this core)

Datapoints for testing convergence:
 #112 #148 #226 #758 #1004 #1100 #1109 #1300 #1306 #1354 #1470 #1563 #1588 #1826 #1867 #2086 #2552 #2612 #2760 #2872 

Iterations: 3600 
|-------------|-------------|-------------|-------------|
|-------------------------------------------------------|

Current time: 2024-11-20 18:59:56
MCMC time 18 mins 

USED COMPONENTS: 67 OF 74 

rel. MC standard error: 0.0154 to 0.0972
eff. sample size: 106 to 4200
needed thinning: 2 to 52
Diagnostics time 2.2 secs 

Total number of iterations 3600 - required further 403 

Chain # 1 - chunk 2 (chain 1 of 1 for this core): increasing by 404 

Iterations: 404 
|-------------|-------------|-------------|-------------|
|-------------------------------------------------------|

Current time: 2024-11-20 19:01:33
MCMC time 20 mins 

USED COMPONENTS: 67 OF 74 

rel. MC standard error: 0.0148 to 0.093
eff. sample size: 116 to 4580
needed thinning: 2 to 52
Diagnostics time 0.25 secs 

Total number of iterations 4004 - required further 403 

Chain # 1 - chunk 3 (chain 1 of 1 for this core): increasing by 404 

Iterations: 404 
|-------------|-------------|-------------|-------------|
|-------------------------------------------------------|

Current time: 2024-11-20 19:03:07
MCMC time 22 mins 

USED COMPONENTS: 67 OF 74 

rel. MC standard error: 0.0134 to 0.0899
eff. sample size: 124 to 5550
needed thinning: 2 to 54
Diagnostics time 0.24 secs 

Total number of iterations 4408 - required further 419 

Chain # 1 - chunk 4 (chain 1 of 1 for this core): increasing by 420 

Iterations: 420 
|-------------|-------------|-------------|-------------|
|-------------------------------------------------------|

Current time: 2024-11-20 19:04:45
MCMC time 23 mins 

USED COMPONENTS: 67 OF 74 

rel. MC standard error: 0.0121 to 0.0904
eff. sample size: 122 to 6800
needed thinning: 2 to 60
Diagnostics time 0.32 secs 

Total number of iterations 4828 - required further 465 

Chain # 1 - chunk 5 (chain 1 of 1 for this core): increasing by 466 

Iterations: 466 
|-------------|-------------|-------------|-------------|
|-------------------------------------------------------|

Current time: 2024-11-20 19:06:34
MCMC time 25 mins 

USED COMPONENTS: 67 OF 74 

rel. MC standard error: 0.0129 to 0.092
eff. sample size: 118 to 5980
needed thinning: 2 to 68
Diagnostics time 0.28 secs 

Total number of iterations 5294 - required further 527 

Chain # 1 - chunk 6 (chain 1 of 1 for this core): increasing by 528 

Iterations: 528 
|-------------|-------------|-------------|-------------|
|-------------------------------------------------------|

Current time: 2024-11-20 19:08:38
MCMC time 27 mins 

USED COMPONENTS: 67 OF 74 

rel. MC standard error: 0.0108 to 0.089
eff. sample size: 126 to 8530
needed thinning: 2 to 70
Diagnostics time 0.3 secs 

Total number of iterations 5822 - required further 543 

Chain # 1 - chunk 7 (chain 1 of 1 for this core): increasing by 544 

Iterations: 544 
|-------------|-------------|-------------|-------------|
|-------------------------------------------------------|

Current time: 2024-11-20 19:10:45
MCMC time 29 mins 

USED COMPONENTS: 67 OF 74 

rel. MC standard error: 0.0112 to 0.086
eff. sample size: 135 to 7910
needed thinning: 2 to 71
Diagnostics time 0.32 secs 

Total number of iterations 6366 - required further 550 

Chain # 1 - chunk 8 (chain 1 of 1 for this core): increasing by 551 

Iterations: 551 
|-------------|-------------|-------------|-------------|
|-------------------------------------------------------|

Current time: 2024-11-20 19:12:53
MCMC time 31 mins 

USED COMPONENTS: 67 OF 74 

rel. MC standard error: 0.0112 to 0.0829
eff. sample size: 146 to 8020
needed thinning: 2 to 72
Diagnostics time 0.3 secs 

Total number of iterations 6917 - required further 558 

Chain # 1 - chunk 9 (chain 1 of 1 for this core): increasing by 559 

Iterations: 559 
|-------------|-------------|-------------|-------------|
|-------------------------------------------------------|

Current time: 2024-11-20 19:15:04
MCMC time 34 mins 

USED COMPONENTS: 67 OF 74 

rel. MC standard error: 0.00902 to 0.0807
eff. sample size: 154 to 12300
needed thinning: 1 to 74
Diagnostics time 0.32 secs 

Total number of iterations 7476 - required further 574 

Chain # 1 - chunk 10 (chain 1 of 1 for this core): increasing by 575 

Iterations: 575 
|-------------|-------------|-------------|-------------|
|-------------------------------------------------------|

Current time: 2024-11-20 19:17:18
MCMC time 36 mins 

USED COMPONENTS: 66 OF 74 

rel. MC standard error: 0.00905 to 0.0781
eff. sample size: 164 to 12200
needed thinning: 1 to 74
Diagnostics time 0.35 secs 

Total number of iterations 8051 - required further 574 

Chain # 1 - chunk 11 (chain 1 of 1 for this core): increasing by 575 

Iterations: 575 
|-------------|-------------|-------------|-------------|
|-------------------------------------------------------|

Current time: 2024-11-20 19:19:33
MCMC time 38 mins 

USED COMPONENTS: 66 OF 74 

rel. MC standard error: 0.00983 to 0.0762
eff. sample size: 172 to 10400
needed thinning: 2 to 76
Diagnostics time 0.31 secs 

Total number of iterations 8626 - required further 589 

Chain # 1 - chunk 12 (chain 1 of 1 for this core): increasing by 590 

Iterations: 590 
|-------------|-------------|-------------|-------------|
|-------------------------------------------------------|

Current time: 2024-11-20 19:21:51
MCMC time 40 mins 

USED COMPONENTS: 66 OF 74 

rel. MC standard error: 0.00914 to 0.0746
eff. sample size: 180 to 12000
needed thinning: 2 to 77
Diagnostics time 1 secs 

Total number of iterations 9216 - required further 597 

Chain # 1 - chunk 13 (chain 1 of 1 for this core): increasing by 598 

Iterations: 598 
|-------------|-------------|-------------|-------------|
|-------------------------------------------------------|

Current time: 2024-11-20 19:24:13
MCMC time 43 mins 

USED COMPONENTS: 66 OF 74 

rel. MC standard error: 0.00897 to 0.0726
eff. sample size: 190 to 12400
needed thinning: 2 to 78
Diagnostics time 0.33 secs 

Total number of iterations 9814 - required further 605 

Chain # 1 - chunk 14 (chain 1 of 1 for this core): increasing by 606 

Iterations: 606 
|-------------|-------------|-------------|-------------|
|-------------------------------------------------------|

Current time: 2024-11-20 19:26:36
MCMC time 45 mins 

USED COMPONENTS: 66 OF 74 

rel. MC standard error: 0.00833 to 0.0706
eff. sample size: 201 to 14400
needed thinning: 2 to 78
Diagnostics time 1 secs 

Total number of iterations 10420 - required further 605 

Chain # 1 - chunk 15 (chain 1 of 1 for this core): increasing by 606 

Iterations: 606 
|-------------|-------------|-------------|-------------|
|-------------------------------------------------------|

Current time: 2024-11-20 19:28:59
MCMC time 47 mins 

USED COMPONENTS: 66 OF 74 

rel. MC standard error: 0.00909 to 0.0687
eff. sample size: 212 to 12100
needed thinning: 2 to 79
Diagnostics time 0.33 secs 

Total number of iterations 11026 - required further 612 

Chain # 1 - chunk 16 (chain 1 of 1 for this core): increasing by 613 

Iterations: 613 
|-------------|-------------|-------------|-------------|
|-------------------------------------------------------|

Current time: 2024-11-20 19:31:21
MCMC time 50 mins 

USED COMPONENTS: 66 OF 74 

rel. MC standard error: 0.00848 to 0.0675
eff. sample size: 219 to 13900
needed thinning: 2 to 80
Diagnostics time 0.35 secs 

Total number of iterations 11639 - required further 620 

Chain # 1 - chunk 17 (chain 1 of 1 for this core): increasing by 621 

Iterations: 621 
|-------------|-------------|-------------|-------------|
|-------------------------------------------------------|

Current time: 2024-11-20 19:33:45
MCMC time 52 mins 

USED COMPONENTS: 66 OF 74 

rel. MC standard error: 0.00855 to 0.0702
eff. sample size: 203 to 13700
needed thinning: 2 to 91
Diagnostics time 0.35 secs 

Total number of iterations 12260 - required further 705 

Chain # 1 - chunk 18 (chain 1 of 1 for this core): increasing by 706 

Iterations: 706 
|-------------|-------------|-------------|-------------|
|-------------------------------------------------------|

Current time: 2024-11-20 19:36:29
MCMC time 55 mins 

USED COMPONENTS: 66 OF 74 

rel. MC standard error: 0.0082 to 0.0705
eff. sample size: 201 to 14900
needed thinning: 2 to 97
Diagnostics time 0.39 secs 

Total number of iterations 12966 - required further 752 

Chain # 1 - chunk 19 (chain 1 of 1 for this core): increasing by 753 

Iterations: 753 
|-------------|-------------|-------------|-------------|
|-------------------------------------------------------|

Current time: 2024-11-20 19:39:23
MCMC time 58 mins 

USED COMPONENTS: 66 OF 74 

rel. MC standard error: 0.00781 to 0.0715
eff. sample size: 195 to 16400
needed thinning: 2 to 106
Diagnostics time 0.35 secs 

Total number of iterations 13719 - required further 822 

Chain # 1 - chunk 20 (chain 1 of 1 for this core): increasing by 823 

Iterations: 823 
|-------------|-------------|-------------|-------------|
|-------------------------------------------------------|

Current time: 2024-11-20 19:42:34
MCMC time 1 hours 

USED COMPONENTS: 66 OF 74 

rel. MC standard error: 0.008 to 0.0714
eff. sample size: 196 to 15600
needed thinning: 2 to 112
Diagnostics time 0.52 secs 

Total number of iterations 14542 - required further 868 

Chain # 1 - chunk 21 (chain 1 of 1 for this core): increasing by 869 

Iterations: 869 
|-------------|-------------|-------------|-------------|
|-------------------------------------------------------|

Current time: 2024-11-20 19:46:01
MCMC time 1.1 hours 

USED COMPONENTS: 66 OF 74 

rel. MC standard error: 0.00755 to 0.0704
eff. sample size: 202 to 17600
needed thinning: 2 to 115
Diagnostics time 1.2 secs 

Total number of iterations 15411 - required further 891 

Chain # 1 - chunk 22 (chain 1 of 1 for this core): increasing by 892 

Iterations: 892 
|-------------|-------------|-------------|-------------|
|-------------------------------------------------------|

Current time: 2024-11-20 19:49:30
MCMC time 1.1 hours 

USED COMPONENTS: 66 OF 74 

rel. MC standard error: 0.0076 to 0.0682
eff. sample size: 215 to 17300
needed thinning: 2 to 114
Diagnostics time 0.45 secs 

Total number of iterations 16303 - required further 884 

Chain # 1 - chunk 23 (chain 1 of 1 for this core): increasing by 885 

Iterations: 885 
|-------------|-------------|-------------|-------------|
|-------------------------------------------------------|

Current time: 2024-11-20 19:52:57
MCMC time 1.2 hours 

USED COMPONENTS: 68 OF 74 

rel. MC standard error: 0.00724 to 0.0676
eff. sample size: 219 to 19100
needed thinning: 2 to 118
Diagnostics time 0.49 secs 

Total number of iterations 17188 - required further 915 

Chain # 1 - chunk 24 (chain 1 of 1 for this core): increasing by 916 

Iterations: 916 
|-------------|-------------|-------------|-------------|
|-------------------------------------------------------|

Current time: 2024-11-20 19:56:31
MCMC time 1.3 hours 

USED COMPONENTS: 67 OF 74 

rel. MC standard error: 0.00678 to 0.0663
eff. sample size: 227 to 21800
needed thinning: 2 to 120
Diagnostics time 0.54 secs 

Total number of iterations 18104 - required further 930 

Chain # 1 - chunk 25 (chain 1 of 1 for this core): increasing by 931 

Iterations: 931 
|-------------|-------------|-------------|-------------|
|-------------------------------------------------------|

Current time: 2024-11-20 20:00:09
MCMC time 1.3 hours 

USED COMPONENTS: 67 OF 74 

rel. MC standard error: 0.00684 to 0.0651
eff. sample size: 236 to 21400
needed thinning: 2 to 122
Diagnostics time 0.55 secs 

Total number of iterations 19035 - required further 946 

Chain # 1 - chunk 26 (chain 1 of 1 for this core): increasing by 947 

Iterations: 947 
|-------------|-------------|-------------|-------------|
|-------------------------------------------------------|

Current time: 2024-11-20 20:03:54
MCMC time 1.4 hours 

USED COMPONENTS: 67 OF 74 

rel. MC standard error: 0.00618 to 0.0637
eff. sample size: 247 to 26200
needed thinning: 2 to 122
Diagnostics time 1.2 secs 

Total number of iterations 19982 - required further 946 

Chain # 1 - chunk 27 (chain 1 of 1 for this core): increasing by 947 

Iterations: 947 
|-------------|-------------|-------------|-------------|
|-------------------------------------------------------|

Current time: 2024-11-20 20:07:36
MCMC time 1.4 hours 

USED COMPONENTS: 66 OF 74 

rel. MC standard error: 0.00647 to 0.0636
eff. sample size: 247 to 23900
needed thinning: 2 to 127
Diagnostics time 0.49 secs 

Total number of iterations 20929 - required further 984 

Chain # 1 - chunk 28 (chain 1 of 1 for this core): increasing by 985 

Iterations: 985 
|-------------|-------------|-------------|-------------|
|-------------------------------------------------------|

Current time: 2024-11-20 20:11:27
MCMC time 1.5 hours 

USED COMPONENTS: 66 OF 74 

rel. MC standard error: 0.00658 to 0.0636
eff. sample size: 247 to 23100
needed thinning: 2 to 134
Diagnostics time 0.52 secs 

Total number of iterations 21914 - required further 1038 

Chain # 1 - chunk 29 (chain 1 of 1 for this core): increasing by 1039 

Iterations: 1039 
|-------------|-------------|-------------|-------------|
|-------------------------------------------------------|

Current time: 2024-11-20 20:15:32
MCMC time 1.6 hours 

USED COMPONENTS: 66 OF 74 

rel. MC standard error: 0.00652 to 0.0633
eff. sample size: 250 to 23500
needed thinning: 2 to 138
Diagnostics time 1.2 secs 

Total number of iterations 22953 - required further 1069 

Chain # 1 - chunk 30 (chain 1 of 1 for this core): increasing by 1070 

Iterations: 1070 
|-------------|-------------|-------------|-------------|
|-------------------------------------------------------|

Current time: 2024-11-20 20:19:45
MCMC time 1.6 hours 

USED COMPONENTS: 66 OF 74 

rel. MC standard error: 0.00615 to 0.0632
eff. sample size: 250 to 26500
needed thinning: 2 to 144
Diagnostics time 0.54 secs 

Total number of iterations 24023 - required further 1116 

Chain # 1 - chunk 31 (chain 1 of 1 for this core): increasing by 1117 

Iterations: 1117 
|-------------|-------------|-------------|-------------|
|-------------------------------------------------------|

Current time: 2024-11-20 20:24:08
MCMC time 1.7 hours 

USED COMPONENTS: 66 OF 74 

rel. MC standard error: 0.00635 to 0.0631
eff. sample size: 251 to 24800
needed thinning: 2 to 151
Diagnostics time 0.64 secs 

Total number of iterations 25140 - required further 1170 

Chain # 1 - chunk 32 (chain 1 of 1 for this core): increasing by 1171 

Iterations: 1171 
|-------------|-------------|-------------|-------------|
|-------------------------------------------------------|

Current time: 2024-11-20 20:28:45
MCMC time 1.8 hours 

USED COMPONENTS: 65 OF 74 

rel. MC standard error: 0.00582 to 0.063
eff. sample size: 252 to 29500
needed thinning: 2 to 157
Diagnostics time 0.54 secs 

Total number of iterations 26311 - required further 1217 

Chain # 1 - chunk 33 (chain 1 of 1 for this core): increasing by 1218 

Iterations: 1218 
|-------------|-------------|-------------|-------------|
|-------------------------------------------------------|

Current time: 2024-11-20 20:33:29
MCMC time 1.9 hours 

USED COMPONENTS: 65 OF 74 

rel. MC standard error: 0.00611 to 0.0622
eff. sample size: 259 to 26800
needed thinning: 2 to 160
Diagnostics time 0.59 secs 

Total number of iterations 27529 - required further 1240 

Chain # 1 - chunk 34 (chain 1 of 1 for this core): increasing by 1241 

Iterations: 1241 
|-------------|-------------|-------------|-------------|
|-------------------------------------------------------|

Current time: 2024-11-20 20:38:18
MCMC time 1.9 hours 

USED COMPONENTS: 65 OF 74 

rel. MC standard error: 0.00601 to 0.0622
eff. sample size: 259 to 27700
needed thinning: 2 to 167
Diagnostics time 0.69 secs 

Total number of iterations 28770 - required further 1294 

Chain # 1 - chunk 35 (chain 1 of 1 for this core): increasing by 1295 

Iterations: 1295 
|-------------|-------------|-------------|-------------|
|-------------------------------------------------------|

Current time: 2024-11-20 20:43:19
MCMC time 2 hours 

USED COMPONENTS: 64 OF 74 

rel. MC standard error: 0.0057 to 0.0614
eff. sample size: 265 to 30800
needed thinning: 2 to 170
Diagnostics time 0.63 secs 

Total number of iterations 30065 - required further 1317 

Chain # 1 - chunk 36 (chain 1 of 1 for this core): increasing by 1318 

Iterations: 1318 
|-------------|-------------|-------------|-------------|
|-------------------------------------------------------|

Current time: 2024-11-20 20:48:25
MCMC time 2.1 hours 

USED COMPONENTS: 64 OF 74 

rel. MC standard error: 0.00567 to 0.0611
eff. sample size: 268 to 31100
needed thinning: 2 to 176
Diagnostics time 0.69 secs 

Total number of iterations 31383 - required further 1364 

Chain # 1 - chunk 37 (chain 1 of 1 for this core): increasing by 1365 

Iterations: 1365 
|-------------|-------------|-------------|-------------|
|-------------------------------------------------------|

Current time: 2024-11-20 20:53:43
MCMC time 2.2 hours 

USED COMPONENTS: 64 OF 74 

rel. MC standard error: 0.00572 to 0.0608
eff. sample size: 270 to 30600
needed thinning: 2 to 182
Diagnostics time 1.3 secs 

Total number of iterations 32748 - required further 1410 

Chain # 1 - chunk 38 (chain 1 of 1 for this core): increasing by 1411 

Iterations: 1411 
|-------------|-------------|-------------|-------------|
|-------------------------------------------------------|

Current time: 2024-11-20 20:59:12
MCMC time 2.3 hours 

USED COMPONENTS: 64 OF 74 

rel. MC standard error: 0.00541 to 0.0598
eff. sample size: 279 to 34200
needed thinning: 2 to 184
Diagnostics time 0.68 secs 

Total number of iterations 34159 - required further 1426 

Chain # 1 - chunk 39 (chain 1 of 1 for this core): increasing by 1427 

Iterations: 1427 
|-------------|-------------|-------------|-------------|
|-------------------------------------------------------|

Current time: 2024-11-20 21:04:48
MCMC time 2.4 hours 

USED COMPONENTS: 64 OF 74 

rel. MC standard error: 0.00555 to 0.0597
eff. sample size: 281 to 32500
needed thinning: 2 to 190
Diagnostics time 0.71 secs 

Total number of iterations 35586 - required further 1472 

Chain # 1 - chunk 40 (chain 1 of 1 for this core): increasing by 1473 

Iterations: 1473 
|-------------|-------------|-------------|-------------|
|-------------------------------------------------------|

Current time: 2024-11-20 21:10:31
MCMC time 2.5 hours 

USED COMPONENTS: 64 OF 74 

rel. MC standard error: 0.00524 to 0.0592
eff. sample size: 285 to 36500
needed thinning: 2 to 195
Diagnostics time 1.4 secs 

Total number of iterations 37059 - required further 1511 

Chain # 1 - chunk 41 (chain 1 of 1 for this core): increasing by 1512 

Iterations: 1512 
|-------------|-------------|-------------|-------------|
|-------------------------------------------------------|

Current time: 2024-11-20 21:16:24
MCMC time 2.6 hours 

USED COMPONENTS: 64 OF 74 

rel. MC standard error: 0.00519 to 0.0585
eff. sample size: 292 to 37100
needed thinning: 2 to 198
Diagnostics time 0.7 secs 

Total number of iterations 38571 - required further 1534 

Chain # 1 - chunk 42 (chain 1 of 1 for this core): increasing by 1535 

Iterations: 1535 
|-------------|-------------|-------------|-------------|
|-------------------------------------------------------|

Current time: 2024-11-20 21:22:25
MCMC time 2.7 hours 

USED COMPONENTS: 64 OF 74 

rel. MC standard error: 0.00483 to 0.0582
eff. sample size: 295 to 42900
needed thinning: 2 to 204
Diagnostics time 0.73 secs 

Total number of iterations 40106 - required further 1581 

Chain # 1 - chunk 43 (chain 1 of 1 for this core): increasing by 1582 

Iterations: 1582 
|-------------|-------------|-------------|-------------|
|-------------------------------------------------------|

Current time: 2024-11-20 21:28:37
MCMC time 2.8 hours 

USED COMPONENTS: 64 OF 74 

rel. MC standard error: 0.00505 to 0.0574
eff. sample size: 304 to 39100
needed thinning: 2 to 206
Diagnostics time 0.79 secs 

Total number of iterations 41688 - required further 1596 

Chain # 1 - chunk 44 (chain 1 of 1 for this core): increasing by 1597 

Iterations: 1597 
|-------------|-------------|-------------|-------------|
|-------------------------------------------------------|

Current time: 2024-11-20 21:34:49
MCMC time 2.9 hours 

USED COMPONENTS: 64 OF 74 

rel. MC standard error: 0.00489 to 0.0572
eff. sample size: 306 to 41800
needed thinning: 2 to 213
Diagnostics time 1.4 secs 

Total number of iterations 43285 - required further 1650 

Chain # 1 - chunk 45 (chain 1 of 1 for this core): increasing by 1651 

Iterations: 1651 
|-------------|-------------|-------------|-------------|
|-------------------------------------------------------|

Current time: 2024-11-20 21:41:12
MCMC time 3 hours 

USED COMPONENTS: 64 OF 74 

rel. MC standard error: 0.00456 to 0.0564
eff. sample size: 314 to 48100
needed thinning: 2 to 215
Diagnostics time 0.79 secs 

Total number of iterations 44936 - required further 1666 

Chain # 1 - chunk 46 (chain 1 of 1 for this core): increasing by 1667 

Iterations: 1667 
|-------------|-------------|-------------|-------------|
|-------------------------------------------------------|

Current time: 2024-11-20 21:47:38
MCMC time 3.1 hours 

USED COMPONENTS: 64 OF 74 

rel. MC standard error: 0.0047 to 0.0563
eff. sample size: 316 to 45400
needed thinning: 2 to 222
Diagnostics time 1.4 secs 

Total number of iterations 46603 - required further 1720 

Chain # 1 - chunk 47 (chain 1 of 1 for this core): increasing by 1721 

Iterations: 1721 
|-------------|-------------|-------------|-------------|
|-------------------------------------------------------|

Current time: 2024-11-20 21:54:17
MCMC time 3.2 hours 

USED COMPONENTS: 64 OF 74 

rel. MC standard error: 0.00453 to 0.0557
eff. sample size: 322 to 48700
needed thinning: 2 to 226
Diagnostics time 0.79 secs 

Total number of iterations 48324 - required further 1751 

Chain # 1 - chunk 48 (chain 1 of 1 for this core): increasing by 1752 

Iterations: 1752 
|-------------|-------------|-------------|-------------|
|-------------------------------------------------------|

Current time: 2024-11-20 22:01:02
MCMC time 3.3 hours 

USED COMPONENTS: 64 OF 74 

rel. MC standard error: 0.00445 to 0.0552
eff. sample size: 329 to 50500
needed thinning: 2 to 229
Diagnostics time 0.82 secs 

Total number of iterations 50076 - required further 1774 

Chain # 1 - chunk 49 (chain 1 of 1 for this core): increasing by 1775 

Iterations: 1775 
|-------------|-------------|-------------|-------------|
|-------------------------------------------------------|

Current time: 2024-11-20 22:07:53
MCMC time 3.4 hours 

USED COMPONENTS: 64 OF 74 

rel. MC standard error: 0.00431 to 0.0549
eff. sample size: 332 to 53900
needed thinning: 2 to 234
Diagnostics time 0.82 secs 

Total number of iterations 51851 - required further 1813 

Chain # 1 - chunk 50 (chain 1 of 1 for this core): increasing by 1814 

Iterations: 1814 
|-------------|-------------|-------------|-------------|
|-------------------------------------------------------|

Current time: 2024-11-20 22:14:52
MCMC time 3.6 hours 

USED COMPONENTS: 64 OF 74 

rel. MC standard error: 0.0043 to 0.0544
eff. sample size: 338 to 54100
needed thinning: 2 to 238
Diagnostics time 0.89 secs 

Total number of iterations 53665 - required further 1844 

Chain # 1 - chunk 51 (chain 1 of 1 for this core): increasing by 1845 

Iterations: 1845 
|-------------|-------------|-------------|-------------|
|-------------------------------------------------------|

Current time: 2024-11-20 22:21:59
MCMC time 3.7 hours 

USED COMPONENTS: 64 OF 74 

rel. MC standard error: 0.00407 to 0.0537
eff. sample size: 347 to 60400
needed thinning: 2 to 240
Diagnostics time 1.5 secs 

Total number of iterations 55510 - required further 1860 

Chain # 1 - chunk 52 (chain 1 of 1 for this core): increasing by 1861 

Iterations: 1861 
|-------------|-------------|-------------|-------------|
|-------------------------------------------------------|

Current time: 2024-11-20 22:29:10
MCMC time 3.8 hours 

USED COMPONENTS: 63 OF 74 

rel. MC standard error: 0.00415 to 0.0531
eff. sample size: 355 to 58200
needed thinning: 2 to 243
Diagnostics time 0.86 secs 

Total number of iterations 57371 - required further 1883 

Chain # 1 - chunk 53 (chain 1 of 1 for this core): increasing by 1884 

Iterations: 1884 
|-------------|-------------|-------------|-------------|
|-------------------------------------------------------|

Current time: 2024-11-20 22:36:26
MCMC time 3.9 hours 

USED COMPONENTS: 63 OF 74 

rel. MC standard error: 0.00399 to 0.0527
eff. sample size: 360 to 62800
needed thinning: 2 to 248
Diagnostics time 0.9 secs 

Total number of iterations 59255 - required further 1921 

Chain # 1 - chunk 54 (chain 1 of 1 for this core): increasing by 1922 

Iterations: 1922 
|-------------|-------------|-------------|-------------|
|-------------------------------------------------------|

Current time: 2024-11-20 22:43:50
MCMC time 4 hours 

USED COMPONENTS: 64 OF 74 

rel. MC standard error: 0.00376 to 0.0524
eff. sample size: 364 to 70700
needed thinning: 2 to 253
Diagnostics time 0.96 secs 

Total number of iterations 61177 - required further 1960 

Chain # 1 - chunk 55 (chain 1 of 1 for this core): increasing by 1961 

Iterations: 1961 
|-------------|-------------|-------------|-------------|
|-------------------------------------------------------|

Current time: 2024-11-20 22:51:24
MCMC time 4.2 hours 

USED COMPONENTS: 66 OF 74 

rel. MC standard error: 0.004 to 0.0517
eff. sample size: 373 to 62600
needed thinning: 2 to 254
Diagnostics time 0.89 secs 

Total number of iterations 63138 - required further 1968 

Chain # 1 - chunk 56 (chain 1 of 1 for this core): increasing by 1969 

Iterations: 1969 
|-------------|-------------|-------------|-------------|
|-------------------------------------------------------|

Current time: 2024-11-20 22:59:00
MCMC time 4.3 hours 

USED COMPONENTS: 67 OF 74 

rel. MC standard error: 0.00386 to 0.0514
eff. sample size: 378 to 67200
needed thinning: 2 to 259
Diagnostics time 0.91 secs 

Total number of iterations 65107 - required further 2007 

Chain # 1 - chunk 57 (chain 1 of 1 for this core): increasing by 2008 

Iterations: 2008 
|-------------|-------------|-------------|-------------|
|-------------------------------------------------------|

Current time: 2024-11-20 23:06:44
MCMC time 4.4 hours 

USED COMPONENTS: 67 OF 74 

rel. MC standard error: 0.00373 to 0.0512
eff. sample size: 381 to 71900
needed thinning: 2 to 265
Diagnostics time 0.92 secs 

Total number of iterations 67115 - required further 2053 

Chain # 1 - chunk 58 (chain 1 of 1 for this core): increasing by 2054 

Iterations: 2054 
|-------------|-------------|-------------|-------------|
|-------------------------------------------------------|

Current time: 2024-11-20 23:14:39
MCMC time 4.6 hours 

USED COMPONENTS: 68 OF 74 

rel. MC standard error: 0.00377 to 0.0505
eff. sample size: 392 to 70200
needed thinning: 2 to 265
Diagnostics time 1 secs 

Total number of iterations 69169 - required further 2053 

Chain # 1 - chunk 59 (chain 1 of 1 for this core): increasing by 2054 

Iterations: 2054 
|-------------|-------------|-------------|-------------|
|-------------------------------------------------------|

Current time: 2024-11-20 23:22:35
MCMC time 4.7 hours 

USED COMPONENTS: 67 OF 74 

rel. MC standard error: 0.00371 to 0.05
eff. sample size: 400 to 72500
needed thinning: 2 to 268
Diagnostics time 0.9 secs 

Total number of iterations 71223 - required further 2076 

Chain # 1 - chunk 60 (chain 1 of 1 for this core): increasing by 2077 

Iterations: 2077 
|-------------|-------------|-------------|-------------|
|-------------------------------------------------------|

Current time: 2024-11-20 23:30:35
MCMC time 4.8 hours 

USED COMPONENTS: 67 OF 74 

rel. MC standard error: 0.00364 to 0.0498
eff. sample size: 404 to 75500
needed thinning: 2 to 273
Diagnostics time 0.98 secs 

Total number of iterations 73300 - required further 0 

Keeping last 60 samples with thinning 273 

Plotting traces and samples.

Current time: 2024-11-20 23:30:41
MCMC + diagnostics time 4.8 hours 

Current time: 2024-11-20 23:30:41
Total time 4.8 hours 
loaded inferno and set parent environment
loaded inferno and set parent environment
loaded inferno and set parent environment
loaded inferno and set parent environment
