Log core 3 - Current time: 2024-11-20 18:29:52
Defining model
Building model
Setting data and initial values
Running calculate on model
  [Note] Any error reports that follow may simply reflect missing values in model variables.
Checking model sizes and dimensions
Compiling
  [Note] This may take a minute.
  [Note] Use 'showCompilerOutput = TRUE' to see C++ compilation details.
===== Monitors =====
thin = 1: Bprob, Rmean, Rvar, W
thin2 = 1: K
===== Samplers =====
conjugate sampler (519)
  - Rmean[]  (148 elements)
  - Rrate[]  (148 elements)
  - Bprob[]  (74 elements)
  - Rvar[]  (148 elements)
  - W[1:74] 
categorical sampler (3001)
  - Alpha
  - K[]  (3000 elements)
===== Monitors =====
thin = 1: Bprob, Rmean, Rvar, W
thin2 = 1: K
===== Samplers =====
slice sampler (3001)
  - Alpha
  - K[]  (3000 elements)
conjugate sampler (519)
  - Rmean[]  (148 elements)
  - Rrate[]  (148 elements)
  - Bprob[]  (74 elements)
  - Rvar[]  (148 elements)
  - W[1:74] 
Compiling
  [Note] This may take a minute.
  [Note] Use 'showCompilerOutput = TRUE' to see C++ compilation details.

Setup time 12 mins 

Chain # 3 (chain 1 of 1 for this core)

Datapoints for testing convergence:
 #97 #118 #236 #280 #298 #473 #626 #750 #1364 #1668 #1793 #2008 #2083 #2131 #2348 #2366 #2583 #2803 #2805 #2879 

Iterations: 3600 
|-------------|-------------|-------------|-------------|
|-------------------------------------------------------|

Current time: 2024-11-20 18:58:03
MCMC time 17 mins 

USED COMPONENTS: 61 OF 74 

rel. MC standard error: 0.0144 to 0.0603
eff. sample size: 275 to 4800
needed thinning: 2 to 20
Diagnostics time 2.2 secs 

Total number of iterations 3600 - required further 155 

Chain # 3 - chunk 2 (chain 1 of 1 for this core): increasing by 156 

Iterations: 156 
|-------------|-------------|-------------|-------------|
|-------------------------------------------------------|

Current time: 2024-11-20 18:58:43
MCMC time 17 mins 

USED COMPONENTS: 61 OF 74 

rel. MC standard error: 0.0152 to 0.0591
eff. sample size: 286 to 4300
needed thinning: 2 to 20
Diagnostics time 0.098 secs 

Total number of iterations 3756 - required further 155 

Chain # 3 - chunk 3 (chain 1 of 1 for this core): increasing by 156 

Iterations: 156 
|-------------|-------------|-------------|-------------|
|-------------------------------------------------------|

Current time: 2024-11-20 18:59:19
MCMC time 18 mins 

USED COMPONENTS: 61 OF 74 

rel. MC standard error: 0.0153 to 0.0574
eff. sample size: 304 to 4260
needed thinning: 2 to 20
Diagnostics time 0.15 secs 

Total number of iterations 3912 - required further 155 

Chain # 3 - chunk 4 (chain 1 of 1 for this core): increasing by 156 

Iterations: 156 
|-------------|-------------|-------------|-------------|
|-------------------------------------------------------|

Current time: 2024-11-20 18:59:56
MCMC time 18 mins 

USED COMPONENTS: 61 OF 74 

rel. MC standard error: 0.0155 to 0.0558
eff. sample size: 321 to 4150
needed thinning: 2 to 19
Diagnostics time 0.1 secs 

Total number of iterations 4068 - required further 148 

Chain # 3 - chunk 5 (chain 1 of 1 for this core): increasing by 149 

Iterations: 149 
|-------------|-------------|-------------|-------------|
|-------------------------------------------------------|

Current time: 2024-11-20 19:00:31
MCMC time 19 mins 

USED COMPONENTS: 61 OF 74 

rel. MC standard error: 0.0145 to 0.0551
eff. sample size: 330 to 4750
needed thinning: 2 to 20
Diagnostics time 0.15 secs 

Total number of iterations 4217 - required further 155 

Chain # 3 - chunk 6 (chain 1 of 1 for this core): increasing by 156 

Iterations: 156 
|-------------|-------------|-------------|-------------|
|-------------------------------------------------------|

Current time: 2024-11-20 19:01:07
MCMC time 20 mins 

USED COMPONENTS: 61 OF 74 

rel. MC standard error: 0.0144 to 0.0536
eff. sample size: 348 to 4830
needed thinning: 2 to 19
Diagnostics time 0.1 secs 

Total number of iterations 4373 - required further 148 

Chain # 3 - chunk 7 (chain 1 of 1 for this core): increasing by 149 

Iterations: 149 
|-------------|-------------|-------------|-------------|
|-------------------------------------------------------|

Current time: 2024-11-20 19:01:42
MCMC time 20 mins 

USED COMPONENTS: 61 OF 74 

rel. MC standard error: 0.0135 to 0.0528
eff. sample size: 359 to 5450
needed thinning: 2 to 19
Diagnostics time 0.14 secs 

Total number of iterations 4522 - required further 148 

Chain # 3 - chunk 8 (chain 1 of 1 for this core): increasing by 149 

Iterations: 149 
|-------------|-------------|-------------|-------------|
|-------------------------------------------------------|

Current time: 2024-11-20 19:02:16
MCMC time 21 mins 

USED COMPONENTS: 63 OF 74 

rel. MC standard error: 0.0137 to 0.0515
eff. sample size: 377 to 5360
needed thinning: 2 to 19
Diagnostics time 0.098 secs 

Total number of iterations 4671 - required further 148 

Chain # 3 - chunk 9 (chain 1 of 1 for this core): increasing by 149 

Iterations: 149 
|-------------|-------------|-------------|-------------|
|-------------------------------------------------------|

Current time: 2024-11-20 19:02:51
MCMC time 21 mins 

USED COMPONENTS: 61 OF 74 

rel. MC standard error: 0.0131 to 0.051
eff. sample size: 385 to 5850
needed thinning: 2 to 19
Diagnostics time 0.15 secs 

Total number of iterations 4820 - required further 148 

Chain # 3 - chunk 10 (chain 1 of 1 for this core): increasing by 149 

Iterations: 149 
|-------------|-------------|-------------|-------------|
|-------------------------------------------------------|

Current time: 2024-11-20 19:03:26
MCMC time 22 mins 

USED COMPONENTS: 61 OF 74 

rel. MC standard error: 0.0131 to 0.0499
eff. sample size: 402 to 5820
needed thinning: 2 to 19
Diagnostics time 0.096 secs 

Total number of iterations 4969 - required further 0 

Keeping last 60 samples with thinning 19 

Plotting traces and samples.

Current time: 2024-11-20 19:03:26
MCMC + diagnostics time 22 mins 

Current time: 2024-11-20 19:03:26
Total time 22 mins 
loaded inferno and set parent environment
loaded inferno and set parent environment
loaded inferno and set parent environment
loaded inferno and set parent environment
