Log core 14 - Current time: 2024-11-20 18:29:52
Defining model
Building model
Setting data and initial values
Running calculate on model
  [Note] Any error reports that follow may simply reflect missing values in model variables.
Checking model sizes and dimensions
Compiling
  [Note] This may take a minute.
  [Note] Use 'showCompilerOutput = TRUE' to see C++ compilation details.
===== Monitors =====
thin = 1: Bprob, Rmean, Rvar, W
thin2 = 1: K
===== Samplers =====
conjugate sampler (519)
  - Rmean[]  (148 elements)
  - Rrate[]  (148 elements)
  - Bprob[]  (74 elements)
  - Rvar[]  (148 elements)
  - W[1:74] 
categorical sampler (3001)
  - Alpha
  - K[]  (3000 elements)
===== Monitors =====
thin = 1: Bprob, Rmean, Rvar, W
thin2 = 1: K
===== Samplers =====
slice sampler (3001)
  - Alpha
  - K[]  (3000 elements)
conjugate sampler (519)
  - Rmean[]  (148 elements)
  - Rrate[]  (148 elements)
  - Bprob[]  (74 elements)
  - Rvar[]  (148 elements)
  - W[1:74] 
Compiling
  [Note] This may take a minute.
  [Note] Use 'showCompilerOutput = TRUE' to see C++ compilation details.

Setup time 7.1 mins 

Chain # 14 (chain 1 of 1 for this core)

Datapoints for testing convergence:
 #82 #102 #163 #215 #361 #512 #595 #710 #827 #948 #1096 #1107 #1109 #1370 #1581 #1717 #1962 #1966 #2474 #2618 

Iterations: 3600 
|-------------|-------------|-------------|-------------|
|-------------------------------------------------------|

Current time: 2024-11-20 18:53:58
MCMC time 17 mins 

USED COMPONENTS: 62 OF 74 

rel. MC standard error: 0.0145 to 0.0727
eff. sample size: 189 to 4760
needed thinning: 2 to 29
Diagnostics time 2.9 secs 

Total number of iterations 3600 - required further 225 

Chain # 14 - chunk 2 (chain 1 of 1 for this core): increasing by 226 

Iterations: 226 
|-------------|-------------|-------------|-------------|
|-------------------------------------------------------|

Current time: 2024-11-20 18:55:01
MCMC time 18 mins 

USED COMPONENTS: 61 OF 74 

rel. MC standard error: 0.0158 to 0.0699
eff. sample size: 205 to 4020
needed thinning: 2 to 29
Diagnostics time 0.14 secs 

Total number of iterations 3826 - required further 225 

Chain # 14 - chunk 3 (chain 1 of 1 for this core): increasing by 226 

Iterations: 226 
|-------------|-------------|-------------|-------------|
|-------------------------------------------------------|

Current time: 2024-11-20 18:56:00
MCMC time 19 mins 

USED COMPONENTS: 61 OF 74 

rel. MC standard error: 0.0151 to 0.067
eff. sample size: 223 to 4360
needed thinning: 2 to 28
Diagnostics time 0.21 secs 

Total number of iterations 4052 - required further 217 

Chain # 14 - chunk 4 (chain 1 of 1 for this core): increasing by 218 

Iterations: 218 
|-------------|-------------|-------------|-------------|
|-------------------------------------------------------|

Current time: 2024-11-20 18:56:54
MCMC time 20 mins 

USED COMPONENTS: 61 OF 74 

rel. MC standard error: 0.0145 to 0.0657
eff. sample size: 232 to 4780
needed thinning: 2 to 28
Diagnostics time 0.18 secs 

Total number of iterations 4270 - required further 217 

Chain # 14 - chunk 5 (chain 1 of 1 for this core): increasing by 218 

Iterations: 218 
|-------------|-------------|-------------|-------------|
|-------------------------------------------------------|

Current time: 2024-11-20 18:57:47
MCMC time 21 mins 

USED COMPONENTS: 62 OF 74 

rel. MC standard error: 0.0142 to 0.0635
eff. sample size: 248 to 4950
needed thinning: 2 to 28
Diagnostics time 0.18 secs 

Total number of iterations 4488 - required further 217 

Chain # 14 - chunk 6 (chain 1 of 1 for this core): increasing by 218 

Iterations: 218 
|-------------|-------------|-------------|-------------|
|-------------------------------------------------------|

Current time: 2024-11-20 18:58:40
MCMC time 22 mins 

USED COMPONENTS: 62 OF 74 

rel. MC standard error: 0.0137 to 0.0617
eff. sample size: 263 to 5300
needed thinning: 2 to 27
Diagnostics time 0.13 secs 

Total number of iterations 4706 - required further 210 

Chain # 14 - chunk 7 (chain 1 of 1 for this core): increasing by 211 

Iterations: 211 
|-------------|-------------|-------------|-------------|
|-------------------------------------------------------|

Current time: 2024-11-20 18:59:31
MCMC time 23 mins 

USED COMPONENTS: 62 OF 74 

rel. MC standard error: 0.0118 to 0.0597
eff. sample size: 281 to 7170
needed thinning: 2 to 27
Diagnostics time 0.13 secs 

Total number of iterations 4917 - required further 210 

Chain # 14 - chunk 8 (chain 1 of 1 for this core): increasing by 211 

Iterations: 211 
|-------------|-------------|-------------|-------------|
|-------------------------------------------------------|

Current time: 2024-11-20 19:00:22
MCMC time 23 mins 

USED COMPONENTS: 62 OF 74 

rel. MC standard error: 0.0129 to 0.0581
eff. sample size: 296 to 6050
needed thinning: 2 to 26
Diagnostics time 0.12 secs 

Total number of iterations 5128 - required further 202 

Chain # 14 - chunk 9 (chain 1 of 1 for this core): increasing by 203 

Iterations: 203 
|-------------|-------------|-------------|-------------|
|-------------------------------------------------------|

Current time: 2024-11-20 19:01:11
MCMC time 24 mins 

USED COMPONENTS: 62 OF 74 

rel. MC standard error: 0.0136 to 0.0576
eff. sample size: 301 to 5380
needed thinning: 2 to 27
Diagnostics time 0.13 secs 

Total number of iterations 5331 - required further 210 

Chain # 14 - chunk 10 (chain 1 of 1 for this core): increasing by 211 

Iterations: 211 
|-------------|-------------|-------------|-------------|
|-------------------------------------------------------|

Current time: 2024-11-20 19:02:02
MCMC time 25 mins 

USED COMPONENTS: 62 OF 74 

rel. MC standard error: 0.013 to 0.0565
eff. sample size: 313 to 5930
needed thinning: 2 to 27
Diagnostics time 0.18 secs 

Total number of iterations 5542 - required further 210 

Chain # 14 - chunk 11 (chain 1 of 1 for this core): increasing by 211 

Iterations: 211 
|-------------|-------------|-------------|-------------|
|-------------------------------------------------------|

Current time: 2024-11-20 19:02:53
MCMC time 26 mins 

USED COMPONENTS: 62 OF 74 

rel. MC standard error: 0.0123 to 0.0552
eff. sample size: 329 to 6580
needed thinning: 2 to 27
Diagnostics time 0.13 secs 

Total number of iterations 5753 - required further 210 

Chain # 14 - chunk 12 (chain 1 of 1 for this core): increasing by 211 

Iterations: 211 
|-------------|-------------|-------------|-------------|
|-------------------------------------------------------|

Current time: 2024-11-20 19:03:42
MCMC time 27 mins 

USED COMPONENTS: 63 OF 74 

rel. MC standard error: 0.0118 to 0.0542
eff. sample size: 340 to 7200
needed thinning: 2 to 27
Diagnostics time 0.18 secs 

Total number of iterations 5964 - required further 210 

Chain # 14 - chunk 13 (chain 1 of 1 for this core): increasing by 211 

Iterations: 211 
|-------------|-------------|-------------|-------------|
|-------------------------------------------------------|

Current time: 2024-11-20 19:04:32
MCMC time 28 mins 

USED COMPONENTS: 63 OF 74 

rel. MC standard error: 0.0124 to 0.0524
eff. sample size: 365 to 6530
needed thinning: 2 to 26
Diagnostics time 0.13 secs 

Total number of iterations 6175 - required further 202 

Chain # 14 - chunk 14 (chain 1 of 1 for this core): increasing by 203 

Iterations: 203 
|-------------|-------------|-------------|-------------|
|-------------------------------------------------------|

Current time: 2024-11-20 19:05:20
MCMC time 28 mins 

USED COMPONENTS: 62 OF 74 

rel. MC standard error: 0.0121 to 0.0518
eff. sample size: 372 to 6890
needed thinning: 2 to 26
Diagnostics time 0.12 secs 

Total number of iterations 6378 - required further 202 

Chain # 14 - chunk 15 (chain 1 of 1 for this core): increasing by 203 

Iterations: 203 
|-------------|-------------|-------------|-------------|
|-------------------------------------------------------|

Current time: 2024-11-20 19:06:08
MCMC time 29 mins 

USED COMPONENTS: 62 OF 74 

rel. MC standard error: 0.0114 to 0.0501
eff. sample size: 398 to 7750
needed thinning: 2 to 25
Diagnostics time 0.17 secs 

Total number of iterations 6581 - required further 194 

Chain # 14 - chunk 16 (chain 1 of 1 for this core): increasing by 195 

Iterations: 195 
|-------------|-------------|-------------|-------------|
|-------------------------------------------------------|

Current time: 2024-11-20 19:06:54
MCMC time 30 mins 

USED COMPONENTS: 62 OF 74 

rel. MC standard error: 0.0117 to 0.0495
eff. sample size: 408 to 7320
needed thinning: 2 to 25
Diagnostics time 0.12 secs 

Total number of iterations 6776 - required further 0 

Keeping last 60 samples with thinning 25 

Plotting traces and samples.

Current time: 2024-11-20 19:06:54
MCMC + diagnostics time 30 mins 

Current time: 2024-11-20 19:06:54
Total time 30 mins 
loaded inferno and set parent environment
loaded inferno and set parent environment
loaded inferno and set parent environment
loaded inferno and set parent environment
