Log core 15 - Current time: 2024-11-20 18:29:52
Defining model
Building model
Setting data and initial values
Running calculate on model
  [Note] Any error reports that follow may simply reflect missing values in model variables.
Checking model sizes and dimensions
Compiling
  [Note] This may take a minute.
  [Note] Use 'showCompilerOutput = TRUE' to see C++ compilation details.
===== Monitors =====
thin = 1: Bprob, Rmean, Rvar, W
thin2 = 1: K
===== Samplers =====
conjugate sampler (519)
  - Rmean[]  (148 elements)
  - Rrate[]  (148 elements)
  - Bprob[]  (74 elements)
  - Rvar[]  (148 elements)
  - W[1:74] 
categorical sampler (3001)
  - Alpha
  - K[]  (3000 elements)
===== Monitors =====
thin = 1: Bprob, Rmean, Rvar, W
thin2 = 1: K
===== Samplers =====
slice sampler (3001)
  - Alpha
  - K[]  (3000 elements)
conjugate sampler (519)
  - Rmean[]  (148 elements)
  - Rrate[]  (148 elements)
  - Bprob[]  (74 elements)
  - Rvar[]  (148 elements)
  - W[1:74] 
Compiling
  [Note] This may take a minute.
  [Note] Use 'showCompilerOutput = TRUE' to see C++ compilation details.

Setup time 11 mins 

Chain # 15 (chain 1 of 1 for this core)

Datapoints for testing convergence:
 #15 #82 #125 #145 #207 #219 #998 #1019 #1156 #1251 #1430 #1510 #1761 #1906 #1986 #2222 #2379 #2400 #2622 #2730 

Iterations: 3600 
|-------------|-------------|-------------|-------------|
|-------------------------------------------------------|

Current time: 2024-11-20 18:59:35
MCMC time 18 mins 

USED COMPONENTS: 58 OF 74 

rel. MC standard error: 0.0151 to 0.0527
eff. sample size: 361 to 4390
needed thinning: 2 to 15
Diagnostics time 2.7 secs 

Total number of iterations 3600 - required further 117 

Chain # 15 - chunk 2 (chain 1 of 1 for this core): increasing by 118 

Iterations: 118 
|-------------|-------------|-------------|-------------|
|-------------------------------------------------------|

Current time: 2024-11-20 19:00:07
MCMC time 19 mins 

USED COMPONENTS: 58 OF 74 

rel. MC standard error: 0.0147 to 0.0519
eff. sample size: 371 to 4600
needed thinning: 2 to 16
Diagnostics time 0.097 secs 

Total number of iterations 3718 - required further 124 

Chain # 15 - chunk 3 (chain 1 of 1 for this core): increasing by 125 

Iterations: 125 
|-------------|-------------|-------------|-------------|
|-------------------------------------------------------|

Current time: 2024-11-20 19:00:48
MCMC time 19 mins 

USED COMPONENTS: 58 OF 74 

rel. MC standard error: 0.0151 to 0.051
eff. sample size: 385 to 4410
needed thinning: 2 to 15
Diagnostics time 0.17 secs 

Total number of iterations 3843 - required further 117 

Chain # 15 - chunk 4 (chain 1 of 1 for this core): increasing by 118 

Iterations: 118 
|-------------|-------------|-------------|-------------|
|-------------------------------------------------------|

Current time: 2024-11-20 19:01:37
MCMC time 20 mins 

USED COMPONENTS: 58 OF 74 

rel. MC standard error: 0.0156 to 0.05
eff. sample size: 401 to 4100
needed thinning: 2 to 15
Diagnostics time 0.15 secs 

Total number of iterations 3961 - required further 0 

Keeping last 60 samples with thinning 15 

Plotting traces and samples.

Current time: 2024-11-20 19:01:38
MCMC + diagnostics time 20 mins 

Current time: 2024-11-20 19:01:38
Total time 20 mins 
loaded inferno and set parent environment
loaded inferno and set parent environment
loaded inferno and set parent environment
loaded inferno and set parent environment
Error in gzfile(file, "rb") : cannot open the connection
Calls: <Anonymous> -> cleanup -> loadNamespace -> readRDS -> gzfile
In addition: Warning message:
In gzfile(file, "rb") :
  cannot open compressed file '/usr/lib/R/library/tools/Meta/nsInfo.rds', probable reason 'Transport endpoint is not connected'
