Log core 1 - Current time: 2024-08-30 15:18:42
Defining model
Building model
Setting data and initial values
Running calculate on model
  [Note] Any error reports that follow may simply reflect missing values in model variables.
Checking model sizes and dimensions
Compiling
  [Note] This may take a minute.
  [Note] Use 'showCompilerOutput = TRUE' to see C++ compilation details.
===== Monitors =====
thin = 1: Nprob, Rmean, Rvar, W
thin2 = 1: K
===== Samplers =====
conjugate sampler (833)
  - Rmean[]  (256 elements)
  - Rrate[]  (256 elements)
  - Rvar[]  (256 elements)
  - Nprob[]  (64 multivariate elements)
  - W[1:64] 
categorical sampler (201)
  - Alpha
  - K[]  (200 elements)
===== Monitors =====
thin = 1: Nprob, Rmean, Rvar, W
thin2 = 1: K
===== Samplers =====
slice sampler (201)
  - Alpha
  - K[]  (200 elements)
conjugate sampler (833)
  - Rmean[]  (256 elements)
  - Rrate[]  (256 elements)
  - Rvar[]  (256 elements)
  - Nprob[]  (64 multivariate elements)
  - W[1:64] 
Compiling
  [Note] This may take a minute.
  [Note] Use 'showCompilerOutput = TRUE' to see C++ compilation details.

Setup time 32 secs 

Chain # 1 (chain 1 of 1 for this core)

Datapoints for testing convergence:
 #11 #34 #36 #44 #79 #177 

Iterations: 3600 
|-------------|-------------|-------------|-------------|
|-------------------------------------------------------|

Current time: 2024-08-30 15:19:50
MCMC time 36 secs 

USED COMPONENTS: 31 OF 64 

rel. MC standard error: 0.0162 to 0.0325
eff. sample size: 950 to 3810
needed thinning: 2 to 6
Diagnostics time 0.28 secs 

Total number of iterations 3600 - required further 0 

Keeping last 32 samples with thinning 6 

Plotting traces and samples.

Current time: 2024-08-30 15:19:52
MCMC + diagnostics time 38 secs 

Current time: 2024-08-30 15:19:52
Total time 38 secs 
