Log core 3 - Current time: 2024-11-25 10:20:10
Defining model
Building model
Setting data and initial values
Running calculate on model
  [Note] Any error reports that follow may simply reflect missing values in model variables.
Checking model sizes and dimensions
Compiling
  [Note] This may take a minute.
  [Note] Use 'showCompilerOutput = TRUE' to see C++ compilation details.
===== Monitors =====
thin = 1: Bprob, Rmean, Rvar, W
thin2 = 1: K
===== Samplers =====
conjugate sampler (519)
  - Rmean[]  (148 elements)
  - Rrate[]  (148 elements)
  - Bprob[]  (74 elements)
  - Rvar[]  (148 elements)
  - W[1:74] 
categorical sampler (201)
  - Alpha
  - K[]  (200 elements)
===== Monitors =====
thin = 1: Bprob, Rmean, Rvar, W
thin2 = 1: K
===== Samplers =====
slice sampler (201)
  - Alpha
  - K[]  (200 elements)
conjugate sampler (519)
  - Rmean[]  (148 elements)
  - Rrate[]  (148 elements)
  - Bprob[]  (74 elements)
  - Rvar[]  (148 elements)
  - W[1:74] 
Compiling
  [Note] This may take a minute.
  [Note] Use 'showCompilerOutput = TRUE' to see C++ compilation details.

Setup time 1.9 mins 

Chain # 9 (chain 1 of 4 for this core)

Datapoints for testing convergence:
 #1 #52 #55 #56 #58 #61 #67 #81 #117 #132 #151 #155 #162 #163 #176 #181 #188 #194 #195 #198 

Iterations: 3600 
|-------------|-------------|-------------|-------------|
|-------------------------------------------------------|

Current time: 2024-11-25 10:23:28
MCMC time 1.5 mins 

USED COMPONENTS: 28 OF 74 

rel. MC standard error: 0.0168 to 0.0712
eff. sample size: 197 to 3560
needed thinning: 2 to 28
Diagnostics time 3 secs 

Total number of iterations 3600 - required further 217 

Chain # 9 - chunk 2 (chain 1 of 4 for this core): increasing by 218 

Iterations: 218 
|-------------|-------------|-------------|-------------|
|-------------------------------------------------------|

Current time: 2024-11-25 10:23:39
MCMC time 1.6 mins 

USED COMPONENTS: 26 OF 74 

rel. MC standard error: 0.0168 to 0.0694
eff. sample size: 208 to 3540
needed thinning: 2 to 28
Diagnostics time 0.21 secs 

Total number of iterations 3818 - required further 217 

Chain # 9 - chunk 3 (chain 1 of 4 for this core): increasing by 218 

Iterations: 218 
|-------------|-------------|-------------|-------------|
|-------------------------------------------------------|

Current time: 2024-11-25 10:23:44
MCMC time 1.7 mins 

USED COMPONENTS: 28 OF 74 

rel. MC standard error: 0.0152 to 0.0679
eff. sample size: 217 to 4330
needed thinning: 2 to 28
Diagnostics time 0.22 secs 

Total number of iterations 4036 - required further 217 

Chain # 9 - chunk 4 (chain 1 of 4 for this core): increasing by 218 

Iterations: 218 
|-------------|-------------|-------------|-------------|
|-------------------------------------------------------|

Current time: 2024-11-25 10:23:50
MCMC time 1.8 mins 

USED COMPONENTS: 29 OF 74 

rel. MC standard error: 0.0144 to 0.0674
eff. sample size: 220 to 4830
needed thinning: 2 to 29
Diagnostics time 0.21 secs 

Total number of iterations 4254 - required further 225 

Chain # 9 - chunk 5 (chain 1 of 4 for this core): increasing by 226 

Iterations: 226 
|-------------|-------------|-------------|-------------|
|-------------------------------------------------------|

Current time: 2024-11-25 10:23:56
MCMC time 1.9 mins 

USED COMPONENTS: 26 OF 74 

rel. MC standard error: 0.0137 to 0.0656
eff. sample size: 232 to 5320
needed thinning: 2 to 29
Diagnostics time 0.2 secs 

Total number of iterations 4480 - required further 225 

Chain # 9 - chunk 6 (chain 1 of 4 for this core): increasing by 226 

Iterations: 226 
|-------------|-------------|-------------|-------------|
|-------------------------------------------------------|

Current time: 2024-11-25 10:24:02
MCMC time 2 mins 

USED COMPONENTS: 27 OF 74 

rel. MC standard error: 0.0152 to 0.0646
eff. sample size: 240 to 4320
needed thinning: 2 to 30
Diagnostics time 0.2 secs 

Total number of iterations 4706 - required further 233 

Chain # 9 - chunk 7 (chain 1 of 4 for this core): increasing by 234 

Iterations: 234 
|-------------|-------------|-------------|-------------|
|-------------------------------------------------------|

Current time: 2024-11-25 10:24:08
MCMC time 2.1 mins 

USED COMPONENTS: 27 OF 74 

rel. MC standard error: 0.0114 to 0.0641
eff. sample size: 244 to 7760
needed thinning: 1 to 31
Diagnostics time 0.83 secs 

Total number of iterations 4940 - required further 241 

Chain # 9 - chunk 8 (chain 1 of 4 for this core): increasing by 242 

Iterations: 242 
|-------------|-------------|-------------|-------------|
|-------------------------------------------------------|

Current time: 2024-11-25 10:24:14
MCMC time 2.2 mins 

USED COMPONENTS: 27 OF 74 

rel. MC standard error: 0.0136 to 0.0619
eff. sample size: 261 to 5390
needed thinning: 2 to 30
Diagnostics time 0.21 secs 

Total number of iterations 5182 - required further 233 

Chain # 9 - chunk 9 (chain 1 of 4 for this core): increasing by 234 

Iterations: 234 
|-------------|-------------|-------------|-------------|
|-------------------------------------------------------|

Current time: 2024-11-25 10:24:20
MCMC time 2.3 mins 

USED COMPONENTS: 27 OF 74 

rel. MC standard error: 0.0133 to 0.0613
eff. sample size: 266 to 5690
needed thinning: 2 to 31
Diagnostics time 0.19 secs 

Total number of iterations 5416 - required further 241 

Chain # 9 - chunk 10 (chain 1 of 4 for this core): increasing by 242 

Iterations: 242 
|-------------|-------------|-------------|-------------|
|-------------------------------------------------------|

Current time: 2024-11-25 10:24:26
MCMC time 2.4 mins 

USED COMPONENTS: 27 OF 74 

rel. MC standard error: 0.0134 to 0.0597
eff. sample size: 281 to 5590
needed thinning: 2 to 31
Diagnostics time 0.21 secs 

Total number of iterations 5658 - required further 241 

Chain # 9 - chunk 11 (chain 1 of 4 for this core): increasing by 242 

Iterations: 242 
|-------------|-------------|-------------|-------------|
|-------------------------------------------------------|

Current time: 2024-11-25 10:24:32
MCMC time 2.5 mins 

USED COMPONENTS: 27 OF 74 

rel. MC standard error: 0.0127 to 0.0585
eff. sample size: 292 to 6160
needed thinning: 2 to 31
Diagnostics time 0.23 secs 

Total number of iterations 5900 - required further 241 

Chain # 9 - chunk 12 (chain 1 of 4 for this core): increasing by 242 

Iterations: 242 
|-------------|-------------|-------------|-------------|
|-------------------------------------------------------|

Current time: 2024-11-25 10:24:38
MCMC time 2.6 mins 

USED COMPONENTS: 29 OF 74 

rel. MC standard error: 0.0128 to 0.0573
eff. sample size: 305 to 6130
needed thinning: 2 to 31
Diagnostics time 0.2 secs 

Total number of iterations 6142 - required further 241 

Chain # 9 - chunk 13 (chain 1 of 4 for this core): increasing by 242 

Iterations: 242 
|-------------|-------------|-------------|-------------|
|-------------------------------------------------------|

Current time: 2024-11-25 10:24:44
MCMC time 2.7 mins 

USED COMPONENTS: 28 OF 74 

rel. MC standard error: 0.0118 to 0.0556
eff. sample size: 323 to 7210
needed thinning: 2 to 30
Diagnostics time 0.21 secs 

Total number of iterations 6384 - required further 233 

Chain # 9 - chunk 14 (chain 1 of 4 for this core): increasing by 234 

Iterations: 234 
|-------------|-------------|-------------|-------------|
|-------------------------------------------------------|

Current time: 2024-11-25 10:24:50
MCMC time 2.8 mins 

USED COMPONENTS: 27 OF 74 

rel. MC standard error: 0.0129 to 0.0551
eff. sample size: 329 to 6010
needed thinning: 2 to 31
Diagnostics time 0.19 secs 

Total number of iterations 6618 - required further 241 

Chain # 9 - chunk 15 (chain 1 of 4 for this core): increasing by 242 

Iterations: 242 
|-------------|-------------|-------------|-------------|
|-------------------------------------------------------|

Current time: 2024-11-25 10:24:56
MCMC time 2.9 mins 

USED COMPONENTS: 28 OF 74 

rel. MC standard error: 0.0121 to 0.0537
eff. sample size: 347 to 6870
needed thinning: 2 to 30
Diagnostics time 0.2 secs 

Total number of iterations 6860 - required further 233 

Chain # 9 - chunk 16 (chain 1 of 4 for this core): increasing by 234 

Iterations: 234 
|-------------|-------------|-------------|-------------|
|-------------------------------------------------------|

Current time: 2024-11-25 10:25:02
MCMC time 3 mins 

USED COMPONENTS: 28 OF 74 

rel. MC standard error: 0.0118 to 0.0527
eff. sample size: 360 to 7230
needed thinning: 2 to 30
Diagnostics time 0.23 secs 

Total number of iterations 7094 - required further 233 

Chain # 9 - chunk 17 (chain 1 of 4 for this core): increasing by 234 

Iterations: 234 
|-------------|-------------|-------------|-------------|
|-------------------------------------------------------|

Current time: 2024-11-25 10:25:08
MCMC time 3.1 mins 

USED COMPONENTS: 27 OF 74 

rel. MC standard error: 0.0118 to 0.0516
eff. sample size: 376 to 7140
needed thinning: 2 to 30
Diagnostics time 0.21 secs 

Total number of iterations 7328 - required further 233 

Chain # 9 - chunk 18 (chain 1 of 4 for this core): increasing by 234 

Iterations: 234 
|-------------|-------------|-------------|-------------|
|-------------------------------------------------------|

Current time: 2024-11-25 10:25:14
MCMC time 3.2 mins 

USED COMPONENTS: 26 OF 74 

rel. MC standard error: 0.0112 to 0.0514
eff. sample size: 379 to 7960
needed thinning: 2 to 30
Diagnostics time 0.2 secs 

Total number of iterations 7562 - required further 233 

Chain # 9 - chunk 19 (chain 1 of 4 for this core): increasing by 234 

Iterations: 234 
|-------------|-------------|-------------|-------------|
|-------------------------------------------------------|

Current time: 2024-11-25 10:25:20
MCMC time 3.3 mins 

USED COMPONENTS: 26 OF 74 

rel. MC standard error: 0.0113 to 0.0507
eff. sample size: 388 to 7880
needed thinning: 2 to 31
Diagnostics time 0.22 secs 

Total number of iterations 7796 - required further 241 

Chain # 9 - chunk 20 (chain 1 of 4 for this core): increasing by 242 

Iterations: 242 
|-------------|-------------|-------------|-------------|
|-------------------------------------------------------|

Current time: 2024-11-25 10:25:26
MCMC time 3.4 mins 

USED COMPONENTS: 26 OF 74 

rel. MC standard error: 0.0114 to 0.0494
eff. sample size: 409 to 7680
needed thinning: 2 to 30
Diagnostics time 0.21 secs 

Total number of iterations 8038 - required further 0 

Keeping last 60 samples with thinning 30 

Plotting traces and samples.

Current time: 2024-11-25 10:25:27
MCMC + diagnostics time 3.4 mins 

Chain # 10 (chain 2 of 4 for this core)

Datapoints for testing convergence:
 #6 #36 #40 #46 #53 #60 #64 #66 #68 #71 #86 #100 #129 #130 #133 #166 #178 #182 #186 #191 

Iterations: 3600 
|-------------|-------------|-------------|-------------|
|-------------------------------------------------------|

Current time: 2024-11-25 10:26:54
MCMC time 4.9 mins 

USED COMPONENTS: 28 OF 74 

rel. MC standard error: 0.0153 to 0.0787
eff. sample size: 162 to 4280
needed thinning: 2 to 34
Diagnostics time 2.9 secs 

Total number of iterations 3600 - required further 264 

Chain # 10 - chunk 2 (chain 2 of 4 for this core): increasing by 265 

Iterations: 265 
|-------------|-------------|-------------|-------------|
|-------------------------------------------------------|

Current time: 2024-11-25 10:27:04
MCMC time 5.1 mins 

USED COMPONENTS: 27 OF 74 

rel. MC standard error: 0.016 to 0.0727
eff. sample size: 189 to 3920
needed thinning: 2 to 31
Diagnostics time 0.22 secs 

Total number of iterations 3865 - required further 241 

Chain # 10 - chunk 3 (chain 2 of 4 for this core): increasing by 242 

Iterations: 242 
|-------------|-------------|-------------|-------------|
|-------------------------------------------------------|

Current time: 2024-11-25 10:27:10
MCMC time 5.2 mins 

USED COMPONENTS: 27 OF 74 

rel. MC standard error: 0.0148 to 0.0686
eff. sample size: 213 to 4550
needed thinning: 2 to 29
Diagnostics time 0.22 secs 

Total number of iterations 4107 - required further 225 

Chain # 10 - chunk 4 (chain 2 of 4 for this core): increasing by 226 

Iterations: 226 
|-------------|-------------|-------------|-------------|
|-------------------------------------------------------|

Current time: 2024-11-25 10:27:16
MCMC time 5.3 mins 

USED COMPONENTS: 28 OF 74 

rel. MC standard error: 0.0148 to 0.0707
eff. sample size: 200 to 4550
needed thinning: 2 to 33
Diagnostics time 0.21 secs 

Total number of iterations 4333 - required further 256 

Chain # 10 - chunk 5 (chain 2 of 4 for this core): increasing by 257 

Iterations: 257 
|-------------|-------------|-------------|-------------|
|-------------------------------------------------------|

Current time: 2024-11-25 10:27:22
MCMC time 5.4 mins 

USED COMPONENTS: 29 OF 74 

rel. MC standard error: 0.0158 to 0.0737
eff. sample size: 184 to 4020
needed thinning: 2 to 38
Diagnostics time 0.8 secs 

Total number of iterations 4590 - required further 295 

Chain # 10 - chunk 6 (chain 2 of 4 for this core): increasing by 296 

Iterations: 296 
|-------------|-------------|-------------|-------------|
|-------------------------------------------------------|

Current time: 2024-11-25 10:27:30
MCMC time 5.5 mins 

USED COMPONENTS: 30 OF 74 

rel. MC standard error: 0.015 to 0.0669
eff. sample size: 224 to 4440
needed thinning: 2 to 33
Diagnostics time 0.24 secs 

Total number of iterations 4886 - required further 256 

Chain # 10 - chunk 7 (chain 2 of 4 for this core): increasing by 257 

Iterations: 257 
|-------------|-------------|-------------|-------------|
|-------------------------------------------------------|

Current time: 2024-11-25 10:27:37
MCMC time 5.6 mins 

USED COMPONENTS: 29 OF 74 

rel. MC standard error: 0.0141 to 0.0702
eff. sample size: 203 to 5000
needed thinning: 2 to 38
Diagnostics time 0.21 secs 

Total number of iterations 5143 - required further 295 

Chain # 10 - chunk 8 (chain 2 of 4 for this core): increasing by 296 

Iterations: 296 
|-------------|-------------|-------------|-------------|
|-------------------------------------------------------|

Current time: 2024-11-25 10:27:44
MCMC time 5.7 mins 

USED COMPONENTS: 26 OF 74 

rel. MC standard error: 0.0144 to 0.0712
eff. sample size: 197 to 4800
needed thinning: 2 to 42
Diagnostics time 0.26 secs 

Total number of iterations 5439 - required further 326 

Chain # 10 - chunk 9 (chain 2 of 4 for this core): increasing by 327 

Iterations: 327 
|-------------|-------------|-------------|-------------|
|-------------------------------------------------------|

Current time: 2024-11-25 10:27:52
MCMC time 5.9 mins 

USED COMPONENTS: 26 OF 74 

rel. MC standard error: 0.0137 to 0.0686
eff. sample size: 212 to 5340
needed thinning: 2 to 41
Diagnostics time 0.27 secs 

Total number of iterations 5766 - required further 318 

Chain # 10 - chunk 10 (chain 2 of 4 for this core): increasing by 319 

Iterations: 319 
|-------------|-------------|-------------|-------------|
|-------------------------------------------------------|

Current time: 2024-11-25 10:28:00
MCMC time 6 mins 

USED COMPONENTS: 23 OF 74 

rel. MC standard error: 0.0135 to 0.0714
eff. sample size: 196 to 5510
needed thinning: 2 to 47
Diagnostics time 0.24 secs 

Total number of iterations 6085 - required further 365 

Chain # 10 - chunk 11 (chain 2 of 4 for this core): increasing by 366 

Iterations: 366 
|-------------|-------------|-------------|-------------|
|-------------------------------------------------------|

Current time: 2024-11-25 10:28:10
MCMC time 6.1 mins 

USED COMPONENTS: 24 OF 74 

rel. MC standard error: 0.0128 to 0.0688
eff. sample size: 211 to 6090
needed thinning: 2 to 46
Diagnostics time 0.28 secs 

Total number of iterations 6451 - required further 357 

Chain # 10 - chunk 12 (chain 2 of 4 for this core): increasing by 358 

Iterations: 358 
|-------------|-------------|-------------|-------------|
|-------------------------------------------------------|

Current time: 2024-11-25 10:28:19
MCMC time 6.3 mins 

USED COMPONENTS: 25 OF 74 

rel. MC standard error: 0.0133 to 0.0703
eff. sample size: 202 to 5690
needed thinning: 2 to 51
Diagnostics time 0.29 secs 

Total number of iterations 6809 - required further 396 

Chain # 10 - chunk 13 (chain 2 of 4 for this core): increasing by 397 

Iterations: 397 
|-------------|-------------|-------------|-------------|
|-------------------------------------------------------|

Current time: 2024-11-25 10:28:29
MCMC time 6.5 mins 

USED COMPONENTS: 27 OF 74 

rel. MC standard error: 0.0121 to 0.0675
eff. sample size: 220 to 6830
needed thinning: 2 to 50
Diagnostics time 0.37 secs 

Total number of iterations 7206 - required further 388 

Chain # 10 - chunk 14 (chain 2 of 4 for this core): increasing by 389 

Iterations: 389 
|-------------|-------------|-------------|-------------|
|-------------------------------------------------------|

Current time: 2024-11-25 10:28:38
MCMC time 6.6 mins 

USED COMPONENTS: 27 OF 74 

rel. MC standard error: 0.0126 to 0.0699
eff. sample size: 204 to 6310
needed thinning: 2 to 56
Diagnostics time 0.3 secs 

Total number of iterations 7595 - required further 434 

Chain # 10 - chunk 15 (chain 2 of 4 for this core): increasing by 435 

Iterations: 435 
|-------------|-------------|-------------|-------------|
|-------------------------------------------------------|

Current time: 2024-11-25 10:28:49
MCMC time 6.8 mins 

USED COMPONENTS: 27 OF 74 

rel. MC standard error: 0.0126 to 0.0694
eff. sample size: 207 to 6260
needed thinning: 2 to 59
Diagnostics time 0.33 secs 

Total number of iterations 8030 - required further 458 

Chain # 10 - chunk 16 (chain 2 of 4 for this core): increasing by 459 

Iterations: 459 
|-------------|-------------|-------------|-------------|
|-------------------------------------------------------|

Current time: 2024-11-25 10:29:01
MCMC time 7 mins 

USED COMPONENTS: 27 OF 74 

rel. MC standard error: 0.0106 to 0.0682
eff. sample size: 215 to 8880
needed thinning: 2 to 60
Diagnostics time 0.34 secs 

Total number of iterations 8489 - required further 465 

Chain # 10 - chunk 17 (chain 2 of 4 for this core): increasing by 466 

Iterations: 466 
|-------------|-------------|-------------|-------------|
|-------------------------------------------------------|

Current time: 2024-11-25 10:29:12
MCMC time 7.2 mins 

USED COMPONENTS: 27 OF 74 

rel. MC standard error: 0.0113 to 0.0684
eff. sample size: 214 to 7760
needed thinning: 2 to 63
Diagnostics time 0.38 secs 

Total number of iterations 8955 - required further 488 

Chain # 10 - chunk 18 (chain 2 of 4 for this core): increasing by 489 

Iterations: 489 
|-------------|-------------|-------------|-------------|
|-------------------------------------------------------|

Current time: 2024-11-25 10:29:25
MCMC time 7.4 mins 

USED COMPONENTS: 26 OF 74 

rel. MC standard error: 0.0112 to 0.0668
eff. sample size: 224 to 8030
needed thinning: 2 to 64
Diagnostics time 0.37 secs 

Total number of iterations 9444 - required further 496 

Chain # 10 - chunk 19 (chain 2 of 4 for this core): increasing by 497 

Iterations: 497 
|-------------|-------------|-------------|-------------|
|-------------------------------------------------------|

Current time: 2024-11-25 10:29:37
MCMC time 7.6 mins 

USED COMPONENTS: 26 OF 74 

rel. MC standard error: 0.0108 to 0.0664
eff. sample size: 227 to 8500
needed thinning: 2 to 66
Diagnostics time 0.94 secs 

Total number of iterations 9941 - required further 512 

Chain # 10 - chunk 20 (chain 2 of 4 for this core): increasing by 513 

Iterations: 513 
|-------------|-------------|-------------|-------------|
|-------------------------------------------------------|

Current time: 2024-11-25 10:29:50
MCMC time 7.8 mins 

USED COMPONENTS: 25 OF 74 

rel. MC standard error: 0.0105 to 0.0651
eff. sample size: 236 to 9100
needed thinning: 2 to 67
Diagnostics time 0.36 secs 

Total number of iterations 10454 - required further 519 

Chain # 10 - chunk 21 (chain 2 of 4 for this core): increasing by 520 

Iterations: 520 
|-------------|-------------|-------------|-------------|
|-------------------------------------------------------|

Current time: 2024-11-25 10:30:04
MCMC time 8 mins 

USED COMPONENTS: 26 OF 74 

rel. MC standard error: 0.0105 to 0.0637
eff. sample size: 246 to 9130
needed thinning: 2 to 67
Diagnostics time 0.41 secs 

Total number of iterations 10974 - required further 519 

Chain # 10 - chunk 22 (chain 2 of 4 for this core): increasing by 520 

Iterations: 520 
|-------------|-------------|-------------|-------------|
|-------------------------------------------------------|

Current time: 2024-11-25 10:30:16
MCMC time 8.3 mins 

USED COMPONENTS: 25 OF 74 

rel. MC standard error: 0.0103 to 0.0619
eff. sample size: 261 to 9350
needed thinning: 2 to 66
Diagnostics time 0.44 secs 

Total number of iterations 11494 - required further 512 

Chain # 10 - chunk 23 (chain 2 of 4 for this core): increasing by 513 

Iterations: 513 
|-------------|-------------|-------------|-------------|
|-------------------------------------------------------|

Current time: 2024-11-25 10:30:30
MCMC time 8.5 mins 

USED COMPONENTS: 27 OF 74 

rel. MC standard error: 0.0094 to 0.0637
eff. sample size: 246 to 11300
needed thinning: 2 to 74
Diagnostics time 0.42 secs 

Total number of iterations 12007 - required further 574 

Chain # 10 - chunk 24 (chain 2 of 4 for this core): increasing by 575 

Iterations: 575 
|-------------|-------------|-------------|-------------|
|-------------------------------------------------------|

Current time: 2024-11-25 10:30:44
MCMC time 8.7 mins 

USED COMPONENTS: 26 OF 74 

rel. MC standard error: 0.00921 to 0.0639
eff. sample size: 245 to 11800
needed thinning: 2 to 78
Diagnostics time 1 secs 

Total number of iterations 12582 - required further 605 

Chain # 10 - chunk 25 (chain 2 of 4 for this core): increasing by 606 

Iterations: 606 
|-------------|-------------|-------------|-------------|
|-------------------------------------------------------|

Current time: 2024-11-25 10:31:00
MCMC time 9 mins 

USED COMPONENTS: 26 OF 74 

rel. MC standard error: 0.00964 to 0.0612
eff. sample size: 267 to 10800
needed thinning: 2 to 75
Diagnostics time 0.46 secs 

Total number of iterations 13188 - required further 581 

Chain # 10 - chunk 26 (chain 2 of 4 for this core): increasing by 582 

Iterations: 582 
|-------------|-------------|-------------|-------------|
|-------------------------------------------------------|

Current time: 2024-11-25 10:31:14
MCMC time 9.2 mins 

USED COMPONENTS: 25 OF 74 

rel. MC standard error: 0.00886 to 0.0623
eff. sample size: 257 to 12700
needed thinning: 2 to 81
Diagnostics time 0.56 secs 

Total number of iterations 13770 - required further 628 

Chain # 10 - chunk 27 (chain 2 of 4 for this core): increasing by 629 

Iterations: 629 
|-------------|-------------|-------------|-------------|
|-------------------------------------------------------|

Current time: 2024-11-25 10:31:31
MCMC time 9.5 mins 

USED COMPONENTS: 25 OF 74 

rel. MC standard error: 0.00825 to 0.0619
eff. sample size: 261 to 14700
needed thinning: 2 to 83
Diagnostics time 0.49 secs 

Total number of iterations 14399 - required further 643 

Chain # 10 - chunk 28 (chain 2 of 4 for this core): increasing by 644 

Iterations: 644 
|-------------|-------------|-------------|-------------|
|-------------------------------------------------------|

Current time: 2024-11-25 10:31:47
MCMC time 9.8 mins 

USED COMPONENTS: 26 OF 74 

rel. MC standard error: 0.00868 to 0.0597
eff. sample size: 281 to 13300
needed thinning: 2 to 81
Diagnostics time 0.49 secs 

Total number of iterations 15043 - required further 628 

Chain # 10 - chunk 29 (chain 2 of 4 for this core): increasing by 629 

Iterations: 629 
|-------------|-------------|-------------|-------------|
|-------------------------------------------------------|

Current time: 2024-11-25 10:32:03
MCMC time 10 mins 

USED COMPONENTS: 27 OF 74 

rel. MC standard error: 0.00853 to 0.0608
eff. sample size: 270 to 13800
needed thinning: 2 to 88
Diagnostics time 1.1 secs 

Total number of iterations 15672 - required further 682 

Chain # 10 - chunk 30 (chain 2 of 4 for this core): increasing by 683 

Iterations: 683 
|-------------|-------------|-------------|-------------|
|-------------------------------------------------------|

Current time: 2024-11-25 10:32:20
MCMC time 10 mins 

USED COMPONENTS: 25 OF 74 

rel. MC standard error: 0.00809 to 0.058
eff. sample size: 298 to 15300
needed thinning: 2 to 83
Diagnostics time 0.57 secs 

Total number of iterations 16355 - required further 643 

Chain # 10 - chunk 31 (chain 2 of 4 for this core): increasing by 644 

Iterations: 644 
|-------------|-------------|-------------|-------------|
|-------------------------------------------------------|

Current time: 2024-11-25 10:32:36
MCMC time 11 mins 

USED COMPONENTS: 27 OF 74 

rel. MC standard error: 0.00817 to 0.0557
eff. sample size: 322 to 15000
needed thinning: 2 to 80
Diagnostics time 1 secs 

Total number of iterations 16999 - required further 620 

Chain # 10 - chunk 32 (chain 2 of 4 for this core): increasing by 621 

Iterations: 621 
|-------------|-------------|-------------|-------------|
|-------------------------------------------------------|

Current time: 2024-11-25 10:32:52
MCMC time 11 mins 

USED COMPONENTS: 27 OF 74 

rel. MC standard error: 0.0081 to 0.0551
eff. sample size: 329 to 15200
needed thinning: 2 to 81
Diagnostics time 0.5 secs 

Total number of iterations 17620 - required further 628 

Chain # 10 - chunk 33 (chain 2 of 4 for this core): increasing by 629 

Iterations: 629 
|-------------|-------------|-------------|-------------|
|-------------------------------------------------------|

Current time: 2024-11-25 10:33:09
MCMC time 11 mins 

USED COMPONENTS: 25 OF 74 

rel. MC standard error: 0.00769 to 0.0562
eff. sample size: 316 to 16900
needed thinning: 2 to 87
Diagnostics time 0.45 secs 

Total number of iterations 18249 - required further 674 

Chain # 10 - chunk 34 (chain 2 of 4 for this core): increasing by 675 

Iterations: 675 
|-------------|-------------|-------------|-------------|
|-------------------------------------------------------|

Current time: 2024-11-25 10:33:25
MCMC time 11 mins 

USED COMPONENTS: 25 OF 74 

rel. MC standard error: 0.00767 to 0.055
eff. sample size: 331 to 17000
needed thinning: 2 to 86
Diagnostics time 0.59 secs 

Total number of iterations 18924 - required further 667 

Chain # 10 - chunk 35 (chain 2 of 4 for this core): increasing by 668 

Iterations: 668 
|-------------|-------------|-------------|-------------|
|-------------------------------------------------------|

Current time: 2024-11-25 10:33:42
MCMC time 12 mins 

USED COMPONENTS: 25 OF 74 

rel. MC standard error: 0.00772 to 0.0546
eff. sample size: 335 to 16800
needed thinning: 2 to 88
Diagnostics time 0.99 secs 

Total number of iterations 19592 - required further 682 

Chain # 10 - chunk 36 (chain 2 of 4 for this core): increasing by 683 

Iterations: 683 
|-------------|-------------|-------------|-------------|
|-------------------------------------------------------|

Current time: 2024-11-25 10:33:59
MCMC time 12 mins 

USED COMPONENTS: 28 OF 74 

rel. MC standard error: 0.00745 to 0.0525
eff. sample size: 362 to 18000
needed thinning: 2 to 84
Diagnostics time 0.51 secs 

Total number of iterations 20275 - required further 651 

Chain # 10 - chunk 37 (chain 2 of 4 for this core): increasing by 652 

Iterations: 652 
|-------------|-------------|-------------|-------------|
|-------------------------------------------------------|

Current time: 2024-11-25 10:34:16
MCMC time 12 mins 

USED COMPONENTS: 27 OF 74 

rel. MC standard error: 0.0078 to 0.0531
eff. sample size: 354 to 16400
needed thinning: 2 to 89
Diagnostics time 0.46 secs 

Total number of iterations 20927 - required further 690 

Chain # 10 - chunk 38 (chain 2 of 4 for this core): increasing by 691 

Iterations: 691 
|-------------|-------------|-------------|-------------|
|-------------------------------------------------------|

Current time: 2024-11-25 10:34:33
MCMC time 13 mins 

USED COMPONENTS: 25 OF 74 

rel. MC standard error: 0.00686 to 0.0498
eff. sample size: 402 to 21200
needed thinning: 2 to 81
Diagnostics time 0.59 secs 

Total number of iterations 21618 - required further 0 

Keeping last 60 samples with thinning 81 

Plotting traces and samples.

Current time: 2024-11-25 10:34:36
MCMC + diagnostics time 13 mins 

Chain # 11 (chain 3 of 4 for this core)

Datapoints for testing convergence:
 #7 #12 #14 #15 #28 #32 #46 #63 #76 #97 #101 #108 #120 #127 #133 #153 #165 #168 #176 #179 

Iterations: 3600 
|-------------|-------------|-------------|-------------|
|-------------------------------------------------------|

Current time: 2024-11-25 10:36:01
MCMC time 14 mins 

USED COMPONENTS: 32 OF 74 

rel. MC standard error: 0.0177 to 0.056
eff. sample size: 319 to 3180
needed thinning: 2 to 17
Diagnostics time 2.8 secs 

Total number of iterations 3600 - required further 132 

Chain # 11 - chunk 2 (chain 3 of 4 for this core): increasing by 133 

Iterations: 133 
|-------------|-------------|-------------|-------------|
|-------------------------------------------------------|

Current time: 2024-11-25 10:36:08
MCMC time 14 mins 

USED COMPONENTS: 33 OF 74 

rel. MC standard error: 0.0185 to 0.0547
eff. sample size: 334 to 2930
needed thinning: 2 to 17
Diagnostics time 0.18 secs 

Total number of iterations 3733 - required further 132 

Chain # 11 - chunk 3 (chain 3 of 4 for this core): increasing by 133 

Iterations: 133 
|-------------|-------------|-------------|-------------|
|-------------------------------------------------------|

Current time: 2024-11-25 10:36:11
MCMC time 14 mins 

USED COMPONENTS: 32 OF 74 

rel. MC standard error: 0.0184 to 0.0564
eff. sample size: 315 to 2940
needed thinning: 2 to 19
Diagnostics time 0.22 secs 

Total number of iterations 3866 - required further 148 

Chain # 11 - chunk 4 (chain 3 of 4 for this core): increasing by 149 

Iterations: 149 
|-------------|-------------|-------------|-------------|
|-------------------------------------------------------|

Current time: 2024-11-25 10:36:15
MCMC time 14 mins 

USED COMPONENTS: 32 OF 74 

rel. MC standard error: 0.0177 to 0.0565
eff. sample size: 313 to 3200
needed thinning: 2 to 20
Diagnostics time 0.12 secs 

Total number of iterations 4015 - required further 155 

Chain # 11 - chunk 5 (chain 3 of 4 for this core): increasing by 156 

Iterations: 156 
|-------------|-------------|-------------|-------------|
|-------------------------------------------------------|

Current time: 2024-11-25 10:36:19
MCMC time 14 mins 

USED COMPONENTS: 32 OF 74 

rel. MC standard error: 0.0178 to 0.0566
eff. sample size: 312 to 3170
needed thinning: 2 to 21
Diagnostics time 0.12 secs 

Total number of iterations 4171 - required further 163 

Chain # 11 - chunk 6 (chain 3 of 4 for this core): increasing by 164 

Iterations: 164 
|-------------|-------------|-------------|-------------|
|-------------------------------------------------------|

Current time: 2024-11-25 10:36:23
MCMC time 14 mins 

USED COMPONENTS: 32 OF 74 

rel. MC standard error: 0.0157 to 0.0569
eff. sample size: 309 to 4050
needed thinning: 2 to 22
Diagnostics time 0.17 secs 

Total number of iterations 4335 - required further 171 

Chain # 11 - chunk 7 (chain 3 of 4 for this core): increasing by 172 

Iterations: 172 
|-------------|-------------|-------------|-------------|
|-------------------------------------------------------|

Current time: 2024-11-25 10:36:28
MCMC time 14 mins 

USED COMPONENTS: 32 OF 74 

rel. MC standard error: 0.016 to 0.0567
eff. sample size: 311 to 3880
needed thinning: 2 to 22
Diagnostics time 0.17 secs 

Total number of iterations 4507 - required further 171 

Chain # 11 - chunk 8 (chain 3 of 4 for this core): increasing by 172 

Iterations: 172 
|-------------|-------------|-------------|-------------|
|-------------------------------------------------------|

Current time: 2024-11-25 10:36:32
MCMC time 15 mins 

USED COMPONENTS: 32 OF 74 

rel. MC standard error: 0.0163 to 0.0507
eff. sample size: 389 to 3770
needed thinning: 2 to 19
Diagnostics time 0.18 secs 

Total number of iterations 4679 - required further 148 

Chain # 11 - chunk 9 (chain 3 of 4 for this core): increasing by 149 

Iterations: 149 
|-------------|-------------|-------------|-------------|
|-------------------------------------------------------|

Current time: 2024-11-25 10:36:36
MCMC time 15 mins 

USED COMPONENTS: 33 OF 74 

rel. MC standard error: 0.0159 to 0.053
eff. sample size: 355 to 3960
needed thinning: 2 to 21
Diagnostics time 0.16 secs 

Total number of iterations 4828 - required further 163 

Chain # 11 - chunk 10 (chain 3 of 4 for this core): increasing by 164 

Iterations: 164 
|-------------|-------------|-------------|-------------|
|-------------------------------------------------------|

Current time: 2024-11-25 10:36:40
MCMC time 15 mins 

USED COMPONENTS: 31 OF 74 

rel. MC standard error: 0.015 to 0.0485
eff. sample size: 426 to 4440
needed thinning: 2 to 18
Diagnostics time 0.13 secs 

Total number of iterations 4992 - required further 0 

Keeping last 60 samples with thinning 18 

Plotting traces and samples.

Current time: 2024-11-25 10:36:41
MCMC + diagnostics time 15 mins 

Chain # 12 (chain 4 of 4 for this core)

Datapoints for testing convergence:
 #18 #20 #45 #50 #54 #67 #76 #77 #84 #107 #122 #123 #128 #132 #156 #161 #173 #175 #176 #199 

Iterations: 3600 
|-------------|-------------|-------------|-------------|
|-------------------------------------------------------|

Current time: 2024-11-25 10:38:06
MCMC time 16 mins 

USED COMPONENTS: 28 OF 74 

rel. MC standard error: 0.0174 to 0.0729
eff. sample size: 188 to 3310
needed thinning: 2 to 29
Diagnostics time 2.6 secs 

Total number of iterations 3600 - required further 225 

Chain # 12 - chunk 2 (chain 4 of 4 for this core): increasing by 226 

Iterations: 226 
|-------------|-------------|-------------|-------------|
|-------------------------------------------------------|

Current time: 2024-11-25 10:38:14
MCMC time 16 mins 

USED COMPONENTS: 29 OF 74 

rel. MC standard error: 0.0184 to 0.0715
eff. sample size: 195 to 2940
needed thinning: 2 to 30
Diagnostics time 0.25 secs 

Total number of iterations 3826 - required further 233 

Chain # 12 - chunk 3 (chain 4 of 4 for this core): increasing by 234 

Iterations: 234 
|-------------|-------------|-------------|-------------|
|-------------------------------------------------------|

Current time: 2024-11-25 10:38:20
MCMC time 16 mins 

USED COMPONENTS: 29 OF 74 

rel. MC standard error: 0.0172 to 0.0708
eff. sample size: 200 to 3380
needed thinning: 2 to 31
Diagnostics time 0.15 secs 

Total number of iterations 4060 - required further 241 

Chain # 12 - chunk 4 (chain 4 of 4 for this core): increasing by 242 

Iterations: 242 
|-------------|-------------|-------------|-------------|
|-------------------------------------------------------|

Current time: 2024-11-25 10:38:25
MCMC time 16 mins 

USED COMPONENTS: 28 OF 74 

rel. MC standard error: 0.0172 to 0.0706
eff. sample size: 200 to 3360
needed thinning: 2 to 33
Diagnostics time 0.19 secs 

Total number of iterations 4302 - required further 256 

Chain # 12 - chunk 5 (chain 4 of 4 for this core): increasing by 257 

Iterations: 257 
|-------------|-------------|-------------|-------------|
|-------------------------------------------------------|

Current time: 2024-11-25 10:38:32
MCMC time 17 mins 

USED COMPONENTS: 28 OF 74 

rel. MC standard error: 0.0168 to 0.0694
eff. sample size: 208 to 3520
needed thinning: 2 to 33
Diagnostics time 0.23 secs 

Total number of iterations 4559 - required further 256 

Chain # 12 - chunk 6 (chain 4 of 4 for this core): increasing by 257 

Iterations: 257 
|-------------|-------------|-------------|-------------|
|-------------------------------------------------------|

Current time: 2024-11-25 10:38:38
MCMC time 17 mins 

USED COMPONENTS: 28 OF 74 

rel. MC standard error: 0.0157 to 0.0673
eff. sample size: 221 to 4060
needed thinning: 2 to 33
Diagnostics time 0.22 secs 

Total number of iterations 4816 - required further 256 

Chain # 12 - chunk 7 (chain 4 of 4 for this core): increasing by 257 

Iterations: 257 
|-------------|-------------|-------------|-------------|
|-------------------------------------------------------|

Current time: 2024-11-25 10:38:44
MCMC time 17 mins 

USED COMPONENTS: 28 OF 74 

rel. MC standard error: 0.0156 to 0.0648
eff. sample size: 238 to 4130
needed thinning: 2 to 32
Diagnostics time 0.23 secs 

Total number of iterations 5073 - required further 248 

Chain # 12 - chunk 8 (chain 4 of 4 for this core): increasing by 249 

Iterations: 249 
|-------------|-------------|-------------|-------------|
|-------------------------------------------------------|

Current time: 2024-11-25 10:38:51
MCMC time 17 mins 

USED COMPONENTS: 27 OF 74 

rel. MC standard error: 0.0147 to 0.0634
eff. sample size: 249 to 4600
needed thinning: 2 to 33
Diagnostics time 0.26 secs 

Total number of iterations 5322 - required further 256 

Chain # 12 - chunk 9 (chain 4 of 4 for this core): increasing by 257 

Iterations: 257 
|-------------|-------------|-------------|-------------|
|-------------------------------------------------------|

Current time: 2024-11-25 10:38:57
MCMC time 17 mins 

USED COMPONENTS: 27 OF 74 

rel. MC standard error: 0.0151 to 0.0626
eff. sample size: 255 to 4410
needed thinning: 2 to 33
Diagnostics time 0.23 secs 

Total number of iterations 5579 - required further 256 

Chain # 12 - chunk 10 (chain 4 of 4 for this core): increasing by 257 

Iterations: 257 
|-------------|-------------|-------------|-------------|
|-------------------------------------------------------|

Current time: 2024-11-25 10:39:03
MCMC time 17 mins 

USED COMPONENTS: 27 OF 74 

rel. MC standard error: 0.0142 to 0.0629
eff. sample size: 253 to 4970
needed thinning: 2 to 35
Diagnostics time 0.26 secs 

Total number of iterations 5836 - required further 272 

Chain # 12 - chunk 11 (chain 4 of 4 for this core): increasing by 273 

Iterations: 273 
|-------------|-------------|-------------|-------------|
|-------------------------------------------------------|

Current time: 2024-11-25 10:39:10
MCMC time 17 mins 

USED COMPONENTS: 27 OF 74 

rel. MC standard error: 0.0147 to 0.0603
eff. sample size: 275 to 4600
needed thinning: 2 to 34
Diagnostics time 0.27 secs 

Total number of iterations 6109 - required further 264 

Chain # 12 - chunk 12 (chain 4 of 4 for this core): increasing by 265 

Iterations: 265 
|-------------|-------------|-------------|-------------|
|-------------------------------------------------------|

Current time: 2024-11-25 10:39:16
MCMC time 17 mins 

USED COMPONENTS: 26 OF 74 

rel. MC standard error: 0.0132 to 0.0588
eff. sample size: 289 to 5700
needed thinning: 2 to 34
Diagnostics time 0.29 secs 

Total number of iterations 6374 - required further 264 

Chain # 12 - chunk 13 (chain 4 of 4 for this core): increasing by 265 

Iterations: 265 
|-------------|-------------|-------------|-------------|
|-------------------------------------------------------|

Current time: 2024-11-25 10:39:23
MCMC time 17 mins 

USED COMPONENTS: 27 OF 74 

rel. MC standard error: 0.0129 to 0.0588
eff. sample size: 290 to 5970
needed thinning: 2 to 35
Diagnostics time 0.22 secs 

Total number of iterations 6639 - required further 272 

Chain # 12 - chunk 14 (chain 4 of 4 for this core): increasing by 273 

Iterations: 273 
|-------------|-------------|-------------|-------------|
|-------------------------------------------------------|

Current time: 2024-11-25 10:39:30
MCMC time 17 mins 

USED COMPONENTS: 26 OF 74 

rel. MC standard error: 0.0144 to 0.0581
eff. sample size: 296 to 4840
needed thinning: 3 to 35
Diagnostics time 0.81 secs 

Total number of iterations 6912 - required further 272 

Chain # 12 - chunk 15 (chain 4 of 4 for this core): increasing by 273 

Iterations: 273 
|-------------|-------------|-------------|-------------|
|-------------------------------------------------------|

Current time: 2024-11-25 10:39:37
MCMC time 18 mins 

USED COMPONENTS: 26 OF 74 

rel. MC standard error: 0.0133 to 0.0579
eff. sample size: 299 to 5690
needed thinning: 2 to 37
Diagnostics time 0.22 secs 

Total number of iterations 7185 - required further 287 

Chain # 12 - chunk 16 (chain 4 of 4 for this core): increasing by 288 

Iterations: 288 
|-------------|-------------|-------------|-------------|
|-------------------------------------------------------|

Current time: 2024-11-25 10:39:44
MCMC time 18 mins 

USED COMPONENTS: 27 OF 74 

rel. MC standard error: 0.0142 to 0.0565
eff. sample size: 313 to 4990
needed thinning: 3 to 36
Diagnostics time 0.23 secs 

Total number of iterations 7473 - required further 279 

Chain # 12 - chunk 17 (chain 4 of 4 for this core): increasing by 280 

Iterations: 280 
|-------------|-------------|-------------|-------------|
|-------------------------------------------------------|

Current time: 2024-11-25 10:39:51
MCMC time 18 mins 

USED COMPONENTS: 28 OF 74 

rel. MC standard error: 0.0136 to 0.0556
eff. sample size: 324 to 5390
needed thinning: 3 to 36
Diagnostics time 0.21 secs 

Total number of iterations 7753 - required further 279 

Chain # 12 - chunk 18 (chain 4 of 4 for this core): increasing by 280 

Iterations: 280 
|-------------|-------------|-------------|-------------|
|-------------------------------------------------------|

Current time: 2024-11-25 10:39:57
MCMC time 18 mins 

USED COMPONENTS: 29 OF 74 

rel. MC standard error: 0.0137 to 0.0542
eff. sample size: 340 to 5340
needed thinning: 3 to 36
Diagnostics time 0.22 secs 

Total number of iterations 8033 - required further 279 

Chain # 12 - chunk 19 (chain 4 of 4 for this core): increasing by 280 

Iterations: 280 
|-------------|-------------|-------------|-------------|
|-------------------------------------------------------|

Current time: 2024-11-25 10:40:04
MCMC time 18 mins 

USED COMPONENTS: 28 OF 74 

rel. MC standard error: 0.0137 to 0.0531
eff. sample size: 355 to 5320
needed thinning: 3 to 36
Diagnostics time 0.21 secs 

Total number of iterations 8313 - required further 279 

Chain # 12 - chunk 20 (chain 4 of 4 for this core): increasing by 280 

Iterations: 280 
|-------------|-------------|-------------|-------------|
|-------------------------------------------------------|

Current time: 2024-11-25 10:40:11
MCMC time 18 mins 

USED COMPONENTS: 29 OF 74 

rel. MC standard error: 0.0119 to 0.052
eff. sample size: 370 to 7030
needed thinning: 2 to 35
Diagnostics time 0.21 secs 

Total number of iterations 8593 - required further 272 

Chain # 12 - chunk 21 (chain 4 of 4 for this core): increasing by 273 

Iterations: 273 
|-------------|-------------|-------------|-------------|
|-------------------------------------------------------|

Current time: 2024-11-25 10:40:18
MCMC time 18 mins 

USED COMPONENTS: 29 OF 74 

rel. MC standard error: 0.0117 to 0.0508
eff. sample size: 387 to 7320
needed thinning: 2 to 35
Diagnostics time 0.29 secs 

Total number of iterations 8866 - required further 272 

Chain # 12 - chunk 22 (chain 4 of 4 for this core): increasing by 273 

Iterations: 273 
|-------------|-------------|-------------|-------------|
|-------------------------------------------------------|

Current time: 2024-11-25 10:40:24
MCMC time 18 mins 

USED COMPONENTS: 30 OF 74 

rel. MC standard error: 0.0132 to 0.05
eff. sample size: 400 to 5700
needed thinning: 3 to 35
Diagnostics time 0.22 secs 

Total number of iterations 9139 - required further 272 

Chain # 12 - chunk 23 (chain 4 of 4 for this core): increasing by 273 

Iterations: 273 
|-------------|-------------|-------------|-------------|
|-------------------------------------------------------|

Current time: 2024-11-25 10:40:31
MCMC time 19 mins 

USED COMPONENTS: 26 OF 74 

rel. MC standard error: 0.0118 to 0.0491
eff. sample size: 415 to 7220
needed thinning: 2 to 35
Diagnostics time 0.21 secs 

Total number of iterations 9412 - required further 0 

Keeping last 60 samples with thinning 35 

Plotting traces and samples.

Current time: 2024-11-25 10:40:32
MCMC + diagnostics time 19 mins 

Current time: 2024-11-25 10:40:32
Total time 19 mins 
loaded inferno and set parent environment
loaded inferno and set parent environment
loaded inferno and set parent environment
loaded inferno and set parent environment
