Log core 5 - Current time: 2024-11-25 10:20:10
Defining model
Building model
Setting data and initial values
Running calculate on model
  [Note] Any error reports that follow may simply reflect missing values in model variables.
Checking model sizes and dimensions
Compiling
  [Note] This may take a minute.
  [Note] Use 'showCompilerOutput = TRUE' to see C++ compilation details.
===== Monitors =====
thin = 1: Bprob, Rmean, Rvar, W
thin2 = 1: K
===== Samplers =====
conjugate sampler (519)
  - Rmean[]  (148 elements)
  - Rrate[]  (148 elements)
  - Bprob[]  (74 elements)
  - Rvar[]  (148 elements)
  - W[1:74] 
categorical sampler (201)
  - Alpha
  - K[]  (200 elements)
===== Monitors =====
thin = 1: Bprob, Rmean, Rvar, W
thin2 = 1: K
===== Samplers =====
slice sampler (201)
  - Alpha
  - K[]  (200 elements)
conjugate sampler (519)
  - Rmean[]  (148 elements)
  - Rrate[]  (148 elements)
  - Bprob[]  (74 elements)
  - Rvar[]  (148 elements)
  - W[1:74] 
Compiling
  [Note] This may take a minute.
  [Note] Use 'showCompilerOutput = TRUE' to see C++ compilation details.

Setup time 1.8 mins 

Chain # 17 (chain 1 of 4 for this core)

Datapoints for testing convergence:
 #24 #25 #38 #43 #50 #51 #55 #70 #78 #81 #85 #92 #123 #124 #130 #153 #164 #172 #188 #194 

Iterations: 3600 
|-------------|-------------|-------------|-------------|
|-------------------------------------------------------|

Current time: 2024-11-25 10:23:28
MCMC time 1.5 mins 

USED COMPONENTS: 29 OF 74 

rel. MC standard error: 0.0165 to 0.082
eff. sample size: 149 to 3680
needed thinning: 2 to 37
Diagnostics time 3.6 secs 

Total number of iterations 3600 - required further 287 

Chain # 17 - chunk 2 (chain 1 of 4 for this core): increasing by 288 

Iterations: 288 
|-------------|-------------|-------------|-------------|
|-------------------------------------------------------|

Current time: 2024-11-25 10:23:40
MCMC time 1.7 mins 

USED COMPONENTS: 28 OF 74 

rel. MC standard error: 0.0158 to 0.0801
eff. sample size: 156 to 4010
needed thinning: 2 to 38
Diagnostics time 0.27 secs 

Total number of iterations 3888 - required further 295 

Chain # 17 - chunk 3 (chain 1 of 4 for this core): increasing by 296 

Iterations: 296 
|-------------|-------------|-------------|-------------|
|-------------------------------------------------------|

Current time: 2024-11-25 10:23:47
MCMC time 1.8 mins 

USED COMPONENTS: 26 OF 74 

rel. MC standard error: 0.0154 to 0.0793
eff. sample size: 159 to 4240
needed thinning: 2 to 40
Diagnostics time 0.28 secs 

Total number of iterations 4184 - required further 310 

Chain # 17 - chunk 4 (chain 1 of 4 for this core): increasing by 311 

Iterations: 311 
|-------------|-------------|-------------|-------------|
|-------------------------------------------------------|

Current time: 2024-11-25 10:23:55
MCMC time 1.9 mins 

USED COMPONENTS: 27 OF 74 

rel. MC standard error: 0.0149 to 0.0754
eff. sample size: 176 to 4500
needed thinning: 2 to 39
Diagnostics time 0.87 secs 

Total number of iterations 4495 - required further 303 

Chain # 17 - chunk 5 (chain 1 of 4 for this core): increasing by 304 

Iterations: 304 
|-------------|-------------|-------------|-------------|
|-------------------------------------------------------|

Current time: 2024-11-25 10:24:04
MCMC time 2.1 mins 

USED COMPONENTS: 29 OF 74 

rel. MC standard error: 0.014 to 0.074
eff. sample size: 183 to 5100
needed thinning: 2 to 40
Diagnostics time 0.24 secs 

Total number of iterations 4799 - required further 310 

Chain # 17 - chunk 6 (chain 1 of 4 for this core): increasing by 311 

Iterations: 311 
|-------------|-------------|-------------|-------------|
|-------------------------------------------------------|

Current time: 2024-11-25 10:24:12
MCMC time 2.2 mins 

USED COMPONENTS: 28 OF 74 

rel. MC standard error: 0.0138 to 0.0735
eff. sample size: 185 to 5270
needed thinning: 2 to 42
Diagnostics time 0.26 secs 

Total number of iterations 5110 - required further 326 

Chain # 17 - chunk 7 (chain 1 of 4 for this core): increasing by 327 

Iterations: 327 
|-------------|-------------|-------------|-------------|
|-------------------------------------------------------|

Current time: 2024-11-25 10:24:20
MCMC time 2.3 mins 

USED COMPONENTS: 28 OF 74 

rel. MC standard error: 0.0148 to 0.0718
eff. sample size: 194 to 4570
needed thinning: 2 to 43
Diagnostics time 0.26 secs 

Total number of iterations 5437 - required further 334 

Chain # 17 - chunk 8 (chain 1 of 4 for this core): increasing by 335 

Iterations: 335 
|-------------|-------------|-------------|-------------|
|-------------------------------------------------------|

Current time: 2024-11-25 10:24:28
MCMC time 2.5 mins 

USED COMPONENTS: 27 OF 74 

rel. MC standard error: 0.0147 to 0.0708
eff. sample size: 199 to 4660
needed thinning: 2 to 44
Diagnostics time 0.33 secs 

Total number of iterations 5772 - required further 341 

Chain # 17 - chunk 9 (chain 1 of 4 for this core): increasing by 342 

Iterations: 342 
|-------------|-------------|-------------|-------------|
|-------------------------------------------------------|

Current time: 2024-11-25 10:24:37
MCMC time 2.6 mins 

USED COMPONENTS: 26 OF 74 

rel. MC standard error: 0.0149 to 0.0684
eff. sample size: 214 to 4520
needed thinning: 3 to 43
Diagnostics time 0.3 secs 

Total number of iterations 6114 - required further 334 

Chain # 17 - chunk 10 (chain 1 of 4 for this core): increasing by 335 

Iterations: 335 
|-------------|-------------|-------------|-------------|
|-------------------------------------------------------|

Current time: 2024-11-25 10:24:45
MCMC time 2.8 mins 

USED COMPONENTS: 28 OF 74 

rel. MC standard error: 0.0138 to 0.0688
eff. sample size: 211 to 5220
needed thinning: 2 to 46
Diagnostics time 0.25 secs 

Total number of iterations 6449 - required further 357 

Chain # 17 - chunk 11 (chain 1 of 4 for this core): increasing by 358 

Iterations: 358 
|-------------|-------------|-------------|-------------|
|-------------------------------------------------------|

Current time: 2024-11-25 10:24:55
MCMC time 2.9 mins 

USED COMPONENTS: 28 OF 74 

rel. MC standard error: 0.0128 to 0.0679
eff. sample size: 217 to 6150
needed thinning: 2 to 48
Diagnostics time 0.28 secs 

Total number of iterations 6807 - required further 372 

Chain # 17 - chunk 12 (chain 1 of 4 for this core): increasing by 373 

Iterations: 373 
|-------------|-------------|-------------|-------------|
|-------------------------------------------------------|

Current time: 2024-11-25 10:25:04
MCMC time 3.1 mins 

USED COMPONENTS: 28 OF 74 

rel. MC standard error: 0.0134 to 0.0671
eff. sample size: 222 to 5580
needed thinning: 2 to 49
Diagnostics time 0.36 secs 

Total number of iterations 7180 - required further 380 

Chain # 17 - chunk 13 (chain 1 of 4 for this core): increasing by 381 

Iterations: 381 
|-------------|-------------|-------------|-------------|
|-------------------------------------------------------|

Current time: 2024-11-25 10:25:14
MCMC time 3.2 mins 

USED COMPONENTS: 27 OF 74 

rel. MC standard error: 0.0118 to 0.0641
eff. sample size: 244 to 7130
needed thinning: 2 to 47
Diagnostics time 0.32 secs 

Total number of iterations 7561 - required further 365 

Chain # 17 - chunk 14 (chain 1 of 4 for this core): increasing by 366 

Iterations: 366 
|-------------|-------------|-------------|-------------|
|-------------------------------------------------------|

Current time: 2024-11-25 10:25:23
MCMC time 3.4 mins 

USED COMPONENTS: 27 OF 74 

rel. MC standard error: 0.0126 to 0.0658
eff. sample size: 231 to 6270
needed thinning: 2 to 52
Diagnostics time 0.33 secs 

Total number of iterations 7927 - required further 403 

Chain # 17 - chunk 15 (chain 1 of 4 for this core): increasing by 404 

Iterations: 404 
|-------------|-------------|-------------|-------------|
|-------------------------------------------------------|

Current time: 2024-11-25 10:25:33
MCMC time 3.5 mins 

USED COMPONENTS: 26 OF 74 

rel. MC standard error: 0.0114 to 0.0642
eff. sample size: 243 to 7670
needed thinning: 2 to 52
Diagnostics time 0.87 secs 

Total number of iterations 8331 - required further 403 

Chain # 17 - chunk 16 (chain 1 of 4 for this core): increasing by 404 

Iterations: 404 
|-------------|-------------|-------------|-------------|
|-------------------------------------------------------|

Current time: 2024-11-25 10:25:43
MCMC time 3.7 mins 

USED COMPONENTS: 25 OF 74 

rel. MC standard error: 0.012 to 0.064
eff. sample size: 244 to 6970
needed thinning: 2 to 54
Diagnostics time 0.34 secs 

Total number of iterations 8735 - required further 419 

Chain # 17 - chunk 17 (chain 1 of 4 for this core): increasing by 420 

Iterations: 420 
|-------------|-------------|-------------|-------------|
|-------------------------------------------------------|

Current time: 2024-11-25 10:25:54
MCMC time 3.9 mins 

USED COMPONENTS: 24 OF 74 

rel. MC standard error: 0.0115 to 0.0613
eff. sample size: 266 to 7610
needed thinning: 2 to 52
Diagnostics time 0.38 secs 

Total number of iterations 9155 - required further 403 

Chain # 17 - chunk 18 (chain 1 of 4 for this core): increasing by 404 

Iterations: 404 
|-------------|-------------|-------------|-------------|
|-------------------------------------------------------|

Current time: 2024-11-25 10:26:04
MCMC time 4.1 mins 

USED COMPONENTS: 25 OF 74 

rel. MC standard error: 0.0111 to 0.061
eff. sample size: 268 to 8080
needed thinning: 2 to 54
Diagnostics time 0.93 secs 

Total number of iterations 9559 - required further 419 

Chain # 17 - chunk 19 (chain 1 of 4 for this core): increasing by 420 

Iterations: 420 
|-------------|-------------|-------------|-------------|
|-------------------------------------------------------|

Current time: 2024-11-25 10:26:15
MCMC time 4.3 mins 

USED COMPONENTS: 24 OF 74 

rel. MC standard error: 0.0105 to 0.0592
eff. sample size: 285 to 9010
needed thinning: 2 to 53
Diagnostics time 0.32 secs 

Total number of iterations 9979 - required further 411 

Chain # 17 - chunk 20 (chain 1 of 4 for this core): increasing by 412 

Iterations: 412 
|-------------|-------------|-------------|-------------|
|-------------------------------------------------------|

Current time: 2024-11-25 10:26:26
MCMC time 4.4 mins 

USED COMPONENTS: 25 OF 74 

rel. MC standard error: 0.0117 to 0.0573
eff. sample size: 305 to 7340
needed thinning: 3 to 52
Diagnostics time 0.35 secs 

Total number of iterations 10391 - required further 403 

Chain # 17 - chunk 21 (chain 1 of 4 for this core): increasing by 404 

Iterations: 404 
|-------------|-------------|-------------|-------------|
|-------------------------------------------------------|

Current time: 2024-11-25 10:26:36
MCMC time 4.6 mins 

USED COMPONENTS: 26 OF 74 

rel. MC standard error: 0.0112 to 0.0571
eff. sample size: 307 to 8020
needed thinning: 3 to 53
Diagnostics time 0.37 secs 

Total number of iterations 10795 - required further 411 

Chain # 17 - chunk 22 (chain 1 of 4 for this core): increasing by 412 

Iterations: 412 
|-------------|-------------|-------------|-------------|
|-------------------------------------------------------|

Current time: 2024-11-25 10:26:46
MCMC time 4.8 mins 

USED COMPONENTS: 25 OF 74 

rel. MC standard error: 0.0108 to 0.0577
eff. sample size: 301 to 8530
needed thinning: 2 to 56
Diagnostics time 0.93 secs 

Total number of iterations 11207 - required further 434 

Chain # 17 - chunk 23 (chain 1 of 4 for this core): increasing by 435 

Iterations: 435 
|-------------|-------------|-------------|-------------|
|-------------------------------------------------------|

Current time: 2024-11-25 10:26:57
MCMC time 5 mins 

USED COMPONENTS: 25 OF 74 

rel. MC standard error: 0.0108 to 0.0555
eff. sample size: 325 to 8600
needed thinning: 3 to 54
Diagnostics time 0.36 secs 

Total number of iterations 11642 - required further 419 

Chain # 17 - chunk 24 (chain 1 of 4 for this core): increasing by 420 

Iterations: 420 
|-------------|-------------|-------------|-------------|
|-------------------------------------------------------|

Current time: 2024-11-25 10:27:08
MCMC time 5.1 mins 

USED COMPONENTS: 26 OF 74 

rel. MC standard error: 0.0103 to 0.0548
eff. sample size: 333 to 9420
needed thinning: 2 to 55
Diagnostics time 0.35 secs 

Total number of iterations 12062 - required further 427 

Chain # 17 - chunk 25 (chain 1 of 4 for this core): increasing by 428 

Iterations: 428 
|-------------|-------------|-------------|-------------|
|-------------------------------------------------------|

Current time: 2024-11-25 10:27:19
MCMC time 5.3 mins 

USED COMPONENTS: 25 OF 74 

rel. MC standard error: 0.0107 to 0.056
eff. sample size: 318 to 8730
needed thinning: 3 to 59
Diagnostics time 0.35 secs 

Total number of iterations 12490 - required further 458 

Chain # 17 - chunk 26 (chain 1 of 4 for this core): increasing by 459 

Iterations: 459 
|-------------|-------------|-------------|-------------|
|-------------------------------------------------------|

Current time: 2024-11-25 10:27:30
MCMC time 5.5 mins 

USED COMPONENTS: 23 OF 74 

rel. MC standard error: 0.0105 to 0.0549
eff. sample size: 332 to 9090
needed thinning: 3 to 59
Diagnostics time 0.39 secs 

Total number of iterations 12949 - required further 458 

Chain # 17 - chunk 27 (chain 1 of 4 for this core): increasing by 459 

Iterations: 459 
|-------------|-------------|-------------|-------------|
|-------------------------------------------------------|

Current time: 2024-11-25 10:27:42
MCMC time 5.7 mins 

USED COMPONENTS: 25 OF 74 

rel. MC standard error: 0.0107 to 0.0534
eff. sample size: 350 to 8710
needed thinning: 3 to 58
Diagnostics time 0.9 secs 

Total number of iterations 13408 - required further 450 

Chain # 17 - chunk 28 (chain 1 of 4 for this core): increasing by 451 

Iterations: 451 
|-------------|-------------|-------------|-------------|
|-------------------------------------------------------|

Current time: 2024-11-25 10:27:53
MCMC time 5.9 mins 

USED COMPONENTS: 25 OF 74 

rel. MC standard error: 0.00978 to 0.0541
eff. sample size: 341 to 10500
needed thinning: 2 to 61
Diagnostics time 0.4 secs 

Total number of iterations 13859 - required further 473 

Chain # 17 - chunk 29 (chain 1 of 4 for this core): increasing by 474 

Iterations: 474 
|-------------|-------------|-------------|-------------|
|-------------------------------------------------------|

Current time: 2024-11-25 10:28:05
MCMC time 6.1 mins 

USED COMPONENTS: 25 OF 74 

rel. MC standard error: 0.00939 to 0.0533
eff. sample size: 351 to 11400
needed thinning: 2 to 62
Diagnostics time 0.39 secs 

Total number of iterations 14333 - required further 481 

Chain # 17 - chunk 30 (chain 1 of 4 for this core): increasing by 482 

Iterations: 482 
|-------------|-------------|-------------|-------------|
|-------------------------------------------------------|

Current time: 2024-11-25 10:28:17
MCMC time 6.3 mins 

USED COMPONENTS: 24 OF 74 

rel. MC standard error: 0.0101 to 0.0525
eff. sample size: 363 to 9710
needed thinning: 3 to 62
Diagnostics time 0.92 secs 

Total number of iterations 14815 - required further 481 

Chain # 17 - chunk 31 (chain 1 of 4 for this core): increasing by 482 

Iterations: 482 
|-------------|-------------|-------------|-------------|
|-------------------------------------------------------|

Current time: 2024-11-25 10:28:30
MCMC time 6.5 mins 

USED COMPONENTS: 25 OF 74 

rel. MC standard error: 0.00965 to 0.0512
eff. sample size: 382 to 10700
needed thinning: 3 to 61
Diagnostics time 0.43 secs 

Total number of iterations 15297 - required further 473 

Chain # 17 - chunk 32 (chain 1 of 4 for this core): increasing by 474 

Iterations: 474 
|-------------|-------------|-------------|-------------|
|-------------------------------------------------------|

Current time: 2024-11-25 10:28:42
MCMC time 6.7 mins 

USED COMPONENTS: 23 OF 74 

rel. MC standard error: 0.00993 to 0.0526
eff. sample size: 361 to 10100
needed thinning: 3 to 66
Diagnostics time 0.88 secs 

Total number of iterations 15771 - required further 512 

Chain # 17 - chunk 33 (chain 1 of 4 for this core): increasing by 513 

Iterations: 513 
|-------------|-------------|-------------|-------------|
|-------------------------------------------------------|

Current time: 2024-11-25 10:28:55
MCMC time 6.9 mins 

USED COMPONENTS: 24 OF 74 

rel. MC standard error: 0.00932 to 0.0515
eff. sample size: 377 to 11500
needed thinning: 3 to 65
Diagnostics time 0.98 secs 

Total number of iterations 16284 - required further 504 

Chain # 17 - chunk 34 (chain 1 of 4 for this core): increasing by 505 

Iterations: 505 
|-------------|-------------|-------------|-------------|
|-------------------------------------------------------|

Current time: 2024-11-25 10:29:08
MCMC time 7.1 mins 

USED COMPONENTS: 24 OF 74 

rel. MC standard error: 0.00968 to 0.0523
eff. sample size: 365 to 10700
needed thinning: 3 to 69
Diagnostics time 0.46 secs 

Total number of iterations 16789 - required further 535 

Chain # 17 - chunk 35 (chain 1 of 4 for this core): increasing by 536 

Iterations: 536 
|-------------|-------------|-------------|-------------|
|-------------------------------------------------------|

Current time: 2024-11-25 10:29:22
MCMC time 7.4 mins 

USED COMPONENTS: 25 OF 74 

rel. MC standard error: 0.00924 to 0.0521
eff. sample size: 368 to 11700
needed thinning: 3 to 71
Diagnostics time 0.93 secs 

Total number of iterations 17325 - required further 550 

Chain # 17 - chunk 36 (chain 1 of 4 for this core): increasing by 551 

Iterations: 551 
|-------------|-------------|-------------|-------------|
|-------------------------------------------------------|

Current time: 2024-11-25 10:29:36
MCMC time 7.6 mins 

USED COMPONENTS: 26 OF 74 

rel. MC standard error: 0.00953 to 0.0514
eff. sample size: 379 to 11000
needed thinning: 3 to 71
Diagnostics time 0.48 secs 

Total number of iterations 17876 - required further 550 

Chain # 17 - chunk 37 (chain 1 of 4 for this core): increasing by 551 

Iterations: 551 
|-------------|-------------|-------------|-------------|
|-------------------------------------------------------|

Current time: 2024-11-25 10:29:51
MCMC time 7.8 mins 

USED COMPONENTS: 25 OF 74 

rel. MC standard error: 0.00935 to 0.0515
eff. sample size: 377 to 11400
needed thinning: 3 to 74
Diagnostics time 0.41 secs 

Total number of iterations 18427 - required further 574 

Chain # 17 - chunk 38 (chain 1 of 4 for this core): increasing by 575 

Iterations: 575 
|-------------|-------------|-------------|-------------|
|-------------------------------------------------------|

Current time: 2024-11-25 10:30:05
MCMC time 8.1 mins 

USED COMPONENTS: 26 OF 74 

rel. MC standard error: 0.00877 to 0.051
eff. sample size: 385 to 13000
needed thinning: 3 to 75
Diagnostics time 0.54 secs 

Total number of iterations 19002 - required further 581 

Chain # 17 - chunk 39 (chain 1 of 4 for this core): increasing by 582 

Iterations: 582 
|-------------|-------------|-------------|-------------|
|-------------------------------------------------------|

Current time: 2024-11-25 10:30:20
MCMC time 8.3 mins 

USED COMPONENTS: 25 OF 74 

rel. MC standard error: 0.00856 to 0.0503
eff. sample size: 395 to 13700
needed thinning: 3 to 75
Diagnostics time 0.41 secs 

Total number of iterations 19584 - required further 581 

Chain # 17 - chunk 40 (chain 1 of 4 for this core): increasing by 582 

Iterations: 582 
|-------------|-------------|-------------|-------------|
|-------------------------------------------------------|

Current time: 2024-11-25 10:30:35
MCMC time 8.6 mins 

USED COMPONENTS: 24 OF 74 

rel. MC standard error: 0.00802 to 0.0499
eff. sample size: 402 to 15600
needed thinning: 2 to 76
Diagnostics time 0.51 secs 

Total number of iterations 20166 - required further 0 

Keeping last 60 samples with thinning 76 

Plotting traces and samples.

Current time: 2024-11-25 10:30:38
MCMC + diagnostics time 8.6 mins 

Chain # 18 (chain 2 of 4 for this core)

Datapoints for testing convergence:
 #21 #23 #29 #31 #36 #38 #39 #41 #52 #57 #66 #126 #129 #133 #148 #152 #160 #161 #163 #197 

Iterations: 3600 
|-------------|-------------|-------------|-------------|
|-------------------------------------------------------|

Current time: 2024-11-25 10:32:04
MCMC time 10 mins 

USED COMPONENTS: 32 OF 74 

rel. MC standard error: 0.0157 to 0.0784
eff. sample size: 163 to 4070
needed thinning: 2 to 34
Diagnostics time 3.3 secs 

Total number of iterations 3600 - required further 264 

Chain # 18 - chunk 2 (chain 2 of 4 for this core): increasing by 265 

Iterations: 265 
|-------------|-------------|-------------|-------------|
|-------------------------------------------------------|

Current time: 2024-11-25 10:32:14
MCMC time 10 mins 

USED COMPONENTS: 30 OF 74 

rel. MC standard error: 0.0151 to 0.0762
eff. sample size: 172 to 4360
needed thinning: 2 to 34
Diagnostics time 0.2 secs 

Total number of iterations 3865 - required further 264 

Chain # 18 - chunk 3 (chain 2 of 4 for this core): increasing by 265 

Iterations: 265 
|-------------|-------------|-------------|-------------|
|-------------------------------------------------------|

Current time: 2024-11-25 10:32:21
MCMC time 10 mins 

USED COMPONENTS: 30 OF 74 

rel. MC standard error: 0.0157 to 0.0745
eff. sample size: 180 to 4060
needed thinning: 2 to 35
Diagnostics time 0.21 secs 

Total number of iterations 4130 - required further 272 

Chain # 18 - chunk 4 (chain 2 of 4 for this core): increasing by 273 

Iterations: 273 
|-------------|-------------|-------------|-------------|
|-------------------------------------------------------|

Current time: 2024-11-25 10:32:28
MCMC time 10 mins 

USED COMPONENTS: 29 OF 74 

rel. MC standard error: 0.0133 to 0.0744
eff. sample size: 180 to 5640
needed thinning: 2 to 37
Diagnostics time 0.24 secs 

Total number of iterations 4403 - required further 287 

Chain # 18 - chunk 5 (chain 2 of 4 for this core): increasing by 288 

Iterations: 288 
|-------------|-------------|-------------|-------------|
|-------------------------------------------------------|

Current time: 2024-11-25 10:32:34
MCMC time 11 mins 

USED COMPONENTS: 28 OF 74 

rel. MC standard error: 0.0144 to 0.0794
eff. sample size: 159 to 4810
needed thinning: 2 to 45
Diagnostics time 0.24 secs 

Total number of iterations 4691 - required further 349 

Chain # 18 - chunk 6 (chain 2 of 4 for this core): increasing by 350 

Iterations: 350 
|-------------|-------------|-------------|-------------|
|-------------------------------------------------------|

Current time: 2024-11-25 10:32:43
MCMC time 11 mins 

USED COMPONENTS: 27 OF 74 

rel. MC standard error: 0.013 to 0.0778
eff. sample size: 165 to 5870
needed thinning: 2 to 46
Diagnostics time 0.29 secs 

Total number of iterations 5041 - required further 357 

Chain # 18 - chunk 7 (chain 2 of 4 for this core): increasing by 358 

Iterations: 358 
|-------------|-------------|-------------|-------------|
|-------------------------------------------------------|

Current time: 2024-11-25 10:32:52
MCMC time 11 mins 

USED COMPONENTS: 27 OF 74 

rel. MC standard error: 0.0128 to 0.0751
eff. sample size: 177 to 6100
needed thinning: 2 to 46
Diagnostics time 0.29 secs 

Total number of iterations 5399 - required further 357 

Chain # 18 - chunk 8 (chain 2 of 4 for this core): increasing by 358 

Iterations: 358 
|-------------|-------------|-------------|-------------|
|-------------------------------------------------------|

Current time: 2024-11-25 10:33:00
MCMC time 11 mins 

USED COMPONENTS: 29 OF 74 

rel. MC standard error: 0.0123 to 0.0749
eff. sample size: 178 to 6560
needed thinning: 2 to 49
Diagnostics time 0.3 secs 

Total number of iterations 5757 - required further 380 

Chain # 18 - chunk 9 (chain 2 of 4 for this core): increasing by 381 

Iterations: 381 
|-------------|-------------|-------------|-------------|
|-------------------------------------------------------|

Current time: 2024-11-25 10:33:10
MCMC time 11 mins 

USED COMPONENTS: 28 OF 74 

rel. MC standard error: 0.012 to 0.0731
eff. sample size: 187 to 6950
needed thinning: 2 to 50
Diagnostics time 0.36 secs 

Total number of iterations 6138 - required further 388 

Chain # 18 - chunk 10 (chain 2 of 4 for this core): increasing by 389 

Iterations: 389 
|-------------|-------------|-------------|-------------|
|-------------------------------------------------------|

Current time: 2024-11-25 10:33:19
MCMC time 11 mins 

USED COMPONENTS: 28 OF 74 

rel. MC standard error: 0.012 to 0.0713
eff. sample size: 197 to 6920
needed thinning: 2 to 50
Diagnostics time 0.3 secs 

Total number of iterations 6527 - required further 388 

Chain # 18 - chunk 11 (chain 2 of 4 for this core): increasing by 389 

Iterations: 389 
|-------------|-------------|-------------|-------------|
|-------------------------------------------------------|

Current time: 2024-11-25 10:33:29
MCMC time 11 mins 

USED COMPONENTS: 28 OF 74 

rel. MC standard error: 0.0111 to 0.071
eff. sample size: 198 to 8100
needed thinning: 2 to 53
Diagnostics time 0.89 secs 

Total number of iterations 6916 - required further 411 

Chain # 18 - chunk 12 (chain 2 of 4 for this core): increasing by 412 

Iterations: 412 
|-------------|-------------|-------------|-------------|
|-------------------------------------------------------|

Current time: 2024-11-25 10:33:39
MCMC time 12 mins 

USED COMPONENTS: 26 OF 74 

rel. MC standard error: 0.00991 to 0.0687
eff. sample size: 212 to 10200
needed thinning: 2 to 52
Diagnostics time 0.29 secs 

Total number of iterations 7328 - required further 403 

Chain # 18 - chunk 13 (chain 2 of 4 for this core): increasing by 404 

Iterations: 404 
|-------------|-------------|-------------|-------------|
|-------------------------------------------------------|

Current time: 2024-11-25 10:33:49
MCMC time 12 mins 

USED COMPONENTS: 25 OF 74 

rel. MC standard error: 0.0108 to 0.0671
eff. sample size: 222 to 8570
needed thinning: 2 to 53
Diagnostics time 0.31 secs 

Total number of iterations 7732 - required further 411 

Chain # 18 - chunk 14 (chain 2 of 4 for this core): increasing by 412 

Iterations: 412 
|-------------|-------------|-------------|-------------|
|-------------------------------------------------------|

Current time: 2024-11-25 10:33:59
MCMC time 12 mins 

USED COMPONENTS: 26 OF 74 

rel. MC standard error: 0.00986 to 0.0664
eff. sample size: 227 to 10300
needed thinning: 2 to 54
Diagnostics time 0.31 secs 

Total number of iterations 8144 - required further 419 

Chain # 18 - chunk 15 (chain 2 of 4 for this core): increasing by 420 

Iterations: 420 
|-------------|-------------|-------------|-------------|
|-------------------------------------------------------|

Current time: 2024-11-25 10:34:09
MCMC time 12 mins 

USED COMPONENTS: 25 OF 74 

rel. MC standard error: 0.00989 to 0.0646
eff. sample size: 240 to 10200
needed thinning: 2 to 54
Diagnostics time 0.33 secs 

Total number of iterations 8564 - required further 419 

Chain # 18 - chunk 16 (chain 2 of 4 for this core): increasing by 420 

Iterations: 420 
|-------------|-------------|-------------|-------------|
|-------------------------------------------------------|

Current time: 2024-11-25 10:34:20
MCMC time 12 mins 

USED COMPONENTS: 26 OF 74 

rel. MC standard error: 0.00991 to 0.063
eff. sample size: 252 to 10200
needed thinning: 2 to 54
Diagnostics time 0.32 secs 

Total number of iterations 8984 - required further 419 

Chain # 18 - chunk 17 (chain 2 of 4 for this core): increasing by 420 

Iterations: 420 
|-------------|-------------|-------------|-------------|
|-------------------------------------------------------|

Current time: 2024-11-25 10:34:30
MCMC time 13 mins 

USED COMPONENTS: 26 OF 74 

rel. MC standard error: 0.00975 to 0.0583
eff. sample size: 294 to 10500
needed thinning: 2 to 48
Diagnostics time 0.38 secs 

Total number of iterations 9404 - required further 372 

Chain # 18 - chunk 18 (chain 2 of 4 for this core): increasing by 373 

Iterations: 373 
|-------------|-------------|-------------|-------------|
|-------------------------------------------------------|

Current time: 2024-11-25 10:34:39
MCMC time 13 mins 

USED COMPONENTS: 30 OF 74 

rel. MC standard error: 0.00861 to 0.0635
eff. sample size: 248 to 13500
needed thinning: 2 to 60
Diagnostics time 0.29 secs 

Total number of iterations 9777 - required further 465 

Chain # 18 - chunk 19 (chain 2 of 4 for this core): increasing by 466 

Iterations: 466 
|-------------|-------------|-------------|-------------|
|-------------------------------------------------------|

Current time: 2024-11-25 10:34:50
MCMC time 13 mins 

USED COMPONENTS: 24 OF 74 

rel. MC standard error: 0.0086 to 0.0623
eff. sample size: 258 to 13500
needed thinning: 2 to 60
Diagnostics time 0.37 secs 

Total number of iterations 10243 - required further 465 

Chain # 18 - chunk 20 (chain 2 of 4 for this core): increasing by 466 

Iterations: 466 
|-------------|-------------|-------------|-------------|
|-------------------------------------------------------|

Current time: 2024-11-25 10:35:02
MCMC time 13 mins 

USED COMPONENTS: 24 OF 74 

rel. MC standard error: 0.00917 to 0.0619
eff. sample size: 261 to 11900
needed thinning: 2 to 62
Diagnostics time 0.39 secs 

Total number of iterations 10709 - required further 481 

Chain # 18 - chunk 21 (chain 2 of 4 for this core): increasing by 482 

Iterations: 482 
|-------------|-------------|-------------|-------------|
|-------------------------------------------------------|

Current time: 2024-11-25 10:35:14
MCMC time 13 mins 

USED COMPONENTS: 25 OF 74 

rel. MC standard error: 0.00863 to 0.0607
eff. sample size: 271 to 13400
needed thinning: 2 to 62
Diagnostics time 0.92 secs 

Total number of iterations 11191 - required further 481 

Chain # 18 - chunk 22 (chain 2 of 4 for this core): increasing by 482 

Iterations: 482 
|-------------|-------------|-------------|-------------|
|-------------------------------------------------------|

Current time: 2024-11-25 10:35:26
MCMC time 13 mins 

USED COMPONENTS: 25 OF 74 

rel. MC standard error: 0.0093 to 0.0601
eff. sample size: 277 to 11600
needed thinning: 2 to 64
Diagnostics time 0.36 secs 

Total number of iterations 11673 - required further 496 

Chain # 18 - chunk 23 (chain 2 of 4 for this core): increasing by 497 

Iterations: 497 
|-------------|-------------|-------------|-------------|
|-------------------------------------------------------|

Current time: 2024-11-25 10:35:38
MCMC time 14 mins 

USED COMPONENTS: 25 OF 74 

rel. MC standard error: 0.00842 to 0.058
eff. sample size: 297 to 14100
needed thinning: 2 to 62
Diagnostics time 0.39 secs 

Total number of iterations 12170 - required further 481 

Chain # 18 - chunk 24 (chain 2 of 4 for this core): increasing by 482 

Iterations: 482 
|-------------|-------------|-------------|-------------|
|-------------------------------------------------------|

Current time: 2024-11-25 10:35:50
MCMC time 14 mins 

USED COMPONENTS: 24 OF 74 

rel. MC standard error: 0.00813 to 0.0573
eff. sample size: 304 to 15100
needed thinning: 2 to 63
Diagnostics time 0.39 secs 

Total number of iterations 12652 - required further 488 

Chain # 18 - chunk 25 (chain 2 of 4 for this core): increasing by 489 

Iterations: 489 
|-------------|-------------|-------------|-------------|
|-------------------------------------------------------|

Current time: 2024-11-25 10:36:02
MCMC time 14 mins 

USED COMPONENTS: 25 OF 74 

rel. MC standard error: 0.00882 to 0.0571
eff. sample size: 307 to 12800
needed thinning: 2 to 65
Diagnostics time 0.41 secs 

Total number of iterations 13141 - required further 504 

Chain # 18 - chunk 26 (chain 2 of 4 for this core): increasing by 505 

Iterations: 505 
|-------------|-------------|-------------|-------------|
|-------------------------------------------------------|

Current time: 2024-11-25 10:36:14
MCMC time 14 mins 

USED COMPONENTS: 26 OF 74 

rel. MC standard error: 0.00785 to 0.057
eff. sample size: 308 to 16200
needed thinning: 2 to 67
Diagnostics time 0.92 secs 

Total number of iterations 13646 - required further 519 

Chain # 18 - chunk 27 (chain 2 of 4 for this core): increasing by 520 

Iterations: 520 
|-------------|-------------|-------------|-------------|
|-------------------------------------------------------|

Current time: 2024-11-25 10:36:27
MCMC time 14 mins 

USED COMPONENTS: 25 OF 74 

rel. MC standard error: 0.00793 to 0.0565
eff. sample size: 313 to 15900
needed thinning: 2 to 68
Diagnostics time 0.39 secs 

Total number of iterations 14166 - required further 527 

Chain # 18 - chunk 28 (chain 2 of 4 for this core): increasing by 528 

Iterations: 528 
|-------------|-------------|-------------|-------------|
|-------------------------------------------------------|

Current time: 2024-11-25 10:36:40
MCMC time 15 mins 

USED COMPONENTS: 25 OF 74 

rel. MC standard error: 0.00779 to 0.0541
eff. sample size: 342 to 16500
needed thinning: 2 to 65
Diagnostics time 0.4 secs 

Total number of iterations 14694 - required further 504 

Chain # 18 - chunk 29 (chain 2 of 4 for this core): increasing by 505 

Iterations: 505 
|-------------|-------------|-------------|-------------|
|-------------------------------------------------------|

Current time: 2024-11-25 10:36:52
MCMC time 15 mins 

USED COMPONENTS: 24 OF 74 

rel. MC standard error: 0.00711 to 0.0547
eff. sample size: 334 to 19800
needed thinning: 2 to 69
Diagnostics time 0.72 secs 

Total number of iterations 15199 - required further 535 

Chain # 18 - chunk 30 (chain 2 of 4 for this core): increasing by 536 

Iterations: 536 
|-------------|-------------|-------------|-------------|
|-------------------------------------------------------|

Current time: 2024-11-25 10:37:02
MCMC time 15 mins 

USED COMPONENTS: 26 OF 74 

rel. MC standard error: 0.00733 to 0.0547
eff. sample size: 334 to 18600
needed thinning: 2 to 71
Diagnostics time 0.38 secs 

Total number of iterations 15735 - required further 550 

Chain # 18 - chunk 31 (chain 2 of 4 for this core): increasing by 551 

Iterations: 551 
|-------------|-------------|-------------|-------------|
|-------------------------------------------------------|

Current time: 2024-11-25 10:37:16
MCMC time 15 mins 

USED COMPONENTS: 25 OF 74 

rel. MC standard error: 0.00784 to 0.0519
eff. sample size: 372 to 16300
needed thinning: 2 to 66
Diagnostics time 0.46 secs 

Total number of iterations 16286 - required further 512 

Chain # 18 - chunk 32 (chain 2 of 4 for this core): increasing by 513 

Iterations: 513 
|-------------|-------------|-------------|-------------|
|-------------------------------------------------------|

Current time: 2024-11-25 10:37:28
MCMC time 15 mins 

USED COMPONENTS: 25 OF 74 

rel. MC standard error: 0.00768 to 0.0542
eff. sample size: 340 to 17000
needed thinning: 2 to 75
Diagnostics time 0.43 secs 

Total number of iterations 16799 - required further 581 

Chain # 18 - chunk 33 (chain 2 of 4 for this core): increasing by 582 

Iterations: 582 
|-------------|-------------|-------------|-------------|
|-------------------------------------------------------|

Current time: 2024-11-25 10:37:42
MCMC time 16 mins 

USED COMPONENTS: 25 OF 74 

rel. MC standard error: 0.0079 to 0.0517
eff. sample size: 374 to 16000
needed thinning: 2 to 70
Diagnostics time 0.94 secs 

Total number of iterations 17381 - required further 543 

Chain # 18 - chunk 34 (chain 2 of 4 for this core): increasing by 544 

Iterations: 544 
|-------------|-------------|-------------|-------------|
|-------------------------------------------------------|

Current time: 2024-11-25 10:37:55
MCMC time 16 mins 

USED COMPONENTS: 25 OF 74 

rel. MC standard error: 0.00717 to 0.0522
eff. sample size: 367 to 19400
needed thinning: 2 to 74
Diagnostics time 0.39 secs 

Total number of iterations 17925 - required further 574 

Chain # 18 - chunk 35 (chain 2 of 4 for this core): increasing by 575 

Iterations: 575 
|-------------|-------------|-------------|-------------|
|-------------------------------------------------------|

Current time: 2024-11-25 10:38:09
MCMC time 16 mins 

USED COMPONENTS: 26 OF 74 

rel. MC standard error: 0.00708 to 0.053
eff. sample size: 356 to 20000
needed thinning: 2 to 78
Diagnostics time 0.53 secs 

Total number of iterations 18500 - required further 605 

Chain # 18 - chunk 36 (chain 2 of 4 for this core): increasing by 606 

Iterations: 606 
|-------------|-------------|-------------|-------------|
|-------------------------------------------------------|

Current time: 2024-11-25 10:38:24
MCMC time 16 mins 

USED COMPONENTS: 26 OF 74 

rel. MC standard error: 0.00706 to 0.0535
eff. sample size: 349 to 20100
needed thinning: 2 to 83
Diagnostics time 1 secs 

Total number of iterations 19106 - required further 643 

Chain # 18 - chunk 37 (chain 2 of 4 for this core): increasing by 644 

Iterations: 644 
|-------------|-------------|-------------|-------------|
|-------------------------------------------------------|

Current time: 2024-11-25 10:38:40
MCMC time 17 mins 

USED COMPONENTS: 27 OF 74 

rel. MC standard error: 0.00799 to 0.0522
eff. sample size: 367 to 15700
needed thinning: 2 to 81
Diagnostics time 0.48 secs 

Total number of iterations 19750 - required further 628 

Chain # 18 - chunk 38 (chain 2 of 4 for this core): increasing by 629 

Iterations: 629 
|-------------|-------------|-------------|-------------|
|-------------------------------------------------------|

Current time: 2024-11-25 10:38:56
MCMC time 17 mins 

USED COMPONENTS: 25 OF 74 

rel. MC standard error: 0.00679 to 0.0516
eff. sample size: 376 to 21700
needed thinning: 2 to 82
Diagnostics time 0.46 secs 

Total number of iterations 20379 - required further 636 

Chain # 18 - chunk 39 (chain 2 of 4 for this core): increasing by 637 

Iterations: 637 
|-------------|-------------|-------------|-------------|
|-------------------------------------------------------|

Current time: 2024-11-25 10:39:11
MCMC time 17 mins 

USED COMPONENTS: 25 OF 74 

rel. MC standard error: 0.00756 to 0.0522
eff. sample size: 367 to 17500
needed thinning: 2 to 86
Diagnostics time 0.5 secs 

Total number of iterations 21016 - required further 667 

Chain # 18 - chunk 40 (chain 2 of 4 for this core): increasing by 668 

Iterations: 668 
|-------------|-------------|-------------|-------------|
|-------------------------------------------------------|

Current time: 2024-11-25 10:39:28
MCMC time 17 mins 

USED COMPONENTS: 26 OF 74 

rel. MC standard error: 0.00688 to 0.0504
eff. sample size: 394 to 21100
needed thinning: 2 to 83
Diagnostics time 0.58 secs 

Total number of iterations 21684 - required further 643 

Chain # 18 - chunk 41 (chain 2 of 4 for this core): increasing by 644 

Iterations: 644 
|-------------|-------------|-------------|-------------|
|-------------------------------------------------------|

Current time: 2024-11-25 10:39:44
MCMC time 18 mins 

USED COMPONENTS: 25 OF 74 

rel. MC standard error: 0.00688 to 0.0497
eff. sample size: 404 to 21100
needed thinning: 2 to 83
Diagnostics time 0.46 secs 

Total number of iterations 22328 - required further 0 

Keeping last 60 samples with thinning 83 

Plotting traces and samples.

Current time: 2024-11-25 10:39:47
MCMC + diagnostics time 18 mins 

Chain # 19 (chain 3 of 4 for this core)

Datapoints for testing convergence:
 #3 #8 #23 #24 #26 #41 #44 #60 #71 #83 #90 #98 #113 #121 #123 #157 #160 #168 #188 #196 

Iterations: 3600 
|-------------|-------------|-------------|-------------|
|-------------------------------------------------------|

Current time: 2024-11-25 10:40:55
MCMC time 19 mins 

USED COMPONENTS: 34 OF 74 

rel. MC standard error: 0.016 to 0.0497
eff. sample size: 405 to 3910
needed thinning: 2 to 14
Diagnostics time 1.5 secs 

Total number of iterations 3600 - required further 0 

Keeping last 60 samples with thinning 14 

Plotting traces and samples.

Current time: 2024-11-25 10:40:58
MCMC + diagnostics time 19 mins 

Chain # 20 (chain 4 of 4 for this core)

Datapoints for testing convergence:
 #3 #9 #17 #23 #25 #32 #43 #46 #52 #64 #72 #75 #93 #101 #103 #134 #141 #147 #149 #194 

Iterations: 3600 
|-------------|-------------|-------------|-------------|
|-------------------------------------------------------|

Current time: 2024-11-25 10:41:48
MCMC time 20 mins 

USED COMPONENTS: 34 OF 74 

rel. MC standard error: 0.0176 to 0.063
eff. sample size: 252 to 3210
needed thinning: 2 to 22
Diagnostics time 2.2 secs 

Total number of iterations 3600 - required further 171 

Chain # 20 - chunk 2 (chain 4 of 4 for this core): increasing by 172 

Iterations: 172 
|-------------|-------------|-------------|-------------|
|-------------------------------------------------------|

Current time: 2024-11-25 10:41:54
MCMC time 20 mins 

USED COMPONENTS: 35 OF 74 

rel. MC standard error: 0.0181 to 0.0611
eff. sample size: 268 to 3070
needed thinning: 2 to 22
Diagnostics time 0.093 secs 

Total number of iterations 3772 - required further 171 

Chain # 20 - chunk 3 (chain 4 of 4 for this core): increasing by 172 

Iterations: 172 
|-------------|-------------|-------------|-------------|
|-------------------------------------------------------|

Current time: 2024-11-25 10:41:56
MCMC time 20 mins 

USED COMPONENTS: 33 OF 74 

rel. MC standard error: 0.018 to 0.0592
eff. sample size: 285 to 3090
needed thinning: 2 to 21
Diagnostics time 0.091 secs 

Total number of iterations 3944 - required further 163 

Chain # 20 - chunk 4 (chain 4 of 4 for this core): increasing by 164 

Iterations: 164 
|-------------|-------------|-------------|-------------|
|-------------------------------------------------------|

Current time: 2024-11-25 10:41:58
MCMC time 20 mins 

USED COMPONENTS: 34 OF 74 

rel. MC standard error: 0.0168 to 0.0576
eff. sample size: 301 to 3560
needed thinning: 2 to 21
Diagnostics time 0.12 secs 

Total number of iterations 4108 - required further 163 

Chain # 20 - chunk 5 (chain 4 of 4 for this core): increasing by 164 

Iterations: 164 
|-------------|-------------|-------------|-------------|
|-------------------------------------------------------|

Current time: 2024-11-25 10:42:01
MCMC time 20 mins 

USED COMPONENTS: 34 OF 74 

rel. MC standard error: 0.0154 to 0.0559
eff. sample size: 320 to 4200
needed thinning: 2 to 21
Diagnostics time 0.07 secs 

Total number of iterations 4272 - required further 163 

Chain # 20 - chunk 6 (chain 4 of 4 for this core): increasing by 164 

Iterations: 164 
|-------------|-------------|-------------|-------------|
|-------------------------------------------------------|

Current time: 2024-11-25 10:42:03
MCMC time 20 mins 

USED COMPONENTS: 33 OF 74 

rel. MC standard error: 0.0157 to 0.055
eff. sample size: 330 to 4050
needed thinning: 2 to 21
Diagnostics time 0.072 secs 

Total number of iterations 4436 - required further 163 

Chain # 20 - chunk 7 (chain 4 of 4 for this core): increasing by 164 

Iterations: 164 
|-------------|-------------|-------------|-------------|
|-------------------------------------------------------|

Current time: 2024-11-25 10:42:06
MCMC time 20 mins 

USED COMPONENTS: 32 OF 74 

rel. MC standard error: 0.0154 to 0.0545
eff. sample size: 337 to 4210
needed thinning: 2 to 21
Diagnostics time 0.088 secs 

Total number of iterations 4600 - required further 163 

Chain # 20 - chunk 8 (chain 4 of 4 for this core): increasing by 164 

Iterations: 164 
|-------------|-------------|-------------|-------------|
|-------------------------------------------------------|

Current time: 2024-11-25 10:42:08
MCMC time 20 mins 

USED COMPONENTS: 32 OF 74 

rel. MC standard error: 0.0161 to 0.053
eff. sample size: 356 to 3850
needed thinning: 2 to 21
Diagnostics time 0.1 secs 

Total number of iterations 4764 - required further 163 

Chain # 20 - chunk 9 (chain 4 of 4 for this core): increasing by 164 

Iterations: 164 
|-------------|-------------|-------------|-------------|
|-------------------------------------------------------|

Current time: 2024-11-25 10:42:11
MCMC time 20 mins 

USED COMPONENTS: 34 OF 74 

rel. MC standard error: 0.0155 to 0.0523
eff. sample size: 366 to 4160
needed thinning: 2 to 21
Diagnostics time 0.089 secs 

Total number of iterations 4928 - required further 163 

Chain # 20 - chunk 10 (chain 4 of 4 for this core): increasing by 164 

Iterations: 164 
|-------------|-------------|-------------|-------------|
|-------------------------------------------------------|

Current time: 2024-11-25 10:42:13
MCMC time 20 mins 

USED COMPONENTS: 36 OF 74 

rel. MC standard error: 0.0149 to 0.051
eff. sample size: 385 to 4520
needed thinning: 2 to 20
Diagnostics time 0.088 secs 

Total number of iterations 5092 - required further 155 

Chain # 20 - chunk 11 (chain 4 of 4 for this core): increasing by 156 

Iterations: 156 
|-------------|-------------|-------------|-------------|
|-------------------------------------------------------|

Current time: 2024-11-25 10:42:15
MCMC time 20 mins 

USED COMPONENTS: 34 OF 74 

rel. MC standard error: 0.0145 to 0.0503
eff. sample size: 395 to 4740
needed thinning: 2 to 20
Diagnostics time 0.085 secs 

Total number of iterations 5248 - required further 155 

Chain # 20 - chunk 12 (chain 4 of 4 for this core): increasing by 156 

Iterations: 156 
|-------------|-------------|-------------|-------------|
|-------------------------------------------------------|

Current time: 2024-11-25 10:42:17
MCMC time 20 mins 

USED COMPONENTS: 34 OF 74 

rel. MC standard error: 0.0142 to 0.0494
eff. sample size: 410 to 4990
needed thinning: 2 to 20
Diagnostics time 0.12 secs 

Total number of iterations 5404 - required further 0 

Keeping last 60 samples with thinning 20 

Plotting traces and samples.

Current time: 2024-11-25 10:42:18
MCMC + diagnostics time 20 mins 

Current time: 2024-11-25 10:42:18
Total time 20 mins 
loaded inferno and set parent environment
loaded inferno and set parent environment
loaded inferno and set parent environment
loaded inferno and set parent environment
