Log core 2 - Current time: 2024-11-25 10:20:10
Defining model
Building model
Setting data and initial values
Running calculate on model
  [Note] Any error reports that follow may simply reflect missing values in model variables.
Checking model sizes and dimensions
Compiling
  [Note] This may take a minute.
  [Note] Use 'showCompilerOutput = TRUE' to see C++ compilation details.
===== Monitors =====
thin = 1: Bprob, Rmean, Rvar, W
thin2 = 1: K
===== Samplers =====
conjugate sampler (519)
  - Rmean[]  (148 elements)
  - Rrate[]  (148 elements)
  - Bprob[]  (74 elements)
  - Rvar[]  (148 elements)
  - W[1:74] 
categorical sampler (201)
  - Alpha
  - K[]  (200 elements)
===== Monitors =====
thin = 1: Bprob, Rmean, Rvar, W
thin2 = 1: K
===== Samplers =====
slice sampler (201)
  - Alpha
  - K[]  (200 elements)
conjugate sampler (519)
  - Rmean[]  (148 elements)
  - Rrate[]  (148 elements)
  - Bprob[]  (74 elements)
  - Rvar[]  (148 elements)
  - W[1:74] 
Compiling
  [Note] This may take a minute.
  [Note] Use 'showCompilerOutput = TRUE' to see C++ compilation details.

Setup time 1.8 mins 

Chain # 5 (chain 1 of 4 for this core)

Datapoints for testing convergence:
 #10 #11 #68 #72 #90 #92 #96 #101 #104 #119 #123 #128 #146 #151 #164 #168 #171 #186 #193 #194 

Iterations: 3600 
|-------------|-------------|-------------|-------------|
|-------------------------------------------------------|

Current time: 2024-11-25 10:23:25
MCMC time 1.4 mins 

USED COMPONENTS: 30 OF 74 

rel. MC standard error: 0.0157 to 0.0721
eff. sample size: 192 to 4050
needed thinning: 2 to 29
Diagnostics time 2.9 secs 

Total number of iterations 3600 - required further 225 

Chain # 5 - chunk 2 (chain 1 of 4 for this core): increasing by 226 

Iterations: 226 
|-------------|-------------|-------------|-------------|
|-------------------------------------------------------|

Current time: 2024-11-25 10:23:36
MCMC time 1.6 mins 

USED COMPONENTS: 28 OF 74 

rel. MC standard error: 0.0159 to 0.0706
eff. sample size: 200 to 3940
needed thinning: 2 to 29
Diagnostics time 0.21 secs 

Total number of iterations 3826 - required further 225 

Chain # 5 - chunk 3 (chain 1 of 4 for this core): increasing by 226 

Iterations: 226 
|-------------|-------------|-------------|-------------|
|-------------------------------------------------------|

Current time: 2024-11-25 10:23:41
MCMC time 1.7 mins 

USED COMPONENTS: 28 OF 74 

rel. MC standard error: 0.0133 to 0.0699
eff. sample size: 205 to 5650
needed thinning: 2 to 30
Diagnostics time 0.22 secs 

Total number of iterations 4052 - required further 233 

Chain # 5 - chunk 4 (chain 1 of 4 for this core): increasing by 234 

Iterations: 234 
|-------------|-------------|-------------|-------------|
|-------------------------------------------------------|

Current time: 2024-11-25 10:23:47
MCMC time 1.8 mins 

USED COMPONENTS: 29 OF 74 

rel. MC standard error: 0.013 to 0.0694
eff. sample size: 207 to 5890
needed thinning: 2 to 31
Diagnostics time 0.2 secs 

Total number of iterations 4286 - required further 241 

Chain # 5 - chunk 5 (chain 1 of 4 for this core): increasing by 242 

Iterations: 242 
|-------------|-------------|-------------|-------------|
|-------------------------------------------------------|

Current time: 2024-11-25 10:23:53
MCMC time 1.9 mins 

USED COMPONENTS: 29 OF 74 

rel. MC standard error: 0.0137 to 0.0689
eff. sample size: 211 to 5300
needed thinning: 2 to 33
Diagnostics time 0.22 secs 

Total number of iterations 4528 - required further 256 

Chain # 5 - chunk 6 (chain 1 of 4 for this core): increasing by 257 

Iterations: 257 
|-------------|-------------|-------------|-------------|
|-------------------------------------------------------|

Current time: 2024-11-25 10:23:59
MCMC time 2 mins 

USED COMPONENTS: 29 OF 74 

rel. MC standard error: 0.0132 to 0.0671
eff. sample size: 222 to 5780
needed thinning: 2 to 33
Diagnostics time 0.21 secs 

Total number of iterations 4785 - required further 256 

Chain # 5 - chunk 7 (chain 1 of 4 for this core): increasing by 257 

Iterations: 257 
|-------------|-------------|-------------|-------------|
|-------------------------------------------------------|

Current time: 2024-11-25 10:24:06
MCMC time 2.1 mins 

USED COMPONENTS: 27 OF 74 

rel. MC standard error: 0.0136 to 0.0655
eff. sample size: 233 to 5370
needed thinning: 2 to 33
Diagnostics time 0.81 secs 

Total number of iterations 5042 - required further 256 

Chain # 5 - chunk 8 (chain 1 of 4 for this core): increasing by 257 

Iterations: 257 
|-------------|-------------|-------------|-------------|
|-------------------------------------------------------|

Current time: 2024-11-25 10:24:13
MCMC time 2.2 mins 

USED COMPONENTS: 28 OF 74 

rel. MC standard error: 0.0133 to 0.0632
eff. sample size: 251 to 5620
needed thinning: 2 to 32
Diagnostics time 0.21 secs 

Total number of iterations 5299 - required further 248 

Chain # 5 - chunk 9 (chain 1 of 4 for this core): increasing by 249 

Iterations: 249 
|-------------|-------------|-------------|-------------|
|-------------------------------------------------------|

Current time: 2024-11-25 10:24:19
MCMC time 2.3 mins 

USED COMPONENTS: 27 OF 74 

rel. MC standard error: 0.0123 to 0.0619
eff. sample size: 261 to 6630
needed thinning: 2 to 32
Diagnostics time 0.21 secs 

Total number of iterations 5548 - required further 248 

Chain # 5 - chunk 10 (chain 1 of 4 for this core): increasing by 249 

Iterations: 249 
|-------------|-------------|-------------|-------------|
|-------------------------------------------------------|

Current time: 2024-11-25 10:24:25
MCMC time 2.4 mins 

USED COMPONENTS: 28 OF 74 

rel. MC standard error: 0.0128 to 0.0613
eff. sample size: 266 to 6060
needed thinning: 2 to 33
Diagnostics time 0.2 secs 

Total number of iterations 5797 - required further 256 

Chain # 5 - chunk 11 (chain 1 of 4 for this core): increasing by 257 

Iterations: 257 
|-------------|-------------|-------------|-------------|
|-------------------------------------------------------|

Current time: 2024-11-25 10:24:31
MCMC time 2.5 mins 

USED COMPONENTS: 27 OF 74 

rel. MC standard error: 0.011 to 0.0589
eff. sample size: 288 to 8330
needed thinning: 2 to 32
Diagnostics time 0.18 secs 

Total number of iterations 6054 - required further 248 

Chain # 5 - chunk 12 (chain 1 of 4 for this core): increasing by 249 

Iterations: 249 
|-------------|-------------|-------------|-------------|
|-------------------------------------------------------|

Current time: 2024-11-25 10:24:37
MCMC time 2.6 mins 

USED COMPONENTS: 27 OF 74 

rel. MC standard error: 0.012 to 0.0585
eff. sample size: 292 to 6890
needed thinning: 2 to 33
Diagnostics time 0.21 secs 

Total number of iterations 6303 - required further 256 

Chain # 5 - chunk 13 (chain 1 of 4 for this core): increasing by 257 

Iterations: 257 
|-------------|-------------|-------------|-------------|
|-------------------------------------------------------|

Current time: 2024-11-25 10:24:44
MCMC time 2.7 mins 

USED COMPONENTS: 27 OF 74 

rel. MC standard error: 0.012 to 0.056
eff. sample size: 319 to 6990
needed thinning: 2 to 31
Diagnostics time 0.2 secs 

Total number of iterations 6560 - required further 241 

Chain # 5 - chunk 14 (chain 1 of 4 for this core): increasing by 242 

Iterations: 242 
|-------------|-------------|-------------|-------------|
|-------------------------------------------------------|

Current time: 2024-11-25 10:24:49
MCMC time 2.8 mins 

USED COMPONENTS: 27 OF 74 

rel. MC standard error: 0.0124 to 0.0551
eff. sample size: 329 to 6530
needed thinning: 2 to 31
Diagnostics time 0.22 secs 

Total number of iterations 6802 - required further 241 

Chain # 5 - chunk 15 (chain 1 of 4 for this core): increasing by 242 

Iterations: 242 
|-------------|-------------|-------------|-------------|
|-------------------------------------------------------|

Current time: 2024-11-25 10:24:55
MCMC time 2.9 mins 

USED COMPONENTS: 27 OF 74 

rel. MC standard error: 0.0112 to 0.0536
eff. sample size: 349 to 7990
needed thinning: 2 to 31
Diagnostics time 0.27 secs 

Total number of iterations 7044 - required further 241 

Chain # 5 - chunk 16 (chain 1 of 4 for this core): increasing by 242 

Iterations: 242 
|-------------|-------------|-------------|-------------|
|-------------------------------------------------------|

Current time: 2024-11-25 10:25:01
MCMC time 3 mins 

USED COMPONENTS: 27 OF 74 

rel. MC standard error: 0.0119 to 0.0526
eff. sample size: 361 to 7030
needed thinning: 2 to 31
Diagnostics time 0.21 secs 

Total number of iterations 7286 - required further 241 

Chain # 5 - chunk 17 (chain 1 of 4 for this core): increasing by 242 

Iterations: 242 
|-------------|-------------|-------------|-------------|
|-------------------------------------------------------|

Current time: 2024-11-25 10:25:07
MCMC time 3.1 mins 

USED COMPONENTS: 26 OF 74 

rel. MC standard error: 0.0116 to 0.0517
eff. sample size: 374 to 7420
needed thinning: 2 to 31
Diagnostics time 0.2 secs 

Total number of iterations 7528 - required further 241 

Chain # 5 - chunk 18 (chain 1 of 4 for this core): increasing by 242 

Iterations: 242 
|-------------|-------------|-------------|-------------|
|-------------------------------------------------------|

Current time: 2024-11-25 10:25:13
MCMC time 3.2 mins 

USED COMPONENTS: 26 OF 74 

rel. MC standard error: 0.011 to 0.0505
eff. sample size: 392 to 8330
needed thinning: 2 to 30
Diagnostics time 0.2 secs 

Total number of iterations 7770 - required further 233 

Chain # 5 - chunk 19 (chain 1 of 4 for this core): increasing by 234 

Iterations: 234 
|-------------|-------------|-------------|-------------|
|-------------------------------------------------------|

Current time: 2024-11-25 10:25:19
MCMC time 3.3 mins 

USED COMPONENTS: 27 OF 74 

rel. MC standard error: 0.0113 to 0.0493
eff. sample size: 411 to 7790
needed thinning: 2 to 30
Diagnostics time 0.22 secs 

Total number of iterations 8004 - required further 0 

Keeping last 60 samples with thinning 30 

Plotting traces and samples.

Current time: 2024-11-25 10:25:20
MCMC + diagnostics time 3.3 mins 

Chain # 6 (chain 2 of 4 for this core)

Datapoints for testing convergence:
 #15 #36 #40 #47 #48 #59 #67 #72 #90 #109 #124 #125 #135 #154 #156 #160 #172 #177 #186 #196 

Iterations: 3600 
|-------------|-------------|-------------|-------------|
|-------------------------------------------------------|

Current time: 2024-11-25 10:26:44
MCMC time 4.7 mins 

USED COMPONENTS: 28 OF 74 

rel. MC standard error: 0.0167 to 0.0847
eff. sample size: 139 to 3580
needed thinning: 2 to 39
Diagnostics time 3.2 secs 

Total number of iterations 3600 - required further 303 

Chain # 6 - chunk 2 (chain 2 of 4 for this core): increasing by 304 

Iterations: 304 
|-------------|-------------|-------------|-------------|
|-------------------------------------------------------|

Current time: 2024-11-25 10:26:56
MCMC time 4.9 mins 

USED COMPONENTS: 26 OF 74 

rel. MC standard error: 0.0158 to 0.0841
eff. sample size: 141 to 4000
needed thinning: 2 to 42
Diagnostics time 0.25 secs 

Total number of iterations 3904 - required further 326 

Chain # 6 - chunk 3 (chain 2 of 4 for this core): increasing by 327 

Iterations: 327 
|-------------|-------------|-------------|-------------|
|-------------------------------------------------------|

Current time: 2024-11-25 10:27:04
MCMC time 5.1 mins 

USED COMPONENTS: 27 OF 74 

rel. MC standard error: 0.0161 to 0.0825
eff. sample size: 147 to 3870
needed thinning: 2 to 44
Diagnostics time 0.26 secs 

Total number of iterations 4231 - required further 341 

Chain # 6 - chunk 4 (chain 2 of 4 for this core): increasing by 342 

Iterations: 342 
|-------------|-------------|-------------|-------------|
|-------------------------------------------------------|

Current time: 2024-11-25 10:27:12
MCMC time 5.2 mins 

USED COMPONENTS: 25 OF 74 

rel. MC standard error: 0.0156 to 0.0813
eff. sample size: 151 to 4110
needed thinning: 2 to 46
Diagnostics time 0.27 secs 

Total number of iterations 4573 - required further 357 

Chain # 6 - chunk 5 (chain 2 of 4 for this core): increasing by 358 

Iterations: 358 
|-------------|-------------|-------------|-------------|
|-------------------------------------------------------|

Current time: 2024-11-25 10:27:21
MCMC time 5.3 mins 

USED COMPONENTS: 26 OF 74 

rel. MC standard error: 0.0141 to 0.0814
eff. sample size: 151 to 5050
needed thinning: 2 to 50
Diagnostics time 0.32 secs 

Total number of iterations 4931 - required further 388 

Chain # 6 - chunk 6 (chain 2 of 4 for this core): increasing by 389 

Iterations: 389 
|-------------|-------------|-------------|-------------|
|-------------------------------------------------------|

Current time: 2024-11-25 10:27:30
MCMC time 5.5 mins 

USED COMPONENTS: 26 OF 74 

rel. MC standard error: 0.0129 to 0.0785
eff. sample size: 162 to 6010
needed thinning: 2 to 50
Diagnostics time 0.9 secs 

Total number of iterations 5320 - required further 388 

Chain # 6 - chunk 7 (chain 2 of 4 for this core): increasing by 389 

Iterations: 389 
|-------------|-------------|-------------|-------------|
|-------------------------------------------------------|

Current time: 2024-11-25 10:27:40
MCMC time 5.7 mins 

USED COMPONENTS: 27 OF 74 

rel. MC standard error: 0.0129 to 0.0785
eff. sample size: 162 to 6020
needed thinning: 2 to 53
Diagnostics time 0.32 secs 

Total number of iterations 5709 - required further 411 

Chain # 6 - chunk 8 (chain 2 of 4 for this core): increasing by 412 

Iterations: 412 
|-------------|-------------|-------------|-------------|
|-------------------------------------------------------|

Current time: 2024-11-25 10:27:50
MCMC time 5.8 mins 

USED COMPONENTS: 27 OF 74 

rel. MC standard error: 0.0123 to 0.076
eff. sample size: 173 to 6620
needed thinning: 2 to 54
Diagnostics time 0.32 secs 

Total number of iterations 6121 - required further 419 

Chain # 6 - chunk 9 (chain 2 of 4 for this core): increasing by 420 

Iterations: 420 
|-------------|-------------|-------------|-------------|
|-------------------------------------------------------|

Current time: 2024-11-25 10:28:01
MCMC time 6 mins 

USED COMPONENTS: 26 OF 74 

rel. MC standard error: 0.0122 to 0.0756
eff. sample size: 175 to 6760
needed thinning: 2 to 57
Diagnostics time 0.34 secs 

Total number of iterations 6541 - required further 442 

Chain # 6 - chunk 10 (chain 2 of 4 for this core): increasing by 443 

Iterations: 443 
|-------------|-------------|-------------|-------------|
|-------------------------------------------------------|

Current time: 2024-11-25 10:28:11
MCMC time 6.2 mins 

USED COMPONENTS: 27 OF 74 

rel. MC standard error: 0.0119 to 0.073
eff. sample size: 188 to 7020
needed thinning: 2 to 56
Diagnostics time 0.36 secs 

Total number of iterations 6984 - required further 434 

Chain # 6 - chunk 11 (chain 2 of 4 for this core): increasing by 435 

Iterations: 435 
|-------------|-------------|-------------|-------------|
|-------------------------------------------------------|

Current time: 2024-11-25 10:28:22
MCMC time 6.4 mins 

USED COMPONENTS: 27 OF 74 

rel. MC standard error: 0.0101 to 0.0733
eff. sample size: 186 to 9820
needed thinning: 2 to 60
Diagnostics time 0.39 secs 

Total number of iterations 7419 - required further 465 

Chain # 6 - chunk 12 (chain 2 of 4 for this core): increasing by 466 

Iterations: 466 
|-------------|-------------|-------------|-------------|
|-------------------------------------------------------|

Current time: 2024-11-25 10:28:33
MCMC time 6.6 mins 

USED COMPONENTS: 26 OF 74 

rel. MC standard error: 0.0105 to 0.0711
eff. sample size: 198 to 9130
needed thinning: 2 to 60
Diagnostics time 0.37 secs 

Total number of iterations 7885 - required further 465 

Chain # 6 - chunk 13 (chain 2 of 4 for this core): increasing by 466 

Iterations: 466 
|-------------|-------------|-------------|-------------|
|-------------------------------------------------------|

Current time: 2024-11-25 10:28:45
MCMC time 6.7 mins 

USED COMPONENTS: 27 OF 74 

rel. MC standard error: 0.0107 to 0.0704
eff. sample size: 202 to 8680
needed thinning: 2 to 63
Diagnostics time 0.35 secs 

Total number of iterations 8351 - required further 488 

Chain # 6 - chunk 14 (chain 2 of 4 for this core): increasing by 489 

Iterations: 489 
|-------------|-------------|-------------|-------------|
|-------------------------------------------------------|

Current time: 2024-11-25 10:28:57
MCMC time 6.9 mins 

USED COMPONENTS: 28 OF 74 

rel. MC standard error: 0.0103 to 0.0697
eff. sample size: 206 to 9350
needed thinning: 2 to 65
Diagnostics time 0.44 secs 

Total number of iterations 8840 - required further 504 

Chain # 6 - chunk 15 (chain 2 of 4 for this core): increasing by 505 

Iterations: 505 
|-------------|-------------|-------------|-------------|
|-------------------------------------------------------|

Current time: 2024-11-25 10:29:10
MCMC time 7.2 mins 

USED COMPONENTS: 27 OF 74 

rel. MC standard error: 0.00875 to 0.0672
eff. sample size: 222 to 13100
needed thinning: 2 to 64
Diagnostics time 0.35 secs 

Total number of iterations 9345 - required further 496 

Chain # 6 - chunk 16 (chain 2 of 4 for this core): increasing by 497 

Iterations: 497 
|-------------|-------------|-------------|-------------|
|-------------------------------------------------------|

Current time: 2024-11-25 10:29:22
MCMC time 7.4 mins 

USED COMPONENTS: 27 OF 74 

rel. MC standard error: 0.00954 to 0.0672
eff. sample size: 221 to 11000
needed thinning: 2 to 67
Diagnostics time 0.4 secs 

Total number of iterations 9842 - required further 519 

Chain # 6 - chunk 17 (chain 2 of 4 for this core): increasing by 520 

Iterations: 520 
|-------------|-------------|-------------|-------------|
|-------------------------------------------------------|

Current time: 2024-11-25 10:29:34
MCMC time 7.6 mins 

USED COMPONENTS: 25 OF 74 

rel. MC standard error: 0.00929 to 0.0657
eff. sample size: 232 to 11600
needed thinning: 2 to 68
Diagnostics time 0.37 secs 

Total number of iterations 10362 - required further 527 

Chain # 6 - chunk 18 (chain 2 of 4 for this core): increasing by 528 

Iterations: 528 
|-------------|-------------|-------------|-------------|
|-------------------------------------------------------|

Current time: 2024-11-25 10:29:47
MCMC time 7.8 mins 

USED COMPONENTS: 25 OF 74 

rel. MC standard error: 0.00863 to 0.0649
eff. sample size: 237 to 13400
needed thinning: 2 to 69
Diagnostics time 0.43 secs 

Total number of iterations 10890 - required further 535 

Chain # 6 - chunk 19 (chain 2 of 4 for this core): increasing by 536 

Iterations: 536 
|-------------|-------------|-------------|-------------|
|-------------------------------------------------------|

Current time: 2024-11-25 10:30:01
MCMC time 8 mins 

USED COMPONENTS: 24 OF 74 

rel. MC standard error: 0.00874 to 0.0627
eff. sample size: 254 to 13100
needed thinning: 2 to 68
Diagnostics time 0.45 secs 

Total number of iterations 11426 - required further 527 

Chain # 6 - chunk 20 (chain 2 of 4 for this core): increasing by 528 

Iterations: 528 
|-------------|-------------|-------------|-------------|
|-------------------------------------------------------|

Current time: 2024-11-25 10:30:13
MCMC time 8.2 mins 

USED COMPONENTS: 25 OF 74 

rel. MC standard error: 0.00786 to 0.0626
eff. sample size: 255 to 16200
needed thinning: 2 to 71
Diagnostics time 0.97 secs 

Total number of iterations 11954 - required further 550 

Chain # 6 - chunk 21 (chain 2 of 4 for this core): increasing by 551 

Iterations: 551 
|-------------|-------------|-------------|-------------|
|-------------------------------------------------------|

Current time: 2024-11-25 10:30:28
MCMC time 8.5 mins 

USED COMPONENTS: 25 OF 74 

rel. MC standard error: 0.00815 to 0.0613
eff. sample size: 266 to 15000
needed thinning: 2 to 71
Diagnostics time 0.39 secs 

Total number of iterations 12505 - required further 550 

Chain # 6 - chunk 22 (chain 2 of 4 for this core): increasing by 551 

Iterations: 551 
|-------------|-------------|-------------|-------------|
|-------------------------------------------------------|

Current time: 2024-11-25 10:30:41
MCMC time 8.7 mins 

USED COMPONENTS: 24 OF 74 

rel. MC standard error: 0.00825 to 0.0606
eff. sample size: 272 to 14700
needed thinning: 2 to 73
Diagnostics time 1.1 secs 

Total number of iterations 13056 - required further 566 

Chain # 6 - chunk 23 (chain 2 of 4 for this core): increasing by 567 

Iterations: 567 
|-------------|-------------|-------------|-------------|
|-------------------------------------------------------|

Current time: 2024-11-25 10:30:55
MCMC time 8.9 mins 

USED COMPONENTS: 26 OF 74 

rel. MC standard error: 0.00804 to 0.0586
eff. sample size: 292 to 15500
needed thinning: 2 to 71
Diagnostics time 0.45 secs 

Total number of iterations 13623 - required further 550 

Chain # 6 - chunk 24 (chain 2 of 4 for this core): increasing by 551 

Iterations: 551 
|-------------|-------------|-------------|-------------|
|-------------------------------------------------------|

Current time: 2024-11-25 10:31:09
MCMC time 9.1 mins 

USED COMPONENTS: 26 OF 74 

rel. MC standard error: 0.00787 to 0.0582
eff. sample size: 295 to 16100
needed thinning: 2 to 73
Diagnostics time 0.45 secs 

Total number of iterations 14174 - required further 566 

Chain # 6 - chunk 25 (chain 2 of 4 for this core): increasing by 567 

Iterations: 567 
|-------------|-------------|-------------|-------------|
|-------------------------------------------------------|

Current time: 2024-11-25 10:31:23
MCMC time 9.4 mins 

USED COMPONENTS: 25 OF 74 

rel. MC standard error: 0.00759 to 0.0584
eff. sample size: 293 to 17300
needed thinning: 2 to 76
Diagnostics time 0.4 secs 

Total number of iterations 14741 - required further 589 

Chain # 6 - chunk 26 (chain 2 of 4 for this core): increasing by 590 

Iterations: 590 
|-------------|-------------|-------------|-------------|
|-------------------------------------------------------|

Current time: 2024-11-25 10:31:37
MCMC time 9.6 mins 

USED COMPONENTS: 24 OF 74 

rel. MC standard error: 0.00752 to 0.0573
eff. sample size: 305 to 17700
needed thinning: 2 to 76
Diagnostics time 0.45 secs 

Total number of iterations 15331 - required further 589 

Chain # 6 - chunk 27 (chain 2 of 4 for this core): increasing by 590 

Iterations: 590 
|-------------|-------------|-------------|-------------|
|-------------------------------------------------------|

Current time: 2024-11-25 10:31:52
MCMC time 9.9 mins 

USED COMPONENTS: 24 OF 74 

rel. MC standard error: 0.0067 to 0.0567
eff. sample size: 312 to 22300
needed thinning: 2 to 77
Diagnostics time 0.56 secs 

Total number of iterations 15921 - required further 597 

Chain # 6 - chunk 28 (chain 2 of 4 for this core): increasing by 598 

Iterations: 598 
|-------------|-------------|-------------|-------------|
|-------------------------------------------------------|

Current time: 2024-11-25 10:32:07
MCMC time 10 mins 

USED COMPONENTS: 23 OF 74 

rel. MC standard error: 0.00712 to 0.0555
eff. sample size: 325 to 19700
needed thinning: 2 to 77
Diagnostics time 0.48 secs 

Total number of iterations 16519 - required further 597 

Chain # 6 - chunk 29 (chain 2 of 4 for this core): increasing by 598 

Iterations: 598 
|-------------|-------------|-------------|-------------|
|-------------------------------------------------------|

Current time: 2024-11-25 10:32:22
MCMC time 10 mins 

USED COMPONENTS: 24 OF 74 

rel. MC standard error: 0.00668 to 0.0546
eff. sample size: 336 to 22400
needed thinning: 2 to 77
Diagnostics time 0.54 secs 

Total number of iterations 17117 - required further 597 

Chain # 6 - chunk 30 (chain 2 of 4 for this core): increasing by 598 

Iterations: 598 
|-------------|-------------|-------------|-------------|
|-------------------------------------------------------|

Current time: 2024-11-25 10:32:35
MCMC time 11 mins 

USED COMPONENTS: 24 OF 74 

rel. MC standard error: 0.00707 to 0.0539
eff. sample size: 344 to 20000
needed thinning: 2 to 78
Diagnostics time 0.26 secs 

Total number of iterations 17715 - required further 605 

Chain # 6 - chunk 31 (chain 2 of 4 for this core): increasing by 606 

Iterations: 606 
|-------------|-------------|-------------|-------------|
|-------------------------------------------------------|

Current time: 2024-11-25 10:32:48
MCMC time 11 mins 

USED COMPONENTS: 23 OF 74 

rel. MC standard error: 0.0068 to 0.0537
eff. sample size: 346 to 21700
needed thinning: 2 to 80
Diagnostics time 0.55 secs 

Total number of iterations 18321 - required further 620 

Chain # 6 - chunk 32 (chain 2 of 4 for this core): increasing by 621 

Iterations: 621 
|-------------|-------------|-------------|-------------|
|-------------------------------------------------------|

Current time: 2024-11-25 10:33:02
MCMC time 11 mins 

USED COMPONENTS: 23 OF 74 

rel. MC standard error: 0.00665 to 0.0532
eff. sample size: 354 to 22600
needed thinning: 2 to 81
Diagnostics time 0.28 secs 

Total number of iterations 18942 - required further 628 

Chain # 6 - chunk 33 (chain 2 of 4 for this core): increasing by 629 

Iterations: 629 
|-------------|-------------|-------------|-------------|
|-------------------------------------------------------|

Current time: 2024-11-25 10:33:16
MCMC time 11 mins 

USED COMPONENTS: 23 OF 74 

rel. MC standard error: 0.00714 to 0.0528
eff. sample size: 359 to 19600
needed thinning: 2 to 82
Diagnostics time 0.47 secs 

Total number of iterations 19571 - required further 636 

Chain # 6 - chunk 34 (chain 2 of 4 for this core): increasing by 637 

Iterations: 637 
|-------------|-------------|-------------|-------------|
|-------------------------------------------------------|

Current time: 2024-11-25 10:33:32
MCMC time 12 mins 

USED COMPONENTS: 23 OF 74 

rel. MC standard error: 0.00652 to 0.0519
eff. sample size: 371 to 23600
needed thinning: 2 to 82
Diagnostics time 1 secs 

Total number of iterations 20208 - required further 636 

Chain # 6 - chunk 35 (chain 2 of 4 for this core): increasing by 637 

Iterations: 637 
|-------------|-------------|-------------|-------------|
|-------------------------------------------------------|

Current time: 2024-11-25 10:33:48
MCMC time 12 mins 

USED COMPONENTS: 24 OF 74 

rel. MC standard error: 0.00613 to 0.0511
eff. sample size: 382 to 26600
needed thinning: 2 to 82
Diagnostics time 0.5 secs 

Total number of iterations 20845 - required further 636 

Chain # 6 - chunk 36 (chain 2 of 4 for this core): increasing by 637 

Iterations: 637 
|-------------|-------------|-------------|-------------|
|-------------------------------------------------------|

Current time: 2024-11-25 10:34:04
MCMC time 12 mins 

USED COMPONENTS: 24 OF 74 

rel. MC standard error: 0.00683 to 0.0504
eff. sample size: 393 to 21400
needed thinning: 2 to 82
Diagnostics time 0.54 secs 

Total number of iterations 21482 - required further 636 

Chain # 6 - chunk 37 (chain 2 of 4 for this core): increasing by 637 

Iterations: 637 
|-------------|-------------|-------------|-------------|
|-------------------------------------------------------|

Current time: 2024-11-25 10:34:20
MCMC time 12 mins 

USED COMPONENTS: 25 OF 74 

rel. MC standard error: 0.00609 to 0.0501
eff. sample size: 398 to 26900
needed thinning: 2 to 84
Diagnostics time 1 secs 

Total number of iterations 22119 - required further 651 

Chain # 6 - chunk 38 (chain 2 of 4 for this core): increasing by 652 

Iterations: 652 
|-------------|-------------|-------------|-------------|
|-------------------------------------------------------|

Current time: 2024-11-25 10:34:36
MCMC time 13 mins 

USED COMPONENTS: 24 OF 74 

rel. MC standard error: 0.00646 to 0.0497
eff. sample size: 404 to 24000
needed thinning: 2 to 85
Diagnostics time 0.97 secs 

Total number of iterations 22771 - required further 0 

Keeping last 60 samples with thinning 85 

Plotting traces and samples.

Current time: 2024-11-25 10:34:39
MCMC + diagnostics time 13 mins 

Chain # 7 (chain 3 of 4 for this core)

Datapoints for testing convergence:
 #4 #9 #13 #20 #24 #35 #40 #64 #70 #86 #99 #101 #108 #115 #119 #144 #148 #163 #170 #176 

Iterations: 3600 
|-------------|-------------|-------------|-------------|
|-------------------------------------------------------|

Current time: 2024-11-25 10:36:03
MCMC time 14 mins 

USED COMPONENTS: 30 OF 74 

rel. MC standard error: 0.0188 to 0.0679
eff. sample size: 217 to 2840
needed thinning: 2 to 25
Diagnostics time 3.5 secs 

Total number of iterations 3600 - required further 194 

Chain # 7 - chunk 2 (chain 3 of 4 for this core): increasing by 195 

Iterations: 195 
|-------------|-------------|-------------|-------------|
|-------------------------------------------------------|

Current time: 2024-11-25 10:36:13
MCMC time 14 mins 

USED COMPONENTS: 28 OF 74 

rel. MC standard error: 0.0194 to 0.066
eff. sample size: 230 to 2660
needed thinning: 3 to 25
Diagnostics time 0.17 secs 

Total number of iterations 3795 - required further 194 

Chain # 7 - chunk 3 (chain 3 of 4 for this core): increasing by 195 

Iterations: 195 
|-------------|-------------|-------------|-------------|
|-------------------------------------------------------|

Current time: 2024-11-25 10:36:17
MCMC time 14 mins 

USED COMPONENTS: 29 OF 74 

rel. MC standard error: 0.0184 to 0.0664
eff. sample size: 227 to 2950
needed thinning: 3 to 27
Diagnostics time 0.17 secs 

Total number of iterations 3990 - required further 210 

Chain # 7 - chunk 4 (chain 3 of 4 for this core): increasing by 211 

Iterations: 211 
|-------------|-------------|-------------|-------------|
|-------------------------------------------------------|

Current time: 2024-11-25 10:36:22
MCMC time 14 mins 

USED COMPONENTS: 30 OF 74 

rel. MC standard error: 0.0172 to 0.0671
eff. sample size: 222 to 3390
needed thinning: 2 to 29
Diagnostics time 0.15 secs 

Total number of iterations 4201 - required further 225 

Chain # 7 - chunk 5 (chain 3 of 4 for this core): increasing by 226 

Iterations: 226 
|-------------|-------------|-------------|-------------|
|-------------------------------------------------------|

Current time: 2024-11-25 10:36:28
MCMC time 14 mins 

USED COMPONENTS: 27 OF 74 

rel. MC standard error: 0.0176 to 0.0652
eff. sample size: 235 to 3230
needed thinning: 3 to 29
Diagnostics time 0.18 secs 

Total number of iterations 4427 - required further 225 

Chain # 7 - chunk 6 (chain 3 of 4 for this core): increasing by 226 

Iterations: 226 
|-------------|-------------|-------------|-------------|
|-------------------------------------------------------|

Current time: 2024-11-25 10:36:34
MCMC time 15 mins 

USED COMPONENTS: 27 OF 74 

rel. MC standard error: 0.0161 to 0.0648
eff. sample size: 238 to 3870
needed thinning: 2 to 30
Diagnostics time 0.18 secs 

Total number of iterations 4653 - required further 233 

Chain # 7 - chunk 7 (chain 3 of 4 for this core): increasing by 234 

Iterations: 234 
|-------------|-------------|-------------|-------------|
|-------------------------------------------------------|

Current time: 2024-11-25 10:36:39
MCMC time 15 mins 

USED COMPONENTS: 27 OF 74 

rel. MC standard error: 0.0162 to 0.0643
eff. sample size: 242 to 3830
needed thinning: 2 to 31
Diagnostics time 0.21 secs 

Total number of iterations 4887 - required further 241 

Chain # 7 - chunk 8 (chain 3 of 4 for this core): increasing by 242 

Iterations: 242 
|-------------|-------------|-------------|-------------|
|-------------------------------------------------------|

Current time: 2024-11-25 10:36:45
MCMC time 15 mins 

USED COMPONENTS: 28 OF 74 

rel. MC standard error: 0.0151 to 0.0634
eff. sample size: 249 to 4410
needed thinning: 2 to 31
Diagnostics time 0.27 secs 

Total number of iterations 5129 - required further 241 

Chain # 7 - chunk 9 (chain 3 of 4 for this core): increasing by 242 

Iterations: 242 
|-------------|-------------|-------------|-------------|
|-------------------------------------------------------|

Current time: 2024-11-25 10:36:51
MCMC time 15 mins 

USED COMPONENTS: 27 OF 74 

rel. MC standard error: 0.015 to 0.063
eff. sample size: 252 to 4420
needed thinning: 2 to 33
Diagnostics time 0.2 secs 

Total number of iterations 5371 - required further 256 

Chain # 7 - chunk 10 (chain 3 of 4 for this core): increasing by 257 

Iterations: 257 
|-------------|-------------|-------------|-------------|
|-------------------------------------------------------|

Current time: 2024-11-25 10:36:58
MCMC time 15 mins 

USED COMPONENTS: 26 OF 74 

rel. MC standard error: 0.0136 to 0.0625
eff. sample size: 256 to 5370
needed thinning: 2 to 33
Diagnostics time 0.2 secs 

Total number of iterations 5628 - required further 256 

Chain # 7 - chunk 11 (chain 3 of 4 for this core): increasing by 257 

Iterations: 257 
|-------------|-------------|-------------|-------------|
|-------------------------------------------------------|

Current time: 2024-11-25 10:37:04
MCMC time 15 mins 

USED COMPONENTS: 26 OF 74 

rel. MC standard error: 0.0138 to 0.0617
eff. sample size: 262 to 5260
needed thinning: 2 to 34
Diagnostics time 0.21 secs 

Total number of iterations 5885 - required further 264 

Chain # 7 - chunk 12 (chain 3 of 4 for this core): increasing by 265 

Iterations: 265 
|-------------|-------------|-------------|-------------|
|-------------------------------------------------------|

Current time: 2024-11-25 10:37:10
MCMC time 15 mins 

USED COMPONENTS: 26 OF 74 

rel. MC standard error: 0.0149 to 0.0605
eff. sample size: 273 to 4490
needed thinning: 3 to 34
Diagnostics time 0.24 secs 

Total number of iterations 6150 - required further 264 

Chain # 7 - chunk 13 (chain 3 of 4 for this core): increasing by 265 

Iterations: 265 
|-------------|-------------|-------------|-------------|
|-------------------------------------------------------|

Current time: 2024-11-25 10:37:17
MCMC time 15 mins 

USED COMPONENTS: 27 OF 74 

rel. MC standard error: 0.0136 to 0.0605
eff. sample size: 273 to 5390
needed thinning: 2 to 36
Diagnostics time 0.21 secs 

Total number of iterations 6415 - required further 279 

Chain # 7 - chunk 14 (chain 3 of 4 for this core): increasing by 280 

Iterations: 280 
|-------------|-------------|-------------|-------------|
|-------------------------------------------------------|

Current time: 2024-11-25 10:37:24
MCMC time 15 mins 

USED COMPONENTS: 28 OF 74 

rel. MC standard error: 0.013 to 0.0608
eff. sample size: 271 to 5900
needed thinning: 2 to 38
Diagnostics time 0.25 secs 

Total number of iterations 6695 - required further 295 

Chain # 7 - chunk 15 (chain 3 of 4 for this core): increasing by 296 

Iterations: 296 
|-------------|-------------|-------------|-------------|
|-------------------------------------------------------|

Current time: 2024-11-25 10:37:31
MCMC time 16 mins 

USED COMPONENTS: 26 OF 74 

rel. MC standard error: 0.0135 to 0.0595
eff. sample size: 282 to 5490
needed thinning: 2 to 38
Diagnostics time 0.23 secs 

Total number of iterations 6991 - required further 295 

Chain # 7 - chunk 16 (chain 3 of 4 for this core): increasing by 296 

Iterations: 296 
|-------------|-------------|-------------|-------------|
|-------------------------------------------------------|

Current time: 2024-11-25 10:37:38
MCMC time 16 mins 

USED COMPONENTS: 27 OF 74 

rel. MC standard error: 0.013 to 0.0593
eff. sample size: 284 to 5890
needed thinning: 2 to 39
Diagnostics time 0.25 secs 

Total number of iterations 7287 - required further 303 

Chain # 7 - chunk 17 (chain 3 of 4 for this core): increasing by 304 

Iterations: 304 
|-------------|-------------|-------------|-------------|
|-------------------------------------------------------|

Current time: 2024-11-25 10:37:46
MCMC time 16 mins 

USED COMPONENTS: 27 OF 74 

rel. MC standard error: 0.0124 to 0.0587
eff. sample size: 290 to 6500
needed thinning: 2 to 40
Diagnostics time 0.29 secs 

Total number of iterations 7591 - required further 310 

Chain # 7 - chunk 18 (chain 3 of 4 for this core): increasing by 311 

Iterations: 311 
|-------------|-------------|-------------|-------------|
|-------------------------------------------------------|

Current time: 2024-11-25 10:37:53
MCMC time 16 mins 

USED COMPONENTS: 27 OF 74 

rel. MC standard error: 0.0121 to 0.0568
eff. sample size: 310 to 6850
needed thinning: 2 to 39
Diagnostics time 0.23 secs 

Total number of iterations 7902 - required further 303 

Chain # 7 - chunk 19 (chain 3 of 4 for this core): increasing by 304 

Iterations: 304 
|-------------|-------------|-------------|-------------|
|-------------------------------------------------------|

Current time: 2024-11-25 10:38:01
MCMC time 16 mins 

USED COMPONENTS: 27 OF 74 

rel. MC standard error: 0.0128 to 0.0567
eff. sample size: 311 to 6130
needed thinning: 3 to 40
Diagnostics time 0.26 secs 

Total number of iterations 8206 - required further 310 

Chain # 7 - chunk 20 (chain 3 of 4 for this core): increasing by 311 

Iterations: 311 
|-------------|-------------|-------------|-------------|
|-------------------------------------------------------|

Current time: 2024-11-25 10:38:08
MCMC time 16 mins 

USED COMPONENTS: 28 OF 74 

rel. MC standard error: 0.0111 to 0.0559
eff. sample size: 320 to 8100
needed thinning: 2 to 40
Diagnostics time 0.24 secs 

Total number of iterations 8517 - required further 310 

Chain # 7 - chunk 21 (chain 3 of 4 for this core): increasing by 311 

Iterations: 311 
|-------------|-------------|-------------|-------------|
|-------------------------------------------------------|

Current time: 2024-11-25 10:38:16
MCMC time 16 mins 

USED COMPONENTS: 26 OF 74 

rel. MC standard error: 0.0113 to 0.0554
eff. sample size: 326 to 7860
needed thinning: 2 to 41
Diagnostics time 0.24 secs 

Total number of iterations 8828 - required further 318 

Chain # 7 - chunk 22 (chain 3 of 4 for this core): increasing by 319 

Iterations: 319 
|-------------|-------------|-------------|-------------|
|-------------------------------------------------------|

Current time: 2024-11-25 10:38:24
MCMC time 16 mins 

USED COMPONENTS: 29 OF 74 

rel. MC standard error: 0.0118 to 0.0547
eff. sample size: 334 to 7150
needed thinning: 2 to 42
Diagnostics time 0.27 secs 

Total number of iterations 9147 - required further 326 

Chain # 7 - chunk 23 (chain 3 of 4 for this core): increasing by 327 

Iterations: 327 
|-------------|-------------|-------------|-------------|
|-------------------------------------------------------|

Current time: 2024-11-25 10:38:32
MCMC time 17 mins 

USED COMPONENTS: 28 OF 74 

rel. MC standard error: 0.0114 to 0.0612
eff. sample size: 267 to 7700
needed thinning: 2 to 54
Diagnostics time 0.27 secs 

Total number of iterations 9474 - required further 419 

Chain # 7 - chunk 24 (chain 3 of 4 for this core): increasing by 420 

Iterations: 420 
|-------------|-------------|-------------|-------------|
|-------------------------------------------------------|

Current time: 2024-11-25 10:38:42
MCMC time 17 mins 

USED COMPONENTS: 28 OF 74 

rel. MC standard error: 0.0118 to 0.0652
eff. sample size: 235 to 7240
needed thinning: 3 to 64
Diagnostics time 0.87 secs 

Total number of iterations 9894 - required further 496 

Chain # 7 - chunk 25 (chain 3 of 4 for this core): increasing by 497 

Iterations: 497 
|-------------|-------------|-------------|-------------|
|-------------------------------------------------------|

Current time: 2024-11-25 10:38:54
MCMC time 17 mins 

USED COMPONENTS: 29 OF 74 

rel. MC standard error: 0.0122 to 0.065
eff. sample size: 237 to 6690
needed thinning: 3 to 66
Diagnostics time 0.37 secs 

Total number of iterations 10391 - required further 512 

Chain # 7 - chunk 26 (chain 3 of 4 for this core): increasing by 513 

Iterations: 513 
|-------------|-------------|-------------|-------------|
|-------------------------------------------------------|

Current time: 2024-11-25 10:39:06
MCMC time 17 mins 

USED COMPONENTS: 29 OF 74 

rel. MC standard error: 0.0111 to 0.0639
eff. sample size: 245 to 8150
needed thinning: 3 to 67
Diagnostics time 0.38 secs 

Total number of iterations 10904 - required further 519 

Chain # 7 - chunk 27 (chain 3 of 4 for this core): increasing by 520 

Iterations: 520 
|-------------|-------------|-------------|-------------|
|-------------------------------------------------------|

Current time: 2024-11-25 10:39:19
MCMC time 17 mins 

USED COMPONENTS: 29 OF 74 

rel. MC standard error: 0.0116 to 0.0627
eff. sample size: 255 to 7420
needed thinning: 3 to 68
Diagnostics time 0.37 secs 

Total number of iterations 11424 - required further 527 

Chain # 7 - chunk 28 (chain 3 of 4 for this core): increasing by 528 

Iterations: 528 
|-------------|-------------|-------------|-------------|
|-------------------------------------------------------|

Current time: 2024-11-25 10:39:32
MCMC time 18 mins 

USED COMPONENTS: 29 OF 74 

rel. MC standard error: 0.0107 to 0.0625
eff. sample size: 256 to 8660
needed thinning: 3 to 71
Diagnostics time 0.45 secs 

Total number of iterations 11952 - required further 550 

Chain # 7 - chunk 29 (chain 3 of 4 for this core): increasing by 551 

Iterations: 551 
|-------------|-------------|-------------|-------------|
|-------------------------------------------------------|

Current time: 2024-11-25 10:39:45
MCMC time 18 mins 

USED COMPONENTS: 29 OF 74 

rel. MC standard error: 0.0101 to 0.0634
eff. sample size: 249 to 9780
needed thinning: 2 to 76
Diagnostics time 0.4 secs 

Total number of iterations 12503 - required further 589 

Chain # 7 - chunk 30 (chain 3 of 4 for this core): increasing by 590 

Iterations: 590 
|-------------|-------------|-------------|-------------|
|-------------------------------------------------------|

Current time: 2024-11-25 10:39:59
MCMC time 18 mins 

USED COMPONENTS: 27 OF 74 

rel. MC standard error: 0.0106 to 0.0624
eff. sample size: 257 to 8940
needed thinning: 3 to 77
Diagnostics time 0.44 secs 

Total number of iterations 13093 - required further 597 

Chain # 7 - chunk 31 (chain 3 of 4 for this core): increasing by 598 

Iterations: 598 
|-------------|-------------|-------------|-------------|
|-------------------------------------------------------|

Current time: 2024-11-25 10:40:14
MCMC time 18 mins 

USED COMPONENTS: 28 OF 74 

rel. MC standard error: 0.0107 to 0.0614
eff. sample size: 265 to 8730
needed thinning: 3 to 78
Diagnostics time 0.43 secs 

Total number of iterations 13691 - required further 605 

Chain # 7 - chunk 32 (chain 3 of 4 for this core): increasing by 606 

Iterations: 606 
|-------------|-------------|-------------|-------------|
|-------------------------------------------------------|

Current time: 2024-11-25 10:40:29
MCMC time 18 mins 

USED COMPONENTS: 29 OF 74 

rel. MC standard error: 0.0102 to 0.0602
eff. sample size: 276 to 9660
needed thinning: 3 to 78
Diagnostics time 0.45 secs 

Total number of iterations 14297 - required further 605 

Chain # 7 - chunk 33 (chain 3 of 4 for this core): increasing by 606 

Iterations: 606 
|-------------|-------------|-------------|-------------|
|-------------------------------------------------------|

Current time: 2024-11-25 10:40:43
MCMC time 19 mins 

USED COMPONENTS: 28 OF 74 

rel. MC standard error: 0.0103 to 0.0596
eff. sample size: 281 to 9360
needed thinning: 3 to 80
Diagnostics time 0.45 secs 

Total number of iterations 14903 - required further 620 

Chain # 7 - chunk 34 (chain 3 of 4 for this core): increasing by 621 

Iterations: 621 
|-------------|-------------|-------------|-------------|
|-------------------------------------------------------|

Current time: 2024-11-25 10:40:58
MCMC time 19 mins 

USED COMPONENTS: 28 OF 74 

rel. MC standard error: 0.0105 to 0.0595
eff. sample size: 282 to 9090
needed thinning: 3 to 83
Diagnostics time 1 secs 

Total number of iterations 15524 - required further 643 

Chain # 7 - chunk 35 (chain 3 of 4 for this core): increasing by 644 

Iterations: 644 
|-------------|-------------|-------------|-------------|
|-------------------------------------------------------|

Current time: 2024-11-25 10:41:14
MCMC time 19 mins 

USED COMPONENTS: 28 OF 74 

rel. MC standard error: 0.0101 to 0.0596
eff. sample size: 281 to 9780
needed thinning: 3 to 87
Diagnostics time 0.46 secs 

Total number of iterations 16168 - required further 674 

Chain # 7 - chunk 36 (chain 3 of 4 for this core): increasing by 675 

Iterations: 675 
|-------------|-------------|-------------|-------------|
|-------------------------------------------------------|

Current time: 2024-11-25 10:41:30
MCMC time 20 mins 

USED COMPONENTS: 27 OF 74 

rel. MC standard error: 0.00985 to 0.0591
eff. sample size: 286 to 10300
needed thinning: 3 to 89
Diagnostics time 0.47 secs 

Total number of iterations 16843 - required further 690 

Chain # 7 - chunk 37 (chain 3 of 4 for this core): increasing by 691 

Iterations: 691 
|-------------|-------------|-------------|-------------|
|-------------------------------------------------------|

Current time: 2024-11-25 10:41:47
MCMC time 20 mins 

USED COMPONENTS: 27 OF 74 

rel. MC standard error: 0.00963 to 0.0582
eff. sample size: 295 to 10800
needed thinning: 3 to 90
Diagnostics time 0.48 secs 

Total number of iterations 17534 - required further 698 

Chain # 7 - chunk 38 (chain 3 of 4 for this core): increasing by 699 

Iterations: 699 
|-------------|-------------|-------------|-------------|
|-------------------------------------------------------|

Current time: 2024-11-25 10:42:03
MCMC time 20 mins 

USED COMPONENTS: 26 OF 74 

rel. MC standard error: 0.00943 to 0.0569
eff. sample size: 309 to 11200
needed thinning: 3 to 89
Diagnostics time 0.3 secs 

Total number of iterations 18233 - required further 690 

Chain # 7 - chunk 39 (chain 3 of 4 for this core): increasing by 691 

Iterations: 691 
|-------------|-------------|-------------|-------------|
|-------------------------------------------------------|

Current time: 2024-11-25 10:42:13
MCMC time 20 mins 

USED COMPONENTS: 26 OF 74 

rel. MC standard error: 0.00914 to 0.0562
eff. sample size: 316 to 12000
needed thinning: 3 to 90
Diagnostics time 0.31 secs 

Total number of iterations 18924 - required further 698 

Chain # 7 - chunk 40 (chain 3 of 4 for this core): increasing by 699 

Iterations: 699 
|-------------|-------------|-------------|-------------|
|-------------------------------------------------------|

Current time: 2024-11-25 10:42:24
MCMC time 20 mins 

USED COMPONENTS: 25 OF 74 

rel. MC standard error: 0.00821 to 0.0556
eff. sample size: 323 to 14800
needed thinning: 2 to 92
Diagnostics time 0.75 secs 

Total number of iterations 19623 - required further 713 

Chain # 7 - chunk 41 (chain 3 of 4 for this core): increasing by 714 

Iterations: 714 
|-------------|-------------|-------------|-------------|
|-------------------------------------------------------|

Current time: 2024-11-25 10:42:34
MCMC time 21 mins 

USED COMPONENTS: 27 OF 74 

rel. MC standard error: 0.0085 to 0.0547
eff. sample size: 335 to 13800
needed thinning: 3 to 92
Diagnostics time 0.28 secs 

Total number of iterations 20337 - required further 713 

Chain # 7 - chunk 42 (chain 3 of 4 for this core): increasing by 714 

Iterations: 714 
|-------------|-------------|-------------|-------------|
|-------------------------------------------------------|

Current time: 2024-11-25 10:42:45
MCMC time 21 mins 

USED COMPONENTS: 27 OF 74 

rel. MC standard error: 0.00845 to 0.0538
eff. sample size: 345 to 14000
needed thinning: 3 to 92
Diagnostics time 0.72 secs 

Total number of iterations 21051 - required further 713 

Chain # 7 - chunk 43 (chain 3 of 4 for this core): increasing by 714 

Iterations: 714 
|-------------|-------------|-------------|-------------|
|-------------------------------------------------------|

Current time: 2024-11-25 10:42:55
MCMC time 21 mins 

USED COMPONENTS: 26 OF 74 

rel. MC standard error: 0.0086 to 0.053
eff. sample size: 356 to 13500
needed thinning: 3 to 92
Diagnostics time 0.3 secs 

Total number of iterations 21765 - required further 713 

Chain # 7 - chunk 44 (chain 3 of 4 for this core): increasing by 714 

Iterations: 714 
|-------------|-------------|-------------|-------------|
|-------------------------------------------------------|

Current time: 2024-11-25 10:43:05
MCMC time 21 mins 

USED COMPONENTS: 27 OF 74 

rel. MC standard error: 0.00881 to 0.0524
eff. sample size: 364 to 12900
needed thinning: 3 to 93
Diagnostics time 0.32 secs 

Total number of iterations 22479 - required further 721 

Chain # 7 - chunk 45 (chain 3 of 4 for this core): increasing by 722 

Iterations: 722 
|-------------|-------------|-------------|-------------|
|-------------------------------------------------------|

Current time: 2024-11-25 10:43:16
MCMC time 21 mins 

USED COMPONENTS: 28 OF 74 

rel. MC standard error: 0.00797 to 0.0521
eff. sample size: 368 to 15700
needed thinning: 3 to 95
Diagnostics time 0.66 secs 

Total number of iterations 23201 - required further 736 

Chain # 7 - chunk 46 (chain 3 of 4 for this core): increasing by 737 

Iterations: 737 
|-------------|-------------|-------------|-------------|
|-------------------------------------------------------|

Current time: 2024-11-25 10:43:27
MCMC time 21 mins 

USED COMPONENTS: 28 OF 74 

rel. MC standard error: 0.00803 to 0.0518
eff. sample size: 373 to 15500
needed thinning: 3 to 97
Diagnostics time 0.36 secs 

Total number of iterations 23938 - required further 752 

Chain # 7 - chunk 47 (chain 3 of 4 for this core): increasing by 753 

Iterations: 753 
|-------------|-------------|-------------|-------------|
|-------------------------------------------------------|

Current time: 2024-11-25 10:43:38
MCMC time 22 mins 

USED COMPONENTS: 28 OF 74 

rel. MC standard error: 0.00791 to 0.0519
eff. sample size: 371 to 16000
needed thinning: 3 to 100
Diagnostics time 0.34 secs 

Total number of iterations 24691 - required further 775 

Chain # 7 - chunk 48 (chain 3 of 4 for this core): increasing by 776 

Iterations: 776 
|-------------|-------------|-------------|-------------|
|-------------------------------------------------------|

Current time: 2024-11-25 10:43:49
MCMC time 22 mins 

USED COMPONENTS: 26 OF 74 

rel. MC standard error: 0.00794 to 0.0515
eff. sample size: 376 to 15900
needed thinning: 3 to 102
Diagnostics time 0.32 secs 

Total number of iterations 25467 - required further 791 

Chain # 7 - chunk 49 (chain 3 of 4 for this core): increasing by 792 

Iterations: 792 
|-------------|-------------|-------------|-------------|
|-------------------------------------------------------|

Current time: 2024-11-25 10:44:00
MCMC time 22 mins 

USED COMPONENTS: 27 OF 74 

rel. MC standard error: 0.00754 to 0.0514
eff. sample size: 378 to 17600
needed thinning: 3 to 105
Diagnostics time 0.76 secs 

Total number of iterations 26259 - required further 814 

Chain # 7 - chunk 50 (chain 3 of 4 for this core): increasing by 815 

Iterations: 815 
|-------------|-------------|-------------|-------------|
|-------------------------------------------------------|

Current time: 2024-11-25 10:44:13
MCMC time 22 mins 

USED COMPONENTS: 27 OF 74 

rel. MC standard error: 0.00714 to 0.0509
eff. sample size: 385 to 19600
needed thinning: 3 to 106
Diagnostics time 0.37 secs 

Total number of iterations 27074 - required further 822 

Chain # 7 - chunk 51 (chain 3 of 4 for this core): increasing by 823 

Iterations: 823 
|-------------|-------------|-------------|-------------|
|-------------------------------------------------------|

Current time: 2024-11-25 10:44:24
MCMC time 22 mins 

USED COMPONENTS: 27 OF 74 

rel. MC standard error: 0.00718 to 0.0509
eff. sample size: 387 to 19400
needed thinning: 3 to 109
Diagnostics time 0.73 secs 

Total number of iterations 27897 - required further 845 

Chain # 7 - chunk 52 (chain 3 of 4 for this core): increasing by 846 

Iterations: 846 
|-------------|-------------|-------------|-------------|
|-------------------------------------------------------|

Current time: 2024-11-25 10:44:37
MCMC time 23 mins 

USED COMPONENTS: 27 OF 74 

rel. MC standard error: 0.00725 to 0.0504
eff. sample size: 394 to 19000
needed thinning: 3 to 110
Diagnostics time 0.36 secs 

Total number of iterations 28743 - required further 853 

Chain # 7 - chunk 53 (chain 3 of 4 for this core): increasing by 854 

Iterations: 854 
|-------------|-------------|-------------|-------------|
|-------------------------------------------------------|

Current time: 2024-11-25 10:44:49
MCMC time 23 mins 

USED COMPONENTS: 27 OF 74 

rel. MC standard error: 0.00708 to 0.0501
eff. sample size: 399 to 19900
needed thinning: 3 to 112
Diagnostics time 0.36 secs 

Total number of iterations 29597 - required further 868 

Chain # 7 - chunk 54 (chain 3 of 4 for this core): increasing by 869 

Iterations: 869 
|-------------|-------------|-------------|-------------|
|-------------------------------------------------------|

Current time: 2024-11-25 10:45:02
MCMC time 23 mins 

USED COMPONENTS: 26 OF 74 

rel. MC standard error: 0.00705 to 0.0498
eff. sample size: 403 to 20100
needed thinning: 3 to 114
Diagnostics time 0.33 secs 

Total number of iterations 30466 - required further 0 

Keeping last 60 samples with thinning 114 

Plotting traces and samples.

Current time: 2024-11-25 10:45:04
MCMC + diagnostics time 23 mins 

Chain # 8 (chain 4 of 4 for this core)

Datapoints for testing convergence:
 #3 #4 #6 #12 #17 #21 #28 #29 #57 #76 #83 #92 #103 #107 #108 #120 #130 #158 #179 #184 

Iterations: 3600 
|-------------|-------------|-------------|-------------|
|-------------------------------------------------------|

Current time: 2024-11-25 10:45:53
MCMC time 24 mins 

USED COMPONENTS: 23 OF 74 

rel. MC standard error: 0.0169 to 0.0658
eff. sample size: 231 to 3520
needed thinning: 2 to 24
Diagnostics time 1.5 secs 

Total number of iterations 3600 - required further 186 

Chain # 8 - chunk 2 (chain 4 of 4 for this core): increasing by 187 

Iterations: 187 
|-------------|-------------|-------------|-------------|
|-------------------------------------------------------|

Current time: 2024-11-25 10:45:57
MCMC time 24 mins 

USED COMPONENTS: 23 OF 74 

rel. MC standard error: 0.0164 to 0.064
eff. sample size: 244 to 3710
needed thinning: 2 to 24
Diagnostics time 0.1 secs 

Total number of iterations 3787 - required further 186 

Chain # 8 - chunk 3 (chain 4 of 4 for this core): increasing by 187 

Iterations: 187 
|-------------|-------------|-------------|-------------|
|-------------------------------------------------------|

Current time: 2024-11-25 10:46:00
MCMC time 24 mins 

USED COMPONENTS: 22 OF 74 

rel. MC standard error: 0.0153 to 0.0669
eff. sample size: 224 to 4260
needed thinning: 2 to 27
Diagnostics time 0.1 secs 

Total number of iterations 3974 - required further 210 

Chain # 8 - chunk 4 (chain 4 of 4 for this core): increasing by 211 

Iterations: 211 
|-------------|-------------|-------------|-------------|
|-------------------------------------------------------|

Current time: 2024-11-25 10:46:03
MCMC time 24 mins 

USED COMPONENTS: 23 OF 74 

rel. MC standard error: 0.0148 to 0.0655
eff. sample size: 233 to 4560
needed thinning: 2 to 27
Diagnostics time 0.12 secs 

Total number of iterations 4185 - required further 210 

Chain # 8 - chunk 5 (chain 4 of 4 for this core): increasing by 211 

Iterations: 211 
|-------------|-------------|-------------|-------------|
|-------------------------------------------------------|

Current time: 2024-11-25 10:46:06
MCMC time 24 mins 

USED COMPONENTS: 24 OF 74 

rel. MC standard error: 0.0153 to 0.0604
eff. sample size: 274 to 4260
needed thinning: 2 to 25
Diagnostics time 0.13 secs 

Total number of iterations 4396 - required further 194 

Chain # 8 - chunk 6 (chain 4 of 4 for this core): increasing by 195 

Iterations: 195 
|-------------|-------------|-------------|-------------|
|-------------------------------------------------------|

Current time: 2024-11-25 10:46:09
MCMC time 24 mins 

USED COMPONENTS: 25 OF 74 

rel. MC standard error: 0.0144 to 0.077
eff. sample size: 169 to 4840
needed thinning: 2 to 41
Diagnostics time 0.1 secs 

Total number of iterations 4591 - required further 699 

Chain # 8 - chunk 7 (chain 4 of 4 for this core): increasing by 700 

Iterations: 700 
|-------------|-------------|-------------|-------------|
|-------------------------------------------------------|

Current time: 2024-11-25 10:46:18
MCMC time 24 mins 

USED COMPONENTS: 25 OF 74 

rel. MC standard error: 0.0136 to 0.0749
eff. sample size: 178 to 5380
needed thinning: 2 to 45
Diagnostics time 0.72 secs 

Total number of iterations 5291 - required further 349 

Chain # 8 - chunk 8 (chain 4 of 4 for this core): increasing by 350 

Iterations: 350 
|-------------|-------------|-------------|-------------|
|-------------------------------------------------------|

Current time: 2024-11-25 10:46:24
MCMC time 24 mins 

USED COMPONENTS: 23 OF 74 

rel. MC standard error: 0.0138 to 0.0731
eff. sample size: 187 to 5260
needed thinning: 2 to 46
Diagnostics time 0.15 secs 

Total number of iterations 5641 - required further 357 

Chain # 8 - chunk 9 (chain 4 of 4 for this core): increasing by 358 

Iterations: 358 
|-------------|-------------|-------------|-------------|
|-------------------------------------------------------|

Current time: 2024-11-25 10:46:29
MCMC time 24 mins 

USED COMPONENTS: 26 OF 74 

rel. MC standard error: 0.0146 to 0.0734
eff. sample size: 186 to 4720
needed thinning: 2 to 49
Diagnostics time 0.14 secs 

Total number of iterations 5999 - required further 380 

Chain # 8 - chunk 10 (chain 4 of 4 for this core): increasing by 381 

Iterations: 381 
|-------------|-------------|-------------|-------------|
|-------------------------------------------------------|

Current time: 2024-11-25 10:46:34
MCMC time 25 mins 

USED COMPONENTS: 24 OF 74 

rel. MC standard error: 0.0132 to 0.0788
eff. sample size: 161 to 5730
needed thinning: 2 to 60
Diagnostics time 0.15 secs 

Total number of iterations 6380 - required further 465 

Chain # 8 - chunk 11 (chain 4 of 4 for this core): increasing by 466 

Iterations: 466 
|-------------|-------------|-------------|-------------|
|-------------------------------------------------------|

Current time: 2024-11-25 10:46:40
MCMC time 25 mins 

USED COMPONENTS: 22 OF 74 

rel. MC standard error: 0.013 to 0.079
eff. sample size: 160 to 5910
needed thinning: 2 to 65
Diagnostics time 0.19 secs 

Total number of iterations 6846 - required further 504 

Chain # 8 - chunk 12 (chain 4 of 4 for this core): increasing by 505 

Iterations: 505 
|-------------|-------------|-------------|-------------|
|-------------------------------------------------------|

Current time: 2024-11-25 10:46:47
MCMC time 25 mins 

USED COMPONENTS: 22 OF 74 

rel. MC standard error: 0.0129 to 0.0778
eff. sample size: 165 to 6010
needed thinning: 2 to 67
Diagnostics time 0.21 secs 

Total number of iterations 7351 - required further 519 

Chain # 8 - chunk 13 (chain 4 of 4 for this core): increasing by 520 

Iterations: 520 
|-------------|-------------|-------------|-------------|
|-------------------------------------------------------|

Current time: 2024-11-25 10:46:55
MCMC time 25 mins 

USED COMPONENTS: 22 OF 74 

rel. MC standard error: 0.0109 to 0.0754
eff. sample size: 176 to 8440
needed thinning: 2 to 68
Diagnostics time 0.19 secs 

Total number of iterations 7871 - required further 527 

Chain # 8 - chunk 14 (chain 4 of 4 for this core): increasing by 528 

Iterations: 528 
|-------------|-------------|-------------|-------------|
|-------------------------------------------------------|

Current time: 2024-11-25 10:47:02
MCMC time 25 mins 

USED COMPONENTS: 21 OF 74 

rel. MC standard error: 0.0114 to 0.0744
eff. sample size: 181 to 7710
needed thinning: 2 to 70
Diagnostics time 0.23 secs 

Total number of iterations 8399 - required further 543 

Chain # 8 - chunk 15 (chain 4 of 4 for this core): increasing by 544 

Iterations: 544 
|-------------|-------------|-------------|-------------|
|-------------------------------------------------------|

Current time: 2024-11-25 10:47:09
MCMC time 25 mins 

USED COMPONENTS: 23 OF 74 

rel. MC standard error: 0.0104 to 0.0716
eff. sample size: 195 to 9200
needed thinning: 2 to 69
Diagnostics time 0.25 secs 

Total number of iterations 8943 - required further 535 

Chain # 8 - chunk 16 (chain 4 of 4 for this core): increasing by 536 

Iterations: 536 
|-------------|-------------|-------------|-------------|
|-------------------------------------------------------|

Current time: 2024-11-25 10:47:17
MCMC time 25 mins 

USED COMPONENTS: 24 OF 74 

rel. MC standard error: 0.0098 to 0.0711
eff. sample size: 198 to 10400
needed thinning: 2 to 72
Diagnostics time 0.21 secs 

Total number of iterations 9479 - required further 558 

Chain # 8 - chunk 17 (chain 4 of 4 for this core): increasing by 559 

Iterations: 559 
|-------------|-------------|-------------|-------------|
|-------------------------------------------------------|

Current time: 2024-11-25 10:47:25
MCMC time 25 mins 

USED COMPONENTS: 23 OF 74 

rel. MC standard error: 0.00939 to 0.0702
eff. sample size: 203 to 11300
needed thinning: 2 to 75
Diagnostics time 0.24 secs 

Total number of iterations 10038 - required further 581 

Chain # 8 - chunk 18 (chain 4 of 4 for this core): increasing by 582 

Iterations: 582 
|-------------|-------------|-------------|-------------|
|-------------------------------------------------------|

Current time: 2024-11-25 10:47:33
MCMC time 26 mins 

USED COMPONENTS: 22 OF 74 

rel. MC standard error: 0.01 to 0.0691
eff. sample size: 210 to 9950
needed thinning: 2 to 77
Diagnostics time 0.22 secs 

Total number of iterations 10620 - required further 597 

Chain # 8 - chunk 19 (chain 4 of 4 for this core): increasing by 598 

Iterations: 598 
|-------------|-------------|-------------|-------------|
|-------------------------------------------------------|

Current time: 2024-11-25 10:47:41
MCMC time 26 mins 

USED COMPONENTS: 22 OF 74 

rel. MC standard error: 0.0104 to 0.068
eff. sample size: 216 to 9210
needed thinning: 2 to 78
Diagnostics time 0.28 secs 

Total number of iterations 11218 - required further 605 

Chain # 8 - chunk 20 (chain 4 of 4 for this core): increasing by 606 

Iterations: 606 
|-------------|-------------|-------------|-------------|
|-------------------------------------------------------|

Current time: 2024-11-25 10:47:50
MCMC time 26 mins 

USED COMPONENTS: 21 OF 74 

rel. MC standard error: 0.0103 to 0.0669
eff. sample size: 223 to 9430
needed thinning: 2 to 80
Diagnostics time 0.73 secs 

Total number of iterations 11824 - required further 620 

Chain # 8 - chunk 21 (chain 4 of 4 for this core): increasing by 621 

Iterations: 621 
|-------------|-------------|-------------|-------------|
|-------------------------------------------------------|

Current time: 2024-11-25 10:47:59
MCMC time 26 mins 

USED COMPONENTS: 21 OF 74 

rel. MC standard error: 0.00971 to 0.0663
eff. sample size: 228 to 10600
needed thinning: 2 to 82
Diagnostics time 0.24 secs 

Total number of iterations 12445 - required further 636 

Chain # 8 - chunk 22 (chain 4 of 4 for this core): increasing by 637 

Iterations: 637 
|-------------|-------------|-------------|-------------|
|-------------------------------------------------------|

Current time: 2024-11-25 10:48:08
MCMC time 26 mins 

USED COMPONENTS: 21 OF 74 

rel. MC standard error: 0.00936 to 0.066
eff. sample size: 229 to 11400
needed thinning: 2 to 86
Diagnostics time 0.26 secs 

Total number of iterations 13082 - required further 667 

Chain # 8 - chunk 23 (chain 4 of 4 for this core): increasing by 668 

Iterations: 668 
|-------------|-------------|-------------|-------------|
|-------------------------------------------------------|

Current time: 2024-11-25 10:48:17
MCMC time 26 mins 

USED COMPONENTS: 22 OF 74 

rel. MC standard error: 0.00877 to 0.0643
eff. sample size: 242 to 13000
needed thinning: 2 to 86
Diagnostics time 0.27 secs 

Total number of iterations 13750 - required further 667 

Chain # 8 - chunk 24 (chain 4 of 4 for this core): increasing by 668 

Iterations: 668 
|-------------|-------------|-------------|-------------|
|-------------------------------------------------------|

Current time: 2024-11-25 10:48:26
MCMC time 26 mins 

USED COMPONENTS: 21 OF 74 

rel. MC standard error: 0.00899 to 0.0639
eff. sample size: 245 to 12400
needed thinning: 2 to 89
Diagnostics time 0.27 secs 

Total number of iterations 14418 - required further 690 

Chain # 8 - chunk 25 (chain 4 of 4 for this core): increasing by 691 

Iterations: 691 
|-------------|-------------|-------------|-------------|
|-------------------------------------------------------|

Current time: 2024-11-25 10:48:36
MCMC time 27 mins 

USED COMPONENTS: 22 OF 74 

rel. MC standard error: 0.0086 to 0.0616
eff. sample size: 264 to 13500
needed thinning: 2 to 86
Diagnostics time 0.26 secs 

Total number of iterations 15109 - required further 667 

Chain # 8 - chunk 26 (chain 4 of 4 for this core): increasing by 668 

Iterations: 668 
|-------------|-------------|-------------|-------------|
|-------------------------------------------------------|

Current time: 2024-11-25 10:48:45
MCMC time 27 mins 

USED COMPONENTS: 23 OF 74 

rel. MC standard error: 0.00858 to 0.0613
eff. sample size: 266 to 13600
needed thinning: 2 to 89
Diagnostics time 0.28 secs 

Total number of iterations 15777 - required further 690 

Chain # 8 - chunk 27 (chain 4 of 4 for this core): increasing by 691 

Iterations: 691 
|-------------|-------------|-------------|-------------|
|-------------------------------------------------------|

Current time: 2024-11-25 10:48:55
MCMC time 27 mins 

USED COMPONENTS: 20 OF 74 

rel. MC standard error: 0.00871 to 0.0613
eff. sample size: 266 to 13200
needed thinning: 2 to 93
Diagnostics time 0.31 secs 

Total number of iterations 16468 - required further 721 

Chain # 8 - chunk 28 (chain 4 of 4 for this core): increasing by 722 

Iterations: 722 
|-------------|-------------|-------------|-------------|
|-------------------------------------------------------|

Current time: 2024-11-25 10:49:05
MCMC time 27 mins 

USED COMPONENTS: 21 OF 74 

rel. MC standard error: 0.00822 to 0.0617
eff. sample size: 263 to 14800
needed thinning: 2 to 99
Diagnostics time 0.7 secs 

Total number of iterations 17190 - required further 767 

Chain # 8 - chunk 29 (chain 4 of 4 for this core): increasing by 768 

Iterations: 768 
|-------------|-------------|-------------|-------------|
|-------------------------------------------------------|

Current time: 2024-11-25 10:49:16
MCMC time 27 mins 

USED COMPONENTS: 21 OF 74 

rel. MC standard error: 0.00762 to 0.0617
eff. sample size: 263 to 17200
needed thinning: 2 to 103
Diagnostics time 0.31 secs 

Total number of iterations 17958 - required further 798 

Chain # 8 - chunk 30 (chain 4 of 4 for this core): increasing by 799 

Iterations: 799 
|-------------|-------------|-------------|-------------|
|-------------------------------------------------------|

Current time: 2024-11-25 10:49:27
MCMC time 27 mins 

USED COMPONENTS: 21 OF 74 

rel. MC standard error: 0.00948 to 0.0616
eff. sample size: 264 to 11100
needed thinning: 3 to 107
Diagnostics time 0.32 secs 

Total number of iterations 18757 - required further 829 

Chain # 8 - chunk 31 (chain 4 of 4 for this core): increasing by 830 

Iterations: 830 
|-------------|-------------|-------------|-------------|
|-------------------------------------------------------|

Current time: 2024-11-25 10:49:39
MCMC time 28 mins 

USED COMPONENTS: 22 OF 74 

rel. MC standard error: 0.00913 to 0.0611
eff. sample size: 268 to 12000
needed thinning: 3 to 110
Diagnostics time 0.37 secs 

Total number of iterations 19587 - required further 853 

Chain # 8 - chunk 32 (chain 4 of 4 for this core): increasing by 854 

Iterations: 854 
|-------------|-------------|-------------|-------------|
|-------------------------------------------------------|

Current time: 2024-11-25 10:49:51
MCMC time 28 mins 

USED COMPONENTS: 21 OF 74 

rel. MC standard error: 0.00923 to 0.0596
eff. sample size: 282 to 11700
needed thinning: 3 to 109
Diagnostics time 0.75 secs 

Total number of iterations 20441 - required further 845 

Chain # 8 - chunk 33 (chain 4 of 4 for this core): increasing by 846 

Iterations: 846 
|-------------|-------------|-------------|-------------|
|-------------------------------------------------------|

Current time: 2024-11-25 10:50:03
MCMC time 28 mins 

USED COMPONENTS: 21 OF 74 

rel. MC standard error: 0.00875 to 0.0596
eff. sample size: 281 to 13100
needed thinning: 3 to 114
Diagnostics time 0.35 secs 

Total number of iterations 21287 - required further 884 

Chain # 8 - chunk 34 (chain 4 of 4 for this core): increasing by 885 

Iterations: 885 
|-------------|-------------|-------------|-------------|
|-------------------------------------------------------|

Current time: 2024-11-25 10:50:16
MCMC time 28 mins 

USED COMPONENTS: 21 OF 74 

rel. MC standard error: 0.00885 to 0.0589
eff. sample size: 288 to 12800
needed thinning: 3 to 116
Diagnostics time 0.35 secs 

Total number of iterations 22172 - required further 899 

Chain # 8 - chunk 35 (chain 4 of 4 for this core): increasing by 900 

Iterations: 900 
|-------------|-------------|-------------|-------------|
|-------------------------------------------------------|

Current time: 2024-11-25 10:50:29
MCMC time 28 mins 

USED COMPONENTS: 21 OF 74 

rel. MC standard error: 0.00864 to 0.0582
eff. sample size: 295 to 13400
needed thinning: 3 to 118
Diagnostics time 0.32 secs 

Total number of iterations 23072 - required further 915 

Chain # 8 - chunk 36 (chain 4 of 4 for this core): increasing by 916 

Iterations: 916 
|-------------|-------------|-------------|-------------|
|-------------------------------------------------------|

Current time: 2024-11-25 10:50:41
MCMC time 29 mins 

USED COMPONENTS: 21 OF 74 

rel. MC standard error: 0.00829 to 0.0584
eff. sample size: 293 to 14600
needed thinning: 3 to 123
Diagnostics time 0.74 secs 

Total number of iterations 23988 - required further 953 

Chain # 8 - chunk 37 (chain 4 of 4 for this core): increasing by 954 

Iterations: 954 
|-------------|-------------|-------------|-------------|
|-------------------------------------------------------|

Current time: 2024-11-25 10:50:55
MCMC time 29 mins 

USED COMPONENTS: 20 OF 74 

rel. MC standard error: 0.00814 to 0.0573
eff. sample size: 305 to 15100
needed thinning: 3 to 123
Diagnostics time 0.43 secs 

Total number of iterations 24942 - required further 953 

Chain # 8 - chunk 38 (chain 4 of 4 for this core): increasing by 954 

Iterations: 954 
|-------------|-------------|-------------|-------------|
|-------------------------------------------------------|

Current time: 2024-11-25 10:51:09
MCMC time 29 mins 

USED COMPONENTS: 21 OF 74 

rel. MC standard error: 0.00824 to 0.0569
eff. sample size: 309 to 14700
needed thinning: 3 to 126
Diagnostics time 0.38 secs 

Total number of iterations 25896 - required further 976 

Chain # 8 - chunk 39 (chain 4 of 4 for this core): increasing by 977 

Iterations: 977 
|-------------|-------------|-------------|-------------|
|-------------------------------------------------------|

Current time: 2024-11-25 10:51:23
MCMC time 29 mins 

USED COMPONENTS: 20 OF 74 

rel. MC standard error: 0.00779 to 0.0563
eff. sample size: 316 to 16500
needed thinning: 3 to 128
Diagnostics time 0.36 secs 

Total number of iterations 26873 - required further 992 

Chain # 8 - chunk 40 (chain 4 of 4 for this core): increasing by 993 

Iterations: 993 
|-------------|-------------|-------------|-------------|
|-------------------------------------------------------|

Current time: 2024-11-25 10:51:37
MCMC time 30 mins 

USED COMPONENTS: 21 OF 74 

rel. MC standard error: 0.008 to 0.0554
eff. sample size: 326 to 15600
needed thinning: 3 to 129
Diagnostics time 0.41 secs 

Total number of iterations 27866 - required further 1000 

Chain # 8 - chunk 41 (chain 4 of 4 for this core): increasing by 1001 

Iterations: 1001 
|-------------|-------------|-------------|-------------|
|-------------------------------------------------------|

Current time: 2024-11-25 10:51:51
MCMC time 30 mins 

USED COMPONENTS: 22 OF 74 

rel. MC standard error: 0.00741 to 0.0547
eff. sample size: 334 to 18200
needed thinning: 3 to 130
Diagnostics time 0.37 secs 

Total number of iterations 28867 - required further 1007 

Chain # 8 - chunk 42 (chain 4 of 4 for this core): increasing by 1008 

Iterations: 1008 
|-------------|-------------|-------------|-------------|
|-------------------------------------------------------|

Current time: 2024-11-25 10:52:05
MCMC time 30 mins 

USED COMPONENTS: 22 OF 74 

rel. MC standard error: 0.00769 to 0.0542
eff. sample size: 340 to 16900
needed thinning: 3 to 132
Diagnostics time 0.8 secs 

Total number of iterations 29875 - required further 1023 

Chain # 8 - chunk 43 (chain 4 of 4 for this core): increasing by 1024 

Iterations: 1024 
|-------------|-------------|-------------|-------------|
|-------------------------------------------------------|

Current time: 2024-11-25 10:52:19
MCMC time 30 mins 

USED COMPONENTS: 20 OF 74 

rel. MC standard error: 0.00745 to 0.054
eff. sample size: 342 to 18000
needed thinning: 3 to 136
Diagnostics time 0.38 secs 

Total number of iterations 30899 - required further 1054 

Chain # 8 - chunk 44 (chain 4 of 4 for this core): increasing by 1055 

Iterations: 1055 
|-------------|-------------|-------------|-------------|
|-------------------------------------------------------|

Current time: 2024-11-25 10:52:34
MCMC time 31 mins 

USED COMPONENTS: 20 OF 74 

rel. MC standard error: 0.00742 to 0.0529
eff. sample size: 357 to 18200
needed thinning: 3 to 135
Diagnostics time 0.39 secs 

Total number of iterations 31954 - required further 1046 

Chain # 8 - chunk 45 (chain 4 of 4 for this core): increasing by 1047 

Iterations: 1047 
|-------------|-------------|-------------|-------------|
|-------------------------------------------------------|

Current time: 2024-11-25 10:52:48
MCMC time 31 mins 

USED COMPONENTS: 21 OF 74 

rel. MC standard error: 0.00714 to 0.0523
eff. sample size: 366 to 19600
needed thinning: 3 to 136
Diagnostics time 0.78 secs 

Total number of iterations 33001 - required further 1054 

Chain # 8 - chunk 46 (chain 4 of 4 for this core): increasing by 1055 

Iterations: 1055 
|-------------|-------------|-------------|-------------|
|-------------------------------------------------------|

Current time: 2024-11-25 10:53:03
MCMC time 31 mins 

USED COMPONENTS: 21 OF 74 

rel. MC standard error: 0.00712 to 0.0524
eff. sample size: 364 to 19700
needed thinning: 3 to 141
Diagnostics time 0.41 secs 

Total number of iterations 34056 - required further 1093 

Chain # 8 - chunk 47 (chain 4 of 4 for this core): increasing by 1094 

Iterations: 1094 
|-------------|-------------|-------------|-------------|
|-------------------------------------------------------|

Current time: 2024-11-25 10:53:18
MCMC time 31 mins 

USED COMPONENTS: 21 OF 74 

rel. MC standard error: 0.0068 to 0.0511
eff. sample size: 384 to 21600
needed thinning: 3 to 138
Diagnostics time 0.85 secs 

Total number of iterations 35150 - required further 1069 

Chain # 8 - chunk 48 (chain 4 of 4 for this core): increasing by 1070 

Iterations: 1070 
|-------------|-------------|-------------|-------------|
|-------------------------------------------------------|

Current time: 2024-11-25 10:53:33
MCMC time 32 mins 

USED COMPONENTS: 21 OF 74 

rel. MC standard error: 0.00667 to 0.052
eff. sample size: 370 to 22500
needed thinning: 3 to 147
Diagnostics time 0.42 secs 

Total number of iterations 36220 - required further 1139 

Chain # 8 - chunk 49 (chain 4 of 4 for this core): increasing by 1140 

Iterations: 1140 
|-------------|-------------|-------------|-------------|
|-------------------------------------------------------|

Current time: 2024-11-25 10:53:49
MCMC time 32 mins 

USED COMPONENTS: 22 OF 74 

rel. MC standard error: 0.00673 to 0.0508
eff. sample size: 388 to 22100
needed thinning: 3 to 145
Diagnostics time 0.45 secs 

Total number of iterations 37360 - required further 1124 

Chain # 8 - chunk 50 (chain 4 of 4 for this core): increasing by 1125 

Iterations: 1125 
|-------------|-------------|-------------|-------------|
|-------------------------------------------------------|

Current time: 2024-11-25 10:54:04
MCMC time 32 mins 

USED COMPONENTS: 20 OF 74 

rel. MC standard error: 0.00683 to 0.0508
eff. sample size: 388 to 21400
needed thinning: 3 to 149
Diagnostics time 0.39 secs 

Total number of iterations 38485 - required further 1155 

Chain # 8 - chunk 51 (chain 4 of 4 for this core): increasing by 1156 

Iterations: 1156 
|-------------|-------------|-------------|-------------|
|-------------------------------------------------------|

Current time: 2024-11-25 10:54:20
MCMC time 32 mins 

USED COMPONENTS: 18 OF 74 

rel. MC standard error: 0.00669 to 0.0496
eff. sample size: 407 to 22300
needed thinning: 3 to 147
Diagnostics time 0.48 secs 

Total number of iterations 39641 - required further 0 

Keeping last 60 samples with thinning 147 

Plotting traces and samples.

Current time: 2024-11-25 10:54:24
MCMC + diagnostics time 32 mins 

Current time: 2024-11-25 10:54:24
Total time 32 mins 
loaded inferno and set parent environment
loaded inferno and set parent environment
loaded inferno and set parent environment
loaded inferno and set parent environment
