Log core 1 - Current time: 2024-11-25 09:50:31
Defining model
Building model
Setting data and initial values
Running calculate on model
  [Note] Any error reports that follow may simply reflect missing values in model variables.
Checking model sizes and dimensions
Compiling
  [Note] This may take a minute.
  [Note] Use 'showCompilerOutput = TRUE' to see C++ compilation details.
===== Monitors =====
thin = 1: Bprob, Rmean, Rvar, W
thin2 = 1: K
===== Samplers =====
conjugate sampler (519)
  - Rmean[]  (148 elements)
  - Rrate[]  (148 elements)
  - Bprob[]  (74 elements)
  - Rvar[]  (148 elements)
  - W[1:74] 
categorical sampler (41)
  - Alpha
  - K[]  (40 elements)
===== Monitors =====
thin = 1: Bprob, Rmean, Rvar, W
thin2 = 1: K
===== Samplers =====
slice sampler (41)
  - Alpha
  - K[]  (40 elements)
conjugate sampler (519)
  - Rmean[]  (148 elements)
  - Rrate[]  (148 elements)
  - Bprob[]  (74 elements)
  - Rvar[]  (148 elements)
  - W[1:74] 
Compiling
  [Note] This may take a minute.
  [Note] Use 'showCompilerOutput = TRUE' to see C++ compilation details.

Setup time 1.4 mins 

Chain # 1 (chain 1 of 4 for this core)

Datapoints for testing convergence:
 #1 #2 #3 #4 #7 #8 #10 #13 #15 #17 #19 #25 #26 #29 #30 #33 #34 #35 #39 #40 

Iterations: 3600 
|-------------|-------------|-------------|-------------|
|-------------------------------------------------------|

Current time: 2024-11-25 09:52:21
MCMC time 23 secs 

USED COMPONENTS: 15 OF 74 

rel. MC standard error: 0.0164 to 0.065
eff. sample size: 237 to 3720
needed thinning: 2 to 23
Diagnostics time 3 secs 

Total number of iterations 3600 - required further 179 

Chain # 1 - chunk 2 (chain 1 of 4 for this core): increasing by 180 

Iterations: 180 
|-------------|-------------|-------------|-------------|
|-------------------------------------------------------|

Current time: 2024-11-25 09:52:27
MCMC time 30 secs 

USED COMPONENTS: 15 OF 74 

rel. MC standard error: 0.0165 to 0.0618
eff. sample size: 262 to 3660
needed thinning: 2 to 22
Diagnostics time 0.16 secs 

Total number of iterations 3780 - required further 171 

Chain # 1 - chunk 3 (chain 1 of 4 for this core): increasing by 172 

Iterations: 172 
|-------------|-------------|-------------|-------------|
|-------------------------------------------------------|

Current time: 2024-11-25 09:52:29
MCMC time 31 secs 

USED COMPONENTS: 15 OF 74 

rel. MC standard error: 0.0165 to 0.0593
eff. sample size: 285 to 3660
needed thinning: 2 to 21
Diagnostics time 0.15 secs 

Total number of iterations 3952 - required further 163 

Chain # 1 - chunk 4 (chain 1 of 4 for this core): increasing by 164 

Iterations: 164 
|-------------|-------------|-------------|-------------|
|-------------------------------------------------------|

Current time: 2024-11-25 09:52:30
MCMC time 32 secs 

USED COMPONENTS: 14 OF 74 

rel. MC standard error: 0.0157 to 0.0578
eff. sample size: 300 to 4070
needed thinning: 2 to 21
Diagnostics time 0.15 secs 

Total number of iterations 4116 - required further 163 

Chain # 1 - chunk 5 (chain 1 of 4 for this core): increasing by 164 

Iterations: 164 
|-------------|-------------|-------------|-------------|
|-------------------------------------------------------|

Current time: 2024-11-25 09:52:31
MCMC time 34 secs 

USED COMPONENTS: 14 OF 74 

rel. MC standard error: 0.0164 to 0.0562
eff. sample size: 317 to 3720
needed thinning: 2 to 21
Diagnostics time 0.15 secs 

Total number of iterations 4280 - required further 163 

Chain # 1 - chunk 6 (chain 1 of 4 for this core): increasing by 164 

Iterations: 164 
|-------------|-------------|-------------|-------------|
|-------------------------------------------------------|

Current time: 2024-11-25 09:52:32
MCMC time 35 secs 

USED COMPONENTS: 15 OF 74 

rel. MC standard error: 0.0145 to 0.0551
eff. sample size: 329 to 4730
needed thinning: 2 to 21
Diagnostics time 0.17 secs 

Total number of iterations 4444 - required further 163 

Chain # 1 - chunk 7 (chain 1 of 4 for this core): increasing by 164 

Iterations: 164 
|-------------|-------------|-------------|-------------|
|-------------------------------------------------------|

Current time: 2024-11-25 09:52:33
MCMC time 36 secs 

USED COMPONENTS: 15 OF 74 

rel. MC standard error: 0.015 to 0.0557
eff. sample size: 322 to 4420
needed thinning: 2 to 22
Diagnostics time 0.18 secs 

Total number of iterations 4608 - required further 171 

Chain # 1 - chunk 8 (chain 1 of 4 for this core): increasing by 172 

Iterations: 172 
|-------------|-------------|-------------|-------------|
|-------------------------------------------------------|

Current time: 2024-11-25 09:52:35
MCMC time 37 secs 

USED COMPONENTS: 15 OF 74 

rel. MC standard error: 0.0159 to 0.0527
eff. sample size: 360 to 3980
needed thinning: 2 to 20
Diagnostics time 0.15 secs 

Total number of iterations 4780 - required further 155 

Chain # 1 - chunk 9 (chain 1 of 4 for this core): increasing by 156 

Iterations: 156 
|-------------|-------------|-------------|-------------|
|-------------------------------------------------------|

Current time: 2024-11-25 09:52:36
MCMC time 39 secs 

USED COMPONENTS: 12 OF 74 

rel. MC standard error: 0.0152 to 0.0521
eff. sample size: 369 to 4330
needed thinning: 2 to 21
Diagnostics time 0.12 secs 

Total number of iterations 4936 - required further 163 

Chain # 1 - chunk 10 (chain 1 of 4 for this core): increasing by 164 

Iterations: 164 
|-------------|-------------|-------------|-------------|
|-------------------------------------------------------|

Current time: 2024-11-25 09:52:37
MCMC time 40 secs 

USED COMPONENTS: 13 OF 74 

rel. MC standard error: 0.0106 to 0.0531
eff. sample size: 354 to 8970
needed thinning: 1 to 22
Diagnostics time 0.13 secs 

Total number of iterations 5100 - required further 171 

Chain # 1 - chunk 11 (chain 1 of 4 for this core): increasing by 172 

Iterations: 172 
|-------------|-------------|-------------|-------------|
|-------------------------------------------------------|

Current time: 2024-11-25 09:52:38
MCMC time 41 secs 

USED COMPONENTS: 12 OF 74 

rel. MC standard error: 0.0139 to 0.0534
eff. sample size: 350 to 5210
needed thinning: 2 to 23
Diagnostics time 0.15 secs 

Total number of iterations 5272 - required further 179 

Chain # 1 - chunk 12 (chain 1 of 4 for this core): increasing by 180 

Iterations: 180 
|-------------|-------------|-------------|-------------|
|-------------------------------------------------------|

Current time: 2024-11-25 09:52:40
MCMC time 42 secs 

USED COMPONENTS: 12 OF 74 

rel. MC standard error: 0.0133 to 0.0493
eff. sample size: 412 to 5630
needed thinning: 2 to 20
Diagnostics time 0.17 secs 

Total number of iterations 5452 - required further 0 

Keeping last 60 samples with thinning 20 

Plotting traces and samples.

Current time: 2024-11-25 09:52:41
MCMC + diagnostics time 43 secs 

Chain # 2 (chain 2 of 4 for this core)

Datapoints for testing convergence:
 #9 #12 #15 #16 #17 #19 #20 #22 #23 #24 #25 #26 #27 #30 #34 #35 #36 #37 #38 #40 

Iterations: 3600 
|-------------|-------------|-------------|-------------|
|-------------------------------------------------------|

Current time: 2024-11-25 09:53:03
MCMC time 1.1 mins 

USED COMPONENTS: 15 OF 74 

rel. MC standard error: 0.015 to 0.067
eff. sample size: 223 to 4450
needed thinning: 2 to 25
Diagnostics time 2.5 secs 

Total number of iterations 3600 - required further 194 

Chain # 2 - chunk 2 (chain 2 of 4 for this core): increasing by 195 

Iterations: 195 
|-------------|-------------|-------------|-------------|
|-------------------------------------------------------|

Current time: 2024-11-25 09:53:08
MCMC time 1.2 mins 

USED COMPONENTS: 12 OF 74 

rel. MC standard error: 0.0179 to 0.0657
eff. sample size: 232 to 3120
needed thinning: 2 to 25
Diagnostics time 0.19 secs 

Total number of iterations 3795 - required further 194 

Chain # 2 - chunk 3 (chain 2 of 4 for this core): increasing by 195 

Iterations: 195 
|-------------|-------------|-------------|-------------|
|-------------------------------------------------------|

Current time: 2024-11-25 09:53:09
MCMC time 1.2 mins 

USED COMPONENTS: 12 OF 74 

rel. MC standard error: 0.0173 to 0.0648
eff. sample size: 238 to 3330
needed thinning: 2 to 26
Diagnostics time 0.19 secs 

Total number of iterations 3990 - required further 202 

Chain # 2 - chunk 4 (chain 2 of 4 for this core): increasing by 203 

Iterations: 203 
|-------------|-------------|-------------|-------------|
|-------------------------------------------------------|

Current time: 2024-11-25 09:53:11
MCMC time 1.2 mins 

USED COMPONENTS: 12 OF 74 

rel. MC standard error: 0.0166 to 0.0644
eff. sample size: 241 to 3650
needed thinning: 2 to 27
Diagnostics time 0.22 secs 

Total number of iterations 4193 - required further 210 

Chain # 2 - chunk 5 (chain 2 of 4 for this core): increasing by 211 

Iterations: 211 
|-------------|-------------|-------------|-------------|
|-------------------------------------------------------|

Current time: 2024-11-25 09:53:12
MCMC time 1.2 mins 

USED COMPONENTS: 12 OF 74 

rel. MC standard error: 0.0156 to 0.0633
eff. sample size: 249 to 4090
needed thinning: 2 to 27
Diagnostics time 0.19 secs 

Total number of iterations 4404 - required further 210 

Chain # 2 - chunk 6 (chain 2 of 4 for this core): increasing by 211 

Iterations: 211 
|-------------|-------------|-------------|-------------|
|-------------------------------------------------------|

Current time: 2024-11-25 09:53:14
MCMC time 1.3 mins 

USED COMPONENTS: 12 OF 74 

rel. MC standard error: 0.0151 to 0.0631
eff. sample size: 251 to 4400
needed thinning: 2 to 28
Diagnostics time 0.19 secs 

Total number of iterations 4615 - required further 217 

Chain # 2 - chunk 7 (chain 2 of 4 for this core): increasing by 218 

Iterations: 218 
|-------------|-------------|-------------|-------------|
|-------------------------------------------------------|

Current time: 2024-11-25 09:53:15
MCMC time 1.3 mins 

USED COMPONENTS: 12 OF 74 

rel. MC standard error: 0.016 to 0.0627
eff. sample size: 254 to 3910
needed thinning: 2 to 29
Diagnostics time 0.67 secs 

Total number of iterations 4833 - required further 225 

Chain # 2 - chunk 8 (chain 2 of 4 for this core): increasing by 226 

Iterations: 226 
|-------------|-------------|-------------|-------------|
|-------------------------------------------------------|

Current time: 2024-11-25 09:53:17
MCMC time 1.3 mins 

USED COMPONENTS: 11 OF 74 

rel. MC standard error: 0.0148 to 0.0613
eff. sample size: 266 to 4590
needed thinning: 2 to 29
Diagnostics time 0.18 secs 

Total number of iterations 5059 - required further 225 

Chain # 2 - chunk 9 (chain 2 of 4 for this core): increasing by 226 

Iterations: 226 
|-------------|-------------|-------------|-------------|
|-------------------------------------------------------|

Current time: 2024-11-25 09:53:19
MCMC time 1.4 mins 

USED COMPONENTS: 10 OF 74 

rel. MC standard error: 0.0138 to 0.0601
eff. sample size: 277 to 5260
needed thinning: 2 to 29
Diagnostics time 0.21 secs 

Total number of iterations 5285 - required further 225 

Chain # 2 - chunk 10 (chain 2 of 4 for this core): increasing by 226 

Iterations: 226 
|-------------|-------------|-------------|-------------|
|-------------------------------------------------------|

Current time: 2024-11-25 09:53:21
MCMC time 1.4 mins 

USED COMPONENTS: 11 OF 74 

rel. MC standard error: 0.0148 to 0.061
eff. sample size: 269 to 4570
needed thinning: 2 to 31
Diagnostics time 0.18 secs 

Total number of iterations 5511 - required further 241 

Chain # 2 - chunk 11 (chain 2 of 4 for this core): increasing by 242 

Iterations: 242 
|-------------|-------------|-------------|-------------|
|-------------------------------------------------------|

Current time: 2024-11-25 09:53:22
MCMC time 1.4 mins 

USED COMPONENTS: 11 OF 74 

rel. MC standard error: 0.0149 to 0.0587
eff. sample size: 290 to 4500
needed thinning: 2 to 30
Diagnostics time 0.19 secs 

Total number of iterations 5753 - required further 233 

Chain # 2 - chunk 12 (chain 2 of 4 for this core): increasing by 234 

Iterations: 234 
|-------------|-------------|-------------|-------------|
|-------------------------------------------------------|

Current time: 2024-11-25 09:53:24
MCMC time 1.4 mins 

USED COMPONENTS: 11 OF 74 

rel. MC standard error: 0.0143 to 0.0596
eff. sample size: 282 to 4880
needed thinning: 2 to 32
Diagnostics time 0.18 secs 

Total number of iterations 5987 - required further 248 

Chain # 2 - chunk 13 (chain 2 of 4 for this core): increasing by 249 

Iterations: 249 
|-------------|-------------|-------------|-------------|
|-------------------------------------------------------|

Current time: 2024-11-25 09:53:26
MCMC time 1.5 mins 

USED COMPONENTS: 12 OF 74 

rel. MC standard error: 0.014 to 0.0589
eff. sample size: 288 to 5110
needed thinning: 2 to 33
Diagnostics time 0.21 secs 

Total number of iterations 6236 - required further 256 

Chain # 2 - chunk 14 (chain 2 of 4 for this core): increasing by 257 

Iterations: 257 
|-------------|-------------|-------------|-------------|
|-------------------------------------------------------|

Current time: 2024-11-25 09:53:28
MCMC time 1.5 mins 

USED COMPONENTS: 11 OF 74 

rel. MC standard error: 0.0124 to 0.0574
eff. sample size: 304 to 6480
needed thinning: 2 to 33
Diagnostics time 0.22 secs 

Total number of iterations 6493 - required further 256 

Chain # 2 - chunk 15 (chain 2 of 4 for this core): increasing by 257 

Iterations: 257 
|-------------|-------------|-------------|-------------|
|-------------------------------------------------------|

Current time: 2024-11-25 09:53:29
MCMC time 1.5 mins 

USED COMPONENTS: 11 OF 74 

rel. MC standard error: 0.0127 to 0.0593
eff. sample size: 284 to 6200
needed thinning: 2 to 36
Diagnostics time 0.21 secs 

Total number of iterations 6750 - required further 279 

Chain # 2 - chunk 16 (chain 2 of 4 for this core): increasing by 280 

Iterations: 280 
|-------------|-------------|-------------|-------------|
|-------------------------------------------------------|

Current time: 2024-11-25 09:53:31
MCMC time 1.6 mins 

USED COMPONENTS: 11 OF 74 

rel. MC standard error: 0.0136 to 0.0563
eff. sample size: 315 to 5420
needed thinning: 2 to 34
Diagnostics time 0.2 secs 

Total number of iterations 7030 - required further 264 

Chain # 2 - chunk 17 (chain 2 of 4 for this core): increasing by 265 

Iterations: 265 
|-------------|-------------|-------------|-------------|
|-------------------------------------------------------|

Current time: 2024-11-25 09:53:33
MCMC time 1.6 mins 

USED COMPONENTS: 12 OF 74 

rel. MC standard error: 0.0122 to 0.0563
eff. sample size: 316 to 6720
needed thinning: 2 to 35
Diagnostics time 0.23 secs 

Total number of iterations 7295 - required further 272 

Chain # 2 - chunk 18 (chain 2 of 4 for this core): increasing by 273 

Iterations: 273 
|-------------|-------------|-------------|-------------|
|-------------------------------------------------------|

Current time: 2024-11-25 09:53:35
MCMC time 1.6 mins 

USED COMPONENTS: 11 OF 74 

rel. MC standard error: 0.0111 to 0.0576
eff. sample size: 301 to 8120
needed thinning: 2 to 38
Diagnostics time 0.2 secs 

Total number of iterations 7568 - required further 295 

Chain # 2 - chunk 19 (chain 2 of 4 for this core): increasing by 296 

Iterations: 296 
|-------------|-------------|-------------|-------------|
|-------------------------------------------------------|

Current time: 2024-11-25 09:53:37
MCMC time 1.7 mins 

USED COMPONENTS: 10 OF 74 

rel. MC standard error: 0.0117 to 0.0542
eff. sample size: 340 to 7280
needed thinning: 2 to 35
Diagnostics time 0.24 secs 

Total number of iterations 7864 - required further 272 

Chain # 2 - chunk 20 (chain 2 of 4 for this core): increasing by 273 

Iterations: 273 
|-------------|-------------|-------------|-------------|
|-------------------------------------------------------|

Current time: 2024-11-25 09:53:39
MCMC time 1.7 mins 

USED COMPONENTS: 9 OF 74 

rel. MC standard error: 0.0118 to 0.0558
eff. sample size: 321 to 7210
needed thinning: 2 to 39
Diagnostics time 0.21 secs 

Total number of iterations 8137 - required further 303 

Chain # 2 - chunk 21 (chain 2 of 4 for this core): increasing by 304 

Iterations: 304 
|-------------|-------------|-------------|-------------|
|-------------------------------------------------------|

Current time: 2024-11-25 09:53:41
MCMC time 1.7 mins 

USED COMPONENTS: 9 OF 74 

rel. MC standard error: 0.0111 to 0.0551
eff. sample size: 329 to 8150
needed thinning: 2 to 39
Diagnostics time 0.23 secs 

Total number of iterations 8441 - required further 303 

Chain # 2 - chunk 22 (chain 2 of 4 for this core): increasing by 304 

Iterations: 304 
|-------------|-------------|-------------|-------------|
|-------------------------------------------------------|

Current time: 2024-11-25 09:53:43
MCMC time 1.8 mins 

USED COMPONENTS: 10 OF 74 

rel. MC standard error: 0.0115 to 0.054
eff. sample size: 342 to 7560
needed thinning: 2 to 39
Diagnostics time 0.25 secs 

Total number of iterations 8745 - required further 303 

Chain # 2 - chunk 23 (chain 2 of 4 for this core): increasing by 304 

Iterations: 304 
|-------------|-------------|-------------|-------------|
|-------------------------------------------------------|

Current time: 2024-11-25 09:53:46
MCMC time 1.8 mins 

USED COMPONENTS: 9 OF 74 

rel. MC standard error: 0.0108 to 0.053
eff. sample size: 356 to 8560
needed thinning: 2 to 39
Diagnostics time 0.22 secs 

Total number of iterations 9049 - required further 303 

Chain # 2 - chunk 24 (chain 2 of 4 for this core): increasing by 304 

Iterations: 304 
|-------------|-------------|-------------|-------------|
|-------------------------------------------------------|

Current time: 2024-11-25 09:53:48
MCMC time 1.8 mins 

USED COMPONENTS: 9 OF 74 

rel. MC standard error: 0.0103 to 0.0531
eff. sample size: 355 to 9420
needed thinning: 2 to 40
Diagnostics time 0.25 secs 

Total number of iterations 9353 - required further 310 

Chain # 2 - chunk 25 (chain 2 of 4 for this core): increasing by 311 

Iterations: 311 
|-------------|-------------|-------------|-------------|
|-------------------------------------------------------|

Current time: 2024-11-25 09:53:50
MCMC time 1.9 mins 

USED COMPONENTS: 12 OF 74 

rel. MC standard error: 0.01 to 0.0542
eff. sample size: 340 to 9910
needed thinning: 2 to 43
Diagnostics time 0.26 secs 

Total number of iterations 9664 - required further 334 

Chain # 2 - chunk 26 (chain 2 of 4 for this core): increasing by 335 

Iterations: 335 
|-------------|-------------|-------------|-------------|
|-------------------------------------------------------|

Current time: 2024-11-25 09:53:52
MCMC time 1.9 mins 

USED COMPONENTS: 10 OF 74 

rel. MC standard error: 0.0106 to 0.0517
eff. sample size: 373 to 8850
needed thinning: 2 to 41
Diagnostics time 0.29 secs 

Total number of iterations 9999 - required further 318 

Chain # 2 - chunk 27 (chain 2 of 4 for this core): increasing by 319 

Iterations: 319 
|-------------|-------------|-------------|-------------|
|-------------------------------------------------------|

Current time: 2024-11-25 09:53:55
MCMC time 2 mins 

USED COMPONENTS: 11 OF 74 

rel. MC standard error: 0.0102 to 0.0512
eff. sample size: 381 to 9640
needed thinning: 2 to 41
Diagnostics time 0.69 secs 

Total number of iterations 10318 - required further 318 

Chain # 2 - chunk 28 (chain 2 of 4 for this core): increasing by 319 

Iterations: 319 
|-------------|-------------|-------------|-------------|
|-------------------------------------------------------|

Current time: 2024-11-25 09:53:57
MCMC time 2 mins 

USED COMPONENTS: 12 OF 74 

rel. MC standard error: 0.01 to 0.0507
eff. sample size: 389 to 10000
needed thinning: 2 to 42
Diagnostics time 0.25 secs 

Total number of iterations 10637 - required further 326 

Chain # 2 - chunk 29 (chain 2 of 4 for this core): increasing by 327 

Iterations: 327 
|-------------|-------------|-------------|-------------|
|-------------------------------------------------------|

Current time: 2024-11-25 09:53:59
MCMC time 2 mins 

USED COMPONENTS: 12 OF 74 

rel. MC standard error: 0.00965 to 0.0506
eff. sample size: 391 to 10700
needed thinning: 2 to 43
Diagnostics time 0.24 secs 

Total number of iterations 10964 - required further 334 

Chain # 2 - chunk 30 (chain 2 of 4 for this core): increasing by 335 

Iterations: 335 
|-------------|-------------|-------------|-------------|
|-------------------------------------------------------|

Current time: 2024-11-25 09:54:02
MCMC time 2.1 mins 

USED COMPONENTS: 12 OF 74 

rel. MC standard error: 0.0097 to 0.0475
eff. sample size: 444 to 10600
needed thinning: 2 to 39
Diagnostics time 0.27 secs 

Total number of iterations 11299 - required further 0 

Keeping last 60 samples with thinning 39 

Plotting traces and samples.

Current time: 2024-11-25 09:54:03
MCMC + diagnostics time 2.1 mins 

Chain # 3 (chain 3 of 4 for this core)

Datapoints for testing convergence:
 #1 #2 #3 #4 #5 #6 #7 #8 #9 #10 #11 #13 #20 #23 #30 #31 #32 #34 #35 #37 

Iterations: 3600 
|-------------|-------------|-------------|-------------|
|-------------------------------------------------------|

Current time: 2024-11-25 09:54:25
MCMC time 2.5 mins 

USED COMPONENTS: 15 OF 74 

rel. MC standard error: 0.0255 to 0.0596
eff. sample size: 282 to 1540
needed thinning: 4 to 20
Diagnostics time 3.1 secs 

Total number of iterations 3600 - required further 155 

Chain # 3 - chunk 2 (chain 3 of 4 for this core): increasing by 156 

Iterations: 156 
|-------------|-------------|-------------|-------------|
|-------------------------------------------------------|

Current time: 2024-11-25 09:54:30
MCMC time 2.5 mins 

USED COMPONENTS: 15 OF 74 

rel. MC standard error: 0.0259 to 0.0632
eff. sample size: 250 to 1490
needed thinning: 4 to 23
Diagnostics time 0.12 secs 

Total number of iterations 3756 - required further 179 

Chain # 3 - chunk 3 (chain 3 of 4 for this core): increasing by 180 

Iterations: 180 
|-------------|-------------|-------------|-------------|
|-------------------------------------------------------|

Current time: 2024-11-25 09:54:31
MCMC time 2.6 mins 

USED COMPONENTS: 14 OF 74 

rel. MC standard error: 0.0236 to 0.0623
eff. sample size: 257 to 1800
needed thinning: 4 to 23
Diagnostics time 0.16 secs 

Total number of iterations 3936 - required further 179 

Chain # 3 - chunk 4 (chain 3 of 4 for this core): increasing by 180 

Iterations: 180 
|-------------|-------------|-------------|-------------|
|-------------------------------------------------------|

Current time: 2024-11-25 09:54:32
MCMC time 2.6 mins 

USED COMPONENTS: 14 OF 74 

rel. MC standard error: 0.0245 to 0.0632
eff. sample size: 251 to 1660
needed thinning: 4 to 25
Diagnostics time 0.16 secs 

Total number of iterations 4116 - required further 194 

Chain # 3 - chunk 5 (chain 3 of 4 for this core): increasing by 195 

Iterations: 195 
|-------------|-------------|-------------|-------------|
|-------------------------------------------------------|

Current time: 2024-11-25 09:54:34
MCMC time 2.6 mins 

USED COMPONENTS: 12 OF 74 

rel. MC standard error: 0.0242 to 0.0612
eff. sample size: 267 to 1700
needed thinning: 4 to 25
Diagnostics time 0.16 secs 

Total number of iterations 4311 - required further 194 

Chain # 3 - chunk 6 (chain 3 of 4 for this core): increasing by 195 

Iterations: 195 
|-------------|-------------|-------------|-------------|
|-------------------------------------------------------|

Current time: 2024-11-25 09:54:35
MCMC time 2.6 mins 

USED COMPONENTS: 13 OF 74 

rel. MC standard error: 0.0234 to 0.0617
eff. sample size: 263 to 1820
needed thinning: 4 to 26
Diagnostics time 0.16 secs 

Total number of iterations 4506 - required further 202 

Chain # 3 - chunk 7 (chain 3 of 4 for this core): increasing by 203 

Iterations: 203 
|-------------|-------------|-------------|-------------|
|-------------------------------------------------------|

Current time: 2024-11-25 09:54:36
MCMC time 2.7 mins 

USED COMPONENTS: 12 OF 74 

rel. MC standard error: 0.0232 to 0.0595
eff. sample size: 282 to 1860
needed thinning: 4 to 26
Diagnostics time 0.19 secs 

Total number of iterations 4709 - required further 202 

Chain # 3 - chunk 8 (chain 3 of 4 for this core): increasing by 203 

Iterations: 203 
|-------------|-------------|-------------|-------------|
|-------------------------------------------------------|

Current time: 2024-11-25 09:54:38
MCMC time 2.7 mins 

USED COMPONENTS: 11 OF 74 

rel. MC standard error: 0.0226 to 0.0566
eff. sample size: 312 to 1950
needed thinning: 4 to 24
Diagnostics time 0.17 secs 

Total number of iterations 4912 - required further 186 

Chain # 3 - chunk 9 (chain 3 of 4 for this core): increasing by 187 

Iterations: 187 
|-------------|-------------|-------------|-------------|
|-------------------------------------------------------|

Current time: 2024-11-25 09:54:39
MCMC time 2.7 mins 

USED COMPONENTS: 11 OF 74 

rel. MC standard error: 0.0206 to 0.0631
eff. sample size: 251 to 2360
needed thinning: 4 to 31
Diagnostics time 0.16 secs 

Total number of iterations 5099 - required further 241 

Chain # 3 - chunk 10 (chain 3 of 4 for this core): increasing by 242 

Iterations: 242 
|-------------|-------------|-------------|-------------|
|-------------------------------------------------------|

Current time: 2024-11-25 09:54:41
MCMC time 2.7 mins 

USED COMPONENTS: 11 OF 74 

rel. MC standard error: 0.0217 to 0.0574
eff. sample size: 303 to 2120
needed thinning: 4 to 27
Diagnostics time 0.18 secs 

Total number of iterations 5341 - required further 210 

Chain # 3 - chunk 11 (chain 3 of 4 for this core): increasing by 211 

Iterations: 211 
|-------------|-------------|-------------|-------------|
|-------------------------------------------------------|

Current time: 2024-11-25 09:54:42
MCMC time 2.8 mins 

USED COMPONENTS: 11 OF 74 

rel. MC standard error: 0.0199 to 0.0624
eff. sample size: 257 to 2520
needed thinning: 4 to 33
Diagnostics time 0.17 secs 

Total number of iterations 5552 - required further 256 

Chain # 3 - chunk 12 (chain 3 of 4 for this core): increasing by 257 

Iterations: 257 
|-------------|-------------|-------------|-------------|
|-------------------------------------------------------|

Current time: 2024-11-25 09:54:44
MCMC time 2.8 mins 

USED COMPONENTS: 10 OF 74 

rel. MC standard error: 0.0195 to 0.0587
eff. sample size: 290 to 2630
needed thinning: 4 to 31
Diagnostics time 0.21 secs 

Total number of iterations 5809 - required further 241 

Chain # 3 - chunk 13 (chain 3 of 4 for this core): increasing by 242 

Iterations: 242 
|-------------|-------------|-------------|-------------|
|-------------------------------------------------------|

Current time: 2024-11-25 09:54:46
MCMC time 2.8 mins 

USED COMPONENTS: 12 OF 74 

rel. MC standard error: 0.0204 to 0.058
eff. sample size: 297 to 2390
needed thinning: 4 to 31
Diagnostics time 0.19 secs 

Total number of iterations 6051 - required further 241 

Chain # 3 - chunk 14 (chain 3 of 4 for this core): increasing by 242 

Iterations: 242 
|-------------|-------------|-------------|-------------|
|-------------------------------------------------------|

Current time: 2024-11-25 09:54:48
MCMC time 2.8 mins 

USED COMPONENTS: 11 OF 74 

rel. MC standard error: 0.02 to 0.0588
eff. sample size: 289 to 2490
needed thinning: 4 to 33
Diagnostics time 0.21 secs 

Total number of iterations 6293 - required further 256 

Chain # 3 - chunk 15 (chain 3 of 4 for this core): increasing by 257 

Iterations: 257 
|-------------|-------------|-------------|-------------|
|-------------------------------------------------------|

Current time: 2024-11-25 09:54:49
MCMC time 2.9 mins 

USED COMPONENTS: 10 OF 74 

rel. MC standard error: 0.0194 to 0.0589
eff. sample size: 289 to 2640
needed thinning: 4 to 35
Diagnostics time 0.21 secs 

Total number of iterations 6550 - required further 272 

Chain # 3 - chunk 16 (chain 3 of 4 for this core): increasing by 273 

Iterations: 273 
|-------------|-------------|-------------|-------------|
|-------------------------------------------------------|

Current time: 2024-11-25 09:54:51
MCMC time 2.9 mins 

USED COMPONENTS: 9 OF 74 

rel. MC standard error: 0.0192 to 0.0591
eff. sample size: 287 to 2730
needed thinning: 4 to 36
Diagnostics time 0.22 secs 

Total number of iterations 6823 - required further 279 

Chain # 3 - chunk 17 (chain 3 of 4 for this core): increasing by 280 

Iterations: 280 
|-------------|-------------|-------------|-------------|
|-------------------------------------------------------|

Current time: 2024-11-25 09:54:53
MCMC time 2.9 mins 

USED COMPONENTS: 10 OF 74 

rel. MC standard error: 0.0188 to 0.0574
eff. sample size: 304 to 2830
needed thinning: 4 to 36
Diagnostics time 0.24 secs 

Total number of iterations 7103 - required further 279 

Chain # 3 - chunk 18 (chain 3 of 4 for this core): increasing by 280 

Iterations: 280 
|-------------|-------------|-------------|-------------|
|-------------------------------------------------------|

Current time: 2024-11-25 09:54:55
MCMC time 3 mins 

USED COMPONENTS: 9 OF 74 

rel. MC standard error: 0.0173 to 0.0574
eff. sample size: 303 to 3330
needed thinning: 4 to 37
Diagnostics time 0.68 secs 

Total number of iterations 7383 - required further 287 

Chain # 3 - chunk 19 (chain 3 of 4 for this core): increasing by 288 

Iterations: 288 
|-------------|-------------|-------------|-------------|
|-------------------------------------------------------|

Current time: 2024-11-25 09:54:58
MCMC time 3 mins 

USED COMPONENTS: 9 OF 74 

rel. MC standard error: 0.018 to 0.0585
eff. sample size: 292 to 3080
needed thinning: 4 to 40
Diagnostics time 0.21 secs 

Total number of iterations 7671 - required further 310 

Chain # 3 - chunk 20 (chain 3 of 4 for this core): increasing by 311 

Iterations: 311 
|-------------|-------------|-------------|-------------|
|-------------------------------------------------------|

Current time: 2024-11-25 09:55:00
MCMC time 3 mins 

USED COMPONENTS: 10 OF 74 

rel. MC standard error: 0.0177 to 0.0602
eff. sample size: 276 to 3200
needed thinning: 4 to 44
Diagnostics time 0.26 secs 

Total number of iterations 7982 - required further 341 

Chain # 3 - chunk 21 (chain 3 of 4 for this core): increasing by 342 

Iterations: 342 
|-------------|-------------|-------------|-------------|
|-------------------------------------------------------|

Current time: 2024-11-25 09:55:02
MCMC time 3.1 mins 

USED COMPONENTS: 10 OF 74 

rel. MC standard error: 0.0161 to 0.059
eff. sample size: 287 to 3880
needed thinning: 4 to 44
Diagnostics time 0.25 secs 

Total number of iterations 8324 - required further 341 

Chain # 3 - chunk 22 (chain 3 of 4 for this core): increasing by 342 

Iterations: 342 
|-------------|-------------|-------------|-------------|
|-------------------------------------------------------|

Current time: 2024-11-25 09:55:04
MCMC time 3.1 mins 

USED COMPONENTS: 10 OF 74 

rel. MC standard error: 0.0141 to 0.0569
eff. sample size: 309 to 5050
needed thinning: 3 to 43
Diagnostics time 0.26 secs 

Total number of iterations 8666 - required further 334 

Chain # 3 - chunk 23 (chain 3 of 4 for this core): increasing by 335 

Iterations: 335 
|-------------|-------------|-------------|-------------|
|-------------------------------------------------------|

Current time: 2024-11-25 09:55:07
MCMC time 3.2 mins 

USED COMPONENTS: 10 OF 74 

rel. MC standard error: 0.0155 to 0.0573
eff. sample size: 305 to 4160
needed thinning: 4 to 45
Diagnostics time 0.25 secs 

Total number of iterations 9001 - required further 349 

Chain # 3 - chunk 24 (chain 3 of 4 for this core): increasing by 350 

Iterations: 350 
|-------------|-------------|-------------|-------------|
|-------------------------------------------------------|

Current time: 2024-11-25 09:55:09
MCMC time 3.2 mins 

USED COMPONENTS: 10 OF 74 

rel. MC standard error: 0.0162 to 0.058
eff. sample size: 297 to 3810
needed thinning: 4 to 48
Diagnostics time 0.27 secs 

Total number of iterations 9351 - required further 372 

Chain # 3 - chunk 25 (chain 3 of 4 for this core): increasing by 373 

Iterations: 373 
|-------------|-------------|-------------|-------------|
|-------------------------------------------------------|

Current time: 2024-11-25 09:55:11
MCMC time 3.2 mins 

USED COMPONENTS: 11 OF 74 

rel. MC standard error: 0.0161 to 0.0572
eff. sample size: 306 to 3880
needed thinning: 4 to 48
Diagnostics time 0.19 secs 

Total number of iterations 9724 - required further 372 

Chain # 3 - chunk 26 (chain 3 of 4 for this core): increasing by 373 

Iterations: 373 
|-------------|-------------|-------------|-------------|
|-------------------------------------------------------|

Current time: 2024-11-25 09:55:13
MCMC time 3.3 mins 

USED COMPONENTS: 10 OF 74 

rel. MC standard error: 0.013 to 0.0571
eff. sample size: 307 to 5940
needed thinning: 3 to 50
Diagnostics time 0.17 secs 

Total number of iterations 10097 - required further 388 

Chain # 3 - chunk 27 (chain 3 of 4 for this core): increasing by 389 

Iterations: 389 
|-------------|-------------|-------------|-------------|
|-------------------------------------------------------|

Current time: 2024-11-25 09:55:14
MCMC time 3.3 mins 

USED COMPONENTS: 9 OF 74 

rel. MC standard error: 0.0155 to 0.0578
eff. sample size: 299 to 4170
needed thinning: 4 to 53
Diagnostics time 0.18 secs 

Total number of iterations 10486 - required further 411 

Chain # 3 - chunk 28 (chain 3 of 4 for this core): increasing by 412 

Iterations: 412 
|-------------|-------------|-------------|-------------|
|-------------------------------------------------------|

Current time: 2024-11-25 09:55:16
MCMC time 3.3 mins 

USED COMPONENTS: 9 OF 74 

rel. MC standard error: 0.014 to 0.0559
eff. sample size: 320 to 5070
needed thinning: 4 to 52
Diagnostics time 0.21 secs 

Total number of iterations 10898 - required further 403 

Chain # 3 - chunk 29 (chain 3 of 4 for this core): increasing by 404 

Iterations: 404 
|-------------|-------------|-------------|-------------|
|-------------------------------------------------------|

Current time: 2024-11-25 09:55:17
MCMC time 3.3 mins 

USED COMPONENTS: 10 OF 74 

rel. MC standard error: 0.0148 to 0.0562
eff. sample size: 317 to 4550
needed thinning: 4 to 54
Diagnostics time 0.16 secs 

Total number of iterations 11302 - required further 419 

Chain # 3 - chunk 30 (chain 3 of 4 for this core): increasing by 420 

Iterations: 420 
|-------------|-------------|-------------|-------------|
|-------------------------------------------------------|

Current time: 2024-11-25 09:55:19
MCMC time 3.4 mins 

USED COMPONENTS: 8 OF 74 

rel. MC standard error: 0.0112 to 0.0559
eff. sample size: 320 to 7980
needed thinning: 3 to 55
Diagnostics time 0.18 secs 

Total number of iterations 11722 - required further 427 

Chain # 3 - chunk 31 (chain 3 of 4 for this core): increasing by 428 

Iterations: 428 
|-------------|-------------|-------------|-------------|
|-------------------------------------------------------|

Current time: 2024-11-25 09:55:20
MCMC time 3.4 mins 

USED COMPONENTS: 9 OF 74 

rel. MC standard error: 0.0121 to 0.0556
eff. sample size: 324 to 6800
needed thinning: 3 to 57
Diagnostics time 0.2 secs 

Total number of iterations 12150 - required further 442 

Chain # 3 - chunk 32 (chain 3 of 4 for this core): increasing by 443 

Iterations: 443 
|-------------|-------------|-------------|-------------|
|-------------------------------------------------------|

Current time: 2024-11-25 09:55:22
MCMC time 3.4 mins 

USED COMPONENTS: 9 OF 74 

rel. MC standard error: 0.0129 to 0.0557
eff. sample size: 322 to 6000
needed thinning: 4 to 59
Diagnostics time 0.22 secs 

Total number of iterations 12593 - required further 458 

Chain # 3 - chunk 33 (chain 3 of 4 for this core): increasing by 459 

Iterations: 459 
|-------------|-------------|-------------|-------------|
|-------------------------------------------------------|

Current time: 2024-11-25 09:55:23
MCMC time 3.4 mins 

USED COMPONENTS: 10 OF 74 

rel. MC standard error: 0.0138 to 0.0504
eff. sample size: 393 to 5250
needed thinning: 4 to 50
Diagnostics time 0.21 secs 

Total number of iterations 13052 - required further 388 

Chain # 3 - chunk 34 (chain 3 of 4 for this core): increasing by 389 

Iterations: 389 
|-------------|-------------|-------------|-------------|
|-------------------------------------------------------|

Current time: 2024-11-25 09:55:25
MCMC time 3.5 mins 

USED COMPONENTS: 9 OF 74 

rel. MC standard error: 0.0136 to 0.049
eff. sample size: 416 to 5380
needed thinning: 4 to 49
Diagnostics time 0.17 secs 

Total number of iterations 13441 - required further 0 

Keeping last 60 samples with thinning 49 

Plotting traces and samples.

Current time: 2024-11-25 09:55:26
MCMC + diagnostics time 3.5 mins 

Chain # 4 (chain 4 of 4 for this core)

Datapoints for testing convergence:
 #1 #2 #3 #10 #11 #12 #13 #16 #21 #22 #23 #25 #27 #28 #30 #32 #34 #37 #38 #39 

Iterations: 3600 
|-------------|-------------|-------------|-------------|
|-------------------------------------------------------|

Current time: 2024-11-25 09:55:35
MCMC time 3.6 mins 

USED COMPONENTS: 12 OF 74 

rel. MC standard error: 0.016 to 0.066
eff. sample size: 230 to 3890
needed thinning: 2 to 24
Diagnostics time 1.8 secs 

Total number of iterations 3600 - required further 186 

Chain # 4 - chunk 2 (chain 4 of 4 for this core): increasing by 187 

Iterations: 187 
|-------------|-------------|-------------|-------------|
|-------------------------------------------------------|

Current time: 2024-11-25 09:55:38
MCMC time 3.7 mins 

USED COMPONENTS: 13 OF 74 

rel. MC standard error: 0.0171 to 0.0644
eff. sample size: 241 to 3420
needed thinning: 2 to 24
Diagnostics time 0.093 secs 

Total number of iterations 3787 - required further 186 

Chain # 4 - chunk 3 (chain 4 of 4 for this core): increasing by 187 

Iterations: 187 
|-------------|-------------|-------------|-------------|
|-------------------------------------------------------|

Current time: 2024-11-25 09:55:39
MCMC time 3.7 mins 

USED COMPONENTS: 13 OF 74 

rel. MC standard error: 0.0144 to 0.0636
eff. sample size: 247 to 4820
needed thinning: 2 to 25
Diagnostics time 0.11 secs 

Total number of iterations 3974 - required further 194 

Chain # 4 - chunk 4 (chain 4 of 4 for this core): increasing by 195 

Iterations: 195 
|-------------|-------------|-------------|-------------|
|-------------------------------------------------------|

Current time: 2024-11-25 09:55:40
MCMC time 3.7 mins 

USED COMPONENTS: 12 OF 74 

rel. MC standard error: 0.0158 to 0.0611
eff. sample size: 268 to 4020
needed thinning: 2 to 24
Diagnostics time 0.11 secs 

Total number of iterations 4169 - required further 186 

Chain # 4 - chunk 5 (chain 4 of 4 for this core): increasing by 187 

Iterations: 187 
|-------------|-------------|-------------|-------------|
|-------------------------------------------------------|

Current time: 2024-11-25 09:55:40
MCMC time 3.7 mins 

USED COMPONENTS: 13 OF 74 

rel. MC standard error: 0.0148 to 0.0587
eff. sample size: 290 to 4550
needed thinning: 2 to 23
Diagnostics time 0.092 secs 

Total number of iterations 4356 - required further 179 

Chain # 4 - chunk 6 (chain 4 of 4 for this core): increasing by 180 

Iterations: 180 
|-------------|-------------|-------------|-------------|
|-------------------------------------------------------|

Current time: 2024-11-25 09:55:41
MCMC time 3.7 mins 

USED COMPONENTS: 12 OF 74 

rel. MC standard error: 0.0152 to 0.0576
eff. sample size: 301 to 4340
needed thinning: 2 to 23
Diagnostics time 0.089 secs 

Total number of iterations 4536 - required further 179 

Chain # 4 - chunk 7 (chain 4 of 4 for this core): increasing by 180 

Iterations: 180 
|-------------|-------------|-------------|-------------|
|-------------------------------------------------------|

Current time: 2024-11-25 09:55:41
MCMC time 3.7 mins 

USED COMPONENTS: 14 OF 74 

rel. MC standard error: 0.0154 to 0.0567
eff. sample size: 311 to 4200
needed thinning: 2 to 23
Diagnostics time 0.089 secs 

Total number of iterations 4716 - required further 179 

Chain # 4 - chunk 8 (chain 4 of 4 for this core): increasing by 180 

Iterations: 180 
|-------------|-------------|-------------|-------------|
|-------------------------------------------------------|

Current time: 2024-11-25 09:55:42
MCMC time 3.7 mins 

USED COMPONENTS: 14 OF 74 

rel. MC standard error: 0.00492 to 0.0544
eff. sample size: 338 to 41300
needed thinning: 1 to 22
Diagnostics time 0.099 secs 

Total number of iterations 4896 - required further 171 

Chain # 4 - chunk 9 (chain 4 of 4 for this core): increasing by 172 

Iterations: 172 
|-------------|-------------|-------------|-------------|
|-------------------------------------------------------|

Current time: 2024-11-25 09:55:43
MCMC time 3.8 mins 

USED COMPONENTS: 14 OF 74 

rel. MC standard error: 0.00513 to 0.0539
eff. sample size: 344 to 38000
needed thinning: 1 to 23
Diagnostics time 0.089 secs 

Total number of iterations 5068 - required further 179 

Chain # 4 - chunk 10 (chain 4 of 4 for this core): increasing by 180 

Iterations: 180 
|-------------|-------------|-------------|-------------|
|-------------------------------------------------------|

Current time: 2024-11-25 09:55:43
MCMC time 3.8 mins 

USED COMPONENTS: 13 OF 74 

rel. MC standard error: 0.0144 to 0.0535
eff. sample size: 349 to 4830
needed thinning: 2 to 23
Diagnostics time 0.09 secs 

Total number of iterations 5248 - required further 179 

Chain # 4 - chunk 11 (chain 4 of 4 for this core): increasing by 180 

Iterations: 180 
|-------------|-------------|-------------|-------------|
|-------------------------------------------------------|

Current time: 2024-11-25 09:55:44
MCMC time 3.8 mins 

USED COMPONENTS: 13 OF 74 

rel. MC standard error: 0.0143 to 0.0512
eff. sample size: 382 to 4870
needed thinning: 2 to 22
Diagnostics time 0.09 secs 

Total number of iterations 5428 - required further 171 

Chain # 4 - chunk 12 (chain 4 of 4 for this core): increasing by 172 

Iterations: 172 
|-------------|-------------|-------------|-------------|
|-------------------------------------------------------|

Current time: 2024-11-25 09:55:44
MCMC time 3.8 mins 

USED COMPONENTS: 13 OF 74 

rel. MC standard error: 0.0137 to 0.0503
eff. sample size: 395 to 5320
needed thinning: 2 to 22
Diagnostics time 0.087 secs 

Total number of iterations 5600 - required further 171 

Chain # 4 - chunk 13 (chain 4 of 4 for this core): increasing by 172 

Iterations: 172 
|-------------|-------------|-------------|-------------|
|-------------------------------------------------------|

Current time: 2024-11-25 09:55:45
MCMC time 3.8 mins 

USED COMPONENTS: 13 OF 74 

rel. MC standard error: 0.0127 to 0.0493
eff. sample size: 411 to 6180
needed thinning: 2 to 22
Diagnostics time 0.088 secs 

Total number of iterations 5772 - required further 0 

Keeping last 60 samples with thinning 22 

Plotting traces and samples.

Current time: 2024-11-25 09:55:45
MCMC + diagnostics time 3.8 mins 

Current time: 2024-11-25 09:55:45
Total time 3.8 mins 
loaded inferno and set parent environment
loaded inferno and set parent environment
loaded inferno and set parent environment
loaded inferno and set parent environment
