Log core 2 - Current time: 2024-11-25 09:50:31
Defining model
Building model
Setting data and initial values
Running calculate on model
  [Note] Any error reports that follow may simply reflect missing values in model variables.
Checking model sizes and dimensions
Compiling
  [Note] This may take a minute.
  [Note] Use 'showCompilerOutput = TRUE' to see C++ compilation details.
===== Monitors =====
thin = 1: Bprob, Rmean, Rvar, W
thin2 = 1: K
===== Samplers =====
conjugate sampler (519)
  - Rmean[]  (148 elements)
  - Rrate[]  (148 elements)
  - Bprob[]  (74 elements)
  - Rvar[]  (148 elements)
  - W[1:74] 
categorical sampler (41)
  - Alpha
  - K[]  (40 elements)
===== Monitors =====
thin = 1: Bprob, Rmean, Rvar, W
thin2 = 1: K
===== Samplers =====
slice sampler (41)
  - Alpha
  - K[]  (40 elements)
conjugate sampler (519)
  - Rmean[]  (148 elements)
  - Rrate[]  (148 elements)
  - Bprob[]  (74 elements)
  - Rvar[]  (148 elements)
  - W[1:74] 
Compiling
  [Note] This may take a minute.
  [Note] Use 'showCompilerOutput = TRUE' to see C++ compilation details.

Setup time 1.5 mins 

Chain # 5 (chain 1 of 4 for this core)

Datapoints for testing convergence:
 #1 #3 #8 #10 #13 #15 #17 #20 #21 #22 #23 #26 #28 #30 #33 #36 #37 #38 #39 #40 

Iterations: 3600 
|-------------|-------------|-------------|-------------|
|-------------------------------------------------------|

Current time: 2024-11-25 09:52:21
MCMC time 23 secs 

USED COMPONENTS: 15 OF 74 

rel. MC standard error: 0.0198 to 0.0536
eff. sample size: 348 to 2550
needed thinning: 3 to 16
Diagnostics time 3 secs 

Total number of iterations 3600 - required further 124 

Chain # 5 - chunk 2 (chain 1 of 4 for this core): increasing by 125 

Iterations: 125 
|-------------|-------------|-------------|-------------|
|-------------------------------------------------------|

Current time: 2024-11-25 09:52:27
MCMC time 29 secs 

USED COMPONENTS: 15 OF 74 

rel. MC standard error: 0.0211 to 0.0538
eff. sample size: 345 to 2240
needed thinning: 3 to 17
Diagnostics time 0.13 secs 

Total number of iterations 3725 - required further 132 

Chain # 5 - chunk 3 (chain 1 of 4 for this core): increasing by 133 

Iterations: 133 
|-------------|-------------|-------------|-------------|
|-------------------------------------------------------|

Current time: 2024-11-25 09:52:28
MCMC time 30 secs 

USED COMPONENTS: 15 OF 74 

rel. MC standard error: 0.0217 to 0.0519
eff. sample size: 371 to 2120
needed thinning: 3 to 16
Diagnostics time 0.13 secs 

Total number of iterations 3858 - required further 124 

Chain # 5 - chunk 4 (chain 1 of 4 for this core): increasing by 125 

Iterations: 125 
|-------------|-------------|-------------|-------------|
|-------------------------------------------------------|

Current time: 2024-11-25 09:52:29
MCMC time 31 secs 

USED COMPONENTS: 15 OF 74 

rel. MC standard error: 0.02 to 0.0521
eff. sample size: 369 to 2510
needed thinning: 3 to 17
Diagnostics time 0.11 secs 

Total number of iterations 3983 - required further 132 

Chain # 5 - chunk 5 (chain 1 of 4 for this core): increasing by 133 

Iterations: 133 
|-------------|-------------|-------------|-------------|
|-------------------------------------------------------|

Current time: 2024-11-25 09:52:30
MCMC time 32 secs 

USED COMPONENTS: 15 OF 74 

rel. MC standard error: 0.0186 to 0.0502
eff. sample size: 398 to 2900
needed thinning: 3 to 16
Diagnostics time 0.11 secs 

Total number of iterations 4116 - required further 124 

Chain # 5 - chunk 6 (chain 1 of 4 for this core): increasing by 125 

Iterations: 125 
|-------------|-------------|-------------|-------------|
|-------------------------------------------------------|

Current time: 2024-11-25 09:52:31
MCMC time 33 secs 

USED COMPONENTS: 16 OF 74 

rel. MC standard error: 0.0194 to 0.0488
eff. sample size: 419 to 2660
needed thinning: 3 to 16
Diagnostics time 0.13 secs 

Total number of iterations 4241 - required further 0 

Keeping last 60 samples with thinning 16 

Plotting traces and samples.

Current time: 2024-11-25 09:52:31
MCMC + diagnostics time 33 secs 

Chain # 6 (chain 2 of 4 for this core)

Datapoints for testing convergence:
 #1 #2 #4 #7 #12 #13 #14 #16 #18 #19 #20 #21 #27 #29 #31 #36 #37 #38 #39 #40 

Iterations: 3600 
|-------------|-------------|-------------|-------------|
|-------------------------------------------------------|

Current time: 2024-11-25 09:52:52
MCMC time 54 secs 

USED COMPONENTS: 14 OF 74 

rel. MC standard error: 0.0157 to 0.0383
eff. sample size: 681 to 4040
needed thinning: 2 to 8
Diagnostics time 2.6 secs 

Total number of iterations 3600 - required further 0 

Keeping last 60 samples with thinning 8 

Plotting traces and samples.

Current time: 2024-11-25 09:52:56
MCMC + diagnostics time 58 secs 

Chain # 7 (chain 3 of 4 for this core)

Datapoints for testing convergence:
 #2 #3 #4 #5 #10 #11 #14 #15 #17 #18 #20 #23 #27 #28 #33 #34 #35 #36 #38 #40 

Iterations: 3600 
|-------------|-------------|-------------|-------------|
|-------------------------------------------------------|

Current time: 2024-11-25 09:53:17
MCMC time 1.3 mins 

USED COMPONENTS: 16 OF 74 

rel. MC standard error: 0.0216 to 0.058
eff. sample size: 297 to 2140
needed thinning: 3 to 19
Diagnostics time 2.8 secs 

Total number of iterations 3600 - required further 148 

Chain # 7 - chunk 2 (chain 3 of 4 for this core): increasing by 149 

Iterations: 149 
|-------------|-------------|-------------|-------------|
|-------------------------------------------------------|

Current time: 2024-11-25 09:53:22
MCMC time 1.4 mins 

USED COMPONENTS: 17 OF 74 

rel. MC standard error: 0.0215 to 0.0579
eff. sample size: 298 to 2170
needed thinning: 3 to 19
Diagnostics time 0.6 secs 

Total number of iterations 3749 - required further 148 

Chain # 7 - chunk 3 (chain 3 of 4 for this core): increasing by 149 

Iterations: 149 
|-------------|-------------|-------------|-------------|
|-------------------------------------------------------|

Current time: 2024-11-25 09:53:23
MCMC time 1.4 mins 

USED COMPONENTS: 16 OF 74 

rel. MC standard error: 0.0204 to 0.0604
eff. sample size: 274 to 2410
needed thinning: 3 to 22
Diagnostics time 0.12 secs 

Total number of iterations 3898 - required further 171 

Chain # 7 - chunk 4 (chain 3 of 4 for this core): increasing by 172 

Iterations: 172 
|-------------|-------------|-------------|-------------|
|-------------------------------------------------------|

Current time: 2024-11-25 09:53:24
MCMC time 1.4 mins 

USED COMPONENTS: 15 OF 74 

rel. MC standard error: 0.0219 to 0.0645
eff. sample size: 241 to 2090
needed thinning: 3 to 26
Diagnostics time 0.15 secs 

Total number of iterations 4070 - required further 202 

Chain # 7 - chunk 5 (chain 3 of 4 for this core): increasing by 203 

Iterations: 203 
|-------------|-------------|-------------|-------------|
|-------------------------------------------------------|

Current time: 2024-11-25 09:53:26
MCMC time 1.5 mins 

USED COMPONENTS: 15 OF 74 

rel. MC standard error: 0.0212 to 0.0602
eff. sample size: 276 to 2220
needed thinning: 3 to 24
Diagnostics time 0.17 secs 

Total number of iterations 4273 - required further 186 

Chain # 7 - chunk 6 (chain 3 of 4 for this core): increasing by 187 

Iterations: 187 
|-------------|-------------|-------------|-------------|
|-------------------------------------------------------|

Current time: 2024-11-25 09:53:27
MCMC time 1.5 mins 

USED COMPONENTS: 15 OF 74 

rel. MC standard error: 0.0206 to 0.0588
eff. sample size: 289 to 2360
needed thinning: 3 to 24
Diagnostics time 0.13 secs 

Total number of iterations 4460 - required further 186 

Chain # 7 - chunk 7 (chain 3 of 4 for this core): increasing by 187 

Iterations: 187 
|-------------|-------------|-------------|-------------|
|-------------------------------------------------------|

Current time: 2024-11-25 09:53:29
MCMC time 1.5 mins 

USED COMPONENTS: 15 OF 74 

rel. MC standard error: 0.0186 to 0.0585
eff. sample size: 292 to 2900
needed thinning: 3 to 24
Diagnostics time 0.13 secs 

Total number of iterations 4647 - required further 186 

Chain # 7 - chunk 8 (chain 3 of 4 for this core): increasing by 187 

Iterations: 187 
|-------------|-------------|-------------|-------------|
|-------------------------------------------------------|

Current time: 2024-11-25 09:53:30
MCMC time 1.5 mins 

USED COMPONENTS: 14 OF 74 

rel. MC standard error: 0.0173 to 0.0553
eff. sample size: 327 to 3340
needed thinning: 3 to 23
Diagnostics time 0.16 secs 

Total number of iterations 4834 - required further 179 

Chain # 7 - chunk 9 (chain 3 of 4 for this core): increasing by 180 

Iterations: 180 
|-------------|-------------|-------------|-------------|
|-------------------------------------------------------|

Current time: 2024-11-25 09:53:31
MCMC time 1.6 mins 

USED COMPONENTS: 14 OF 74 

rel. MC standard error: 0.0175 to 0.0572
eff. sample size: 305 to 3270
needed thinning: 3 to 25
Diagnostics time 0.16 secs 

Total number of iterations 5014 - required further 194 

Chain # 7 - chunk 10 (chain 3 of 4 for this core): increasing by 195 

Iterations: 195 
|-------------|-------------|-------------|-------------|
|-------------------------------------------------------|

Current time: 2024-11-25 09:53:32
MCMC time 1.6 mins 

USED COMPONENTS: 15 OF 74 

rel. MC standard error: 0.0161 to 0.0578
eff. sample size: 300 to 3840
needed thinning: 3 to 27
Diagnostics time 0.16 secs 

Total number of iterations 5209 - required further 210 

Chain # 7 - chunk 11 (chain 3 of 4 for this core): increasing by 211 

Iterations: 211 
|-------------|-------------|-------------|-------------|
|-------------------------------------------------------|

Current time: 2024-11-25 09:53:34
MCMC time 1.6 mins 

USED COMPONENTS: 15 OF 74 

rel. MC standard error: 0.0166 to 0.0553
eff. sample size: 327 to 3620
needed thinning: 3 to 25
Diagnostics time 0.17 secs 

Total number of iterations 5420 - required further 194 

Chain # 7 - chunk 12 (chain 3 of 4 for this core): increasing by 195 

Iterations: 195 
|-------------|-------------|-------------|-------------|
|-------------------------------------------------------|

Current time: 2024-11-25 09:53:35
MCMC time 1.6 mins 

USED COMPONENTS: 14 OF 74 

rel. MC standard error: 0.0159 to 0.0551
eff. sample size: 329 to 3950
needed thinning: 3 to 26
Diagnostics time 0.16 secs 

Total number of iterations 5615 - required further 202 

Chain # 7 - chunk 13 (chain 3 of 4 for this core): increasing by 203 

Iterations: 203 
|-------------|-------------|-------------|-------------|
|-------------------------------------------------------|

Current time: 2024-11-25 09:53:37
MCMC time 1.6 mins 

USED COMPONENTS: 16 OF 74 

rel. MC standard error: 0.0154 to 0.0527
eff. sample size: 360 to 4220
needed thinning: 3 to 25
Diagnostics time 0.2 secs 

Total number of iterations 5818 - required further 194 

Chain # 7 - chunk 14 (chain 3 of 4 for this core): increasing by 195 

Iterations: 195 
|-------------|-------------|-------------|-------------|
|-------------------------------------------------------|

Current time: 2024-11-25 09:53:38
MCMC time 1.7 mins 

USED COMPONENTS: 14 OF 74 

rel. MC standard error: 0.0155 to 0.0555
eff. sample size: 325 to 4160
needed thinning: 3 to 28
Diagnostics time 0.14 secs 

Total number of iterations 6013 - required further 217 

Chain # 7 - chunk 15 (chain 3 of 4 for this core): increasing by 218 

Iterations: 218 
|-------------|-------------|-------------|-------------|
|-------------------------------------------------------|

Current time: 2024-11-25 09:53:40
MCMC time 1.7 mins 

USED COMPONENTS: 14 OF 74 

rel. MC standard error: 0.0156 to 0.0554
eff. sample size: 326 to 4100
needed thinning: 3 to 29
Diagnostics time 0.15 secs 

Total number of iterations 6231 - required further 225 

Chain # 7 - chunk 16 (chain 3 of 4 for this core): increasing by 226 

Iterations: 226 
|-------------|-------------|-------------|-------------|
|-------------------------------------------------------|

Current time: 2024-11-25 09:53:41
MCMC time 1.7 mins 

USED COMPONENTS: 15 OF 74 

rel. MC standard error: 0.0153 to 0.0536
eff. sample size: 348 to 4280
needed thinning: 3 to 28
Diagnostics time 0.17 secs 

Total number of iterations 6457 - required further 217 

Chain # 7 - chunk 17 (chain 3 of 4 for this core): increasing by 218 

Iterations: 218 
|-------------|-------------|-------------|-------------|
|-------------------------------------------------------|

Current time: 2024-11-25 09:53:43
MCMC time 1.7 mins 

USED COMPONENTS: 14 OF 74 

rel. MC standard error: 0.0144 to 0.0503
eff. sample size: 395 to 4830
needed thinning: 3 to 26
Diagnostics time 0.17 secs 

Total number of iterations 6675 - required further 202 

Chain # 7 - chunk 18 (chain 3 of 4 for this core): increasing by 203 

Iterations: 203 
|-------------|-------------|-------------|-------------|
|-------------------------------------------------------|

Current time: 2024-11-25 09:53:44
MCMC time 1.8 mins 

USED COMPONENTS: 14 OF 74 

rel. MC standard error: 0.0147 to 0.0515
eff. sample size: 377 to 4600
needed thinning: 3 to 28
Diagnostics time 0.18 secs 

Total number of iterations 6878 - required further 217 

Chain # 7 - chunk 19 (chain 3 of 4 for this core): increasing by 218 

Iterations: 218 
|-------------|-------------|-------------|-------------|
|-------------------------------------------------------|

Current time: 2024-11-25 09:53:45
MCMC time 1.8 mins 

USED COMPONENTS: 15 OF 74 

rel. MC standard error: 0.0148 to 0.0528
eff. sample size: 358 to 4540
needed thinning: 3 to 30
Diagnostics time 0.19 secs 

Total number of iterations 7096 - required further 233 

Chain # 7 - chunk 20 (chain 3 of 4 for this core): increasing by 234 

Iterations: 234 
|-------------|-------------|-------------|-------------|
|-------------------------------------------------------|

Current time: 2024-11-25 09:53:47
MCMC time 1.8 mins 

USED COMPONENTS: 15 OF 74 

rel. MC standard error: 0.0133 to 0.0531
eff. sample size: 355 to 5670
needed thinning: 2 to 32
Diagnostics time 0.2 secs 

Total number of iterations 7330 - required further 248 

Chain # 7 - chunk 21 (chain 3 of 4 for this core): increasing by 249 

Iterations: 249 
|-------------|-------------|-------------|-------------|
|-------------------------------------------------------|

Current time: 2024-11-25 09:53:49
MCMC time 1.8 mins 

USED COMPONENTS: 15 OF 74 

rel. MC standard error: 0.0136 to 0.0506
eff. sample size: 391 to 5410
needed thinning: 3 to 30
Diagnostics time 0.19 secs 

Total number of iterations 7579 - required further 233 

Chain # 7 - chunk 22 (chain 3 of 4 for this core): increasing by 234 

Iterations: 234 
|-------------|-------------|-------------|-------------|
|-------------------------------------------------------|

Current time: 2024-11-25 09:53:50
MCMC time 1.9 mins 

USED COMPONENTS: 14 OF 74 

rel. MC standard error: 0.0131 to 0.0489
eff. sample size: 418 to 5840
needed thinning: 3 to 29
Diagnostics time 0.18 secs 

Total number of iterations 7813 - required further 0 

Keeping last 60 samples with thinning 29 

Plotting traces and samples.

Current time: 2024-11-25 09:53:51
MCMC + diagnostics time 1.9 mins 

Chain # 8 (chain 4 of 4 for this core)

Datapoints for testing convergence:
 #3 #4 #7 #10 #12 #13 #15 #17 #18 #25 #26 #28 #29 #31 #32 #33 #34 #37 #39 #40 

Iterations: 3600 
|-------------|-------------|-------------|-------------|
|-------------------------------------------------------|

Current time: 2024-11-25 09:54:13
MCMC time 2.2 mins 

USED COMPONENTS: 15 OF 74 

rel. MC standard error: 0.0194 to 0.0562
eff. sample size: 317 to 2660
needed thinning: 3 to 18
Diagnostics time 2.7 secs 

Total number of iterations 3600 - required further 140 

Chain # 8 - chunk 2 (chain 4 of 4 for this core): increasing by 141 

Iterations: 141 
|-------------|-------------|-------------|-------------|
|-------------------------------------------------------|

Current time: 2024-11-25 09:54:17
MCMC time 2.3 mins 

USED COMPONENTS: 13 OF 74 

rel. MC standard error: 0.018 to 0.0639
eff. sample size: 245 to 3080
needed thinning: 2 to 23
Diagnostics time 0.17 secs 

Total number of iterations 3741 - required further 179 

Chain # 8 - chunk 3 (chain 4 of 4 for this core): increasing by 180 

Iterations: 180 
|-------------|-------------|-------------|-------------|
|-------------------------------------------------------|

Current time: 2024-11-25 09:54:18
MCMC time 2.3 mins 

USED COMPONENTS: 13 OF 74 

rel. MC standard error: 0.0194 to 0.0686
eff. sample size: 213 to 2660
needed thinning: 3 to 28
Diagnostics time 0.12 secs 

Total number of iterations 3921 - required further 233 

Chain # 8 - chunk 4 (chain 4 of 4 for this core): increasing by 234 

Iterations: 234 
|-------------|-------------|-------------|-------------|
|-------------------------------------------------------|

Current time: 2024-11-25 09:54:20
MCMC time 2.4 mins 

USED COMPONENTS: 13 OF 74 

rel. MC standard error: 0.0082 to 0.0681
eff. sample size: 216 to 14900
needed thinning: 1 to 29
Diagnostics time 0.18 secs 

Total number of iterations 4155 - required further 225 

Chain # 8 - chunk 5 (chain 4 of 4 for this core): increasing by 226 

Iterations: 226 
|-------------|-------------|-------------|-------------|
|-------------------------------------------------------|

Current time: 2024-11-25 09:54:21
MCMC time 2.4 mins 

USED COMPONENTS: 11 OF 74 

rel. MC standard error: 0.0163 to 0.0678
eff. sample size: 218 to 3770
needed thinning: 2 to 31
Diagnostics time 0.18 secs 

Total number of iterations 4381 - required further 241 

Chain # 8 - chunk 6 (chain 4 of 4 for this core): increasing by 242 

Iterations: 242 
|-------------|-------------|-------------|-------------|
|-------------------------------------------------------|

Current time: 2024-11-25 09:54:23
MCMC time 2.4 mins 

USED COMPONENTS: 11 OF 74 

rel. MC standard error: 0.0176 to 0.0661
eff. sample size: 229 to 3220
needed thinning: 3 to 31
Diagnostics time 0.2 secs 

Total number of iterations 4623 - required further 241 

Chain # 8 - chunk 7 (chain 4 of 4 for this core): increasing by 242 

Iterations: 242 
|-------------|-------------|-------------|-------------|
|-------------------------------------------------------|

Current time: 2024-11-25 09:54:25
MCMC time 2.4 mins 

USED COMPONENTS: 12 OF 74 

rel. MC standard error: 0.0157 to 0.0656
eff. sample size: 233 to 4080
needed thinning: 2 to 32
Diagnostics time 0.21 secs 

Total number of iterations 4865 - required further 248 

Chain # 8 - chunk 8 (chain 4 of 4 for this core): increasing by 249 

Iterations: 249 
|-------------|-------------|-------------|-------------|
|-------------------------------------------------------|

Current time: 2024-11-25 09:54:26
MCMC time 2.5 mins 

USED COMPONENTS: 11 OF 74 

rel. MC standard error: 0.0159 to 0.0637
eff. sample size: 246 to 3940
needed thinning: 2 to 32
Diagnostics time 0.19 secs 

Total number of iterations 5114 - required further 248 

Chain # 8 - chunk 9 (chain 4 of 4 for this core): increasing by 249 

Iterations: 249 
|-------------|-------------|-------------|-------------|
|-------------------------------------------------------|

Current time: 2024-11-25 09:54:28
MCMC time 2.5 mins 

USED COMPONENTS: 11 OF 74 

rel. MC standard error: 0.0162 to 0.0624
eff. sample size: 257 to 3790
needed thinning: 3 to 32
Diagnostics time 0.24 secs 

Total number of iterations 5363 - required further 248 

Chain # 8 - chunk 10 (chain 4 of 4 for this core): increasing by 249 

Iterations: 249 
|-------------|-------------|-------------|-------------|
|-------------------------------------------------------|

Current time: 2024-11-25 09:54:30
MCMC time 2.5 mins 

USED COMPONENTS: 13 OF 74 

rel. MC standard error: 0.0159 to 0.0606
eff. sample size: 272 to 3950
needed thinning: 3 to 31
Diagnostics time 0.19 secs 

Total number of iterations 5612 - required further 241 

Chain # 8 - chunk 11 (chain 4 of 4 for this core): increasing by 242 

Iterations: 242 
|-------------|-------------|-------------|-------------|
|-------------------------------------------------------|

Current time: 2024-11-25 09:54:32
MCMC time 2.6 mins 

USED COMPONENTS: 12 OF 74 

rel. MC standard error: 0.0156 to 0.0594
eff. sample size: 284 to 4120
needed thinning: 3 to 31
Diagnostics time 0.19 secs 

Total number of iterations 5854 - required further 241 

Chain # 8 - chunk 12 (chain 4 of 4 for this core): increasing by 242 

Iterations: 242 
|-------------|-------------|-------------|-------------|
|-------------------------------------------------------|

Current time: 2024-11-25 09:54:33
MCMC time 2.6 mins 

USED COMPONENTS: 12 OF 74 

rel. MC standard error: 0.0151 to 0.0586
eff. sample size: 292 to 4380
needed thinning: 3 to 32
Diagnostics time 0.2 secs 

Total number of iterations 6096 - required further 248 

Chain # 8 - chunk 13 (chain 4 of 4 for this core): increasing by 249 

Iterations: 249 
|-------------|-------------|-------------|-------------|
|-------------------------------------------------------|

Current time: 2024-11-25 09:54:35
MCMC time 2.6 mins 

USED COMPONENTS: 13 OF 74 

rel. MC standard error: 0.0165 to 0.0565
eff. sample size: 313 to 3670
needed thinning: 3 to 31
Diagnostics time 0.19 secs 

Total number of iterations 6345 - required further 241 

Chain # 8 - chunk 14 (chain 4 of 4 for this core): increasing by 242 

Iterations: 242 
|-------------|-------------|-------------|-------------|
|-------------------------------------------------------|

Current time: 2024-11-25 09:54:37
MCMC time 2.6 mins 

USED COMPONENTS: 13 OF 74 

rel. MC standard error: 0.0143 to 0.0559
eff. sample size: 320 to 4890
needed thinning: 3 to 31
Diagnostics time 0.21 secs 

Total number of iterations 6587 - required further 241 

Chain # 8 - chunk 15 (chain 4 of 4 for this core): increasing by 242 

Iterations: 242 
|-------------|-------------|-------------|-------------|
|-------------------------------------------------------|

Current time: 2024-11-25 09:54:38
MCMC time 2.7 mins 

USED COMPONENTS: 13 OF 74 

rel. MC standard error: 0.015 to 0.0543
eff. sample size: 340 to 4450
needed thinning: 3 to 31
Diagnostics time 0.67 secs 

Total number of iterations 6829 - required further 241 

Chain # 8 - chunk 16 (chain 4 of 4 for this core): increasing by 242 

Iterations: 242 
|-------------|-------------|-------------|-------------|
|-------------------------------------------------------|

Current time: 2024-11-25 09:54:41
MCMC time 2.7 mins 

USED COMPONENTS: 14 OF 74 

rel. MC standard error: 0.0145 to 0.0541
eff. sample size: 341 to 4770
needed thinning: 3 to 32
Diagnostics time 0.19 secs 

Total number of iterations 7071 - required further 248 

Chain # 8 - chunk 17 (chain 4 of 4 for this core): increasing by 249 

Iterations: 249 
|-------------|-------------|-------------|-------------|
|-------------------------------------------------------|

Current time: 2024-11-25 09:54:42
MCMC time 2.7 mins 

USED COMPONENTS: 14 OF 74 

rel. MC standard error: 0.0136 to 0.0525
eff. sample size: 363 to 5370
needed thinning: 3 to 31
Diagnostics time 0.2 secs 

Total number of iterations 7320 - required further 241 

Chain # 8 - chunk 18 (chain 4 of 4 for this core): increasing by 242 

Iterations: 242 
|-------------|-------------|-------------|-------------|
|-------------------------------------------------------|

Current time: 2024-11-25 09:54:44
MCMC time 2.8 mins 

USED COMPONENTS: 14 OF 74 

rel. MC standard error: 0.0134 to 0.0522
eff. sample size: 367 to 5610
needed thinning: 3 to 31
Diagnostics time 0.19 secs 

Total number of iterations 7562 - required further 241 

Chain # 8 - chunk 19 (chain 4 of 4 for this core): increasing by 242 

Iterations: 242 
|-------------|-------------|-------------|-------------|
|-------------------------------------------------------|

Current time: 2024-11-25 09:54:46
MCMC time 2.8 mins 

USED COMPONENTS: 14 OF 74 

rel. MC standard error: 0.0132 to 0.0513
eff. sample size: 380 to 5770
needed thinning: 3 to 31
Diagnostics time 0.19 secs 

Total number of iterations 7804 - required further 241 

Chain # 8 - chunk 20 (chain 4 of 4 for this core): increasing by 242 

Iterations: 242 
|-------------|-------------|-------------|-------------|
|-------------------------------------------------------|

Current time: 2024-11-25 09:54:47
MCMC time 2.8 mins 

USED COMPONENTS: 14 OF 74 

rel. MC standard error: 0.0135 to 0.0498
eff. sample size: 403 to 5460
needed thinning: 3 to 30
Diagnostics time 0.19 secs 

Total number of iterations 8046 - required further 0 

Keeping last 60 samples with thinning 30 

Plotting traces and samples.

Current time: 2024-11-25 09:54:48
MCMC + diagnostics time 2.8 mins 

Current time: 2024-11-25 09:54:48
Total time 2.8 mins 
loaded inferno and set parent environment
loaded inferno and set parent environment
loaded inferno and set parent environment
loaded inferno and set parent environment
