Log core 4 - Current time: 2024-11-25 09:50:31
Defining model
Building model
Setting data and initial values
Running calculate on model
  [Note] Any error reports that follow may simply reflect missing values in model variables.
Checking model sizes and dimensions
Compiling
  [Note] This may take a minute.
  [Note] Use 'showCompilerOutput = TRUE' to see C++ compilation details.
===== Monitors =====
thin = 1: Bprob, Rmean, Rvar, W
thin2 = 1: K
===== Samplers =====
conjugate sampler (519)
  - Rmean[]  (148 elements)
  - Rrate[]  (148 elements)
  - Bprob[]  (74 elements)
  - Rvar[]  (148 elements)
  - W[1:74] 
categorical sampler (41)
  - Alpha
  - K[]  (40 elements)
===== Monitors =====
thin = 1: Bprob, Rmean, Rvar, W
thin2 = 1: K
===== Samplers =====
slice sampler (41)
  - Alpha
  - K[]  (40 elements)
conjugate sampler (519)
  - Rmean[]  (148 elements)
  - Rrate[]  (148 elements)
  - Bprob[]  (74 elements)
  - Rvar[]  (148 elements)
  - W[1:74] 
Compiling
  [Note] This may take a minute.
  [Note] Use 'showCompilerOutput = TRUE' to see C++ compilation details.

Setup time 1.5 mins 

Chain # 13 (chain 1 of 4 for this core)

Datapoints for testing convergence:
 #1 #2 #7 #9 #15 #16 #17 #18 #19 #20 #23 #24 #25 #26 #27 #31 #32 #35 #39 #40 

Iterations: 3600 
|-------------|-------------|-------------|-------------|
|-------------------------------------------------------|

Current time: 2024-11-25 09:52:21
MCMC time 23 secs 

USED COMPONENTS: 17 OF 74 

rel. MC standard error: 0.0173 to 0.0585
eff. sample size: 292 to 3340
needed thinning: 2 to 19
Diagnostics time 3 secs 

Total number of iterations 3600 - required further 148 

Chain # 13 - chunk 2 (chain 1 of 4 for this core): increasing by 149 

Iterations: 149 
|-------------|-------------|-------------|-------------|
|-------------------------------------------------------|

Current time: 2024-11-25 09:52:28
MCMC time 30 secs 

USED COMPONENTS: 15 OF 74 

rel. MC standard error: 0.0172 to 0.0601
eff. sample size: 277 to 3380
needed thinning: 2 to 21
Diagnostics time 0.14 secs 

Total number of iterations 3749 - required further 163 

Chain # 13 - chunk 3 (chain 1 of 4 for this core): increasing by 164 

Iterations: 164 
|-------------|-------------|-------------|-------------|
|-------------------------------------------------------|

Current time: 2024-11-25 09:52:29
MCMC time 31 secs 

USED COMPONENTS: 16 OF 74 

rel. MC standard error: 0.0165 to 0.0611
eff. sample size: 268 to 3690
needed thinning: 2 to 22
Diagnostics time 0.15 secs 

Total number of iterations 3913 - required further 171 

Chain # 13 - chunk 4 (chain 1 of 4 for this core): increasing by 172 

Iterations: 172 
|-------------|-------------|-------------|-------------|
|-------------------------------------------------------|

Current time: 2024-11-25 09:52:30
MCMC time 32 secs 

USED COMPONENTS: 15 OF 74 

rel. MC standard error: 0.0181 to 0.0621
eff. sample size: 259 to 3060
needed thinning: 2 to 24
Diagnostics time 0.15 secs 

Total number of iterations 4085 - required further 186 

Chain # 13 - chunk 5 (chain 1 of 4 for this core): increasing by 187 

Iterations: 187 
|-------------|-------------|-------------|-------------|
|-------------------------------------------------------|

Current time: 2024-11-25 09:52:32
MCMC time 33 secs 

USED COMPONENTS: 14 OF 74 

rel. MC standard error: 0.0167 to 0.063
eff. sample size: 252 to 3560
needed thinning: 2 to 26
Diagnostics time 0.16 secs 

Total number of iterations 4272 - required further 202 

Chain # 13 - chunk 6 (chain 1 of 4 for this core): increasing by 203 

Iterations: 203 
|-------------|-------------|-------------|-------------|
|-------------------------------------------------------|

Current time: 2024-11-25 09:52:33
MCMC time 35 secs 

USED COMPONENTS: 13 OF 74 

rel. MC standard error: 0.0144 to 0.0635
eff. sample size: 248 to 4850
needed thinning: 2 to 28
Diagnostics time 0.18 secs 

Total number of iterations 4475 - required further 217 

Chain # 13 - chunk 7 (chain 1 of 4 for this core): increasing by 218 

Iterations: 218 
|-------------|-------------|-------------|-------------|
|-------------------------------------------------------|

Current time: 2024-11-25 09:52:35
MCMC time 37 secs 

USED COMPONENTS: 12 OF 74 

rel. MC standard error: 0.0147 to 0.0644
eff. sample size: 241 to 4610
needed thinning: 2 to 30
Diagnostics time 0.17 secs 

Total number of iterations 4693 - required further 233 

Chain # 13 - chunk 8 (chain 1 of 4 for this core): increasing by 234 

Iterations: 234 
|-------------|-------------|-------------|-------------|
|-------------------------------------------------------|

Current time: 2024-11-25 09:52:37
MCMC time 38 secs 

USED COMPONENTS: 12 OF 74 

rel. MC standard error: 0.0135 to 0.0626
eff. sample size: 255 to 5490
needed thinning: 2 to 29
Diagnostics time 0.19 secs 

Total number of iterations 4927 - required further 225 

Chain # 13 - chunk 9 (chain 1 of 4 for this core): increasing by 226 

Iterations: 226 
|-------------|-------------|-------------|-------------|
|-------------------------------------------------------|

Current time: 2024-11-25 09:52:38
MCMC time 40 secs 

USED COMPONENTS: 13 OF 74 

rel. MC standard error: 0.0149 to 0.0599
eff. sample size: 279 to 4490
needed thinning: 2 to 28
Diagnostics time 0.18 secs 

Total number of iterations 5153 - required further 217 

Chain # 13 - chunk 10 (chain 1 of 4 for this core): increasing by 218 

Iterations: 218 
|-------------|-------------|-------------|-------------|
|-------------------------------------------------------|

Current time: 2024-11-25 09:52:40
MCMC time 42 secs 

USED COMPONENTS: 12 OF 74 

rel. MC standard error: 0.0143 to 0.0594
eff. sample size: 283 to 4910
needed thinning: 2 to 29
Diagnostics time 0.71 secs 

Total number of iterations 5371 - required further 225 

Chain # 13 - chunk 11 (chain 1 of 4 for this core): increasing by 226 

Iterations: 226 
|-------------|-------------|-------------|-------------|
|-------------------------------------------------------|

Current time: 2024-11-25 09:52:42
MCMC time 44 secs 

USED COMPONENTS: 12 OF 74 

rel. MC standard error: 0.0138 to 0.0579
eff. sample size: 298 to 5240
needed thinning: 2 to 29
Diagnostics time 0.18 secs 

Total number of iterations 5597 - required further 225 

Chain # 13 - chunk 12 (chain 1 of 4 for this core): increasing by 226 

Iterations: 226 
|-------------|-------------|-------------|-------------|
|-------------------------------------------------------|

Current time: 2024-11-25 09:52:44
MCMC time 46 secs 

USED COMPONENTS: 13 OF 74 

rel. MC standard error: 0.0128 to 0.057
eff. sample size: 308 to 6080
needed thinning: 2 to 29
Diagnostics time 0.16 secs 

Total number of iterations 5823 - required further 225 

Chain # 13 - chunk 13 (chain 1 of 4 for this core): increasing by 226 

Iterations: 226 
|-------------|-------------|-------------|-------------|
|-------------------------------------------------------|

Current time: 2024-11-25 09:52:46
MCMC time 48 secs 

USED COMPONENTS: 13 OF 74 

rel. MC standard error: 0.0139 to 0.0556
eff. sample size: 323 to 5210
needed thinning: 2 to 29
Diagnostics time 0.16 secs 

Total number of iterations 6049 - required further 225 

Chain # 13 - chunk 14 (chain 1 of 4 for this core): increasing by 226 

Iterations: 226 
|-------------|-------------|-------------|-------------|
|-------------------------------------------------------|

Current time: 2024-11-25 09:52:47
MCMC time 49 secs 

USED COMPONENTS: 13 OF 74 

rel. MC standard error: 0.0142 to 0.0543
eff. sample size: 340 to 4940
needed thinning: 2 to 28
Diagnostics time 0.18 secs 

Total number of iterations 6275 - required further 217 

Chain # 13 - chunk 15 (chain 1 of 4 for this core): increasing by 218 

Iterations: 218 
|-------------|-------------|-------------|-------------|
|-------------------------------------------------------|

Current time: 2024-11-25 09:52:49
MCMC time 51 secs 

USED COMPONENTS: 14 OF 74 

rel. MC standard error: 0.0184 to 0.0523
eff. sample size: 365 to 2960
needed thinning: 4 to 27
Diagnostics time 0.17 secs 

Total number of iterations 6493 - required further 210 

Chain # 13 - chunk 16 (chain 1 of 4 for this core): increasing by 211 

Iterations: 211 
|-------------|-------------|-------------|-------------|
|-------------------------------------------------------|

Current time: 2024-11-25 09:52:50
MCMC time 52 secs 

USED COMPONENTS: 13 OF 74 

rel. MC standard error: 0.018 to 0.0516
eff. sample size: 375 to 3070
needed thinning: 4 to 27
Diagnostics time 0.17 secs 

Total number of iterations 6704 - required further 210 

Chain # 13 - chunk 17 (chain 1 of 4 for this core): increasing by 211 

Iterations: 211 
|-------------|-------------|-------------|-------------|
|-------------------------------------------------------|

Current time: 2024-11-25 09:52:52
MCMC time 54 secs 

USED COMPONENTS: 13 OF 74 

rel. MC standard error: 0.0198 to 0.0513
eff. sample size: 380 to 2550
needed thinning: 5 to 28
Diagnostics time 0.14 secs 

Total number of iterations 6915 - required further 217 

Chain # 13 - chunk 18 (chain 1 of 4 for this core): increasing by 218 

Iterations: 218 
|-------------|-------------|-------------|-------------|
|-------------------------------------------------------|

Current time: 2024-11-25 09:52:53
MCMC time 55 secs 

USED COMPONENTS: 13 OF 74 

rel. MC standard error: 0.0163 to 0.0497
eff. sample size: 404 to 3750
needed thinning: 3 to 27
Diagnostics time 0.18 secs 

Total number of iterations 7133 - required further 0 

Keeping last 60 samples with thinning 27 

Plotting traces and samples.

Current time: 2024-11-25 09:52:54
MCMC + diagnostics time 56 secs 

Chain # 14 (chain 2 of 4 for this core)

Datapoints for testing convergence:
 #3 #5 #7 #8 #9 #11 #12 #13 #15 #19 #25 #26 #27 #28 #30 #33 #34 #35 #38 #40 

Iterations: 3600 
|-------------|-------------|-------------|-------------|
|-------------------------------------------------------|

Current time: 2024-11-25 09:53:16
MCMC time 1.3 mins 

USED COMPONENTS: 15 OF 74 

rel. MC standard error: 0.0171 to 0.0483
eff. sample size: 429 to 3410
needed thinning: 2 to 13
Diagnostics time 2.7 secs 

Total number of iterations 3600 - required further 0 

Keeping last 60 samples with thinning 13 

Plotting traces and samples.

Current time: 2024-11-25 09:53:20
MCMC + diagnostics time 1.4 mins 

Chain # 15 (chain 3 of 4 for this core)

Datapoints for testing convergence:
 #1 #2 #4 #6 #8 #10 #12 #13 #14 #15 #17 #18 #20 #24 #27 #31 #33 #35 #37 #39 

Iterations: 3600 
|-------------|-------------|-------------|-------------|
|-------------------------------------------------------|

Current time: 2024-11-25 09:53:41
MCMC time 1.7 mins 

USED COMPONENTS: 13 OF 74 

rel. MC standard error: 0.0174 to 0.0746
eff. sample size: 180 to 3300
needed thinning: 2 to 31
Diagnostics time 3 secs 

Total number of iterations 3600 - required further 241 

Chain # 15 - chunk 2 (chain 3 of 4 for this core): increasing by 242 

Iterations: 242 
|-------------|-------------|-------------|-------------|
|-------------------------------------------------------|

Current time: 2024-11-25 09:53:47
MCMC time 1.8 mins 

USED COMPONENTS: 11 OF 74 

rel. MC standard error: 0.0173 to 0.0728
eff. sample size: 189 to 3360
needed thinning: 2 to 31
Diagnostics time 0.22 secs 

Total number of iterations 3842 - required further 241 

Chain # 15 - chunk 3 (chain 3 of 4 for this core): increasing by 242 

Iterations: 242 
|-------------|-------------|-------------|-------------|
|-------------------------------------------------------|

Current time: 2024-11-25 09:53:48
MCMC time 1.8 mins 

USED COMPONENTS: 11 OF 74 

rel. MC standard error: 0.0167 to 0.0711
eff. sample size: 198 to 3580
needed thinning: 2 to 32
Diagnostics time 0.19 secs 

Total number of iterations 4084 - required further 248 

Chain # 15 - chunk 4 (chain 3 of 4 for this core): increasing by 249 

Iterations: 249 
|-------------|-------------|-------------|-------------|
|-------------------------------------------------------|

Current time: 2024-11-25 09:53:50
MCMC time 1.9 mins 

USED COMPONENTS: 10 OF 74 

rel. MC standard error: 0.017 to 0.0711
eff. sample size: 198 to 3450
needed thinning: 2 to 33
Diagnostics time 0.21 secs 

Total number of iterations 4333 - required further 256 

Chain # 15 - chunk 5 (chain 3 of 4 for this core): increasing by 257 

Iterations: 257 
|-------------|-------------|-------------|-------------|
|-------------------------------------------------------|

Current time: 2024-11-25 09:53:52
MCMC time 1.9 mins 

USED COMPONENTS: 11 OF 74 

rel. MC standard error: 0.015 to 0.0694
eff. sample size: 208 to 4450
needed thinning: 2 to 34
Diagnostics time 0.19 secs 

Total number of iterations 4590 - required further 264 

Chain # 15 - chunk 6 (chain 3 of 4 for this core): increasing by 265 

Iterations: 265 
|-------------|-------------|-------------|-------------|
|-------------------------------------------------------|

Current time: 2024-11-25 09:53:54
MCMC time 1.9 mins 

USED COMPONENTS: 11 OF 74 

rel. MC standard error: 0.0148 to 0.0699
eff. sample size: 205 to 4580
needed thinning: 2 to 36
Diagnostics time 0.68 secs 

Total number of iterations 4855 - required further 279 

Chain # 15 - chunk 7 (chain 3 of 4 for this core): increasing by 280 

Iterations: 280 
|-------------|-------------|-------------|-------------|
|-------------------------------------------------------|

Current time: 2024-11-25 09:53:56
MCMC time 2 mins 

USED COMPONENTS: 10 OF 74 

rel. MC standard error: 0.0134 to 0.0672
eff. sample size: 221 to 5550
needed thinning: 2 to 35
Diagnostics time 0.21 secs 

Total number of iterations 5135 - required further 272 

Chain # 15 - chunk 8 (chain 3 of 4 for this core): increasing by 273 

Iterations: 273 
|-------------|-------------|-------------|-------------|
|-------------------------------------------------------|

Current time: 2024-11-25 09:53:58
MCMC time 2 mins 

USED COMPONENTS: 10 OF 74 

rel. MC standard error: 0.0138 to 0.0654
eff. sample size: 234 to 5230
needed thinning: 2 to 35
Diagnostics time 0.2 secs 

Total number of iterations 5408 - required further 272 

Chain # 15 - chunk 9 (chain 3 of 4 for this core): increasing by 273 

Iterations: 273 
|-------------|-------------|-------------|-------------|
|-------------------------------------------------------|

Current time: 2024-11-25 09:54:00
MCMC time 2 mins 

USED COMPONENTS: 10 OF 74 

rel. MC standard error: 0.0115 to 0.0644
eff. sample size: 241 to 7580
needed thinning: 2 to 36
Diagnostics time 0.2 secs 

Total number of iterations 5681 - required further 279 

Chain # 15 - chunk 10 (chain 3 of 4 for this core): increasing by 280 

Iterations: 280 
|-------------|-------------|-------------|-------------|
|-------------------------------------------------------|

Current time: 2024-11-25 09:54:02
MCMC time 2.1 mins 

USED COMPONENTS: 11 OF 74 

rel. MC standard error: 0.012 to 0.0631
eff. sample size: 251 to 6970
needed thinning: 2 to 36
Diagnostics time 0.21 secs 

Total number of iterations 5961 - required further 279 

Chain # 15 - chunk 11 (chain 3 of 4 for this core): increasing by 280 

Iterations: 280 
|-------------|-------------|-------------|-------------|
|-------------------------------------------------------|

Current time: 2024-11-25 09:54:04
MCMC time 2.1 mins 

USED COMPONENTS: 12 OF 74 

rel. MC standard error: 0.0143 to 0.062
eff. sample size: 261 to 4870
needed thinning: 2 to 36
Diagnostics time 0.24 secs 

Total number of iterations 6241 - required further 279 

Chain # 15 - chunk 12 (chain 3 of 4 for this core): increasing by 280 

Iterations: 280 
|-------------|-------------|-------------|-------------|
|-------------------------------------------------------|

Current time: 2024-11-25 09:54:06
MCMC time 2.1 mins 

USED COMPONENTS: 11 OF 74 

rel. MC standard error: 0.0138 to 0.0604
eff. sample size: 274 to 5240
needed thinning: 2 to 36
Diagnostics time 0.21 secs 

Total number of iterations 6521 - required further 279 

Chain # 15 - chunk 13 (chain 3 of 4 for this core): increasing by 280 

Iterations: 280 
|-------------|-------------|-------------|-------------|
|-------------------------------------------------------|

Current time: 2024-11-25 09:54:08
MCMC time 2.2 mins 

USED COMPONENTS: 10 OF 74 

rel. MC standard error: 0.0125 to 0.0606
eff. sample size: 273 to 6440
needed thinning: 2 to 38
Diagnostics time 0.21 secs 

Total number of iterations 6801 - required further 295 

Chain # 15 - chunk 14 (chain 3 of 4 for this core): increasing by 296 

Iterations: 296 
|-------------|-------------|-------------|-------------|
|-------------------------------------------------------|

Current time: 2024-11-25 09:54:10
MCMC time 2.2 mins 

USED COMPONENTS: 11 OF 74 

rel. MC standard error: 0.0118 to 0.0592
eff. sample size: 285 to 7170
needed thinning: 2 to 38
Diagnostics time 0.24 secs 

Total number of iterations 7097 - required further 295 

Chain # 15 - chunk 15 (chain 3 of 4 for this core): increasing by 296 

Iterations: 296 
|-------------|-------------|-------------|-------------|
|-------------------------------------------------------|

Current time: 2024-11-25 09:54:12
MCMC time 2.2 mins 

USED COMPONENTS: 11 OF 74 

rel. MC standard error: 0.0111 to 0.0582
eff. sample size: 296 to 8180
needed thinning: 2 to 38
Diagnostics time 0.24 secs 

Total number of iterations 7393 - required further 295 

Chain # 15 - chunk 16 (chain 3 of 4 for this core): increasing by 296 

Iterations: 296 
|-------------|-------------|-------------|-------------|
|-------------------------------------------------------|

Current time: 2024-11-25 09:54:14
MCMC time 2.3 mins 

USED COMPONENTS: 11 OF 74 

rel. MC standard error: 0.0122 to 0.0592
eff. sample size: 285 to 6680
needed thinning: 2 to 41
Diagnostics time 0.25 secs 

Total number of iterations 7689 - required further 318 

Chain # 15 - chunk 17 (chain 3 of 4 for this core): increasing by 319 

Iterations: 319 
|-------------|-------------|-------------|-------------|
|-------------------------------------------------------|

Current time: 2024-11-25 09:54:16
MCMC time 2.3 mins 

USED COMPONENTS: 12 OF 74 

rel. MC standard error: 0.0124 to 0.0596
eff. sample size: 281 to 6500
needed thinning: 2 to 43
Diagnostics time 0.22 secs 

Total number of iterations 8008 - required further 334 

Chain # 15 - chunk 18 (chain 3 of 4 for this core): increasing by 335 

Iterations: 335 
|-------------|-------------|-------------|-------------|
|-------------------------------------------------------|

Current time: 2024-11-25 09:54:18
MCMC time 2.3 mins 

USED COMPONENTS: 11 OF 74 

rel. MC standard error: 0.0116 to 0.0584
eff. sample size: 293 to 7480
needed thinning: 2 to 43
Diagnostics time 0.23 secs 

Total number of iterations 8343 - required further 334 

Chain # 15 - chunk 19 (chain 3 of 4 for this core): increasing by 335 

Iterations: 335 
|-------------|-------------|-------------|-------------|
|-------------------------------------------------------|

Current time: 2024-11-25 09:54:20
MCMC time 2.4 mins 

USED COMPONENTS: 12 OF 74 

rel. MC standard error: 0.0112 to 0.0576
eff. sample size: 301 to 8010
needed thinning: 2 to 44
Diagnostics time 0.27 secs 

Total number of iterations 8678 - required further 341 

Chain # 15 - chunk 20 (chain 3 of 4 for this core): increasing by 342 

Iterations: 342 
|-------------|-------------|-------------|-------------|
|-------------------------------------------------------|

Current time: 2024-11-25 09:54:23
MCMC time 2.4 mins 

USED COMPONENTS: 12 OF 74 

rel. MC standard error: 0.0106 to 0.0553
eff. sample size: 327 to 8820
needed thinning: 2 to 42
Diagnostics time 0.27 secs 

Total number of iterations 9020 - required further 326 

Chain # 15 - chunk 21 (chain 3 of 4 for this core): increasing by 327 

Iterations: 327 
|-------------|-------------|-------------|-------------|
|-------------------------------------------------------|

Current time: 2024-11-25 09:54:25
MCMC time 2.4 mins 

USED COMPONENTS: 11 OF 74 

rel. MC standard error: 0.0109 to 0.0564
eff. sample size: 314 to 8440
needed thinning: 2 to 45
Diagnostics time 0.26 secs 

Total number of iterations 9347 - required further 349 

Chain # 15 - chunk 22 (chain 3 of 4 for this core): increasing by 350 

Iterations: 350 
|-------------|-------------|-------------|-------------|
|-------------------------------------------------------|

Current time: 2024-11-25 09:54:28
MCMC time 2.5 mins 

USED COMPONENTS: 12 OF 74 

rel. MC standard error: 0.00959 to 0.0554
eff. sample size: 326 to 10900
needed thinning: 2 to 45
Diagnostics time 0.81 secs 

Total number of iterations 9697 - required further 349 

Chain # 15 - chunk 23 (chain 3 of 4 for this core): increasing by 350 

Iterations: 350 
|-------------|-------------|-------------|-------------|
|-------------------------------------------------------|

Current time: 2024-11-25 09:54:31
MCMC time 2.5 mins 

USED COMPONENTS: 12 OF 74 

rel. MC standard error: 0.0107 to 0.0549
eff. sample size: 332 to 8750
needed thinning: 2 to 46
Diagnostics time 0.25 secs 

Total number of iterations 10047 - required further 357 

Chain # 15 - chunk 24 (chain 3 of 4 for this core): increasing by 358 

Iterations: 358 
|-------------|-------------|-------------|-------------|
|-------------------------------------------------------|

Current time: 2024-11-25 09:54:33
MCMC time 2.6 mins 

USED COMPONENTS: 12 OF 74 

rel. MC standard error: 0.00998 to 0.0551
eff. sample size: 329 to 10000
needed thinning: 2 to 48
Diagnostics time 0.27 secs 

Total number of iterations 10405 - required further 372 

Chain # 15 - chunk 25 (chain 3 of 4 for this core): increasing by 373 

Iterations: 373 
|-------------|-------------|-------------|-------------|
|-------------------------------------------------------|

Current time: 2024-11-25 09:54:36
MCMC time 2.6 mins 

USED COMPONENTS: 10 OF 74 

rel. MC standard error: 0.00981 to 0.0543
eff. sample size: 339 to 10400
needed thinning: 2 to 48
Diagnostics time 0.3 secs 

Total number of iterations 10778 - required further 372 

Chain # 15 - chunk 26 (chain 3 of 4 for this core): increasing by 373 

Iterations: 373 
|-------------|-------------|-------------|-------------|
|-------------------------------------------------------|

Current time: 2024-11-25 09:54:38
MCMC time 2.7 mins 

USED COMPONENTS: 11 OF 74 

rel. MC standard error: 0.00961 to 0.0546
eff. sample size: 336 to 10800
needed thinning: 2 to 50
Diagnostics time 0.28 secs 

Total number of iterations 11151 - required further 388 

Chain # 15 - chunk 27 (chain 3 of 4 for this core): increasing by 389 

Iterations: 389 
|-------------|-------------|-------------|-------------|
|-------------------------------------------------------|

Current time: 2024-11-25 09:54:41
MCMC time 2.7 mins 

USED COMPONENTS: 10 OF 74 

rel. MC standard error: 0.0098 to 0.0535
eff. sample size: 349 to 10400
needed thinning: 2 to 50
Diagnostics time 0.31 secs 

Total number of iterations 11540 - required further 388 

Chain # 15 - chunk 28 (chain 3 of 4 for this core): increasing by 389 

Iterations: 389 
|-------------|-------------|-------------|-------------|
|-------------------------------------------------------|

Current time: 2024-11-25 09:54:44
MCMC time 2.8 mins 

USED COMPONENTS: 12 OF 74 

rel. MC standard error: 0.00857 to 0.0532
eff. sample size: 353 to 13600
needed thinning: 2 to 51
Diagnostics time 0.32 secs 

Total number of iterations 11929 - required further 396 

Chain # 15 - chunk 29 (chain 3 of 4 for this core): increasing by 397 

Iterations: 397 
|-------------|-------------|-------------|-------------|
|-------------------------------------------------------|

Current time: 2024-11-25 09:54:46
MCMC time 2.8 mins 

USED COMPONENTS: 12 OF 74 

rel. MC standard error: 0.00964 to 0.0534
eff. sample size: 351 to 10800
needed thinning: 2 to 53
Diagnostics time 0.32 secs 

Total number of iterations 12326 - required further 411 

Chain # 15 - chunk 30 (chain 3 of 4 for this core): increasing by 412 

Iterations: 412 
|-------------|-------------|-------------|-------------|
|-------------------------------------------------------|

Current time: 2024-11-25 09:54:49
MCMC time 2.8 mins 

USED COMPONENTS: 12 OF 74 

rel. MC standard error: 0.00895 to 0.0521
eff. sample size: 369 to 12500
needed thinning: 2 to 52
Diagnostics time 0.57 secs 

Total number of iterations 12738 - required further 403 

Chain # 15 - chunk 31 (chain 3 of 4 for this core): increasing by 404 

Iterations: 404 
|-------------|-------------|-------------|-------------|
|-------------------------------------------------------|

Current time: 2024-11-25 09:54:50
MCMC time 2.9 mins 

USED COMPONENTS: 11 OF 74 

rel. MC standard error: 0.00899 to 0.0521
eff. sample size: 368 to 12400
needed thinning: 2 to 54
Diagnostics time 0.16 secs 

Total number of iterations 13142 - required further 419 

Chain # 15 - chunk 32 (chain 3 of 4 for this core): increasing by 420 

Iterations: 420 
|-------------|-------------|-------------|-------------|
|-------------------------------------------------------|

Current time: 2024-11-25 09:54:52
MCMC time 2.9 mins 

USED COMPONENTS: 11 OF 74 

rel. MC standard error: 0.00922 to 0.0526
eff. sample size: 361 to 11800
needed thinning: 2 to 57
Diagnostics time 0.2 secs 

Total number of iterations 13562 - required further 442 

Chain # 15 - chunk 33 (chain 3 of 4 for this core): increasing by 443 

Iterations: 443 
|-------------|-------------|-------------|-------------|
|-------------------------------------------------------|

Current time: 2024-11-25 09:54:54
MCMC time 2.9 mins 

USED COMPONENTS: 10 OF 74 

rel. MC standard error: 0.00828 to 0.0514
eff. sample size: 379 to 14600
needed thinning: 2 to 56
Diagnostics time 0.17 secs 

Total number of iterations 14005 - required further 434 

Chain # 15 - chunk 34 (chain 3 of 4 for this core): increasing by 435 

Iterations: 435 
|-------------|-------------|-------------|-------------|
|-------------------------------------------------------|

Current time: 2024-11-25 09:54:55
MCMC time 2.9 mins 

USED COMPONENTS: 10 OF 74 

rel. MC standard error: 0.00882 to 0.0509
eff. sample size: 387 to 12900
needed thinning: 2 to 57
Diagnostics time 0.2 secs 

Total number of iterations 14440 - required further 442 

Chain # 15 - chunk 35 (chain 3 of 4 for this core): increasing by 443 

Iterations: 443 
|-------------|-------------|-------------|-------------|
|-------------------------------------------------------|

Current time: 2024-11-25 09:54:57
MCMC time 3 mins 

USED COMPONENTS: 11 OF 74 

rel. MC standard error: 0.00811 to 0.0502
eff. sample size: 397 to 15200
needed thinning: 2 to 57
Diagnostics time 0.18 secs 

Total number of iterations 14883 - required further 442 

Chain # 15 - chunk 36 (chain 3 of 4 for this core): increasing by 443 

Iterations: 443 
|-------------|-------------|-------------|-------------|
|-------------------------------------------------------|

Current time: 2024-11-25 09:54:59
MCMC time 3 mins 

USED COMPONENTS: 9 OF 74 

rel. MC standard error: 0.00824 to 0.0496
eff. sample size: 406 to 14700
needed thinning: 2 to 57
Diagnostics time 0.19 secs 

Total number of iterations 15326 - required further 0 

Keeping last 60 samples with thinning 57 

Plotting traces and samples.

Current time: 2024-11-25 09:55:00
MCMC + diagnostics time 3 mins 

Chain # 16 (chain 4 of 4 for this core)

Datapoints for testing convergence:
 #1 #4 #6 #7 #8 #9 #14 #15 #19 #22 #24 #26 #29 #30 #31 #32 #33 #35 #37 #40 

Iterations: 3600 
|-------------|-------------|-------------|-------------|
|-------------------------------------------------------|

Current time: 2024-11-25 09:55:11
MCMC time 3.2 mins 

USED COMPONENTS: 14 OF 74 

rel. MC standard error: 0.0188 to 0.0592
eff. sample size: 285 to 2840
needed thinning: 2 to 19
Diagnostics time 1.9 secs 

Total number of iterations 3600 - required further 148 

Chain # 16 - chunk 2 (chain 4 of 4 for this core): increasing by 149 

Iterations: 149 
|-------------|-------------|-------------|-------------|
|-------------------------------------------------------|

Current time: 2024-11-25 09:55:14
MCMC time 3.3 mins 

USED COMPONENTS: 14 OF 74 

rel. MC standard error: 0.0187 to 0.0575
eff. sample size: 302 to 2850
needed thinning: 2 to 19
Diagnostics time 0.065 secs 

Total number of iterations 3749 - required further 148 

Chain # 16 - chunk 3 (chain 4 of 4 for this core): increasing by 149 

Iterations: 149 
|-------------|-------------|-------------|-------------|
|-------------------------------------------------------|

Current time: 2024-11-25 09:55:14
MCMC time 3.3 mins 

USED COMPONENTS: 13 OF 74 

rel. MC standard error: 0.0183 to 0.058
eff. sample size: 297 to 3000
needed thinning: 2 to 20
Diagnostics time 0.083 secs 

Total number of iterations 3898 - required further 155 

Chain # 16 - chunk 4 (chain 4 of 4 for this core): increasing by 156 

Iterations: 156 
|-------------|-------------|-------------|-------------|
|-------------------------------------------------------|

Current time: 2024-11-25 09:55:15
MCMC time 3.3 mins 

USED COMPONENTS: 13 OF 74 

rel. MC standard error: 0.0174 to 0.0577
eff. sample size: 300 to 3310
needed thinning: 2 to 21
Diagnostics time 0.084 secs 

Total number of iterations 4054 - required further 163 

Chain # 16 - chunk 5 (chain 4 of 4 for this core): increasing by 164 

Iterations: 164 
|-------------|-------------|-------------|-------------|
|-------------------------------------------------------|

Current time: 2024-11-25 09:55:16
MCMC time 3.3 mins 

USED COMPONENTS: 14 OF 74 

rel. MC standard error: 0.0178 to 0.0565
eff. sample size: 313 to 3160
needed thinning: 3 to 21
Diagnostics time 0.085 secs 

Total number of iterations 4218 - required further 163 

Chain # 16 - chunk 6 (chain 4 of 4 for this core): increasing by 164 

Iterations: 164 
|-------------|-------------|-------------|-------------|
|-------------------------------------------------------|

Current time: 2024-11-25 09:55:16
MCMC time 3.3 mins 

USED COMPONENTS: 13 OF 74 

rel. MC standard error: 0.0169 to 0.0552
eff. sample size: 328 to 3500
needed thinning: 2 to 21
Diagnostics time 0.085 secs 

Total number of iterations 4382 - required further 163 

Chain # 16 - chunk 7 (chain 4 of 4 for this core): increasing by 164 

Iterations: 164 
|-------------|-------------|-------------|-------------|
|-------------------------------------------------------|

Current time: 2024-11-25 09:55:17
MCMC time 3.3 mins 

USED COMPONENTS: 13 OF 74 

rel. MC standard error: 0.017 to 0.0542
eff. sample size: 341 to 3450
needed thinning: 2 to 21
Diagnostics time 0.084 secs 

Total number of iterations 4546 - required further 163 

Chain # 16 - chunk 8 (chain 4 of 4 for this core): increasing by 164 

Iterations: 164 
|-------------|-------------|-------------|-------------|
|-------------------------------------------------------|

Current time: 2024-11-25 09:55:17
MCMC time 3.3 mins 

USED COMPONENTS: 12 OF 74 

rel. MC standard error: 0.0172 to 0.0544
eff. sample size: 338 to 3380
needed thinning: 3 to 21
Diagnostics time 0.1 secs 

Total number of iterations 4710 - required further 163 

Chain # 16 - chunk 9 (chain 4 of 4 for this core): increasing by 164 

Iterations: 164 
|-------------|-------------|-------------|-------------|
|-------------------------------------------------------|

Current time: 2024-11-25 09:55:18
MCMC time 3.3 mins 

USED COMPONENTS: 13 OF 74 

rel. MC standard error: 0.0162 to 0.0527
eff. sample size: 360 to 3810
needed thinning: 2 to 21
Diagnostics time 0.084 secs 

Total number of iterations 4874 - required further 163 

Chain # 16 - chunk 10 (chain 4 of 4 for this core): increasing by 164 

Iterations: 164 
|-------------|-------------|-------------|-------------|
|-------------------------------------------------------|

Current time: 2024-11-25 09:55:19
MCMC time 3.3 mins 

USED COMPONENTS: 13 OF 74 

rel. MC standard error: 0.0163 to 0.0544
eff. sample size: 337 to 3740
needed thinning: 3 to 23
Diagnostics time 0.071 secs 

Total number of iterations 5038 - required further 179 

Chain # 16 - chunk 11 (chain 4 of 4 for this core): increasing by 180 

Iterations: 180 
|-------------|-------------|-------------|-------------|
|-------------------------------------------------------|

Current time: 2024-11-25 09:55:19
MCMC time 3.4 mins 

USED COMPONENTS: 13 OF 74 

rel. MC standard error: 0.0156 to 0.0523
eff. sample size: 365 to 4120
needed thinning: 2 to 22
Diagnostics time 0.075 secs 

Total number of iterations 5218 - required further 171 

Chain # 16 - chunk 12 (chain 4 of 4 for this core): increasing by 172 

Iterations: 172 
|-------------|-------------|-------------|-------------|
|-------------------------------------------------------|

Current time: 2024-11-25 09:55:20
MCMC time 3.4 mins 

USED COMPONENTS: 13 OF 74 

rel. MC standard error: 0.0155 to 0.0512
eff. sample size: 381 to 4160
needed thinning: 2 to 22
Diagnostics time 0.088 secs 

Total number of iterations 5390 - required further 171 

Chain # 16 - chunk 13 (chain 4 of 4 for this core): increasing by 172 

Iterations: 172 
|-------------|-------------|-------------|-------------|
|-------------------------------------------------------|

Current time: 2024-11-25 09:55:21
MCMC time 3.4 mins 

USED COMPONENTS: 13 OF 74 

rel. MC standard error: 0.0146 to 0.0525
eff. sample size: 363 to 4710
needed thinning: 2 to 23
Diagnostics time 0.088 secs 

Total number of iterations 5562 - required further 179 

Chain # 16 - chunk 14 (chain 4 of 4 for this core): increasing by 180 

Iterations: 180 
|-------------|-------------|-------------|-------------|
|-------------------------------------------------------|

Current time: 2024-11-25 09:55:21
MCMC time 3.4 mins 

USED COMPONENTS: 13 OF 74 

rel. MC standard error: 0.0151 to 0.0538
eff. sample size: 346 to 4390
needed thinning: 2 to 25
Diagnostics time 0.1 secs 

Total number of iterations 5742 - required further 194 

Chain # 16 - chunk 15 (chain 4 of 4 for this core): increasing by 195 

Iterations: 195 
|-------------|-------------|-------------|-------------|
|-------------------------------------------------------|

Current time: 2024-11-25 09:55:22
MCMC time 3.4 mins 

USED COMPONENTS: 13 OF 74 

rel. MC standard error: 0.0158 to 0.052
eff. sample size: 370 to 4020
needed thinning: 3 to 25
Diagnostics time 0.097 secs 

Total number of iterations 5937 - required further 194 

Chain # 16 - chunk 16 (chain 4 of 4 for this core): increasing by 195 

Iterations: 195 
|-------------|-------------|-------------|-------------|
|-------------------------------------------------------|

Current time: 2024-11-25 09:55:23
MCMC time 3.4 mins 

USED COMPONENTS: 14 OF 74 

rel. MC standard error: 0.015 to 0.0508
eff. sample size: 388 to 4460
needed thinning: 3 to 24
Diagnostics time 0.096 secs 

Total number of iterations 6132 - required further 186 

Chain # 16 - chunk 17 (chain 4 of 4 for this core): increasing by 187 

Iterations: 187 
|-------------|-------------|-------------|-------------|
|-------------------------------------------------------|

Current time: 2024-11-25 09:55:23
MCMC time 3.4 mins 

USED COMPONENTS: 15 OF 74 

rel. MC standard error: 0.0149 to 0.0501
eff. sample size: 399 to 4510
needed thinning: 3 to 24
Diagnostics time 0.1 secs 

Total number of iterations 6319 - required further 186 

Chain # 16 - chunk 18 (chain 4 of 4 for this core): increasing by 187 

Iterations: 187 
|-------------|-------------|-------------|-------------|
|-------------------------------------------------------|

Current time: 2024-11-25 09:55:24
MCMC time 3.4 mins 

USED COMPONENTS: 14 OF 74 

rel. MC standard error: 0.0146 to 0.0495
eff. sample size: 409 to 4680
needed thinning: 3 to 24
Diagnostics time 0.093 secs 

Total number of iterations 6506 - required further 0 

Keeping last 60 samples with thinning 24 

Plotting traces and samples.

Current time: 2024-11-25 09:55:25
MCMC + diagnostics time 3.4 mins 

Current time: 2024-11-25 09:55:25
Total time 3.4 mins 
loaded inferno and set parent environment
loaded inferno and set parent environment
loaded inferno and set parent environment
loaded inferno and set parent environment
