Log core 3 - Current time: 2024-08-31 10:12:16
Defining model
Building model
Setting data and initial values
Running calculate on model
  [Note] Any error reports that follow may simply reflect missing values in model variables.
Checking model sizes and dimensions
Compiling
  [Note] This may take a minute.
  [Note] Use 'showCompilerOutput = TRUE' to see C++ compilation details.
===== Monitors =====
thin = 1: Bprob, Rmean, Rvar, W
thin2 = 1: K
===== Samplers =====
conjugate sampler (449)
  - Rmean[]  (128 elements)
  - Rrate[]  (128 elements)
  - Bprob[]  (64 elements)
  - Rvar[]  (128 elements)
  - W[1:64] 
categorical sampler (201)
  - Alpha
  - K[]  (200 elements)
===== Monitors =====
thin = 1: Bprob, Rmean, Rvar, W
thin2 = 1: K
===== Samplers =====
slice sampler (201)
  - Alpha
  - K[]  (200 elements)
conjugate sampler (449)
  - Rmean[]  (128 elements)
  - Rrate[]  (128 elements)
  - Bprob[]  (64 elements)
  - Rvar[]  (128 elements)
  - W[1:64] 
Compiling
  [Note] This may take a minute.
  [Note] Use 'showCompilerOutput = TRUE' to see C++ compilation details.

Setup time 21 secs 

Chain # 3 (chain 1 of 1 for this core)

Datapoints for testing convergence:
 #42 #65 #124 #163 

Iterations: 3600 
|-------------|-------------|-------------|-------------|
|-------------------------------------------------------|

Current time: 2024-08-31 10:12:53
MCMC time 16 secs 

USED COMPONENTS: 27 OF 64 

rel. MC standard error: 0.0168 to 0.0491
eff. sample size: 415 to 3540
needed thinning: 2 to 14
Diagnostics time 0.43 secs 

Total number of iterations 3600 - required further 0 

Keeping last 80 samples with thinning 14 

Plotting traces and samples.

Current time: 2024-08-31 10:12:54
MCMC + diagnostics time 17 secs 

Current time: 2024-08-31 10:12:54
Total time 17 secs 
loaded inferno and set parent environment
loaded inferno and set parent environment
loaded inferno and set parent environment
loaded inferno and set parent environment
