Log core 7 - Current time: 2024-11-19 12:36:57
Defining model
Building model
Setting data and initial values
Running calculate on model
  [Note] Any error reports that follow may simply reflect missing values in model variables.
Checking model sizes and dimensions
Compiling
  [Note] This may take a minute.
  [Note] Use 'showCompilerOutput = TRUE' to see C++ compilation details.
===== Monitors =====
thin = 1: Bprob, Rmean, Rvar, W
thin2 = 1: K
===== Samplers =====
conjugate sampler (519)
  - Rmean[]  (148 elements)
  - Rrate[]  (148 elements)
  - Bprob[]  (74 elements)
  - Rvar[]  (148 elements)
  - W[1:74] 
categorical sampler (1501)
  - Alpha
  - K[]  (1500 elements)
===== Monitors =====
thin = 1: Bprob, Rmean, Rvar, W
thin2 = 1: K
===== Samplers =====
slice sampler (1501)
  - Alpha
  - K[]  (1500 elements)
conjugate sampler (519)
  - Rmean[]  (148 elements)
  - Rrate[]  (148 elements)
  - Bprob[]  (74 elements)
  - Rvar[]  (148 elements)
  - W[1:74] 
Compiling
  [Note] This may take a minute.
  [Note] Use 'showCompilerOutput = TRUE' to see C++ compilation details.

Setup time 5.4 mins 

Chain # 7 (chain 1 of 1 for this core)

Datapoints for testing convergence:
 #74 #81 #87 #234 #256 #278 #354 #446 #502 #615 #633 #739 #750 #754 #772 #834 #841 #850 #1045 #1401 

Iterations: 3600 
|-------------|-------------|-------------|-------------|
|-------------------------------------------------------|

Current time: 2024-11-19 12:54:57
MCMC time 13 mins 

USED COMPONENTS: 53 OF 74 

rel. MC standard error: 0.0141 to 0.07
eff. sample size: 204 to 5020
needed thinning: 2 to 27
Diagnostics time 3.6 secs 

Total number of iterations 3600 - required further 210 

Chain # 7 - chunk 2 (chain 1 of 1 for this core): increasing by 211 

Iterations: 211 
|-------------|-------------|-------------|-------------|
|-------------------------------------------------------|

Current time: 2024-11-19 12:55:45
MCMC time 13 mins 

USED COMPONENTS: 52 OF 74 

rel. MC standard error: 0.0144 to 0.0654
eff. sample size: 234 to 4820
needed thinning: 2 to 25
Diagnostics time 0.27 secs 

Total number of iterations 3811 - required further 194 

Chain # 7 - chunk 3 (chain 1 of 1 for this core): increasing by 195 

Iterations: 195 
|-------------|-------------|-------------|-------------|
|-------------------------------------------------------|

Current time: 2024-11-19 12:56:25
MCMC time 14 mins 

USED COMPONENTS: 53 OF 74 

rel. MC standard error: 0.0143 to 0.066
eff. sample size: 229 to 4910
needed thinning: 2 to 27
Diagnostics time 0.2 secs 

Total number of iterations 4006 - required further 210 

Chain # 7 - chunk 4 (chain 1 of 1 for this core): increasing by 211 

Iterations: 211 
|-------------|-------------|-------------|-------------|
|-------------------------------------------------------|

Current time: 2024-11-19 12:57:09
MCMC time 15 mins 

USED COMPONENTS: 52 OF 74 

rel. MC standard error: 0.0142 to 0.0633
eff. sample size: 250 to 4970
needed thinning: 2 to 26
Diagnostics time 0.2 secs 

Total number of iterations 4217 - required further 202 

Chain # 7 - chunk 5 (chain 1 of 1 for this core): increasing by 203 

Iterations: 203 
|-------------|-------------|-------------|-------------|
|-------------------------------------------------------|

Current time: 2024-11-19 12:57:51
MCMC time 16 mins 

USED COMPONENTS: 52 OF 74 

rel. MC standard error: 0.014 to 0.0646
eff. sample size: 240 to 5100
needed thinning: 2 to 28
Diagnostics time 0.26 secs 

Total number of iterations 4420 - required further 217 

Chain # 7 - chunk 6 (chain 1 of 1 for this core): increasing by 218 

Iterations: 218 
|-------------|-------------|-------------|-------------|
|-------------------------------------------------------|

Current time: 2024-11-19 12:58:36
MCMC time 16 mins 

USED COMPONENTS: 52 OF 74 

rel. MC standard error: 0.0124 to 0.0639
eff. sample size: 245 to 6490
needed thinning: 2 to 29
Diagnostics time 0.26 secs 

Total number of iterations 4638 - required further 225 

Chain # 7 - chunk 7 (chain 1 of 1 for this core): increasing by 226 

Iterations: 226 
|-------------|-------------|-------------|-------------|
|-------------------------------------------------------|

Current time: 2024-11-19 12:59:22
MCMC time 17 mins 

USED COMPONENTS: 51 OF 74 

rel. MC standard error: 0.0126 to 0.0614
eff. sample size: 265 to 6300
needed thinning: 2 to 28
Diagnostics time 0.23 secs 

Total number of iterations 4864 - required further 217 

Chain # 7 - chunk 8 (chain 1 of 1 for this core): increasing by 218 

Iterations: 218 
|-------------|-------------|-------------|-------------|
|-------------------------------------------------------|

Current time: 2024-11-19 13:00:07
MCMC time 18 mins 

USED COMPONENTS: 50 OF 74 

rel. MC standard error: 0.0134 to 0.0622
eff. sample size: 259 to 5610
needed thinning: 2 to 30
Diagnostics time 0.21 secs 

Total number of iterations 5082 - required further 233 

Chain # 7 - chunk 9 (chain 1 of 1 for this core): increasing by 234 

Iterations: 234 
|-------------|-------------|-------------|-------------|
|-------------------------------------------------------|

Current time: 2024-11-19 13:00:46
MCMC time 18 mins 

USED COMPONENTS: 51 OF 74 

rel. MC standard error: 0.0127 to 0.0625
eff. sample size: 256 to 6240
needed thinning: 2 to 32
Diagnostics time 0.16 secs 

Total number of iterations 5316 - required further 248 

Chain # 7 - chunk 10 (chain 1 of 1 for this core): increasing by 249 

Iterations: 249 
|-------------|-------------|-------------|-------------|
|-------------------------------------------------------|

Current time: 2024-11-19 13:01:17
MCMC time 19 mins 

USED COMPONENTS: 51 OF 74 

rel. MC standard error: 0.0114 to 0.0585
eff. sample size: 292 to 7740
needed thinning: 2 to 29
Diagnostics time 0.15 secs 

Total number of iterations 5565 - required further 225 

Chain # 7 - chunk 11 (chain 1 of 1 for this core): increasing by 226 

Iterations: 226 
|-------------|-------------|-------------|-------------|
|-------------------------------------------------------|

Current time: 2024-11-19 13:01:47
MCMC time 19 mins 

USED COMPONENTS: 51 OF 74 

rel. MC standard error: 0.0126 to 0.0581
eff. sample size: 297 to 6280
needed thinning: 2 to 30
Diagnostics time 0.17 secs 

Total number of iterations 5791 - required further 233 

Chain # 7 - chunk 12 (chain 1 of 1 for this core): increasing by 234 

Iterations: 234 
|-------------|-------------|-------------|-------------|
|-------------------------------------------------------|

Current time: 2024-11-19 13:02:17
MCMC time 20 mins 

USED COMPONENTS: 50 OF 74 

rel. MC standard error: 0.011 to 0.0586
eff. sample size: 291 to 8210
needed thinning: 2 to 32
Diagnostics time 0.12 secs 

Total number of iterations 6025 - required further 248 

Chain # 7 - chunk 13 (chain 1 of 1 for this core): increasing by 249 

Iterations: 249 
|-------------|-------------|-------------|-------------|
|-------------------------------------------------------|

Current time: 2024-11-19 13:02:49
MCMC time 20 mins 

USED COMPONENTS: 51 OF 74 

rel. MC standard error: 0.0116 to 0.0577
eff. sample size: 300 to 7410
needed thinning: 2 to 32
Diagnostics time 0.14 secs 

Total number of iterations 6274 - required further 248 

Chain # 7 - chunk 14 (chain 1 of 1 for this core): increasing by 249 

Iterations: 249 
|-------------|-------------|-------------|-------------|
|-------------------------------------------------------|

Current time: 2024-11-19 13:03:21
MCMC time 21 mins 

USED COMPONENTS: 51 OF 74 

rel. MC standard error: 0.0104 to 0.0575
eff. sample size: 302 to 9180
needed thinning: 2 to 33
Diagnostics time 0.13 secs 

Total number of iterations 6523 - required further 256 

Chain # 7 - chunk 15 (chain 1 of 1 for this core): increasing by 257 

Iterations: 257 
|-------------|-------------|-------------|-------------|
|-------------------------------------------------------|

Current time: 2024-11-19 13:03:54
MCMC time 22 mins 

USED COMPONENTS: 51 OF 74 

rel. MC standard error: 0.0106 to 0.057
eff. sample size: 308 to 8880
needed thinning: 2 to 34
Diagnostics time 0.16 secs 

Total number of iterations 6780 - required further 264 

Chain # 7 - chunk 16 (chain 1 of 1 for this core): increasing by 265 

Iterations: 265 
|-------------|-------------|-------------|-------------|
|-------------------------------------------------------|

Current time: 2024-11-19 13:04:28
MCMC time 22 mins 

USED COMPONENTS: 50 OF 74 

rel. MC standard error: 0.0096 to 0.0562
eff. sample size: 316 to 10900
needed thinning: 1 to 34
Diagnostics time 0.16 secs 

Total number of iterations 7045 - required further 264 

Chain # 7 - chunk 17 (chain 1 of 1 for this core): increasing by 265 

Iterations: 265 
|-------------|-------------|-------------|-------------|
|-------------------------------------------------------|

Current time: 2024-11-19 13:05:02
MCMC time 23 mins 

USED COMPONENTS: 50 OF 74 

rel. MC standard error: 0.0104 to 0.056
eff. sample size: 319 to 9230
needed thinning: 2 to 35
Diagnostics time 0.14 secs 

Total number of iterations 7310 - required further 272 

Chain # 7 - chunk 18 (chain 1 of 1 for this core): increasing by 273 

Iterations: 273 
|-------------|-------------|-------------|-------------|
|-------------------------------------------------------|

Current time: 2024-11-19 13:05:37
MCMC time 23 mins 

USED COMPONENTS: 50 OF 74 

rel. MC standard error: 0.00957 to 0.0555
eff. sample size: 325 to 10900
needed thinning: 2 to 35
Diagnostics time 0.19 secs 

Total number of iterations 7583 - required further 272 

Chain # 7 - chunk 19 (chain 1 of 1 for this core): increasing by 273 

Iterations: 273 
|-------------|-------------|-------------|-------------|
|-------------------------------------------------------|

Current time: 2024-11-19 13:06:12
MCMC time 24 mins 

USED COMPONENTS: 52 OF 74 

rel. MC standard error: 0.00923 to 0.0538
eff. sample size: 345 to 11700
needed thinning: 2 to 35
Diagnostics time 0.19 secs 

Total number of iterations 7856 - required further 272 

Chain # 7 - chunk 20 (chain 1 of 1 for this core): increasing by 273 

Iterations: 273 
|-------------|-------------|-------------|-------------|
|-------------------------------------------------------|

Current time: 2024-11-19 13:06:47
MCMC time 24 mins 

USED COMPONENTS: 51 OF 74 

rel. MC standard error: 0.00983 to 0.0535
eff. sample size: 349 to 10400
needed thinning: 2 to 35
Diagnostics time 0.19 secs 

Total number of iterations 8129 - required further 272 

Chain # 7 - chunk 21 (chain 1 of 1 for this core): increasing by 273 

Iterations: 273 
|-------------|-------------|-------------|-------------|
|-------------------------------------------------------|

Current time: 2024-11-19 13:07:23
MCMC time 25 mins 

USED COMPONENTS: 49 OF 74 

rel. MC standard error: 0.00869 to 0.0534
eff. sample size: 351 to 13200
needed thinning: 1 to 36
Diagnostics time 0.19 secs 

Total number of iterations 8402 - required further 279 

Chain # 7 - chunk 22 (chain 1 of 1 for this core): increasing by 280 

Iterations: 280 
|-------------|-------------|-------------|-------------|
|-------------------------------------------------------|

Current time: 2024-11-19 13:07:59
MCMC time 26 mins 

USED COMPONENTS: 50 OF 74 

rel. MC standard error: 0.00943 to 0.0536
eff. sample size: 348 to 11200
needed thinning: 2 to 38
Diagnostics time 0.16 secs 

Total number of iterations 8682 - required further 295 

Chain # 7 - chunk 23 (chain 1 of 1 for this core): increasing by 296 

Iterations: 296 
|-------------|-------------|-------------|-------------|
|-------------------------------------------------------|

Current time: 2024-11-19 13:08:37
MCMC time 26 mins 

USED COMPONENTS: 50 OF 74 

rel. MC standard error: 0.01 to 0.0525
eff. sample size: 362 to 9910
needed thinning: 2 to 38
Diagnostics time 0.17 secs 

Total number of iterations 8978 - required further 295 

Chain # 7 - chunk 24 (chain 1 of 1 for this core): increasing by 296 

Iterations: 296 
|-------------|-------------|-------------|-------------|
|-------------------------------------------------------|

Current time: 2024-11-19 13:09:15
MCMC time 27 mins 

USED COMPONENTS: 52 OF 74 

rel. MC standard error: 0.00935 to 0.0525
eff. sample size: 363 to 11400
needed thinning: 2 to 39
Diagnostics time 0.19 secs 

Total number of iterations 9274 - required further 303 

Chain # 7 - chunk 25 (chain 1 of 1 for this core): increasing by 304 

Iterations: 304 
|-------------|-------------|-------------|-------------|
|-------------------------------------------------------|

Current time: 2024-11-19 13:09:54
MCMC time 28 mins 

USED COMPONENTS: 52 OF 74 

rel. MC standard error: 0.00891 to 0.0521
eff. sample size: 369 to 12600
needed thinning: 2 to 39
Diagnostics time 0.27 secs 

Total number of iterations 9578 - required further 303 

Chain # 7 - chunk 26 (chain 1 of 1 for this core): increasing by 304 

Iterations: 304 
|-------------|-------------|-------------|-------------|
|-------------------------------------------------------|

Current time: 2024-11-19 13:10:33
MCMC time 28 mins 

USED COMPONENTS: 51 OF 74 

rel. MC standard error: 0.00914 to 0.0517
eff. sample size: 374 to 12000
needed thinning: 2 to 40
Diagnostics time 0.21 secs 

Total number of iterations 9882 - required further 310 

Chain # 7 - chunk 27 (chain 1 of 1 for this core): increasing by 311 

Iterations: 311 
|-------------|-------------|-------------|-------------|
|-------------------------------------------------------|

Current time: 2024-11-19 13:11:13
MCMC time 29 mins 

USED COMPONENTS: 50 OF 74 

rel. MC standard error: 0.00916 to 0.051
eff. sample size: 385 to 11900
needed thinning: 2 to 40
Diagnostics time 0.2 secs 

Total number of iterations 10193 - required further 310 

Chain # 7 - chunk 28 (chain 1 of 1 for this core): increasing by 311 

Iterations: 311 
|-------------|-------------|-------------|-------------|
|-------------------------------------------------------|

Current time: 2024-11-19 13:11:53
MCMC time 30 mins 

USED COMPONENTS: 50 OF 74 

rel. MC standard error: 0.00811 to 0.0509
eff. sample size: 386 to 15200
needed thinning: 2 to 41
Diagnostics time 0.19 secs 

Total number of iterations 10504 - required further 318 

Chain # 7 - chunk 29 (chain 1 of 1 for this core): increasing by 319 

Iterations: 319 
|-------------|-------------|-------------|-------------|
|-------------------------------------------------------|

Current time: 2024-11-19 13:12:34
MCMC time 30 mins 

USED COMPONENTS: 51 OF 74 

rel. MC standard error: 0.00925 to 0.0504
eff. sample size: 394 to 11700
needed thinning: 2 to 42
Diagnostics time 0.17 secs 

Total number of iterations 10823 - required further 326 

Chain # 7 - chunk 30 (chain 1 of 1 for this core): increasing by 327 

Iterations: 327 
|-------------|-------------|-------------|-------------|
|-------------------------------------------------------|

Current time: 2024-11-19 13:13:15
MCMC time 31 mins 

USED COMPONENTS: 52 OF 74 

rel. MC standard error: 0.00881 to 0.0501
eff. sample size: 399 to 12900
needed thinning: 2 to 42
Diagnostics time 0.21 secs 

Total number of iterations 11150 - required further 326 

Chain # 7 - chunk 31 (chain 1 of 1 for this core): increasing by 327 

Iterations: 327 
|-------------|-------------|-------------|-------------|
|-------------------------------------------------------|

Current time: 2024-11-19 13:13:56
MCMC time 32 mins 

USED COMPONENTS: 51 OF 74 

rel. MC standard error: 0.009 to 0.0497
eff. sample size: 404 to 12300
needed thinning: 2 to 43
Diagnostics time 0.19 secs 

Total number of iterations 11477 - required further 0 

Keeping last 60 samples with thinning 43 

Plotting traces and samples.

Current time: 2024-11-19 13:13:57
MCMC + diagnostics time 32 mins 

Current time: 2024-11-19 13:13:57
Total time 32 mins 
loaded inferno and set parent environment
loaded inferno and set parent environment
loaded inferno and set parent environment
loaded inferno and set parent environment
