Log core 11 - Current time: 2024-11-19 12:36:57
Defining model
Building model
Setting data and initial values
Running calculate on model
  [Note] Any error reports that follow may simply reflect missing values in model variables.
Checking model sizes and dimensions
Compiling
  [Note] This may take a minute.
  [Note] Use 'showCompilerOutput = TRUE' to see C++ compilation details.
===== Monitors =====
thin = 1: Bprob, Rmean, Rvar, W
thin2 = 1: K
===== Samplers =====
conjugate sampler (519)
  - Rmean[]  (148 elements)
  - Rrate[]  (148 elements)
  - Bprob[]  (74 elements)
  - Rvar[]  (148 elements)
  - W[1:74] 
categorical sampler (1501)
  - Alpha
  - K[]  (1500 elements)
===== Monitors =====
thin = 1: Bprob, Rmean, Rvar, W
thin2 = 1: K
===== Samplers =====
slice sampler (1501)
  - Alpha
  - K[]  (1500 elements)
conjugate sampler (519)
  - Rmean[]  (148 elements)
  - Rrate[]  (148 elements)
  - Bprob[]  (74 elements)
  - Rvar[]  (148 elements)
  - W[1:74] 
Compiling
  [Note] This may take a minute.
  [Note] Use 'showCompilerOutput = TRUE' to see C++ compilation details.

Setup time 3.5 mins 

Chain # 11 (chain 1 of 1 for this core)

Datapoints for testing convergence:
 #22 #33 #57 #102 #318 #380 #443 #505 #533 #721 #759 #781 #835 #924 #1000 #1069 #1073 #1204 #1321 #1453 

Iterations: 3600 
|-------------|-------------|-------------|-------------|
|-------------------------------------------------------|

Current time: 2024-11-19 12:48:55
MCMC time 8.4 mins 

USED COMPONENTS: 53 OF 74 

rel. MC standard error: 0.0145 to 0.0641
eff. sample size: 244 to 4760
needed thinning: 2 to 23
Diagnostics time 2.2 secs 

Total number of iterations 3600 - required further 179 

Chain # 11 - chunk 2 (chain 1 of 1 for this core): increasing by 180 

Iterations: 180 
|-------------|-------------|-------------|-------------|
|-------------------------------------------------------|

Current time: 2024-11-19 12:49:22
MCMC time 8.9 mins 

USED COMPONENTS: 53 OF 74 

rel. MC standard error: 0.0146 to 0.0713
eff. sample size: 197 to 4670
needed thinning: 2 to 29
Diagnostics time 0.15 secs 

Total number of iterations 3780 - required further 225 

Chain # 11 - chunk 3 (chain 1 of 1 for this core): increasing by 226 

Iterations: 226 
|-------------|-------------|-------------|-------------|
|-------------------------------------------------------|

Current time: 2024-11-19 12:49:51
MCMC time 9.4 mins 

USED COMPONENTS: 53 OF 74 

rel. MC standard error: 0.014 to 0.066
eff. sample size: 229 to 5110
needed thinning: 2 to 27
Diagnostics time 0.13 secs 

Total number of iterations 4006 - required further 210 

Chain # 11 - chunk 4 (chain 1 of 1 for this core): increasing by 211 

Iterations: 211 
|-------------|-------------|-------------|-------------|
|-------------------------------------------------------|

Current time: 2024-11-19 12:50:18
MCMC time 9.8 mins 

USED COMPONENTS: 53 OF 74 

rel. MC standard error: 0.0132 to 0.0729
eff. sample size: 188 to 5770
needed thinning: 2 to 34
Diagnostics time 0.16 secs 

Total number of iterations 4217 - required further 264 

Chain # 11 - chunk 5 (chain 1 of 1 for this core): increasing by 265 

Iterations: 265 
|-------------|-------------|-------------|-------------|
|-------------------------------------------------------|

Current time: 2024-11-19 12:50:52
MCMC time 10 mins 

USED COMPONENTS: 52 OF 74 

rel. MC standard error: 0.0124 to 0.0767
eff. sample size: 170 to 6530
needed thinning: 2 to 40
Diagnostics time 0.17 secs 

Total number of iterations 4482 - required further 310 

Chain # 11 - chunk 6 (chain 1 of 1 for this core): increasing by 311 

Iterations: 311 
|-------------|-------------|-------------|-------------|
|-------------------------------------------------------|

Current time: 2024-11-19 12:51:32
MCMC time 11 mins 

USED COMPONENTS: 52 OF 74 

rel. MC standard error: 0.013 to 0.0773
eff. sample size: 167 to 5880
needed thinning: 2 to 43
Diagnostics time 0.19 secs 

Total number of iterations 4793 - required further 334 

Chain # 11 - chunk 7 (chain 1 of 1 for this core): increasing by 335 

Iterations: 335 
|-------------|-------------|-------------|-------------|
|-------------------------------------------------------|

Current time: 2024-11-19 12:52:16
MCMC time 12 mins 

USED COMPONENTS: 52 OF 74 

rel. MC standard error: 0.0139 to 0.0773
eff. sample size: 167 to 5200
needed thinning: 2 to 46
Diagnostics time 0.21 secs 

Total number of iterations 5128 - required further 357 

Chain # 11 - chunk 8 (chain 1 of 1 for this core): increasing by 358 

Iterations: 358 
|-------------|-------------|-------------|-------------|
|-------------------------------------------------------|

Current time: 2024-11-19 12:53:02
MCMC time 13 mins 

USED COMPONENTS: 52 OF 74 

rel. MC standard error: 0.0134 to 0.0773
eff. sample size: 167 to 5590
needed thinning: 2 to 50
Diagnostics time 0.22 secs 

Total number of iterations 5486 - required further 388 

Chain # 11 - chunk 9 (chain 1 of 1 for this core): increasing by 389 

Iterations: 389 
|-------------|-------------|-------------|-------------|
|-------------------------------------------------------|

Current time: 2024-11-19 12:53:52
MCMC time 13 mins 

USED COMPONENTS: 52 OF 74 

rel. MC standard error: 0.0134 to 0.0755
eff. sample size: 175 to 5600
needed thinning: 2 to 51
Diagnostics time 0.24 secs 

Total number of iterations 5875 - required further 396 

Chain # 11 - chunk 10 (chain 1 of 1 for this core): increasing by 397 

Iterations: 397 
|-------------|-------------|-------------|-------------|
|-------------------------------------------------------|

Current time: 2024-11-19 12:54:43
MCMC time 14 mins 

USED COMPONENTS: 52 OF 74 

rel. MC standard error: 0.0133 to 0.0746
eff. sample size: 180 to 5680
needed thinning: 2 to 53
Diagnostics time 0.25 secs 

Total number of iterations 6272 - required further 411 

Chain # 11 - chunk 11 (chain 1 of 1 for this core): increasing by 412 

Iterations: 412 
|-------------|-------------|-------------|-------------|
|-------------------------------------------------------|

Current time: 2024-11-19 12:55:36
MCMC time 15 mins 

USED COMPONENTS: 52 OF 74 

rel. MC standard error: 0.0129 to 0.0724
eff. sample size: 191 to 6030
needed thinning: 2 to 53
Diagnostics time 0.23 secs 

Total number of iterations 6684 - required further 411 

Chain # 11 - chunk 12 (chain 1 of 1 for this core): increasing by 412 

Iterations: 412 
|-------------|-------------|-------------|-------------|
|-------------------------------------------------------|

Current time: 2024-11-19 12:56:29
MCMC time 16 mins 

USED COMPONENTS: 52 OF 74 

rel. MC standard error: 0.0117 to 0.072
eff. sample size: 193 to 7340
needed thinning: 2 to 56
Diagnostics time 0.31 secs 

Total number of iterations 7096 - required further 434 

Chain # 11 - chunk 13 (chain 1 of 1 for this core): increasing by 435 

Iterations: 435 
|-------------|-------------|-------------|-------------|
|-------------------------------------------------------|

Current time: 2024-11-19 12:57:25
MCMC time 17 mins 

USED COMPONENTS: 54 OF 74 

rel. MC standard error: 0.0129 to 0.0701
eff. sample size: 204 to 6060
needed thinning: 2 to 56
Diagnostics time 0.27 secs 

Total number of iterations 7531 - required further 434 

Chain # 11 - chunk 14 (chain 1 of 1 for this core): increasing by 435 

Iterations: 435 
|-------------|-------------|-------------|-------------|
|-------------------------------------------------------|

Current time: 2024-11-19 12:58:22
MCMC time 18 mins 

USED COMPONENTS: 53 OF 74 

rel. MC standard error: 0.0117 to 0.0688
eff. sample size: 212 to 7330
needed thinning: 2 to 57
Diagnostics time 0.27 secs 

Total number of iterations 7966 - required further 442 

Chain # 11 - chunk 15 (chain 1 of 1 for this core): increasing by 443 

Iterations: 443 
|-------------|-------------|-------------|-------------|
|-------------------------------------------------------|

Current time: 2024-11-19 12:59:18
MCMC time 19 mins 

USED COMPONENTS: 53 OF 74 

rel. MC standard error: 0.0107 to 0.0662
eff. sample size: 228 to 8700
needed thinning: 2 to 56
Diagnostics time 0.26 secs 

Total number of iterations 8409 - required further 434 

Chain # 11 - chunk 16 (chain 1 of 1 for this core): increasing by 435 

Iterations: 435 
|-------------|-------------|-------------|-------------|
|-------------------------------------------------------|

Current time: 2024-11-19 13:00:14
MCMC time 20 mins 

USED COMPONENTS: 53 OF 74 

rel. MC standard error: 0.0104 to 0.0642
eff. sample size: 242 to 9200
needed thinning: 2 to 55
Diagnostics time 0.76 secs 

Total number of iterations 8844 - required further 427 

Chain # 11 - chunk 17 (chain 1 of 1 for this core): increasing by 428 

Iterations: 428 
|-------------|-------------|-------------|-------------|
|-------------------------------------------------------|

Current time: 2024-11-19 13:01:09
MCMC time 21 mins 

USED COMPONENTS: 53 OF 74 

rel. MC standard error: 0.0102 to 0.0628
eff. sample size: 253 to 9530
needed thinning: 2 to 55
Diagnostics time 0.25 secs 

Total number of iterations 9272 - required further 427 

Chain # 11 - chunk 18 (chain 1 of 1 for this core): increasing by 428 

Iterations: 428 
|-------------|-------------|-------------|-------------|
|-------------------------------------------------------|

Current time: 2024-11-19 13:02:03
MCMC time 22 mins 

USED COMPONENTS: 53 OF 74 

rel. MC standard error: 0.00963 to 0.0613
eff. sample size: 266 to 10800
needed thinning: 2 to 55
Diagnostics time 0.23 secs 

Total number of iterations 9700 - required further 427 

Chain # 11 - chunk 19 (chain 1 of 1 for this core): increasing by 428 

Iterations: 428 
|-------------|-------------|-------------|-------------|
|-------------------------------------------------------|

Current time: 2024-11-19 13:02:58
MCMC time 22 mins 

USED COMPONENTS: 53 OF 74 

rel. MC standard error: 0.0101 to 0.061
eff. sample size: 269 to 9770
needed thinning: 2 to 57
Diagnostics time 0.24 secs 

Total number of iterations 10128 - required further 442 

Chain # 11 - chunk 20 (chain 1 of 1 for this core): increasing by 443 

Iterations: 443 
|-------------|-------------|-------------|-------------|
|-------------------------------------------------------|

Current time: 2024-11-19 13:03:54
MCMC time 23 mins 

USED COMPONENTS: 53 OF 74 

rel. MC standard error: 0.0099 to 0.0599
eff. sample size: 279 to 10200
needed thinning: 2 to 57
Diagnostics time 0.32 secs 

Total number of iterations 10571 - required further 442 

Chain # 11 - chunk 21 (chain 1 of 1 for this core): increasing by 443 

Iterations: 443 
|-------------|-------------|-------------|-------------|
|-------------------------------------------------------|

Current time: 2024-11-19 13:04:50
MCMC time 24 mins 

USED COMPONENTS: 53 OF 74 

rel. MC standard error: 0.00968 to 0.0585
eff. sample size: 292 to 10700
needed thinning: 2 to 57
Diagnostics time 0.77 secs 

Total number of iterations 11014 - required further 442 

Chain # 11 - chunk 22 (chain 1 of 1 for this core): increasing by 443 

Iterations: 443 
|-------------|-------------|-------------|-------------|
|-------------------------------------------------------|

Current time: 2024-11-19 13:05:47
MCMC time 25 mins 

USED COMPONENTS: 53 OF 74 

rel. MC standard error: 0.00978 to 0.0573
eff. sample size: 305 to 10500
needed thinning: 2 to 57
Diagnostics time 0.26 secs 

Total number of iterations 11457 - required further 442 

Chain # 11 - chunk 23 (chain 1 of 1 for this core): increasing by 443 

Iterations: 443 
|-------------|-------------|-------------|-------------|
|-------------------------------------------------------|

Current time: 2024-11-19 13:06:43
MCMC time 26 mins 

USED COMPONENTS: 52 OF 74 

rel. MC standard error: 0.00941 to 0.0565
eff. sample size: 313 to 11300
needed thinning: 2 to 58
Diagnostics time 0.28 secs 

Total number of iterations 11900 - required further 450 

Chain # 11 - chunk 24 (chain 1 of 1 for this core): increasing by 451 

Iterations: 451 
|-------------|-------------|-------------|-------------|
|-------------------------------------------------------|

Current time: 2024-11-19 13:07:41
MCMC time 27 mins 

USED COMPONENTS: 52 OF 74 

rel. MC standard error: 0.00924 to 0.055
eff. sample size: 330 to 11700
needed thinning: 2 to 57
Diagnostics time 0.25 secs 

Total number of iterations 12351 - required further 442 

Chain # 11 - chunk 25 (chain 1 of 1 for this core): increasing by 443 

Iterations: 443 
|-------------|-------------|-------------|-------------|
|-------------------------------------------------------|

Current time: 2024-11-19 13:08:37
MCMC time 28 mins 

USED COMPONENTS: 52 OF 74 

rel. MC standard error: 0.00872 to 0.0532
eff. sample size: 353 to 13200
needed thinning: 2 to 55
Diagnostics time 0.32 secs 

Total number of iterations 12794 - required further 427 

Chain # 11 - chunk 26 (chain 1 of 1 for this core): increasing by 428 

Iterations: 428 
|-------------|-------------|-------------|-------------|
|-------------------------------------------------------|

Current time: 2024-11-19 13:09:31
MCMC time 29 mins 

USED COMPONENTS: 53 OF 74 

rel. MC standard error: 0.00863 to 0.0525
eff. sample size: 363 to 13400
needed thinning: 2 to 55
Diagnostics time 0.25 secs 

Total number of iterations 13222 - required further 427 

Chain # 11 - chunk 27 (chain 1 of 1 for this core): increasing by 428 

Iterations: 428 
|-------------|-------------|-------------|-------------|
|-------------------------------------------------------|

Current time: 2024-11-19 13:10:25
MCMC time 30 mins 

USED COMPONENTS: 52 OF 74 

rel. MC standard error: 0.00899 to 0.0523
eff. sample size: 366 to 12400
needed thinning: 2 to 56
Diagnostics time 0.27 secs 

Total number of iterations 13650 - required further 434 

Chain # 11 - chunk 28 (chain 1 of 1 for this core): increasing by 435 

Iterations: 435 
|-------------|-------------|-------------|-------------|
|-------------------------------------------------------|

Current time: 2024-11-19 13:11:21
MCMC time 31 mins 

USED COMPONENTS: 52 OF 74 

rel. MC standard error: 0.00881 to 0.0522
eff. sample size: 366 to 12900
needed thinning: 2 to 58
Diagnostics time 0.27 secs 

Total number of iterations 14085 - required further 450 

Chain # 11 - chunk 29 (chain 1 of 1 for this core): increasing by 451 

Iterations: 451 
|-------------|-------------|-------------|-------------|
|-------------------------------------------------------|

Current time: 2024-11-19 13:12:17
MCMC time 32 mins 

USED COMPONENTS: 52 OF 74 

rel. MC standard error: 0.00873 to 0.0509
eff. sample size: 387 to 13100
needed thinning: 2 to 57
Diagnostics time 0.23 secs 

Total number of iterations 14536 - required further 442 

Chain # 11 - chunk 30 (chain 1 of 1 for this core): increasing by 443 

Iterations: 443 
|-------------|-------------|-------------|-------------|
|-------------------------------------------------------|

Current time: 2024-11-19 13:13:13
MCMC time 33 mins 

USED COMPONENTS: 52 OF 74 

rel. MC standard error: 0.00867 to 0.0509
eff. sample size: 386 to 13300
needed thinning: 2 to 59
Diagnostics time 0.25 secs 

Total number of iterations 14979 - required further 458 

Chain # 11 - chunk 31 (chain 1 of 1 for this core): increasing by 459 

Iterations: 459 
|-------------|-------------|-------------|-------------|
|-------------------------------------------------------|

Current time: 2024-11-19 13:14:11
MCMC time 34 mins 

USED COMPONENTS: 52 OF 74 

rel. MC standard error: 0.00797 to 0.0503
eff. sample size: 395 to 15700
needed thinning: 2 to 59
Diagnostics time 0.27 secs 

Total number of iterations 15438 - required further 458 

Chain # 11 - chunk 32 (chain 1 of 1 for this core): increasing by 459 

Iterations: 459 
|-------------|-------------|-------------|-------------|
|-------------------------------------------------------|

Current time: 2024-11-19 13:15:08
MCMC time 35 mins 

USED COMPONENTS: 52 OF 74 

rel. MC standard error: 0.00821 to 0.0494
eff. sample size: 410 to 14800
needed thinning: 2 to 59
Diagnostics time 0.79 secs 

Total number of iterations 15897 - required further 0 

Keeping last 60 samples with thinning 59 

Plotting traces and samples.

Current time: 2024-11-19 13:15:10
MCMC + diagnostics time 35 mins 

Current time: 2024-11-19 13:15:10
Total time 35 mins 
loaded inferno and set parent environment
loaded inferno and set parent environment
loaded inferno and set parent environment
loaded inferno and set parent environment
