Log core 17 - Current time: 2024-11-19 12:36:57
Defining model
Building model
Setting data and initial values
Running calculate on model
  [Note] Any error reports that follow may simply reflect missing values in model variables.
Checking model sizes and dimensions
Compiling
  [Note] This may take a minute.
  [Note] Use 'showCompilerOutput = TRUE' to see C++ compilation details.
===== Monitors =====
thin = 1: Bprob, Rmean, Rvar, W
thin2 = 1: K
===== Samplers =====
conjugate sampler (519)
  - Rmean[]  (148 elements)
  - Rrate[]  (148 elements)
  - Bprob[]  (74 elements)
  - Rvar[]  (148 elements)
  - W[1:74] 
categorical sampler (1501)
  - Alpha
  - K[]  (1500 elements)
===== Monitors =====
thin = 1: Bprob, Rmean, Rvar, W
thin2 = 1: K
===== Samplers =====
slice sampler (1501)
  - Alpha
  - K[]  (1500 elements)
conjugate sampler (519)
  - Rmean[]  (148 elements)
  - Rrate[]  (148 elements)
  - Bprob[]  (74 elements)
  - Rvar[]  (148 elements)
  - W[1:74] 
Compiling
  [Note] This may take a minute.
  [Note] Use 'showCompilerOutput = TRUE' to see C++ compilation details.

Setup time 3.5 mins 

Chain # 17 (chain 1 of 1 for this core)

Datapoints for testing convergence:
 #28 #57 #85 #194 #391 #472 #481 #508 #604 #649 #668 #801 #830 #941 #1115 #1140 #1268 #1291 #1403 #1490 

Iterations: 3600 
|-------------|-------------|-------------|-------------|
|-------------------------------------------------------|

Current time: 2024-11-19 12:48:37
MCMC time 8.2 mins 

USED COMPONENTS: 53 OF 74 

rel. MC standard error: 0.0159 to 0.0493
eff. sample size: 412 to 3970
needed thinning: 2 to 14
Diagnostics time 2.3 secs 

Total number of iterations 3600 - required further 0 

Keeping last 60 samples with thinning 14 

Plotting traces and samples.

Current time: 2024-11-19 12:48:41
MCMC + diagnostics time 8.3 mins 

Current time: 2024-11-19 12:48:41
Total time 8.3 mins 
loaded inferno and set parent environment
loaded inferno and set parent environment
loaded inferno and set parent environment
loaded inferno and set parent environment
