Log core 10 - Current time: 2024-11-19 12:36:57
Defining model
Building model
Setting data and initial values
Running calculate on model
  [Note] Any error reports that follow may simply reflect missing values in model variables.
Checking model sizes and dimensions
Compiling
  [Note] This may take a minute.
  [Note] Use 'showCompilerOutput = TRUE' to see C++ compilation details.
===== Monitors =====
thin = 1: Bprob, Rmean, Rvar, W
thin2 = 1: K
===== Samplers =====
conjugate sampler (519)
  - Rmean[]  (148 elements)
  - Rrate[]  (148 elements)
  - Bprob[]  (74 elements)
  - Rvar[]  (148 elements)
  - W[1:74] 
categorical sampler (1501)
  - Alpha
  - K[]  (1500 elements)
===== Monitors =====
thin = 1: Bprob, Rmean, Rvar, W
thin2 = 1: K
===== Samplers =====
slice sampler (1501)
  - Alpha
  - K[]  (1500 elements)
conjugate sampler (519)
  - Rmean[]  (148 elements)
  - Rrate[]  (148 elements)
  - Bprob[]  (74 elements)
  - Rvar[]  (148 elements)
  - W[1:74] 
Compiling
  [Note] This may take a minute.
  [Note] Use 'showCompilerOutput = TRUE' to see C++ compilation details.

Setup time 5.6 mins 

Chain # 10 (chain 1 of 1 for this core)

Datapoints for testing convergence:
 #31 #87 #239 #243 #341 #445 #506 #510 #551 #553 #681 #740 #825 #896 #971 #1018 #1053 #1138 #1187 #1265 

Iterations: 3600 
|-------------|-------------|-------------|-------------|
|-------------------------------------------------------|

Current time: 2024-11-19 12:52:42
MCMC time 10 mins 

USED COMPONENTS: 52 OF 74 

rel. MC standard error: 0.0153 to 0.0673
eff. sample size: 220 to 4260
needed thinning: 2 to 25
Diagnostics time 2.5 secs 

Total number of iterations 3600 - required further 194 

Chain # 10 - chunk 2 (chain 1 of 1 for this core): increasing by 195 

Iterations: 195 
|-------------|-------------|-------------|-------------|
|-------------------------------------------------------|

Current time: 2024-11-19 12:53:10
MCMC time 11 mins 

USED COMPONENTS: 51 OF 74 

rel. MC standard error: 0.0152 to 0.0657
eff. sample size: 232 to 4350
needed thinning: 2 to 25
Diagnostics time 0.22 secs 

Total number of iterations 3795 - required further 194 

Chain # 10 - chunk 3 (chain 1 of 1 for this core): increasing by 195 

Iterations: 195 
|-------------|-------------|-------------|-------------|
|-------------------------------------------------------|

Current time: 2024-11-19 12:53:35
MCMC time 11 mins 

USED COMPONENTS: 51 OF 74 

rel. MC standard error: 0.0146 to 0.0651
eff. sample size: 236 to 4670
needed thinning: 2 to 26
Diagnostics time 0.13 secs 

Total number of iterations 3990 - required further 202 

Chain # 10 - chunk 4 (chain 1 of 1 for this core): increasing by 203 

Iterations: 203 
|-------------|-------------|-------------|-------------|
|-------------------------------------------------------|

Current time: 2024-11-19 12:54:01
MCMC time 11 mins 

USED COMPONENTS: 51 OF 74 

rel. MC standard error: 0.0147 to 0.0631
eff. sample size: 251 to 4600
needed thinning: 2 to 26
Diagnostics time 0.17 secs 

Total number of iterations 4193 - required further 202 

Chain # 10 - chunk 5 (chain 1 of 1 for this core): increasing by 203 

Iterations: 203 
|-------------|-------------|-------------|-------------|
|-------------------------------------------------------|

Current time: 2024-11-19 12:54:28
MCMC time 12 mins 

USED COMPONENTS: 51 OF 74 

rel. MC standard error: 0.0136 to 0.0624
eff. sample size: 257 to 5420
needed thinning: 2 to 26
Diagnostics time 0.15 secs 

Total number of iterations 4396 - required further 202 

Chain # 10 - chunk 6 (chain 1 of 1 for this core): increasing by 203 

Iterations: 203 
|-------------|-------------|-------------|-------------|
|-------------------------------------------------------|

Current time: 2024-11-19 12:54:54
MCMC time 12 mins 

USED COMPONENTS: 51 OF 74 

rel. MC standard error: 0.0142 to 0.0613
eff. sample size: 266 to 4940
needed thinning: 2 to 26
Diagnostics time 0.12 secs 

Total number of iterations 4599 - required further 202 

Chain # 10 - chunk 7 (chain 1 of 1 for this core): increasing by 203 

Iterations: 203 
|-------------|-------------|-------------|-------------|
|-------------------------------------------------------|

Current time: 2024-11-19 12:55:20
MCMC time 13 mins 

USED COMPONENTS: 51 OF 74 

rel. MC standard error: 0.0134 to 0.0605
eff. sample size: 273 to 5590
needed thinning: 2 to 27
Diagnostics time 0.15 secs 

Total number of iterations 4802 - required further 210 

Chain # 10 - chunk 8 (chain 1 of 1 for this core): increasing by 211 

Iterations: 211 
|-------------|-------------|-------------|-------------|
|-------------------------------------------------------|

Current time: 2024-11-19 12:55:47
MCMC time 13 mins 

USED COMPONENTS: 51 OF 74 

rel. MC standard error: 0.0125 to 0.0592
eff. sample size: 285 to 6400
needed thinning: 2 to 27
Diagnostics time 0.15 secs 

Total number of iterations 5013 - required further 210 

Chain # 10 - chunk 9 (chain 1 of 1 for this core): increasing by 211 

Iterations: 211 
|-------------|-------------|-------------|-------------|
|-------------------------------------------------------|

Current time: 2024-11-19 12:56:14
MCMC time 14 mins 

USED COMPONENTS: 51 OF 74 

rel. MC standard error: 0.0132 to 0.0582
eff. sample size: 295 to 5750
needed thinning: 2 to 27
Diagnostics time 0.15 secs 

Total number of iterations 5224 - required further 210 

Chain # 10 - chunk 10 (chain 1 of 1 for this core): increasing by 211 

Iterations: 211 
|-------------|-------------|-------------|-------------|
|-------------------------------------------------------|

Current time: 2024-11-19 12:56:42
MCMC time 14 mins 

USED COMPONENTS: 51 OF 74 

rel. MC standard error: 0.0129 to 0.0567
eff. sample size: 311 to 6000
needed thinning: 2 to 27
Diagnostics time 0.14 secs 

Total number of iterations 5435 - required further 210 

Chain # 10 - chunk 11 (chain 1 of 1 for this core): increasing by 211 

Iterations: 211 
|-------------|-------------|-------------|-------------|
|-------------------------------------------------------|

Current time: 2024-11-19 12:57:09
MCMC time 15 mins 

USED COMPONENTS: 51 OF 74 

rel. MC standard error: 0.0132 to 0.056
eff. sample size: 318 to 5780
needed thinning: 2 to 27
Diagnostics time 0.16 secs 

Total number of iterations 5646 - required further 210 

Chain # 10 - chunk 12 (chain 1 of 1 for this core): increasing by 211 

Iterations: 211 
|-------------|-------------|-------------|-------------|
|-------------------------------------------------------|

Current time: 2024-11-19 12:57:36
MCMC time 15 mins 

USED COMPONENTS: 51 OF 74 

rel. MC standard error: 0.0122 to 0.0547
eff. sample size: 334 to 6770
needed thinning: 2 to 27
Diagnostics time 0.13 secs 

Total number of iterations 5857 - required further 210 

Chain # 10 - chunk 13 (chain 1 of 1 for this core): increasing by 211 

Iterations: 211 
|-------------|-------------|-------------|-------------|
|-------------------------------------------------------|

Current time: 2024-11-19 12:58:03
MCMC time 16 mins 

USED COMPONENTS: 51 OF 74 

rel. MC standard error: 0.0118 to 0.054
eff. sample size: 343 to 7180
needed thinning: 2 to 27
Diagnostics time 0.12 secs 

Total number of iterations 6068 - required further 210 

Chain # 10 - chunk 14 (chain 1 of 1 for this core): increasing by 211 

Iterations: 211 
|-------------|-------------|-------------|-------------|
|-------------------------------------------------------|

Current time: 2024-11-19 12:58:30
MCMC time 16 mins 

USED COMPONENTS: 51 OF 74 

rel. MC standard error: 0.0111 to 0.0533
eff. sample size: 353 to 8110
needed thinning: 2 to 27
Diagnostics time 0.16 secs 

Total number of iterations 6279 - required further 210 

Chain # 10 - chunk 15 (chain 1 of 1 for this core): increasing by 211 

Iterations: 211 
|-------------|-------------|-------------|-------------|
|-------------------------------------------------------|

Current time: 2024-11-19 12:58:58
MCMC time 16 mins 

USED COMPONENTS: 51 OF 74 

rel. MC standard error: 0.0114 to 0.0528
eff. sample size: 359 to 7670
needed thinning: 2 to 28
Diagnostics time 0.16 secs 

Total number of iterations 6490 - required further 217 

Chain # 10 - chunk 16 (chain 1 of 1 for this core): increasing by 218 

Iterations: 218 
|-------------|-------------|-------------|-------------|
|-------------------------------------------------------|

Current time: 2024-11-19 12:59:25
MCMC time 17 mins 

USED COMPONENTS: 51 OF 74 

rel. MC standard error: 0.0107 to 0.0514
eff. sample size: 379 to 8760
needed thinning: 2 to 27
Diagnostics time 0.12 secs 

Total number of iterations 6708 - required further 210 

Chain # 10 - chunk 17 (chain 1 of 1 for this core): increasing by 211 

Iterations: 211 
|-------------|-------------|-------------|-------------|
|-------------------------------------------------------|

Current time: 2024-11-19 12:59:52
MCMC time 17 mins 

USED COMPONENTS: 51 OF 74 

rel. MC standard error: 0.0113 to 0.0504
eff. sample size: 393 to 7800
needed thinning: 2 to 27
Diagnostics time 0.15 secs 

Total number of iterations 6919 - required further 210 

Chain # 10 - chunk 18 (chain 1 of 1 for this core): increasing by 211 

Iterations: 211 
|-------------|-------------|-------------|-------------|
|-------------------------------------------------------|

Current time: 2024-11-19 13:00:19
MCMC time 18 mins 

USED COMPONENTS: 51 OF 74 

rel. MC standard error: 0.0108 to 0.05
eff. sample size: 400 to 8600
needed thinning: 2 to 27
Diagnostics time 0.15 secs 

Total number of iterations 7130 - required further 210 

Chain # 10 - chunk 19 (chain 1 of 1 for this core): increasing by 211 

Iterations: 211 
|-------------|-------------|-------------|-------------|
|-------------------------------------------------------|

Current time: 2024-11-19 13:00:52
MCMC time 18 mins 

USED COMPONENTS: 52 OF 74 

rel. MC standard error: 0.0108 to 0.0492
eff. sample size: 413 to 8610
needed thinning: 2 to 27
Diagnostics time 0.28 secs 

Total number of iterations 7341 - required further 0 

Keeping last 60 samples with thinning 27 

Plotting traces and samples.

Current time: 2024-11-19 13:00:53
MCMC + diagnostics time 18 mins 

Current time: 2024-11-19 13:00:53
Total time 18 mins 
loaded inferno and set parent environment
loaded inferno and set parent environment
loaded inferno and set parent environment
loaded inferno and set parent environment
