Log core 19 - Current time: 2024-11-19 12:36:57
Defining model
Building model
Setting data and initial values
Running calculate on model
  [Note] Any error reports that follow may simply reflect missing values in model variables.
Checking model sizes and dimensions
Compiling
  [Note] This may take a minute.
  [Note] Use 'showCompilerOutput = TRUE' to see C++ compilation details.
===== Monitors =====
thin = 1: Bprob, Rmean, Rvar, W
thin2 = 1: K
===== Samplers =====
conjugate sampler (519)
  - Rmean[]  (148 elements)
  - Rrate[]  (148 elements)
  - Bprob[]  (74 elements)
  - Rvar[]  (148 elements)
  - W[1:74] 
categorical sampler (1501)
  - Alpha
  - K[]  (1500 elements)
===== Monitors =====
thin = 1: Bprob, Rmean, Rvar, W
thin2 = 1: K
===== Samplers =====
slice sampler (1501)
  - Alpha
  - K[]  (1500 elements)
conjugate sampler (519)
  - Rmean[]  (148 elements)
  - Rrate[]  (148 elements)
  - Bprob[]  (74 elements)
  - Rvar[]  (148 elements)
  - W[1:74] 
Compiling
  [Note] This may take a minute.
  [Note] Use 'showCompilerOutput = TRUE' to see C++ compilation details.

Setup time 3.5 mins 

Chain # 19 (chain 1 of 1 for this core)

Datapoints for testing convergence:
 #51 #58 #82 #89 #130 #152 #188 #189 #364 #446 #470 #735 #939 #1010 #1052 #1245 #1309 #1355 #1368 #1370 

Iterations: 3600 
|-------------|-------------|-------------|-------------|
|-------------------------------------------------------|

Current time: 2024-11-19 12:48:32
MCMC time 8.1 mins 

USED COMPONENTS: 55 OF 74 

rel. MC standard error: 0.0141 to 0.0818
eff. sample size: 149 to 5060
needed thinning: 2 to 37
Diagnostics time 2.2 secs 

Total number of iterations 3600 - required further 287 

Chain # 19 - chunk 2 (chain 1 of 1 for this core): increasing by 288 

Iterations: 288 
|-------------|-------------|-------------|-------------|
|-------------------------------------------------------|

Current time: 2024-11-19 12:49:11
MCMC time 8.7 mins 

USED COMPONENTS: 55 OF 74 

rel. MC standard error: 0.0155 to 0.0788
eff. sample size: 161 to 4150
needed thinning: 2 to 37
Diagnostics time 0.18 secs 

Total number of iterations 3888 - required further 287 

Chain # 19 - chunk 3 (chain 1 of 1 for this core): increasing by 288 

Iterations: 288 
|-------------|-------------|-------------|-------------|
|-------------------------------------------------------|

Current time: 2024-11-19 12:49:48
MCMC time 9.3 mins 

USED COMPONENTS: 55 OF 74 

rel. MC standard error: 0.0143 to 0.076
eff. sample size: 173 to 4870
needed thinning: 2 to 37
Diagnostics time 0.19 secs 

Total number of iterations 4176 - required further 287 

Chain # 19 - chunk 4 (chain 1 of 1 for this core): increasing by 288 

Iterations: 288 
|-------------|-------------|-------------|-------------|
|-------------------------------------------------------|

Current time: 2024-11-19 12:50:25
MCMC time 10 mins 

USED COMPONENTS: 55 OF 74 

rel. MC standard error: 0.0144 to 0.0731
eff. sample size: 187 to 4820
needed thinning: 2 to 36
Diagnostics time 0.18 secs 

Total number of iterations 4464 - required further 279 

Chain # 19 - chunk 5 (chain 1 of 1 for this core): increasing by 280 

Iterations: 280 
|-------------|-------------|-------------|-------------|
|-------------------------------------------------------|

Current time: 2024-11-19 12:51:00
MCMC time 11 mins 

USED COMPONENTS: 55 OF 74 

rel. MC standard error: 0.0142 to 0.0716
eff. sample size: 195 to 4960
needed thinning: 2 to 37
Diagnostics time 0.17 secs 

Total number of iterations 4744 - required further 287 

Chain # 19 - chunk 6 (chain 1 of 1 for this core): increasing by 288 

Iterations: 288 
|-------------|-------------|-------------|-------------|
|-------------------------------------------------------|

Current time: 2024-11-19 12:51:37
MCMC time 11 mins 

USED COMPONENTS: 56 OF 74 

rel. MC standard error: 0.0133 to 0.0695
eff. sample size: 207 to 5630
needed thinning: 2 to 37
Diagnostics time 0.19 secs 

Total number of iterations 5032 - required further 287 

Chain # 19 - chunk 7 (chain 1 of 1 for this core): increasing by 288 

Iterations: 288 
|-------------|-------------|-------------|-------------|
|-------------------------------------------------------|

Current time: 2024-11-19 12:52:14
MCMC time 12 mins 

USED COMPONENTS: 55 OF 74 

rel. MC standard error: 0.0121 to 0.0676
eff. sample size: 219 to 6860
needed thinning: 2 to 37
Diagnostics time 0.17 secs 

Total number of iterations 5320 - required further 287 

Chain # 19 - chunk 8 (chain 1 of 1 for this core): increasing by 288 

Iterations: 288 
|-------------|-------------|-------------|-------------|
|-------------------------------------------------------|

Current time: 2024-11-19 12:52:51
MCMC time 12 mins 

USED COMPONENTS: 55 OF 74 

rel. MC standard error: 0.0123 to 0.0656
eff. sample size: 233 to 6580
needed thinning: 2 to 37
Diagnostics time 0.16 secs 

Total number of iterations 5608 - required further 287 

Chain # 19 - chunk 9 (chain 1 of 1 for this core): increasing by 288 

Iterations: 288 
|-------------|-------------|-------------|-------------|
|-------------------------------------------------------|

Current time: 2024-11-19 12:53:27
MCMC time 13 mins 

USED COMPONENTS: 55 OF 74 

rel. MC standard error: 0.0121 to 0.0638
eff. sample size: 245 to 6850
needed thinning: 2 to 37
Diagnostics time 0.19 secs 

Total number of iterations 5896 - required further 287 

Chain # 19 - chunk 10 (chain 1 of 1 for this core): increasing by 288 

Iterations: 288 
|-------------|-------------|-------------|-------------|
|-------------------------------------------------------|

Current time: 2024-11-19 12:54:04
MCMC time 14 mins 

USED COMPONENTS: 55 OF 74 

rel. MC standard error: 0.0125 to 0.0628
eff. sample size: 254 to 6440
needed thinning: 2 to 37
Diagnostics time 0.15 secs 

Total number of iterations 6184 - required further 287 

Chain # 19 - chunk 11 (chain 1 of 1 for this core): increasing by 288 

Iterations: 288 
|-------------|-------------|-------------|-------------|
|-------------------------------------------------------|

Current time: 2024-11-19 12:54:41
MCMC time 14 mins 

USED COMPONENTS: 55 OF 74 

rel. MC standard error: 0.0114 to 0.0612
eff. sample size: 267 to 7730
needed thinning: 2 to 37
Diagnostics time 0.19 secs 

Total number of iterations 6472 - required further 287 

Chain # 19 - chunk 12 (chain 1 of 1 for this core): increasing by 288 

Iterations: 288 
|-------------|-------------|-------------|-------------|
|-------------------------------------------------------|

Current time: 2024-11-19 12:55:17
MCMC time 15 mins 

USED COMPONENTS: 54 OF 74 

rel. MC standard error: 0.0115 to 0.0598
eff. sample size: 280 to 7620
needed thinning: 2 to 37
Diagnostics time 0.18 secs 

Total number of iterations 6760 - required further 287 

Chain # 19 - chunk 13 (chain 1 of 1 for this core): increasing by 288 

Iterations: 288 
|-------------|-------------|-------------|-------------|
|-------------------------------------------------------|

Current time: 2024-11-19 12:55:54
MCMC time 15 mins 

USED COMPONENTS: 54 OF 74 

rel. MC standard error: 0.012 to 0.0588
eff. sample size: 290 to 7000
needed thinning: 2 to 37
Diagnostics time 0.16 secs 

Total number of iterations 7048 - required further 287 

Chain # 19 - chunk 14 (chain 1 of 1 for this core): increasing by 288 

Iterations: 288 
|-------------|-------------|-------------|-------------|
|-------------------------------------------------------|

Current time: 2024-11-19 12:56:31
MCMC time 16 mins 

USED COMPONENTS: 54 OF 74 

rel. MC standard error: 0.0117 to 0.0579
eff. sample size: 298 to 7340
needed thinning: 2 to 37
Diagnostics time 0.16 secs 

Total number of iterations 7336 - required further 287 

Chain # 19 - chunk 15 (chain 1 of 1 for this core): increasing by 288 

Iterations: 288 
|-------------|-------------|-------------|-------------|
|-------------------------------------------------------|

Current time: 2024-11-19 12:57:07
MCMC time 17 mins 

USED COMPONENTS: 55 OF 74 

rel. MC standard error: 0.0108 to 0.057
eff. sample size: 307 to 8490
needed thinning: 2 to 38
Diagnostics time 0.18 secs 

Total number of iterations 7624 - required further 295 

Chain # 19 - chunk 16 (chain 1 of 1 for this core): increasing by 296 

Iterations: 296 
|-------------|-------------|-------------|-------------|
|-------------------------------------------------------|

Current time: 2024-11-19 12:57:45
MCMC time 17 mins 

USED COMPONENTS: 55 OF 74 

rel. MC standard error: 0.0102 to 0.0555
eff. sample size: 324 to 9550
needed thinning: 2 to 37
Diagnostics time 0.18 secs 

Total number of iterations 7920 - required further 287 

Chain # 19 - chunk 17 (chain 1 of 1 for this core): increasing by 288 

Iterations: 288 
|-------------|-------------|-------------|-------------|
|-------------------------------------------------------|

Current time: 2024-11-19 12:58:22
MCMC time 18 mins 

USED COMPONENTS: 55 OF 74 

rel. MC standard error: 0.0105 to 0.0542
eff. sample size: 340 to 9080
needed thinning: 2 to 37
Diagnostics time 0.16 secs 

Total number of iterations 8208 - required further 287 

Chain # 19 - chunk 18 (chain 1 of 1 for this core): increasing by 288 

Iterations: 288 
|-------------|-------------|-------------|-------------|
|-------------------------------------------------------|

Current time: 2024-11-19 12:58:58
MCMC time 19 mins 

USED COMPONENTS: 56 OF 74 

rel. MC standard error: 0.0103 to 0.0531
eff. sample size: 355 to 9400
needed thinning: 2 to 36
Diagnostics time 0.22 secs 

Total number of iterations 8496 - required further 279 

Chain # 19 - chunk 19 (chain 1 of 1 for this core): increasing by 280 

Iterations: 280 
|-------------|-------------|-------------|-------------|
|-------------------------------------------------------|

Current time: 2024-11-19 12:59:33
MCMC time 19 mins 

USED COMPONENTS: 55 OF 74 

rel. MC standard error: 0.00996 to 0.052
eff. sample size: 370 to 10100
needed thinning: 2 to 36
Diagnostics time 0.19 secs 

Total number of iterations 8776 - required further 279 

Chain # 19 - chunk 20 (chain 1 of 1 for this core): increasing by 280 

Iterations: 280 
|-------------|-------------|-------------|-------------|
|-------------------------------------------------------|

Current time: 2024-11-19 13:00:09
MCMC time 20 mins 

USED COMPONENTS: 55 OF 74 

rel. MC standard error: 0.0103 to 0.0513
eff. sample size: 380 to 9340
needed thinning: 2 to 36
Diagnostics time 0.17 secs 

Total number of iterations 9056 - required further 279 

Chain # 19 - chunk 21 (chain 1 of 1 for this core): increasing by 280 

Iterations: 280 
|-------------|-------------|-------------|-------------|
|-------------------------------------------------------|

Current time: 2024-11-19 13:00:44
MCMC time 20 mins 

USED COMPONENTS: 54 OF 74 

rel. MC standard error: 0.0101 to 0.0506
eff. sample size: 391 to 9860
needed thinning: 2 to 36
Diagnostics time 0.17 secs 

Total number of iterations 9336 - required further 279 

Chain # 19 - chunk 22 (chain 1 of 1 for this core): increasing by 280 

Iterations: 280 
|-------------|-------------|-------------|-------------|
|-------------------------------------------------------|

Current time: 2024-11-19 13:01:19
MCMC time 21 mins 

USED COMPONENTS: 54 OF 74 

rel. MC standard error: 0.00928 to 0.0497
eff. sample size: 405 to 11600
needed thinning: 2 to 36
Diagnostics time 0.17 secs 

Total number of iterations 9616 - required further 0 

Keeping last 60 samples with thinning 36 

Plotting traces and samples.

Current time: 2024-11-19 13:01:20
MCMC + diagnostics time 21 mins 

Current time: 2024-11-19 13:01:20
Total time 21 mins 
loaded inferno and set parent environment
loaded inferno and set parent environment
loaded inferno and set parent environment
loaded inferno and set parent environment
