Log core 18 - Current time: 2024-11-19 12:36:57
Defining model
Building model
Setting data and initial values
Running calculate on model
  [Note] Any error reports that follow may simply reflect missing values in model variables.
Checking model sizes and dimensions
Compiling
  [Note] This may take a minute.
  [Note] Use 'showCompilerOutput = TRUE' to see C++ compilation details.
===== Monitors =====
thin = 1: Bprob, Rmean, Rvar, W
thin2 = 1: K
===== Samplers =====
conjugate sampler (519)
  - Rmean[]  (148 elements)
  - Rrate[]  (148 elements)
  - Bprob[]  (74 elements)
  - Rvar[]  (148 elements)
  - W[1:74] 
categorical sampler (1501)
  - Alpha
  - K[]  (1500 elements)
===== Monitors =====
thin = 1: Bprob, Rmean, Rvar, W
thin2 = 1: K
===== Samplers =====
slice sampler (1501)
  - Alpha
  - K[]  (1500 elements)
conjugate sampler (519)
  - Rmean[]  (148 elements)
  - Rrate[]  (148 elements)
  - Bprob[]  (74 elements)
  - Rvar[]  (148 elements)
  - W[1:74] 
Compiling
  [Note] This may take a minute.
  [Note] Use 'showCompilerOutput = TRUE' to see C++ compilation details.

Setup time 3.5 mins 

Chain # 18 (chain 1 of 1 for this core)

Datapoints for testing convergence:
 #8 #16 #130 #401 #504 #667 #752 #949 #1070 #1083 #1109 #1120 #1160 #1215 #1230 #1260 #1339 #1454 #1457 #1469 

Iterations: 3600 
|-------------|-------------|-------------|-------------|
|-------------------------------------------------------|

Current time: 2024-11-19 12:48:43
MCMC time 8.2 mins 

USED COMPONENTS: 51 OF 74 

rel. MC standard error: 0.0143 to 0.0465
eff. sample size: 463 to 4910
needed thinning: 2 to 12
Diagnostics time 2.3 secs 

Total number of iterations 3600 - required further 0 

Keeping last 60 samples with thinning 12 

Plotting traces and samples.

Current time: 2024-11-19 12:48:46
MCMC + diagnostics time 8.3 mins 

Current time: 2024-11-19 12:48:46
Total time 8.3 mins 
loaded inferno and set parent environment
loaded inferno and set parent environment
loaded inferno and set parent environment
loaded inferno and set parent environment
