Log core 16 - Current time: 2024-11-19 12:36:57
Defining model
Building model
Setting data and initial values
Running calculate on model
  [Note] Any error reports that follow may simply reflect missing values in model variables.
Checking model sizes and dimensions
Compiling
  [Note] This may take a minute.
  [Note] Use 'showCompilerOutput = TRUE' to see C++ compilation details.
===== Monitors =====
thin = 1: Bprob, Rmean, Rvar, W
thin2 = 1: K
===== Samplers =====
conjugate sampler (519)
  - Rmean[]  (148 elements)
  - Rrate[]  (148 elements)
  - Bprob[]  (74 elements)
  - Rvar[]  (148 elements)
  - W[1:74] 
categorical sampler (1501)
  - Alpha
  - K[]  (1500 elements)
===== Monitors =====
thin = 1: Bprob, Rmean, Rvar, W
thin2 = 1: K
===== Samplers =====
slice sampler (1501)
  - Alpha
  - K[]  (1500 elements)
conjugate sampler (519)
  - Rmean[]  (148 elements)
  - Rrate[]  (148 elements)
  - Bprob[]  (74 elements)
  - Rvar[]  (148 elements)
  - W[1:74] 
Compiling
  [Note] This may take a minute.
  [Note] Use 'showCompilerOutput = TRUE' to see C++ compilation details.

Setup time 5.6 mins 

Chain # 16 (chain 1 of 1 for this core)

Datapoints for testing convergence:
 #3 #58 #59 #61 #114 #160 #205 #272 #325 #497 #502 #510 #553 #845 #894 #978 #984 #1078 #1207 #1294 

Iterations: 3600 
|-------------|-------------|-------------|-------------|
|-------------------------------------------------------|

Current time: 2024-11-19 12:52:14
MCMC time 9.7 mins 

USED COMPONENTS: 59 OF 74 

rel. MC standard error: 0.0168 to 0.0739
eff. sample size: 183 to 3560
needed thinning: 2 to 30
Diagnostics time 2.2 secs 

Total number of iterations 3600 - required further 233 

Chain # 16 - chunk 2 (chain 1 of 1 for this core): increasing by 234 

Iterations: 234 
|-------------|-------------|-------------|-------------|
|-------------------------------------------------------|

Current time: 2024-11-19 12:52:47
MCMC time 10 mins 

USED COMPONENTS: 58 OF 74 

rel. MC standard error: 0.0158 to 0.0709
eff. sample size: 199 to 4000
needed thinning: 2 to 29
Diagnostics time 0.16 secs 

Total number of iterations 3834 - required further 225 

Chain # 16 - chunk 3 (chain 1 of 1 for this core): increasing by 226 

Iterations: 226 
|-------------|-------------|-------------|-------------|
|-------------------------------------------------------|

Current time: 2024-11-19 12:53:16
MCMC time 11 mins 

USED COMPONENTS: 58 OF 74 

rel. MC standard error: 0.016 to 0.0742
eff. sample size: 182 to 3880
needed thinning: 2 to 34
Diagnostics time 0.16 secs 

Total number of iterations 4060 - required further 264 

Chain # 16 - chunk 4 (chain 1 of 1 for this core): increasing by 265 

Iterations: 265 
|-------------|-------------|-------------|-------------|
|-------------------------------------------------------|

Current time: 2024-11-19 12:53:50
MCMC time 11 mins 

USED COMPONENTS: 59 OF 74 

rel. MC standard error: 0.0147 to 0.0735
eff. sample size: 185 to 4630
needed thinning: 2 to 36
Diagnostics time 0.15 secs 

Total number of iterations 4325 - required further 279 

Chain # 16 - chunk 5 (chain 1 of 1 for this core): increasing by 280 

Iterations: 280 
|-------------|-------------|-------------|-------------|
|-------------------------------------------------------|

Current time: 2024-11-19 12:54:26
MCMC time 12 mins 

USED COMPONENTS: 59 OF 74 

rel. MC standard error: 0.0139 to 0.0729
eff. sample size: 188 to 5170
needed thinning: 2 to 37
Diagnostics time 0.14 secs 

Total number of iterations 4605 - required further 287 

Chain # 16 - chunk 6 (chain 1 of 1 for this core): increasing by 288 

Iterations: 288 
|-------------|-------------|-------------|-------------|
|-------------------------------------------------------|

Current time: 2024-11-19 12:55:03
MCMC time 13 mins 

USED COMPONENTS: 58 OF 74 

rel. MC standard error: 0.015 to 0.0698
eff. sample size: 206 to 4470
needed thinning: 2 to 36
Diagnostics time 0.19 secs 

Total number of iterations 4893 - required further 279 

Chain # 16 - chunk 7 (chain 1 of 1 for this core): increasing by 280 

Iterations: 280 
|-------------|-------------|-------------|-------------|
|-------------------------------------------------------|

Current time: 2024-11-19 12:55:39
MCMC time 13 mins 

USED COMPONENTS: 58 OF 74 

rel. MC standard error: 0.0149 to 0.0676
eff. sample size: 219 to 4500
needed thinning: 2 to 36
Diagnostics time 0.17 secs 

Total number of iterations 5173 - required further 279 

Chain # 16 - chunk 8 (chain 1 of 1 for this core): increasing by 280 

Iterations: 280 
|-------------|-------------|-------------|-------------|
|-------------------------------------------------------|

Current time: 2024-11-19 12:56:15
MCMC time 14 mins 

USED COMPONENTS: 58 OF 74 

rel. MC standard error: 0.0138 to 0.0668
eff. sample size: 224 to 5260
needed thinning: 2 to 37
Diagnostics time 0.2 secs 

Total number of iterations 5453 - required further 287 

Chain # 16 - chunk 9 (chain 1 of 1 for this core): increasing by 288 

Iterations: 288 
|-------------|-------------|-------------|-------------|
|-------------------------------------------------------|

Current time: 2024-11-19 12:56:51
MCMC time 14 mins 

USED COMPONENTS: 58 OF 74 

rel. MC standard error: 0.013 to 0.0655
eff. sample size: 233 to 5880
needed thinning: 2 to 37
Diagnostics time 0.19 secs 

Total number of iterations 5741 - required further 287 

Chain # 16 - chunk 10 (chain 1 of 1 for this core): increasing by 288 

Iterations: 288 
|-------------|-------------|-------------|-------------|
|-------------------------------------------------------|

Current time: 2024-11-19 12:57:28
MCMC time 15 mins 

USED COMPONENTS: 58 OF 74 

rel. MC standard error: 0.0134 to 0.0648
eff. sample size: 238 to 5560
needed thinning: 2 to 38
Diagnostics time 0.15 secs 

Total number of iterations 6029 - required further 295 

Chain # 16 - chunk 11 (chain 1 of 1 for this core): increasing by 296 

Iterations: 296 
|-------------|-------------|-------------|-------------|
|-------------------------------------------------------|

Current time: 2024-11-19 12:58:06
MCMC time 16 mins 

USED COMPONENTS: 58 OF 74 

rel. MC standard error: 0.0126 to 0.0648
eff. sample size: 238 to 6260
needed thinning: 2 to 40
Diagnostics time 0.19 secs 

Total number of iterations 6325 - required further 310 

Chain # 16 - chunk 12 (chain 1 of 1 for this core): increasing by 311 

Iterations: 311 
|-------------|-------------|-------------|-------------|
|-------------------------------------------------------|

Current time: 2024-11-19 12:58:46
MCMC time 16 mins 

USED COMPONENTS: 58 OF 74 

rel. MC standard error: 0.0126 to 0.0634
eff. sample size: 249 to 6340
needed thinning: 2 to 40
Diagnostics time 0.19 secs 

Total number of iterations 6636 - required further 310 

Chain # 16 - chunk 13 (chain 1 of 1 for this core): increasing by 311 

Iterations: 311 
|-------------|-------------|-------------|-------------|
|-------------------------------------------------------|

Current time: 2024-11-19 12:59:26
MCMC time 17 mins 

USED COMPONENTS: 58 OF 74 

rel. MC standard error: 0.0128 to 0.0636
eff. sample size: 247 to 6100
needed thinning: 2 to 43
Diagnostics time 0.25 secs 

Total number of iterations 6947 - required further 334 

Chain # 16 - chunk 14 (chain 1 of 1 for this core): increasing by 335 

Iterations: 335 
|-------------|-------------|-------------|-------------|
|-------------------------------------------------------|

Current time: 2024-11-19 13:00:09
MCMC time 18 mins 

USED COMPONENTS: 58 OF 74 

rel. MC standard error: 0.0121 to 0.0627
eff. sample size: 255 to 6800
needed thinning: 2 to 43
Diagnostics time 0.21 secs 

Total number of iterations 7282 - required further 334 

Chain # 16 - chunk 15 (chain 1 of 1 for this core): increasing by 335 

Iterations: 335 
|-------------|-------------|-------------|-------------|
|-------------------------------------------------------|

Current time: 2024-11-19 13:00:52
MCMC time 18 mins 

USED COMPONENTS: 58 OF 74 

rel. MC standard error: 0.0118 to 0.0622
eff. sample size: 259 to 7220
needed thinning: 2 to 45
Diagnostics time 0.2 secs 

Total number of iterations 7617 - required further 349 

Chain # 16 - chunk 16 (chain 1 of 1 for this core): increasing by 350 

Iterations: 350 
|-------------|-------------|-------------|-------------|
|-------------------------------------------------------|

Current time: 2024-11-19 13:01:37
MCMC time 19 mins 

USED COMPONENTS: 60 OF 74 

rel. MC standard error: 0.012 to 0.0603
eff. sample size: 275 to 6950
needed thinning: 2 to 44
Diagnostics time 0.2 secs 

Total number of iterations 7967 - required further 341 

Chain # 16 - chunk 17 (chain 1 of 1 for this core): increasing by 342 

Iterations: 342 
|-------------|-------------|-------------|-------------|
|-------------------------------------------------------|

Current time: 2024-11-19 13:02:21
MCMC time 20 mins 

USED COMPONENTS: 59 OF 74 

rel. MC standard error: 0.0118 to 0.0588
eff. sample size: 290 to 7240
needed thinning: 2 to 44
Diagnostics time 0.21 secs 

Total number of iterations 8309 - required further 341 

Chain # 16 - chunk 18 (chain 1 of 1 for this core): increasing by 342 

Iterations: 342 
|-------------|-------------|-------------|-------------|
|-------------------------------------------------------|

Current time: 2024-11-19 13:03:05
MCMC time 21 mins 

USED COMPONENTS: 58 OF 74 

rel. MC standard error: 0.0105 to 0.0575
eff. sample size: 302 to 9100
needed thinning: 2 to 43
Diagnostics time 0.26 secs 

Total number of iterations 8651 - required further 334 

Chain # 16 - chunk 19 (chain 1 of 1 for this core): increasing by 335 

Iterations: 335 
|-------------|-------------|-------------|-------------|
|-------------------------------------------------------|

Current time: 2024-11-19 13:03:48
MCMC time 21 mins 

USED COMPONENTS: 58 OF 74 

rel. MC standard error: 0.0111 to 0.0577
eff. sample size: 300 to 8160
needed thinning: 2 to 45
Diagnostics time 0.2 secs 

Total number of iterations 8986 - required further 349 

Chain # 16 - chunk 20 (chain 1 of 1 for this core): increasing by 350 

Iterations: 350 
|-------------|-------------|-------------|-------------|
|-------------------------------------------------------|

Current time: 2024-11-19 13:04:33
MCMC time 22 mins 

USED COMPONENTS: 58 OF 74 

rel. MC standard error: 0.0106 to 0.0557
eff. sample size: 323 to 8870
needed thinning: 2 to 44
Diagnostics time 0.21 secs 

Total number of iterations 9336 - required further 341 

Chain # 16 - chunk 21 (chain 1 of 1 for this core): increasing by 342 

Iterations: 342 
|-------------|-------------|-------------|-------------|
|-------------------------------------------------------|

Current time: 2024-11-19 13:05:18
MCMC time 23 mins 

USED COMPONENTS: 58 OF 74 

rel. MC standard error: 0.0103 to 0.0551
eff. sample size: 330 to 9460
needed thinning: 2 to 45
Diagnostics time 0.76 secs 

Total number of iterations 9678 - required further 349 

Chain # 16 - chunk 22 (chain 1 of 1 for this core): increasing by 350 

Iterations: 350 
|-------------|-------------|-------------|-------------|
|-------------------------------------------------------|

Current time: 2024-11-19 13:06:03
MCMC time 24 mins 

USED COMPONENTS: 57 OF 74 

rel. MC standard error: 0.0107 to 0.0553
eff. sample size: 327 to 8750
needed thinning: 2 to 46
Diagnostics time 0.23 secs 

Total number of iterations 10028 - required further 357 

Chain # 16 - chunk 23 (chain 1 of 1 for this core): increasing by 358 

Iterations: 358 
|-------------|-------------|-------------|-------------|
|-------------------------------------------------------|

Current time: 2024-11-19 13:06:50
MCMC time 24 mins 

USED COMPONENTS: 58 OF 74 

rel. MC standard error: 0.0103 to 0.0537
eff. sample size: 347 to 9430
needed thinning: 2 to 45
Diagnostics time 0.22 secs 

Total number of iterations 10386 - required further 349 

Chain # 16 - chunk 24 (chain 1 of 1 for this core): increasing by 350 

Iterations: 350 
|-------------|-------------|-------------|-------------|
|-------------------------------------------------------|

Current time: 2024-11-19 13:07:35
MCMC time 25 mins 

USED COMPONENTS: 58 OF 74 

rel. MC standard error: 0.00986 to 0.0531
eff. sample size: 355 to 10300
needed thinning: 2 to 46
Diagnostics time 0.21 secs 

Total number of iterations 10736 - required further 357 

Chain # 16 - chunk 25 (chain 1 of 1 for this core): increasing by 358 

Iterations: 358 
|-------------|-------------|-------------|-------------|
|-------------------------------------------------------|

Current time: 2024-11-19 13:08:21
MCMC time 26 mins 

USED COMPONENTS: 58 OF 74 

rel. MC standard error: 0.00995 to 0.0528
eff. sample size: 359 to 10100
needed thinning: 2 to 47
Diagnostics time 0.21 secs 

Total number of iterations 11094 - required further 365 

Chain # 16 - chunk 26 (chain 1 of 1 for this core): increasing by 366 

Iterations: 366 
|-------------|-------------|-------------|-------------|
|-------------------------------------------------------|

Current time: 2024-11-19 13:09:09
MCMC time 27 mins 

USED COMPONENTS: 58 OF 74 

rel. MC standard error: 0.00966 to 0.0511
eff. sample size: 383 to 10700
needed thinning: 2 to 45
Diagnostics time 0.2 secs 

Total number of iterations 11460 - required further 349 

Chain # 16 - chunk 27 (chain 1 of 1 for this core): increasing by 350 

Iterations: 350 
|-------------|-------------|-------------|-------------|
|-------------------------------------------------------|

Current time: 2024-11-19 13:09:54
MCMC time 27 mins 

USED COMPONENTS: 57 OF 74 

rel. MC standard error: 0.00921 to 0.0505
eff. sample size: 393 to 11800
needed thinning: 2 to 46
Diagnostics time 0.23 secs 

Total number of iterations 11810 - required further 357 

Chain # 16 - chunk 28 (chain 1 of 1 for this core): increasing by 358 

Iterations: 358 
|-------------|-------------|-------------|-------------|
|-------------------------------------------------------|

Current time: 2024-11-19 13:10:40
MCMC time 28 mins 

USED COMPONENTS: 56 OF 74 

rel. MC standard error: 0.00951 to 0.05
eff. sample size: 400 to 11100
needed thinning: 2 to 46
Diagnostics time 0.22 secs 

Total number of iterations 12168 - required further 357 

Chain # 16 - chunk 29 (chain 1 of 1 for this core): increasing by 358 

Iterations: 358 
|-------------|-------------|-------------|-------------|
|-------------------------------------------------------|

Current time: 2024-11-19 13:11:26
MCMC time 29 mins 

USED COMPONENTS: 56 OF 74 

rel. MC standard error: 0.00925 to 0.0495
eff. sample size: 409 to 11700
needed thinning: 2 to 46
Diagnostics time 0.22 secs 

Total number of iterations 12526 - required further 0 

Keeping last 60 samples with thinning 46 

Plotting traces and samples.

Current time: 2024-11-19 13:11:27
MCMC + diagnostics time 29 mins 

Current time: 2024-11-19 13:11:27
Total time 29 mins 
loaded inferno and set parent environment
loaded inferno and set parent environment
loaded inferno and set parent environment
loaded inferno and set parent environment
