Log core 8 - Current time: 2024-11-19 12:36:57
Defining model
Building model
Setting data and initial values
Running calculate on model
  [Note] Any error reports that follow may simply reflect missing values in model variables.
Checking model sizes and dimensions
Compiling
  [Note] This may take a minute.
  [Note] Use 'showCompilerOutput = TRUE' to see C++ compilation details.
===== Monitors =====
thin = 1: Bprob, Rmean, Rvar, W
thin2 = 1: K
===== Samplers =====
conjugate sampler (519)
  - Rmean[]  (148 elements)
  - Rrate[]  (148 elements)
  - Bprob[]  (74 elements)
  - Rvar[]  (148 elements)
  - W[1:74] 
categorical sampler (1501)
  - Alpha
  - K[]  (1500 elements)
===== Monitors =====
thin = 1: Bprob, Rmean, Rvar, W
thin2 = 1: K
===== Samplers =====
slice sampler (1501)
  - Alpha
  - K[]  (1500 elements)
conjugate sampler (519)
  - Rmean[]  (148 elements)
  - Rrate[]  (148 elements)
  - Bprob[]  (74 elements)
  - Rvar[]  (148 elements)
  - W[1:74] 
Compiling
  [Note] This may take a minute.
  [Note] Use 'showCompilerOutput = TRUE' to see C++ compilation details.

Setup time 5.7 mins 

Chain # 8 (chain 1 of 1 for this core)

Datapoints for testing convergence:
 #4 #14 #124 #146 #245 #345 #351 #603 #730 #739 #886 #1022 #1028 #1068 #1113 #1156 #1158 #1192 #1243 #1403 

Iterations: 3600 
|-------------|-------------|-------------|-------------|
|-------------------------------------------------------|

Current time: 2024-11-19 12:51:42
MCMC time 9 mins 

USED COMPONENTS: 55 OF 74 

rel. MC standard error: 0.0169 to 0.0654
eff. sample size: 234 to 3510
needed thinning: 2 to 24
Diagnostics time 2.2 secs 

Total number of iterations 3600 - required further 186 

Chain # 8 - chunk 2 (chain 1 of 1 for this core): increasing by 187 

Iterations: 187 
|-------------|-------------|-------------|-------------|
|-------------------------------------------------------|

Current time: 2024-11-19 12:52:09
MCMC time 9.5 mins 

USED COMPONENTS: 54 OF 74 

rel. MC standard error: 0.0153 to 0.0644
eff. sample size: 241 to 4300
needed thinning: 2 to 24
Diagnostics time 0.13 secs 

Total number of iterations 3787 - required further 186 

Chain # 8 - chunk 3 (chain 1 of 1 for this core): increasing by 187 

Iterations: 187 
|-------------|-------------|-------------|-------------|
|-------------------------------------------------------|

Current time: 2024-11-19 12:52:33
MCMC time 9.9 mins 

USED COMPONENTS: 54 OF 74 

rel. MC standard error: 0.0139 to 0.0645
eff. sample size: 240 to 5140
needed thinning: 2 to 25
Diagnostics time 0.11 secs 

Total number of iterations 3974 - required further 194 

Chain # 8 - chunk 4 (chain 1 of 1 for this core): increasing by 195 

Iterations: 195 
|-------------|-------------|-------------|-------------|
|-------------------------------------------------------|

Current time: 2024-11-19 12:52:58
MCMC time 10 mins 

USED COMPONENTS: 54 OF 74 

rel. MC standard error: 0.0145 to 0.0631
eff. sample size: 251 to 4740
needed thinning: 2 to 25
Diagnostics time 0.15 secs 

Total number of iterations 4169 - required further 194 

Chain # 8 - chunk 5 (chain 1 of 1 for this core): increasing by 195 

Iterations: 195 
|-------------|-------------|-------------|-------------|
|-------------------------------------------------------|

Current time: 2024-11-19 12:53:23
MCMC time 11 mins 

USED COMPONENTS: 54 OF 74 

rel. MC standard error: 0.0144 to 0.0641
eff. sample size: 243 to 4810
needed thinning: 2 to 27
Diagnostics time 0.13 secs 

Total number of iterations 4364 - required further 210 

Chain # 8 - chunk 6 (chain 1 of 1 for this core): increasing by 211 

Iterations: 211 
|-------------|-------------|-------------|-------------|
|-------------------------------------------------------|

Current time: 2024-11-19 12:53:50
MCMC time 11 mins 

USED COMPONENTS: 53 OF 74 

rel. MC standard error: 0.0137 to 0.0628
eff. sample size: 254 to 5350
needed thinning: 2 to 28
Diagnostics time 0.12 secs 

Total number of iterations 4575 - required further 217 

Chain # 8 - chunk 7 (chain 1 of 1 for this core): increasing by 218 

Iterations: 218 
|-------------|-------------|-------------|-------------|
|-------------------------------------------------------|

Current time: 2024-11-19 12:54:18
MCMC time 12 mins 

USED COMPONENTS: 54 OF 74 

rel. MC standard error: 0.0137 to 0.0627
eff. sample size: 255 to 5290
needed thinning: 2 to 29
Diagnostics time 0.15 secs 

Total number of iterations 4793 - required further 225 

Chain # 8 - chunk 8 (chain 1 of 1 for this core): increasing by 226 

Iterations: 226 
|-------------|-------------|-------------|-------------|
|-------------------------------------------------------|

Current time: 2024-11-19 12:54:47
MCMC time 12 mins 

USED COMPONENTS: 54 OF 74 

rel. MC standard error: 0.0126 to 0.0624
eff. sample size: 257 to 6340
needed thinning: 2 to 30
Diagnostics time 0.16 secs 

Total number of iterations 5019 - required further 233 

Chain # 8 - chunk 9 (chain 1 of 1 for this core): increasing by 234 

Iterations: 234 
|-------------|-------------|-------------|-------------|
|-------------------------------------------------------|

Current time: 2024-11-19 12:55:17
MCMC time 13 mins 

USED COMPONENTS: 54 OF 74 

rel. MC standard error: 0.0127 to 0.0627
eff. sample size: 255 to 6200
needed thinning: 2 to 31
Diagnostics time 0.15 secs 

Total number of iterations 5253 - required further 241 

Chain # 8 - chunk 10 (chain 1 of 1 for this core): increasing by 242 

Iterations: 242 
|-------------|-------------|-------------|-------------|
|-------------------------------------------------------|

Current time: 2024-11-19 12:55:48
MCMC time 13 mins 

USED COMPONENTS: 55 OF 74 

rel. MC standard error: 0.0121 to 0.0621
eff. sample size: 259 to 6780
needed thinning: 2 to 32
Diagnostics time 0.18 secs 

Total number of iterations 5495 - required further 248 

Chain # 8 - chunk 11 (chain 1 of 1 for this core): increasing by 249 

Iterations: 249 
|-------------|-------------|-------------|-------------|
|-------------------------------------------------------|

Current time: 2024-11-19 12:56:19
MCMC time 14 mins 

USED COMPONENTS: 55 OF 74 

rel. MC standard error: 0.0125 to 0.0608
eff. sample size: 271 to 6410
needed thinning: 2 to 32
Diagnostics time 0.15 secs 

Total number of iterations 5744 - required further 248 

Chain # 8 - chunk 12 (chain 1 of 1 for this core): increasing by 249 

Iterations: 249 
|-------------|-------------|-------------|-------------|
|-------------------------------------------------------|

Current time: 2024-11-19 12:56:51
MCMC time 14 mins 

USED COMPONENTS: 55 OF 74 

rel. MC standard error: 0.0113 to 0.061
eff. sample size: 269 to 7860
needed thinning: 2 to 34
Diagnostics time 0.17 secs 

Total number of iterations 5993 - required further 264 

Chain # 8 - chunk 13 (chain 1 of 1 for this core): increasing by 265 

Iterations: 265 
|-------------|-------------|-------------|-------------|
|-------------------------------------------------------|

Current time: 2024-11-19 12:57:25
MCMC time 15 mins 

USED COMPONENTS: 56 OF 74 

rel. MC standard error: 0.0113 to 0.0608
eff. sample size: 271 to 7770
needed thinning: 2 to 35
Diagnostics time 0.17 secs 

Total number of iterations 6258 - required further 272 

Chain # 8 - chunk 14 (chain 1 of 1 for this core): increasing by 273 

Iterations: 273 
|-------------|-------------|-------------|-------------|
|-------------------------------------------------------|

Current time: 2024-11-19 12:58:00
MCMC time 15 mins 

USED COMPONENTS: 57 OF 74 

rel. MC standard error: 0.0112 to 0.0596
eff. sample size: 282 to 7930
needed thinning: 2 to 35
Diagnostics time 0.19 secs 

Total number of iterations 6531 - required further 272 

Chain # 8 - chunk 15 (chain 1 of 1 for this core): increasing by 273 

Iterations: 273 
|-------------|-------------|-------------|-------------|
|-------------------------------------------------------|

Current time: 2024-11-19 12:58:35
MCMC time 16 mins 

USED COMPONENTS: 56 OF 74 

rel. MC standard error: 0.0109 to 0.0599
eff. sample size: 279 to 8360
needed thinning: 2 to 37
Diagnostics time 0.17 secs 

Total number of iterations 6804 - required further 287 

Chain # 8 - chunk 16 (chain 1 of 1 for this core): increasing by 288 

Iterations: 288 
|-------------|-------------|-------------|-------------|
|-------------------------------------------------------|

Current time: 2024-11-19 12:59:11
MCMC time 17 mins 

USED COMPONENTS: 56 OF 74 

rel. MC standard error: 0.0108 to 0.059
eff. sample size: 287 to 8520
needed thinning: 2 to 38
Diagnostics time 0.18 secs 

Total number of iterations 7092 - required further 295 

Chain # 8 - chunk 17 (chain 1 of 1 for this core): increasing by 296 

Iterations: 296 
|-------------|-------------|-------------|-------------|
|-------------------------------------------------------|

Current time: 2024-11-19 12:59:49
MCMC time 17 mins 

USED COMPONENTS: 57 OF 74 

rel. MC standard error: 0.0111 to 0.0582
eff. sample size: 295 to 8120
needed thinning: 2 to 38
Diagnostics time 0.2 secs 

Total number of iterations 7388 - required further 295 

Chain # 8 - chunk 18 (chain 1 of 1 for this core): increasing by 296 

Iterations: 296 
|-------------|-------------|-------------|-------------|
|-------------------------------------------------------|

Current time: 2024-11-19 13:00:27
MCMC time 18 mins 

USED COMPONENTS: 55 OF 74 

rel. MC standard error: 0.0112 to 0.0587
eff. sample size: 291 to 7910
needed thinning: 2 to 40
Diagnostics time 0.17 secs 

Total number of iterations 7684 - required further 310 

Chain # 8 - chunk 19 (chain 1 of 1 for this core): increasing by 311 

Iterations: 311 
|-------------|-------------|-------------|-------------|
|-------------------------------------------------------|

Current time: 2024-11-19 13:01:06
MCMC time 18 mins 

USED COMPONENTS: 56 OF 74 

rel. MC standard error: 0.00992 to 0.0583
eff. sample size: 294 to 10200
needed thinning: 2 to 41
Diagnostics time 0.17 secs 

Total number of iterations 7995 - required further 318 

Chain # 8 - chunk 20 (chain 1 of 1 for this core): increasing by 319 

Iterations: 319 
|-------------|-------------|-------------|-------------|
|-------------------------------------------------------|

Current time: 2024-11-19 13:01:47
MCMC time 19 mins 

USED COMPONENTS: 55 OF 74 

rel. MC standard error: 0.00954 to 0.057
eff. sample size: 308 to 11000
needed thinning: 2 to 41
Diagnostics time 0.2 secs 

Total number of iterations 8314 - required further 318 

Chain # 8 - chunk 21 (chain 1 of 1 for this core): increasing by 319 

Iterations: 319 
|-------------|-------------|-------------|-------------|
|-------------------------------------------------------|

Current time: 2024-11-19 13:02:28
MCMC time 20 mins 

USED COMPONENTS: 55 OF 74 

rel. MC standard error: 0.00936 to 0.0569
eff. sample size: 309 to 11400
needed thinning: 2 to 42
Diagnostics time 0.19 secs 

Total number of iterations 8633 - required further 326 

Chain # 8 - chunk 22 (chain 1 of 1 for this core): increasing by 327 

Iterations: 327 
|-------------|-------------|-------------|-------------|
|-------------------------------------------------------|

Current time: 2024-11-19 13:03:10
MCMC time 20 mins 

USED COMPONENTS: 57 OF 74 

rel. MC standard error: 0.0092 to 0.0565
eff. sample size: 314 to 11800
needed thinning: 2 to 43
Diagnostics time 0.2 secs 

Total number of iterations 8960 - required further 334 

Chain # 8 - chunk 23 (chain 1 of 1 for this core): increasing by 335 

Iterations: 335 
|-------------|-------------|-------------|-------------|
|-------------------------------------------------------|

Current time: 2024-11-19 13:03:53
MCMC time 21 mins 

USED COMPONENTS: 56 OF 74 

rel. MC standard error: 0.00926 to 0.0557
eff. sample size: 323 to 11700
needed thinning: 2 to 44
Diagnostics time 0.22 secs 

Total number of iterations 9295 - required further 341 

Chain # 8 - chunk 24 (chain 1 of 1 for this core): increasing by 342 

Iterations: 342 
|-------------|-------------|-------------|-------------|
|-------------------------------------------------------|

Current time: 2024-11-19 13:04:37
MCMC time 22 mins 

USED COMPONENTS: 54 OF 74 

rel. MC standard error: 0.00963 to 0.0558
eff. sample size: 321 to 10800
needed thinning: 2 to 46
Diagnostics time 0.27 secs 

Total number of iterations 9637 - required further 357 

Chain # 8 - chunk 25 (chain 1 of 1 for this core): increasing by 358 

Iterations: 358 
|-------------|-------------|-------------|-------------|
|-------------------------------------------------------|

Current time: 2024-11-19 13:05:23
MCMC time 23 mins 

USED COMPONENTS: 54 OF 74 

rel. MC standard error: 0.00904 to 0.0551
eff. sample size: 330 to 12200
needed thinning: 2 to 46
Diagnostics time 0.21 secs 

Total number of iterations 9995 - required further 357 

Chain # 8 - chunk 26 (chain 1 of 1 for this core): increasing by 358 

Iterations: 358 
|-------------|-------------|-------------|-------------|
|-------------------------------------------------------|

Current time: 2024-11-19 13:06:09
MCMC time 23 mins 

USED COMPONENTS: 54 OF 74 

rel. MC standard error: 0.00918 to 0.0545
eff. sample size: 337 to 11900
needed thinning: 2 to 47
Diagnostics time 0.24 secs 

Total number of iterations 10353 - required further 365 

Chain # 8 - chunk 27 (chain 1 of 1 for this core): increasing by 366 

Iterations: 366 
|-------------|-------------|-------------|-------------|
|-------------------------------------------------------|

Current time: 2024-11-19 13:06:56
MCMC time 24 mins 

USED COMPONENTS: 54 OF 74 

rel. MC standard error: 0.00891 to 0.0537
eff. sample size: 347 to 12600
needed thinning: 2 to 47
Diagnostics time 0.23 secs 

Total number of iterations 10719 - required further 365 

Chain # 8 - chunk 28 (chain 1 of 1 for this core): increasing by 366 

Iterations: 366 
|-------------|-------------|-------------|-------------|
|-------------------------------------------------------|

Current time: 2024-11-19 13:07:43
MCMC time 25 mins 

USED COMPONENTS: 54 OF 74 

rel. MC standard error: 0.00894 to 0.0533
eff. sample size: 352 to 12500
needed thinning: 2 to 48
Diagnostics time 0.22 secs 

Total number of iterations 11085 - required further 372 

Chain # 8 - chunk 29 (chain 1 of 1 for this core): increasing by 373 

Iterations: 373 
|-------------|-------------|-------------|-------------|
|-------------------------------------------------------|

Current time: 2024-11-19 13:08:32
MCMC time 26 mins 

USED COMPONENTS: 54 OF 74 

rel. MC standard error: 0.00858 to 0.0527
eff. sample size: 360 to 13600
needed thinning: 2 to 48
Diagnostics time 0.22 secs 

Total number of iterations 11458 - required further 372 

Chain # 8 - chunk 30 (chain 1 of 1 for this core): increasing by 373 

Iterations: 373 
|-------------|-------------|-------------|-------------|
|-------------------------------------------------------|

Current time: 2024-11-19 13:09:20
MCMC time 27 mins 

USED COMPONENTS: 53 OF 74 

rel. MC standard error: 0.00809 to 0.0523
eff. sample size: 366 to 15300
needed thinning: 2 to 49
Diagnostics time 0.77 secs 

Total number of iterations 11831 - required further 380 

Chain # 8 - chunk 31 (chain 1 of 1 for this core): increasing by 381 

Iterations: 381 
|-------------|-------------|-------------|-------------|
|-------------------------------------------------------|

Current time: 2024-11-19 13:10:09
MCMC time 27 mins 

USED COMPONENTS: 54 OF 74 

rel. MC standard error: 0.00793 to 0.0517
eff. sample size: 374 to 15900
needed thinning: 2 to 49
Diagnostics time 0.24 secs 

Total number of iterations 12212 - required further 380 

Chain # 8 - chunk 32 (chain 1 of 1 for this core): increasing by 381 

Iterations: 381 
|-------------|-------------|-------------|-------------|
|-------------------------------------------------------|

Current time: 2024-11-19 13:10:58
MCMC time 28 mins 

USED COMPONENTS: 54 OF 74 

rel. MC standard error: 0.00849 to 0.052
eff. sample size: 369 to 13900
needed thinning: 2 to 52
Diagnostics time 0.23 secs 

Total number of iterations 12593 - required further 403 

Chain # 8 - chunk 33 (chain 1 of 1 for this core): increasing by 404 

Iterations: 404 
|-------------|-------------|-------------|-------------|
|-------------------------------------------------------|

Current time: 2024-11-19 13:11:50
MCMC time 29 mins 

USED COMPONENTS: 53 OF 74 

rel. MC standard error: 0.00754 to 0.0509
eff. sample size: 386 to 17600
needed thinning: 2 to 51
Diagnostics time 0.23 secs 

Total number of iterations 12997 - required further 396 

Chain # 8 - chunk 34 (chain 1 of 1 for this core): increasing by 397 

Iterations: 397 
|-------------|-------------|-------------|-------------|
|-------------------------------------------------------|

Current time: 2024-11-19 13:12:41
MCMC time 30 mins 

USED COMPONENTS: 54 OF 74 

rel. MC standard error: 0.0081 to 0.05
eff. sample size: 400 to 15200
needed thinning: 2 to 51
Diagnostics time 0.25 secs 

Total number of iterations 13394 - required further 0 

Keeping last 60 samples with thinning 51 

Plotting traces and samples.

Current time: 2024-11-19 13:12:42
MCMC + diagnostics time 30 mins 

Current time: 2024-11-19 13:12:42
Total time 30 mins 
loaded inferno and set parent environment
loaded inferno and set parent environment
loaded inferno and set parent environment
loaded inferno and set parent environment
