Log core 4 - Current time: 2024-11-19 12:36:57
Defining model
Building model
Setting data and initial values
Running calculate on model
  [Note] Any error reports that follow may simply reflect missing values in model variables.
Checking model sizes and dimensions
Compiling
  [Note] This may take a minute.
  [Note] Use 'showCompilerOutput = TRUE' to see C++ compilation details.
===== Monitors =====
thin = 1: Bprob, Rmean, Rvar, W
thin2 = 1: K
===== Samplers =====
conjugate sampler (519)
  - Rmean[]  (148 elements)
  - Rrate[]  (148 elements)
  - Bprob[]  (74 elements)
  - Rvar[]  (148 elements)
  - W[1:74] 
categorical sampler (1501)
  - Alpha
  - K[]  (1500 elements)
===== Monitors =====
thin = 1: Bprob, Rmean, Rvar, W
thin2 = 1: K
===== Samplers =====
slice sampler (1501)
  - Alpha
  - K[]  (1500 elements)
conjugate sampler (519)
  - Rmean[]  (148 elements)
  - Rrate[]  (148 elements)
  - Bprob[]  (74 elements)
  - Rvar[]  (148 elements)
  - W[1:74] 
Compiling
  [Note] This may take a minute.
  [Note] Use 'showCompilerOutput = TRUE' to see C++ compilation details.

Setup time 5.5 mins 

Chain # 4 (chain 1 of 1 for this core)

Datapoints for testing convergence:
 #38 #52 #64 #242 #292 #302 #387 #537 #553 #601 #643 #823 #902 #910 #913 #1256 #1289 #1350 #1373 #1490 

Iterations: 3600 
|-------------|-------------|-------------|-------------|
|-------------------------------------------------------|

Current time: 2024-11-19 12:52:25
MCMC time 9.9 mins 

USED COMPONENTS: 53 OF 74 

rel. MC standard error: 0.0132 to 0.0529
eff. sample size: 357 to 5780
needed thinning: 1 to 16
Diagnostics time 2.6 secs 

Total number of iterations 3600 - required further 124 

Chain # 4 - chunk 2 (chain 1 of 1 for this core): increasing by 125 

Iterations: 125 
|-------------|-------------|-------------|-------------|
|-------------------------------------------------------|

Current time: 2024-11-19 12:52:44
MCMC time 10 mins 

USED COMPONENTS: 51 OF 74 

rel. MC standard error: 0.0136 to 0.0514
eff. sample size: 378 to 5430
needed thinning: 2 to 15
Diagnostics time 0.12 secs 

Total number of iterations 3725 - required further 117 

Chain # 4 - chunk 3 (chain 1 of 1 for this core): increasing by 118 

Iterations: 118 
|-------------|-------------|-------------|-------------|
|-------------------------------------------------------|

Current time: 2024-11-19 12:53:00
MCMC time 11 mins 

USED COMPONENTS: 51 OF 74 

rel. MC standard error: 0.0132 to 0.0503
eff. sample size: 395 to 5740
needed thinning: 2 to 15
Diagnostics time 0.094 secs 

Total number of iterations 3843 - required further 117 

Chain # 4 - chunk 4 (chain 1 of 1 for this core): increasing by 118 

Iterations: 118 
|-------------|-------------|-------------|-------------|
|-------------------------------------------------------|

Current time: 2024-11-19 12:53:15
MCMC time 11 mins 

USED COMPONENTS: 51 OF 74 

rel. MC standard error: 0.0136 to 0.0493
eff. sample size: 411 to 5390
needed thinning: 2 to 15
Diagnostics time 0.088 secs 

Total number of iterations 3961 - required further 0 

Keeping last 60 samples with thinning 15 

Plotting traces and samples.

Current time: 2024-11-19 12:53:16
MCMC + diagnostics time 11 mins 

Current time: 2024-11-19 12:53:16
Total time 11 mins 
loaded inferno and set parent environment
loaded inferno and set parent environment
loaded inferno and set parent environment
loaded inferno and set parent environment
