Log core 2 - Current time: 2024-11-19 12:36:57
Defining model
Building model
Setting data and initial values
Running calculate on model
  [Note] Any error reports that follow may simply reflect missing values in model variables.
Checking model sizes and dimensions
Compiling
  [Note] This may take a minute.
  [Note] Use 'showCompilerOutput = TRUE' to see C++ compilation details.
===== Monitors =====
thin = 1: Bprob, Rmean, Rvar, W
thin2 = 1: K
===== Samplers =====
conjugate sampler (519)
  - Rmean[]  (148 elements)
  - Rrate[]  (148 elements)
  - Bprob[]  (74 elements)
  - Rvar[]  (148 elements)
  - W[1:74] 
categorical sampler (1501)
  - Alpha
  - K[]  (1500 elements)
===== Monitors =====
thin = 1: Bprob, Rmean, Rvar, W
thin2 = 1: K
===== Samplers =====
slice sampler (1501)
  - Alpha
  - K[]  (1500 elements)
conjugate sampler (519)
  - Rmean[]  (148 elements)
  - Rrate[]  (148 elements)
  - Bprob[]  (74 elements)
  - Rvar[]  (148 elements)
  - W[1:74] 
Compiling
  [Note] This may take a minute.
  [Note] Use 'showCompilerOutput = TRUE' to see C++ compilation details.

Setup time 3.5 mins 

Chain # 2 (chain 1 of 1 for this core)

Datapoints for testing convergence:
 #26 #55 #91 #99 #111 #135 #139 #260 #495 #577 #743 #816 #836 #917 #932 #973 #1048 #1073 #1211 #1385 

Iterations: 3600 
|-------------|-------------|-------------|-------------|
|-------------------------------------------------------|

Current time: 2024-11-19 12:48:35
MCMC time 8.1 mins 

USED COMPONENTS: 53 OF 74 

rel. MC standard error: 0.015 to 0.0705
eff. sample size: 201 to 4440
needed thinning: 2 to 27
Diagnostics time 2.3 secs 

Total number of iterations 3600 - required further 210 

Chain # 2 - chunk 2 (chain 1 of 1 for this core): increasing by 211 

Iterations: 211 
|-------------|-------------|-------------|-------------|
|-------------------------------------------------------|

Current time: 2024-11-19 12:49:06
MCMC time 8.6 mins 

USED COMPONENTS: 53 OF 74 

rel. MC standard error: 0.0162 to 0.069
eff. sample size: 210 to 3800
needed thinning: 2 to 28
Diagnostics time 0.15 secs 

Total number of iterations 3811 - required further 217 

Chain # 2 - chunk 3 (chain 1 of 1 for this core): increasing by 218 

Iterations: 218 
|-------------|-------------|-------------|-------------|
|-------------------------------------------------------|

Current time: 2024-11-19 12:49:34
MCMC time 9.1 mins 

USED COMPONENTS: 52 OF 74 

rel. MC standard error: 0.014 to 0.0651
eff. sample size: 236 to 5100
needed thinning: 2 to 26
Diagnostics time 0.12 secs 

Total number of iterations 4029 - required further 202 

Chain # 2 - chunk 4 (chain 1 of 1 for this core): increasing by 203 

Iterations: 203 
|-------------|-------------|-------------|-------------|
|-------------------------------------------------------|

Current time: 2024-11-19 12:50:00
MCMC time 9.5 mins 

USED COMPONENTS: 53 OF 74 

rel. MC standard error: 0.0144 to 0.0655
eff. sample size: 233 to 4810
needed thinning: 2 to 28
Diagnostics time 0.11 secs 

Total number of iterations 4232 - required further 217 

Chain # 2 - chunk 5 (chain 1 of 1 for this core): increasing by 218 

Iterations: 218 
|-------------|-------------|-------------|-------------|
|-------------------------------------------------------|

Current time: 2024-11-19 12:50:28
MCMC time 10 mins 

USED COMPONENTS: 52 OF 74 

rel. MC standard error: 0.0145 to 0.0637
eff. sample size: 246 to 4760
needed thinning: 2 to 28
Diagnostics time 0.16 secs 

Total number of iterations 4450 - required further 217 

Chain # 2 - chunk 6 (chain 1 of 1 for this core): increasing by 218 

Iterations: 218 
|-------------|-------------|-------------|-------------|
|-------------------------------------------------------|

Current time: 2024-11-19 12:50:56
MCMC time 10 mins 

USED COMPONENTS: 52 OF 74 

rel. MC standard error: 0.0117 to 0.063
eff. sample size: 252 to 7280
needed thinning: 1 to 28
Diagnostics time 0.14 secs 

Total number of iterations 4668 - required further 217 

Chain # 2 - chunk 7 (chain 1 of 1 for this core): increasing by 218 

Iterations: 218 
|-------------|-------------|-------------|-------------|
|-------------------------------------------------------|

Current time: 2024-11-19 12:51:24
MCMC time 11 mins 

USED COMPONENTS: 52 OF 74 

rel. MC standard error: 0.0121 to 0.0634
eff. sample size: 248 to 6870
needed thinning: 2 to 30
Diagnostics time 0.15 secs 

Total number of iterations 4886 - required further 233 

Chain # 2 - chunk 8 (chain 1 of 1 for this core): increasing by 234 

Iterations: 234 
|-------------|-------------|-------------|-------------|
|-------------------------------------------------------|

Current time: 2024-11-19 12:51:54
MCMC time 11 mins 

USED COMPONENTS: 53 OF 74 

rel. MC standard error: 0.0138 to 0.0616
eff. sample size: 263 to 5230
needed thinning: 2 to 30
Diagnostics time 0.16 secs 

Total number of iterations 5120 - required further 233 

Chain # 2 - chunk 9 (chain 1 of 1 for this core): increasing by 234 

Iterations: 234 
|-------------|-------------|-------------|-------------|
|-------------------------------------------------------|

Current time: 2024-11-19 12:52:24
MCMC time 12 mins 

USED COMPONENTS: 53 OF 74 

rel. MC standard error: 0.0124 to 0.061
eff. sample size: 269 to 6510
needed thinning: 2 to 30
Diagnostics time 0.15 secs 

Total number of iterations 5354 - required further 233 

Chain # 2 - chunk 10 (chain 1 of 1 for this core): increasing by 234 

Iterations: 234 
|-------------|-------------|-------------|-------------|
|-------------------------------------------------------|

Current time: 2024-11-19 12:52:55
MCMC time 12 mins 

USED COMPONENTS: 53 OF 74 

rel. MC standard error: 0.0123 to 0.0596
eff. sample size: 281 to 6600
needed thinning: 2 to 30
Diagnostics time 0.14 secs 

Total number of iterations 5588 - required further 233 

Chain # 2 - chunk 11 (chain 1 of 1 for this core): increasing by 234 

Iterations: 234 
|-------------|-------------|-------------|-------------|
|-------------------------------------------------------|

Current time: 2024-11-19 12:53:25
MCMC time 13 mins 

USED COMPONENTS: 51 OF 74 

rel. MC standard error: 0.0121 to 0.0562
eff. sample size: 317 to 6880
needed thinning: 2 to 28
Diagnostics time 0.17 secs 

Total number of iterations 5822 - required further 217 

Chain # 2 - chunk 12 (chain 1 of 1 for this core): increasing by 218 

Iterations: 218 
|-------------|-------------|-------------|-------------|
|-------------------------------------------------------|

Current time: 2024-11-19 12:53:53
MCMC time 13 mins 

USED COMPONENTS: 52 OF 74 

rel. MC standard error: 0.0105 to 0.0584
eff. sample size: 293 to 9000
needed thinning: 2 to 31
Diagnostics time 0.16 secs 

Total number of iterations 6040 - required further 241 

Chain # 2 - chunk 13 (chain 1 of 1 for this core): increasing by 242 

Iterations: 242 
|-------------|-------------|-------------|-------------|
|-------------------------------------------------------|

Current time: 2024-11-19 12:54:24
MCMC time 14 mins 

USED COMPONENTS: 52 OF 74 

rel. MC standard error: 0.0115 to 0.056
eff. sample size: 319 to 7600
needed thinning: 2 to 30
Diagnostics time 0.16 secs 

Total number of iterations 6282 - required further 233 

Chain # 2 - chunk 14 (chain 1 of 1 for this core): increasing by 234 

Iterations: 234 
|-------------|-------------|-------------|-------------|
|-------------------------------------------------------|

Current time: 2024-11-19 12:54:54
MCMC time 14 mins 

USED COMPONENTS: 53 OF 74 

rel. MC standard error: 0.0113 to 0.0537
eff. sample size: 346 to 7830
needed thinning: 2 to 29
Diagnostics time 0.16 secs 

Total number of iterations 6516 - required further 225 

Chain # 2 - chunk 15 (chain 1 of 1 for this core): increasing by 226 

Iterations: 226 
|-------------|-------------|-------------|-------------|
|-------------------------------------------------------|

Current time: 2024-11-19 12:55:23
MCMC time 15 mins 

USED COMPONENTS: 53 OF 74 

rel. MC standard error: 0.0115 to 0.0516
eff. sample size: 375 to 7500
needed thinning: 2 to 27
Diagnostics time 0.15 secs 

Total number of iterations 6742 - required further 210 

Chain # 2 - chunk 16 (chain 1 of 1 for this core): increasing by 211 

Iterations: 211 
|-------------|-------------|-------------|-------------|
|-------------------------------------------------------|

Current time: 2024-11-19 12:55:50
MCMC time 15 mins 

USED COMPONENTS: 53 OF 74 

rel. MC standard error: 0.0105 to 0.0531
eff. sample size: 355 to 9150
needed thinning: 2 to 30
Diagnostics time 0.14 secs 

Total number of iterations 6953 - required further 233 

Chain # 2 - chunk 17 (chain 1 of 1 for this core): increasing by 234 

Iterations: 234 
|-------------|-------------|-------------|-------------|
|-------------------------------------------------------|

Current time: 2024-11-19 12:56:20
MCMC time 16 mins 

USED COMPONENTS: 53 OF 74 

rel. MC standard error: 0.0105 to 0.0513
eff. sample size: 380 to 9150
needed thinning: 2 to 29
Diagnostics time 0.22 secs 

Total number of iterations 7187 - required further 225 

Chain # 2 - chunk 18 (chain 1 of 1 for this core): increasing by 226 

Iterations: 226 
|-------------|-------------|-------------|-------------|
|-------------------------------------------------------|

Current time: 2024-11-19 12:56:49
MCMC time 16 mins 

USED COMPONENTS: 53 OF 74 

rel. MC standard error: 0.0115 to 0.0512
eff. sample size: 381 to 7630
needed thinning: 2 to 30
Diagnostics time 0.16 secs 

Total number of iterations 7413 - required further 233 

Chain # 2 - chunk 19 (chain 1 of 1 for this core): increasing by 234 

Iterations: 234 
|-------------|-------------|-------------|-------------|
|-------------------------------------------------------|

Current time: 2024-11-19 12:57:19
MCMC time 17 mins 

USED COMPONENTS: 52 OF 74 

rel. MC standard error: 0.0104 to 0.0534
eff. sample size: 351 to 9170
needed thinning: 2 to 33
Diagnostics time 0.17 secs 

Total number of iterations 7647 - required further 256 

Chain # 2 - chunk 20 (chain 1 of 1 for this core): increasing by 257 

Iterations: 257 
|-------------|-------------|-------------|-------------|
|-------------------------------------------------------|

Current time: 2024-11-19 12:57:52
MCMC time 17 mins 

USED COMPONENTS: 53 OF 74 

rel. MC standard error: 0.011 to 0.0524
eff. sample size: 364 to 8340
needed thinning: 2 to 33
Diagnostics time 0.16 secs 

Total number of iterations 7904 - required further 256 

Chain # 2 - chunk 21 (chain 1 of 1 for this core): increasing by 257 

Iterations: 257 
|-------------|-------------|-------------|-------------|
|-------------------------------------------------------|

Current time: 2024-11-19 12:58:26
MCMC time 18 mins 

USED COMPONENTS: 52 OF 74 

rel. MC standard error: 0.0106 to 0.052
eff. sample size: 369 to 8840
needed thinning: 2 to 34
Diagnostics time 0.17 secs 

Total number of iterations 8161 - required further 264 

Chain # 2 - chunk 22 (chain 1 of 1 for this core): increasing by 265 

Iterations: 265 
|-------------|-------------|-------------|-------------|
|-------------------------------------------------------|

Current time: 2024-11-19 12:58:59
MCMC time 19 mins 

USED COMPONENTS: 53 OF 74 

rel. MC standard error: 0.0111 to 0.0473
eff. sample size: 446 to 8080
needed thinning: 2 to 29
Diagnostics time 0.17 secs 

Total number of iterations 8426 - required further 0 

Keeping last 60 samples with thinning 29 

Plotting traces and samples.

Current time: 2024-11-19 12:59:00
MCMC + diagnostics time 19 mins 

Current time: 2024-11-19 12:59:00
Total time 19 mins 
loaded inferno and set parent environment
loaded inferno and set parent environment
loaded inferno and set parent environment
loaded inferno and set parent environment
