Log core 3 - Current time: 2024-11-19 12:36:57
Defining model
Building model
Setting data and initial values
Running calculate on model
  [Note] Any error reports that follow may simply reflect missing values in model variables.
Checking model sizes and dimensions
Compiling
  [Note] This may take a minute.
  [Note] Use 'showCompilerOutput = TRUE' to see C++ compilation details.
===== Monitors =====
thin = 1: Bprob, Rmean, Rvar, W
thin2 = 1: K
===== Samplers =====
conjugate sampler (519)
  - Rmean[]  (148 elements)
  - Rrate[]  (148 elements)
  - Bprob[]  (74 elements)
  - Rvar[]  (148 elements)
  - W[1:74] 
categorical sampler (1501)
  - Alpha
  - K[]  (1500 elements)
===== Monitors =====
thin = 1: Bprob, Rmean, Rvar, W
thin2 = 1: K
===== Samplers =====
slice sampler (1501)
  - Alpha
  - K[]  (1500 elements)
conjugate sampler (519)
  - Rmean[]  (148 elements)
  - Rrate[]  (148 elements)
  - Bprob[]  (74 elements)
  - Rvar[]  (148 elements)
  - W[1:74] 
Compiling
  [Note] This may take a minute.
  [Note] Use 'showCompilerOutput = TRUE' to see C++ compilation details.

Setup time 5.5 mins 

Chain # 3 (chain 1 of 1 for this core)

Datapoints for testing convergence:
 #9 #30 #36 #63 #76 #144 #204 #306 #405 #443 #534 #624 #635 #727 #820 #929 #1003 #1127 #1286 #1307 

Iterations: 3600 
|-------------|-------------|-------------|-------------|
|-------------------------------------------------------|

Current time: 2024-11-19 12:54:57
MCMC time 12 mins 

USED COMPONENTS: 55 OF 74 

rel. MC standard error: 0.0159 to 0.0511
eff. sample size: 382 to 3950
needed thinning: 2 to 15
Diagnostics time 3.7 secs 

Total number of iterations 3600 - required further 117 

Chain # 3 - chunk 2 (chain 1 of 1 for this core): increasing by 118 

Iterations: 118 
|-------------|-------------|-------------|-------------|
|-------------------------------------------------------|

Current time: 2024-11-19 12:55:26
MCMC time 13 mins 

USED COMPONENTS: 54 OF 74 

rel. MC standard error: 0.0155 to 0.0506
eff. sample size: 391 to 4140
needed thinning: 2 to 15
Diagnostics time 0.14 secs 

Total number of iterations 3718 - required further 117 

Chain # 3 - chunk 3 (chain 1 of 1 for this core): increasing by 118 

Iterations: 118 
|-------------|-------------|-------------|-------------|
|-------------------------------------------------------|

Current time: 2024-11-19 12:55:51
MCMC time 13 mins 

USED COMPONENTS: 54 OF 74 

rel. MC standard error: 0.0144 to 0.051
eff. sample size: 385 to 4820
needed thinning: 2 to 15
Diagnostics time 0.14 secs 

Total number of iterations 3836 - required further 117 

Chain # 3 - chunk 4 (chain 1 of 1 for this core): increasing by 118 

Iterations: 118 
|-------------|-------------|-------------|-------------|
|-------------------------------------------------------|

Current time: 2024-11-19 12:56:16
MCMC time 14 mins 

USED COMPONENTS: 54 OF 74 

rel. MC standard error: 0.0156 to 0.0479
eff. sample size: 436 to 4120
needed thinning: 2 to 14
Diagnostics time 0.15 secs 

Total number of iterations 3954 - required further 0 

Keeping last 60 samples with thinning 14 

Plotting traces and samples.

Current time: 2024-11-19 12:56:17
MCMC + diagnostics time 14 mins 

Current time: 2024-11-19 12:56:17
Total time 14 mins 
loaded inferno and set parent environment
loaded inferno and set parent environment
loaded inferno and set parent environment
loaded inferno and set parent environment
