Log core 12 - Current time: 2024-11-19 14:09:51
Defining model
Building model
Setting data and initial values
Running calculate on model
  [Note] Any error reports that follow may simply reflect missing values in model variables.
Checking model sizes and dimensions
Compiling
  [Note] This may take a minute.
  [Note] Use 'showCompilerOutput = TRUE' to see C++ compilation details.
===== Monitors =====
thin = 1: Bprob, Rmean, Rvar, W
thin2 = 1: K
===== Samplers =====
conjugate sampler (519)
  - Rmean[]  (148 elements)
  - Rrate[]  (148 elements)
  - Bprob[]  (74 elements)
  - Rvar[]  (148 elements)
  - W[1:74] 
categorical sampler (1801)
  - Alpha
  - K[]  (1800 elements)
===== Monitors =====
thin = 1: Bprob, Rmean, Rvar, W
thin2 = 1: K
===== Samplers =====
slice sampler (1801)
  - Alpha
  - K[]  (1800 elements)
conjugate sampler (519)
  - Rmean[]  (148 elements)
  - Rrate[]  (148 elements)
  - Bprob[]  (74 elements)
  - Rvar[]  (148 elements)
  - W[1:74] 
Compiling
  [Note] This may take a minute.
  [Note] Use 'showCompilerOutput = TRUE' to see C++ compilation details.

Setup time 4.6 mins 

Chain # 12 (chain 1 of 1 for this core)

Datapoints for testing convergence:
 #65 #145 #235 #252 #275 #392 #586 #818 #966 #983 #1080 #1123 #1129 #1357 #1361 #1400 #1521 #1739 #1774 #1788 

Iterations: 3600 
|-------------|-------------|-------------|-------------|
|-------------------------------------------------------|

Current time: 2024-11-19 14:24:04
MCMC time 9.7 mins 

USED COMPONENTS: 53 OF 74 

rel. MC standard error: 0.0179 to 0.0681
eff. sample size: 216 to 3120
needed thinning: 2 to 26
Diagnostics time 2.3 secs 

Total number of iterations 3600 - required further 202 

Chain # 12 - chunk 2 (chain 1 of 1 for this core): increasing by 203 

Iterations: 203 
|-------------|-------------|-------------|-------------|
|-------------------------------------------------------|

Current time: 2024-11-19 14:24:39
MCMC time 10 mins 

USED COMPONENTS: 52 OF 74 

rel. MC standard error: 0.0187 to 0.0659
eff. sample size: 230 to 2850
needed thinning: 2 to 25
Diagnostics time 0.13 secs 

Total number of iterations 3803 - required further 194 

Chain # 12 - chunk 3 (chain 1 of 1 for this core): increasing by 195 

Iterations: 195 
|-------------|-------------|-------------|-------------|
|-------------------------------------------------------|

Current time: 2024-11-19 14:25:09
MCMC time 11 mins 

USED COMPONENTS: 52 OF 74 

rel. MC standard error: 0.0159 to 0.0638
eff. sample size: 246 to 3970
needed thinning: 2 to 25
Diagnostics time 0.12 secs 

Total number of iterations 3998 - required further 194 

Chain # 12 - chunk 4 (chain 1 of 1 for this core): increasing by 195 

Iterations: 195 
|-------------|-------------|-------------|-------------|
|-------------------------------------------------------|

Current time: 2024-11-19 14:25:39
MCMC time 11 mins 

USED COMPONENTS: 52 OF 74 

rel. MC standard error: 0.016 to 0.0622
eff. sample size: 258 to 3910
needed thinning: 2 to 25
Diagnostics time 0.15 secs 

Total number of iterations 4193 - required further 194 

Chain # 12 - chunk 5 (chain 1 of 1 for this core): increasing by 195 

Iterations: 195 
|-------------|-------------|-------------|-------------|
|-------------------------------------------------------|

Current time: 2024-11-19 14:26:09
MCMC time 12 mins 

USED COMPONENTS: 53 OF 74 

rel. MC standard error: 0.0162 to 0.0608
eff. sample size: 270 to 3800
needed thinning: 2 to 25
Diagnostics time 0.11 secs 

Total number of iterations 4388 - required further 194 

Chain # 12 - chunk 6 (chain 1 of 1 for this core): increasing by 195 

Iterations: 195 
|-------------|-------------|-------------|-------------|
|-------------------------------------------------------|

Current time: 2024-11-19 14:26:38
MCMC time 12 mins 

USED COMPONENTS: 53 OF 74 

rel. MC standard error: 0.0163 to 0.0588
eff. sample size: 289 to 3780
needed thinning: 2 to 24
Diagnostics time 0.12 secs 

Total number of iterations 4583 - required further 186 

Chain # 12 - chunk 7 (chain 1 of 1 for this core): increasing by 187 

Iterations: 187 
|-------------|-------------|-------------|-------------|
|-------------------------------------------------------|

Current time: 2024-11-19 14:27:07
MCMC time 13 mins 

USED COMPONENTS: 52 OF 74 

rel. MC standard error: 0.0155 to 0.0578
eff. sample size: 300 to 4180
needed thinning: 2 to 24
Diagnostics time 0.15 secs 

Total number of iterations 4770 - required further 186 

Chain # 12 - chunk 8 (chain 1 of 1 for this core): increasing by 187 

Iterations: 187 
|-------------|-------------|-------------|-------------|
|-------------------------------------------------------|

Current time: 2024-11-19 14:27:36
MCMC time 13 mins 

USED COMPONENTS: 52 OF 74 

rel. MC standard error: 0.0155 to 0.0567
eff. sample size: 311 to 4170
needed thinning: 2 to 24
Diagnostics time 0.15 secs 

Total number of iterations 4957 - required further 186 

Chain # 12 - chunk 9 (chain 1 of 1 for this core): increasing by 187 

Iterations: 187 
|-------------|-------------|-------------|-------------|
|-------------------------------------------------------|

Current time: 2024-11-19 14:28:04
MCMC time 14 mins 

USED COMPONENTS: 52 OF 74 

rel. MC standard error: 0.0144 to 0.055
eff. sample size: 330 to 4830
needed thinning: 2 to 24
Diagnostics time 0.11 secs 

Total number of iterations 5144 - required further 186 

Chain # 12 - chunk 10 (chain 1 of 1 for this core): increasing by 187 

Iterations: 187 
|-------------|-------------|-------------|-------------|
|-------------------------------------------------------|

Current time: 2024-11-19 14:28:33
MCMC time 14 mins 

USED COMPONENTS: 52 OF 74 

rel. MC standard error: 0.0143 to 0.0633
eff. sample size: 249 to 4910
needed thinning: 2 to 33
Diagnostics time 0.12 secs 

Total number of iterations 5331 - required further 296 

Chain # 12 - chunk 11 (chain 1 of 1 for this core): increasing by 297 

Iterations: 297 
|-------------|-------------|-------------|-------------|
|-------------------------------------------------------|

Current time: 2024-11-19 14:29:18
MCMC time 15 mins 

USED COMPONENTS: 52 OF 74 

rel. MC standard error: 0.0146 to 0.0672
eff. sample size: 221 to 4710
needed thinning: 2 to 39
Diagnostics time 0.17 secs 

Total number of iterations 5628 - required further 353 

Chain # 12 - chunk 12 (chain 1 of 1 for this core): increasing by 354 

Iterations: 354 
|-------------|-------------|-------------|-------------|
|-------------------------------------------------------|

Current time: 2024-11-19 14:30:12
MCMC time 16 mins 

USED COMPONENTS: 52 OF 74 

rel. MC standard error: 0.0137 to 0.0694
eff. sample size: 207 to 5360
needed thinning: 2 to 44
Diagnostics time 0.23 secs 

Total number of iterations 5982 - required further 341 

Chain # 12 - chunk 13 (chain 1 of 1 for this core): increasing by 342 

Iterations: 342 
|-------------|-------------|-------------|-------------|
|-------------------------------------------------------|

Current time: 2024-11-19 14:31:05
MCMC time 17 mins 

USED COMPONENTS: 52 OF 74 

rel. MC standard error: 0.013 to 0.0693
eff. sample size: 208 to 5910
needed thinning: 2 to 46
Diagnostics time 0.28 secs 

Total number of iterations 6324 - required further 357 

Chain # 12 - chunk 14 (chain 1 of 1 for this core): increasing by 358 

Iterations: 358 
|-------------|-------------|-------------|-------------|
|-------------------------------------------------------|

Current time: 2024-11-19 14:31:59
MCMC time 18 mins 

USED COMPONENTS: 52 OF 74 

rel. MC standard error: 0.0128 to 0.0672
eff. sample size: 222 to 6110
needed thinning: 2 to 46
Diagnostics time 0.22 secs 

Total number of iterations 6682 - required further 357 

Chain # 12 - chunk 15 (chain 1 of 1 for this core): increasing by 358 

Iterations: 358 
|-------------|-------------|-------------|-------------|
|-------------------------------------------------------|

Current time: 2024-11-19 14:32:57
MCMC time 19 mins 

USED COMPONENTS: 52 OF 74 

rel. MC standard error: 0.0128 to 0.0662
eff. sample size: 228 to 6130
needed thinning: 2 to 47
Diagnostics time 0.24 secs 

Total number of iterations 7040 - required further 365 

Chain # 12 - chunk 16 (chain 1 of 1 for this core): increasing by 366 

Iterations: 366 
|-------------|-------------|-------------|-------------|
|-------------------------------------------------------|

Current time: 2024-11-19 14:33:52
MCMC time 19 mins 

USED COMPONENTS: 52 OF 74 

rel. MC standard error: 0.0119 to 0.0651
eff. sample size: 236 to 7100
needed thinning: 2 to 48
Diagnostics time 0.24 secs 

Total number of iterations 7406 - required further 372 

Chain # 12 - chunk 17 (chain 1 of 1 for this core): increasing by 373 

Iterations: 373 
|-------------|-------------|-------------|-------------|
|-------------------------------------------------------|

Current time: 2024-11-19 14:34:49
MCMC time 20 mins 

USED COMPONENTS: 53 OF 74 

rel. MC standard error: 0.0124 to 0.0647
eff. sample size: 239 to 6460
needed thinning: 2 to 49
Diagnostics time 0.24 secs 

Total number of iterations 7779 - required further 380 

Chain # 12 - chunk 18 (chain 1 of 1 for this core): increasing by 381 

Iterations: 381 
|-------------|-------------|-------------|-------------|
|-------------------------------------------------------|

Current time: 2024-11-19 14:35:46
MCMC time 21 mins 

USED COMPONENTS: 52 OF 74 

rel. MC standard error: 0.0113 to 0.0624
eff. sample size: 257 to 7840
needed thinning: 2 to 48
Diagnostics time 0.29 secs 

Total number of iterations 8160 - required further 372 

Chain # 12 - chunk 19 (chain 1 of 1 for this core): increasing by 373 

Iterations: 373 
|-------------|-------------|-------------|-------------|
|-------------------------------------------------------|

Current time: 2024-11-19 14:36:43
MCMC time 22 mins 

USED COMPONENTS: 52 OF 74 

rel. MC standard error: 0.0116 to 0.0659
eff. sample size: 230 to 7470
needed thinning: 2 to 56
Diagnostics time 0.76 secs 

Total number of iterations 8533 - required further 434 

Chain # 12 - chunk 20 (chain 1 of 1 for this core): increasing by 435 

Iterations: 435 
|-------------|-------------|-------------|-------------|
|-------------------------------------------------------|

Current time: 2024-11-19 14:37:49
MCMC time 23 mins 

USED COMPONENTS: 53 OF 74 

rel. MC standard error: 0.0107 to 0.0657
eff. sample size: 232 to 8700
needed thinning: 2 to 59
Diagnostics time 0.26 secs 

Total number of iterations 8968 - required further 458 

Chain # 12 - chunk 21 (chain 1 of 1 for this core): increasing by 459 

Iterations: 459 
|-------------|-------------|-------------|-------------|
|-------------------------------------------------------|

Current time: 2024-11-19 14:38:58
MCMC time 25 mins 

USED COMPONENTS: 52 OF 74 

rel. MC standard error: 0.0103 to 0.0644
eff. sample size: 241 to 9460
needed thinning: 2 to 59
Diagnostics time 0.26 secs 

Total number of iterations 9427 - required further 458 

Chain # 12 - chunk 22 (chain 1 of 1 for this core): increasing by 459 

Iterations: 459 
|-------------|-------------|-------------|-------------|
|-------------------------------------------------------|

Current time: 2024-11-19 14:40:07
MCMC time 26 mins 

USED COMPONENTS: 52 OF 74 

rel. MC standard error: 0.0115 to 0.0633
eff. sample size: 249 to 7620
needed thinning: 2 to 60
Diagnostics time 0.32 secs 

Total number of iterations 9886 - required further 465 

Chain # 12 - chunk 23 (chain 1 of 1 for this core): increasing by 466 

Iterations: 466 
|-------------|-------------|-------------|-------------|
|-------------------------------------------------------|

Current time: 2024-11-19 14:41:17
MCMC time 27 mins 

USED COMPONENTS: 52 OF 74 

rel. MC standard error: 0.0104 to 0.0621
eff. sample size: 259 to 9170
needed thinning: 2 to 60
Diagnostics time 0.26 secs 

Total number of iterations 10352 - required further 465 

Chain # 12 - chunk 24 (chain 1 of 1 for this core): increasing by 466 

Iterations: 466 
|-------------|-------------|-------------|-------------|
|-------------------------------------------------------|

Current time: 2024-11-19 14:42:27
MCMC time 28 mins 

USED COMPONENTS: 52 OF 74 

rel. MC standard error: 0.00986 to 0.0614
eff. sample size: 265 to 10300
needed thinning: 2 to 62
Diagnostics time 0.28 secs 

Total number of iterations 10818 - required further 481 

Chain # 12 - chunk 25 (chain 1 of 1 for this core): increasing by 482 

Iterations: 482 
|-------------|-------------|-------------|-------------|
|-------------------------------------------------------|

Current time: 2024-11-19 14:43:40
MCMC time 29 mins 

USED COMPONENTS: 52 OF 74 

rel. MC standard error: 0.00992 to 0.0608
eff. sample size: 270 to 10200
needed thinning: 2 to 63
Diagnostics time 0.28 secs 

Total number of iterations 11300 - required further 488 

Chain # 12 - chunk 26 (chain 1 of 1 for this core): increasing by 489 

Iterations: 489 
|-------------|-------------|-------------|-------------|
|-------------------------------------------------------|

Current time: 2024-11-19 14:44:53
MCMC time 30 mins 

USED COMPONENTS: 53 OF 74 

rel. MC standard error: 0.00985 to 0.0601
eff. sample size: 277 to 10300
needed thinning: 2 to 64
Diagnostics time 0.34 secs 

Total number of iterations 11789 - required further 496 

Chain # 12 - chunk 27 (chain 1 of 1 for this core): increasing by 497 

Iterations: 497 
|-------------|-------------|-------------|-------------|
|-------------------------------------------------------|

Current time: 2024-11-19 14:46:08
MCMC time 32 mins 

USED COMPONENTS: 54 OF 74 

rel. MC standard error: 0.00983 to 0.0591
eff. sample size: 287 to 10300
needed thinning: 2 to 65
Diagnostics time 0.28 secs 

Total number of iterations 12286 - required further 504 

Chain # 12 - chunk 28 (chain 1 of 1 for this core): increasing by 505 

Iterations: 505 
|-------------|-------------|-------------|-------------|
|-------------------------------------------------------|

Current time: 2024-11-19 14:47:24
MCMC time 33 mins 

USED COMPONENTS: 53 OF 74 

rel. MC standard error: 0.00919 to 0.0574
eff. sample size: 304 to 11800
needed thinning: 2 to 64
Diagnostics time 0.36 secs 

Total number of iterations 12791 - required further 496 

Chain # 12 - chunk 29 (chain 1 of 1 for this core): increasing by 497 

Iterations: 497 
|-------------|-------------|-------------|-------------|
|-------------------------------------------------------|

Current time: 2024-11-19 14:48:38
MCMC time 34 mins 

USED COMPONENTS: 53 OF 74 

rel. MC standard error: 0.00922 to 0.0565
eff. sample size: 313 to 11800
needed thinning: 2 to 64
Diagnostics time 0.8 secs 

Total number of iterations 13288 - required further 496 

Chain # 12 - chunk 30 (chain 1 of 1 for this core): increasing by 497 

Iterations: 497 
|-------------|-------------|-------------|-------------|
|-------------------------------------------------------|

Current time: 2024-11-19 14:49:53
MCMC time 35 mins 

USED COMPONENTS: 53 OF 74 

rel. MC standard error: 0.0091 to 0.0554
eff. sample size: 326 to 12100
needed thinning: 2 to 64
Diagnostics time 0.27 secs 

Total number of iterations 13785 - required further 496 

Chain # 12 - chunk 31 (chain 1 of 1 for this core): increasing by 497 

Iterations: 497 
|-------------|-------------|-------------|-------------|
|-------------------------------------------------------|

Current time: 2024-11-19 14:51:08
MCMC time 37 mins 

USED COMPONENTS: 54 OF 74 

rel. MC standard error: 0.00882 to 0.0551
eff. sample size: 330 to 12900
needed thinning: 2 to 65
Diagnostics time 0.34 secs 

Total number of iterations 14282 - required further 504 

Chain # 12 - chunk 32 (chain 1 of 1 for this core): increasing by 505 

Iterations: 505 
|-------------|-------------|-------------|-------------|
|-------------------------------------------------------|

Current time: 2024-11-19 14:52:24
MCMC time 38 mins 

USED COMPONENTS: 53 OF 74 

rel. MC standard error: 0.00858 to 0.0547
eff. sample size: 334 to 13600
needed thinning: 2 to 67
Diagnostics time 0.25 secs 

Total number of iterations 14787 - required further 519 

Chain # 12 - chunk 33 (chain 1 of 1 for this core): increasing by 520 

Iterations: 520 
|-------------|-------------|-------------|-------------|
|-------------------------------------------------------|

Current time: 2024-11-19 14:53:42
MCMC time 39 mins 

USED COMPONENTS: 53 OF 74 

rel. MC standard error: 0.00868 to 0.0541
eff. sample size: 341 to 13300
needed thinning: 2 to 68
Diagnostics time 0.3 secs 

Total number of iterations 15307 - required further 527 

Chain # 12 - chunk 34 (chain 1 of 1 for this core): increasing by 528 

Iterations: 528 
|-------------|-------------|-------------|-------------|
|-------------------------------------------------------|

Current time: 2024-11-19 14:55:01
MCMC time 41 mins 

USED COMPONENTS: 53 OF 74 

rel. MC standard error: 0.00864 to 0.054
eff. sample size: 343 to 13400
needed thinning: 2 to 70
Diagnostics time 0.88 secs 

Total number of iterations 15835 - required further 543 

Chain # 12 - chunk 35 (chain 1 of 1 for this core): increasing by 544 

Iterations: 544 
|-------------|-------------|-------------|-------------|
|-------------------------------------------------------|

Current time: 2024-11-19 14:56:25
MCMC time 42 mins 

USED COMPONENTS: 53 OF 74 

rel. MC standard error: 0.00804 to 0.0537
eff. sample size: 347 to 15500
needed thinning: 2 to 71
Diagnostics time 0.35 secs 

Total number of iterations 16379 - required further 550 

Chain # 12 - chunk 36 (chain 1 of 1 for this core): increasing by 551 

Iterations: 551 
|-------------|-------------|-------------|-------------|
|-------------------------------------------------------|

Current time: 2024-11-19 14:57:49
MCMC time 43 mins 

USED COMPONENTS: 53 OF 74 

rel. MC standard error: 0.00867 to 0.0526
eff. sample size: 361 to 13300
needed thinning: 2 to 71
Diagnostics time 0.43 secs 

Total number of iterations 16930 - required further 550 

Chain # 12 - chunk 37 (chain 1 of 1 for this core): increasing by 551 

Iterations: 551 
|-------------|-------------|-------------|-------------|
|-------------------------------------------------------|

Current time: 2024-11-19 14:59:14
MCMC time 45 mins 

USED COMPONENTS: 53 OF 74 

rel. MC standard error: 0.00829 to 0.0528
eff. sample size: 359 to 14600
needed thinning: 2 to 73
Diagnostics time 0.41 secs 

Total number of iterations 17481 - required further 566 

Chain # 12 - chunk 38 (chain 1 of 1 for this core): increasing by 567 

Iterations: 567 
|-------------|-------------|-------------|-------------|
|-------------------------------------------------------|

Current time: 2024-11-19 15:00:42
MCMC time 46 mins 

USED COMPONENTS: 53 OF 74 

rel. MC standard error: 0.00808 to 0.0529
eff. sample size: 358 to 15300
needed thinning: 2 to 76
Diagnostics time 0.3 secs 

Total number of iterations 18048 - required further 589 

Chain # 12 - chunk 39 (chain 1 of 1 for this core): increasing by 590 

Iterations: 590 
|-------------|-------------|-------------|-------------|
|-------------------------------------------------------|

Current time: 2024-11-19 15:02:14
MCMC time 48 mins 

USED COMPONENTS: 53 OF 74 

rel. MC standard error: 0.00786 to 0.0517
eff. sample size: 374 to 16200
needed thinning: 2 to 75
Diagnostics time 1 secs 

Total number of iterations 18638 - required further 581 

Chain # 12 - chunk 40 (chain 1 of 1 for this core): increasing by 582 

Iterations: 582 
|-------------|-------------|-------------|-------------|
|-------------------------------------------------------|

Current time: 2024-11-19 15:03:45
MCMC time 49 mins 

USED COMPONENTS: 54 OF 74 

rel. MC standard error: 0.00751 to 0.0517
eff. sample size: 374 to 17700
needed thinning: 2 to 78
Diagnostics time 0.36 secs 

Total number of iterations 19220 - required further 605 

Chain # 12 - chunk 41 (chain 1 of 1 for this core): increasing by 606 

Iterations: 606 
|-------------|-------------|-------------|-------------|
|-------------------------------------------------------|

Current time: 2024-11-19 15:05:18
MCMC time 51 mins 

USED COMPONENTS: 54 OF 74 

rel. MC standard error: 0.00719 to 0.0508
eff. sample size: 387 to 19300
needed thinning: 2 to 77
Diagnostics time 0.38 secs 

Total number of iterations 19826 - required further 597 

Chain # 12 - chunk 42 (chain 1 of 1 for this core): increasing by 598 

Iterations: 598 
|-------------|-------------|-------------|-------------|
|-------------------------------------------------------|

Current time: 2024-11-19 15:06:51
MCMC time 52 mins 

USED COMPONENTS: 54 OF 74 

rel. MC standard error: 0.00731 to 0.0505
eff. sample size: 391 to 18700
needed thinning: 2 to 79
Diagnostics time 0.42 secs 

Total number of iterations 20424 - required further 612 

Chain # 12 - chunk 43 (chain 1 of 1 for this core): increasing by 613 

Iterations: 613 
|-------------|-------------|-------------|-------------|
|-------------------------------------------------------|

Current time: 2024-11-19 15:08:26
MCMC time 54 mins 

USED COMPONENTS: 54 OF 74 

rel. MC standard error: 0.00756 to 0.0503
eff. sample size: 395 to 17500
needed thinning: 2 to 80
Diagnostics time 1.1 secs 

Total number of iterations 21037 - required further 620 

Chain # 12 - chunk 44 (chain 1 of 1 for this core): increasing by 621 

Iterations: 621 
|-------------|-------------|-------------|-------------|
|-------------------------------------------------------|

Current time: 2024-11-19 15:10:03
MCMC time 56 mins 

USED COMPONENTS: 54 OF 74 

rel. MC standard error: 0.00723 to 0.0499
eff. sample size: 402 to 19100
needed thinning: 2 to 81
Diagnostics time 0.43 secs 

Total number of iterations 21658 - required further 0 

Keeping last 60 samples with thinning 81 

Plotting traces and samples.

Current time: 2024-11-19 15:10:05
MCMC + diagnostics time 56 mins 

Current time: 2024-11-19 15:10:05
Total time 56 mins 
loaded inferno and set parent environment
loaded inferno and set parent environment
loaded inferno and set parent environment
loaded inferno and set parent environment
