Log core 19 - Current time: 2024-11-19 14:09:51
Defining model
Building model
Setting data and initial values
Running calculate on model
  [Note] Any error reports that follow may simply reflect missing values in model variables.
Checking model sizes and dimensions
Compiling
  [Note] This may take a minute.
  [Note] Use 'showCompilerOutput = TRUE' to see C++ compilation details.
===== Monitors =====
thin = 1: Bprob, Rmean, Rvar, W
thin2 = 1: K
===== Samplers =====
conjugate sampler (519)
  - Rmean[]  (148 elements)
  - Rrate[]  (148 elements)
  - Bprob[]  (74 elements)
  - Rvar[]  (148 elements)
  - W[1:74] 
categorical sampler (1801)
  - Alpha
  - K[]  (1800 elements)
===== Monitors =====
thin = 1: Bprob, Rmean, Rvar, W
thin2 = 1: K
===== Samplers =====
slice sampler (1801)
  - Alpha
  - K[]  (1800 elements)
conjugate sampler (519)
  - Rmean[]  (148 elements)
  - Rrate[]  (148 elements)
  - Bprob[]  (74 elements)
  - Rvar[]  (148 elements)
  - W[1:74] 
Compiling
  [Note] This may take a minute.
  [Note] Use 'showCompilerOutput = TRUE' to see C++ compilation details.

Setup time 4.4 mins 

Chain # 19 (chain 1 of 1 for this core)

Datapoints for testing convergence:
 #59 #67 #276 #375 #557 #640 #744 #917 #927 #980 #1239 #1254 #1415 #1427 #1451 #1589 #1695 #1716 #1743 #1745 

Iterations: 3600 
|-------------|-------------|-------------|-------------|
|-------------------------------------------------------|

Current time: 2024-11-19 14:23:54
MCMC time 9.7 mins 

USED COMPONENTS: 55 OF 74 

rel. MC standard error: 0.0171 to 0.0888
eff. sample size: 127 to 3420
needed thinning: 2 to 43
Diagnostics time 2.4 secs 

Total number of iterations 3600 - required further 334 

Chain # 19 - chunk 2 (chain 1 of 1 for this core): increasing by 335 

Iterations: 335 
|-------------|-------------|-------------|-------------|
|-------------------------------------------------------|

Current time: 2024-11-19 14:24:49
MCMC time 11 mins 

USED COMPONENTS: 55 OF 74 

rel. MC standard error: 0.0162 to 0.088
eff. sample size: 129 to 3810
needed thinning: 2 to 46
Diagnostics time 0.21 secs 

Total number of iterations 3935 - required further 357 

Chain # 19 - chunk 3 (chain 1 of 1 for this core): increasing by 358 

Iterations: 358 
|-------------|-------------|-------------|-------------|
|-------------------------------------------------------|

Current time: 2024-11-19 14:25:44
MCMC time 11 mins 

USED COMPONENTS: 55 OF 74 

rel. MC standard error: 0.0163 to 0.0848
eff. sample size: 139 to 3750
needed thinning: 2 to 47
Diagnostics time 0.2 secs 

Total number of iterations 4293 - required further 365 

Chain # 19 - chunk 4 (chain 1 of 1 for this core): increasing by 366 

Iterations: 366 
|-------------|-------------|-------------|-------------|
|-------------------------------------------------------|

Current time: 2024-11-19 14:26:41
MCMC time 12 mins 

USED COMPONENTS: 55 OF 74 

rel. MC standard error: 0.0149 to 0.0842
eff. sample size: 141 to 4500
needed thinning: 2 to 50
Diagnostics time 0.3 secs 

Total number of iterations 4659 - required further 388 

Chain # 19 - chunk 5 (chain 1 of 1 for this core): increasing by 389 

Iterations: 389 
|-------------|-------------|-------------|-------------|
|-------------------------------------------------------|

Current time: 2024-11-19 14:27:41
MCMC time 13 mins 

USED COMPONENTS: 55 OF 74 

rel. MC standard error: 0.0143 to 0.0831
eff. sample size: 145 to 4920
needed thinning: 2 to 53
Diagnostics time 0.23 secs 

Total number of iterations 5048 - required further 411 

Chain # 19 - chunk 6 (chain 1 of 1 for this core): increasing by 412 

Iterations: 412 
|-------------|-------------|-------------|-------------|
|-------------------------------------------------------|

Current time: 2024-11-19 14:28:45
MCMC time 15 mins 

USED COMPONENTS: 54 OF 74 

rel. MC standard error: 0.0136 to 0.0804
eff. sample size: 155 to 5380
needed thinning: 2 to 53
Diagnostics time 0.24 secs 

Total number of iterations 5460 - required further 411 

Chain # 19 - chunk 7 (chain 1 of 1 for this core): increasing by 412 

Iterations: 412 
|-------------|-------------|-------------|-------------|
|-------------------------------------------------------|

Current time: 2024-11-19 14:29:49
MCMC time 16 mins 

USED COMPONENTS: 56 OF 74 

rel. MC standard error: 0.013 to 0.0795
eff. sample size: 158 to 5890
needed thinning: 2 to 56
Diagnostics time 0.29 secs 

Total number of iterations 5872 - required further 434 

Chain # 19 - chunk 8 (chain 1 of 1 for this core): increasing by 435 

Iterations: 435 
|-------------|-------------|-------------|-------------|
|-------------------------------------------------------|

Current time: 2024-11-19 14:30:56
MCMC time 17 mins 

USED COMPONENTS: 56 OF 74 

rel. MC standard error: 0.0114 to 0.081
eff. sample size: 152 to 7650
needed thinning: 2 to 63
Diagnostics time 0.26 secs 

Total number of iterations 6307 - required further 488 

Chain # 19 - chunk 9 (chain 1 of 1 for this core): increasing by 489 

Iterations: 489 
|-------------|-------------|-------------|-------------|
|-------------------------------------------------------|

Current time: 2024-11-19 14:32:12
MCMC time 18 mins 

USED COMPONENTS: 55 OF 74 

rel. MC standard error: 0.0131 to 0.0794
eff. sample size: 158 to 5810
needed thinning: 2 to 65
Diagnostics time 0.27 secs 

Total number of iterations 6796 - required further 504 

Chain # 19 - chunk 10 (chain 1 of 1 for this core): increasing by 505 

Iterations: 505 
|-------------|-------------|-------------|-------------|
|-------------------------------------------------------|

Current time: 2024-11-19 14:33:29
MCMC time 19 mins 

USED COMPONENTS: 55 OF 74 

rel. MC standard error: 0.0127 to 0.0777
eff. sample size: 166 to 6160
needed thinning: 2 to 67
Diagnostics time 0.29 secs 

Total number of iterations 7301 - required further 519 

Chain # 19 - chunk 11 (chain 1 of 1 for this core): increasing by 520 

Iterations: 520 
|-------------|-------------|-------------|-------------|
|-------------------------------------------------------|

Current time: 2024-11-19 14:34:49
MCMC time 21 mins 

USED COMPONENTS: 55 OF 74 

rel. MC standard error: 0.0117 to 0.0756
eff. sample size: 175 to 7350
needed thinning: 2 to 68
Diagnostics time 0.31 secs 

Total number of iterations 7821 - required further 527 

Chain # 19 - chunk 12 (chain 1 of 1 for this core): increasing by 528 

Iterations: 528 
|-------------|-------------|-------------|-------------|
|-------------------------------------------------------|

Current time: 2024-11-19 14:36:10
MCMC time 22 mins 

USED COMPONENTS: 55 OF 74 

rel. MC standard error: 0.0113 to 0.0742
eff. sample size: 181 to 7800
needed thinning: 2 to 70
Diagnostics time 0.3 secs 

Total number of iterations 8349 - required further 543 

Chain # 19 - chunk 13 (chain 1 of 1 for this core): increasing by 544 

Iterations: 544 
|-------------|-------------|-------------|-------------|
|-------------------------------------------------------|

Current time: 2024-11-19 14:37:33
MCMC time 23 mins 

USED COMPONENTS: 55 OF 74 

rel. MC standard error: 0.0117 to 0.0728
eff. sample size: 189 to 7370
needed thinning: 2 to 71
Diagnostics time 0.88 secs 

Total number of iterations 8893 - required further 550 

Chain # 19 - chunk 14 (chain 1 of 1 for this core): increasing by 551 

Iterations: 551 
|-------------|-------------|-------------|-------------|
|-------------------------------------------------------|

Current time: 2024-11-19 14:38:58
MCMC time 25 mins 

USED COMPONENTS: 55 OF 74 

rel. MC standard error: 0.0109 to 0.0713
eff. sample size: 197 to 8430
needed thinning: 2 to 72
Diagnostics time 0.27 secs 

Total number of iterations 9444 - required further 558 

Chain # 19 - chunk 15 (chain 1 of 1 for this core): increasing by 559 

Iterations: 559 
|-------------|-------------|-------------|-------------|
|-------------------------------------------------------|

Current time: 2024-11-19 14:40:23
MCMC time 26 mins 

USED COMPONENTS: 55 OF 74 

rel. MC standard error: 0.0107 to 0.0694
eff. sample size: 208 to 8770
needed thinning: 2 to 73
Diagnostics time 0.32 secs 

Total number of iterations 10003 - required further 566 

Chain # 19 - chunk 16 (chain 1 of 1 for this core): increasing by 567 

Iterations: 567 
|-------------|-------------|-------------|-------------|
|-------------------------------------------------------|

Current time: 2024-11-19 14:41:49
MCMC time 28 mins 

USED COMPONENTS: 55 OF 74 

rel. MC standard error: 0.0105 to 0.068
eff. sample size: 216 to 9050
needed thinning: 2 to 74
Diagnostics time 0.31 secs 

Total number of iterations 10570 - required further 574 

Chain # 19 - chunk 17 (chain 1 of 1 for this core): increasing by 575 

Iterations: 575 
|-------------|-------------|-------------|-------------|
|-------------------------------------------------------|

Current time: 2024-11-19 14:43:17
MCMC time 29 mins 

USED COMPONENTS: 55 OF 74 

rel. MC standard error: 0.00976 to 0.0666
eff. sample size: 225 to 10500
needed thinning: 2 to 75
Diagnostics time 0.37 secs 

Total number of iterations 11145 - required further 581 

Chain # 19 - chunk 18 (chain 1 of 1 for this core): increasing by 582 

Iterations: 582 
|-------------|-------------|-------------|-------------|
|-------------------------------------------------------|

Current time: 2024-11-19 14:44:45
MCMC time 31 mins 

USED COMPONENTS: 55 OF 74 

rel. MC standard error: 0.00987 to 0.0649
eff. sample size: 238 to 10300
needed thinning: 2 to 75
Diagnostics time 0.32 secs 

Total number of iterations 11727 - required further 581 

Chain # 19 - chunk 19 (chain 1 of 1 for this core): increasing by 582 

Iterations: 582 
|-------------|-------------|-------------|-------------|
|-------------------------------------------------------|

Current time: 2024-11-19 14:46:14
MCMC time 32 mins 

USED COMPONENTS: 55 OF 74 

rel. MC standard error: 0.00941 to 0.0639
eff. sample size: 245 to 11300
needed thinning: 2 to 76
Diagnostics time 0.87 secs 

Total number of iterations 12309 - required further 589 

Chain # 19 - chunk 20 (chain 1 of 1 for this core): increasing by 590 

Iterations: 590 
|-------------|-------------|-------------|-------------|
|-------------------------------------------------------|

Current time: 2024-11-19 14:47:44
MCMC time 33 mins 

USED COMPONENTS: 55 OF 74 

rel. MC standard error: 0.00956 to 0.0629
eff. sample size: 253 to 10900
needed thinning: 2 to 77
Diagnostics time 0.33 secs 

Total number of iterations 12899 - required further 597 

Chain # 19 - chunk 21 (chain 1 of 1 for this core): increasing by 598 

Iterations: 598 
|-------------|-------------|-------------|-------------|
|-------------------------------------------------------|

Current time: 2024-11-19 14:49:14
MCMC time 35 mins 

USED COMPONENTS: 55 OF 74 

rel. MC standard error: 0.009 to 0.0612
eff. sample size: 267 to 12300
needed thinning: 2 to 76
Diagnostics time 0.34 secs 

Total number of iterations 13497 - required further 589 

Chain # 19 - chunk 22 (chain 1 of 1 for this core): increasing by 590 

Iterations: 590 
|-------------|-------------|-------------|-------------|
|-------------------------------------------------------|

Current time: 2024-11-19 14:50:44
MCMC time 36 mins 

USED COMPONENTS: 55 OF 74 

rel. MC standard error: 0.00942 to 0.0604
eff. sample size: 274 to 11300
needed thinning: 2 to 78
Diagnostics time 0.39 secs 

Total number of iterations 14087 - required further 605 

Chain # 19 - chunk 23 (chain 1 of 1 for this core): increasing by 606 

Iterations: 606 
|-------------|-------------|-------------|-------------|
|-------------------------------------------------------|

Current time: 2024-11-19 14:52:16
MCMC time 38 mins 

USED COMPONENTS: 55 OF 74 

rel. MC standard error: 0.0094 to 0.0593
eff. sample size: 284 to 11300
needed thinning: 2 to 78
Diagnostics time 0.88 secs 

Total number of iterations 14693 - required further 605 

Chain # 19 - chunk 24 (chain 1 of 1 for this core): increasing by 606 

Iterations: 606 
|-------------|-------------|-------------|-------------|
|-------------------------------------------------------|

Current time: 2024-11-19 14:53:49
MCMC time 40 mins 

USED COMPONENTS: 54 OF 74 

rel. MC standard error: 0.00895 to 0.0582
eff. sample size: 295 to 12500
needed thinning: 2 to 78
Diagnostics time 0.33 secs 

Total number of iterations 15299 - required further 605 

Chain # 19 - chunk 25 (chain 1 of 1 for this core): increasing by 606 

Iterations: 606 
|-------------|-------------|-------------|-------------|
|-------------------------------------------------------|

Current time: 2024-11-19 14:55:21
MCMC time 41 mins 

USED COMPONENTS: 54 OF 74 

rel. MC standard error: 0.00898 to 0.0582
eff. sample size: 295 to 12400
needed thinning: 2 to 81
Diagnostics time 0.34 secs 

Total number of iterations 15905 - required further 628 

Chain # 19 - chunk 26 (chain 1 of 1 for this core): increasing by 629 

Iterations: 629 
|-------------|-------------|-------------|-------------|
|-------------------------------------------------------|

Current time: 2024-11-19 14:56:56
MCMC time 43 mins 

USED COMPONENTS: 54 OF 74 

rel. MC standard error: 0.00891 to 0.0574
eff. sample size: 303 to 12600
needed thinning: 2 to 82
Diagnostics time 0.4 secs 

Total number of iterations 16534 - required further 636 

Chain # 19 - chunk 27 (chain 1 of 1 for this core): increasing by 637 

Iterations: 637 
|-------------|-------------|-------------|-------------|
|-------------------------------------------------------|

Current time: 2024-11-19 14:58:32
MCMC time 44 mins 

USED COMPONENTS: 54 OF 74 

rel. MC standard error: 0.00924 to 0.0573
eff. sample size: 305 to 11700
needed thinning: 3 to 85
Diagnostics time 0.36 secs 

Total number of iterations 17171 - required further 659 

Chain # 19 - chunk 28 (chain 1 of 1 for this core): increasing by 660 

Iterations: 660 
|-------------|-------------|-------------|-------------|
|-------------------------------------------------------|

Current time: 2024-11-19 15:00:12
MCMC time 46 mins 

USED COMPONENTS: 54 OF 74 

rel. MC standard error: 0.00897 to 0.0556
eff. sample size: 324 to 12400
needed thinning: 3 to 83
Diagnostics time 0.89 secs 

Total number of iterations 17831 - required further 643 

Chain # 19 - chunk 29 (chain 1 of 1 for this core): increasing by 644 

Iterations: 644 
|-------------|-------------|-------------|-------------|
|-------------------------------------------------------|

Current time: 2024-11-19 15:01:50
MCMC time 48 mins 

USED COMPONENTS: 54 OF 74 

rel. MC standard error: 0.00886 to 0.0546
eff. sample size: 335 to 12700
needed thinning: 3 to 83
Diagnostics time 0.33 secs 

Total number of iterations 18475 - required further 643 

Chain # 19 - chunk 30 (chain 1 of 1 for this core): increasing by 644 

Iterations: 644 
|-------------|-------------|-------------|-------------|
|-------------------------------------------------------|

Current time: 2024-11-19 15:03:28
MCMC time 49 mins 

USED COMPONENTS: 54 OF 74 

rel. MC standard error: 0.00879 to 0.0542
eff. sample size: 340 to 12900
needed thinning: 3 to 85
Diagnostics time 0.39 secs 

Total number of iterations 19119 - required further 659 

Chain # 19 - chunk 31 (chain 1 of 1 for this core): increasing by 660 

Iterations: 660 
|-------------|-------------|-------------|-------------|
|-------------------------------------------------------|

Current time: 2024-11-19 15:05:08
MCMC time 51 mins 

USED COMPONENTS: 54 OF 74 

rel. MC standard error: 0.00867 to 0.0531
eff. sample size: 355 to 13300
needed thinning: 3 to 84
Diagnostics time 0.36 secs 

Total number of iterations 19779 - required further 651 

Chain # 19 - chunk 32 (chain 1 of 1 for this core): increasing by 652 

Iterations: 652 
|-------------|-------------|-------------|-------------|
|-------------------------------------------------------|

Current time: 2024-11-19 15:06:47
MCMC time 53 mins 

USED COMPONENTS: 54 OF 74 

rel. MC standard error: 0.00846 to 0.0521
eff. sample size: 368 to 14000
needed thinning: 3 to 84
Diagnostics time 0.34 secs 

Total number of iterations 20431 - required further 651 

Chain # 19 - chunk 33 (chain 1 of 1 for this core): increasing by 652 

Iterations: 652 
|-------------|-------------|-------------|-------------|
|-------------------------------------------------------|

Current time: 2024-11-19 15:08:26
MCMC time 54 mins 

USED COMPONENTS: 53 OF 74 

rel. MC standard error: 0.00838 to 0.0514
eff. sample size: 379 to 14200
needed thinning: 3 to 84
Diagnostics time 0.35 secs 

Total number of iterations 21083 - required further 651 

Chain # 19 - chunk 34 (chain 1 of 1 for this core): increasing by 652 

Iterations: 652 
|-------------|-------------|-------------|-------------|
|-------------------------------------------------------|

Current time: 2024-11-19 15:10:04
MCMC time 56 mins 

USED COMPONENTS: 53 OF 74 

rel. MC standard error: 0.00835 to 0.0511
eff. sample size: 382 to 14300
needed thinning: 3 to 86
Diagnostics time 0.35 secs 

Total number of iterations 21735 - required further 667 

Chain # 19 - chunk 35 (chain 1 of 1 for this core): increasing by 668 

Iterations: 668 
|-------------|-------------|-------------|-------------|
|-------------------------------------------------------|

Current time: 2024-11-19 15:11:45
MCMC time 57 mins 

USED COMPONENTS: 54 OF 74 

rel. MC standard error: 0.00813 to 0.0506
eff. sample size: 390 to 15100
needed thinning: 3 to 87
Diagnostics time 0.36 secs 

Total number of iterations 22403 - required further 674 

Chain # 19 - chunk 36 (chain 1 of 1 for this core): increasing by 675 

Iterations: 675 
|-------------|-------------|-------------|-------------|
|-------------------------------------------------------|

Current time: 2024-11-19 15:13:26
MCMC time 59 mins 

USED COMPONENTS: 54 OF 74 

rel. MC standard error: 0.00798 to 0.0505
eff. sample size: 392 to 15700
needed thinning: 3 to 89
Diagnostics time 0.41 secs 

Total number of iterations 23078 - required further 690 

Chain # 19 - chunk 37 (chain 1 of 1 for this core): increasing by 691 

Iterations: 691 
|-------------|-------------|-------------|-------------|
|-------------------------------------------------------|

Current time: 2024-11-19 15:15:10
MCMC time 1 hours 

USED COMPONENTS: 53 OF 74 

rel. MC standard error: 0.00801 to 0.0494
eff. sample size: 409 to 15600
needed thinning: 3 to 88
Diagnostics time 0.36 secs 

Total number of iterations 23769 - required further 0 

Keeping last 60 samples with thinning 88 

Plotting traces and samples.

Current time: 2024-11-19 15:15:12
MCMC + diagnostics time 1 hours 

Current time: 2024-11-19 15:15:12
Total time 1 hours 
loaded inferno and set parent environment
loaded inferno and set parent environment
loaded inferno and set parent environment
loaded inferno and set parent environment
