Log core 9 - Current time: 2024-11-19 14:09:51
Defining model
Building model
Setting data and initial values
Running calculate on model
  [Note] Any error reports that follow may simply reflect missing values in model variables.
Checking model sizes and dimensions
Compiling
  [Note] This may take a minute.
  [Note] Use 'showCompilerOutput = TRUE' to see C++ compilation details.
===== Monitors =====
thin = 1: Bprob, Rmean, Rvar, W
thin2 = 1: K
===== Samplers =====
conjugate sampler (519)
  - Rmean[]  (148 elements)
  - Rrate[]  (148 elements)
  - Bprob[]  (74 elements)
  - Rvar[]  (148 elements)
  - W[1:74] 
categorical sampler (1801)
  - Alpha
  - K[]  (1800 elements)
===== Monitors =====
thin = 1: Bprob, Rmean, Rvar, W
thin2 = 1: K
===== Samplers =====
slice sampler (1801)
  - Alpha
  - K[]  (1800 elements)
conjugate sampler (519)
  - Rmean[]  (148 elements)
  - Rrate[]  (148 elements)
  - Bprob[]  (74 elements)
  - Rvar[]  (148 elements)
  - W[1:74] 
Compiling
  [Note] This may take a minute.
  [Note] Use 'showCompilerOutput = TRUE' to see C++ compilation details.

Setup time 6.6 mins 

Chain # 9 (chain 1 of 1 for this core)

Datapoints for testing convergence:
 #63 #155 #303 #366 #463 #636 #739 #967 #1197 #1252 #1303 #1346 #1350 #1358 #1419 #1454 #1520 #1629 #1663 #1772 

Iterations: 3600 
|-------------|-------------|-------------|-------------|
|-------------------------------------------------------|

Current time: 2024-11-19 14:30:18
MCMC time 14 mins 

USED COMPONENTS: 56 OF 74 

rel. MC standard error: 0.0134 to 0.056
eff. sample size: 319 to 5560
needed thinning: 1 to 17
Diagnostics time 2.2 secs 

Total number of iterations 3600 - required further 132 

Chain # 9 - chunk 2 (chain 1 of 1 for this core): increasing by 133 

Iterations: 133 
|-------------|-------------|-------------|-------------|
|-------------------------------------------------------|

Current time: 2024-11-19 14:30:41
MCMC time 14 mins 

USED COMPONENTS: 56 OF 74 

rel. MC standard error: 0.0139 to 0.0545
eff. sample size: 336 to 5190
needed thinning: 2 to 17
Diagnostics time 0.085 secs 

Total number of iterations 3733 - required further 132 

Chain # 9 - chunk 3 (chain 1 of 1 for this core): increasing by 133 

Iterations: 133 
|-------------|-------------|-------------|-------------|
|-------------------------------------------------------|

Current time: 2024-11-19 14:31:01
MCMC time 15 mins 

USED COMPONENTS: 57 OF 74 

rel. MC standard error: 0.0147 to 0.0531
eff. sample size: 355 to 4650
needed thinning: 2 to 17
Diagnostics time 0.11 secs 

Total number of iterations 3866 - required further 132 

Chain # 9 - chunk 4 (chain 1 of 1 for this core): increasing by 133 

Iterations: 133 
|-------------|-------------|-------------|-------------|
|-------------------------------------------------------|

Current time: 2024-11-19 14:31:21
MCMC time 15 mins 

USED COMPONENTS: 56 OF 74 

rel. MC standard error: 0.0144 to 0.0526
eff. sample size: 362 to 4800
needed thinning: 2 to 17
Diagnostics time 0.089 secs 

Total number of iterations 3999 - required further 132 

Chain # 9 - chunk 5 (chain 1 of 1 for this core): increasing by 133 

Iterations: 133 
|-------------|-------------|-------------|-------------|
|-------------------------------------------------------|

Current time: 2024-11-19 14:31:41
MCMC time 15 mins 

USED COMPONENTS: 56 OF 74 

rel. MC standard error: 0.013 to 0.0527
eff. sample size: 360 to 5910
needed thinning: 2 to 18
Diagnostics time 0.11 secs 

Total number of iterations 4132 - required further 140 

Chain # 9 - chunk 6 (chain 1 of 1 for this core): increasing by 141 

Iterations: 141 
|-------------|-------------|-------------|-------------|
|-------------------------------------------------------|

Current time: 2024-11-19 14:32:02
MCMC time 16 mins 

USED COMPONENTS: 57 OF 74 

rel. MC standard error: 0.0128 to 0.0512
eff. sample size: 381 to 6100
needed thinning: 2 to 17
Diagnostics time 0.11 secs 

Total number of iterations 4273 - required further 132 

Chain # 9 - chunk 7 (chain 1 of 1 for this core): increasing by 133 

Iterations: 133 
|-------------|-------------|-------------|-------------|
|-------------------------------------------------------|

Current time: 2024-11-19 14:32:22
MCMC time 16 mins 

USED COMPONENTS: 57 OF 74 

rel. MC standard error: 0.0137 to 0.0501
eff. sample size: 398 to 5340
needed thinning: 2 to 17
Diagnostics time 0.091 secs 

Total number of iterations 4406 - required further 132 

Chain # 9 - chunk 8 (chain 1 of 1 for this core): increasing by 133 

Iterations: 133 
|-------------|-------------|-------------|-------------|
|-------------------------------------------------------|

Current time: 2024-11-19 14:32:42
MCMC time 16 mins 

USED COMPONENTS: 57 OF 74 

rel. MC standard error: 0.0135 to 0.0491
eff. sample size: 414 to 5500
needed thinning: 2 to 17
Diagnostics time 0.083 secs 

Total number of iterations 4539 - required further 0 

Keeping last 60 samples with thinning 17 

Plotting traces and samples.

Current time: 2024-11-19 14:32:43
MCMC + diagnostics time 16 mins 

Current time: 2024-11-19 14:32:43
Total time 16 mins 
loaded inferno and set parent environment
loaded inferno and set parent environment
loaded inferno and set parent environment
loaded inferno and set parent environment
