Log core 14 - Current time: 2024-11-19 14:09:51
Defining model
Building model
Setting data and initial values
Running calculate on model
  [Note] Any error reports that follow may simply reflect missing values in model variables.
Checking model sizes and dimensions
Compiling
  [Note] This may take a minute.
  [Note] Use 'showCompilerOutput = TRUE' to see C++ compilation details.
===== Monitors =====
thin = 1: Bprob, Rmean, Rvar, W
thin2 = 1: K
===== Samplers =====
conjugate sampler (519)
  - Rmean[]  (148 elements)
  - Rrate[]  (148 elements)
  - Bprob[]  (74 elements)
  - Rvar[]  (148 elements)
  - W[1:74] 
categorical sampler (1801)
  - Alpha
  - K[]  (1800 elements)
===== Monitors =====
thin = 1: Bprob, Rmean, Rvar, W
thin2 = 1: K
===== Samplers =====
slice sampler (1801)
  - Alpha
  - K[]  (1800 elements)
conjugate sampler (519)
  - Rmean[]  (148 elements)
  - Rrate[]  (148 elements)
  - Bprob[]  (74 elements)
  - Rvar[]  (148 elements)
  - W[1:74] 
Compiling
  [Note] This may take a minute.
  [Note] Use 'showCompilerOutput = TRUE' to see C++ compilation details.

Setup time 4.5 mins 

Chain # 14 (chain 1 of 1 for this core)

Datapoints for testing convergence:
 #59 #148 #220 #279 #370 #413 #513 #732 #743 #894 #960 #1034 #1064 #1277 #1298 #1440 #1470 #1605 #1712 #1790 

Iterations: 3600 
|-------------|-------------|-------------|-------------|
|-------------------------------------------------------|

Current time: 2024-11-19 14:24:00
MCMC time 9.6 mins 

USED COMPONENTS: 51 OF 74 

rel. MC standard error: 0.0163 to 0.0628
eff. sample size: 254 to 3740
needed thinning: 2 to 22
Diagnostics time 2.3 secs 

Total number of iterations 3600 - required further 171 

Chain # 14 - chunk 2 (chain 1 of 1 for this core): increasing by 172 

Iterations: 172 
|-------------|-------------|-------------|-------------|
|-------------------------------------------------------|

Current time: 2024-11-19 14:24:29
MCMC time 10 mins 

USED COMPONENTS: 49 OF 74 

rel. MC standard error: 0.0159 to 0.0629
eff. sample size: 253 to 3940
needed thinning: 2 to 23
Diagnostics time 0.1 secs 

Total number of iterations 3772 - required further 179 

Chain # 14 - chunk 3 (chain 1 of 1 for this core): increasing by 180 

Iterations: 180 
|-------------|-------------|-------------|-------------|
|-------------------------------------------------------|

Current time: 2024-11-19 14:24:57
MCMC time 11 mins 

USED COMPONENTS: 49 OF 74 

rel. MC standard error: 0.016 to 0.0606
eff. sample size: 272 to 3900
needed thinning: 2 to 22
Diagnostics time 0.14 secs 

Total number of iterations 3952 - required further 171 

Chain # 14 - chunk 4 (chain 1 of 1 for this core): increasing by 172 

Iterations: 172 
|-------------|-------------|-------------|-------------|
|-------------------------------------------------------|

Current time: 2024-11-19 14:25:23
MCMC time 11 mins 

USED COMPONENTS: 50 OF 74 

rel. MC standard error: 0.0143 to 0.0589
eff. sample size: 288 to 4880
needed thinning: 2 to 22
Diagnostics time 0.13 secs 

Total number of iterations 4124 - required further 171 

Chain # 14 - chunk 5 (chain 1 of 1 for this core): increasing by 172 

Iterations: 172 
|-------------|-------------|-------------|-------------|
|-------------------------------------------------------|

Current time: 2024-11-19 14:25:50
MCMC time 11 mins 

USED COMPONENTS: 50 OF 74 

rel. MC standard error: 0.0155 to 0.0575
eff. sample size: 302 to 4160
needed thinning: 2 to 22
Diagnostics time 0.13 secs 

Total number of iterations 4296 - required further 171 

Chain # 14 - chunk 6 (chain 1 of 1 for this core): increasing by 172 

Iterations: 172 
|-------------|-------------|-------------|-------------|
|-------------------------------------------------------|

Current time: 2024-11-19 14:26:16
MCMC time 12 mins 

USED COMPONENTS: 50 OF 74 

rel. MC standard error: 0.0153 to 0.0563
eff. sample size: 316 to 4280
needed thinning: 2 to 22
Diagnostics time 0.13 secs 

Total number of iterations 4468 - required further 171 

Chain # 14 - chunk 7 (chain 1 of 1 for this core): increasing by 172 

Iterations: 172 
|-------------|-------------|-------------|-------------|
|-------------------------------------------------------|

Current time: 2024-11-19 14:26:43
MCMC time 12 mins 

USED COMPONENTS: 50 OF 74 

rel. MC standard error: 0.0143 to 0.0551
eff. sample size: 329 to 4900
needed thinning: 2 to 22
Diagnostics time 0.2 secs 

Total number of iterations 4640 - required further 171 

Chain # 14 - chunk 8 (chain 1 of 1 for this core): increasing by 172 

Iterations: 172 
|-------------|-------------|-------------|-------------|
|-------------------------------------------------------|

Current time: 2024-11-19 14:27:09
MCMC time 13 mins 

USED COMPONENTS: 50 OF 74 

rel. MC standard error: 0.0139 to 0.054
eff. sample size: 343 to 5170
needed thinning: 2 to 22
Diagnostics time 0.11 secs 

Total number of iterations 4812 - required further 171 

Chain # 14 - chunk 9 (chain 1 of 1 for this core): increasing by 172 

Iterations: 172 
|-------------|-------------|-------------|-------------|
|-------------------------------------------------------|

Current time: 2024-11-19 14:27:36
MCMC time 13 mins 

USED COMPONENTS: 50 OF 74 

rel. MC standard error: 0.0136 to 0.0524
eff. sample size: 364 to 5430
needed thinning: 2 to 21
Diagnostics time 0.1 secs 

Total number of iterations 4984 - required further 163 

Chain # 14 - chunk 10 (chain 1 of 1 for this core): increasing by 164 

Iterations: 164 
|-------------|-------------|-------------|-------------|
|-------------------------------------------------------|

Current time: 2024-11-19 14:28:01
MCMC time 14 mins 

USED COMPONENTS: 50 OF 74 

rel. MC standard error: 0.0133 to 0.0514
eff. sample size: 378 to 5620
needed thinning: 2 to 21
Diagnostics time 0.13 secs 

Total number of iterations 5148 - required further 163 

Chain # 14 - chunk 11 (chain 1 of 1 for this core): increasing by 164 

Iterations: 164 
|-------------|-------------|-------------|-------------|
|-------------------------------------------------------|

Current time: 2024-11-19 14:28:26
MCMC time 14 mins 

USED COMPONENTS: 50 OF 74 

rel. MC standard error: 0.0125 to 0.0501
eff. sample size: 399 to 6400
needed thinning: 2 to 20
Diagnostics time 0.1 secs 

Total number of iterations 5312 - required further 155 

Chain # 14 - chunk 12 (chain 1 of 1 for this core): increasing by 156 

Iterations: 156 
|-------------|-------------|-------------|-------------|
|-------------------------------------------------------|

Current time: 2024-11-19 14:28:50
MCMC time 14 mins 

USED COMPONENTS: 50 OF 74 

rel. MC standard error: 0.0129 to 0.0496
eff. sample size: 406 to 6040
needed thinning: 2 to 21
Diagnostics time 0.13 secs 

Total number of iterations 5468 - required further 0 

Keeping last 60 samples with thinning 21 

Plotting traces and samples.

Current time: 2024-11-19 14:28:51
MCMC + diagnostics time 14 mins 

Current time: 2024-11-19 14:28:51
Total time 14 mins 
loaded inferno and set parent environment
loaded inferno and set parent environment
loaded inferno and set parent environment
loaded inferno and set parent environment
