Log core 20 - Current time: 2024-11-19 14:09:51
Defining model
Building model
Setting data and initial values
Running calculate on model
  [Note] Any error reports that follow may simply reflect missing values in model variables.
Checking model sizes and dimensions
Compiling
  [Note] This may take a minute.
  [Note] Use 'showCompilerOutput = TRUE' to see C++ compilation details.
===== Monitors =====
thin = 1: Bprob, Rmean, Rvar, W
thin2 = 1: K
===== Samplers =====
conjugate sampler (519)
  - Rmean[]  (148 elements)
  - Rrate[]  (148 elements)
  - Bprob[]  (74 elements)
  - Rvar[]  (148 elements)
  - W[1:74] 
categorical sampler (1801)
  - Alpha
  - K[]  (1800 elements)
===== Monitors =====
thin = 1: Bprob, Rmean, Rvar, W
thin2 = 1: K
===== Samplers =====
slice sampler (1801)
  - Alpha
  - K[]  (1800 elements)
conjugate sampler (519)
  - Rmean[]  (148 elements)
  - Rrate[]  (148 elements)
  - Bprob[]  (74 elements)
  - Rvar[]  (148 elements)
  - W[1:74] 
Compiling
  [Note] This may take a minute.
  [Note] Use 'showCompilerOutput = TRUE' to see C++ compilation details.

Setup time 4.4 mins 

Chain # 20 (chain 1 of 1 for this core)

Datapoints for testing convergence:
 #66 #127 #199 #282 #415 #433 #452 #625 #705 #732 #832 #906 #990 #1262 #1373 #1492 #1560 #1606 #1748 #1787 

Iterations: 3600 
|-------------|-------------|-------------|-------------|
|-------------------------------------------------------|

Current time: 2024-11-19 14:23:49
MCMC time 9.6 mins 

USED COMPONENTS: 54 OF 74 

rel. MC standard error: 0.0156 to 0.0511
eff. sample size: 382 to 4110
needed thinning: 2 to 15
Diagnostics time 2.3 secs 

Total number of iterations 3600 - required further 117 

Chain # 20 - chunk 2 (chain 1 of 1 for this core): increasing by 118 

Iterations: 118 
|-------------|-------------|-------------|-------------|
|-------------------------------------------------------|

Current time: 2024-11-19 14:24:10
MCMC time 10 mins 

USED COMPONENTS: 54 OF 74 

rel. MC standard error: 0.0153 to 0.0503
eff. sample size: 395 to 4280
needed thinning: 2 to 15
Diagnostics time 0.081 secs 

Total number of iterations 3718 - required further 117 

Chain # 20 - chunk 3 (chain 1 of 1 for this core): increasing by 118 

Iterations: 118 
|-------------|-------------|-------------|-------------|
|-------------------------------------------------------|

Current time: 2024-11-19 14:24:29
MCMC time 10 mins 

USED COMPONENTS: 55 OF 74 

rel. MC standard error: 0.0152 to 0.0498
eff. sample size: 403 to 4320
needed thinning: 2 to 15
Diagnostics time 0.11 secs 

Total number of iterations 3836 - required further 0 

Keeping last 60 samples with thinning 15 

Plotting traces and samples.

Current time: 2024-11-19 14:24:29
MCMC + diagnostics time 10 mins 

Current time: 2024-11-19 14:24:29
Total time 10 mins 
loaded inferno and set parent environment
loaded inferno and set parent environment
loaded inferno and set parent environment
loaded inferno and set parent environment
