Log core 5 - Current time: 2024-11-19 14:09:51
Defining model
Building model
Setting data and initial values
Running calculate on model
  [Note] Any error reports that follow may simply reflect missing values in model variables.
Checking model sizes and dimensions
Compiling
  [Note] This may take a minute.
  [Note] Use 'showCompilerOutput = TRUE' to see C++ compilation details.
===== Monitors =====
thin = 1: Bprob, Rmean, Rvar, W
thin2 = 1: K
===== Samplers =====
conjugate sampler (519)
  - Rmean[]  (148 elements)
  - Rrate[]  (148 elements)
  - Bprob[]  (74 elements)
  - Rvar[]  (148 elements)
  - W[1:74] 
categorical sampler (1801)
  - Alpha
  - K[]  (1800 elements)
===== Monitors =====
thin = 1: Bprob, Rmean, Rvar, W
thin2 = 1: K
===== Samplers =====
slice sampler (1801)
  - Alpha
  - K[]  (1800 elements)
conjugate sampler (519)
  - Rmean[]  (148 elements)
  - Rrate[]  (148 elements)
  - Bprob[]  (74 elements)
  - Rvar[]  (148 elements)
  - W[1:74] 
Compiling
  [Note] This may take a minute.
  [Note] Use 'showCompilerOutput = TRUE' to see C++ compilation details.

Setup time 6.3 mins 

Chain # 5 (chain 1 of 1 for this core)

Datapoints for testing convergence:
 #30 #319 #343 #350 #439 #603 #605 #621 #904 #949 #1028 #1049 #1103 #1281 #1371 #1384 #1481 #1531 #1661 #1671 

Iterations: 3600 
|-------------|-------------|-------------|-------------|
|-------------------------------------------------------|

Current time: 2024-11-19 14:30:16
MCMC time 14 mins 

USED COMPONENTS: 56 OF 74 

rel. MC standard error: 0.016 to 0.0355
eff. sample size: 793 to 3890
needed thinning: 2 to 7
Diagnostics time 2.2 secs 

Total number of iterations 3600 - required further 0 

Keeping last 60 samples with thinning 7 

Plotting traces and samples.

Current time: 2024-11-19 14:30:19
MCMC + diagnostics time 14 mins 

Current time: 2024-11-19 14:30:19
Total time 14 mins 
loaded inferno and set parent environment
loaded inferno and set parent environment
loaded inferno and set parent environment
loaded inferno and set parent environment
