Log core 8 - Current time: 2024-11-19 14:09:51
Defining model
Building model
Setting data and initial values
Running calculate on model
  [Note] Any error reports that follow may simply reflect missing values in model variables.
Checking model sizes and dimensions
Compiling
  [Note] This may take a minute.
  [Note] Use 'showCompilerOutput = TRUE' to see C++ compilation details.
===== Monitors =====
thin = 1: Bprob, Rmean, Rvar, W
thin2 = 1: K
===== Samplers =====
conjugate sampler (519)
  - Rmean[]  (148 elements)
  - Rrate[]  (148 elements)
  - Bprob[]  (74 elements)
  - Rvar[]  (148 elements)
  - W[1:74] 
categorical sampler (1801)
  - Alpha
  - K[]  (1800 elements)
===== Monitors =====
thin = 1: Bprob, Rmean, Rvar, W
thin2 = 1: K
===== Samplers =====
slice sampler (1801)
  - Alpha
  - K[]  (1800 elements)
conjugate sampler (519)
  - Rmean[]  (148 elements)
  - Rrate[]  (148 elements)
  - Bprob[]  (74 elements)
  - Rvar[]  (148 elements)
  - W[1:74] 
Compiling
  [Note] This may take a minute.
  [Note] Use 'showCompilerOutput = TRUE' to see C++ compilation details.

Setup time 6.5 mins 

Chain # 8 (chain 1 of 1 for this core)

Datapoints for testing convergence:
 #112 #183 #198 #448 #537 #662 #753 #830 #910 #960 #1040 #1124 #1166 #1256 #1321 #1386 #1435 #1607 #1707 #1760 

Iterations: 3600 
|-------------|-------------|-------------|-------------|
|-------------------------------------------------------|

Current time: 2024-11-19 14:30:19
MCMC time 14 mins 

USED COMPONENTS: 51 OF 74 

rel. MC standard error: 0.0155 to 0.0844
eff. sample size: 140 to 4180
needed thinning: 2 to 39
Diagnostics time 3 secs 

Total number of iterations 3600 - required further 303 

Chain # 8 - chunk 2 (chain 1 of 1 for this core): increasing by 304 

Iterations: 304 
|-------------|-------------|-------------|-------------|
|-------------------------------------------------------|

Current time: 2024-11-19 14:31:09
MCMC time 15 mins 

USED COMPONENTS: 51 OF 74 

rel. MC standard error: 0.0144 to 0.0802
eff. sample size: 155 to 4810
needed thinning: 2 to 38
Diagnostics time 0.21 secs 

Total number of iterations 3904 - required further 295 

Chain # 8 - chunk 3 (chain 1 of 1 for this core): increasing by 296 

Iterations: 296 
|-------------|-------------|-------------|-------------|
|-------------------------------------------------------|

Current time: 2024-11-19 14:31:53
MCMC time 16 mins 

USED COMPONENTS: 50 OF 74 

rel. MC standard error: 0.0139 to 0.0777
eff. sample size: 166 to 5150
needed thinning: 2 to 38
Diagnostics time 0.2 secs 

Total number of iterations 4200 - required further 295 

Chain # 8 - chunk 4 (chain 1 of 1 for this core): increasing by 296 

Iterations: 296 
|-------------|-------------|-------------|-------------|
|-------------------------------------------------------|

Current time: 2024-11-19 14:32:40
MCMC time 16 mins 

USED COMPONENTS: 50 OF 74 

rel. MC standard error: 0.0144 to 0.0807
eff. sample size: 154 to 4830
needed thinning: 2 to 44
Diagnostics time 0.25 secs 

Total number of iterations 4496 - required further 341 

Chain # 8 - chunk 5 (chain 1 of 1 for this core): increasing by 342 

Iterations: 342 
|-------------|-------------|-------------|-------------|
|-------------------------------------------------------|

Current time: 2024-11-19 14:33:32
MCMC time 17 mins 

USED COMPONENTS: 50 OF 74 

rel. MC standard error: 0.0132 to 0.082
eff. sample size: 149 to 5700
needed thinning: 2 to 49
Diagnostics time 0.22 secs 

Total number of iterations 4838 - required further 380 

Chain # 8 - chunk 6 (chain 1 of 1 for this core): increasing by 381 

Iterations: 381 
|-------------|-------------|-------------|-------------|
|-------------------------------------------------------|

Current time: 2024-11-19 14:34:30
MCMC time 18 mins 

USED COMPONENTS: 51 OF 74 

rel. MC standard error: 0.0141 to 0.0824
eff. sample size: 147 to 5010
needed thinning: 2 to 54
Diagnostics time 0.25 secs 

Total number of iterations 5219 - required further 419 

Chain # 8 - chunk 7 (chain 1 of 1 for this core): increasing by 420 

Iterations: 420 
|-------------|-------------|-------------|-------------|
|-------------------------------------------------------|

Current time: 2024-11-19 14:35:34
MCMC time 19 mins 

USED COMPONENTS: 50 OF 74 

rel. MC standard error: 0.0118 to 0.0803
eff. sample size: 155 to 7230
needed thinning: 2 to 55
Diagnostics time 0.26 secs 

Total number of iterations 5639 - required further 427 

Chain # 8 - chunk 8 (chain 1 of 1 for this core): increasing by 428 

Iterations: 428 
|-------------|-------------|-------------|-------------|
|-------------------------------------------------------|

Current time: 2024-11-19 14:36:39
MCMC time 20 mins 

USED COMPONENTS: 51 OF 74 

rel. MC standard error: 0.0117 to 0.0771
eff. sample size: 168 to 7310
needed thinning: 2 to 55
Diagnostics time 0.26 secs 

Total number of iterations 6067 - required further 427 

Chain # 8 - chunk 9 (chain 1 of 1 for this core): increasing by 428 

Iterations: 428 
|-------------|-------------|-------------|-------------|
|-------------------------------------------------------|

Current time: 2024-11-19 14:37:44
MCMC time 21 mins 

USED COMPONENTS: 51 OF 74 

rel. MC standard error: 0.0114 to 0.0746
eff. sample size: 180 to 7720
needed thinning: 2 to 55
Diagnostics time 0.32 secs 

Total number of iterations 6495 - required further 427 

Chain # 8 - chunk 10 (chain 1 of 1 for this core): increasing by 428 

Iterations: 428 
|-------------|-------------|-------------|-------------|
|-------------------------------------------------------|

Current time: 2024-11-19 14:38:50
MCMC time 23 mins 

USED COMPONENTS: 50 OF 74 

rel. MC standard error: 0.0105 to 0.0738
eff. sample size: 184 to 9020
needed thinning: 2 to 57
Diagnostics time 0.24 secs 

Total number of iterations 6923 - required further 442 

Chain # 8 - chunk 11 (chain 1 of 1 for this core): increasing by 443 

Iterations: 443 
|-------------|-------------|-------------|-------------|
|-------------------------------------------------------|

Current time: 2024-11-19 14:39:56
MCMC time 24 mins 

USED COMPONENTS: 50 OF 74 

rel. MC standard error: 0.0105 to 0.0718
eff. sample size: 194 to 9120
needed thinning: 2 to 57
Diagnostics time 0.42 secs 

Total number of iterations 7366 - required further 442 

Chain # 8 - chunk 12 (chain 1 of 1 for this core): increasing by 443 

Iterations: 443 
|-------------|-------------|-------------|-------------|
|-------------------------------------------------------|

Current time: 2024-11-19 14:41:03
MCMC time 25 mins 

USED COMPONENTS: 51 OF 74 

rel. MC standard error: 0.0105 to 0.0722
eff. sample size: 192 to 9020
needed thinning: 2 to 62
Diagnostics time 0.29 secs 

Total number of iterations 7809 - required further 481 

Chain # 8 - chunk 13 (chain 1 of 1 for this core): increasing by 482 

Iterations: 482 
|-------------|-------------|-------------|-------------|
|-------------------------------------------------------|

Current time: 2024-11-19 14:42:15
MCMC time 26 mins 

USED COMPONENTS: 51 OF 74 

rel. MC standard error: 0.01 to 0.0712
eff. sample size: 197 to 9950
needed thinning: 2 to 64
Diagnostics time 0.29 secs 

Total number of iterations 8291 - required further 496 

Chain # 8 - chunk 14 (chain 1 of 1 for this core): increasing by 497 

Iterations: 497 
|-------------|-------------|-------------|-------------|
|-------------------------------------------------------|

Current time: 2024-11-19 14:43:29
MCMC time 27 mins 

USED COMPONENTS: 52 OF 74 

rel. MC standard error: 0.0102 to 0.0702
eff. sample size: 203 to 9560
needed thinning: 2 to 65
Diagnostics time 1.1 secs 

Total number of iterations 8788 - required further 504 

Chain # 8 - chunk 15 (chain 1 of 1 for this core): increasing by 505 

Iterations: 505 
|-------------|-------------|-------------|-------------|
|-------------------------------------------------------|

Current time: 2024-11-19 14:44:46
MCMC time 28 mins 

USED COMPONENTS: 50 OF 74 

rel. MC standard error: 0.0103 to 0.0692
eff. sample size: 209 to 9430
needed thinning: 2 to 67
Diagnostics time 0.26 secs 

Total number of iterations 9293 - required further 519 

Chain # 8 - chunk 16 (chain 1 of 1 for this core): increasing by 520 

Iterations: 520 
|-------------|-------------|-------------|-------------|
|-------------------------------------------------------|

Current time: 2024-11-19 14:46:04
MCMC time 30 mins 

USED COMPONENTS: 50 OF 74 

rel. MC standard error: 0.00898 to 0.068
eff. sample size: 217 to 12400
needed thinning: 2 to 68
Diagnostics time 0.29 secs 

Total number of iterations 9813 - required further 527 

Chain # 8 - chunk 17 (chain 1 of 1 for this core): increasing by 528 

Iterations: 528 
|-------------|-------------|-------------|-------------|
|-------------------------------------------------------|

Current time: 2024-11-19 14:47:24
MCMC time 31 mins 

USED COMPONENTS: 51 OF 74 

rel. MC standard error: 0.00963 to 0.0662
eff. sample size: 228 to 10800
needed thinning: 2 to 68
Diagnostics time 0.31 secs 

Total number of iterations 10341 - required further 527 

Chain # 8 - chunk 18 (chain 1 of 1 for this core): increasing by 528 

Iterations: 528 
|-------------|-------------|-------------|-------------|
|-------------------------------------------------------|

Current time: 2024-11-19 14:48:43
MCMC time 32 mins 

USED COMPONENTS: 51 OF 74 

rel. MC standard error: 0.00881 to 0.0657
eff. sample size: 232 to 12900
needed thinning: 2 to 71
Diagnostics time 0.3 secs 

Total number of iterations 10869 - required further 550 

Chain # 8 - chunk 19 (chain 1 of 1 for this core): increasing by 551 

Iterations: 551 
|-------------|-------------|-------------|-------------|
|-------------------------------------------------------|

Current time: 2024-11-19 14:50:06
MCMC time 34 mins 

USED COMPONENTS: 51 OF 74 

rel. MC standard error: 0.00852 to 0.0645
eff. sample size: 240 to 13800
needed thinning: 2 to 72
Diagnostics time 0.38 secs 

Total number of iterations 11420 - required further 558 

Chain # 8 - chunk 20 (chain 1 of 1 for this core): increasing by 559 

Iterations: 559 
|-------------|-------------|-------------|-------------|
|-------------------------------------------------------|

Current time: 2024-11-19 14:51:30
MCMC time 35 mins 

USED COMPONENTS: 50 OF 74 

rel. MC standard error: 0.00814 to 0.0634
eff. sample size: 249 to 15100
needed thinning: 2 to 73
Diagnostics time 0.32 secs 

Total number of iterations 11979 - required further 566 

Chain # 8 - chunk 21 (chain 1 of 1 for this core): increasing by 567 

Iterations: 567 
|-------------|-------------|-------------|-------------|
|-------------------------------------------------------|

Current time: 2024-11-19 14:52:55
MCMC time 37 mins 

USED COMPONENTS: 51 OF 74 

rel. MC standard error: 0.00776 to 0.0633
eff. sample size: 250 to 16600
needed thinning: 2 to 76
Diagnostics time 0.81 secs 

Total number of iterations 12546 - required further 589 

Chain # 8 - chunk 22 (chain 1 of 1 for this core): increasing by 590 

Iterations: 590 
|-------------|-------------|-------------|-------------|
|-------------------------------------------------------|

Current time: 2024-11-19 14:54:25
MCMC time 38 mins 

USED COMPONENTS: 51 OF 74 

rel. MC standard error: 0.00815 to 0.0615
eff. sample size: 264 to 15100
needed thinning: 2 to 75
Diagnostics time 0.33 secs 

Total number of iterations 13136 - required further 581 

Chain # 8 - chunk 23 (chain 1 of 1 for this core): increasing by 582 

Iterations: 582 
|-------------|-------------|-------------|-------------|
|-------------------------------------------------------|

Current time: 2024-11-19 14:55:52
MCMC time 40 mins 

USED COMPONENTS: 50 OF 74 

rel. MC standard error: 0.0079 to 0.0613
eff. sample size: 266 to 16000
needed thinning: 2 to 78
Diagnostics time 0.31 secs 

Total number of iterations 13718 - required further 605 

Chain # 8 - chunk 24 (chain 1 of 1 for this core): increasing by 606 

Iterations: 606 
|-------------|-------------|-------------|-------------|
|-------------------------------------------------------|

Current time: 2024-11-19 14:57:23
MCMC time 41 mins 

USED COMPONENTS: 51 OF 74 

rel. MC standard error: 0.00781 to 0.0603
eff. sample size: 275 to 16400
needed thinning: 2 to 79
Diagnostics time 0.87 secs 

Total number of iterations 14324 - required further 612 

Chain # 8 - chunk 25 (chain 1 of 1 for this core): increasing by 613 

Iterations: 613 
|-------------|-------------|-------------|-------------|
|-------------------------------------------------------|

Current time: 2024-11-19 14:58:55
MCMC time 43 mins 

USED COMPONENTS: 51 OF 74 

rel. MC standard error: 0.00734 to 0.0589
eff. sample size: 288 to 18600
needed thinning: 2 to 78
Diagnostics time 0.34 secs 

Total number of iterations 14937 - required further 605 

Chain # 8 - chunk 26 (chain 1 of 1 for this core): increasing by 606 

Iterations: 606 
|-------------|-------------|-------------|-------------|
|-------------------------------------------------------|

Current time: 2024-11-19 15:00:26
MCMC time 44 mins 

USED COMPONENTS: 50 OF 74 

rel. MC standard error: 0.0078 to 0.0578
eff. sample size: 300 to 16400
needed thinning: 2 to 78
Diagnostics time 0.39 secs 

Total number of iterations 15543 - required further 605 

Chain # 8 - chunk 27 (chain 1 of 1 for this core): increasing by 606 

Iterations: 606 
|-------------|-------------|-------------|-------------|
|-------------------------------------------------------|

Current time: 2024-11-19 15:01:57
MCMC time 46 mins 

USED COMPONENTS: 50 OF 74 

rel. MC standard error: 0.00719 to 0.0566
eff. sample size: 313 to 19400
needed thinning: 2 to 78
Diagnostics time 0.31 secs 

Total number of iterations 16149 - required further 605 

Chain # 8 - chunk 28 (chain 1 of 1 for this core): increasing by 606 

Iterations: 606 
|-------------|-------------|-------------|-------------|
|-------------------------------------------------------|

Current time: 2024-11-19 15:03:27
MCMC time 47 mins 

USED COMPONENTS: 50 OF 74 

rel. MC standard error: 0.00727 to 0.0564
eff. sample size: 314 to 18900
needed thinning: 2 to 81
Diagnostics time 0.35 secs 

Total number of iterations 16755 - required further 628 

Chain # 8 - chunk 29 (chain 1 of 1 for this core): increasing by 629 

Iterations: 629 
|-------------|-------------|-------------|-------------|
|-------------------------------------------------------|

Current time: 2024-11-19 15:05:01
MCMC time 49 mins 

USED COMPONENTS: 51 OF 74 

rel. MC standard error: 0.00687 to 0.0551
eff. sample size: 330 to 21200
needed thinning: 2 to 80
Diagnostics time 0.87 secs 

Total number of iterations 17384 - required further 620 

Chain # 8 - chunk 30 (chain 1 of 1 for this core): increasing by 621 

Iterations: 621 
|-------------|-------------|-------------|-------------|
|-------------------------------------------------------|

Current time: 2024-11-19 15:06:35
MCMC time 50 mins 

USED COMPONENTS: 51 OF 74 

rel. MC standard error: 0.00691 to 0.0549
eff. sample size: 332 to 21000
needed thinning: 2 to 82
Diagnostics time 0.33 secs 

Total number of iterations 18005 - required further 636 

Chain # 8 - chunk 31 (chain 1 of 1 for this core): increasing by 637 

Iterations: 637 
|-------------|-------------|-------------|-------------|
|-------------------------------------------------------|

Current time: 2024-11-19 15:08:10
MCMC time 52 mins 

USED COMPONENTS: 51 OF 74 

rel. MC standard error: 0.00675 to 0.0539
eff. sample size: 345 to 21900
needed thinning: 2 to 82
Diagnostics time 0.36 secs 

Total number of iterations 18642 - required further 636 

Chain # 8 - chunk 32 (chain 1 of 1 for this core): increasing by 637 

Iterations: 637 
|-------------|-------------|-------------|-------------|
|-------------------------------------------------------|

Current time: 2024-11-19 15:09:45
MCMC time 53 mins 

USED COMPONENTS: 50 OF 74 

rel. MC standard error: 0.00633 to 0.053
eff. sample size: 356 to 24900
needed thinning: 2 to 82
Diagnostics time 0.94 secs 

Total number of iterations 19279 - required further 636 

Chain # 8 - chunk 33 (chain 1 of 1 for this core): increasing by 637 

Iterations: 637 
|-------------|-------------|-------------|-------------|
|-------------------------------------------------------|

Current time: 2024-11-19 15:11:21
MCMC time 55 mins 

USED COMPONENTS: 50 OF 74 

rel. MC standard error: 0.00652 to 0.0524
eff. sample size: 364 to 23500
needed thinning: 2 to 83
Diagnostics time 0.33 secs 

Total number of iterations 19916 - required further 643 

Chain # 8 - chunk 34 (chain 1 of 1 for this core): increasing by 644 

Iterations: 644 
|-------------|-------------|-------------|-------------|
|-------------------------------------------------------|

Current time: 2024-11-19 15:12:58
MCMC time 57 mins 

USED COMPONENTS: 50 OF 74 

rel. MC standard error: 0.00634 to 0.0513
eff. sample size: 380 to 24900
needed thinning: 2 to 82
Diagnostics time 0.33 secs 

Total number of iterations 20560 - required further 636 

Chain # 8 - chunk 35 (chain 1 of 1 for this core): increasing by 637 

Iterations: 637 
|-------------|-------------|-------------|-------------|
|-------------------------------------------------------|

Current time: 2024-11-19 15:14:33
MCMC time 58 mins 

USED COMPONENTS: 50 OF 74 

rel. MC standard error: 0.00597 to 0.0506
eff. sample size: 391 to 28100
needed thinning: 2 to 82
Diagnostics time 0.4 secs 

Total number of iterations 21197 - required further 636 

Chain # 8 - chunk 36 (chain 1 of 1 for this core): increasing by 637 

Iterations: 637 
|-------------|-------------|-------------|-------------|
|-------------------------------------------------------|

Current time: 2024-11-19 15:16:09
MCMC time 60 mins 

USED COMPONENTS: 51 OF 74 

rel. MC standard error: 0.00603 to 0.05
eff. sample size: 400 to 27500
needed thinning: 2 to 82
Diagnostics time 0.93 secs 

Total number of iterations 21834 - required further 0 

Keeping last 60 samples with thinning 82 

Plotting traces and samples.

Current time: 2024-11-19 15:16:11
MCMC + diagnostics time 60 mins 

Current time: 2024-11-19 15:16:11
Total time 60 mins 
loaded inferno and set parent environment
loaded inferno and set parent environment
loaded inferno and set parent environment
loaded inferno and set parent environment
