Log core 18 - Current time: 2024-11-19 14:09:51
Defining model
Building model
Setting data and initial values
Running calculate on model
  [Note] Any error reports that follow may simply reflect missing values in model variables.
Checking model sizes and dimensions
Compiling
  [Note] This may take a minute.
  [Note] Use 'showCompilerOutput = TRUE' to see C++ compilation details.
===== Monitors =====
thin = 1: Bprob, Rmean, Rvar, W
thin2 = 1: K
===== Samplers =====
conjugate sampler (519)
  - Rmean[]  (148 elements)
  - Rrate[]  (148 elements)
  - Bprob[]  (74 elements)
  - Rvar[]  (148 elements)
  - W[1:74] 
categorical sampler (1801)
  - Alpha
  - K[]  (1800 elements)
===== Monitors =====
thin = 1: Bprob, Rmean, Rvar, W
thin2 = 1: K
===== Samplers =====
slice sampler (1801)
  - Alpha
  - K[]  (1800 elements)
conjugate sampler (519)
  - Rmean[]  (148 elements)
  - Rrate[]  (148 elements)
  - Bprob[]  (74 elements)
  - Rvar[]  (148 elements)
  - W[1:74] 
Compiling
  [Note] This may take a minute.
  [Note] Use 'showCompilerOutput = TRUE' to see C++ compilation details.

Setup time 4.5 mins 

Chain # 18 (chain 1 of 1 for this core)

Datapoints for testing convergence:
 #30 #140 #158 #170 #235 #294 #344 #589 #650 #770 #973 #1118 #1263 #1351 #1465 #1485 #1534 #1630 #1743 #1779 

Iterations: 3600 
|-------------|-------------|-------------|-------------|
|-------------------------------------------------------|

Current time: 2024-11-19 14:23:53
MCMC time 9.5 mins 

USED COMPONENTS: 57 OF 74 

rel. MC standard error: 0.0165 to 0.0527
eff. sample size: 360 to 3690
needed thinning: 2 to 16
Diagnostics time 2.4 secs 

Total number of iterations 3600 - required further 124 

Chain # 18 - chunk 2 (chain 1 of 1 for this core): increasing by 125 

Iterations: 125 
|-------------|-------------|-------------|-------------|
|-------------------------------------------------------|

Current time: 2024-11-19 14:24:15
MCMC time 9.9 mins 

USED COMPONENTS: 56 OF 74 

rel. MC standard error: 0.0153 to 0.0515
eff. sample size: 377 to 4290
needed thinning: 2 to 15
Diagnostics time 0.1 secs 

Total number of iterations 3725 - required further 117 

Chain # 18 - chunk 3 (chain 1 of 1 for this core): increasing by 118 

Iterations: 118 
|-------------|-------------|-------------|-------------|
|-------------------------------------------------------|

Current time: 2024-11-19 14:24:33
MCMC time 10 mins 

USED COMPONENTS: 56 OF 74 

rel. MC standard error: 0.0149 to 0.0504
eff. sample size: 394 to 4480
needed thinning: 2 to 15
Diagnostics time 0.082 secs 

Total number of iterations 3843 - required further 117 

Chain # 18 - chunk 4 (chain 1 of 1 for this core): increasing by 118 

Iterations: 118 
|-------------|-------------|-------------|-------------|
|-------------------------------------------------------|

Current time: 2024-11-19 14:24:52
MCMC time 11 mins 

USED COMPONENTS: 56 OF 74 

rel. MC standard error: 0.0149 to 0.0497
eff. sample size: 406 to 4500
needed thinning: 2 to 15
Diagnostics time 0.09 secs 

Total number of iterations 3961 - required further 0 

Keeping last 60 samples with thinning 15 

Plotting traces and samples.

Current time: 2024-11-19 14:24:52
MCMC + diagnostics time 11 mins 

Current time: 2024-11-19 14:24:52
Total time 11 mins 
loaded inferno and set parent environment
loaded inferno and set parent environment
loaded inferno and set parent environment
loaded inferno and set parent environment
