Log core 17 - Current time: 2024-11-19 14:09:51
Defining model
Building model
Setting data and initial values
Running calculate on model
  [Note] Any error reports that follow may simply reflect missing values in model variables.
Checking model sizes and dimensions
Compiling
  [Note] This may take a minute.
  [Note] Use 'showCompilerOutput = TRUE' to see C++ compilation details.
===== Monitors =====
thin = 1: Bprob, Rmean, Rvar, W
thin2 = 1: K
===== Samplers =====
conjugate sampler (519)
  - Rmean[]  (148 elements)
  - Rrate[]  (148 elements)
  - Bprob[]  (74 elements)
  - Rvar[]  (148 elements)
  - W[1:74] 
categorical sampler (1801)
  - Alpha
  - K[]  (1800 elements)
===== Monitors =====
thin = 1: Bprob, Rmean, Rvar, W
thin2 = 1: K
===== Samplers =====
slice sampler (1801)
  - Alpha
  - K[]  (1800 elements)
conjugate sampler (519)
  - Rmean[]  (148 elements)
  - Rrate[]  (148 elements)
  - Bprob[]  (74 elements)
  - Rvar[]  (148 elements)
  - W[1:74] 
Compiling
  [Note] This may take a minute.
  [Note] Use 'showCompilerOutput = TRUE' to see C++ compilation details.

Setup time 4.5 mins 

Chain # 17 (chain 1 of 1 for this core)

Datapoints for testing convergence:
 #6 #150 #172 #270 #601 #711 #718 #724 #771 #793 #936 #957 #1129 #1367 #1440 #1521 #1527 #1573 #1597 #1794 

Iterations: 3600 
|-------------|-------------|-------------|-------------|
|-------------------------------------------------------|

Current time: 2024-11-19 14:23:54
MCMC time 9.5 mins 

USED COMPONENTS: 54 OF 74 

rel. MC standard error: 0.0156 to 0.0716
eff. sample size: 195 to 4100
needed thinning: 2 to 28
Diagnostics time 2.3 secs 

Total number of iterations 3600 - required further 217 

Chain # 17 - chunk 2 (chain 1 of 1 for this core): increasing by 218 

Iterations: 218 
|-------------|-------------|-------------|-------------|
|-------------------------------------------------------|

Current time: 2024-11-19 14:24:30
MCMC time 10 mins 

USED COMPONENTS: 54 OF 74 

rel. MC standard error: 0.0141 to 0.0705
eff. sample size: 201 to 5060
needed thinning: 2 to 29
Diagnostics time 0.12 secs 

Total number of iterations 3818 - required further 225 

Chain # 17 - chunk 3 (chain 1 of 1 for this core): increasing by 226 

Iterations: 226 
|-------------|-------------|-------------|-------------|
|-------------------------------------------------------|

Current time: 2024-11-19 14:25:05
MCMC time 11 mins 

USED COMPONENTS: 54 OF 74 

rel. MC standard error: 0.016 to 0.0668
eff. sample size: 224 to 3900
needed thinning: 2 to 28
Diagnostics time 0.13 secs 

Total number of iterations 4044 - required further 217 

Chain # 17 - chunk 4 (chain 1 of 1 for this core): increasing by 218 

Iterations: 218 
|-------------|-------------|-------------|-------------|
|-------------------------------------------------------|

Current time: 2024-11-19 14:25:38
MCMC time 11 mins 

USED COMPONENTS: 54 OF 74 

rel. MC standard error: 0.0152 to 0.0657
eff. sample size: 232 to 4320
needed thinning: 2 to 28
Diagnostics time 0.15 secs 

Total number of iterations 4262 - required further 217 

Chain # 17 - chunk 5 (chain 1 of 1 for this core): increasing by 218 

Iterations: 218 
|-------------|-------------|-------------|-------------|
|-------------------------------------------------------|

Current time: 2024-11-19 14:26:11
MCMC time 12 mins 

USED COMPONENTS: 54 OF 74 

rel. MC standard error: 0.0152 to 0.0655
eff. sample size: 233 to 4310
needed thinning: 2 to 29
Diagnostics time 0.2 secs 

Total number of iterations 4480 - required further 225 

Chain # 17 - chunk 6 (chain 1 of 1 for this core): increasing by 226 

Iterations: 226 
|-------------|-------------|-------------|-------------|
|-------------------------------------------------------|

Current time: 2024-11-19 14:26:46
MCMC time 12 mins 

USED COMPONENTS: 54 OF 74 

rel. MC standard error: 0.0162 to 0.063
eff. sample size: 252 to 3810
needed thinning: 2 to 29
Diagnostics time 0.17 secs 

Total number of iterations 4706 - required further 225 

Chain # 17 - chunk 7 (chain 1 of 1 for this core): increasing by 226 

Iterations: 226 
|-------------|-------------|-------------|-------------|
|-------------------------------------------------------|

Current time: 2024-11-19 14:27:20
MCMC time 13 mins 

USED COMPONENTS: 54 OF 74 

rel. MC standard error: 0.0145 to 0.0621
eff. sample size: 260 to 4760
needed thinning: 2 to 29
Diagnostics time 0.16 secs 

Total number of iterations 4932 - required further 225 

Chain # 17 - chunk 8 (chain 1 of 1 for this core): increasing by 226 

Iterations: 226 
|-------------|-------------|-------------|-------------|
|-------------------------------------------------------|

Current time: 2024-11-19 14:27:55
MCMC time 14 mins 

USED COMPONENTS: 54 OF 74 

rel. MC standard error: 0.0142 to 0.0621
eff. sample size: 260 to 4940
needed thinning: 2 to 30
Diagnostics time 0.13 secs 

Total number of iterations 5158 - required further 233 

Chain # 17 - chunk 9 (chain 1 of 1 for this core): increasing by 234 

Iterations: 234 
|-------------|-------------|-------------|-------------|
|-------------------------------------------------------|

Current time: 2024-11-19 14:28:30
MCMC time 14 mins 

USED COMPONENTS: 54 OF 74 

rel. MC standard error: 0.0128 to 0.059
eff. sample size: 287 to 6070
needed thinning: 2 to 29
Diagnostics time 0.15 secs 

Total number of iterations 5392 - required further 225 

Chain # 17 - chunk 10 (chain 1 of 1 for this core): increasing by 226 

Iterations: 226 
|-------------|-------------|-------------|-------------|
|-------------------------------------------------------|

Current time: 2024-11-19 14:29:05
MCMC time 15 mins 

USED COMPONENTS: 55 OF 74 

rel. MC standard error: 0.0142 to 0.0576
eff. sample size: 301 to 4970
needed thinning: 2 to 28
Diagnostics time 0.16 secs 

Total number of iterations 5618 - required further 217 

Chain # 17 - chunk 11 (chain 1 of 1 for this core): increasing by 218 

Iterations: 218 
|-------------|-------------|-------------|-------------|
|-------------------------------------------------------|

Current time: 2024-11-19 14:29:38
MCMC time 15 mins 

USED COMPONENTS: 55 OF 74 

rel. MC standard error: 0.0166 to 0.0873
eff. sample size: 131 to 3610
needed thinning: 3 to 67
Diagnostics time 0.15 secs 

Total number of iterations 5836 - required further 2027 

Chain # 17 - chunk 12 (chain 1 of 1 for this core): increasing by 2028 

Iterations: 2028 
|-------------|-------------|-------------|-------------|
|-------------------------------------------------------|

Current time: 2024-11-19 14:34:44
MCMC time 20 mins 

USED COMPONENTS: 55 OF 74 

rel. MC standard error: 0.0138 to 0.0898
eff. sample size: 124 to 5230
needed thinning: 3 to 96
Diagnostics time 1 secs 

Total number of iterations 7864 - required further 1710 

Chain # 17 - chunk 13 (chain 1 of 1 for this core): increasing by 1711 

Iterations: 1711 
|-------------|-------------|-------------|-------------|
|-------------------------------------------------------|

Current time: 2024-11-19 14:39:01
MCMC time 25 mins 

USED COMPONENTS: 55 OF 74 

rel. MC standard error: 0.0135 to 0.0843
eff. sample size: 141 to 5450
needed thinning: 3 to 103
Diagnostics time 1.4 secs 

Total number of iterations 9575 - required further 798 

Chain # 17 - chunk 14 (chain 1 of 1 for this core): increasing by 799 

Iterations: 799 
|-------------|-------------|-------------|-------------|
|-------------------------------------------------------|

Current time: 2024-11-19 14:41:02
MCMC time 27 mins 

USED COMPONENTS: 54 OF 74 

rel. MC standard error: 0.0127 to 0.0816
eff. sample size: 150 to 6190
needed thinning: 3 to 104
Diagnostics time 0.39 secs 

Total number of iterations 10374 - required further 806 

Chain # 17 - chunk 15 (chain 1 of 1 for this core): increasing by 807 

Iterations: 807 
|-------------|-------------|-------------|-------------|
|-------------------------------------------------------|

Current time: 2024-11-19 14:43:03
MCMC time 29 mins 

USED COMPONENTS: 54 OF 74 

rel. MC standard error: 0.0123 to 0.0799
eff. sample size: 157 to 6580
needed thinning: 3 to 108
Diagnostics time 0.95 secs 

Total number of iterations 11181 - required further 837 

Chain # 17 - chunk 16 (chain 1 of 1 for this core): increasing by 838 

Iterations: 838 
|-------------|-------------|-------------|-------------|
|-------------------------------------------------------|

Current time: 2024-11-19 14:45:13
MCMC time 31 mins 

USED COMPONENTS: 54 OF 74 

rel. MC standard error: 0.0121 to 0.0774
eff. sample size: 167 to 6870
needed thinning: 3 to 108
Diagnostics time 0.46 secs 

Total number of iterations 12019 - required further 837 

Chain # 17 - chunk 17 (chain 1 of 1 for this core): increasing by 838 

Iterations: 838 
|-------------|-------------|-------------|-------------|
|-------------------------------------------------------|

Current time: 2024-11-19 14:47:22
MCMC time 33 mins 

USED COMPONENTS: 54 OF 74 

rel. MC standard error: 0.0121 to 0.0759
eff. sample size: 174 to 6880
needed thinning: 3 to 112
Diagnostics time 1.2 secs 

Total number of iterations 12857 - required further 868 

Chain # 17 - chunk 18 (chain 1 of 1 for this core): increasing by 869 

Iterations: 869 
|-------------|-------------|-------------|-------------|
|-------------------------------------------------------|

Current time: 2024-11-19 14:49:38
MCMC time 35 mins 

USED COMPONENTS: 54 OF 74 

rel. MC standard error: 0.0108 to 0.0748
eff. sample size: 179 to 8620
needed thinning: 3 to 116
Diagnostics time 0.49 secs 

Total number of iterations 13726 - required further 899 

Chain # 17 - chunk 19 (chain 1 of 1 for this core): increasing by 900 

Iterations: 900 
|-------------|-------------|-------------|-------------|
|-------------------------------------------------------|

Current time: 2024-11-19 14:51:57
MCMC time 38 mins 

USED COMPONENTS: 54 OF 74 

rel. MC standard error: 0.0102 to 0.0719
eff. sample size: 193 to 9700
needed thinning: 3 to 114
Diagnostics time 0.66 secs 

Total number of iterations 14626 - required further 884 

Chain # 17 - chunk 20 (chain 1 of 1 for this core): increasing by 885 

Iterations: 885 
|-------------|-------------|-------------|-------------|
|-------------------------------------------------------|

Current time: 2024-11-19 14:54:15
MCMC time 40 mins 

USED COMPONENTS: 54 OF 74 

rel. MC standard error: 0.0105 to 0.0704
eff. sample size: 202 to 9130
needed thinning: 3 to 116
Diagnostics time 1.2 secs 

Total number of iterations 15511 - required further 899 

Chain # 17 - chunk 21 (chain 1 of 1 for this core): increasing by 900 

Iterations: 900 
|-------------|-------------|-------------|-------------|
|-------------------------------------------------------|

Current time: 2024-11-19 14:56:35
MCMC time 42 mins 

USED COMPONENTS: 54 OF 74 

rel. MC standard error: 0.00924 to 0.0688
eff. sample size: 211 to 11700
needed thinning: 3 to 117
Diagnostics time 0.58 secs 

Total number of iterations 16411 - required further 907 

Chain # 17 - chunk 22 (chain 1 of 1 for this core): increasing by 908 

Iterations: 908 
|-------------|-------------|-------------|-------------|
|-------------------------------------------------------|

Current time: 2024-11-19 14:58:53
MCMC time 45 mins 

USED COMPONENTS: 54 OF 74 

rel. MC standard error: 0.0113 to 0.0673
eff. sample size: 221 to 7850
needed thinning: 4 to 118
Diagnostics time 1.1 secs 

Total number of iterations 17319 - required further 915 

Chain # 17 - chunk 23 (chain 1 of 1 for this core): increasing by 916 

Iterations: 916 
|-------------|-------------|-------------|-------------|
|-------------------------------------------------------|

Current time: 2024-11-19 15:01:13
MCMC time 47 mins 

USED COMPONENTS: 54 OF 74 

rel. MC standard error: 0.0109 to 0.0654
eff. sample size: 234 to 8480
needed thinning: 4 to 118
Diagnostics time 0.5 secs 

Total number of iterations 18235 - required further 915 

Chain # 17 - chunk 24 (chain 1 of 1 for this core): increasing by 916 

Iterations: 916 
|-------------|-------------|-------------|-------------|
|-------------------------------------------------------|

Current time: 2024-11-19 15:03:31
MCMC time 49 mins 

USED COMPONENTS: 54 OF 74 

rel. MC standard error: 0.00993 to 0.064
eff. sample size: 244 to 10100
needed thinning: 3 to 118
Diagnostics time 1 secs 

Total number of iterations 19151 - required further 915 

Chain # 17 - chunk 25 (chain 1 of 1 for this core): increasing by 916 

Iterations: 916 
|-------------|-------------|-------------|-------------|
|-------------------------------------------------------|

Current time: 2024-11-19 15:05:49
MCMC time 51 mins 

USED COMPONENTS: 54 OF 74 

rel. MC standard error: 0.00994 to 0.0629
eff. sample size: 253 to 10100
needed thinning: 3 to 120
Diagnostics time 0.52 secs 

Total number of iterations 20067 - required further 930 

Chain # 17 - chunk 26 (chain 1 of 1 for this core): increasing by 931 

Iterations: 931 
|-------------|-------------|-------------|-------------|
|-------------------------------------------------------|

Current time: 2024-11-19 15:08:10
MCMC time 54 mins 

USED COMPONENTS: 54 OF 74 

rel. MC standard error: 0.00966 to 0.0621
eff. sample size: 260 to 10700
needed thinning: 3 to 122
Diagnostics time 0.47 secs 

Total number of iterations 20998 - required further 946 

Chain # 17 - chunk 27 (chain 1 of 1 for this core): increasing by 947 

Iterations: 947 
|-------------|-------------|-------------|-------------|
|-------------------------------------------------------|

Current time: 2024-11-19 15:10:33
MCMC time 56 mins 

USED COMPONENTS: 54 OF 74 

rel. MC standard error: 0.0095 to 0.0604
eff. sample size: 274 to 11100
needed thinning: 3 to 121
Diagnostics time 0.48 secs 

Total number of iterations 21945 - required further 938 

Chain # 17 - chunk 28 (chain 1 of 1 for this core): increasing by 939 

Iterations: 939 
|-------------|-------------|-------------|-------------|
|-------------------------------------------------------|

Current time: 2024-11-19 15:12:57
MCMC time 59 mins 

USED COMPONENTS: 54 OF 74 

rel. MC standard error: 0.00944 to 0.0597
eff. sample size: 280 to 11200
needed thinning: 4 to 123
Diagnostics time 0.57 secs 

Total number of iterations 22884 - required further 953 

Chain # 17 - chunk 29 (chain 1 of 1 for this core): increasing by 954 

Iterations: 954 
|-------------|-------------|-------------|-------------|
|-------------------------------------------------------|

Current time: 2024-11-19 15:15:25
MCMC time 1 hours 

USED COMPONENTS: 54 OF 74 

rel. MC standard error: 0.00988 to 0.0579
eff. sample size: 298 to 10200
needed thinning: 4 to 120
Diagnostics time 0.53 secs 

Total number of iterations 23838 - required further 930 

Chain # 17 - chunk 30 (chain 1 of 1 for this core): increasing by 931 

Iterations: 931 
|-------------|-------------|-------------|-------------|
|-------------------------------------------------------|

Current time: 2024-11-19 15:17:46
MCMC time 1.1 hours 

USED COMPONENTS: 54 OF 74 

rel. MC standard error: 0.00918 to 0.0569
eff. sample size: 309 to 11900
needed thinning: 4 to 121
Diagnostics time 0.5 secs 

Total number of iterations 24769 - required further 938 

Chain # 17 - chunk 31 (chain 1 of 1 for this core): increasing by 939 

Iterations: 939 
|-------------|-------------|-------------|-------------|
|-------------------------------------------------------|

Current time: 2024-11-19 15:20:05
MCMC time 1.1 hours 

USED COMPONENTS: 54 OF 74 

rel. MC standard error: 0.00897 to 0.0562
eff. sample size: 316 to 12400
needed thinning: 4 to 122
Diagnostics time 0.51 secs 

Total number of iterations 25708 - required further 946 

Chain # 17 - chunk 32 (chain 1 of 1 for this core): increasing by 947 

Iterations: 947 
|-------------|-------------|-------------|-------------|
|-------------------------------------------------------|

Current time: 2024-11-19 15:22:28
MCMC time 1.1 hours 

USED COMPONENTS: 54 OF 74 

rel. MC standard error: 0.00812 to 0.055
eff. sample size: 330 to 15200
needed thinning: 3 to 122
Diagnostics time 1.2 secs 

Total number of iterations 26655 - required further 946 

Chain # 17 - chunk 33 (chain 1 of 1 for this core): increasing by 947 

Iterations: 947 
|-------------|-------------|-------------|-------------|
|-------------------------------------------------------|

Current time: 2024-11-19 15:24:54
MCMC time 1.2 hours 

USED COMPONENTS: 54 OF 74 

rel. MC standard error: 0.00886 to 0.0541
eff. sample size: 341 to 12700
needed thinning: 4 to 122
Diagnostics time 0.48 secs 

Total number of iterations 27602 - required further 946 

Chain # 17 - chunk 34 (chain 1 of 1 for this core): increasing by 947 

Iterations: 947 
|-------------|-------------|-------------|-------------|
|-------------------------------------------------------|

Current time: 2024-11-19 15:27:15
MCMC time 1.2 hours 

USED COMPONENTS: 54 OF 74 

rel. MC standard error: 0.00874 to 0.0534
eff. sample size: 351 to 13100
needed thinning: 4 to 123
Diagnostics time 0.5 secs 

Total number of iterations 28549 - required further 953 

Chain # 17 - chunk 35 (chain 1 of 1 for this core): increasing by 954 

Iterations: 954 
|-------------|-------------|-------------|-------------|
|-------------------------------------------------------|

Current time: 2024-11-19 15:29:36
MCMC time 1.3 hours 

USED COMPONENTS: 54 OF 74 

rel. MC standard error: 0.00827 to 0.052
eff. sample size: 370 to 14600
needed thinning: 4 to 120
Diagnostics time 0.48 secs 

Total number of iterations 29503 - required further 930 

Chain # 17 - chunk 36 (chain 1 of 1 for this core): increasing by 931 

Iterations: 931 
|-------------|-------------|-------------|-------------|
|-------------------------------------------------------|

Current time: 2024-11-19 15:31:53
MCMC time 1.3 hours 

USED COMPONENTS: 54 OF 74 

rel. MC standard error: 0.00859 to 0.0517
eff. sample size: 374 to 13500
needed thinning: 4 to 123
Diagnostics time 1 secs 

Total number of iterations 30434 - required further 953 

Chain # 17 - chunk 37 (chain 1 of 1 for this core): increasing by 954 

Iterations: 954 
|-------------|-------------|-------------|-------------|
|-------------------------------------------------------|

Current time: 2024-11-19 15:34:15
MCMC time 1.3 hours 

USED COMPONENTS: 54 OF 74 

rel. MC standard error: 0.00856 to 0.0509
eff. sample size: 385 to 13600
needed thinning: 4 to 123
Diagnostics time 0.49 secs 

Total number of iterations 31388 - required further 953 

Chain # 17 - chunk 38 (chain 1 of 1 for this core): increasing by 954 

Iterations: 954 
|-------------|-------------|-------------|-------------|
|-------------------------------------------------------|

Current time: 2024-11-19 15:36:36
MCMC time 1.4 hours 

USED COMPONENTS: 54 OF 74 

rel. MC standard error: 0.00801 to 0.0502
eff. sample size: 397 to 15600
needed thinning: 4 to 123
Diagnostics time 0.45 secs 

Total number of iterations 32342 - required further 953 

Chain # 17 - chunk 39 (chain 1 of 1 for this core): increasing by 954 

Iterations: 954 
|-------------|-------------|-------------|-------------|
|-------------------------------------------------------|

Current time: 2024-11-19 15:38:56
MCMC time 1.4 hours 

USED COMPONENTS: 54 OF 74 

rel. MC standard error: 0.00838 to 0.0493
eff. sample size: 412 to 14200
needed thinning: 4 to 122
Diagnostics time 0.49 secs 

Total number of iterations 33296 - required further 0 

Keeping last 60 samples with thinning 122 

Plotting traces and samples.

Current time: 2024-11-19 15:38:59
MCMC + diagnostics time 1.4 hours 

Current time: 2024-11-19 15:38:59
Total time 1.4 hours 
loaded inferno and set parent environment
loaded inferno and set parent environment
loaded inferno and set parent environment
loaded inferno and set parent environment
