Log core 1 - Current time: 2024-11-19 14:09:51
Defining model
Building model
Setting data and initial values
Running calculate on model
  [Note] Any error reports that follow may simply reflect missing values in model variables.
Checking model sizes and dimensions
Compiling
  [Note] This may take a minute.
  [Note] Use 'showCompilerOutput = TRUE' to see C++ compilation details.
===== Monitors =====
thin = 1: Bprob, Rmean, Rvar, W
thin2 = 1: K
===== Samplers =====
conjugate sampler (519)
  - Rmean[]  (148 elements)
  - Rrate[]  (148 elements)
  - Bprob[]  (74 elements)
  - Rvar[]  (148 elements)
  - W[1:74] 
categorical sampler (1801)
  - Alpha
  - K[]  (1800 elements)
===== Monitors =====
thin = 1: Bprob, Rmean, Rvar, W
thin2 = 1: K
===== Samplers =====
slice sampler (1801)
  - Alpha
  - K[]  (1800 elements)
conjugate sampler (519)
  - Rmean[]  (148 elements)
  - Rrate[]  (148 elements)
  - Bprob[]  (74 elements)
  - Rvar[]  (148 elements)
  - W[1:74] 
Compiling
  [Note] This may take a minute.
  [Note] Use 'showCompilerOutput = TRUE' to see C++ compilation details.

Setup time 5.9 mins 

Chain # 1 (chain 1 of 1 for this core)

Datapoints for testing convergence:
 #25 #233 #276 #294 #415 #539 #693 #897 #1077 #1091 #1326 #1366 #1397 #1426 #1454 #1512 #1521 #1533 #1538 #1611 

Iterations: 3600 
|-------------|-------------|-------------|-------------|
|-------------------------------------------------------|

Current time: 2024-11-19 14:29:57
MCMC time 14 mins 

USED COMPONENTS: 52 OF 74 

rel. MC standard error: 0.0136 to 0.0541
eff. sample size: 342 to 5400
needed thinning: 1 to 16
Diagnostics time 2.2 secs 

Total number of iterations 3600 - required further 124 

Chain # 1 - chunk 2 (chain 1 of 1 for this core): increasing by 125 

Iterations: 125 
|-------------|-------------|-------------|-------------|
|-------------------------------------------------------|

Current time: 2024-11-19 14:30:19
MCMC time 15 mins 

USED COMPONENTS: 51 OF 74 

rel. MC standard error: 0.0141 to 0.0536
eff. sample size: 347 to 5040
needed thinning: 2 to 17
Diagnostics time 0.082 secs 

Total number of iterations 3725 - required further 132 

Chain # 1 - chunk 3 (chain 1 of 1 for this core): increasing by 133 

Iterations: 133 
|-------------|-------------|-------------|-------------|
|-------------------------------------------------------|

Current time: 2024-11-19 14:30:39
MCMC time 15 mins 

USED COMPONENTS: 52 OF 74 

rel. MC standard error: 0.0153 to 0.0528
eff. sample size: 358 to 4270
needed thinning: 2 to 17
Diagnostics time 0.12 secs 

Total number of iterations 3858 - required further 132 

Chain # 1 - chunk 4 (chain 1 of 1 for this core): increasing by 133 

Iterations: 133 
|-------------|-------------|-------------|-------------|
|-------------------------------------------------------|

Current time: 2024-11-19 14:30:59
MCMC time 15 mins 

USED COMPONENTS: 51 OF 74 

rel. MC standard error: 0.0141 to 0.0531
eff. sample size: 354 to 5050
needed thinning: 2 to 17
Diagnostics time 0.087 secs 

Total number of iterations 3991 - required further 132 

Chain # 1 - chunk 5 (chain 1 of 1 for this core): increasing by 133 

Iterations: 133 
|-------------|-------------|-------------|-------------|
|-------------------------------------------------------|

Current time: 2024-11-19 14:31:19
MCMC time 16 mins 

USED COMPONENTS: 51 OF 74 

rel. MC standard error: 0.0138 to 0.0522
eff. sample size: 367 to 5240
needed thinning: 2 to 17
Diagnostics time 0.12 secs 

Total number of iterations 4124 - required further 132 

Chain # 1 - chunk 6 (chain 1 of 1 for this core): increasing by 133 

Iterations: 133 
|-------------|-------------|-------------|-------------|
|-------------------------------------------------------|

Current time: 2024-11-19 14:31:40
MCMC time 16 mins 

USED COMPONENTS: 50 OF 74 

rel. MC standard error: 0.0135 to 0.0525
eff. sample size: 363 to 5460
needed thinning: 2 to 18
Diagnostics time 0.11 secs 

Total number of iterations 4257 - required further 140 

Chain # 1 - chunk 7 (chain 1 of 1 for this core): increasing by 141 

Iterations: 141 
|-------------|-------------|-------------|-------------|
|-------------------------------------------------------|

Current time: 2024-11-19 14:32:01
MCMC time 16 mins 

USED COMPONENTS: 50 OF 74 

rel. MC standard error: 0.012 to 0.052
eff. sample size: 370 to 6920
needed thinning: 1 to 18
Diagnostics time 0.09 secs 

Total number of iterations 4398 - required further 140 

Chain # 1 - chunk 8 (chain 1 of 1 for this core): increasing by 141 

Iterations: 141 
|-------------|-------------|-------------|-------------|
|-------------------------------------------------------|

Current time: 2024-11-19 14:32:22
MCMC time 17 mins 

USED COMPONENTS: 50 OF 74 

rel. MC standard error: 0.0136 to 0.0526
eff. sample size: 361 to 5430
needed thinning: 2 to 19
Diagnostics time 0.085 secs 

Total number of iterations 4539 - required further 148 

Chain # 1 - chunk 9 (chain 1 of 1 for this core): increasing by 149 

Iterations: 149 
|-------------|-------------|-------------|-------------|
|-------------------------------------------------------|

Current time: 2024-11-19 14:32:45
MCMC time 17 mins 

USED COMPONENTS: 50 OF 74 

rel. MC standard error: 0.0125 to 0.0512
eff. sample size: 381 to 6390
needed thinning: 2 to 19
Diagnostics time 0.18 secs 

Total number of iterations 4688 - required further 148 

Chain # 1 - chunk 10 (chain 1 of 1 for this core): increasing by 149 

Iterations: 149 
|-------------|-------------|-------------|-------------|
|-------------------------------------------------------|

Current time: 2024-11-19 14:33:08
MCMC time 17 mins 

USED COMPONENTS: 50 OF 74 

rel. MC standard error: 0.014 to 0.0498
eff. sample size: 403 to 5140
needed thinning: 2 to 19
Diagnostics time 0.1 secs 

Total number of iterations 4837 - required further 0 

Keeping last 60 samples with thinning 19 

Plotting traces and samples.

Current time: 2024-11-19 14:33:08
MCMC + diagnostics time 17 mins 

Current time: 2024-11-19 14:33:08
Total time 17 mins 
loaded inferno and set parent environment
loaded inferno and set parent environment
loaded inferno and set parent environment
loaded inferno and set parent environment
