Log core 10 - Current time: 2024-11-19 14:09:51
Defining model
Building model
Setting data and initial values
Running calculate on model
  [Note] Any error reports that follow may simply reflect missing values in model variables.
Checking model sizes and dimensions
Compiling
  [Note] This may take a minute.
  [Note] Use 'showCompilerOutput = TRUE' to see C++ compilation details.
===== Monitors =====
thin = 1: Bprob, Rmean, Rvar, W
thin2 = 1: K
===== Samplers =====
conjugate sampler (519)
  - Rmean[]  (148 elements)
  - Rrate[]  (148 elements)
  - Bprob[]  (74 elements)
  - Rvar[]  (148 elements)
  - W[1:74] 
categorical sampler (1801)
  - Alpha
  - K[]  (1800 elements)
===== Monitors =====
thin = 1: Bprob, Rmean, Rvar, W
thin2 = 1: K
===== Samplers =====
slice sampler (1801)
  - Alpha
  - K[]  (1800 elements)
conjugate sampler (519)
  - Rmean[]  (148 elements)
  - Rrate[]  (148 elements)
  - Bprob[]  (74 elements)
  - Rvar[]  (148 elements)
  - W[1:74] 
Compiling
  [Note] This may take a minute.
  [Note] Use 'showCompilerOutput = TRUE' to see C++ compilation details.

Setup time 4.5 mins 

Chain # 10 (chain 1 of 1 for this core)

Datapoints for testing convergence:
 #390 #458 #501 #541 #637 #645 #834 #849 #914 #1107 #1225 #1245 #1364 #1383 #1386 #1483 #1700 #1743 #1771 #1797 

Iterations: 3600 
|-------------|-------------|-------------|-------------|
|-------------------------------------------------------|

Current time: 2024-11-19 14:23:44
MCMC time 9.4 mins 

USED COMPONENTS: 52 OF 74 

rel. MC standard error: 0.0142 to 0.04
eff. sample size: 625 to 4950
needed thinning: 2 to 9
Diagnostics time 2.4 secs 

Total number of iterations 3600 - required further 0 

Keeping last 60 samples with thinning 9 

Plotting traces and samples.

Current time: 2024-11-19 14:23:48
MCMC + diagnostics time 9.5 mins 

Current time: 2024-11-19 14:23:48
Total time 9.5 mins 
loaded inferno and set parent environment
loaded inferno and set parent environment
loaded inferno and set parent environment
loaded inferno and set parent environment
