Log core 1 - Current time: 2024-08-30 14:01:11
Defining model
Building model
Setting data and initial values
Running calculate on model
  [Note] Any error reports that follow may simply reflect missing values in model variables.
Checking model sizes and dimensions
Compiling
  [Note] This may take a minute.
  [Note] Use 'showCompilerOutput = TRUE' to see C++ compilation details.
===== Monitors =====
thin = 1: Nprob, Rmean, Rvar, W
thin2 = 1: K
===== Samplers =====
conjugate sampler (833)
  - Rmean[]  (256 elements)
  - Rrate[]  (256 elements)
  - Rvar[]  (256 elements)
  - Nprob[]  (64 multivariate elements)
  - W[1:64] 
categorical sampler (201)
  - Alpha
  - K[]  (200 elements)
===== Monitors =====
thin = 1: Nprob, Rmean, Rvar, W
thin2 = 1: K
===== Samplers =====
slice sampler (201)
  - Alpha
  - K[]  (200 elements)
conjugate sampler (833)
  - Rmean[]  (256 elements)
  - Rrate[]  (256 elements)
  - Rvar[]  (256 elements)
  - Nprob[]  (64 multivariate elements)
  - W[1:64] 
Compiling
  [Note] This may take a minute.
  [Note] Use 'showCompilerOutput = TRUE' to see C++ compilation details.

Setup time 35 secs 

Chain # 1 (chain 1 of 1 for this core)

Datapoints for testing convergence:
 #35 #56 #139 #145 #151 #158 

Iterations: 3600 
|-------------|-------------|-------------|-------------|
|-------------------------------------------------------|

Current time: 2024-08-30 14:02:27
MCMC time 41 secs 

USED COMPONENTS: 22 OF 64 

rel. MC standard error: 0.0168 to 0.0658
eff. sample size: 231 to 3560
needed thinning: 2 to 24
Diagnostics time 0.3 secs 

Total number of iterations 3600 - required further 68 

Chain # 1 - chunk 2 (chain 1 of 1 for this core): increasing by 69 

Iterations: 69 
|-------------|-------------|-------------|-------------|
|-------------------------------------------------------|

Current time: 2024-08-30 14:02:30
MCMC time 43 secs 

USED COMPONENTS: 22 OF 64 

rel. MC standard error: 0.0165 to 0.0659
eff. sample size: 230 to 3670
needed thinning: 2 to 24
Diagnostics time 0.0087 secs 

Total number of iterations 3669 - required further 68 

Chain # 1 - chunk 3 (chain 1 of 1 for this core): increasing by 69 

Iterations: 69 
|-------------|-------------|-------------|-------------|
|-------------------------------------------------------|

Current time: 2024-08-30 14:02:31
MCMC time 44 secs 

USED COMPONENTS: 22 OF 64 

rel. MC standard error: 0.0152 to 0.0664
eff. sample size: 227 to 4350
needed thinning: 2 to 25
Diagnostics time 0.0086 secs 

Total number of iterations 3738 - required further 71 

Chain # 1 - chunk 4 (chain 1 of 1 for this core): increasing by 72 

Iterations: 72 
|-------------|-------------|-------------|-------------|
|-------------------------------------------------------|

Current time: 2024-08-30 14:02:32
MCMC time 45 secs 

USED COMPONENTS: 22 OF 64 

rel. MC standard error: 0.0149 to 0.0648
eff. sample size: 238 to 4480
needed thinning: 2 to 25
Diagnostics time 0.0088 secs 

Total number of iterations 3810 - required further 71 

Chain # 1 - chunk 5 (chain 1 of 1 for this core): increasing by 72 

Iterations: 72 
|-------------|-------------|-------------|-------------|
|-------------------------------------------------------|

Current time: 2024-08-30 14:02:32
MCMC time 46 secs 

USED COMPONENTS: 22 OF 64 

rel. MC standard error: 0.0159 to 0.0646
eff. sample size: 240 to 3980
needed thinning: 2 to 25
Diagnostics time 0.0087 secs 

Total number of iterations 3882 - required further 71 

Chain # 1 - chunk 6 (chain 1 of 1 for this core): increasing by 72 

Iterations: 72 
|-------------|-------------|-------------|-------------|
|-------------------------------------------------------|

Current time: 2024-08-30 14:02:33
MCMC time 47 secs 

USED COMPONENTS: 22 OF 64 

rel. MC standard error: 0.0156 to 0.0638
eff. sample size: 246 to 4110
needed thinning: 2 to 25
Diagnostics time 0.0087 secs 

Total number of iterations 3954 - required further 71 

Chain # 1 - chunk 7 (chain 1 of 1 for this core): increasing by 72 

Iterations: 72 
|-------------|-------------|-------------|-------------|
|-------------------------------------------------------|

Current time: 2024-08-30 14:02:34
MCMC time 47 secs 

USED COMPONENTS: 22 OF 64 

rel. MC standard error: 0.0144 to 0.0633
eff. sample size: 250 to 4800
needed thinning: 2 to 25
Diagnostics time 0.034 secs 

Total number of iterations 4026 - required further 71 

Chain # 1 - chunk 8 (chain 1 of 1 for this core): increasing by 72 

Iterations: 72 
|-------------|-------------|-------------|-------------|
|-------------------------------------------------------|

Current time: 2024-08-30 14:02:35
MCMC time 48 secs 

USED COMPONENTS: 22 OF 64 

rel. MC standard error: 0.0139 to 0.0627
eff. sample size: 255 to 5140
needed thinning: 2 to 25
Diagnostics time 0.0087 secs 

Total number of iterations 4098 - required further 71 

Chain # 1 - chunk 9 (chain 1 of 1 for this core): increasing by 72 

Iterations: 72 
|-------------|-------------|-------------|-------------|
|-------------------------------------------------------|

Current time: 2024-08-30 14:02:36
MCMC time 49 secs 

USED COMPONENTS: 22 OF 64 

rel. MC standard error: 0.0137 to 0.0614
eff. sample size: 265 to 5330
needed thinning: 2 to 24
Diagnostics time 0.0086 secs 

Total number of iterations 4170 - required further 68 

Chain # 1 - chunk 10 (chain 1 of 1 for this core): increasing by 69 

Iterations: 69 
|-------------|-------------|-------------|-------------|
|-------------------------------------------------------|

Current time: 2024-08-30 14:02:36
MCMC time 50 secs 

USED COMPONENTS: 22 OF 64 

rel. MC standard error: 0.0128 to 0.0609
eff. sample size: 270 to 6130
needed thinning: 2 to 24
Diagnostics time 0.0086 secs 

Total number of iterations 4239 - required further 68 

Chain # 1 - chunk 11 (chain 1 of 1 for this core): increasing by 69 

Iterations: 69 
|-------------|-------------|-------------|-------------|
|-------------------------------------------------------|

Current time: 2024-08-30 14:02:37
MCMC time 51 secs 

USED COMPONENTS: 22 OF 64 

rel. MC standard error: 0.0129 to 0.0596
eff. sample size: 281 to 6000
needed thinning: 2 to 23
Diagnostics time 0.035 secs 

Total number of iterations 4308 - required further 66 

Chain # 1 - chunk 12 (chain 1 of 1 for this core): increasing by 67 

Iterations: 67 
|-------------|-------------|-------------|-------------|
|-------------------------------------------------------|

Current time: 2024-08-30 14:02:38
MCMC time 51 secs 

USED COMPONENTS: 22 OF 64 

rel. MC standard error: 0.0139 to 0.0606
eff. sample size: 272 to 5160
needed thinning: 2 to 25
Diagnostics time 0.0084 secs 

Total number of iterations 4375 - required further 71 

Chain # 1 - chunk 13 (chain 1 of 1 for this core): increasing by 72 

Iterations: 72 
|-------------|-------------|-------------|-------------|
|-------------------------------------------------------|

Current time: 2024-08-30 14:02:39
MCMC time 52 secs 

USED COMPONENTS: 22 OF 64 

rel. MC standard error: 0.0138 to 0.0599
eff. sample size: 279 to 5240
needed thinning: 2 to 24
Diagnostics time 0.0084 secs 

Total number of iterations 4447 - required further 68 

Chain # 1 - chunk 14 (chain 1 of 1 for this core): increasing by 69 

Iterations: 69 
|-------------|-------------|-------------|-------------|
|-------------------------------------------------------|

Current time: 2024-08-30 14:02:39
MCMC time 53 secs 

USED COMPONENTS: 22 OF 64 

rel. MC standard error: 0.014 to 0.0586
eff. sample size: 291 to 5100
needed thinning: 2 to 24
Diagnostics time 0.0083 secs 

Total number of iterations 4516 - required further 68 

Chain # 1 - chunk 15 (chain 1 of 1 for this core): increasing by 69 

Iterations: 69 
|-------------|-------------|-------------|-------------|
|-------------------------------------------------------|

Current time: 2024-08-30 14:02:40
MCMC time 54 secs 

USED COMPONENTS: 22 OF 64 

rel. MC standard error: 0.0139 to 0.0579
eff. sample size: 299 to 5180
needed thinning: 2 to 24
Diagnostics time 0.033 secs 

Total number of iterations 4585 - required further 68 

Chain # 1 - chunk 16 (chain 1 of 1 for this core): increasing by 69 

Iterations: 69 
|-------------|-------------|-------------|-------------|
|-------------------------------------------------------|

Current time: 2024-08-30 14:02:41
MCMC time 54 secs 

USED COMPONENTS: 22 OF 64 

rel. MC standard error: 0.0136 to 0.0581
eff. sample size: 297 to 5370
needed thinning: 2 to 24
Diagnostics time 0.0085 secs 

Total number of iterations 4654 - required further 68 

Chain # 1 - chunk 17 (chain 1 of 1 for this core): increasing by 69 

Iterations: 69 
|-------------|-------------|-------------|-------------|
|-------------------------------------------------------|

Current time: 2024-08-30 14:02:42
MCMC time 55 secs 

USED COMPONENTS: 22 OF 64 

rel. MC standard error: 0.0137 to 0.0573
eff. sample size: 304 to 5300
needed thinning: 2 to 24
Diagnostics time 0.0084 secs 

Total number of iterations 4723 - required further 68 

Chain # 1 - chunk 18 (chain 1 of 1 for this core): increasing by 69 

Iterations: 69 
|-------------|-------------|-------------|-------------|
|-------------------------------------------------------|

Current time: 2024-08-30 14:02:42
MCMC time 56 secs 

USED COMPONENTS: 22 OF 64 

rel. MC standard error: 0.0139 to 0.057
eff. sample size: 308 to 5150
needed thinning: 2 to 24
Diagnostics time 0.0083 secs 

Total number of iterations 4792 - required further 68 

Chain # 1 - chunk 19 (chain 1 of 1 for this core): increasing by 69 

Iterations: 69 
|-------------|-------------|-------------|-------------|
|-------------------------------------------------------|

Current time: 2024-08-30 14:02:43
MCMC time 57 secs 

USED COMPONENTS: 22 OF 64 

rel. MC standard error: 0.0138 to 0.0569
eff. sample size: 308 to 5260
needed thinning: 2 to 24
Diagnostics time 0.038 secs 

Total number of iterations 4861 - required further 68 

Chain # 1 - chunk 20 (chain 1 of 1 for this core): increasing by 69 

Iterations: 69 
|-------------|-------------|-------------|-------------|
|-------------------------------------------------------|

Current time: 2024-08-30 14:02:44
MCMC time 57 secs 

USED COMPONENTS: 22 OF 64 

rel. MC standard error: 0.0131 to 0.0571
eff. sample size: 307 to 5840
needed thinning: 2 to 25
Diagnostics time 0.0085 secs 

Total number of iterations 4930 - required further 71 

Chain # 1 - chunk 21 (chain 1 of 1 for this core): increasing by 72 

Iterations: 72 
|-------------|-------------|-------------|-------------|
|-------------------------------------------------------|

Current time: 2024-08-30 14:02:45
MCMC time 58 secs 

USED COMPONENTS: 22 OF 64 

rel. MC standard error: 0.0129 to 0.0571
eff. sample size: 306 to 6050
needed thinning: 2 to 25
Diagnostics time 0.0086 secs 

Total number of iterations 5002 - required further 71 

Chain # 1 - chunk 22 (chain 1 of 1 for this core): increasing by 72 

Iterations: 72 
|-------------|-------------|-------------|-------------|
|-------------------------------------------------------|

Current time: 2024-08-30 14:02:46
MCMC time 59 secs 

USED COMPONENTS: 22 OF 64 

rel. MC standard error: 0.0127 to 0.0577
eff. sample size: 300 to 6220
needed thinning: 2 to 26
Diagnostics time 0.0085 secs 

Total number of iterations 5074 - required further 74 

Chain # 1 - chunk 23 (chain 1 of 1 for this core): increasing by 75 

Iterations: 75 
|-------------|-------------|-------------|-------------|
|-------------------------------------------------------|

Current time: 2024-08-30 14:02:46
MCMC time 60 secs 

USED COMPONENTS: 22 OF 64 

rel. MC standard error: 0.0125 to 0.0574
eff. sample size: 304 to 6360
needed thinning: 2 to 26
Diagnostics time 0.0088 secs 

Total number of iterations 5149 - required further 74 

Chain # 1 - chunk 24 (chain 1 of 1 for this core): increasing by 75 

Iterations: 75 
|-------------|-------------|-------------|-------------|
|-------------------------------------------------------|

Current time: 2024-08-30 14:02:47
MCMC time 1 mins 

USED COMPONENTS: 22 OF 64 

rel. MC standard error: 0.0131 to 0.0587
eff. sample size: 290 to 5860
needed thinning: 2 to 28
Diagnostics time 0.034 secs 

Total number of iterations 5224 - required further 80 

Chain # 1 - chunk 25 (chain 1 of 1 for this core): increasing by 81 

Iterations: 81 
|-------------|-------------|-------------|-------------|
|-------------------------------------------------------|

Current time: 2024-08-30 14:02:48
MCMC time 1 mins 

USED COMPONENTS: 22 OF 64 

rel. MC standard error: 0.013 to 0.0587
eff. sample size: 290 to 5930
needed thinning: 2 to 28
Diagnostics time 0.009 secs 

Total number of iterations 5305 - required further 80 

Chain # 1 - chunk 26 (chain 1 of 1 for this core): increasing by 81 

Iterations: 81 
|-------------|-------------|-------------|-------------|
|-------------------------------------------------------|

Current time: 2024-08-30 14:02:49
MCMC time 1 mins 

USED COMPONENTS: 22 OF 64 

rel. MC standard error: 0.0125 to 0.0585
eff. sample size: 293 to 6390
needed thinning: 2 to 28
Diagnostics time 0.009 secs 

Total number of iterations 5386 - required further 80 

Chain # 1 - chunk 27 (chain 1 of 1 for this core): increasing by 81 

Iterations: 81 
|-------------|-------------|-------------|-------------|
|-------------------------------------------------------|

Current time: 2024-08-30 14:02:50
MCMC time 1.1 mins 

USED COMPONENTS: 22 OF 64 

rel. MC standard error: 0.0124 to 0.0584
eff. sample size: 293 to 6510
needed thinning: 2 to 28
Diagnostics time 0.009 secs 

Total number of iterations 5467 - required further 80 

Chain # 1 - chunk 28 (chain 1 of 1 for this core): increasing by 81 

Iterations: 81 
|-------------|-------------|-------------|-------------|
|-------------------------------------------------------|

Current time: 2024-08-30 14:02:51
MCMC time 1.1 mins 

USED COMPONENTS: 22 OF 64 

rel. MC standard error: 0.0139 to 0.0585
eff. sample size: 293 to 5200
needed thinning: 2 to 29
Diagnostics time 0.034 secs 

Total number of iterations 5548 - required further 83 

Chain # 1 - chunk 29 (chain 1 of 1 for this core): increasing by 84 

Iterations: 84 
|-------------|-------------|-------------|-------------|
|-------------------------------------------------------|

Current time: 2024-08-30 14:02:52
MCMC time 1.1 mins 

USED COMPONENTS: 22 OF 64 

rel. MC standard error: 0.0124 to 0.0583
eff. sample size: 294 to 6550
needed thinning: 2 to 29
Diagnostics time 0.0091 secs 

Total number of iterations 5632 - required further 83 

Chain # 1 - chunk 30 (chain 1 of 1 for this core): increasing by 84 

Iterations: 84 
|-------------|-------------|-------------|-------------|
|-------------------------------------------------------|

Current time: 2024-08-30 14:02:53
MCMC time 1.1 mins 

USED COMPONENTS: 22 OF 64 

rel. MC standard error: 0.0123 to 0.0575
eff. sample size: 303 to 6660
needed thinning: 2 to 29
Diagnostics time 0.0091 secs 

Total number of iterations 5716 - required further 83 

Chain # 1 - chunk 31 (chain 1 of 1 for this core): increasing by 84 

Iterations: 84 
|-------------|-------------|-------------|-------------|
|-------------------------------------------------------|

Current time: 2024-08-30 14:02:54
MCMC time 1.1 mins 

USED COMPONENTS: 22 OF 64 

rel. MC standard error: 0.0116 to 0.0571
eff. sample size: 307 to 7450
needed thinning: 2 to 29
Diagnostics time 0.0091 secs 

Total number of iterations 5800 - required further 83 

Chain # 1 - chunk 32 (chain 1 of 1 for this core): increasing by 84 

Iterations: 84 
|-------------|-------------|-------------|-------------|
|-------------------------------------------------------|

Current time: 2024-08-30 14:02:54
MCMC time 1.1 mins 

USED COMPONENTS: 22 OF 64 

rel. MC standard error: 0.0119 to 0.056
eff. sample size: 319 to 7120
needed thinning: 2 to 28
Diagnostics time 0.034 secs 

Total number of iterations 5884 - required further 80 

Chain # 1 - chunk 33 (chain 1 of 1 for this core): increasing by 81 

Iterations: 81 
|-------------|-------------|-------------|-------------|
|-------------------------------------------------------|

Current time: 2024-08-30 14:02:55
MCMC time 1.1 mins 

USED COMPONENTS: 22 OF 64 

rel. MC standard error: 0.0124 to 0.055
eff. sample size: 330 to 6520
needed thinning: 2 to 28
Diagnostics time 0.009 secs 

Total number of iterations 5965 - required further 80 

Chain # 1 - chunk 34 (chain 1 of 1 for this core): increasing by 81 

Iterations: 81 
|-------------|-------------|-------------|-------------|
|-------------------------------------------------------|

Current time: 2024-08-30 14:02:56
MCMC time 1.2 mins 

USED COMPONENTS: 22 OF 64 

rel. MC standard error: 0.0124 to 0.0544
eff. sample size: 338 to 6460
needed thinning: 2 to 27
Diagnostics time 0.0089 secs 

Total number of iterations 6046 - required further 77 

Chain # 1 - chunk 35 (chain 1 of 1 for this core): increasing by 78 

Iterations: 78 
|-------------|-------------|-------------|-------------|
|-------------------------------------------------------|

Current time: 2024-08-30 14:02:57
MCMC time 1.2 mins 

USED COMPONENTS: 22 OF 64 

rel. MC standard error: 0.0119 to 0.0554
eff. sample size: 326 to 7080
needed thinning: 2 to 29
Diagnostics time 0.0088 secs 

Total number of iterations 6124 - required further 83 

Chain # 1 - chunk 36 (chain 1 of 1 for this core): increasing by 84 

Iterations: 84 
|-------------|-------------|-------------|-------------|
|-------------------------------------------------------|

Current time: 2024-08-30 14:02:58
MCMC time 1.2 mins 

USED COMPONENTS: 22 OF 64 

rel. MC standard error: 0.0118 to 0.0551
eff. sample size: 329 to 7190
needed thinning: 2 to 29
Diagnostics time 0.0095 secs 

Total number of iterations 6208 - required further 83 

Chain # 1 - chunk 37 (chain 1 of 1 for this core): increasing by 84 

Iterations: 84 
|-------------|-------------|-------------|-------------|
|-------------------------------------------------------|

Current time: 2024-08-30 14:02:59
MCMC time 1.2 mins 

USED COMPONENTS: 22 OF 64 

rel. MC standard error: 0.0116 to 0.0547
eff. sample size: 334 to 7430
needed thinning: 2 to 29
Diagnostics time 0.0091 secs 

Total number of iterations 6292 - required further 83 

Chain # 1 - chunk 38 (chain 1 of 1 for this core): increasing by 84 

Iterations: 84 
|-------------|-------------|-------------|-------------|
|-------------------------------------------------------|

Current time: 2024-08-30 14:03:00
MCMC time 1.2 mins 

USED COMPONENTS: 22 OF 64 

rel. MC standard error: 0.0115 to 0.0547
eff. sample size: 334 to 7610
needed thinning: 2 to 29
Diagnostics time 0.0092 secs 

Total number of iterations 6376 - required further 83 

Chain # 1 - chunk 39 (chain 1 of 1 for this core): increasing by 84 

Iterations: 84 
|-------------|-------------|-------------|-------------|
|-------------------------------------------------------|

Current time: 2024-08-30 14:03:01
MCMC time 1.2 mins 

USED COMPONENTS: 22 OF 64 

rel. MC standard error: 0.0119 to 0.055
eff. sample size: 330 to 7020
needed thinning: 2 to 30
Diagnostics time 0.034 secs 

Total number of iterations 6460 - required further 85 

Chain # 1 - chunk 40 (chain 1 of 1 for this core): increasing by 86 

Iterations: 86 
|-------------|-------------|-------------|-------------|
|-------------------------------------------------------|

Current time: 2024-08-30 14:03:02
MCMC time 1.3 mins 

USED COMPONENTS: 22 OF 64 

rel. MC standard error: 0.0121 to 0.0549
eff. sample size: 332 to 6790
needed thinning: 2 to 30
Diagnostics time 0.0093 secs 

Total number of iterations 6546 - required further 85 

Chain # 1 - chunk 41 (chain 1 of 1 for this core): increasing by 86 

Iterations: 86 
|-------------|-------------|-------------|-------------|
|-------------------------------------------------------|

Current time: 2024-08-30 14:03:03
MCMC time 1.3 mins 

USED COMPONENTS: 22 OF 64 

rel. MC standard error: 0.0125 to 0.0547
eff. sample size: 334 to 6450
needed thinning: 2 to 30
Diagnostics time 0.0092 secs 

Total number of iterations 6632 - required further 85 

Chain # 1 - chunk 42 (chain 1 of 1 for this core): increasing by 86 

Iterations: 86 
|-------------|-------------|-------------|-------------|
|-------------------------------------------------------|

Current time: 2024-08-30 14:03:04
MCMC time 1.3 mins 

USED COMPONENTS: 22 OF 64 

rel. MC standard error: 0.0123 to 0.0546
eff. sample size: 336 to 6610
needed thinning: 2 to 31
Diagnostics time 0.034 secs 

Total number of iterations 6718 - required further 88 

Chain # 1 - chunk 43 (chain 1 of 1 for this core): increasing by 89 

Iterations: 89 
|-------------|-------------|-------------|-------------|
|-------------------------------------------------------|

Current time: 2024-08-30 14:03:05
MCMC time 1.3 mins 

USED COMPONENTS: 22 OF 64 

rel. MC standard error: 0.0112 to 0.055
eff. sample size: 330 to 8020
needed thinning: 2 to 31
Diagnostics time 0.0095 secs 

Total number of iterations 6807 - required further 88 

Chain # 1 - chunk 44 (chain 1 of 1 for this core): increasing by 89 

Iterations: 89 
|-------------|-------------|-------------|-------------|
|-------------------------------------------------------|

Current time: 2024-08-30 14:03:06
MCMC time 1.3 mins 

USED COMPONENTS: 22 OF 64 

rel. MC standard error: 0.0104 to 0.0549
eff. sample size: 332 to 9290
needed thinning: 2 to 32
Diagnostics time 0.0094 secs 

Total number of iterations 6896 - required further 91 

Chain # 1 - chunk 45 (chain 1 of 1 for this core): increasing by 92 

Iterations: 92 
|-------------|-------------|-------------|-------------|
|-------------------------------------------------------|

Current time: 2024-08-30 14:03:07
MCMC time 1.3 mins 

USED COMPONENTS: 22 OF 64 

rel. MC standard error: 0.0104 to 0.0548
eff. sample size: 334 to 9330
needed thinning: 2 to 32
Diagnostics time 0.034 secs 

Total number of iterations 6988 - required further 91 

Chain # 1 - chunk 46 (chain 1 of 1 for this core): increasing by 92 

Iterations: 92 
|-------------|-------------|-------------|-------------|
|-------------------------------------------------------|

Current time: 2024-08-30 14:03:08
MCMC time 1.3 mins 

USED COMPONENTS: 22 OF 64 

rel. MC standard error: 0.0105 to 0.0539
eff. sample size: 344 to 9110
needed thinning: 2 to 31
Diagnostics time 0.0096 secs 

Total number of iterations 7080 - required further 88 

Chain # 1 - chunk 47 (chain 1 of 1 for this core): increasing by 89 

Iterations: 89 
|-------------|-------------|-------------|-------------|
|-------------------------------------------------------|

Current time: 2024-08-30 14:03:09
MCMC time 1.4 mins 

USED COMPONENTS: 21 OF 64 

rel. MC standard error: 0.0104 to 0.0538
eff. sample size: 346 to 9260
needed thinning: 2 to 32
Diagnostics time 0.0094 secs 

Total number of iterations 7169 - required further 91 

Chain # 1 - chunk 48 (chain 1 of 1 for this core): increasing by 92 

Iterations: 92 
|-------------|-------------|-------------|-------------|
|-------------------------------------------------------|

Current time: 2024-08-30 14:03:10
MCMC time 1.4 mins 

USED COMPONENTS: 21 OF 64 

rel. MC standard error: 0.00981 to 0.0545
eff. sample size: 336 to 10400
needed thinning: 2 to 33
Diagnostics time 0.26 secs 

Total number of iterations 7261 - required further 94 

Chain # 1 - chunk 49 (chain 1 of 1 for this core): increasing by 95 

Iterations: 95 
|-------------|-------------|-------------|-------------|
|-------------------------------------------------------|

Current time: 2024-08-30 14:03:11
MCMC time 1.4 mins 

USED COMPONENTS: 21 OF 64 

rel. MC standard error: 0.00979 to 0.0542
eff. sample size: 340 to 10400
needed thinning: 2 to 33
Diagnostics time 0.0097 secs 

Total number of iterations 7356 - required further 94 

Chain # 1 - chunk 50 (chain 1 of 1 for this core): increasing by 95 

Iterations: 95 
|-------------|-------------|-------------|-------------|
|-------------------------------------------------------|

Current time: 2024-08-30 14:03:12
MCMC time 1.4 mins 

USED COMPONENTS: 21 OF 64 

rel. MC standard error: 0.0105 to 0.0545
eff. sample size: 337 to 9120
needed thinning: 2 to 34
Diagnostics time 0.0096 secs 

Total number of iterations 7451 - required further 97 

Chain # 1 - chunk 51 (chain 1 of 1 for this core): increasing by 98 

Iterations: 98 
|-------------|-------------|-------------|-------------|
|-------------------------------------------------------|

Current time: 2024-08-30 14:03:13
MCMC time 1.4 mins 

USED COMPONENTS: 21 OF 64 

rel. MC standard error: 0.0104 to 0.0544
eff. sample size: 338 to 9310
needed thinning: 2 to 34
Diagnostics time 0.0097 secs 

Total number of iterations 7549 - required further 97 

Chain # 1 - chunk 52 (chain 1 of 1 for this core): increasing by 98 

Iterations: 98 
|-------------|-------------|-------------|-------------|
|-------------------------------------------------------|

Current time: 2024-08-30 14:03:14
MCMC time 1.5 mins 

USED COMPONENTS: 21 OF 64 

rel. MC standard error: 0.0113 to 0.054
eff. sample size: 343 to 7860
needed thinning: 2 to 34
Diagnostics time 0.0097 secs 

Total number of iterations 7647 - required further 97 

Chain # 1 - chunk 53 (chain 1 of 1 for this core): increasing by 98 

Iterations: 98 
|-------------|-------------|-------------|-------------|
|-------------------------------------------------------|

Current time: 2024-08-30 14:03:15
MCMC time 1.5 mins 

USED COMPONENTS: 21 OF 64 

rel. MC standard error: 0.0109 to 0.0539
eff. sample size: 344 to 8360
needed thinning: 2 to 34
Diagnostics time 0.0098 secs 

Total number of iterations 7745 - required further 97 

Chain # 1 - chunk 54 (chain 1 of 1 for this core): increasing by 98 

Iterations: 98 
|-------------|-------------|-------------|-------------|
|-------------------------------------------------------|

Current time: 2024-08-30 14:03:16
MCMC time 1.5 mins 

USED COMPONENTS: 21 OF 64 

rel. MC standard error: 0.0108 to 0.0538
eff. sample size: 346 to 8520
needed thinning: 2 to 34
Diagnostics time 0.01 secs 

Total number of iterations 7843 - required further 97 

Chain # 1 - chunk 55 (chain 1 of 1 for this core): increasing by 98 

Iterations: 98 
|-------------|-------------|-------------|-------------|
|-------------------------------------------------------|

Current time: 2024-08-30 14:03:17
MCMC time 1.5 mins 

USED COMPONENTS: 21 OF 64 

rel. MC standard error: 0.0103 to 0.054
eff. sample size: 343 to 9380
needed thinning: 2 to 35
Diagnostics time 0.012 secs 

Total number of iterations 7941 - required further 99 

Chain # 1 - chunk 56 (chain 1 of 1 for this core): increasing by 100 

Iterations: 100 
|-------------|-------------|-------------|-------------|
|-------------------------------------------------------|

Current time: 2024-08-30 14:03:18
MCMC time 1.5 mins 

USED COMPONENTS: 22 OF 64 

rel. MC standard error: 0.0106 to 0.0537
eff. sample size: 346 to 8860
needed thinning: 2 to 35
Diagnostics time 0.012 secs 

Total number of iterations 8041 - required further 99 

Chain # 1 - chunk 57 (chain 1 of 1 for this core): increasing by 100 

Iterations: 100 
|-------------|-------------|-------------|-------------|
|-------------------------------------------------------|

Current time: 2024-08-30 14:03:19
MCMC time 1.5 mins 

USED COMPONENTS: 22 OF 64 

rel. MC standard error: 0.0113 to 0.0534
eff. sample size: 351 to 7830
needed thinning: 2 to 35
Diagnostics time 0.023 secs 

Total number of iterations 8141 - required further 99 

Chain # 1 - chunk 58 (chain 1 of 1 for this core): increasing by 100 

Iterations: 100 
|-------------|-------------|-------------|-------------|
|-------------------------------------------------------|

Current time: 2024-08-30 14:03:20
MCMC time 1.6 mins 

USED COMPONENTS: 22 OF 64 

rel. MC standard error: 0.0112 to 0.0532
eff. sample size: 353 to 8010
needed thinning: 2 to 36
Diagnostics time 0.0099 secs 

Total number of iterations 8241 - required further 102 

Chain # 1 - chunk 59 (chain 1 of 1 for this core): increasing by 103 

Iterations: 103 
|-------------|-------------|-------------|-------------|
|-------------------------------------------------------|

Current time: 2024-08-30 14:03:22
MCMC time 1.6 mins 

USED COMPONENTS: 22 OF 64 

rel. MC standard error: 0.01 to 0.0542
eff. sample size: 340 to 9910
needed thinning: 2 to 37
Diagnostics time 0.01 secs 

Total number of iterations 8344 - required further 105 

Chain # 1 - chunk 60 (chain 1 of 1 for this core): increasing by 106 

Iterations: 106 
|-------------|-------------|-------------|-------------|
|-------------------------------------------------------|

Current time: 2024-08-30 14:03:23
MCMC time 1.6 mins 

USED COMPONENTS: 22 OF 64 

rel. MC standard error: 0.0101 to 0.054
eff. sample size: 342 to 9810
needed thinning: 2 to 38
Diagnostics time 0.01 secs 

Total number of iterations 8450 - required further 108 

Chain # 1 - chunk 61 (chain 1 of 1 for this core): increasing by 109 

Iterations: 109 
|-------------|-------------|-------------|-------------|
|-------------------------------------------------------|

Current time: 2024-08-30 14:03:24
MCMC time 1.6 mins 

USED COMPONENTS: 22 OF 64 

rel. MC standard error: 0.0103 to 0.0529
eff. sample size: 358 to 9350
needed thinning: 2 to 36
Diagnostics time 0.01 secs 

Total number of iterations 8559 - required further 102 

Chain # 1 - chunk 62 (chain 1 of 1 for this core): increasing by 103 

Iterations: 103 
|-------------|-------------|-------------|-------------|
|-------------------------------------------------------|

Current time: 2024-08-30 14:03:25
MCMC time 1.6 mins 

USED COMPONENTS: 22 OF 64 

rel. MC standard error: 0.0102 to 0.0533
eff. sample size: 351 to 9630
needed thinning: 2 to 37
Diagnostics time 0.0099 secs 

Total number of iterations 8662 - required further 105 

Chain # 1 - chunk 63 (chain 1 of 1 for this core): increasing by 106 

Iterations: 106 
|-------------|-------------|-------------|-------------|
|-------------------------------------------------------|

Current time: 2024-08-30 14:03:26
MCMC time 1.7 mins 

USED COMPONENTS: 22 OF 64 

rel. MC standard error: 0.0103 to 0.0531
eff. sample size: 354 to 9510
needed thinning: 2 to 38
Diagnostics time 0.01 secs 

Total number of iterations 8768 - required further 108 

Chain # 1 - chunk 64 (chain 1 of 1 for this core): increasing by 109 

Iterations: 109 
|-------------|-------------|-------------|-------------|
|-------------------------------------------------------|

Current time: 2024-08-30 14:03:27
MCMC time 1.7 mins 

USED COMPONENTS: 22 OF 64 

rel. MC standard error: 0.0099 to 0.0528
eff. sample size: 359 to 10200
needed thinning: 2 to 38
Diagnostics time 0.01 secs 

Total number of iterations 8877 - required further 108 

Chain # 1 - chunk 65 (chain 1 of 1 for this core): increasing by 109 

Iterations: 109 
|-------------|-------------|-------------|-------------|
|-------------------------------------------------------|

Current time: 2024-08-30 14:03:29
MCMC time 1.7 mins 

USED COMPONENTS: 22 OF 64 

rel. MC standard error: 0.00984 to 0.0526
eff. sample size: 361 to 10300
needed thinning: 2 to 38
Diagnostics time 0.01 secs 

Total number of iterations 8986 - required further 108 

Chain # 1 - chunk 66 (chain 1 of 1 for this core): increasing by 109 

Iterations: 109 
|-------------|-------------|-------------|-------------|
|-------------------------------------------------------|

Current time: 2024-08-30 14:03:30
MCMC time 1.7 mins 

USED COMPONENTS: 22 OF 64 

rel. MC standard error: 0.00965 to 0.0536
eff. sample size: 348 to 10700
needed thinning: 2 to 40
Diagnostics time 0.01 secs 

Total number of iterations 9095 - required further 114 

Chain # 1 - chunk 67 (chain 1 of 1 for this core): increasing by 115 

Iterations: 115 
|-------------|-------------|-------------|-------------|
|-------------------------------------------------------|

Current time: 2024-08-30 14:03:31
MCMC time 1.7 mins 

USED COMPONENTS: 22 OF 64 

rel. MC standard error: 0.00976 to 0.0534
eff. sample size: 351 to 10500
needed thinning: 2 to 40
Diagnostics time 0.011 secs 

Total number of iterations 9210 - required further 114 

Chain # 1 - chunk 68 (chain 1 of 1 for this core): increasing by 115 

Iterations: 115 
|-------------|-------------|-------------|-------------|
|-------------------------------------------------------|

Current time: 2024-08-30 14:03:32
MCMC time 1.8 mins 

USED COMPONENTS: 22 OF 64 

rel. MC standard error: 0.00987 to 0.0534
eff. sample size: 351 to 10300
needed thinning: 2 to 40
Diagnostics time 0.011 secs 

Total number of iterations 9325 - required further 114 

Chain # 1 - chunk 69 (chain 1 of 1 for this core): increasing by 115 

Iterations: 115 
|-------------|-------------|-------------|-------------|
|-------------------------------------------------------|

Current time: 2024-08-30 14:03:34
MCMC time 1.8 mins 

USED COMPONENTS: 22 OF 64 

rel. MC standard error: 0.0097 to 0.052
eff. sample size: 370 to 10600
needed thinning: 2 to 39
Diagnostics time 0.011 secs 

Total number of iterations 9440 - required further 111 

Chain # 1 - chunk 70 (chain 1 of 1 for this core): increasing by 112 

Iterations: 112 
|-------------|-------------|-------------|-------------|
|-------------------------------------------------------|

Current time: 2024-08-30 14:03:35
MCMC time 1.8 mins 

USED COMPONENTS: 22 OF 64 

rel. MC standard error: 0.00963 to 0.0518
eff. sample size: 373 to 10800
needed thinning: 2 to 39
Diagnostics time 0.01 secs 

Total number of iterations 9552 - required further 111 

Chain # 1 - chunk 71 (chain 1 of 1 for this core): increasing by 112 

Iterations: 112 
|-------------|-------------|-------------|-------------|
|-------------------------------------------------------|

Current time: 2024-08-30 14:03:36
MCMC time 1.8 mins 

USED COMPONENTS: 22 OF 64 

rel. MC standard error: 0.00941 to 0.0524
eff. sample size: 364 to 11300
needed thinning: 2 to 40
Diagnostics time 0.011 secs 

Total number of iterations 9664 - required further 114 

Chain # 1 - chunk 72 (chain 1 of 1 for this core): increasing by 115 

Iterations: 115 
|-------------|-------------|-------------|-------------|
|-------------------------------------------------------|

Current time: 2024-08-30 14:03:37
MCMC time 1.8 mins 

USED COMPONENTS: 22 OF 64 

rel. MC standard error: 0.00931 to 0.0516
eff. sample size: 376 to 11500
needed thinning: 2 to 40
Diagnostics time 0.01 secs 

Total number of iterations 9779 - required further 114 

Chain # 1 - chunk 73 (chain 1 of 1 for this core): increasing by 115 

Iterations: 115 
|-------------|-------------|-------------|-------------|
|-------------------------------------------------------|

Current time: 2024-08-30 14:03:38
MCMC time 1.9 mins 

USED COMPONENTS: 22 OF 64 

rel. MC standard error: 0.0103 to 0.0503
eff. sample size: 396 to 9390
needed thinning: 2 to 38
Diagnostics time 0.022 secs 

Total number of iterations 9894 - required further 108 

Chain # 1 - chunk 74 (chain 1 of 1 for this core): increasing by 109 

Iterations: 109 
|-------------|-------------|-------------|-------------|
|-------------------------------------------------------|

Current time: 2024-08-30 14:03:40
MCMC time 1.9 mins 

USED COMPONENTS: 22 OF 64 

rel. MC standard error: 0.00923 to 0.0501
eff. sample size: 399 to 11700
needed thinning: 2 to 38
Diagnostics time 0.01 secs 

Total number of iterations 10003 - required further 108 

Chain # 1 - chunk 75 (chain 1 of 1 for this core): increasing by 109 

Iterations: 109 
|-------------|-------------|-------------|-------------|
|-------------------------------------------------------|

Current time: 2024-08-30 14:03:41
MCMC time 1.9 mins 

USED COMPONENTS: 22 OF 64 

rel. MC standard error: 0.00918 to 0.0499
eff. sample size: 402 to 11900
needed thinning: 2 to 38
Diagnostics time 0.01 secs 

Total number of iterations 10112 - required further 0 

Keeping last 8 samples with thinning 38 

Plotting traces and samples.

Current time: 2024-08-30 14:03:41
MCMC + diagnostics time 1.9 mins 

Current time: 2024-08-30 14:03:41
Total time 1.9 mins 
loaded inferno and set parent environment
loaded inferno and set parent environment
