Log core 5 - Current time: 2024-11-25 09:50:31
Defining model
Building model
Setting data and initial values
Running calculate on model
  [Note] Any error reports that follow may simply reflect missing values in model variables.
Checking model sizes and dimensions
Compiling
  [Note] This may take a minute.
  [Note] Use 'showCompilerOutput = TRUE' to see C++ compilation details.
===== Monitors =====
thin = 1: Bprob, Rmean, Rvar, W
thin2 = 1: K
===== Samplers =====
conjugate sampler (519)
  - Rmean[]  (148 elements)
  - Rrate[]  (148 elements)
  - Bprob[]  (74 elements)
  - Rvar[]  (148 elements)
  - W[1:74] 
categorical sampler (81)
  - Alpha
  - K[]  (80 elements)
===== Monitors =====
thin = 1: Bprob, Rmean, Rvar, W
thin2 = 1: K
===== Samplers =====
slice sampler (81)
  - Alpha
  - K[]  (80 elements)
conjugate sampler (519)
  - Rmean[]  (148 elements)
  - Rrate[]  (148 elements)
  - Bprob[]  (74 elements)
  - Rvar[]  (148 elements)
  - W[1:74] 
Compiling
  [Note] This may take a minute.
  [Note] Use 'showCompilerOutput = TRUE' to see C++ compilation details.

Setup time 1.1 mins 

Chain # 17 (chain 1 of 4 for this core)

Datapoints for testing convergence:
 #4 #7 #12 #22 #25 #27 #33 #35 #39 #45 #49 #50 #52 #60 #63 #64 #66 #72 #73 #76 

Iterations: 3600 
|-------------|-------------|-------------|-------------|
|-------------------------------------------------------|

Current time: 2024-11-25 09:52:05
MCMC time 29 secs 

USED COMPONENTS: 21 OF 74 

rel. MC standard error: 0.0154 to 0.0868
eff. sample size: 133 to 4240
needed thinning: 2 to 41
Diagnostics time 2 secs 

Total number of iterations 3600 - required further 318 

Chain # 17 - chunk 2 (chain 1 of 4 for this core): increasing by 319 

Iterations: 319 
|-------------|-------------|-------------|-------------|
|-------------------------------------------------------|

Current time: 2024-11-25 09:52:10
MCMC time 35 secs 

USED COMPONENTS: 21 OF 74 

rel. MC standard error: 0.017 to 0.0838
eff. sample size: 143 to 3450
needed thinning: 2 to 42
Diagnostics time 0.15 secs 

Total number of iterations 3919 - required further 326 

Chain # 17 - chunk 3 (chain 1 of 4 for this core): increasing by 327 

Iterations: 327 
|-------------|-------------|-------------|-------------|
|-------------------------------------------------------|

Current time: 2024-11-25 09:52:13
MCMC time 37 secs 

USED COMPONENTS: 20 OF 74 

rel. MC standard error: 0.0156 to 0.0844
eff. sample size: 140 to 4090
needed thinning: 2 to 46
Diagnostics time 0.15 secs 

Total number of iterations 4246 - required further 357 

Chain # 17 - chunk 4 (chain 1 of 4 for this core): increasing by 358 

Iterations: 358 
|-------------|-------------|-------------|-------------|
|-------------------------------------------------------|

Current time: 2024-11-25 09:52:15
MCMC time 40 secs 

USED COMPONENTS: 19 OF 74 

rel. MC standard error: 0.0158 to 0.0813
eff. sample size: 151 to 3990
needed thinning: 2 to 46
Diagnostics time 0.19 secs 

Total number of iterations 4604 - required further 357 

Chain # 17 - chunk 5 (chain 1 of 4 for this core): increasing by 358 

Iterations: 358 
|-------------|-------------|-------------|-------------|
|-------------------------------------------------------|

Current time: 2024-11-25 09:52:18
MCMC time 42 secs 

USED COMPONENTS: 19 OF 74 

rel. MC standard error: 0.0144 to 0.0805
eff. sample size: 154 to 4830
needed thinning: 2 to 49
Diagnostics time 0.6 secs 

Total number of iterations 4962 - required further 380 

Chain # 17 - chunk 6 (chain 1 of 4 for this core): increasing by 381 

Iterations: 381 
|-------------|-------------|-------------|-------------|
|-------------------------------------------------------|

Current time: 2024-11-25 09:52:21
MCMC time 45 secs 

USED COMPONENTS: 21 OF 74 

rel. MC standard error: 0.0136 to 0.0795
eff. sample size: 158 to 5400
needed thinning: 2 to 51
Diagnostics time 0.18 secs 

Total number of iterations 5343 - required further 396 

Chain # 17 - chunk 7 (chain 1 of 4 for this core): increasing by 397 

Iterations: 397 
|-------------|-------------|-------------|-------------|
|-------------------------------------------------------|

Current time: 2024-11-25 09:52:24
MCMC time 48 secs 

USED COMPONENTS: 21 OF 74 

rel. MC standard error: 0.0127 to 0.0775
eff. sample size: 166 to 6170
needed thinning: 2 to 52
Diagnostics time 0.18 secs 

Total number of iterations 5740 - required further 403 

Chain # 17 - chunk 8 (chain 1 of 4 for this core): increasing by 404 

Iterations: 404 
|-------------|-------------|-------------|-------------|
|-------------------------------------------------------|

Current time: 2024-11-25 09:52:26
MCMC time 51 secs 

USED COMPONENTS: 19 OF 74 

rel. MC standard error: 0.0125 to 0.0763
eff. sample size: 172 to 6410
needed thinning: 2 to 54
Diagnostics time 0.18 secs 

Total number of iterations 6144 - required further 419 

Chain # 17 - chunk 9 (chain 1 of 4 for this core): increasing by 420 

Iterations: 420 
|-------------|-------------|-------------|-------------|
|-------------------------------------------------------|

Current time: 2024-11-25 09:52:29
MCMC time 54 secs 

USED COMPONENTS: 20 OF 74 

rel. MC standard error: 0.0119 to 0.0746
eff. sample size: 180 to 7010
needed thinning: 2 to 55
Diagnostics time 0.2 secs 

Total number of iterations 6564 - required further 427 

Chain # 17 - chunk 10 (chain 1 of 4 for this core): increasing by 428 

Iterations: 428 
|-------------|-------------|-------------|-------------|
|-------------------------------------------------------|

Current time: 2024-11-25 09:52:32
MCMC time 57 secs 

USED COMPONENTS: 20 OF 74 

rel. MC standard error: 0.0119 to 0.0741
eff. sample size: 182 to 7020
needed thinning: 2 to 58
Diagnostics time 0.2 secs 

Total number of iterations 6992 - required further 450 

Chain # 17 - chunk 11 (chain 1 of 4 for this core): increasing by 451 

Iterations: 451 
|-------------|-------------|-------------|-------------|
|-------------------------------------------------------|

Current time: 2024-11-25 09:52:36
MCMC time 1 mins 

USED COMPONENTS: 21 OF 74 

rel. MC standard error: 0.0111 to 0.0736
eff. sample size: 185 to 8120
needed thinning: 2 to 61
Diagnostics time 0.22 secs 

Total number of iterations 7443 - required further 473 

Chain # 17 - chunk 12 (chain 1 of 4 for this core): increasing by 474 

Iterations: 474 
|-------------|-------------|-------------|-------------|
|-------------------------------------------------------|

Current time: 2024-11-25 09:52:39
MCMC time 1.1 mins 

USED COMPONENTS: 19 OF 74 

rel. MC standard error: 0.0115 to 0.0716
eff. sample size: 195 to 7580
needed thinning: 2 to 61
Diagnostics time 0.62 secs 

Total number of iterations 7917 - required further 473 

Chain # 17 - chunk 13 (chain 1 of 4 for this core): increasing by 474 

Iterations: 474 
|-------------|-------------|-------------|-------------|
|-------------------------------------------------------|

Current time: 2024-11-25 09:52:43
MCMC time 1.1 mins 

USED COMPONENTS: 19 OF 74 

rel. MC standard error: 0.0108 to 0.0687
eff. sample size: 212 to 8580
needed thinning: 2 to 60
Diagnostics time 0.22 secs 

Total number of iterations 8391 - required further 465 

Chain # 17 - chunk 14 (chain 1 of 4 for this core): increasing by 466 

Iterations: 466 
|-------------|-------------|-------------|-------------|
|-------------------------------------------------------|

Current time: 2024-11-25 09:52:46
MCMC time 1.2 mins 

USED COMPONENTS: 19 OF 74 

rel. MC standard error: 0.0104 to 0.0689
eff. sample size: 211 to 9300
needed thinning: 2 to 64
Diagnostics time 0.64 secs 

Total number of iterations 8857 - required further 496 

Chain # 17 - chunk 15 (chain 1 of 4 for this core): increasing by 497 

Iterations: 497 
|-------------|-------------|-------------|-------------|
|-------------------------------------------------------|

Current time: 2024-11-25 09:52:50
MCMC time 1.2 mins 

USED COMPONENTS: 17 OF 74 

rel. MC standard error: 0.0127 to 0.0686
eff. sample size: 213 to 6170
needed thinning: 3 to 67
Diagnostics time 0.22 secs 

Total number of iterations 9354 - required further 519 

Chain # 17 - chunk 16 (chain 1 of 4 for this core): increasing by 520 

Iterations: 520 
|-------------|-------------|-------------|-------------|
|-------------------------------------------------------|

Current time: 2024-11-25 09:52:53
MCMC time 1.3 mins 

USED COMPONENTS: 19 OF 74 

rel. MC standard error: 0.012 to 0.0673
eff. sample size: 221 to 6950
needed thinning: 3 to 68
Diagnostics time 0.25 secs 

Total number of iterations 9874 - required further 527 

Chain # 17 - chunk 17 (chain 1 of 4 for this core): increasing by 528 

Iterations: 528 
|-------------|-------------|-------------|-------------|
|-------------------------------------------------------|

Current time: 2024-11-25 09:52:57
MCMC time 1.4 mins 

USED COMPONENTS: 20 OF 74 

rel. MC standard error: 0.0121 to 0.0659
eff. sample size: 230 to 6810
needed thinning: 3 to 68
Diagnostics time 0.25 secs 

Total number of iterations 10402 - required further 527 

Chain # 17 - chunk 18 (chain 1 of 4 for this core): increasing by 528 

Iterations: 528 
|-------------|-------------|-------------|-------------|
|-------------------------------------------------------|

Current time: 2024-11-25 09:53:01
MCMC time 1.4 mins 

USED COMPONENTS: 19 OF 74 

rel. MC standard error: 0.0109 to 0.0638
eff. sample size: 246 to 8490
needed thinning: 2 to 67
Diagnostics time 0.62 secs 

Total number of iterations 10930 - required further 519 

Chain # 17 - chunk 19 (chain 1 of 4 for this core): increasing by 520 

Iterations: 520 
|-------------|-------------|-------------|-------------|
|-------------------------------------------------------|

Current time: 2024-11-25 09:53:04
MCMC time 1.5 mins 

USED COMPONENTS: 18 OF 74 

rel. MC standard error: 0.0117 to 0.0632
eff. sample size: 250 to 7340
needed thinning: 3 to 69
Diagnostics time 0.24 secs 

Total number of iterations 11450 - required further 535 

Chain # 17 - chunk 20 (chain 1 of 4 for this core): increasing by 536 

Iterations: 536 
|-------------|-------------|-------------|-------------|
|-------------------------------------------------------|

Current time: 2024-11-25 09:53:08
MCMC time 1.5 mins 

USED COMPONENTS: 17 OF 74 

rel. MC standard error: 0.0111 to 0.0631
eff. sample size: 251 to 8080
needed thinning: 3 to 72
Diagnostics time 0.22 secs 

Total number of iterations 11986 - required further 558 

Chain # 17 - chunk 21 (chain 1 of 4 for this core): increasing by 559 

Iterations: 559 
|-------------|-------------|-------------|-------------|
|-------------------------------------------------------|

Current time: 2024-11-25 09:53:12
MCMC time 1.6 mins 

USED COMPONENTS: 17 OF 74 

rel. MC standard error: 0.011 to 0.0621
eff. sample size: 259 to 8270
needed thinning: 3 to 73
Diagnostics time 0.61 secs 

Total number of iterations 12545 - required further 566 

Chain # 17 - chunk 22 (chain 1 of 4 for this core): increasing by 567 

Iterations: 567 
|-------------|-------------|-------------|-------------|
|-------------------------------------------------------|

Current time: 2024-11-25 09:53:16
MCMC time 1.7 mins 

USED COMPONENTS: 17 OF 74 

rel. MC standard error: 0.0111 to 0.0609
eff. sample size: 269 to 8180
needed thinning: 3 to 74
Diagnostics time 0.28 secs 

Total number of iterations 13112 - required further 574 

Chain # 17 - chunk 23 (chain 1 of 4 for this core): increasing by 575 

Iterations: 575 
|-------------|-------------|-------------|-------------|
|-------------------------------------------------------|

Current time: 2024-11-25 09:53:20
MCMC time 1.7 mins 

USED COMPONENTS: 17 OF 74 

rel. MC standard error: 0.0108 to 0.06
eff. sample size: 278 to 8570
needed thinning: 3 to 74
Diagnostics time 0.28 secs 

Total number of iterations 13687 - required further 574 

Chain # 17 - chunk 24 (chain 1 of 4 for this core): increasing by 575 

Iterations: 575 
|-------------|-------------|-------------|-------------|
|-------------------------------------------------------|

Current time: 2024-11-25 09:53:24
MCMC time 1.8 mins 

USED COMPONENTS: 16 OF 74 

rel. MC standard error: 0.0103 to 0.0556
eff. sample size: 324 to 9510
needed thinning: 3 to 67
Diagnostics time 0.24 secs 

Total number of iterations 14262 - required further 519 

Chain # 17 - chunk 25 (chain 1 of 4 for this core): increasing by 520 

Iterations: 520 
|-------------|-------------|-------------|-------------|
|-------------------------------------------------------|

Current time: 2024-11-25 09:53:28
MCMC time 1.9 mins 

USED COMPONENTS: 17 OF 74 

rel. MC standard error: 0.0109 to 0.0542
eff. sample size: 340 to 8360
needed thinning: 3 to 66
Diagnostics time 0.26 secs 

Total number of iterations 14782 - required further 512 

Chain # 17 - chunk 26 (chain 1 of 4 for this core): increasing by 513 

Iterations: 513 
|-------------|-------------|-------------|-------------|
|-------------------------------------------------------|

Current time: 2024-11-25 09:53:32
MCMC time 1.9 mins 

USED COMPONENTS: 17 OF 74 

rel. MC standard error: 0.0103 to 0.0533
eff. sample size: 352 to 9480
needed thinning: 3 to 66
Diagnostics time 0.21 secs 

Total number of iterations 15295 - required further 512 

Chain # 17 - chunk 27 (chain 1 of 4 for this core): increasing by 513 

Iterations: 513 
|-------------|-------------|-------------|-------------|
|-------------------------------------------------------|

Current time: 2024-11-25 09:53:35
MCMC time 2 mins 

USED COMPONENTS: 18 OF 74 

rel. MC standard error: 0.00979 to 0.0545
eff. sample size: 337 to 10400
needed thinning: 3 to 71
Diagnostics time 0.22 secs 

Total number of iterations 15808 - required further 550 

Chain # 17 - chunk 28 (chain 1 of 4 for this core): increasing by 551 

Iterations: 551 
|-------------|-------------|-------------|-------------|
|-------------------------------------------------------|

Current time: 2024-11-25 09:53:39
MCMC time 2.1 mins 

USED COMPONENTS: 16 OF 74 

rel. MC standard error: 0.01 to 0.0558
eff. sample size: 321 to 9960
needed thinning: 3 to 77
Diagnostics time 0.24 secs 

Total number of iterations 16359 - required further 597 

Chain # 17 - chunk 29 (chain 1 of 4 for this core): increasing by 598 

Iterations: 598 
|-------------|-------------|-------------|-------------|
|-------------------------------------------------------|

Current time: 2024-11-25 09:53:43
MCMC time 2.1 mins 

USED COMPONENTS: 15 OF 74 

rel. MC standard error: 0.00977 to 0.0564
eff. sample size: 314 to 10500
needed thinning: 3 to 81
Diagnostics time 0.31 secs 

Total number of iterations 16957 - required further 628 

Chain # 17 - chunk 30 (chain 1 of 4 for this core): increasing by 629 

Iterations: 629 
|-------------|-------------|-------------|-------------|
|-------------------------------------------------------|

Current time: 2024-11-25 09:53:48
MCMC time 2.2 mins 

USED COMPONENTS: 15 OF 74 

rel. MC standard error: 0.00926 to 0.0553
eff. sample size: 327 to 11700
needed thinning: 3 to 81
Diagnostics time 0.25 secs 

Total number of iterations 17586 - required further 628 

Chain # 17 - chunk 31 (chain 1 of 4 for this core): increasing by 629 

Iterations: 629 
|-------------|-------------|-------------|-------------|
|-------------------------------------------------------|

Current time: 2024-11-25 09:53:52
MCMC time 2.3 mins 

USED COMPONENTS: 15 OF 74 

rel. MC standard error: 0.00938 to 0.0546
eff. sample size: 335 to 11400
needed thinning: 3 to 82
Diagnostics time 0.28 secs 

Total number of iterations 18215 - required further 636 

Chain # 17 - chunk 32 (chain 1 of 4 for this core): increasing by 637 

Iterations: 637 
|-------------|-------------|-------------|-------------|
|-------------------------------------------------------|

Current time: 2024-11-25 09:53:56
MCMC time 2.4 mins 

USED COMPONENTS: 14 OF 74 

rel. MC standard error: 0.00917 to 0.054
eff. sample size: 344 to 11900
needed thinning: 3 to 83
Diagnostics time 0.27 secs 

Total number of iterations 18852 - required further 643 

Chain # 17 - chunk 33 (chain 1 of 4 for this core): increasing by 644 

Iterations: 644 
|-------------|-------------|-------------|-------------|
|-------------------------------------------------------|

Current time: 2024-11-25 09:54:01
MCMC time 2.4 mins 

USED COMPONENTS: 15 OF 74 

rel. MC standard error: 0.00997 to 0.0525
eff. sample size: 363 to 10100
needed thinning: 3 to 81
Diagnostics time 0.29 secs 

Total number of iterations 19496 - required further 628 

Chain # 17 - chunk 34 (chain 1 of 4 for this core): increasing by 629 

Iterations: 629 
|-------------|-------------|-------------|-------------|
|-------------------------------------------------------|

Current time: 2024-11-25 09:54:05
MCMC time 2.5 mins 

USED COMPONENTS: 15 OF 74 

rel. MC standard error: 0.00965 to 0.0528
eff. sample size: 359 to 10700
needed thinning: 3 to 85
Diagnostics time 0.25 secs 

Total number of iterations 20125 - required further 659 

Chain # 17 - chunk 35 (chain 1 of 4 for this core): increasing by 660 

Iterations: 660 
|-------------|-------------|-------------|-------------|
|-------------------------------------------------------|

Current time: 2024-11-25 09:54:10
MCMC time 2.6 mins 

USED COMPONENTS: 15 OF 74 

rel. MC standard error: 0.0092 to 0.052
eff. sample size: 369 to 11800
needed thinning: 3 to 85
Diagnostics time 0.29 secs 

Total number of iterations 20785 - required further 659 

Chain # 17 - chunk 36 (chain 1 of 4 for this core): increasing by 660 

Iterations: 660 
|-------------|-------------|-------------|-------------|
|-------------------------------------------------------|

Current time: 2024-11-25 09:54:14
MCMC time 2.6 mins 

USED COMPONENTS: 15 OF 74 

rel. MC standard error: 0.00947 to 0.0517
eff. sample size: 375 to 11100
needed thinning: 3 to 86
Diagnostics time 0.29 secs 

Total number of iterations 21445 - required further 667 

Chain # 17 - chunk 37 (chain 1 of 4 for this core): increasing by 668 

Iterations: 668 
|-------------|-------------|-------------|-------------|
|-------------------------------------------------------|

Current time: 2024-11-25 09:54:19
MCMC time 2.7 mins 

USED COMPONENTS: 14 OF 74 

rel. MC standard error: 0.00957 to 0.0503
eff. sample size: 395 to 10900
needed thinning: 4 to 85
Diagnostics time 0.29 secs 

Total number of iterations 22113 - required further 659 

Chain # 17 - chunk 38 (chain 1 of 4 for this core): increasing by 660 

Iterations: 660 
|-------------|-------------|-------------|-------------|
|-------------------------------------------------------|

Current time: 2024-11-25 09:54:23
MCMC time 2.8 mins 

USED COMPONENTS: 15 OF 74 

rel. MC standard error: 0.0094 to 0.05
eff. sample size: 399 to 11300
needed thinning: 4 to 86
Diagnostics time 0.28 secs 

Total number of iterations 22773 - required further 667 

Chain # 17 - chunk 39 (chain 1 of 4 for this core): increasing by 668 

Iterations: 668 
|-------------|-------------|-------------|-------------|
|-------------------------------------------------------|

Current time: 2024-11-25 09:54:28
MCMC time 2.9 mins 

USED COMPONENTS: 14 OF 74 

rel. MC standard error: 0.00968 to 0.0492
eff. sample size: 413 to 10700
needed thinning: 4 to 86
Diagnostics time 0.33 secs 

Total number of iterations 23441 - required further 0 

Keeping last 60 samples with thinning 86 

Plotting traces and samples.

Current time: 2024-11-25 09:54:30
MCMC + diagnostics time 2.9 mins 

Chain # 18 (chain 2 of 4 for this core)

Datapoints for testing convergence:
 #3 #5 #10 #32 #35 #39 #42 #43 #45 #48 #51 #52 #57 #60 #62 #72 #73 #75 #78 #79 

Iterations: 3600 
|-------------|-------------|-------------|-------------|
|-------------------------------------------------------|

Current time: 2024-11-25 09:54:52
MCMC time 3.3 mins 

USED COMPONENTS: 22 OF 74 

rel. MC standard error: 0.022 to 0.083
eff. sample size: 145 to 2070
needed thinning: 3 to 38
Diagnostics time 1.6 secs 

Total number of iterations 3600 - required further 295 

Chain # 18 - chunk 2 (chain 2 of 4 for this core): increasing by 296 

Iterations: 296 
|-------------|-------------|-------------|-------------|
|-------------------------------------------------------|

Current time: 2024-11-25 09:54:56
MCMC time 3.3 mins 

USED COMPONENTS: 19 OF 74 

rel. MC standard error: 0.0211 to 0.0649
eff. sample size: 237 to 2240
needed thinning: 3 to 25
Diagnostics time 0.17 secs 

Total number of iterations 3896 - required further 194 

Chain # 18 - chunk 3 (chain 2 of 4 for this core): increasing by 195 

Iterations: 195 
|-------------|-------------|-------------|-------------|
|-------------------------------------------------------|

Current time: 2024-11-25 09:54:58
MCMC time 3.4 mins 

USED COMPONENTS: 20 OF 74 

rel. MC standard error: 0.0218 to 0.0805
eff. sample size: 154 to 2110
needed thinning: 3 to 40
Diagnostics time 0.11 secs 

Total number of iterations 4091 - required further 640 

Chain # 18 - chunk 4 (chain 2 of 4 for this core): increasing by 641 

Iterations: 641 
|-------------|-------------|-------------|-------------|
|-------------------------------------------------------|

Current time: 2024-11-25 09:55:02
MCMC time 3.4 mins 

USED COMPONENTS: 21 OF 74 

rel. MC standard error: 0.0257 to 0.0717
eff. sample size: 194 to 1520
needed thinning: 5 to 37
Diagnostics time 0.23 secs 

Total number of iterations 4732 - required further 287 

Chain # 18 - chunk 5 (chain 2 of 4 for this core): increasing by 288 

Iterations: 288 
|-------------|-------------|-------------|-------------|
|-------------------------------------------------------|

Current time: 2024-11-25 09:55:04
MCMC time 3.5 mins 

USED COMPONENTS: 19 OF 74 

rel. MC standard error: 0.0243 to 0.0709
eff. sample size: 199 to 1690
needed thinning: 5 to 38
Diagnostics time 0.12 secs 

Total number of iterations 5020 - required further 295 

Chain # 18 - chunk 6 (chain 2 of 4 for this core): increasing by 296 

Iterations: 296 
|-------------|-------------|-------------|-------------|
|-------------------------------------------------------|

Current time: 2024-11-25 09:55:06
MCMC time 3.5 mins 

USED COMPONENTS: 20 OF 74 

rel. MC standard error: 0.0206 to 0.07
eff. sample size: 204 to 2350
needed thinning: 4 to 40
Diagnostics time 0.13 secs 

Total number of iterations 5316 - required further 310 

Chain # 18 - chunk 7 (chain 2 of 4 for this core): increasing by 311 

Iterations: 311 
|-------------|-------------|-------------|-------------|
|-------------------------------------------------------|

Current time: 2024-11-25 09:55:08
MCMC time 3.5 mins 

USED COMPONENTS: 21 OF 74 

rel. MC standard error: 0.0221 to 0.0695
eff. sample size: 207 to 2050
needed thinning: 5 to 41
Diagnostics time 0.15 secs 

Total number of iterations 5627 - required further 318 

Chain # 18 - chunk 8 (chain 2 of 4 for this core): increasing by 319 

Iterations: 319 
|-------------|-------------|-------------|-------------|
|-------------------------------------------------------|

Current time: 2024-11-25 09:55:10
MCMC time 3.6 mins 

USED COMPONENTS: 23 OF 74 

rel. MC standard error: 0.0217 to 0.0677
eff. sample size: 218 to 2120
needed thinning: 5 to 41
Diagnostics time 0.13 secs 

Total number of iterations 5946 - required further 318 

Chain # 18 - chunk 9 (chain 2 of 4 for this core): increasing by 319 

Iterations: 319 
|-------------|-------------|-------------|-------------|
|-------------------------------------------------------|

Current time: 2024-11-25 09:55:12
MCMC time 3.6 mins 

USED COMPONENTS: 21 OF 74 

rel. MC standard error: 0.021 to 0.0658
eff. sample size: 231 to 2270
needed thinning: 5 to 41
Diagnostics time 0.16 secs 

Total number of iterations 6265 - required further 318 

Chain # 18 - chunk 10 (chain 2 of 4 for this core): increasing by 319 

Iterations: 319 
|-------------|-------------|-------------|-------------|
|-------------------------------------------------------|

Current time: 2024-11-25 09:55:14
MCMC time 3.7 mins 

USED COMPONENTS: 20 OF 74 

rel. MC standard error: 0.0196 to 0.0647
eff. sample size: 239 to 2600
needed thinning: 4 to 42
Diagnostics time 0.13 secs 

Total number of iterations 6584 - required further 326 

Chain # 18 - chunk 11 (chain 2 of 4 for this core): increasing by 327 

Iterations: 327 
|-------------|-------------|-------------|-------------|
|-------------------------------------------------------|

Current time: 2024-11-25 09:55:17
MCMC time 3.7 mins 

USED COMPONENTS: 19 OF 74 

rel. MC standard error: 0.0215 to 0.0638
eff. sample size: 246 to 2170
needed thinning: 5 to 43
Diagnostics time 0.13 secs 

Total number of iterations 6911 - required further 334 

Chain # 18 - chunk 12 (chain 2 of 4 for this core): increasing by 335 

Iterations: 335 
|-------------|-------------|-------------|-------------|
|-------------------------------------------------------|

Current time: 2024-11-25 09:55:19
MCMC time 3.7 mins 

USED COMPONENTS: 19 OF 74 

rel. MC standard error: 0.021 to 0.062
eff. sample size: 260 to 2270
needed thinning: 5 to 42
Diagnostics time 0.14 secs 

Total number of iterations 7246 - required further 326 

Chain # 18 - chunk 13 (chain 2 of 4 for this core): increasing by 327 

Iterations: 327 
|-------------|-------------|-------------|-------------|
|-------------------------------------------------------|

Current time: 2024-11-25 09:55:21
MCMC time 3.8 mins 

USED COMPONENTS: 20 OF 74 

rel. MC standard error: 0.0194 to 0.0608
eff. sample size: 271 to 2670
needed thinning: 5 to 42
Diagnostics time 0.16 secs 

Total number of iterations 7573 - required further 326 

Chain # 18 - chunk 14 (chain 2 of 4 for this core): increasing by 327 

Iterations: 327 
|-------------|-------------|-------------|-------------|
|-------------------------------------------------------|

Current time: 2024-11-25 09:55:23
MCMC time 3.8 mins 

USED COMPONENTS: 18 OF 74 

rel. MC standard error: 0.0209 to 0.0589
eff. sample size: 288 to 2300
needed thinning: 6 to 42
Diagnostics time 0.14 secs 

Total number of iterations 7900 - required further 326 

Chain # 18 - chunk 15 (chain 2 of 4 for this core): increasing by 327 

Iterations: 327 
|-------------|-------------|-------------|-------------|
|-------------------------------------------------------|

Current time: 2024-11-25 09:55:25
MCMC time 3.8 mins 

USED COMPONENTS: 18 OF 74 

rel. MC standard error: 0.0186 to 0.0591
eff. sample size: 287 to 2890
needed thinning: 5 to 44
Diagnostics time 0.15 secs 

Total number of iterations 8227 - required further 341 

Chain # 18 - chunk 16 (chain 2 of 4 for this core): increasing by 342 

Iterations: 342 
|-------------|-------------|-------------|-------------|
|-------------------------------------------------------|

Current time: 2024-11-25 09:55:27
MCMC time 3.9 mins 

USED COMPONENTS: 17 OF 74 

rel. MC standard error: 0.0168 to 0.0573
eff. sample size: 304 to 3560
needed thinning: 4 to 43
Diagnostics time 0.16 secs 

Total number of iterations 8569 - required further 334 

Chain # 18 - chunk 17 (chain 2 of 4 for this core): increasing by 335 

Iterations: 335 
|-------------|-------------|-------------|-------------|
|-------------------------------------------------------|

Current time: 2024-11-25 09:55:29
MCMC time 3.9 mins 

USED COMPONENTS: 19 OF 74 

rel. MC standard error: 0.019 to 0.0563
eff. sample size: 316 to 2770
needed thinning: 5 to 43
Diagnostics time 0.17 secs 

Total number of iterations 8904 - required further 334 

Chain # 18 - chunk 18 (chain 2 of 4 for this core): increasing by 335 

Iterations: 335 
|-------------|-------------|-------------|-------------|
|-------------------------------------------------------|

Current time: 2024-11-25 09:55:31
MCMC time 3.9 mins 

USED COMPONENTS: 19 OF 74 

rel. MC standard error: 0.0175 to 0.0557
eff. sample size: 322 to 3260
needed thinning: 5 to 44
Diagnostics time 0.14 secs 

Total number of iterations 9239 - required further 341 

Chain # 18 - chunk 19 (chain 2 of 4 for this core): increasing by 342 

Iterations: 342 
|-------------|-------------|-------------|-------------|
|-------------------------------------------------------|

Current time: 2024-11-25 09:55:34
MCMC time 4 mins 

USED COMPONENTS: 18 OF 74 

rel. MC standard error: 0.018 to 0.0556
eff. sample size: 323 to 3080
needed thinning: 5 to 45
Diagnostics time 0.14 secs 

Total number of iterations 9581 - required further 349 

Chain # 18 - chunk 20 (chain 2 of 4 for this core): increasing by 350 

Iterations: 350 
|-------------|-------------|-------------|-------------|
|-------------------------------------------------------|

Current time: 2024-11-25 09:55:36
MCMC time 4 mins 

USED COMPONENTS: 17 OF 74 

rel. MC standard error: 0.0166 to 0.0542
eff. sample size: 340 to 3640
needed thinning: 5 to 44
Diagnostics time 0.16 secs 

Total number of iterations 9931 - required further 341 

Chain # 18 - chunk 21 (chain 2 of 4 for this core): increasing by 342 

Iterations: 342 
|-------------|-------------|-------------|-------------|
|-------------------------------------------------------|

Current time: 2024-11-25 09:55:38
MCMC time 4 mins 

USED COMPONENTS: 21 OF 74 

rel. MC standard error: 0.0178 to 0.0534
eff. sample size: 351 to 3150
needed thinning: 5 to 44
Diagnostics time 0.15 secs 

Total number of iterations 10273 - required further 341 

Chain # 18 - chunk 22 (chain 2 of 4 for this core): increasing by 342 

Iterations: 342 
|-------------|-------------|-------------|-------------|
|-------------------------------------------------------|

Current time: 2024-11-25 09:55:40
MCMC time 4.1 mins 

USED COMPONENTS: 20 OF 74 

rel. MC standard error: 0.0165 to 0.0528
eff. sample size: 359 to 3670
needed thinning: 5 to 45
Diagnostics time 0.57 secs 

Total number of iterations 10615 - required further 349 

Chain # 18 - chunk 23 (chain 2 of 4 for this core): increasing by 350 

Iterations: 350 
|-------------|-------------|-------------|-------------|
|-------------------------------------------------------|

Current time: 2024-11-25 09:55:43
MCMC time 4.1 mins 

USED COMPONENTS: 19 OF 74 

rel. MC standard error: 0.0162 to 0.0533
eff. sample size: 352 to 3790
needed thinning: 5 to 47
Diagnostics time 0.14 secs 

Total number of iterations 10965 - required further 365 

Chain # 18 - chunk 24 (chain 2 of 4 for this core): increasing by 366 

Iterations: 366 
|-------------|-------------|-------------|-------------|
|-------------------------------------------------------|

Current time: 2024-11-25 09:55:45
MCMC time 4.2 mins 

USED COMPONENTS: 19 OF 74 

rel. MC standard error: 0.0177 to 0.0509
eff. sample size: 385 to 3190
needed thinning: 6 to 45
Diagnostics time 0.16 secs 

Total number of iterations 11331 - required further 349 

Chain # 18 - chunk 25 (chain 2 of 4 for this core): increasing by 350 

Iterations: 350 
|-------------|-------------|-------------|-------------|
|-------------------------------------------------------|

Current time: 2024-11-25 09:55:47
MCMC time 4.2 mins 

USED COMPONENTS: 18 OF 74 

rel. MC standard error: 0.0157 to 0.0502
eff. sample size: 396 to 4070
needed thinning: 5 to 45
Diagnostics time 0.14 secs 

Total number of iterations 11681 - required further 349 

Chain # 18 - chunk 26 (chain 2 of 4 for this core): increasing by 350 

Iterations: 350 
|-------------|-------------|-------------|-------------|
|-------------------------------------------------------|

Current time: 2024-11-25 09:55:50
MCMC time 4.2 mins 

USED COMPONENTS: 18 OF 74 

rel. MC standard error: 0.0171 to 0.05
eff. sample size: 401 to 3420
needed thinning: 6 to 46
Diagnostics time 0.16 secs 

Total number of iterations 12031 - required further 0 

Keeping last 60 samples with thinning 46 

Plotting traces and samples.

Current time: 2024-11-25 09:55:51
MCMC + diagnostics time 4.3 mins 

Chain # 19 (chain 3 of 4 for this core)

Datapoints for testing convergence:
 #3 #6 #10 #11 #12 #17 #25 #26 #31 #32 #35 #41 #50 #51 #63 #68 #74 #76 #77 #78 

Iterations: 3600 
|-------------|-------------|-------------|-------------|
|-------------------------------------------------------|

Current time: 2024-11-25 09:56:08
MCMC time 4.6 mins 

USED COMPONENTS: 19 OF 74 

rel. MC standard error: 0.0272 to 0.0783
eff. sample size: 163 to 1350
needed thinning: 5 to 34
Diagnostics time 1.9 secs 

Total number of iterations 3600 - required further 264 

Chain # 19 - chunk 2 (chain 3 of 4 for this core): increasing by 265 

Iterations: 265 
|-------------|-------------|-------------|-------------|
|-------------------------------------------------------|

Current time: 2024-11-25 09:56:12
MCMC time 4.6 mins 

USED COMPONENTS: 19 OF 74 

rel. MC standard error: 0.0276 to 0.0773
eff. sample size: 167 to 1320
needed thinning: 5 to 35
Diagnostics time 0.096 secs 

Total number of iterations 3865 - required further 272 

Chain # 19 - chunk 3 (chain 3 of 4 for this core): increasing by 273 

Iterations: 273 
|-------------|-------------|-------------|-------------|
|-------------------------------------------------------|

Current time: 2024-11-25 09:56:14
MCMC time 4.6 mins 

USED COMPONENTS: 18 OF 74 

rel. MC standard error: 0.0235 to 0.0764
eff. sample size: 171 to 1800
needed thinning: 4 to 37
Diagnostics time 0.12 secs 

Total number of iterations 4138 - required further 287 

Chain # 19 - chunk 4 (chain 3 of 4 for this core): increasing by 288 

Iterations: 288 
|-------------|-------------|-------------|-------------|
|-------------------------------------------------------|

Current time: 2024-11-25 09:56:15
MCMC time 4.7 mins 

USED COMPONENTS: 18 OF 74 

rel. MC standard error: 0.0219 to 0.0751
eff. sample size: 177 to 2080
needed thinning: 4 to 38
Diagnostics time 0.12 secs 

Total number of iterations 4426 - required further 295 

Chain # 19 - chunk 5 (chain 3 of 4 for this core): increasing by 296 

Iterations: 296 
|-------------|-------------|-------------|-------------|
|-------------------------------------------------------|

Current time: 2024-11-25 09:56:17
MCMC time 4.7 mins 

USED COMPONENTS: 20 OF 74 

rel. MC standard error: 0.0238 to 0.0749
eff. sample size: 178 to 1760
needed thinning: 5 to 40
Diagnostics time 0.16 secs 

Total number of iterations 4722 - required further 310 

Chain # 19 - chunk 6 (chain 3 of 4 for this core): increasing by 311 

Iterations: 311 
|-------------|-------------|-------------|-------------|
|-------------------------------------------------------|

Current time: 2024-11-25 09:56:19
MCMC time 4.7 mins 

USED COMPONENTS: 18 OF 74 

rel. MC standard error: 0.0235 to 0.0733
eff. sample size: 186 to 1820
needed thinning: 5 to 41
Diagnostics time 0.13 secs 

Total number of iterations 5033 - required further 318 

Chain # 19 - chunk 7 (chain 3 of 4 for this core): increasing by 319 

Iterations: 319 
|-------------|-------------|-------------|-------------|
|-------------------------------------------------------|

Current time: 2024-11-25 09:56:20
MCMC time 4.8 mins 

USED COMPONENTS: 19 OF 74 

rel. MC standard error: 0.0235 to 0.0731
eff. sample size: 187 to 1820
needed thinning: 5 to 43
Diagnostics time 0.15 secs 

Total number of iterations 5352 - required further 334 

Chain # 19 - chunk 8 (chain 3 of 4 for this core): increasing by 335 

Iterations: 335 
|-------------|-------------|-------------|-------------|
|-------------------------------------------------------|

Current time: 2024-11-25 09:56:22
MCMC time 4.8 mins 

USED COMPONENTS: 18 OF 74 

rel. MC standard error: 0.0237 to 0.0709
eff. sample size: 199 to 1770
needed thinning: 5 to 43
Diagnostics time 0.15 secs 

Total number of iterations 5687 - required further 334 

Chain # 19 - chunk 9 (chain 3 of 4 for this core): increasing by 335 

Iterations: 335 
|-------------|-------------|-------------|-------------|
|-------------------------------------------------------|

Current time: 2024-11-25 09:56:24
MCMC time 4.8 mins 

USED COMPONENTS: 18 OF 74 

rel. MC standard error: 0.0228 to 0.0727
eff. sample size: 189 to 1930
needed thinning: 5 to 48
Diagnostics time 0.16 secs 

Total number of iterations 6022 - required further 372 

Chain # 19 - chunk 10 (chain 3 of 4 for this core): increasing by 373 

Iterations: 373 
|-------------|-------------|-------------|-------------|
|-------------------------------------------------------|

Current time: 2024-11-25 09:56:26
MCMC time 4.8 mins 

USED COMPONENTS: 18 OF 74 

rel. MC standard error: 0.0182 to 0.0682
eff. sample size: 215 to 3010
needed thinning: 4 to 45
Diagnostics time 0.16 secs 

Total number of iterations 6395 - required further 349 

Chain # 19 - chunk 11 (chain 3 of 4 for this core): increasing by 350 

Iterations: 350 
|-------------|-------------|-------------|-------------|
|-------------------------------------------------------|

Current time: 2024-11-25 09:56:28
MCMC time 4.9 mins 

USED COMPONENTS: 18 OF 74 

rel. MC standard error: 0.0216 to 0.0679
eff. sample size: 217 to 2150
needed thinning: 5 to 47
Diagnostics time 0.15 secs 

Total number of iterations 6745 - required further 365 

Chain # 19 - chunk 12 (chain 3 of 4 for this core): increasing by 366 

Iterations: 366 
|-------------|-------------|-------------|-------------|
|-------------------------------------------------------|

Current time: 2024-11-25 09:56:30
MCMC time 4.9 mins 

USED COMPONENTS: 16 OF 74 

rel. MC standard error: 0.0197 to 0.0672
eff. sample size: 221 to 2570
needed thinning: 5 to 49
Diagnostics time 0.14 secs 

Total number of iterations 7111 - required further 380 

Chain # 19 - chunk 13 (chain 3 of 4 for this core): increasing by 381 

Iterations: 381 
|-------------|-------------|-------------|-------------|
|-------------------------------------------------------|

Current time: 2024-11-25 09:56:32
MCMC time 4.9 mins 

USED COMPONENTS: 16 OF 74 

rel. MC standard error: 0.0208 to 0.0665
eff. sample size: 226 to 2310
needed thinning: 5 to 50
Diagnostics time 0.16 secs 

Total number of iterations 7492 - required further 388 

Chain # 19 - chunk 14 (chain 3 of 4 for this core): increasing by 389 

Iterations: 389 
|-------------|-------------|-------------|-------------|
|-------------------------------------------------------|

Current time: 2024-11-25 09:56:35
MCMC time 5 mins 

USED COMPONENTS: 17 OF 74 

rel. MC standard error: 0.0224 to 0.0644
eff. sample size: 241 to 1990
needed thinning: 6 to 49
Diagnostics time 0.19 secs 

Total number of iterations 7881 - required further 380 

Chain # 19 - chunk 15 (chain 3 of 4 for this core): increasing by 381 

Iterations: 381 
|-------------|-------------|-------------|-------------|
|-------------------------------------------------------|

Current time: 2024-11-25 09:56:37
MCMC time 5 mins 

USED COMPONENTS: 16 OF 74 

rel. MC standard error: 0.0194 to 0.064
eff. sample size: 244 to 2650
needed thinning: 5 to 51
Diagnostics time 0.52 secs 

Total number of iterations 8262 - required further 396 

Chain # 19 - chunk 16 (chain 3 of 4 for this core): increasing by 397 

Iterations: 397 
|-------------|-------------|-------------|-------------|
|-------------------------------------------------------|

Current time: 2024-11-25 09:56:40
MCMC time 5.1 mins 

USED COMPONENTS: 16 OF 74 

rel. MC standard error: 0.0191 to 0.0623
eff. sample size: 257 to 2750
needed thinning: 5 to 51
Diagnostics time 0.17 secs 

Total number of iterations 8659 - required further 396 

Chain # 19 - chunk 17 (chain 3 of 4 for this core): increasing by 397 

Iterations: 397 
|-------------|-------------|-------------|-------------|
|-------------------------------------------------------|

Current time: 2024-11-25 09:56:42
MCMC time 5.1 mins 

USED COMPONENTS: 14 OF 74 

rel. MC standard error: 0.0192 to 0.062
eff. sample size: 260 to 2700
needed thinning: 6 to 53
Diagnostics time 0.16 secs 

Total number of iterations 9056 - required further 411 

Chain # 19 - chunk 18 (chain 3 of 4 for this core): increasing by 412 

Iterations: 412 
|-------------|-------------|-------------|-------------|
|-------------------------------------------------------|

Current time: 2024-11-25 09:56:44
MCMC time 5.1 mins 

USED COMPONENTS: 15 OF 74 

rel. MC standard error: 0.0212 to 0.0594
eff. sample size: 283 to 2220
needed thinning: 7 to 51
Diagnostics time 0.16 secs 

Total number of iterations 9468 - required further 396 

Chain # 19 - chunk 19 (chain 3 of 4 for this core): increasing by 397 

Iterations: 397 
|-------------|-------------|-------------|-------------|
|-------------------------------------------------------|

Current time: 2024-11-25 09:56:46
MCMC time 5.2 mins 

USED COMPONENTS: 15 OF 74 

rel. MC standard error: 0.0182 to 0.0613
eff. sample size: 267 to 3020
needed thinning: 5 to 56
Diagnostics time 0.19 secs 

Total number of iterations 9865 - required further 434 

Chain # 19 - chunk 20 (chain 3 of 4 for this core): increasing by 435 

Iterations: 435 
|-------------|-------------|-------------|-------------|
|-------------------------------------------------------|

Current time: 2024-11-25 09:56:49
MCMC time 5.2 mins 

USED COMPONENTS: 16 OF 74 

rel. MC standard error: 0.0179 to 0.0582
eff. sample size: 295 to 3110
needed thinning: 5 to 53
Diagnostics time 0.18 secs 

Total number of iterations 10300 - required further 411 

Chain # 19 - chunk 21 (chain 3 of 4 for this core): increasing by 412 

Iterations: 412 
|-------------|-------------|-------------|-------------|
|-------------------------------------------------------|

Current time: 2024-11-25 09:56:51
MCMC time 5.3 mins 

USED COMPONENTS: 15 OF 74 

rel. MC standard error: 0.0164 to 0.057
eff. sample size: 308 to 3740
needed thinning: 5 to 53
Diagnostics time 0.17 secs 

Total number of iterations 10712 - required further 411 

Chain # 19 - chunk 22 (chain 3 of 4 for this core): increasing by 412 

Iterations: 412 
|-------------|-------------|-------------|-------------|
|-------------------------------------------------------|

Current time: 2024-11-25 09:56:53
MCMC time 5.3 mins 

USED COMPONENTS: 16 OF 74 

rel. MC standard error: 0.0177 to 0.0575
eff. sample size: 303 to 3200
needed thinning: 6 to 56
Diagnostics time 0.17 secs 

Total number of iterations 11124 - required further 434 

Chain # 19 - chunk 23 (chain 3 of 4 for this core): increasing by 435 

Iterations: 435 
|-------------|-------------|-------------|-------------|
|-------------------------------------------------------|

Current time: 2024-11-25 09:56:56
MCMC time 5.3 mins 

USED COMPONENTS: 15 OF 74 

rel. MC standard error: 0.0171 to 0.0549
eff. sample size: 331 to 3420
needed thinning: 6 to 53
Diagnostics time 0.18 secs 

Total number of iterations 11559 - required further 411 

Chain # 19 - chunk 24 (chain 3 of 4 for this core): increasing by 412 

Iterations: 412 
|-------------|-------------|-------------|-------------|
|-------------------------------------------------------|

Current time: 2024-11-25 09:56:58
MCMC time 5.4 mins 

USED COMPONENTS: 14 OF 74 

rel. MC standard error: 0.0168 to 0.0548
eff. sample size: 334 to 3540
needed thinning: 6 to 54
Diagnostics time 0.17 secs 

Total number of iterations 11971 - required further 419 

Chain # 19 - chunk 25 (chain 3 of 4 for this core): increasing by 420 

Iterations: 420 
|-------------|-------------|-------------|-------------|
|-------------------------------------------------------|

Current time: 2024-11-25 09:57:00
MCMC time 5.4 mins 

USED COMPONENTS: 14 OF 74 

rel. MC standard error: 0.0166 to 0.0542
eff. sample size: 341 to 3640
needed thinning: 6 to 55
Diagnostics time 0.22 secs 

Total number of iterations 12391 - required further 427 

Chain # 19 - chunk 26 (chain 3 of 4 for this core): increasing by 428 

Iterations: 428 
|-------------|-------------|-------------|-------------|
|-------------------------------------------------------|

Current time: 2024-11-25 09:57:03
MCMC time 5.5 mins 

USED COMPONENTS: 15 OF 74 

rel. MC standard error: 0.0159 to 0.054
eff. sample size: 342 to 3940
needed thinning: 5 to 57
Diagnostics time 0.56 secs 

Total number of iterations 12819 - required further 442 

Chain # 19 - chunk 27 (chain 3 of 4 for this core): increasing by 443 

Iterations: 443 
|-------------|-------------|-------------|-------------|
|-------------------------------------------------------|

Current time: 2024-11-25 09:57:06
MCMC time 5.5 mins 

USED COMPONENTS: 15 OF 74 

rel. MC standard error: 0.0166 to 0.0533
eff. sample size: 352 to 3620
needed thinning: 6 to 57
Diagnostics time 0.17 secs 

Total number of iterations 13262 - required further 442 

Chain # 19 - chunk 28 (chain 3 of 4 for this core): increasing by 443 

Iterations: 443 
|-------------|-------------|-------------|-------------|
|-------------------------------------------------------|

Current time: 2024-11-25 09:57:08
MCMC time 5.5 mins 

USED COMPONENTS: 14 OF 74 

rel. MC standard error: 0.0178 to 0.0515
eff. sample size: 377 to 3160
needed thinning: 7 to 55
Diagnostics time 0.18 secs 

Total number of iterations 13705 - required further 427 

Chain # 19 - chunk 29 (chain 3 of 4 for this core): increasing by 428 

Iterations: 428 
|-------------|-------------|-------------|-------------|
|-------------------------------------------------------|

Current time: 2024-11-25 09:57:10
MCMC time 5.6 mins 

USED COMPONENTS: 13 OF 74 

rel. MC standard error: 0.016 to 0.0511
eff. sample size: 384 to 3910
needed thinning: 6 to 56
Diagnostics time 0.2 secs 

Total number of iterations 14133 - required further 434 

Chain # 19 - chunk 30 (chain 3 of 4 for this core): increasing by 435 

Iterations: 435 
|-------------|-------------|-------------|-------------|
|-------------------------------------------------------|

Current time: 2024-11-25 09:57:13
MCMC time 5.6 mins 

USED COMPONENTS: 11 OF 74 

rel. MC standard error: 0.016 to 0.052
eff. sample size: 371 to 3880
needed thinning: 6 to 59
Diagnostics time 0.18 secs 

Total number of iterations 14568 - required further 458 

Chain # 19 - chunk 31 (chain 3 of 4 for this core): increasing by 459 

Iterations: 459 
|-------------|-------------|-------------|-------------|
|-------------------------------------------------------|

Current time: 2024-11-25 09:57:15
MCMC time 5.7 mins 

USED COMPONENTS: 16 OF 74 

rel. MC standard error: 0.0171 to 0.0518
eff. sample size: 373 to 3410
needed thinning: 7 to 61
Diagnostics time 0.19 secs 

Total number of iterations 15027 - required further 473 

Chain # 19 - chunk 32 (chain 3 of 4 for this core): increasing by 474 

Iterations: 474 
|-------------|-------------|-------------|-------------|
|-------------------------------------------------------|

Current time: 2024-11-25 09:57:18
MCMC time 5.7 mins 

USED COMPONENTS: 14 OF 74 

rel. MC standard error: 0.0154 to 0.0503
eff. sample size: 396 to 4240
needed thinning: 6 to 59
Diagnostics time 0.21 secs 

Total number of iterations 15501 - required further 458 

Chain # 19 - chunk 33 (chain 3 of 4 for this core): increasing by 459 

Iterations: 459 
|-------------|-------------|-------------|-------------|
|-------------------------------------------------------|

Current time: 2024-11-25 09:57:21
MCMC time 5.8 mins 

USED COMPONENTS: 13 OF 74 

rel. MC standard error: 0.0169 to 0.0488
eff. sample size: 420 to 3520
needed thinning: 7 to 57
Diagnostics time 0.2 secs 

Total number of iterations 15960 - required further 0 

Keeping last 60 samples with thinning 57 

Plotting traces and samples.

Current time: 2024-11-25 09:57:22
MCMC + diagnostics time 5.8 mins 

Chain # 20 (chain 4 of 4 for this core)

Datapoints for testing convergence:
 #3 #7 #12 #16 #18 #23 #24 #29 #30 #44 #47 #48 #59 #61 #63 #66 #73 #75 #79 #80 

Iterations: 3600 
|-------------|-------------|-------------|-------------|
|-------------------------------------------------------|

Current time: 2024-11-25 09:57:40
MCMC time 6.1 mins 

USED COMPONENTS: 21 OF 74 

rel. MC standard error: 0.0173 to 0.0989
eff. sample size: 102 to 3340
needed thinning: 2 to 53
Diagnostics time 1.7 secs 

Total number of iterations 3600 - required further 411 

Chain # 20 - chunk 2 (chain 4 of 4 for this core): increasing by 412 

Iterations: 412 
|-------------|-------------|-------------|-------------|
|-------------------------------------------------------|

Current time: 2024-11-25 09:57:45
MCMC time 6.2 mins 

USED COMPONENTS: 19 OF 74 

rel. MC standard error: 0.0165 to 0.0944
eff. sample size: 112 to 3680
needed thinning: 2 to 54
Diagnostics time 0.18 secs 

Total number of iterations 4012 - required further 419 

Chain # 20 - chunk 3 (chain 4 of 4 for this core): increasing by 420 

Iterations: 420 
|-------------|-------------|-------------|-------------|
|-------------------------------------------------------|

Current time: 2024-11-25 09:57:47
MCMC time 6.2 mins 

USED COMPONENTS: 19 OF 74 

rel. MC standard error: 0.015 to 0.0928
eff. sample size: 116 to 4470
needed thinning: 2 to 58
Diagnostics time 0.17 secs 

Total number of iterations 4432 - required further 450 

Chain # 20 - chunk 4 (chain 4 of 4 for this core): increasing by 451 

Iterations: 451 
|-------------|-------------|-------------|-------------|
|-------------------------------------------------------|

Current time: 2024-11-25 09:57:49
MCMC time 6.2 mins 

USED COMPONENTS: 21 OF 74 

rel. MC standard error: 0.0147 to 0.0887
eff. sample size: 127 to 4620
needed thinning: 2 to 58
Diagnostics time 0.19 secs 

Total number of iterations 4883 - required further 450 

Chain # 20 - chunk 5 (chain 4 of 4 for this core): increasing by 451 

Iterations: 451 
|-------------|-------------|-------------|-------------|
|-------------------------------------------------------|

Current time: 2024-11-25 09:57:52
MCMC time 6.3 mins 

USED COMPONENTS: 20 OF 74 

rel. MC standard error: 0.0142 to 0.0838
eff. sample size: 142 to 4990
needed thinning: 2 to 57
Diagnostics time 0.2 secs 

Total number of iterations 5334 - required further 442 

Chain # 20 - chunk 6 (chain 4 of 4 for this core): increasing by 443 

Iterations: 443 
|-------------|-------------|-------------|-------------|
|-------------------------------------------------------|

Current time: 2024-11-25 09:57:54
MCMC time 6.3 mins 

USED COMPONENTS: 21 OF 74 

rel. MC standard error: 0.0124 to 0.0823
eff. sample size: 148 to 6450
needed thinning: 2 to 59
Diagnostics time 0.19 secs 

Total number of iterations 5777 - required further 458 

Chain # 20 - chunk 7 (chain 4 of 4 for this core): increasing by 459 

Iterations: 459 
|-------------|-------------|-------------|-------------|
|-------------------------------------------------------|

Current time: 2024-11-25 09:57:57
MCMC time 6.4 mins 

USED COMPONENTS: 22 OF 74 

rel. MC standard error: 0.0134 to 0.0788
eff. sample size: 161 to 5570
needed thinning: 2 to 59
Diagnostics time 0.18 secs 

Total number of iterations 6236 - required further 458 

Chain # 20 - chunk 8 (chain 4 of 4 for this core): increasing by 459 

Iterations: 459 
|-------------|-------------|-------------|-------------|
|-------------------------------------------------------|

Current time: 2024-11-25 09:57:59
MCMC time 6.4 mins 

USED COMPONENTS: 18 OF 74 

rel. MC standard error: 0.0131 to 0.0765
eff. sample size: 171 to 5870
needed thinning: 2 to 59
Diagnostics time 0.55 secs 

Total number of iterations 6695 - required further 458 

Chain # 20 - chunk 9 (chain 4 of 4 for this core): increasing by 459 

Iterations: 459 
|-------------|-------------|-------------|-------------|
|-------------------------------------------------------|

Current time: 2024-11-25 09:58:02
MCMC time 6.4 mins 

USED COMPONENTS: 20 OF 74 

rel. MC standard error: 0.0118 to 0.0732
eff. sample size: 187 to 7240
needed thinning: 2 to 58
Diagnostics time 0.18 secs 

Total number of iterations 7154 - required further 450 

Chain # 20 - chunk 10 (chain 4 of 4 for this core): increasing by 451 

Iterations: 451 
|-------------|-------------|-------------|-------------|
|-------------------------------------------------------|

Current time: 2024-11-25 09:58:05
MCMC time 6.5 mins 

USED COMPONENTS: 20 OF 74 

rel. MC standard error: 0.0114 to 0.0713
eff. sample size: 197 to 7700
needed thinning: 2 to 58
Diagnostics time 0.19 secs 

Total number of iterations 7605 - required further 450 

Chain # 20 - chunk 11 (chain 4 of 4 for this core): increasing by 451 

Iterations: 451 
|-------------|-------------|-------------|-------------|
|-------------------------------------------------------|

Current time: 2024-11-25 09:58:07
MCMC time 6.5 mins 

USED COMPONENTS: 20 OF 74 

rel. MC standard error: 0.012 to 0.0693
eff. sample size: 208 to 6940
needed thinning: 2 to 58
Diagnostics time 0.19 secs 

Total number of iterations 8056 - required further 450 

Chain # 20 - chunk 12 (chain 4 of 4 for this core): increasing by 451 

Iterations: 451 
|-------------|-------------|-------------|-------------|
|-------------------------------------------------------|

Current time: 2024-11-25 09:58:10
MCMC time 6.6 mins 

USED COMPONENTS: 19 OF 74 

rel. MC standard error: 0.0115 to 0.067
eff. sample size: 223 to 7630
needed thinning: 2 to 58
Diagnostics time 0.18 secs 

Total number of iterations 8507 - required further 450 

Chain # 20 - chunk 13 (chain 4 of 4 for this core): increasing by 451 

Iterations: 451 
|-------------|-------------|-------------|-------------|
|-------------------------------------------------------|

Current time: 2024-11-25 09:58:12
MCMC time 6.6 mins 

USED COMPONENTS: 21 OF 74 

rel. MC standard error: 0.0122 to 0.0648
eff. sample size: 238 to 6760
needed thinning: 2 to 57
Diagnostics time 0.2 secs 

Total number of iterations 8958 - required further 442 

Chain # 20 - chunk 14 (chain 4 of 4 for this core): increasing by 443 

Iterations: 443 
|-------------|-------------|-------------|-------------|
|-------------------------------------------------------|

Current time: 2024-11-25 09:58:15
MCMC time 6.7 mins 

USED COMPONENTS: 20 OF 74 

rel. MC standard error: 0.0118 to 0.0621
eff. sample size: 259 to 7190
needed thinning: 2 to 55
Diagnostics time 0.2 secs 

Total number of iterations 9401 - required further 427 

Chain # 20 - chunk 15 (chain 4 of 4 for this core): increasing by 428 

Iterations: 428 
|-------------|-------------|-------------|-------------|
|-------------------------------------------------------|

Current time: 2024-11-25 09:58:17
MCMC time 6.7 mins 

USED COMPONENTS: 20 OF 74 

rel. MC standard error: 0.0103 to 0.0623
eff. sample size: 258 to 9350
needed thinning: 2 to 58
Diagnostics time 0.18 secs 

Total number of iterations 9829 - required further 450 

Chain # 20 - chunk 16 (chain 4 of 4 for this core): increasing by 451 

Iterations: 451 
|-------------|-------------|-------------|-------------|
|-------------------------------------------------------|

Current time: 2024-11-25 09:58:20
MCMC time 6.7 mins 

USED COMPONENTS: 18 OF 74 

rel. MC standard error: 0.0106 to 0.0606
eff. sample size: 272 to 8860
needed thinning: 2 to 57
Diagnostics time 0.2 secs 

Total number of iterations 10280 - required further 442 

Chain # 20 - chunk 17 (chain 4 of 4 for this core): increasing by 443 

Iterations: 443 
|-------------|-------------|-------------|-------------|
|-------------------------------------------------------|

Current time: 2024-11-25 09:58:22
MCMC time 6.8 mins 

USED COMPONENTS: 19 OF 74 

rel. MC standard error: 0.0116 to 0.0585
eff. sample size: 292 to 7390
needed thinning: 3 to 56
Diagnostics time 0.17 secs 

Total number of iterations 10723 - required further 434 

Chain # 20 - chunk 18 (chain 4 of 4 for this core): increasing by 435 

Iterations: 435 
|-------------|-------------|-------------|-------------|
|-------------------------------------------------------|

Current time: 2024-11-25 09:58:25
MCMC time 6.8 mins 

USED COMPONENTS: 17 OF 74 

rel. MC standard error: 0.0107 to 0.0572
eff. sample size: 306 to 8770
needed thinning: 2 to 55
Diagnostics time 0.19 secs 

Total number of iterations 11158 - required further 427 

Chain # 20 - chunk 19 (chain 4 of 4 for this core): increasing by 428 

Iterations: 428 
|-------------|-------------|-------------|-------------|
|-------------------------------------------------------|

Current time: 2024-11-25 09:58:27
MCMC time 6.9 mins 

USED COMPONENTS: 17 OF 74 

rel. MC standard error: 0.0106 to 0.0564
eff. sample size: 314 to 8950
needed thinning: 2 to 56
Diagnostics time 0.18 secs 

Total number of iterations 11586 - required further 434 

Chain # 20 - chunk 20 (chain 4 of 4 for this core): increasing by 435 

Iterations: 435 
|-------------|-------------|-------------|-------------|
|-------------------------------------------------------|

Current time: 2024-11-25 09:58:29
MCMC time 6.9 mins 

USED COMPONENTS: 19 OF 74 

rel. MC standard error: 0.00998 to 0.0548
eff. sample size: 333 to 10000
needed thinning: 2 to 55
Diagnostics time 0.18 secs 

Total number of iterations 12021 - required further 427 

Chain # 20 - chunk 21 (chain 4 of 4 for this core): increasing by 428 

Iterations: 428 
|-------------|-------------|-------------|-------------|
|-------------------------------------------------------|

Current time: 2024-11-25 09:58:32
MCMC time 6.9 mins 

USED COMPONENTS: 16 OF 74 

rel. MC standard error: 0.0101 to 0.0539
eff. sample size: 345 to 9760
needed thinning: 2 to 55
Diagnostics time 0.55 secs 

Total number of iterations 12449 - required further 427 

Chain # 20 - chunk 22 (chain 4 of 4 for this core): increasing by 428 

Iterations: 428 
|-------------|-------------|-------------|-------------|
|-------------------------------------------------------|

Current time: 2024-11-25 09:58:34
MCMC time 7 mins 

USED COMPONENTS: 17 OF 74 

rel. MC standard error: 0.0099 to 0.0534
eff. sample size: 351 to 10200
needed thinning: 2 to 56
Diagnostics time 0.16 secs 

Total number of iterations 12877 - required further 434 

Chain # 20 - chunk 23 (chain 4 of 4 for this core): increasing by 435 

Iterations: 435 
|-------------|-------------|-------------|-------------|
|-------------------------------------------------------|

Current time: 2024-11-25 09:58:37
MCMC time 7 mins 

USED COMPONENTS: 17 OF 74 

rel. MC standard error: 0.00959 to 0.0529
eff. sample size: 358 to 10900
needed thinning: 2 to 56
Diagnostics time 0.18 secs 

Total number of iterations 13312 - required further 434 

Chain # 20 - chunk 24 (chain 4 of 4 for this core): increasing by 435 

Iterations: 435 
|-------------|-------------|-------------|-------------|
|-------------------------------------------------------|

Current time: 2024-11-25 09:58:39
MCMC time 7.1 mins 

USED COMPONENTS: 15 OF 74 

rel. MC standard error: 0.00971 to 0.0528
eff. sample size: 358 to 10600
needed thinning: 2 to 58
Diagnostics time 0.19 secs 

Total number of iterations 13747 - required further 450 

Chain # 20 - chunk 25 (chain 4 of 4 for this core): increasing by 451 

Iterations: 451 
|-------------|-------------|-------------|-------------|
|-------------------------------------------------------|

Current time: 2024-11-25 09:58:42
MCMC time 7.1 mins 

USED COMPONENTS: 16 OF 74 

rel. MC standard error: 0.0098 to 0.0525
eff. sample size: 362 to 10400
needed thinning: 3 to 59
Diagnostics time 0.17 secs 

Total number of iterations 14198 - required further 458 

Chain # 20 - chunk 26 (chain 4 of 4 for this core): increasing by 459 

Iterations: 459 
|-------------|-------------|-------------|-------------|
|-------------------------------------------------------|

Current time: 2024-11-25 09:58:44
MCMC time 7.1 mins 

USED COMPONENTS: 15 OF 74 

rel. MC standard error: 0.0102 to 0.0522
eff. sample size: 367 to 9690
needed thinning: 3 to 60
Diagnostics time 0.19 secs 

Total number of iterations 14657 - required further 465 

Chain # 20 - chunk 27 (chain 4 of 4 for this core): increasing by 466 

Iterations: 466 
|-------------|-------------|-------------|-------------|
|-------------------------------------------------------|

Current time: 2024-11-25 09:58:47
MCMC time 7.2 mins 

USED COMPONENTS: 16 OF 74 

rel. MC standard error: 0.0097 to 0.0514
eff. sample size: 379 to 10600
needed thinning: 3 to 60
Diagnostics time 0.21 secs 

Total number of iterations 15123 - required further 465 

Chain # 20 - chunk 28 (chain 4 of 4 for this core): increasing by 466 

Iterations: 466 
|-------------|-------------|-------------|-------------|
|-------------------------------------------------------|

Current time: 2024-11-25 09:58:49
MCMC time 7.2 mins 

USED COMPONENTS: 15 OF 74 

rel. MC standard error: 0.00941 to 0.0509
eff. sample size: 387 to 11300
needed thinning: 3 to 61
Diagnostics time 0.19 secs 

Total number of iterations 15589 - required further 473 

Chain # 20 - chunk 29 (chain 4 of 4 for this core): increasing by 474 

Iterations: 474 
|-------------|-------------|-------------|-------------|
|-------------------------------------------------------|

Current time: 2024-11-25 09:58:52
MCMC time 7.3 mins 

USED COMPONENTS: 16 OF 74 

rel. MC standard error: 0.00967 to 0.05
eff. sample size: 401 to 10700
needed thinning: 3 to 61
Diagnostics time 0.19 secs 

Total number of iterations 16063 - required further 0 

Keeping last 60 samples with thinning 61 

Plotting traces and samples.

Current time: 2024-11-25 09:58:53
MCMC + diagnostics time 7.3 mins 

Current time: 2024-11-25 09:58:53
Total time 7.3 mins 
loaded inferno and set parent environment
loaded inferno and set parent environment
loaded inferno and set parent environment
loaded inferno and set parent environment
