Log core 1 - Current time: 2024-11-25 09:50:31
Defining model
Building model
Setting data and initial values
Running calculate on model
  [Note] Any error reports that follow may simply reflect missing values in model variables.
Checking model sizes and dimensions
Compiling
  [Note] This may take a minute.
  [Note] Use 'showCompilerOutput = TRUE' to see C++ compilation details.
===== Monitors =====
thin = 1: Bprob, Rmean, Rvar, W
thin2 = 1: K
===== Samplers =====
conjugate sampler (519)
  - Rmean[]  (148 elements)
  - Rrate[]  (148 elements)
  - Bprob[]  (74 elements)
  - Rvar[]  (148 elements)
  - W[1:74] 
categorical sampler (81)
  - Alpha
  - K[]  (80 elements)
===== Monitors =====
thin = 1: Bprob, Rmean, Rvar, W
thin2 = 1: K
===== Samplers =====
slice sampler (81)
  - Alpha
  - K[]  (80 elements)
conjugate sampler (519)
  - Rmean[]  (148 elements)
  - Rrate[]  (148 elements)
  - Bprob[]  (74 elements)
  - Rvar[]  (148 elements)
  - W[1:74] 
Compiling
  [Note] This may take a minute.
  [Note] Use 'showCompilerOutput = TRUE' to see C++ compilation details.

Setup time 1.4 mins 

Chain # 1 (chain 1 of 4 for this core)

Datapoints for testing convergence:
 #1 #5 #16 #22 #27 #34 #41 #42 #44 #45 #49 #52 #58 #59 #61 #64 #69 #70 #73 #74 

Iterations: 3600 
|-------------|-------------|-------------|-------------|
|-------------------------------------------------------|

Current time: 2024-11-25 09:52:30
MCMC time 38 secs 

USED COMPONENTS: 18 OF 74 

rel. MC standard error: 0.0207 to 0.0579
eff. sample size: 299 to 2330
needed thinning: 3 to 19
Diagnostics time 3 secs 

Total number of iterations 3600 - required further 148 

Chain # 1 - chunk 2 (chain 1 of 4 for this core): increasing by 149 

Iterations: 149 
|-------------|-------------|-------------|-------------|
|-------------------------------------------------------|

Current time: 2024-11-25 09:52:37
MCMC time 45 secs 

USED COMPONENTS: 18 OF 74 

rel. MC standard error: 0.0209 to 0.0582
eff. sample size: 295 to 2280
needed thinning: 3 to 20
Diagnostics time 0.14 secs 

Total number of iterations 3749 - required further 155 

Chain # 1 - chunk 3 (chain 1 of 4 for this core): increasing by 156 

Iterations: 156 
|-------------|-------------|-------------|-------------|
|-------------------------------------------------------|

Current time: 2024-11-25 09:52:38
MCMC time 46 secs 

USED COMPONENTS: 18 OF 74 

rel. MC standard error: 0.0213 to 0.0581
eff. sample size: 296 to 2210
needed thinning: 3 to 20
Diagnostics time 0.14 secs 

Total number of iterations 3905 - required further 155 

Chain # 1 - chunk 4 (chain 1 of 4 for this core): increasing by 156 

Iterations: 156 
|-------------|-------------|-------------|-------------|
|-------------------------------------------------------|

Current time: 2024-11-25 09:52:40
MCMC time 48 secs 

USED COMPONENTS: 18 OF 74 

rel. MC standard error: 0.018 to 0.0586
eff. sample size: 291 to 3080
needed thinning: 2 to 21
Diagnostics time 0.14 secs 

Total number of iterations 4061 - required further 163 

Chain # 1 - chunk 5 (chain 1 of 4 for this core): increasing by 164 

Iterations: 164 
|-------------|-------------|-------------|-------------|
|-------------------------------------------------------|

Current time: 2024-11-25 09:52:42
MCMC time 50 secs 

USED COMPONENTS: 18 OF 74 

rel. MC standard error: 0.019 to 0.0587
eff. sample size: 291 to 2770
needed thinning: 3 to 22
Diagnostics time 0.15 secs 

Total number of iterations 4225 - required further 171 

Chain # 1 - chunk 6 (chain 1 of 4 for this core): increasing by 172 

Iterations: 172 
|-------------|-------------|-------------|-------------|
|-------------------------------------------------------|

Current time: 2024-11-25 09:52:44
MCMC time 52 secs 

USED COMPONENTS: 19 OF 74 

rel. MC standard error: 0.0177 to 0.0569
eff. sample size: 309 to 3200
needed thinning: 3 to 22
Diagnostics time 0.17 secs 

Total number of iterations 4397 - required further 171 

Chain # 1 - chunk 7 (chain 1 of 4 for this core): increasing by 172 

Iterations: 172 
|-------------|-------------|-------------|-------------|
|-------------------------------------------------------|

Current time: 2024-11-25 09:52:46
MCMC time 54 secs 

USED COMPONENTS: 18 OF 74 

rel. MC standard error: 0.0174 to 0.06
eff. sample size: 277 to 3290
needed thinning: 3 to 25
Diagnostics time 0.19 secs 

Total number of iterations 4569 - required further 194 

Chain # 1 - chunk 8 (chain 1 of 4 for this core): increasing by 195 

Iterations: 195 
|-------------|-------------|-------------|-------------|
|-------------------------------------------------------|

Current time: 2024-11-25 09:52:48
MCMC time 56 secs 

USED COMPONENTS: 18 OF 74 

rel. MC standard error: 0.0176 to 0.0589
eff. sample size: 288 to 3240
needed thinning: 3 to 25
Diagnostics time 0.17 secs 

Total number of iterations 4764 - required further 194 

Chain # 1 - chunk 9 (chain 1 of 4 for this core): increasing by 195 

Iterations: 195 
|-------------|-------------|-------------|-------------|
|-------------------------------------------------------|

Current time: 2024-11-25 09:52:50
MCMC time 58 secs 

USED COMPONENTS: 18 OF 74 

rel. MC standard error: 0.017 to 0.0576
eff. sample size: 302 to 3470
needed thinning: 3 to 25
Diagnostics time 0.16 secs 

Total number of iterations 4959 - required further 194 

Chain # 1 - chunk 10 (chain 1 of 4 for this core): increasing by 195 

Iterations: 195 
|-------------|-------------|-------------|-------------|
|-------------------------------------------------------|

Current time: 2024-11-25 09:52:53
MCMC time 1 mins 

USED COMPONENTS: 17 OF 74 

rel. MC standard error: 0.0169 to 0.0554
eff. sample size: 326 to 3480
needed thinning: 3 to 24
Diagnostics time 0.14 secs 

Total number of iterations 5154 - required further 186 

Chain # 1 - chunk 11 (chain 1 of 4 for this core): increasing by 187 

Iterations: 187 
|-------------|-------------|-------------|-------------|
|-------------------------------------------------------|

Current time: 2024-11-25 09:52:55
MCMC time 1 mins 

USED COMPONENTS: 19 OF 74 

rel. MC standard error: 0.0167 to 0.0533
eff. sample size: 352 to 3560
needed thinning: 3 to 23
Diagnostics time 0.18 secs 

Total number of iterations 5341 - required further 179 

Chain # 1 - chunk 12 (chain 1 of 4 for this core): increasing by 180 

Iterations: 180 
|-------------|-------------|-------------|-------------|
|-------------------------------------------------------|

Current time: 2024-11-25 09:52:57
MCMC time 1.1 mins 

USED COMPONENTS: 20 OF 74 

rel. MC standard error: 0.0162 to 0.0559
eff. sample size: 320 to 3820
needed thinning: 3 to 26
Diagnostics time 0.16 secs 

Total number of iterations 5521 - required further 202 

Chain # 1 - chunk 13 (chain 1 of 4 for this core): increasing by 203 

Iterations: 203 
|-------------|-------------|-------------|-------------|
|-------------------------------------------------------|

Current time: 2024-11-25 09:52:59
MCMC time 1.1 mins 

USED COMPONENTS: 18 OF 74 

rel. MC standard error: 0.0163 to 0.0547
eff. sample size: 334 to 3790
needed thinning: 3 to 26
Diagnostics time 0.17 secs 

Total number of iterations 5724 - required further 202 

Chain # 1 - chunk 14 (chain 1 of 4 for this core): increasing by 203 

Iterations: 203 
|-------------|-------------|-------------|-------------|
|-------------------------------------------------------|

Current time: 2024-11-25 09:53:02
MCMC time 1.2 mins 

USED COMPONENTS: 16 OF 74 

rel. MC standard error: 0.0164 to 0.0565
eff. sample size: 313 to 3730
needed thinning: 3 to 29
Diagnostics time 0.17 secs 

Total number of iterations 5927 - required further 225 

Chain # 1 - chunk 15 (chain 1 of 4 for this core): increasing by 226 

Iterations: 226 
|-------------|-------------|-------------|-------------|
|-------------------------------------------------------|

Current time: 2024-11-25 09:53:04
MCMC time 1.2 mins 

USED COMPONENTS: 17 OF 74 

rel. MC standard error: 0.0159 to 0.0557
eff. sample size: 323 to 3980
needed thinning: 3 to 29
Diagnostics time 0.18 secs 

Total number of iterations 6153 - required further 225 

Chain # 1 - chunk 16 (chain 1 of 4 for this core): increasing by 226 

Iterations: 226 
|-------------|-------------|-------------|-------------|
|-------------------------------------------------------|

Current time: 2024-11-25 09:53:07
MCMC time 1.2 mins 

USED COMPONENTS: 18 OF 74 

rel. MC standard error: 0.0156 to 0.0553
eff. sample size: 326 to 4120
needed thinning: 3 to 30
Diagnostics time 0.2 secs 

Total number of iterations 6379 - required further 233 

Chain # 1 - chunk 17 (chain 1 of 4 for this core): increasing by 234 

Iterations: 234 
|-------------|-------------|-------------|-------------|
|-------------------------------------------------------|

Current time: 2024-11-25 09:53:09
MCMC time 1.3 mins 

USED COMPONENTS: 18 OF 74 

rel. MC standard error: 0.0159 to 0.0544
eff. sample size: 338 to 3940
needed thinning: 3 to 30
Diagnostics time 0.19 secs 

Total number of iterations 6613 - required further 233 

Chain # 1 - chunk 18 (chain 1 of 4 for this core): increasing by 234 

Iterations: 234 
|-------------|-------------|-------------|-------------|
|-------------------------------------------------------|

Current time: 2024-11-25 09:53:12
MCMC time 1.3 mins 

USED COMPONENTS: 18 OF 74 

rel. MC standard error: 0.0153 to 0.0555
eff. sample size: 324 to 4250
needed thinning: 3 to 32
Diagnostics time 0.21 secs 

Total number of iterations 6847 - required further 248 

Chain # 1 - chunk 19 (chain 1 of 4 for this core): increasing by 249 

Iterations: 249 
|-------------|-------------|-------------|-------------|
|-------------------------------------------------------|

Current time: 2024-11-25 09:53:15
MCMC time 1.4 mins 

USED COMPONENTS: 18 OF 74 

rel. MC standard error: 0.015 to 0.0521
eff. sample size: 368 to 4450
needed thinning: 3 to 29
Diagnostics time 0.19 secs 

Total number of iterations 7096 - required further 225 

Chain # 1 - chunk 20 (chain 1 of 4 for this core): increasing by 226 

Iterations: 226 
|-------------|-------------|-------------|-------------|
|-------------------------------------------------------|

Current time: 2024-11-25 09:53:17
MCMC time 1.4 mins 

USED COMPONENTS: 18 OF 74 

rel. MC standard error: 0.0148 to 0.0527
eff. sample size: 360 to 4540
needed thinning: 3 to 31
Diagnostics time 0.18 secs 

Total number of iterations 7322 - required further 241 

Chain # 1 - chunk 21 (chain 1 of 4 for this core): increasing by 242 

Iterations: 242 
|-------------|-------------|-------------|-------------|
|-------------------------------------------------------|

Current time: 2024-11-25 09:53:20
MCMC time 1.5 mins 

USED COMPONENTS: 19 OF 74 

rel. MC standard error: 0.0149 to 0.0535
eff. sample size: 349 to 4490
needed thinning: 3 to 33
Diagnostics time 0.21 secs 

Total number of iterations 7564 - required further 256 

Chain # 1 - chunk 22 (chain 1 of 4 for this core): increasing by 257 

Iterations: 257 
|-------------|-------------|-------------|-------------|
|-------------------------------------------------------|

Current time: 2024-11-25 09:53:22
MCMC time 1.5 mins 

USED COMPONENTS: 18 OF 74 

rel. MC standard error: 0.0142 to 0.0534
eff. sample size: 351 to 4930
needed thinning: 3 to 34
Diagnostics time 0.2 secs 

Total number of iterations 7821 - required further 264 

Chain # 1 - chunk 23 (chain 1 of 4 for this core): increasing by 265 

Iterations: 265 
|-------------|-------------|-------------|-------------|
|-------------------------------------------------------|

Current time: 2024-11-25 09:53:25
MCMC time 1.6 mins 

USED COMPONENTS: 19 OF 74 

rel. MC standard error: 0.0139 to 0.0561
eff. sample size: 318 to 5190
needed thinning: 3 to 39
Diagnostics time 0.23 secs 

Total number of iterations 8086 - required further 303 

Chain # 1 - chunk 24 (chain 1 of 4 for this core): increasing by 304 

Iterations: 304 
|-------------|-------------|-------------|-------------|
|-------------------------------------------------------|

Current time: 2024-11-25 09:53:29
MCMC time 1.6 mins 

USED COMPONENTS: 18 OF 74 

rel. MC standard error: 0.0141 to 0.057
eff. sample size: 308 to 5040
needed thinning: 3 to 41
Diagnostics time 0.25 secs 

Total number of iterations 8390 - required further 318 

Chain # 1 - chunk 25 (chain 1 of 4 for this core): increasing by 319 

Iterations: 319 
|-------------|-------------|-------------|-------------|
|-------------------------------------------------------|

Current time: 2024-11-25 09:53:32
MCMC time 1.7 mins 

USED COMPONENTS: 19 OF 74 

rel. MC standard error: 0.0138 to 0.0553
eff. sample size: 327 to 5270
needed thinning: 3 to 41
Diagnostics time 0.23 secs 

Total number of iterations 8709 - required further 318 

Chain # 1 - chunk 26 (chain 1 of 4 for this core): increasing by 319 

Iterations: 319 
|-------------|-------------|-------------|-------------|
|-------------------------------------------------------|

Current time: 2024-11-25 09:53:36
MCMC time 1.7 mins 

USED COMPONENTS: 18 OF 74 

rel. MC standard error: 0.0128 to 0.0583
eff. sample size: 295 to 6090
needed thinning: 3 to 46
Diagnostics time 0.25 secs 

Total number of iterations 9028 - required further 357 

Chain # 1 - chunk 27 (chain 1 of 4 for this core): increasing by 358 

Iterations: 358 
|-------------|-------------|-------------|-------------|
|-------------------------------------------------------|

Current time: 2024-11-25 09:53:40
MCMC time 1.8 mins 

USED COMPONENTS: 18 OF 74 

rel. MC standard error: 0.0124 to 0.0558
eff. sample size: 322 to 6490
needed thinning: 3 to 44
Diagnostics time 0.3 secs 

Total number of iterations 9386 - required further 341 

Chain # 1 - chunk 28 (chain 1 of 4 for this core): increasing by 342 

Iterations: 342 
|-------------|-------------|-------------|-------------|
|-------------------------------------------------------|

Current time: 2024-11-25 09:53:44
MCMC time 1.9 mins 

USED COMPONENTS: 20 OF 74 

rel. MC standard error: 0.0133 to 0.0558
eff. sample size: 321 to 5660
needed thinning: 3 to 46
Diagnostics time 0.28 secs 

Total number of iterations 9728 - required further 357 

Chain # 1 - chunk 29 (chain 1 of 4 for this core): increasing by 358 

Iterations: 358 
|-------------|-------------|-------------|-------------|
|-------------------------------------------------------|

Current time: 2024-11-25 09:53:48
MCMC time 1.9 mins 

USED COMPONENTS: 20 OF 74 

rel. MC standard error: 0.00235 to 0.0539
eff. sample size: 344 to 181000
needed thinning: 1 to 44
Diagnostics time 0.74 secs 

Total number of iterations 10086 - required further 341 

Chain # 1 - chunk 30 (chain 1 of 4 for this core): increasing by 342 

Iterations: 342 
|-------------|-------------|-------------|-------------|
|-------------------------------------------------------|

Current time: 2024-11-25 09:53:52
MCMC time 2 mins 

USED COMPONENTS: 19 OF 74 

rel. MC standard error: 0.0129 to 0.055
eff. sample size: 330 to 5980
needed thinning: 3 to 48
Diagnostics time 0.25 secs 

Total number of iterations 10428 - required further 372 

Chain # 1 - chunk 31 (chain 1 of 4 for this core): increasing by 373 

Iterations: 373 
|-------------|-------------|-------------|-------------|
|-------------------------------------------------------|

Current time: 2024-11-25 09:53:56
MCMC time 2.1 mins 

USED COMPONENTS: 17 OF 74 

rel. MC standard error: 0.0129 to 0.0542
eff. sample size: 340 to 6030
needed thinning: 3 to 48
Diagnostics time 0.31 secs 

Total number of iterations 10801 - required further 372 

Chain # 1 - chunk 32 (chain 1 of 4 for this core): increasing by 373 

Iterations: 373 
|-------------|-------------|-------------|-------------|
|-------------------------------------------------------|

Current time: 2024-11-25 09:54:00
MCMC time 2.1 mins 

USED COMPONENTS: 19 OF 74 

rel. MC standard error: 0.0128 to 0.0535
eff. sample size: 350 to 6120
needed thinning: 3 to 48
Diagnostics time 0.29 secs 

Total number of iterations 11174 - required further 372 

Chain # 1 - chunk 33 (chain 1 of 4 for this core): increasing by 373 

Iterations: 373 
|-------------|-------------|-------------|-------------|
|-------------------------------------------------------|

Current time: 2024-11-25 09:54:04
MCMC time 2.2 mins 

USED COMPONENTS: 17 OF 74 

rel. MC standard error: 0.0124 to 0.052
eff. sample size: 370 to 6510
needed thinning: 3 to 47
Diagnostics time 0.31 secs 

Total number of iterations 11547 - required further 365 

Chain # 1 - chunk 34 (chain 1 of 4 for this core): increasing by 366 

Iterations: 366 
|-------------|-------------|-------------|-------------|
|-------------------------------------------------------|

Current time: 2024-11-25 09:54:08
MCMC time 2.3 mins 

USED COMPONENTS: 16 OF 74 

rel. MC standard error: 0.0125 to 0.0525
eff. sample size: 362 to 6360
needed thinning: 3 to 50
Diagnostics time 0.31 secs 

Total number of iterations 11913 - required further 388 

Chain # 1 - chunk 35 (chain 1 of 4 for this core): increasing by 389 

Iterations: 389 
|-------------|-------------|-------------|-------------|
|-------------------------------------------------------|

Current time: 2024-11-25 09:54:13
MCMC time 2.3 mins 

USED COMPONENTS: 15 OF 74 

rel. MC standard error: 0.0118 to 0.0509
eff. sample size: 386 to 7190
needed thinning: 3 to 48
Diagnostics time 0.79 secs 

Total number of iterations 12302 - required further 372 

Chain # 1 - chunk 36 (chain 1 of 4 for this core): increasing by 373 

Iterations: 373 
|-------------|-------------|-------------|-------------|
|-------------------------------------------------------|

Current time: 2024-11-25 09:54:17
MCMC time 2.4 mins 

USED COMPONENTS: 15 OF 74 

rel. MC standard error: 0.0129 to 0.0501
eff. sample size: 399 to 6040
needed thinning: 4 to 48
Diagnostics time 0.3 secs 

Total number of iterations 12675 - required further 372 

Chain # 1 - chunk 37 (chain 1 of 4 for this core): increasing by 373 

Iterations: 373 
|-------------|-------------|-------------|-------------|
|-------------------------------------------------------|

Current time: 2024-11-25 09:54:21
MCMC time 2.5 mins 

USED COMPONENTS: 15 OF 74 

rel. MC standard error: 0.0118 to 0.0492
eff. sample size: 413 to 7170
needed thinning: 3 to 48
Diagnostics time 0.29 secs 

Total number of iterations 13048 - required further 0 

Keeping last 60 samples with thinning 48 

Plotting traces and samples.

Current time: 2024-11-25 09:54:23
MCMC + diagnostics time 2.5 mins 

Chain # 2 (chain 2 of 4 for this core)

Datapoints for testing convergence:
 #1 #6 #15 #16 #17 #22 #27 #29 #34 #35 #41 #42 #51 #56 #58 #61 #62 #64 #67 #80 

Iterations: 3600 
|-------------|-------------|-------------|-------------|
|-------------------------------------------------------|

Current time: 2024-11-25 09:55:00
MCMC time 3.1 mins 

USED COMPONENTS: 22 OF 74 

rel. MC standard error: 0.0224 to 0.058
eff. sample size: 297 to 2000
needed thinning: 3 to 19
Diagnostics time 3.1 secs 

Total number of iterations 3600 - required further 148 

Chain # 2 - chunk 2 (chain 2 of 4 for this core): increasing by 149 

Iterations: 149 
|-------------|-------------|-------------|-------------|
|-------------------------------------------------------|

Current time: 2024-11-25 09:55:05
MCMC time 3.2 mins 

USED COMPONENTS: 21 OF 74 

rel. MC standard error: 0.0219 to 0.0565
eff. sample size: 313 to 2080
needed thinning: 3 to 18
Diagnostics time 0.14 secs 

Total number of iterations 3749 - required further 140 

Chain # 2 - chunk 3 (chain 2 of 4 for this core): increasing by 141 

Iterations: 141 
|-------------|-------------|-------------|-------------|
|-------------------------------------------------------|

Current time: 2024-11-25 09:55:07
MCMC time 3.2 mins 

USED COMPONENTS: 20 OF 74 

rel. MC standard error: 0.0192 to 0.0556
eff. sample size: 324 to 2720
needed thinning: 3 to 19
Diagnostics time 0.13 secs 

Total number of iterations 3890 - required further 148 

Chain # 2 - chunk 4 (chain 2 of 4 for this core): increasing by 149 

Iterations: 149 
|-------------|-------------|-------------|-------------|
|-------------------------------------------------------|

Current time: 2024-11-25 09:55:08
MCMC time 3.3 mins 

USED COMPONENTS: 20 OF 74 

rel. MC standard error: 0.0204 to 0.0551
eff. sample size: 330 to 2390
needed thinning: 3 to 19
Diagnostics time 0.16 secs 

Total number of iterations 4039 - required further 148 

Chain # 2 - chunk 5 (chain 2 of 4 for this core): increasing by 149 

Iterations: 149 
|-------------|-------------|-------------|-------------|
|-------------------------------------------------------|

Current time: 2024-11-25 09:55:10
MCMC time 3.3 mins 

USED COMPONENTS: 19 OF 74 

rel. MC standard error: 0.018 to 0.0521
eff. sample size: 368 to 3090
needed thinning: 3 to 18
Diagnostics time 0.14 secs 

Total number of iterations 4188 - required further 140 

Chain # 2 - chunk 6 (chain 2 of 4 for this core): increasing by 141 

Iterations: 141 
|-------------|-------------|-------------|-------------|
|-------------------------------------------------------|

Current time: 2024-11-25 09:55:12
MCMC time 3.3 mins 

USED COMPONENTS: 19 OF 74 

rel. MC standard error: 0.0195 to 0.0535
eff. sample size: 350 to 2620
needed thinning: 3 to 19
Diagnostics time 0.11 secs 

Total number of iterations 4329 - required further 148 

Chain # 2 - chunk 7 (chain 2 of 4 for this core): increasing by 149 

Iterations: 149 
|-------------|-------------|-------------|-------------|
|-------------------------------------------------------|

Current time: 2024-11-25 09:55:13
MCMC time 3.4 mins 

USED COMPONENTS: 21 OF 74 

rel. MC standard error: 0.0201 to 0.0531
eff. sample size: 355 to 2480
needed thinning: 3 to 19
Diagnostics time 0.14 secs 

Total number of iterations 4478 - required further 148 

Chain # 2 - chunk 8 (chain 2 of 4 for this core): increasing by 149 

Iterations: 149 
|-------------|-------------|-------------|-------------|
|-------------------------------------------------------|

Current time: 2024-11-25 09:55:15
MCMC time 3.4 mins 

USED COMPONENTS: 20 OF 74 

rel. MC standard error: 0.0181 to 0.0534
eff. sample size: 351 to 3040
needed thinning: 3 to 20
Diagnostics time 0.13 secs 

Total number of iterations 4627 - required further 155 

Chain # 2 - chunk 9 (chain 2 of 4 for this core): increasing by 156 

Iterations: 156 
|-------------|-------------|-------------|-------------|
|-------------------------------------------------------|

Current time: 2024-11-25 09:55:17
MCMC time 3.4 mins 

USED COMPONENTS: 19 OF 74 

rel. MC standard error: 0.018 to 0.0564
eff. sample size: 314 to 3080
needed thinning: 3 to 23
Diagnostics time 0.16 secs 

Total number of iterations 4783 - required further 179 

Chain # 2 - chunk 10 (chain 2 of 4 for this core): increasing by 180 

Iterations: 180 
|-------------|-------------|-------------|-------------|
|-------------------------------------------------------|

Current time: 2024-11-25 09:55:18
MCMC time 3.4 mins 

USED COMPONENTS: 18 OF 74 

rel. MC standard error: 0.0175 to 0.0567
eff. sample size: 311 to 3270
needed thinning: 3 to 24
Diagnostics time 0.17 secs 

Total number of iterations 4963 - required further 186 

Chain # 2 - chunk 11 (chain 2 of 4 for this core): increasing by 187 

Iterations: 187 
|-------------|-------------|-------------|-------------|
|-------------------------------------------------------|

Current time: 2024-11-25 09:55:21
MCMC time 3.5 mins 

USED COMPONENTS: 18 OF 74 

rel. MC standard error: 0.0172 to 0.0558
eff. sample size: 322 to 3370
needed thinning: 3 to 25
Diagnostics time 0.17 secs 

Total number of iterations 5150 - required further 194 

Chain # 2 - chunk 12 (chain 2 of 4 for this core): increasing by 195 

Iterations: 195 
|-------------|-------------|-------------|-------------|
|-------------------------------------------------------|

Current time: 2024-11-25 09:55:23
MCMC time 3.5 mins 

USED COMPONENTS: 20 OF 74 

rel. MC standard error: 0.0179 to 0.0568
eff. sample size: 310 to 3130
needed thinning: 3 to 26
Diagnostics time 0.18 secs 

Total number of iterations 5345 - required further 202 

Chain # 2 - chunk 13 (chain 2 of 4 for this core): increasing by 203 

Iterations: 203 
|-------------|-------------|-------------|-------------|
|-------------------------------------------------------|

Current time: 2024-11-25 09:55:25
MCMC time 3.5 mins 

USED COMPONENTS: 19 OF 74 

rel. MC standard error: 0.0166 to 0.0564
eff. sample size: 314 to 3620
needed thinning: 3 to 27
Diagnostics time 0.16 secs 

Total number of iterations 5548 - required further 210 

Chain # 2 - chunk 14 (chain 2 of 4 for this core): increasing by 211 

Iterations: 211 
|-------------|-------------|-------------|-------------|
|-------------------------------------------------------|

Current time: 2024-11-25 09:55:27
MCMC time 3.6 mins 

USED COMPONENTS: 19 OF 74 

rel. MC standard error: 0.017 to 0.0542
eff. sample size: 340 to 3450
needed thinning: 3 to 26
Diagnostics time 0.17 secs 

Total number of iterations 5759 - required further 202 

Chain # 2 - chunk 15 (chain 2 of 4 for this core): increasing by 203 

Iterations: 203 
|-------------|-------------|-------------|-------------|
|-------------------------------------------------------|

Current time: 2024-11-25 09:55:29
MCMC time 3.6 mins 

USED COMPONENTS: 20 OF 74 

rel. MC standard error: 0.0162 to 0.0548
eff. sample size: 333 to 3830
needed thinning: 3 to 27
Diagnostics time 0.16 secs 

Total number of iterations 5962 - required further 210 

Chain # 2 - chunk 16 (chain 2 of 4 for this core): increasing by 211 

Iterations: 211 
|-------------|-------------|-------------|-------------|
|-------------------------------------------------------|

Current time: 2024-11-25 09:55:32
MCMC time 3.7 mins 

USED COMPONENTS: 20 OF 74 

rel. MC standard error: 0.0161 to 0.0547
eff. sample size: 334 to 3840
needed thinning: 3 to 28
Diagnostics time 0.17 secs 

Total number of iterations 6173 - required further 217 

Chain # 2 - chunk 17 (chain 2 of 4 for this core): increasing by 218 

Iterations: 218 
|-------------|-------------|-------------|-------------|
|-------------------------------------------------------|

Current time: 2024-11-25 09:55:34
MCMC time 3.7 mins 

USED COMPONENTS: 19 OF 74 

rel. MC standard error: 0.0158 to 0.0553
eff. sample size: 327 to 4030
needed thinning: 3 to 30
Diagnostics time 0.64 secs 

Total number of iterations 6391 - required further 233 

Chain # 2 - chunk 18 (chain 2 of 4 for this core): increasing by 234 

Iterations: 234 
|-------------|-------------|-------------|-------------|
|-------------------------------------------------------|

Current time: 2024-11-25 09:55:37
MCMC time 3.8 mins 

USED COMPONENTS: 19 OF 74 

rel. MC standard error: 0.0157 to 0.0554
eff. sample size: 325 to 4030
needed thinning: 3 to 31
Diagnostics time 0.18 secs 

Total number of iterations 6625 - required further 241 

Chain # 2 - chunk 19 (chain 2 of 4 for this core): increasing by 242 

Iterations: 242 
|-------------|-------------|-------------|-------------|
|-------------------------------------------------------|

Current time: 2024-11-25 09:55:40
MCMC time 3.8 mins 

USED COMPONENTS: 20 OF 74 

rel. MC standard error: 0.0147 to 0.0554
eff. sample size: 326 to 4660
needed thinning: 3 to 32
Diagnostics time 0.19 secs 

Total number of iterations 6867 - required further 248 

Chain # 2 - chunk 20 (chain 2 of 4 for this core): increasing by 249 

Iterations: 249 
|-------------|-------------|-------------|-------------|
|-------------------------------------------------------|

Current time: 2024-11-25 09:55:42
MCMC time 3.8 mins 

USED COMPONENTS: 21 OF 74 

rel. MC standard error: 0.0141 to 0.0548
eff. sample size: 333 to 5020
needed thinning: 3 to 33
Diagnostics time 0.19 secs 

Total number of iterations 7116 - required further 256 

Chain # 2 - chunk 21 (chain 2 of 4 for this core): increasing by 257 

Iterations: 257 
|-------------|-------------|-------------|-------------|
|-------------------------------------------------------|

Current time: 2024-11-25 09:55:45
MCMC time 3.9 mins 

USED COMPONENTS: 19 OF 74 

rel. MC standard error: 0.0145 to 0.0549
eff. sample size: 332 to 4740
needed thinning: 3 to 34
Diagnostics time 0.21 secs 

Total number of iterations 7373 - required further 264 

Chain # 2 - chunk 22 (chain 2 of 4 for this core): increasing by 265 

Iterations: 265 
|-------------|-------------|-------------|-------------|
|-------------------------------------------------------|

Current time: 2024-11-25 09:55:48
MCMC time 3.9 mins 

USED COMPONENTS: 21 OF 74 

rel. MC standard error: 0.014 to 0.0549
eff. sample size: 331 to 5090
needed thinning: 3 to 35
Diagnostics time 0.21 secs 

Total number of iterations 7638 - required further 272 

Chain # 2 - chunk 23 (chain 2 of 4 for this core): increasing by 273 

Iterations: 273 
|-------------|-------------|-------------|-------------|
|-------------------------------------------------------|

Current time: 2024-11-25 09:55:51
MCMC time 4 mins 

USED COMPONENTS: 18 OF 74 

rel. MC standard error: 0.0138 to 0.0546
eff. sample size: 335 to 5230
needed thinning: 3 to 36
Diagnostics time 0.22 secs 

Total number of iterations 7911 - required further 279 

Chain # 2 - chunk 24 (chain 2 of 4 for this core): increasing by 280 

Iterations: 280 
|-------------|-------------|-------------|-------------|
|-------------------------------------------------------|

Current time: 2024-11-25 09:55:54
MCMC time 4 mins 

USED COMPONENTS: 19 OF 74 

rel. MC standard error: 0.0146 to 0.0547
eff. sample size: 335 to 4710
needed thinning: 3 to 37
Diagnostics time 0.23 secs 

Total number of iterations 8191 - required further 287 

Chain # 2 - chunk 25 (chain 2 of 4 for this core): increasing by 288 

Iterations: 288 
|-------------|-------------|-------------|-------------|
|-------------------------------------------------------|

Current time: 2024-11-25 09:55:57
MCMC time 4.1 mins 

USED COMPONENTS: 18 OF 74 

rel. MC standard error: 0.0135 to 0.0546
eff. sample size: 336 to 5490
needed thinning: 3 to 38
Diagnostics time 0.21 secs 

Total number of iterations 8479 - required further 295 

Chain # 2 - chunk 26 (chain 2 of 4 for this core): increasing by 296 

Iterations: 296 
|-------------|-------------|-------------|-------------|
|-------------------------------------------------------|

Current time: 2024-11-25 09:56:00
MCMC time 4.1 mins 

USED COMPONENTS: 18 OF 74 

rel. MC standard error: 0.0129 to 0.0542
eff. sample size: 341 to 6030
needed thinning: 3 to 39
Diagnostics time 0.25 secs 

Total number of iterations 8775 - required further 303 

Chain # 2 - chunk 27 (chain 2 of 4 for this core): increasing by 304 

Iterations: 304 
|-------------|-------------|-------------|-------------|
|-------------------------------------------------------|

Current time: 2024-11-25 09:56:03
MCMC time 4.2 mins 

USED COMPONENTS: 19 OF 74 

rel. MC standard error: 0.0124 to 0.0544
eff. sample size: 338 to 6510
needed thinning: 3 to 41
Diagnostics time 0.19 secs 

Total number of iterations 9079 - required further 318 

Chain # 2 - chunk 28 (chain 2 of 4 for this core): increasing by 319 

Iterations: 319 
|-------------|-------------|-------------|-------------|
|-------------------------------------------------------|

Current time: 2024-11-25 09:56:05
MCMC time 4.2 mins 

USED COMPONENTS: 18 OF 74 

rel. MC standard error: 0.0122 to 0.0538
eff. sample size: 346 to 6710
needed thinning: 3 to 41
Diagnostics time 0.16 secs 

Total number of iterations 9398 - required further 318 

Chain # 2 - chunk 29 (chain 2 of 4 for this core): increasing by 319 

Iterations: 319 
|-------------|-------------|-------------|-------------|
|-------------------------------------------------------|

Current time: 2024-11-25 09:56:07
MCMC time 4.2 mins 

USED COMPONENTS: 19 OF 74 

rel. MC standard error: 0.0123 to 0.0534
eff. sample size: 351 to 6580
needed thinning: 3 to 42
Diagnostics time 0.14 secs 

Total number of iterations 9717 - required further 326 

Chain # 2 - chunk 30 (chain 2 of 4 for this core): increasing by 327 

Iterations: 327 
|-------------|-------------|-------------|-------------|
|-------------------------------------------------------|

Current time: 2024-11-25 09:56:08
MCMC time 4.3 mins 

USED COMPONENTS: 20 OF 74 

rel. MC standard error: 0.0123 to 0.0535
eff. sample size: 349 to 6620
needed thinning: 3 to 44
Diagnostics time 0.15 secs 

Total number of iterations 10044 - required further 341 

Chain # 2 - chunk 31 (chain 2 of 4 for this core): increasing by 342 

Iterations: 342 
|-------------|-------------|-------------|-------------|
|-------------------------------------------------------|

Current time: 2024-11-25 09:56:10
MCMC time 4.3 mins 

USED COMPONENTS: 18 OF 74 

rel. MC standard error: 0.012 to 0.0524
eff. sample size: 365 to 6980
needed thinning: 3 to 43
Diagnostics time 0.16 secs 

Total number of iterations 10386 - required further 334 

Chain # 2 - chunk 32 (chain 2 of 4 for this core): increasing by 335 

Iterations: 335 
|-------------|-------------|-------------|-------------|
|-------------------------------------------------------|

Current time: 2024-11-25 09:56:12
MCMC time 4.3 mins 

USED COMPONENTS: 19 OF 74 

rel. MC standard error: 0.0123 to 0.05
eff. sample size: 400 to 6650
needed thinning: 3 to 41
Diagnostics time 0.18 secs 

Total number of iterations 10721 - required further 0 

Keeping last 60 samples with thinning 41 

Plotting traces and samples.

Current time: 2024-11-25 09:56:14
MCMC + diagnostics time 4.4 mins 

Chain # 3 (chain 3 of 4 for this core)

Datapoints for testing convergence:
 #4 #11 #13 #15 #21 #23 #25 #27 #35 #38 #42 #43 #51 #55 #60 #61 #63 #65 #70 #77 

Iterations: 3600 
|-------------|-------------|-------------|-------------|
|-------------------------------------------------------|

Current time: 2024-11-25 09:56:32
MCMC time 4.7 mins 

USED COMPONENTS: 23 OF 74 

rel. MC standard error: 0.0217 to 0.0679
eff. sample size: 217 to 2120
needed thinning: 3 to 25
Diagnostics time 2 secs 

Total number of iterations 3600 - required further 194 

Chain # 3 - chunk 2 (chain 3 of 4 for this core): increasing by 195 

Iterations: 195 
|-------------|-------------|-------------|-------------|
|-------------------------------------------------------|

Current time: 2024-11-25 09:56:35
MCMC time 4.7 mins 

USED COMPONENTS: 23 OF 74 

rel. MC standard error: 0.0231 to 0.0663
eff. sample size: 228 to 1880
needed thinning: 4 to 26
Diagnostics time 0.094 secs 

Total number of iterations 3795 - required further 202 

Chain # 3 - chunk 3 (chain 3 of 4 for this core): increasing by 203 

Iterations: 203 
|-------------|-------------|-------------|-------------|
|-------------------------------------------------------|

Current time: 2024-11-25 09:56:37
MCMC time 4.7 mins 

USED COMPONENTS: 23 OF 74 

rel. MC standard error: 0.0216 to 0.0639
eff. sample size: 245 to 2150
needed thinning: 3 to 25
Diagnostics time 0.094 secs 

Total number of iterations 3998 - required further 194 

Chain # 3 - chunk 4 (chain 3 of 4 for this core): increasing by 195 

Iterations: 195 
|-------------|-------------|-------------|-------------|
|-------------------------------------------------------|

Current time: 2024-11-25 09:56:38
MCMC time 4.8 mins 

USED COMPONENTS: 22 OF 74 

rel. MC standard error: 0.0218 to 0.0626
eff. sample size: 255 to 2100
needed thinning: 4 to 25
Diagnostics time 0.093 secs 

Total number of iterations 4193 - required further 194 

Chain # 3 - chunk 5 (chain 3 of 4 for this core): increasing by 195 

Iterations: 195 
|-------------|-------------|-------------|-------------|
|-------------------------------------------------------|

Current time: 2024-11-25 09:56:39
MCMC time 4.8 mins 

USED COMPONENTS: 22 OF 74 

rel. MC standard error: 0.0221 to 0.06
eff. sample size: 278 to 2050
needed thinning: 4 to 24
Diagnostics time 0.094 secs 

Total number of iterations 4388 - required further 186 

Chain # 3 - chunk 6 (chain 3 of 4 for this core): increasing by 187 

Iterations: 187 
|-------------|-------------|-------------|-------------|
|-------------------------------------------------------|

Current time: 2024-11-25 09:56:40
MCMC time 4.8 mins 

USED COMPONENTS: 23 OF 74 

rel. MC standard error: 0.0221 to 0.0591
eff. sample size: 286 to 2040
needed thinning: 4 to 24
Diagnostics time 0.091 secs 

Total number of iterations 4575 - required further 186 

Chain # 3 - chunk 7 (chain 3 of 4 for this core): increasing by 187 

Iterations: 187 
|-------------|-------------|-------------|-------------|
|-------------------------------------------------------|

Current time: 2024-11-25 09:56:41
MCMC time 4.8 mins 

USED COMPONENTS: 23 OF 74 

rel. MC standard error: 0.0199 to 0.0585
eff. sample size: 292 to 2520
needed thinning: 3 to 25
Diagnostics time 0.091 secs 

Total number of iterations 4762 - required further 194 

Chain # 3 - chunk 8 (chain 3 of 4 for this core): increasing by 195 

Iterations: 195 
|-------------|-------------|-------------|-------------|
|-------------------------------------------------------|

Current time: 2024-11-25 09:56:42
MCMC time 4.8 mins 

USED COMPONENTS: 22 OF 74 

rel. MC standard error: 0.0197 to 0.0576
eff. sample size: 301 to 2580
needed thinning: 3 to 25
Diagnostics time 0.092 secs 

Total number of iterations 4957 - required further 194 

Chain # 3 - chunk 9 (chain 3 of 4 for this core): increasing by 195 

Iterations: 195 
|-------------|-------------|-------------|-------------|
|-------------------------------------------------------|

Current time: 2024-11-25 09:56:43
MCMC time 4.9 mins 

USED COMPONENTS: 20 OF 74 

rel. MC standard error: 0.0183 to 0.0573
eff. sample size: 304 to 2980
needed thinning: 3 to 26
Diagnostics time 0.099 secs 

Total number of iterations 5152 - required further 202 

Chain # 3 - chunk 10 (chain 3 of 4 for this core): increasing by 203 

Iterations: 203 
|-------------|-------------|-------------|-------------|
|-------------------------------------------------------|

Current time: 2024-11-25 09:56:44
MCMC time 4.9 mins 

USED COMPONENTS: 21 OF 74 

rel. MC standard error: 0.0184 to 0.0557
eff. sample size: 323 to 2960
needed thinning: 3 to 25
Diagnostics time 0.095 secs 

Total number of iterations 5355 - required further 194 

Chain # 3 - chunk 11 (chain 3 of 4 for this core): increasing by 195 

Iterations: 195 
|-------------|-------------|-------------|-------------|
|-------------------------------------------------------|

Current time: 2024-11-25 09:56:45
MCMC time 4.9 mins 

USED COMPONENTS: 19 OF 74 

rel. MC standard error: 0.0182 to 0.0549
eff. sample size: 332 to 3020
needed thinning: 3 to 26
Diagnostics time 0.092 secs 

Total number of iterations 5550 - required further 202 

Chain # 3 - chunk 12 (chain 3 of 4 for this core): increasing by 203 

Iterations: 203 
|-------------|-------------|-------------|-------------|
|-------------------------------------------------------|

Current time: 2024-11-25 09:56:47
MCMC time 4.9 mins 

USED COMPONENTS: 19 OF 74 

rel. MC standard error: 0.0176 to 0.0547
eff. sample size: 335 to 3240
needed thinning: 3 to 26
Diagnostics time 0.11 secs 

Total number of iterations 5753 - required further 202 

Chain # 3 - chunk 13 (chain 3 of 4 for this core): increasing by 203 

Iterations: 203 
|-------------|-------------|-------------|-------------|
|-------------------------------------------------------|

Current time: 2024-11-25 09:56:48
MCMC time 4.9 mins 

USED COMPONENTS: 20 OF 74 

rel. MC standard error: 0.0165 to 0.0539
eff. sample size: 344 to 3660
needed thinning: 3 to 26
Diagnostics time 0.094 secs 

Total number of iterations 5956 - required further 202 

Chain # 3 - chunk 14 (chain 3 of 4 for this core): increasing by 203 

Iterations: 203 
|-------------|-------------|-------------|-------------|
|-------------------------------------------------------|

Current time: 2024-11-25 09:56:49
MCMC time 4.9 mins 

USED COMPONENTS: 20 OF 74 

rel. MC standard error: 0.0176 to 0.054
eff. sample size: 343 to 3220
needed thinning: 3 to 27
Diagnostics time 0.095 secs 

Total number of iterations 6159 - required further 210 

Chain # 3 - chunk 15 (chain 3 of 4 for this core): increasing by 211 

Iterations: 211 
|-------------|-------------|-------------|-------------|
|-------------------------------------------------------|

Current time: 2024-11-25 09:56:50
MCMC time 5 mins 

USED COMPONENTS: 19 OF 74 

rel. MC standard error: 0.0169 to 0.0532
eff. sample size: 354 to 3490
needed thinning: 3 to 28
Diagnostics time 0.11 secs 

Total number of iterations 6370 - required further 217 

Chain # 3 - chunk 16 (chain 3 of 4 for this core): increasing by 218 

Iterations: 218 
|-------------|-------------|-------------|-------------|
|-------------------------------------------------------|

Current time: 2024-11-25 09:56:51
MCMC time 5 mins 

USED COMPONENTS: 19 OF 74 

rel. MC standard error: 0.0176 to 0.0526
eff. sample size: 362 to 3220
needed thinning: 4 to 28
Diagnostics time 0.12 secs 

Total number of iterations 6588 - required further 217 

Chain # 3 - chunk 17 (chain 3 of 4 for this core): increasing by 218 

Iterations: 218 
|-------------|-------------|-------------|-------------|
|-------------------------------------------------------|

Current time: 2024-11-25 09:56:53
MCMC time 5 mins 

USED COMPONENTS: 16 OF 74 

rel. MC standard error: 0.0173 to 0.0523
eff. sample size: 365 to 3330
needed thinning: 4 to 28
Diagnostics time 0.099 secs 

Total number of iterations 6806 - required further 217 

Chain # 3 - chunk 18 (chain 3 of 4 for this core): increasing by 218 

Iterations: 218 
|-------------|-------------|-------------|-------------|
|-------------------------------------------------------|

Current time: 2024-11-25 09:56:54
MCMC time 5 mins 

USED COMPONENTS: 16 OF 74 

rel. MC standard error: 0.0178 to 0.0527
eff. sample size: 361 to 3160
needed thinning: 4 to 30
Diagnostics time 0.11 secs 

Total number of iterations 7024 - required further 233 

Chain # 3 - chunk 19 (chain 3 of 4 for this core): increasing by 234 

Iterations: 234 
|-------------|-------------|-------------|-------------|
|-------------------------------------------------------|

Current time: 2024-11-25 09:56:55
MCMC time 5.1 mins 

USED COMPONENTS: 17 OF 74 

rel. MC standard error: 0.0177 to 0.0519
eff. sample size: 372 to 3190
needed thinning: 4 to 30
Diagnostics time 0.47 secs 

Total number of iterations 7258 - required further 233 

Chain # 3 - chunk 20 (chain 3 of 4 for this core): increasing by 234 

Iterations: 234 
|-------------|-------------|-------------|-------------|
|-------------------------------------------------------|

Current time: 2024-11-25 09:56:57
MCMC time 5.1 mins 

USED COMPONENTS: 17 OF 74 

rel. MC standard error: 0.0176 to 0.052
eff. sample size: 369 to 3210
needed thinning: 4 to 31
Diagnostics time 0.11 secs 

Total number of iterations 7492 - required further 241 

Chain # 3 - chunk 21 (chain 3 of 4 for this core): increasing by 242 

Iterations: 242 
|-------------|-------------|-------------|-------------|
|-------------------------------------------------------|

Current time: 2024-11-25 09:56:58
MCMC time 5.1 mins 

USED COMPONENTS: 15 OF 74 

rel. MC standard error: 0.0166 to 0.052
eff. sample size: 370 to 3640
needed thinning: 4 to 32
Diagnostics time 0.11 secs 

Total number of iterations 7734 - required further 248 

Chain # 3 - chunk 22 (chain 3 of 4 for this core): increasing by 249 

Iterations: 249 
|-------------|-------------|-------------|-------------|
|-------------------------------------------------------|

Current time: 2024-11-25 09:57:00
MCMC time 5.1 mins 

USED COMPONENTS: 15 OF 74 

rel. MC standard error: 0.0166 to 0.0519
eff. sample size: 371 to 3630
needed thinning: 4 to 33
Diagnostics time 0.11 secs 

Total number of iterations 7983 - required further 256 

Chain # 3 - chunk 23 (chain 3 of 4 for this core): increasing by 257 

Iterations: 257 
|-------------|-------------|-------------|-------------|
|-------------------------------------------------------|

Current time: 2024-11-25 09:57:01
MCMC time 5.2 mins 

USED COMPONENTS: 19 OF 74 

rel. MC standard error: 0.0166 to 0.0514
eff. sample size: 379 to 3630
needed thinning: 4 to 33
Diagnostics time 0.12 secs 

Total number of iterations 8240 - required further 256 

Chain # 3 - chunk 24 (chain 3 of 4 for this core): increasing by 257 

Iterations: 257 
|-------------|-------------|-------------|-------------|
|-------------------------------------------------------|

Current time: 2024-11-25 09:57:03
MCMC time 5.2 mins 

USED COMPONENTS: 17 OF 74 

rel. MC standard error: 0.0161 to 0.0522
eff. sample size: 367 to 3840
needed thinning: 4 to 35
Diagnostics time 0.12 secs 

Total number of iterations 8497 - required further 272 

Chain # 3 - chunk 25 (chain 3 of 4 for this core): increasing by 273 

Iterations: 273 
|-------------|-------------|-------------|-------------|
|-------------------------------------------------------|

Current time: 2024-11-25 09:57:04
MCMC time 5.2 mins 

USED COMPONENTS: 16 OF 74 

rel. MC standard error: 0.0161 to 0.0517
eff. sample size: 374 to 3860
needed thinning: 4 to 36
Diagnostics time 0.12 secs 

Total number of iterations 8770 - required further 279 

Chain # 3 - chunk 26 (chain 3 of 4 for this core): increasing by 280 

Iterations: 280 
|-------------|-------------|-------------|-------------|
|-------------------------------------------------------|

Current time: 2024-11-25 09:57:06
MCMC time 5.2 mins 

USED COMPONENTS: 15 OF 74 

rel. MC standard error: 0.0165 to 0.052
eff. sample size: 369 to 3690
needed thinning: 4 to 37
Diagnostics time 0.12 secs 

Total number of iterations 9050 - required further 287 

Chain # 3 - chunk 27 (chain 3 of 4 for this core): increasing by 288 

Iterations: 288 
|-------------|-------------|-------------|-------------|
|-------------------------------------------------------|

Current time: 2024-11-25 09:57:07
MCMC time 5.3 mins 

USED COMPONENTS: 16 OF 74 

rel. MC standard error: 0.016 to 0.0519
eff. sample size: 371 to 3890
needed thinning: 4 to 38
Diagnostics time 0.13 secs 

Total number of iterations 9338 - required further 295 

Chain # 3 - chunk 28 (chain 3 of 4 for this core): increasing by 296 

Iterations: 296 
|-------------|-------------|-------------|-------------|
|-------------------------------------------------------|

Current time: 2024-11-25 09:57:09
MCMC time 5.3 mins 

USED COMPONENTS: 16 OF 74 

rel. MC standard error: 0.016 to 0.0522
eff. sample size: 367 to 3890
needed thinning: 4 to 40
Diagnostics time 0.14 secs 

Total number of iterations 9634 - required further 310 

Chain # 3 - chunk 29 (chain 3 of 4 for this core): increasing by 311 

Iterations: 311 
|-------------|-------------|-------------|-------------|
|-------------------------------------------------------|

Current time: 2024-11-25 09:57:11
MCMC time 5.3 mins 

USED COMPONENTS: 15 OF 74 

rel. MC standard error: 0.0171 to 0.052
eff. sample size: 370 to 3420
needed thinning: 5 to 41
Diagnostics time 0.13 secs 

Total number of iterations 9945 - required further 318 

Chain # 3 - chunk 30 (chain 3 of 4 for this core): increasing by 319 

Iterations: 319 
|-------------|-------------|-------------|-------------|
|-------------------------------------------------------|

Current time: 2024-11-25 09:57:13
MCMC time 5.3 mins 

USED COMPONENTS: 17 OF 74 

rel. MC standard error: 0.0173 to 0.0513
eff. sample size: 380 to 3340
needed thinning: 5 to 41
Diagnostics time 0.14 secs 

Total number of iterations 10264 - required further 318 

Chain # 3 - chunk 31 (chain 3 of 4 for this core): increasing by 319 

Iterations: 319 
|-------------|-------------|-------------|-------------|
|-------------------------------------------------------|

Current time: 2024-11-25 09:57:14
MCMC time 5.4 mins 

USED COMPONENTS: 16 OF 74 

rel. MC standard error: 0.0171 to 0.0506
eff. sample size: 391 to 3430
needed thinning: 5 to 41
Diagnostics time 0.13 secs 

Total number of iterations 10583 - required further 318 

Chain # 3 - chunk 32 (chain 3 of 4 for this core): increasing by 319 

Iterations: 319 
|-------------|-------------|-------------|-------------|
|-------------------------------------------------------|

Current time: 2024-11-25 09:57:16
MCMC time 5.4 mins 

USED COMPONENTS: 17 OF 74 

rel. MC standard error: 0.0163 to 0.0507
eff. sample size: 389 to 3780
needed thinning: 5 to 43
Diagnostics time 0.16 secs 

Total number of iterations 10902 - required further 334 

Chain # 3 - chunk 33 (chain 3 of 4 for this core): increasing by 335 

Iterations: 335 
|-------------|-------------|-------------|-------------|
|-------------------------------------------------------|

Current time: 2024-11-25 09:57:18
MCMC time 5.4 mins 

USED COMPONENTS: 15 OF 74 

rel. MC standard error: 0.0164 to 0.0504
eff. sample size: 393 to 3730
needed thinning: 5 to 43
Diagnostics time 0.16 secs 

Total number of iterations 11237 - required further 334 

Chain # 3 - chunk 34 (chain 3 of 4 for this core): increasing by 335 

Iterations: 335 
|-------------|-------------|-------------|-------------|
|-------------------------------------------------------|

Current time: 2024-11-25 09:57:20
MCMC time 5.5 mins 

USED COMPONENTS: 15 OF 74 

rel. MC standard error: 0.0163 to 0.0508
eff. sample size: 388 to 3770
needed thinning: 5 to 45
Diagnostics time 0.56 secs 

Total number of iterations 11572 - required further 349 

Chain # 3 - chunk 35 (chain 3 of 4 for this core): increasing by 350 

Iterations: 350 
|-------------|-------------|-------------|-------------|
|-------------------------------------------------------|

Current time: 2024-11-25 09:57:22
MCMC time 5.5 mins 

USED COMPONENTS: 17 OF 74 

rel. MC standard error: 0.0158 to 0.0515
eff. sample size: 377 to 4020
needed thinning: 5 to 48
Diagnostics time 0.14 secs 

Total number of iterations 11922 - required further 372 

Chain # 3 - chunk 36 (chain 3 of 4 for this core): increasing by 373 

Iterations: 373 
|-------------|-------------|-------------|-------------|
|-------------------------------------------------------|

Current time: 2024-11-25 09:57:24
MCMC time 5.5 mins 

USED COMPONENTS: 18 OF 74 

rel. MC standard error: 0.0161 to 0.0517
eff. sample size: 375 to 3870
needed thinning: 5 to 50
Diagnostics time 0.16 secs 

Total number of iterations 12295 - required further 388 

Chain # 3 - chunk 37 (chain 3 of 4 for this core): increasing by 389 

Iterations: 389 
|-------------|-------------|-------------|-------------|
|-------------------------------------------------------|

Current time: 2024-11-25 09:57:27
MCMC time 5.6 mins 

USED COMPONENTS: 17 OF 74 

rel. MC standard error: 0.015 to 0.0512
eff. sample size: 382 to 4430
needed thinning: 5 to 50
Diagnostics time 0.17 secs 

Total number of iterations 12684 - required further 388 

Chain # 3 - chunk 38 (chain 3 of 4 for this core): increasing by 389 

Iterations: 389 
|-------------|-------------|-------------|-------------|
|-------------------------------------------------------|

Current time: 2024-11-25 09:57:29
MCMC time 5.6 mins 

USED COMPONENTS: 15 OF 74 

rel. MC standard error: 0.0161 to 0.0517
eff. sample size: 374 to 3870
needed thinning: 6 to 53
Diagnostics time 0.17 secs 

Total number of iterations 13073 - required further 411 

Chain # 3 - chunk 39 (chain 3 of 4 for this core): increasing by 412 

Iterations: 412 
|-------------|-------------|-------------|-------------|
|-------------------------------------------------------|

Current time: 2024-11-25 09:57:31
MCMC time 5.7 mins 

USED COMPONENTS: 17 OF 74 

rel. MC standard error: 0.0157 to 0.0513
eff. sample size: 380 to 4080
needed thinning: 5 to 54
Diagnostics time 0.18 secs 

Total number of iterations 13485 - required further 419 

Chain # 3 - chunk 40 (chain 3 of 4 for this core): increasing by 420 

Iterations: 420 
|-------------|-------------|-------------|-------------|
|-------------------------------------------------------|

Current time: 2024-11-25 09:57:33
MCMC time 5.7 mins 

USED COMPONENTS: 19 OF 74 

rel. MC standard error: 0.0152 to 0.0513
eff. sample size: 380 to 4350
needed thinning: 5 to 55
Diagnostics time 0.21 secs 

Total number of iterations 13905 - required further 427 

Chain # 3 - chunk 41 (chain 3 of 4 for this core): increasing by 428 

Iterations: 428 
|-------------|-------------|-------------|-------------|
|-------------------------------------------------------|

Current time: 2024-11-25 09:57:36
MCMC time 5.7 mins 

USED COMPONENTS: 20 OF 74 

rel. MC standard error: 0.0149 to 0.0509
eff. sample size: 385 to 4500
needed thinning: 5 to 56
Diagnostics time 0.55 secs 

Total number of iterations 14333 - required further 434 

Chain # 3 - chunk 42 (chain 3 of 4 for this core): increasing by 435 

Iterations: 435 
|-------------|-------------|-------------|-------------|
|-------------------------------------------------------|

Current time: 2024-11-25 09:57:39
MCMC time 5.8 mins 

USED COMPONENTS: 17 OF 74 

rel. MC standard error: 0.0139 to 0.0509
eff. sample size: 386 to 5210
needed thinning: 5 to 58
Diagnostics time 0.18 secs 

Total number of iterations 14768 - required further 450 

Chain # 3 - chunk 43 (chain 3 of 4 for this core): increasing by 451 

Iterations: 451 
|-------------|-------------|-------------|-------------|
|-------------------------------------------------------|

Current time: 2024-11-25 09:57:41
MCMC time 5.8 mins 

USED COMPONENTS: 15 OF 74 

rel. MC standard error: 0.0145 to 0.0507
eff. sample size: 388 to 4730
needed thinning: 5 to 59
Diagnostics time 0.2 secs 

Total number of iterations 15219 - required further 458 

Chain # 3 - chunk 44 (chain 3 of 4 for this core): increasing by 459 

Iterations: 459 
|-------------|-------------|-------------|-------------|
|-------------------------------------------------------|

Current time: 2024-11-25 09:57:44
MCMC time 5.9 mins 

USED COMPONENTS: 18 OF 74 

rel. MC standard error: 0.0146 to 0.0516
eff. sample size: 375 to 4680
needed thinning: 6 to 63
Diagnostics time 0.18 secs 

Total number of iterations 15678 - required further 488 

Chain # 3 - chunk 45 (chain 3 of 4 for this core): increasing by 489 

Iterations: 489 
|-------------|-------------|-------------|-------------|
|-------------------------------------------------------|

Current time: 2024-11-25 09:57:47
MCMC time 5.9 mins 

USED COMPONENTS: 17 OF 74 

rel. MC standard error: 0.014 to 0.0519
eff. sample size: 371 to 5090
needed thinning: 5 to 66
Diagnostics time 0.21 secs 

Total number of iterations 16167 - required further 512 

Chain # 3 - chunk 46 (chain 3 of 4 for this core): increasing by 513 

Iterations: 513 
|-------------|-------------|-------------|-------------|
|-------------------------------------------------------|

Current time: 2024-11-25 09:57:50
MCMC time 6 mins 

USED COMPONENTS: 16 OF 74 

rel. MC standard error: 0.0141 to 0.0526
eff. sample size: 362 to 5060
needed thinning: 5 to 70
Diagnostics time 0.2 secs 

Total number of iterations 16680 - required further 543 

Chain # 3 - chunk 47 (chain 3 of 4 for this core): increasing by 544 

Iterations: 544 
|-------------|-------------|-------------|-------------|
|-------------------------------------------------------|

Current time: 2024-11-25 09:57:53
MCMC time 6 mins 

USED COMPONENTS: 17 OF 74 

rel. MC standard error: 0.0127 to 0.0529
eff. sample size: 358 to 6180
needed thinning: 5 to 73
Diagnostics time 0.25 secs 

Total number of iterations 17224 - required further 566 

Chain # 3 - chunk 48 (chain 3 of 4 for this core): increasing by 567 

Iterations: 567 
|-------------|-------------|-------------|-------------|
|-------------------------------------------------------|

Current time: 2024-11-25 09:57:56
MCMC time 6.1 mins 

USED COMPONENTS: 17 OF 74 

rel. MC standard error: 0.0135 to 0.053
eff. sample size: 356 to 5460
needed thinning: 5 to 75
Diagnostics time 0.58 secs 

Total number of iterations 17791 - required further 581 

Chain # 3 - chunk 49 (chain 3 of 4 for this core): increasing by 582 

Iterations: 582 
|-------------|-------------|-------------|-------------|
|-------------------------------------------------------|

Current time: 2024-11-25 09:58:00
MCMC time 6.1 mins 

USED COMPONENTS: 17 OF 74 

rel. MC standard error: 0.0132 to 0.0534
eff. sample size: 350 to 5710
needed thinning: 5 to 79
Diagnostics time 0.27 secs 

Total number of iterations 18373 - required further 612 

Chain # 3 - chunk 50 (chain 3 of 4 for this core): increasing by 613 

Iterations: 613 
|-------------|-------------|-------------|-------------|
|-------------------------------------------------------|

Current time: 2024-11-25 09:58:03
MCMC time 6.2 mins 

USED COMPONENTS: 16 OF 74 

rel. MC standard error: 0.0129 to 0.0534
eff. sample size: 350 to 6030
needed thinning: 5 to 82
Diagnostics time 0.24 secs 

Total number of iterations 18986 - required further 636 

Chain # 3 - chunk 51 (chain 3 of 4 for this core): increasing by 637 

Iterations: 637 
|-------------|-------------|-------------|-------------|
|-------------------------------------------------------|

Current time: 2024-11-25 09:58:07
MCMC time 6.3 mins 

USED COMPONENTS: 16 OF 74 

rel. MC standard error: 0.0128 to 0.0537
eff. sample size: 347 to 6080
needed thinning: 5 to 85
Diagnostics time 0.29 secs 

Total number of iterations 19623 - required further 659 

Chain # 3 - chunk 52 (chain 3 of 4 for this core): increasing by 660 

Iterations: 660 
|-------------|-------------|-------------|-------------|
|-------------------------------------------------------|

Current time: 2024-11-25 09:58:11
MCMC time 6.3 mins 

USED COMPONENTS: 15 OF 74 

rel. MC standard error: 0.0124 to 0.0531
eff. sample size: 354 to 6460
needed thinning: 5 to 86
Diagnostics time 0.61 secs 

Total number of iterations 20283 - required further 667 

Chain # 3 - chunk 53 (chain 3 of 4 for this core): increasing by 668 

Iterations: 668 
|-------------|-------------|-------------|-------------|
|-------------------------------------------------------|

Current time: 2024-11-25 09:58:15
MCMC time 6.4 mins 

USED COMPONENTS: 17 OF 74 

rel. MC standard error: 0.0124 to 0.0531
eff. sample size: 355 to 6550
needed thinning: 5 to 89
Diagnostics time 0.31 secs 

Total number of iterations 20951 - required further 690 

Chain # 3 - chunk 54 (chain 3 of 4 for this core): increasing by 691 

Iterations: 691 
|-------------|-------------|-------------|-------------|
|-------------------------------------------------------|

Current time: 2024-11-25 09:58:19
MCMC time 6.5 mins 

USED COMPONENTS: 16 OF 74 

rel. MC standard error: 0.0121 to 0.0531
eff. sample size: 355 to 6880
needed thinning: 5 to 92
Diagnostics time 0.28 secs 

Total number of iterations 21642 - required further 713 

Chain # 3 - chunk 55 (chain 3 of 4 for this core): increasing by 714 

Iterations: 714 
|-------------|-------------|-------------|-------------|
|-------------------------------------------------------|

Current time: 2024-11-25 09:58:23
MCMC time 6.5 mins 

USED COMPONENTS: 16 OF 74 

rel. MC standard error: 0.012 to 0.0531
eff. sample size: 355 to 6970
needed thinning: 5 to 95
Diagnostics time 0.29 secs 

Total number of iterations 22356 - required further 736 

Chain # 3 - chunk 56 (chain 3 of 4 for this core): increasing by 737 

Iterations: 737 
|-------------|-------------|-------------|-------------|
|-------------------------------------------------------|

Current time: 2024-11-25 09:58:28
MCMC time 6.6 mins 

USED COMPONENTS: 17 OF 74 

rel. MC standard error: 0.0115 to 0.0527
eff. sample size: 359 to 7540
needed thinning: 5 to 97
Diagnostics time 0.35 secs 

Total number of iterations 23093 - required further 752 

Chain # 3 - chunk 57 (chain 3 of 4 for this core): increasing by 753 

Iterations: 753 
|-------------|-------------|-------------|-------------|
|-------------------------------------------------------|

Current time: 2024-11-25 09:58:32
MCMC time 6.7 mins 

USED COMPONENTS: 15 OF 74 

rel. MC standard error: 0.0117 to 0.0527
eff. sample size: 360 to 7310
needed thinning: 5 to 100
Diagnostics time 0.29 secs 

Total number of iterations 23846 - required further 775 

Chain # 3 - chunk 58 (chain 3 of 4 for this core): increasing by 776 

Iterations: 776 
|-------------|-------------|-------------|-------------|
|-------------------------------------------------------|

Current time: 2024-11-25 09:58:36
MCMC time 6.7 mins 

USED COMPONENTS: 18 OF 74 

rel. MC standard error: 0.0114 to 0.0525
eff. sample size: 363 to 7660
needed thinning: 5 to 102
Diagnostics time 0.65 secs 

Total number of iterations 24622 - required further 791 

Chain # 3 - chunk 59 (chain 3 of 4 for this core): increasing by 792 

Iterations: 792 
|-------------|-------------|-------------|-------------|
|-------------------------------------------------------|

Current time: 2024-11-25 09:58:41
MCMC time 6.8 mins 

USED COMPONENTS: 16 OF 74 

rel. MC standard error: 0.0111 to 0.0525
eff. sample size: 363 to 8110
needed thinning: 5 to 106
Diagnostics time 0.32 secs 

Total number of iterations 25414 - required further 822 

Chain # 3 - chunk 60 (chain 3 of 4 for this core): increasing by 823 

Iterations: 823 
|-------------|-------------|-------------|-------------|
|-------------------------------------------------------|

Current time: 2024-11-25 09:58:46
MCMC time 6.9 mins 

USED COMPONENTS: 17 OF 74 

rel. MC standard error: 0.011 to 0.0523
eff. sample size: 366 to 8260
needed thinning: 5 to 108
Diagnostics time 0.68 secs 

Total number of iterations 26237 - required further 837 

Chain # 3 - chunk 61 (chain 3 of 4 for this core): increasing by 838 

Iterations: 838 
|-------------|-------------|-------------|-------------|
|-------------------------------------------------------|

Current time: 2024-11-25 09:58:51
MCMC time 7 mins 

USED COMPONENTS: 16 OF 74 

rel. MC standard error: 0.011 to 0.0519
eff. sample size: 371 to 8260
needed thinning: 5 to 110
Diagnostics time 0.36 secs 

Total number of iterations 27075 - required further 853 

Chain # 3 - chunk 62 (chain 3 of 4 for this core): increasing by 854 

Iterations: 854 
|-------------|-------------|-------------|-------------|
|-------------------------------------------------------|

Current time: 2024-11-25 09:58:56
MCMC time 7.1 mins 

USED COMPONENTS: 17 OF 74 

rel. MC standard error: 0.0105 to 0.0515
eff. sample size: 377 to 9060
needed thinning: 5 to 112
Diagnostics time 0.32 secs 

Total number of iterations 27929 - required further 868 

Chain # 3 - chunk 63 (chain 3 of 4 for this core): increasing by 869 

Iterations: 869 
|-------------|-------------|-------------|-------------|
|-------------------------------------------------------|

Current time: 2024-11-25 09:59:00
MCMC time 7.1 mins 

USED COMPONENTS: 16 OF 74 

rel. MC standard error: 0.0106 to 0.0512
eff. sample size: 382 to 8870
needed thinning: 5 to 114
Diagnostics time 0.38 secs 

Total number of iterations 28798 - required further 884 

Chain # 3 - chunk 64 (chain 3 of 4 for this core): increasing by 885 

Iterations: 885 
|-------------|-------------|-------------|-------------|
|-------------------------------------------------------|

Current time: 2024-11-25 09:59:05
MCMC time 7.2 mins 

USED COMPONENTS: 18 OF 74 

rel. MC standard error: 0.0107 to 0.0508
eff. sample size: 387 to 8770
needed thinning: 6 to 116
Diagnostics time 0.33 secs 

Total number of iterations 29683 - required further 899 

Chain # 3 - chunk 65 (chain 3 of 4 for this core): increasing by 900 

Iterations: 900 
|-------------|-------------|-------------|-------------|
|-------------------------------------------------------|

Current time: 2024-11-25 09:59:09
MCMC time 7.3 mins 

USED COMPONENTS: 16 OF 74 

rel. MC standard error: 0.0103 to 0.0505
eff. sample size: 392 to 9420
needed thinning: 5 to 118
Diagnostics time 0.37 secs 

Total number of iterations 30583 - required further 915 

Chain # 3 - chunk 66 (chain 3 of 4 for this core): increasing by 916 

Iterations: 916 
|-------------|-------------|-------------|-------------|
|-------------------------------------------------------|

Current time: 2024-11-25 09:59:14
MCMC time 7.4 mins 

USED COMPONENTS: 16 OF 74 

rel. MC standard error: 0.0108 to 0.0505
eff. sample size: 393 to 8640
needed thinning: 6 to 121
Diagnostics time 0.37 secs 

Total number of iterations 31499 - required further 938 

Chain # 3 - chunk 67 (chain 3 of 4 for this core): increasing by 939 

Iterations: 939 
|-------------|-------------|-------------|-------------|
|-------------------------------------------------------|

Current time: 2024-11-25 09:59:19
MCMC time 7.5 mins 

USED COMPONENTS: 17 OF 74 

rel. MC standard error: 0.0111 to 0.0501
eff. sample size: 399 to 8140
needed thinning: 6 to 122
Diagnostics time 0.35 secs 

Total number of iterations 32438 - required further 946 

Chain # 3 - chunk 68 (chain 3 of 4 for this core): increasing by 947 

Iterations: 947 
|-------------|-------------|-------------|-------------|
|-------------------------------------------------------|

Current time: 2024-11-25 09:59:24
MCMC time 7.5 mins 

USED COMPONENTS: 17 OF 74 

rel. MC standard error: 0.0109 to 0.0497
eff. sample size: 405 to 8350
needed thinning: 7 to 124
Diagnostics time 0.41 secs 

Total number of iterations 33385 - required further 0 

Keeping last 60 samples with thinning 124 

Plotting traces and samples.

Current time: 2024-11-25 09:59:27
MCMC + diagnostics time 7.6 mins 

Chain # 4 (chain 4 of 4 for this core)

Datapoints for testing convergence:
 #1 #2 #3 #4 #8 #10 #18 #20 #25 #30 #33 #40 #43 #50 #52 #55 #59 #67 #73 #77 

Iterations: 3600 
|-------------|-------------|-------------|-------------|
|-------------------------------------------------------|

Current time: 2024-11-25 09:59:44
MCMC time 7.9 mins 

USED COMPONENTS: 20 OF 74 

rel. MC standard error: 0.024 to 0.0629
eff. sample size: 252 to 1740
needed thinning: 4 to 22
Diagnostics time 1.4 secs 

Total number of iterations 3600 - required further 171 

Chain # 4 - chunk 2 (chain 4 of 4 for this core): increasing by 172 

Iterations: 172 
|-------------|-------------|-------------|-------------|
|-------------------------------------------------------|

Current time: 2024-11-25 09:59:47
MCMC time 7.9 mins 

USED COMPONENTS: 20 OF 74 

rel. MC standard error: 0.0212 to 0.0644
eff. sample size: 241 to 2230
needed thinning: 3 to 24
Diagnostics time 0.099 secs 

Total number of iterations 3772 - required further 186 

Chain # 4 - chunk 3 (chain 4 of 4 for this core): increasing by 187 

Iterations: 187 
|-------------|-------------|-------------|-------------|
|-------------------------------------------------------|

Current time: 2024-11-25 09:59:48
MCMC time 7.9 mins 

USED COMPONENTS: 20 OF 74 

rel. MC standard error: 0.0198 to 0.063
eff. sample size: 252 to 2540
needed thinning: 3 to 24
Diagnostics time 0.074 secs 

Total number of iterations 3959 - required further 186 

Chain # 4 - chunk 4 (chain 4 of 4 for this core): increasing by 187 

Iterations: 187 
|-------------|-------------|-------------|-------------|
|-------------------------------------------------------|

Current time: 2024-11-25 09:59:49
MCMC time 7.9 mins 

USED COMPONENTS: 19 OF 74 

rel. MC standard error: 0.0196 to 0.0623
eff. sample size: 258 to 2600
needed thinning: 3 to 25
Diagnostics time 0.1 secs 

Total number of iterations 4146 - required further 194 

Chain # 4 - chunk 5 (chain 4 of 4 for this core): increasing by 195 

Iterations: 195 
|-------------|-------------|-------------|-------------|
|-------------------------------------------------------|

Current time: 2024-11-25 09:59:50
MCMC time 8 mins 

USED COMPONENTS: 19 OF 74 

rel. MC standard error: 0.021 to 0.0603
eff. sample size: 275 to 2270
needed thinning: 3 to 24
Diagnostics time 0.1 secs 

Total number of iterations 4341 - required further 186 

Chain # 4 - chunk 6 (chain 4 of 4 for this core): increasing by 187 

Iterations: 187 
|-------------|-------------|-------------|-------------|
|-------------------------------------------------------|

Current time: 2024-11-25 09:59:51
MCMC time 8 mins 

USED COMPONENTS: 19 OF 74 

rel. MC standard error: 0.0182 to 0.062
eff. sample size: 261 to 3030
needed thinning: 3 to 27
Diagnostics time 0.1 secs 

Total number of iterations 4528 - required further 210 

Chain # 4 - chunk 7 (chain 4 of 4 for this core): increasing by 211 

Iterations: 211 
|-------------|-------------|-------------|-------------|
|-------------------------------------------------------|

Current time: 2024-11-25 09:59:52
MCMC time 8 mins 

USED COMPONENTS: 19 OF 74 

rel. MC standard error: 0.0184 to 0.059
eff. sample size: 288 to 2960
needed thinning: 3 to 25
Diagnostics time 0.11 secs 

Total number of iterations 4739 - required further 194 

Chain # 4 - chunk 8 (chain 4 of 4 for this core): increasing by 195 

Iterations: 195 
|-------------|-------------|-------------|-------------|
|-------------------------------------------------------|

Current time: 2024-11-25 09:59:53
MCMC time 8 mins 

USED COMPONENTS: 18 OF 74 

rel. MC standard error: 0.0198 to 0.0565
eff. sample size: 313 to 2550
needed thinning: 3 to 24
Diagnostics time 0.13 secs 

Total number of iterations 4934 - required further 186 

Chain # 4 - chunk 9 (chain 4 of 4 for this core): increasing by 187 

Iterations: 187 
|-------------|-------------|-------------|-------------|
|-------------------------------------------------------|

Current time: 2024-11-25 09:59:54
MCMC time 8 mins 

USED COMPONENTS: 19 OF 74 

rel. MC standard error: 0.019 to 0.0547
eff. sample size: 334 to 2780
needed thinning: 3 to 23
Diagnostics time 0.14 secs 

Total number of iterations 5121 - required further 179 

Chain # 4 - chunk 10 (chain 4 of 4 for this core): increasing by 180 

Iterations: 180 
|-------------|-------------|-------------|-------------|
|-------------------------------------------------------|

Current time: 2024-11-25 09:59:55
MCMC time 8 mins 

USED COMPONENTS: 19 OF 74 

rel. MC standard error: 0.0192 to 0.0535
eff. sample size: 349 to 2730
needed thinning: 3 to 23
Diagnostics time 0.072 secs 

Total number of iterations 5301 - required further 179 

Chain # 4 - chunk 11 (chain 4 of 4 for this core): increasing by 180 

Iterations: 180 
|-------------|-------------|-------------|-------------|
|-------------------------------------------------------|

Current time: 2024-11-25 09:59:55
MCMC time 8.1 mins 

USED COMPONENTS: 18 OF 74 

rel. MC standard error: 0.0187 to 0.057
eff. sample size: 308 to 2860
needed thinning: 3 to 27
Diagnostics time 0.073 secs 

Total number of iterations 5481 - required further 210 

Chain # 4 - chunk 12 (chain 4 of 4 for this core): increasing by 211 

Iterations: 211 
|-------------|-------------|-------------|-------------|
|-------------------------------------------------------|

Current time: 2024-11-25 09:59:57
MCMC time 8.1 mins 

USED COMPONENTS: 18 OF 74 

rel. MC standard error: 0.0188 to 0.0585
eff. sample size: 292 to 2820
needed thinning: 4 to 30
Diagnostics time 0.11 secs 

Total number of iterations 5692 - required further 233 

Chain # 4 - chunk 13 (chain 4 of 4 for this core): increasing by 234 

Iterations: 234 
|-------------|-------------|-------------|-------------|
|-------------------------------------------------------|

Current time: 2024-11-25 09:59:58
MCMC time 8.1 mins 

USED COMPONENTS: 17 OF 74 

rel. MC standard error: 0.0176 to 0.0583
eff. sample size: 294 to 3230
needed thinning: 3 to 31
Diagnostics time 0.14 secs 

Total number of iterations 5926 - required further 241 

Chain # 4 - chunk 14 (chain 4 of 4 for this core): increasing by 242 

Iterations: 242 
|-------------|-------------|-------------|-------------|
|-------------------------------------------------------|

Current time: 2024-11-25 09:59:59
MCMC time 8.1 mins 

USED COMPONENTS: 18 OF 74 

rel. MC standard error: 0.0181 to 0.0534
eff. sample size: 351 to 3060
needed thinning: 4 to 27
Diagnostics time 0.15 secs 

Total number of iterations 6168 - required further 210 

Chain # 4 - chunk 15 (chain 4 of 4 for this core): increasing by 211 

Iterations: 211 
|-------------|-------------|-------------|-------------|
|-------------------------------------------------------|

Current time: 2024-11-25 10:00:00
MCMC time 8.1 mins 

USED COMPONENTS: 17 OF 74 

rel. MC standard error: 0.0166 to 0.053
eff. sample size: 356 to 3650
needed thinning: 3 to 27
Diagnostics time 0.11 secs 

Total number of iterations 6379 - required further 210 

Chain # 4 - chunk 16 (chain 4 of 4 for this core): increasing by 211 

Iterations: 211 
|-------------|-------------|-------------|-------------|
|-------------------------------------------------------|

Current time: 2024-11-25 10:00:01
MCMC time 8.2 mins 

USED COMPONENTS: 18 OF 74 

rel. MC standard error: 0.0186 to 0.0541
eff. sample size: 341 to 2890
needed thinning: 4 to 29
Diagnostics time 0.53 secs 

Total number of iterations 6590 - required further 225 

Chain # 4 - chunk 17 (chain 4 of 4 for this core): increasing by 226 

Iterations: 226 
|-------------|-------------|-------------|-------------|
|-------------------------------------------------------|

Current time: 2024-11-25 10:00:03
MCMC time 8.2 mins 

USED COMPONENTS: 15 OF 74 

rel. MC standard error: 0.019 to 0.0527
eff. sample size: 360 to 2770
needed thinning: 4 to 29
Diagnostics time 0.1 secs 

Total number of iterations 6816 - required further 225 

Chain # 4 - chunk 18 (chain 4 of 4 for this core): increasing by 226 

Iterations: 226 
|-------------|-------------|-------------|-------------|
|-------------------------------------------------------|

Current time: 2024-11-25 10:00:04
MCMC time 8.2 mins 

USED COMPONENTS: 16 OF 74 

rel. MC standard error: 0.0179 to 0.0523
eff. sample size: 366 to 3120
needed thinning: 4 to 29
Diagnostics time 0.085 secs 

Total number of iterations 7042 - required further 225 

Chain # 4 - chunk 19 (chain 4 of 4 for this core): increasing by 226 

Iterations: 226 
|-------------|-------------|-------------|-------------|
|-------------------------------------------------------|

Current time: 2024-11-25 10:00:05
MCMC time 8.2 mins 

USED COMPONENTS: 14 OF 74 

rel. MC standard error: 0.0164 to 0.0519
eff. sample size: 371 to 3740
needed thinning: 3 to 30
Diagnostics time 0.085 secs 

Total number of iterations 7268 - required further 233 

Chain # 4 - chunk 20 (chain 4 of 4 for this core): increasing by 234 

Iterations: 234 
|-------------|-------------|-------------|-------------|
|-------------------------------------------------------|

Current time: 2024-11-25 10:00:06
MCMC time 8.2 mins 

USED COMPONENTS: 13 OF 74 

rel. MC standard error: 0.0172 to 0.0507
eff. sample size: 389 to 3360
needed thinning: 4 to 29
Diagnostics time 0.1 secs 

Total number of iterations 7502 - required further 225 

Chain # 4 - chunk 21 (chain 4 of 4 for this core): increasing by 226 

Iterations: 226 
|-------------|-------------|-------------|-------------|
|-------------------------------------------------------|

Current time: 2024-11-25 10:00:07
MCMC time 8.3 mins 

USED COMPONENTS: 15 OF 74 

rel. MC standard error: 0.0162 to 0.0503
eff. sample size: 395 to 3830
needed thinning: 4 to 30
Diagnostics time 0.098 secs 

Total number of iterations 7728 - required further 233 

Chain # 4 - chunk 22 (chain 4 of 4 for this core): increasing by 234 

Iterations: 234 
|-------------|-------------|-------------|-------------|
|-------------------------------------------------------|

Current time: 2024-11-25 10:00:08
MCMC time 8.3 mins 

USED COMPONENTS: 14 OF 74 

rel. MC standard error: 0.0162 to 0.0492
eff. sample size: 413 to 3830
needed thinning: 4 to 29
Diagnostics time 0.1 secs 

Total number of iterations 7962 - required further 0 

Keeping last 60 samples with thinning 29 

Plotting traces and samples.

Current time: 2024-11-25 10:00:09
MCMC + diagnostics time 8.3 mins 

Current time: 2024-11-25 10:00:09
Total time 8.3 mins 
loaded inferno and set parent environment
loaded inferno and set parent environment
loaded inferno and set parent environment
loaded inferno and set parent environment
