Log core 2 - Current time: 2024-11-25 10:20:10
Defining model
Building model
Setting data and initial values
Running calculate on model
  [Note] Any error reports that follow may simply reflect missing values in model variables.
Checking model sizes and dimensions
Compiling
  [Note] This may take a minute.
  [Note] Use 'showCompilerOutput = TRUE' to see C++ compilation details.
===== Monitors =====
thin = 1: Bprob, Rmean, Rvar, W
thin2 = 1: K
===== Samplers =====
conjugate sampler (519)
  - Rmean[]  (148 elements)
  - Rrate[]  (148 elements)
  - Bprob[]  (74 elements)
  - Rvar[]  (148 elements)
  - W[1:74] 
categorical sampler (251)
  - Alpha
  - K[]  (250 elements)
===== Monitors =====
thin = 1: Bprob, Rmean, Rvar, W
thin2 = 1: K
===== Samplers =====
slice sampler (251)
  - Alpha
  - K[]  (250 elements)
conjugate sampler (519)
  - Rmean[]  (148 elements)
  - Rrate[]  (148 elements)
  - Bprob[]  (74 elements)
  - Rvar[]  (148 elements)
  - W[1:74] 
Compiling
  [Note] This may take a minute.
  [Note] Use 'showCompilerOutput = TRUE' to see C++ compilation details.

Setup time 1.9 mins 

Chain # 5 (chain 1 of 4 for this core)

Datapoints for testing convergence:
 #6 #25 #49 #52 #54 #57 #61 #62 #71 #80 #86 #92 #135 #165 #183 #211 #219 #232 #245 #246 

Iterations: 3600 
|-------------|-------------|-------------|-------------|
|-------------------------------------------------------|

Current time: 2024-11-25 10:23:53
MCMC time 1.8 mins 

USED COMPONENTS: 34 OF 74 

rel. MC standard error: 0.0179 to 0.0555
eff. sample size: 325 to 3130
needed thinning: 2 to 17
Diagnostics time 3.1 secs 

Total number of iterations 3600 - required further 132 

Chain # 5 - chunk 2 (chain 1 of 4 for this core): increasing by 133 

Iterations: 133 
|-------------|-------------|-------------|-------------|
|-------------------------------------------------------|

Current time: 2024-11-25 10:24:03
MCMC time 1.9 mins 

USED COMPONENTS: 32 OF 74 

rel. MC standard error: 0.0174 to 0.0533
eff. sample size: 352 to 3290
needed thinning: 2 to 16
Diagnostics time 0.15 secs 

Total number of iterations 3733 - required further 124 

Chain # 5 - chunk 3 (chain 1 of 4 for this core): increasing by 125 

Iterations: 125 
|-------------|-------------|-------------|-------------|
|-------------------------------------------------------|

Current time: 2024-11-25 10:24:07
MCMC time 2 mins 

USED COMPONENTS: 33 OF 74 

rel. MC standard error: 0.017 to 0.053
eff. sample size: 356 to 3460
needed thinning: 2 to 17
Diagnostics time 0.14 secs 

Total number of iterations 3858 - required further 132 

Chain # 5 - chunk 4 (chain 1 of 4 for this core): increasing by 133 

Iterations: 133 
|-------------|-------------|-------------|-------------|
|-------------------------------------------------------|

Current time: 2024-11-25 10:24:11
MCMC time 2.1 mins 

USED COMPONENTS: 33 OF 74 

rel. MC standard error: 0.017 to 0.0522
eff. sample size: 367 to 3440
needed thinning: 2 to 17
Diagnostics time 0.71 secs 

Total number of iterations 3991 - required further 132 

Chain # 5 - chunk 5 (chain 1 of 4 for this core): increasing by 133 

Iterations: 133 
|-------------|-------------|-------------|-------------|
|-------------------------------------------------------|

Current time: 2024-11-25 10:24:16
MCMC time 2.2 mins 

USED COMPONENTS: 32 OF 74 

rel. MC standard error: 0.017 to 0.0518
eff. sample size: 372 to 3450
needed thinning: 2 to 17
Diagnostics time 0.11 secs 

Total number of iterations 4124 - required further 132 

Chain # 5 - chunk 6 (chain 1 of 4 for this core): increasing by 133 

Iterations: 133 
|-------------|-------------|-------------|-------------|
|-------------------------------------------------------|

Current time: 2024-11-25 10:24:20
MCMC time 2.2 mins 

USED COMPONENTS: 32 OF 74 

rel. MC standard error: 0.0171 to 0.0515
eff. sample size: 377 to 3440
needed thinning: 2 to 17
Diagnostics time 0.14 secs 

Total number of iterations 4257 - required further 132 

Chain # 5 - chunk 7 (chain 1 of 4 for this core): increasing by 133 

Iterations: 133 
|-------------|-------------|-------------|-------------|
|-------------------------------------------------------|

Current time: 2024-11-25 10:24:24
MCMC time 2.3 mins 

USED COMPONENTS: 33 OF 74 

rel. MC standard error: 0.0167 to 0.0509
eff. sample size: 387 to 3580
needed thinning: 2 to 18
Diagnostics time 0.11 secs 

Total number of iterations 4390 - required further 140 

Chain # 5 - chunk 8 (chain 1 of 4 for this core): increasing by 141 

Iterations: 141 
|-------------|-------------|-------------|-------------|
|-------------------------------------------------------|

Current time: 2024-11-25 10:24:28
MCMC time 2.4 mins 

USED COMPONENTS: 33 OF 74 

rel. MC standard error: 0.0148 to 0.0501
eff. sample size: 398 to 4580
needed thinning: 2 to 18
Diagnostics time 0.15 secs 

Total number of iterations 4531 - required further 140 

Chain # 5 - chunk 9 (chain 1 of 4 for this core): increasing by 141 

Iterations: 141 
|-------------|-------------|-------------|-------------|
|-------------------------------------------------------|

Current time: 2024-11-25 10:24:33
MCMC time 2.4 mins 

USED COMPONENTS: 33 OF 74 

rel. MC standard error: 0.0163 to 0.0501
eff. sample size: 398 to 3760
needed thinning: 2 to 18
Diagnostics time 0.12 secs 

Total number of iterations 4672 - required further 140 

Chain # 5 - chunk 10 (chain 1 of 4 for this core): increasing by 141 

Iterations: 141 
|-------------|-------------|-------------|-------------|
|-------------------------------------------------------|

Current time: 2024-11-25 10:24:37
MCMC time 2.5 mins 

USED COMPONENTS: 34 OF 74 

rel. MC standard error: 0.0155 to 0.0494
eff. sample size: 410 to 4180
needed thinning: 2 to 18
Diagnostics time 0.12 secs 

Total number of iterations 4813 - required further 0 

Keeping last 60 samples with thinning 18 

Plotting traces and samples.

Current time: 2024-11-25 10:24:38
MCMC + diagnostics time 2.5 mins 

Chain # 6 (chain 2 of 4 for this core)

Datapoints for testing convergence:
 #16 #28 #69 #86 #91 #107 #118 #120 #121 #129 #132 #148 #159 #161 #166 #185 #199 #200 #219 #238 

Iterations: 3600 
|-------------|-------------|-------------|-------------|
|-------------------------------------------------------|

Current time: 2024-11-25 10:26:24
MCMC time 4.3 mins 

USED COMPONENTS: 30 OF 74 

rel. MC standard error: 0.0171 to 0.0594
eff. sample size: 283 to 3440
needed thinning: 2 to 20
Diagnostics time 3 secs 

Total number of iterations 3600 - required further 155 

Chain # 6 - chunk 2 (chain 2 of 4 for this core): increasing by 156 

Iterations: 156 
|-------------|-------------|-------------|-------------|
|-------------------------------------------------------|

Current time: 2024-11-25 10:26:33
MCMC time 4.4 mins 

USED COMPONENTS: 28 OF 74 

rel. MC standard error: 0.0148 to 0.0586
eff. sample size: 291 to 4550
needed thinning: 2 to 20
Diagnostics time 0.19 secs 

Total number of iterations 3756 - required further 155 

Chain # 6 - chunk 3 (chain 2 of 4 for this core): increasing by 156 

Iterations: 156 
|-------------|-------------|-------------|-------------|
|-------------------------------------------------------|

Current time: 2024-11-25 10:26:38
MCMC time 4.5 mins 

USED COMPONENTS: 29 OF 74 

rel. MC standard error: 0.016 to 0.0553
eff. sample size: 327 to 3920
needed thinning: 2 to 18
Diagnostics time 0.17 secs 

Total number of iterations 3912 - required further 140 

Chain # 6 - chunk 4 (chain 2 of 4 for this core): increasing by 141 

Iterations: 141 
|-------------|-------------|-------------|-------------|
|-------------------------------------------------------|

Current time: 2024-11-25 10:26:42
MCMC time 4.6 mins 

USED COMPONENTS: 30 OF 74 

rel. MC standard error: 0.0156 to 0.0558
eff. sample size: 321 to 4100
needed thinning: 2 to 19
Diagnostics time 0.16 secs 

Total number of iterations 4053 - required further 148 

Chain # 6 - chunk 5 (chain 2 of 4 for this core): increasing by 149 

Iterations: 149 
|-------------|-------------|-------------|-------------|
|-------------------------------------------------------|

Current time: 2024-11-25 10:26:47
MCMC time 4.7 mins 

USED COMPONENTS: 31 OF 74 

rel. MC standard error: 0.016 to 0.0535
eff. sample size: 349 to 3930
needed thinning: 2 to 19
Diagnostics time 0.18 secs 

Total number of iterations 4202 - required further 148 

Chain # 6 - chunk 6 (chain 2 of 4 for this core): increasing by 149 

Iterations: 149 
|-------------|-------------|-------------|-------------|
|-------------------------------------------------------|

Current time: 2024-11-25 10:26:51
MCMC time 4.8 mins 

USED COMPONENTS: 31 OF 74 

rel. MC standard error: 0.015 to 0.0529
eff. sample size: 357 to 4460
needed thinning: 2 to 19
Diagnostics time 0.81 secs 

Total number of iterations 4351 - required further 148 

Chain # 6 - chunk 7 (chain 2 of 4 for this core): increasing by 149 

Iterations: 149 
|-------------|-------------|-------------|-------------|
|-------------------------------------------------------|

Current time: 2024-11-25 10:26:57
MCMC time 4.8 mins 

USED COMPONENTS: 28 OF 74 

rel. MC standard error: 0.0146 to 0.0543
eff. sample size: 339 to 4710
needed thinning: 2 to 20
Diagnostics time 0.13 secs 

Total number of iterations 4500 - required further 155 

Chain # 6 - chunk 8 (chain 2 of 4 for this core): increasing by 156 

Iterations: 156 
|-------------|-------------|-------------|-------------|
|-------------------------------------------------------|

Current time: 2024-11-25 10:27:02
MCMC time 4.9 mins 

USED COMPONENTS: 29 OF 74 

rel. MC standard error: 0.0146 to 0.054
eff. sample size: 343 to 4670
needed thinning: 2 to 21
Diagnostics time 0.15 secs 

Total number of iterations 4656 - required further 163 

Chain # 6 - chunk 9 (chain 2 of 4 for this core): increasing by 164 

Iterations: 164 
|-------------|-------------|-------------|-------------|
|-------------------------------------------------------|

Current time: 2024-11-25 10:27:07
MCMC time 5 mins 

USED COMPONENTS: 27 OF 74 

rel. MC standard error: 0.0147 to 0.0519
eff. sample size: 371 to 4650
needed thinning: 2 to 20
Diagnostics time 0.16 secs 

Total number of iterations 4820 - required further 155 

Chain # 6 - chunk 10 (chain 2 of 4 for this core): increasing by 156 

Iterations: 156 
|-------------|-------------|-------------|-------------|
|-------------------------------------------------------|

Current time: 2024-11-25 10:27:11
MCMC time 5.1 mins 

USED COMPONENTS: 29 OF 74 

rel. MC standard error: 0.0155 to 0.0576
eff. sample size: 302 to 4150
needed thinning: 2 to 25
Diagnostics time 0.14 secs 

Total number of iterations 4976 - required further 194 

Chain # 6 - chunk 11 (chain 2 of 4 for this core): increasing by 195 

Iterations: 195 
|-------------|-------------|-------------|-------------|
|-------------------------------------------------------|

Current time: 2024-11-25 10:27:17
MCMC time 5.2 mins 

USED COMPONENTS: 29 OF 74 

rel. MC standard error: 0.0141 to 0.0604
eff. sample size: 274 to 5020
needed thinning: 2 to 29
Diagnostics time 0.18 secs 

Total number of iterations 5171 - required further 225 

Chain # 6 - chunk 12 (chain 2 of 4 for this core): increasing by 226 

Iterations: 226 
|-------------|-------------|-------------|-------------|
|-------------------------------------------------------|

Current time: 2024-11-25 10:27:24
MCMC time 5.3 mins 

USED COMPONENTS: 29 OF 74 

rel. MC standard error: 0.0146 to 0.0637
eff. sample size: 247 to 4690
needed thinning: 2 to 33
Diagnostics time 0.19 secs 

Total number of iterations 5397 - required further 256 

Chain # 6 - chunk 13 (chain 2 of 4 for this core): increasing by 257 

Iterations: 257 
|-------------|-------------|-------------|-------------|
|-------------------------------------------------------|

Current time: 2024-11-25 10:27:32
MCMC time 5.4 mins 

USED COMPONENTS: 28 OF 74 

rel. MC standard error: 0.0136 to 0.0632
eff. sample size: 250 to 5380
needed thinning: 2 to 34
Diagnostics time 0.25 secs 

Total number of iterations 5654 - required further 264 

Chain # 6 - chunk 14 (chain 2 of 4 for this core): increasing by 265 

Iterations: 265 
|-------------|-------------|-------------|-------------|
|-------------------------------------------------------|

Current time: 2024-11-25 10:27:40
MCMC time 5.6 mins 

USED COMPONENTS: 27 OF 74 

rel. MC standard error: 0.0134 to 0.0619
eff. sample size: 261 to 5580
needed thinning: 2 to 35
Diagnostics time 0.21 secs 

Total number of iterations 5919 - required further 272 

Chain # 6 - chunk 15 (chain 2 of 4 for this core): increasing by 273 

Iterations: 273 
|-------------|-------------|-------------|-------------|
|-------------------------------------------------------|

Current time: 2024-11-25 10:27:49
MCMC time 5.7 mins 

USED COMPONENTS: 28 OF 74 

rel. MC standard error: 0.0141 to 0.0642
eff. sample size: 243 to 5010
needed thinning: 2 to 39
Diagnostics time 0.33 secs 

Total number of iterations 6192 - required further 303 

Chain # 6 - chunk 16 (chain 2 of 4 for this core): increasing by 304 

Iterations: 304 
|-------------|-------------|-------------|-------------|
|-------------------------------------------------------|

Current time: 2024-11-25 10:27:58
MCMC time 5.9 mins 

USED COMPONENTS: 30 OF 74 

rel. MC standard error: 0.0137 to 0.0641
eff. sample size: 244 to 5330
needed thinning: 2 to 40
Diagnostics time 0.23 secs 

Total number of iterations 6496 - required further 310 

Chain # 6 - chunk 17 (chain 2 of 4 for this core): increasing by 311 

Iterations: 311 
|-------------|-------------|-------------|-------------|
|-------------------------------------------------------|

Current time: 2024-11-25 10:28:07
MCMC time 6 mins 

USED COMPONENTS: 28 OF 74 

rel. MC standard error: 0.0137 to 0.0629
eff. sample size: 253 to 5320
needed thinning: 2 to 41
Diagnostics time 0.23 secs 

Total number of iterations 6807 - required further 318 

Chain # 6 - chunk 18 (chain 2 of 4 for this core): increasing by 319 

Iterations: 319 
|-------------|-------------|-------------|-------------|
|-------------------------------------------------------|

Current time: 2024-11-25 10:28:17
MCMC time 6.2 mins 

USED COMPONENTS: 28 OF 74 

rel. MC standard error: 0.0137 to 0.0618
eff. sample size: 262 to 5340
needed thinning: 3 to 41
Diagnostics time 0.28 secs 

Total number of iterations 7126 - required further 318 

Chain # 6 - chunk 19 (chain 2 of 4 for this core): increasing by 319 

Iterations: 319 
|-------------|-------------|-------------|-------------|
|-------------------------------------------------------|

Current time: 2024-11-25 10:28:27
MCMC time 6.3 mins 

USED COMPONENTS: 30 OF 74 

rel. MC standard error: 0.014 to 0.061
eff. sample size: 268 to 5080
needed thinning: 3 to 42
Diagnostics time 0.25 secs 

Total number of iterations 7445 - required further 326 

Chain # 6 - chunk 20 (chain 2 of 4 for this core): increasing by 327 

Iterations: 327 
|-------------|-------------|-------------|-------------|
|-------------------------------------------------------|

Current time: 2024-11-25 10:28:37
MCMC time 6.5 mins 

USED COMPONENTS: 29 OF 74 

rel. MC standard error: 0.0135 to 0.0606
eff. sample size: 272 to 5470
needed thinning: 3 to 43
Diagnostics time 0.28 secs 

Total number of iterations 7772 - required further 334 

Chain # 6 - chunk 21 (chain 2 of 4 for this core): increasing by 335 

Iterations: 335 
|-------------|-------------|-------------|-------------|
|-------------------------------------------------------|

Current time: 2024-11-25 10:28:47
MCMC time 6.7 mins 

USED COMPONENTS: 28 OF 74 

rel. MC standard error: 0.0126 to 0.0593
eff. sample size: 284 to 6320
needed thinning: 2 to 43
Diagnostics time 0.3 secs 

Total number of iterations 8107 - required further 334 

Chain # 6 - chunk 22 (chain 2 of 4 for this core): increasing by 335 

Iterations: 335 
|-------------|-------------|-------------|-------------|
|-------------------------------------------------------|

Current time: 2024-11-25 10:28:57
MCMC time 6.9 mins 

USED COMPONENTS: 29 OF 74 

rel. MC standard error: 0.0118 to 0.0583
eff. sample size: 294 to 7220
needed thinning: 2 to 44
Diagnostics time 0.29 secs 

Total number of iterations 8442 - required further 341 

Chain # 6 - chunk 23 (chain 2 of 4 for this core): increasing by 342 

Iterations: 342 
|-------------|-------------|-------------|-------------|
|-------------------------------------------------------|

Current time: 2024-11-25 10:29:08
MCMC time 7 mins 

USED COMPONENTS: 28 OF 74 

rel. MC standard error: 0.0124 to 0.0581
eff. sample size: 296 to 6500
needed thinning: 3 to 45
Diagnostics time 0.28 secs 

Total number of iterations 8784 - required further 349 

Chain # 6 - chunk 24 (chain 2 of 4 for this core): increasing by 350 

Iterations: 350 
|-------------|-------------|-------------|-------------|
|-------------------------------------------------------|

Current time: 2024-11-25 10:29:19
MCMC time 7.2 mins 

USED COMPONENTS: 30 OF 74 

rel. MC standard error: 0.0121 to 0.0572
eff. sample size: 305 to 6800
needed thinning: 3 to 45
Diagnostics time 0.34 secs 

Total number of iterations 9134 - required further 349 

Chain # 6 - chunk 25 (chain 2 of 4 for this core): increasing by 350 

Iterations: 350 
|-------------|-------------|-------------|-------------|
|-------------------------------------------------------|

Current time: 2024-11-25 10:29:29
MCMC time 7.4 mins 

USED COMPONENTS: 27 OF 74 

rel. MC standard error: 0.0121 to 0.0561
eff. sample size: 317 to 6820
needed thinning: 3 to 45
Diagnostics time 0.89 secs 

Total number of iterations 9484 - required further 349 

Chain # 6 - chunk 26 (chain 2 of 4 for this core): increasing by 350 

Iterations: 350 
|-------------|-------------|-------------|-------------|
|-------------------------------------------------------|

Current time: 2024-11-25 10:29:41
MCMC time 7.6 mins 

USED COMPONENTS: 28 OF 74 

rel. MC standard error: 0.0114 to 0.0547
eff. sample size: 334 to 7760
needed thinning: 2 to 45
Diagnostics time 0.26 secs 

Total number of iterations 9834 - required further 349 

Chain # 6 - chunk 27 (chain 2 of 4 for this core): increasing by 350 

Iterations: 350 
|-------------|-------------|-------------|-------------|
|-------------------------------------------------------|

Current time: 2024-11-25 10:29:52
MCMC time 7.8 mins 

USED COMPONENTS: 27 OF 74 

rel. MC standard error: 0.0116 to 0.054
eff. sample size: 343 to 7450
needed thinning: 3 to 45
Diagnostics time 0.3 secs 

Total number of iterations 10184 - required further 349 

Chain # 6 - chunk 28 (chain 2 of 4 for this core): increasing by 350 

Iterations: 350 
|-------------|-------------|-------------|-------------|
|-------------------------------------------------------|

Current time: 2024-11-25 10:30:02
MCMC time 7.9 mins 

USED COMPONENTS: 27 OF 74 

rel. MC standard error: 0.0111 to 0.0531
eff. sample size: 354 to 8110
needed thinning: 2 to 45
Diagnostics time 0.32 secs 

Total number of iterations 10534 - required further 349 

Chain # 6 - chunk 29 (chain 2 of 4 for this core): increasing by 350 

Iterations: 350 
|-------------|-------------|-------------|-------------|
|-------------------------------------------------------|

Current time: 2024-11-25 10:30:13
MCMC time 8.1 mins 

USED COMPONENTS: 28 OF 74 

rel. MC standard error: 0.0114 to 0.0524
eff. sample size: 364 to 7740
needed thinning: 3 to 45
Diagnostics time 0.3 secs 

Total number of iterations 10884 - required further 349 

Chain # 6 - chunk 30 (chain 2 of 4 for this core): increasing by 350 

Iterations: 350 
|-------------|-------------|-------------|-------------|
|-------------------------------------------------------|

Current time: 2024-11-25 10:30:24
MCMC time 8.3 mins 

USED COMPONENTS: 26 OF 74 

rel. MC standard error: 0.0112 to 0.0519
eff. sample size: 371 to 7980
needed thinning: 3 to 46
Diagnostics time 0.27 secs 

Total number of iterations 11234 - required further 357 

Chain # 6 - chunk 31 (chain 2 of 4 for this core): increasing by 358 

Iterations: 358 
|-------------|-------------|-------------|-------------|
|-------------------------------------------------------|

Current time: 2024-11-25 10:30:34
MCMC time 8.5 mins 

USED COMPONENTS: 27 OF 74 

rel. MC standard error: 0.0112 to 0.0512
eff. sample size: 382 to 8030
needed thinning: 3 to 46
Diagnostics time 0.32 secs 

Total number of iterations 11592 - required further 357 

Chain # 6 - chunk 32 (chain 2 of 4 for this core): increasing by 358 

Iterations: 358 
|-------------|-------------|-------------|-------------|
|-------------------------------------------------------|

Current time: 2024-11-25 10:30:45
MCMC time 8.6 mins 

USED COMPONENTS: 27 OF 74 

rel. MC standard error: 0.0112 to 0.0502
eff. sample size: 396 to 8010
needed thinning: 3 to 46
Diagnostics time 0.33 secs 

Total number of iterations 11950 - required further 357 

Chain # 6 - chunk 33 (chain 2 of 4 for this core): increasing by 358 

Iterations: 358 
|-------------|-------------|-------------|-------------|
|-------------------------------------------------------|

Current time: 2024-11-25 10:30:56
MCMC time 8.8 mins 

USED COMPONENTS: 26 OF 74 

rel. MC standard error: 0.0106 to 0.0498
eff. sample size: 403 to 8880
needed thinning: 3 to 46
Diagnostics time 0.3 secs 

Total number of iterations 12308 - required further 0 

Keeping last 60 samples with thinning 46 

Plotting traces and samples.

Current time: 2024-11-25 10:30:57
MCMC + diagnostics time 8.9 mins 

Chain # 7 (chain 3 of 4 for this core)

Datapoints for testing convergence:
 #6 #24 #26 #36 #47 #51 #61 #73 #82 #87 #109 #121 #127 #149 #154 #171 #194 #197 #201 #245 

Iterations: 3600 
|-------------|-------------|-------------|-------------|
|-------------------------------------------------------|

Current time: 2024-11-25 10:32:15
MCMC time 10 mins 

USED COMPONENTS: 37 OF 74 

rel. MC standard error: 0.0153 to 0.0559
eff. sample size: 320 to 4250
needed thinning: 2 to 17
Diagnostics time 2 secs 

Total number of iterations 3600 - required further 132 

Chain # 7 - chunk 2 (chain 3 of 4 for this core): increasing by 133 

Iterations: 133 
|-------------|-------------|-------------|-------------|
|-------------------------------------------------------|

Current time: 2024-11-25 10:32:20
MCMC time 10 mins 

USED COMPONENTS: 37 OF 74 

rel. MC standard error: 0.0173 to 0.0552
eff. sample size: 328 to 3330
needed thinning: 2 to 18
Diagnostics time 0.088 secs 

Total number of iterations 3733 - required further 140 

Chain # 7 - chunk 3 (chain 3 of 4 for this core): increasing by 141 

Iterations: 141 
|-------------|-------------|-------------|-------------|
|-------------------------------------------------------|

Current time: 2024-11-25 10:32:23
MCMC time 10 mins 

USED COMPONENTS: 37 OF 74 

rel. MC standard error: 0.017 to 0.0553
eff. sample size: 327 to 3470
needed thinning: 2 to 18
Diagnostics time 0.099 secs 

Total number of iterations 3874 - required further 140 

Chain # 7 - chunk 4 (chain 3 of 4 for this core): increasing by 141 

Iterations: 141 
|-------------|-------------|-------------|-------------|
|-------------------------------------------------------|

Current time: 2024-11-25 10:32:25
MCMC time 10 mins 

USED COMPONENTS: 38 OF 74 

rel. MC standard error: 0.0176 to 0.0535
eff. sample size: 349 to 3240
needed thinning: 2 to 18
Diagnostics time 0.069 secs 

Total number of iterations 4015 - required further 140 

Chain # 7 - chunk 5 (chain 3 of 4 for this core): increasing by 141 

Iterations: 141 
|-------------|-------------|-------------|-------------|
|-------------------------------------------------------|

Current time: 2024-11-25 10:32:28
MCMC time 10 mins 

USED COMPONENTS: 37 OF 74 

rel. MC standard error: 0.0141 to 0.0533
eff. sample size: 352 to 5020
needed thinning: 2 to 18
Diagnostics time 0.12 secs 

Total number of iterations 4156 - required further 140 

Chain # 7 - chunk 6 (chain 3 of 4 for this core): increasing by 141 

Iterations: 141 
|-------------|-------------|-------------|-------------|
|-------------------------------------------------------|

Current time: 2024-11-25 10:32:32
MCMC time 10 mins 

USED COMPONENTS: 37 OF 74 

rel. MC standard error: 0.0167 to 0.0567
eff. sample size: 311 to 3580
needed thinning: 2 to 21
Diagnostics time 0.15 secs 

Total number of iterations 4297 - required further 163 

Chain # 7 - chunk 7 (chain 3 of 4 for this core): increasing by 164 

Iterations: 164 
|-------------|-------------|-------------|-------------|
|-------------------------------------------------------|

Current time: 2024-11-25 10:32:37
MCMC time 11 mins 

USED COMPONENTS: 37 OF 74 

rel. MC standard error: 0.0146 to 0.0558
eff. sample size: 322 to 4660
needed thinning: 2 to 21
Diagnostics time 0.16 secs 

Total number of iterations 4461 - required further 163 

Chain # 7 - chunk 8 (chain 3 of 4 for this core): increasing by 164 

Iterations: 164 
|-------------|-------------|-------------|-------------|
|-------------------------------------------------------|

Current time: 2024-11-25 10:32:42
MCMC time 11 mins 

USED COMPONENTS: 38 OF 74 

rel. MC standard error: 0.0151 to 0.0562
eff. sample size: 316 to 4380
needed thinning: 2 to 22
Diagnostics time 0.15 secs 

Total number of iterations 4625 - required further 171 

Chain # 7 - chunk 9 (chain 3 of 4 for this core): increasing by 172 

Iterations: 172 
|-------------|-------------|-------------|-------------|
|-------------------------------------------------------|

Current time: 2024-11-25 10:32:47
MCMC time 11 mins 

USED COMPONENTS: 37 OF 74 

rel. MC standard error: 0.0138 to 0.0551
eff. sample size: 330 to 5230
needed thinning: 2 to 22
Diagnostics time 0.17 secs 

Total number of iterations 4797 - required further 171 

Chain # 7 - chunk 10 (chain 3 of 4 for this core): increasing by 172 

Iterations: 172 
|-------------|-------------|-------------|-------------|
|-------------------------------------------------------|

Current time: 2024-11-25 10:32:51
MCMC time 11 mins 

USED COMPONENTS: 38 OF 74 

rel. MC standard error: 0.0146 to 0.0532
eff. sample size: 353 to 4680
needed thinning: 2 to 22
Diagnostics time 0.1 secs 

Total number of iterations 4969 - required further 171 

Chain # 7 - chunk 11 (chain 3 of 4 for this core): increasing by 172 

Iterations: 172 
|-------------|-------------|-------------|-------------|
|-------------------------------------------------------|

Current time: 2024-11-25 10:32:54
MCMC time 11 mins 

USED COMPONENTS: 39 OF 74 

rel. MC standard error: 0.0145 to 0.0547
eff. sample size: 334 to 4730
needed thinning: 2 to 24
Diagnostics time 0.097 secs 

Total number of iterations 5141 - required further 186 

Chain # 7 - chunk 12 (chain 3 of 4 for this core): increasing by 187 

Iterations: 187 
|-------------|-------------|-------------|-------------|
|-------------------------------------------------------|

Current time: 2024-11-25 10:32:57
MCMC time 11 mins 

USED COMPONENTS: 40 OF 74 

rel. MC standard error: 0.0145 to 0.0543
eff. sample size: 339 to 4740
needed thinning: 2 to 24
Diagnostics time 0.12 secs 

Total number of iterations 5328 - required further 186 

Chain # 7 - chunk 13 (chain 3 of 4 for this core): increasing by 187 

Iterations: 187 
|-------------|-------------|-------------|-------------|
|-------------------------------------------------------|

Current time: 2024-11-25 10:33:00
MCMC time 11 mins 

USED COMPONENTS: 40 OF 74 

rel. MC standard error: 0.0129 to 0.0534
eff. sample size: 350 to 6000
needed thinning: 2 to 24
Diagnostics time 0.12 secs 

Total number of iterations 5515 - required further 186 

Chain # 7 - chunk 14 (chain 3 of 4 for this core): increasing by 187 

Iterations: 187 
|-------------|-------------|-------------|-------------|
|-------------------------------------------------------|

Current time: 2024-11-25 10:33:04
MCMC time 11 mins 

USED COMPONENTS: 38 OF 74 

rel. MC standard error: 0.0142 to 0.0526
eff. sample size: 362 to 4990
needed thinning: 2 to 24
Diagnostics time 0.1 secs 

Total number of iterations 5702 - required further 186 

Chain # 7 - chunk 15 (chain 3 of 4 for this core): increasing by 187 

Iterations: 187 
|-------------|-------------|-------------|-------------|
|-------------------------------------------------------|

Current time: 2024-11-25 10:33:07
MCMC time 11 mins 

USED COMPONENTS: 38 OF 74 

rel. MC standard error: 0.0148 to 0.0517
eff. sample size: 374 to 4570
needed thinning: 2 to 24
Diagnostics time 0.57 secs 

Total number of iterations 5889 - required further 186 

Chain # 7 - chunk 16 (chain 3 of 4 for this core): increasing by 187 

Iterations: 187 
|-------------|-------------|-------------|-------------|
|-------------------------------------------------------|

Current time: 2024-11-25 10:33:11
MCMC time 11 mins 

USED COMPONENTS: 38 OF 74 

rel. MC standard error: 0.0122 to 0.0515
eff. sample size: 377 to 6770
needed thinning: 2 to 25
Diagnostics time 0.094 secs 

Total number of iterations 6076 - required further 194 

Chain # 7 - chunk 17 (chain 3 of 4 for this core): increasing by 195 

Iterations: 195 
|-------------|-------------|-------------|-------------|
|-------------------------------------------------------|

Current time: 2024-11-25 10:33:15
MCMC time 11 mins 

USED COMPONENTS: 37 OF 74 

rel. MC standard error: 0.0136 to 0.0512
eff. sample size: 382 to 5410
needed thinning: 2 to 25
Diagnostics time 0.086 secs 

Total number of iterations 6271 - required further 194 

Chain # 7 - chunk 18 (chain 3 of 4 for this core): increasing by 195 

Iterations: 195 
|-------------|-------------|-------------|-------------|
|-------------------------------------------------------|

Current time: 2024-11-25 10:33:18
MCMC time 11 mins 

USED COMPONENTS: 38 OF 74 

rel. MC standard error: 0.013 to 0.05
eff. sample size: 400 to 5940
needed thinning: 2 to 25
Diagnostics time 0.11 secs 

Total number of iterations 6466 - required further 194 

Chain # 7 - chunk 19 (chain 3 of 4 for this core): increasing by 195 

Iterations: 195 
|-------------|-------------|-------------|-------------|
|-------------------------------------------------------|

Current time: 2024-11-25 10:33:22
MCMC time 11 mins 

USED COMPONENTS: 36 OF 74 

rel. MC standard error: 0.0122 to 0.0495
eff. sample size: 408 to 6720
needed thinning: 2 to 25
Diagnostics time 0.1 secs 

Total number of iterations 6661 - required further 0 

Keeping last 60 samples with thinning 25 

Plotting traces and samples.

Current time: 2024-11-25 10:33:22
MCMC + diagnostics time 11 mins 

Chain # 8 (chain 4 of 4 for this core)

Datapoints for testing convergence:
 #10 #24 #42 #43 #44 #49 #65 #69 #73 #125 #139 #140 #141 #177 #190 #197 #210 #230 #235 #243 

Iterations: 3600 
|-------------|-------------|-------------|-------------|
|-------------------------------------------------------|

Current time: 2024-11-25 10:35:01
MCMC time 13 mins 

USED COMPONENTS: 36 OF 74 

rel. MC standard error: 0.0191 to 0.0912
eff. sample size: 120 to 2750
needed thinning: 2 to 45
Diagnostics time 2.7 secs 

Total number of iterations 3600 - required further 349 

Chain # 8 - chunk 2 (chain 4 of 4 for this core): increasing by 350 

Iterations: 350 
|-------------|-------------|-------------|-------------|
|-------------------------------------------------------|

Current time: 2024-11-25 10:35:12
MCMC time 13 mins 

USED COMPONENTS: 36 OF 74 

rel. MC standard error: 0.0177 to 0.0833
eff. sample size: 144 to 3190
needed thinning: 2 to 42
Diagnostics time 0.28 secs 

Total number of iterations 3950 - required further 326 

Chain # 8 - chunk 3 (chain 4 of 4 for this core): increasing by 327 

Iterations: 327 
|-------------|-------------|-------------|-------------|
|-------------------------------------------------------|

Current time: 2024-11-25 10:35:19
MCMC time 13 mins 

USED COMPONENTS: 36 OF 74 

rel. MC standard error: 0.0175 to 0.085
eff. sample size: 138 to 3250
needed thinning: 2 to 47
Diagnostics time 0.16 secs 

Total number of iterations 4277 - required further 365 

Chain # 8 - chunk 4 (chain 4 of 4 for this core): increasing by 366 

Iterations: 366 
|-------------|-------------|-------------|-------------|
|-------------------------------------------------------|

Current time: 2024-11-25 10:35:26
MCMC time 13 mins 

USED COMPONENTS: 34 OF 74 

rel. MC standard error: 0.016 to 0.0836
eff. sample size: 143 to 3910
needed thinning: 2 to 49
Diagnostics time 0.17 secs 

Total number of iterations 4643 - required further 380 

Chain # 8 - chunk 5 (chain 4 of 4 for this core): increasing by 381 

Iterations: 381 
|-------------|-------------|-------------|-------------|
|-------------------------------------------------------|

Current time: 2024-11-25 10:35:32
MCMC time 13 mins 

USED COMPONENTS: 36 OF 74 

rel. MC standard error: 0.017 to 0.0796
eff. sample size: 158 to 3460
needed thinning: 3 to 48
Diagnostics time 0.63 secs 

Total number of iterations 5024 - required further 372 

Chain # 8 - chunk 6 (chain 4 of 4 for this core): increasing by 373 

Iterations: 373 
|-------------|-------------|-------------|-------------|
|-------------------------------------------------------|

Current time: 2024-11-25 10:35:39
MCMC time 14 mins 

USED COMPONENTS: 36 OF 74 

rel. MC standard error: 0.016 to 0.0779
eff. sample size: 165 to 3920
needed thinning: 3 to 50
Diagnostics time 0.15 secs 

Total number of iterations 5397 - required further 388 

Chain # 8 - chunk 7 (chain 4 of 4 for this core): increasing by 389 

Iterations: 389 
|-------------|-------------|-------------|-------------|
|-------------------------------------------------------|

Current time: 2024-11-25 10:35:46
MCMC time 14 mins 

USED COMPONENTS: 38 OF 74 

rel. MC standard error: 0.0149 to 0.0756
eff. sample size: 175 to 4480
needed thinning: 2 to 50
Diagnostics time 0.18 secs 

Total number of iterations 5786 - required further 388 

Chain # 8 - chunk 8 (chain 4 of 4 for this core): increasing by 389 

Iterations: 389 
|-------------|-------------|-------------|-------------|
|-------------------------------------------------------|

Current time: 2024-11-25 10:35:53
MCMC time 14 mins 

USED COMPONENTS: 37 OF 74 

rel. MC standard error: 0.0146 to 0.075
eff. sample size: 178 to 4690
needed thinning: 2 to 53
Diagnostics time 0.17 secs 

Total number of iterations 6175 - required further 411 

Chain # 8 - chunk 9 (chain 4 of 4 for this core): increasing by 412 

Iterations: 412 
|-------------|-------------|-------------|-------------|
|-------------------------------------------------------|

Current time: 2024-11-25 10:36:00
MCMC time 14 mins 

USED COMPONENTS: 36 OF 74 

rel. MC standard error: 0.015 to 0.0737
eff. sample size: 184 to 4430
needed thinning: 3 to 54
Diagnostics time 0.22 secs 

Total number of iterations 6587 - required further 419 

Chain # 8 - chunk 10 (chain 4 of 4 for this core): increasing by 420 

Iterations: 420 
|-------------|-------------|-------------|-------------|
|-------------------------------------------------------|

Current time: 2024-11-25 10:36:08
MCMC time 14 mins 

USED COMPONENTS: 35 OF 74 

rel. MC standard error: 0.0143 to 0.0726
eff. sample size: 190 to 4900
needed thinning: 3 to 56
Diagnostics time 0.2 secs 

Total number of iterations 7007 - required further 434 

Chain # 8 - chunk 11 (chain 4 of 4 for this core): increasing by 435 

Iterations: 435 
|-------------|-------------|-------------|-------------|
|-------------------------------------------------------|

Current time: 2024-11-25 10:36:16
MCMC time 14 mins 

USED COMPONENTS: 36 OF 74 

rel. MC standard error: 0.0137 to 0.0712
eff. sample size: 197 to 5360
needed thinning: 3 to 57
Diagnostics time 0.23 secs 

Total number of iterations 7442 - required further 442 

Chain # 8 - chunk 12 (chain 4 of 4 for this core): increasing by 443 

Iterations: 443 
|-------------|-------------|-------------|-------------|
|-------------------------------------------------------|

Current time: 2024-11-25 10:36:23
MCMC time 14 mins 

USED COMPONENTS: 35 OF 74 

rel. MC standard error: 0.0131 to 0.0688
eff. sample size: 211 to 5790
needed thinning: 3 to 57
Diagnostics time 0.23 secs 

Total number of iterations 7885 - required further 442 

Chain # 8 - chunk 13 (chain 4 of 4 for this core): increasing by 443 

Iterations: 443 
|-------------|-------------|-------------|-------------|
|-------------------------------------------------------|

Current time: 2024-11-25 10:36:31
MCMC time 14 mins 

USED COMPONENTS: 35 OF 74 

rel. MC standard error: 0.0135 to 0.0684
eff. sample size: 214 to 5490
needed thinning: 3 to 59
Diagnostics time 0.68 secs 

Total number of iterations 8328 - required further 458 

Chain # 8 - chunk 14 (chain 4 of 4 for this core): increasing by 459 

Iterations: 459 
|-------------|-------------|-------------|-------------|
|-------------------------------------------------------|

Current time: 2024-11-25 10:36:40
MCMC time 15 mins 

USED COMPONENTS: 34 OF 74 

rel. MC standard error: 0.0126 to 0.0655
eff. sample size: 233 to 6290
needed thinning: 3 to 57
Diagnostics time 0.2 secs 

Total number of iterations 8787 - required further 442 

Chain # 8 - chunk 15 (chain 4 of 4 for this core): increasing by 443 

Iterations: 443 
|-------------|-------------|-------------|-------------|
|-------------------------------------------------------|

Current time: 2024-11-25 10:36:48
MCMC time 15 mins 

USED COMPONENTS: 33 OF 74 

rel. MC standard error: 0.0125 to 0.0656
eff. sample size: 232 to 6370
needed thinning: 3 to 60
Diagnostics time 0.19 secs 

Total number of iterations 9230 - required further 465 

Chain # 8 - chunk 16 (chain 4 of 4 for this core): increasing by 466 

Iterations: 466 
|-------------|-------------|-------------|-------------|
|-------------------------------------------------------|

Current time: 2024-11-25 10:36:56
MCMC time 15 mins 

USED COMPONENTS: 33 OF 74 

rel. MC standard error: 0.0128 to 0.0637
eff. sample size: 247 to 6080
needed thinning: 3 to 59
Diagnostics time 0.67 secs 

Total number of iterations 9696 - required further 458 

Chain # 8 - chunk 17 (chain 4 of 4 for this core): increasing by 459 

Iterations: 459 
|-------------|-------------|-------------|-------------|
|-------------------------------------------------------|

Current time: 2024-11-25 10:37:04
MCMC time 15 mins 

USED COMPONENTS: 34 OF 74 

rel. MC standard error: 0.0125 to 0.0622
eff. sample size: 259 to 6360
needed thinning: 3 to 59
Diagnostics time 0.2 secs 

Total number of iterations 10155 - required further 458 

Chain # 8 - chunk 18 (chain 4 of 4 for this core): increasing by 459 

Iterations: 459 
|-------------|-------------|-------------|-------------|
|-------------------------------------------------------|

Current time: 2024-11-25 10:37:13
MCMC time 15 mins 

USED COMPONENTS: 33 OF 74 

rel. MC standard error: 0.0123 to 0.0624
eff. sample size: 257 to 6610
needed thinning: 3 to 62
Diagnostics time 0.23 secs 

Total number of iterations 10614 - required further 481 

Chain # 8 - chunk 19 (chain 4 of 4 for this core): increasing by 482 

Iterations: 482 
|-------------|-------------|-------------|-------------|
|-------------------------------------------------------|

Current time: 2024-11-25 10:37:21
MCMC time 15 mins 

USED COMPONENTS: 33 OF 74 

rel. MC standard error: 0.0117 to 0.062
eff. sample size: 260 to 7280
needed thinning: 3 to 65
Diagnostics time 0.22 secs 

Total number of iterations 11096 - required further 504 

Chain # 8 - chunk 20 (chain 4 of 4 for this core): increasing by 505 

Iterations: 505 
|-------------|-------------|-------------|-------------|
|-------------------------------------------------------|

Current time: 2024-11-25 10:37:30
MCMC time 15 mins 

USED COMPONENTS: 31 OF 74 

rel. MC standard error: 0.0118 to 0.0617
eff. sample size: 263 to 7230
needed thinning: 3 to 67
Diagnostics time 0.24 secs 

Total number of iterations 11601 - required further 519 

Chain # 8 - chunk 21 (chain 4 of 4 for this core): increasing by 520 

Iterations: 520 
|-------------|-------------|-------------|-------------|
|-------------------------------------------------------|

Current time: 2024-11-25 10:37:39
MCMC time 16 mins 

USED COMPONENTS: 32 OF 74 

rel. MC standard error: 0.0114 to 0.0616
eff. sample size: 264 to 7650
needed thinning: 3 to 69
Diagnostics time 0.25 secs 

Total number of iterations 12121 - required further 535 

Chain # 8 - chunk 22 (chain 4 of 4 for this core): increasing by 536 

Iterations: 536 
|-------------|-------------|-------------|-------------|
|-------------------------------------------------------|

Current time: 2024-11-25 10:37:49
MCMC time 16 mins 

USED COMPONENTS: 31 OF 74 

rel. MC standard error: 0.0105 to 0.0613
eff. sample size: 266 to 9080
needed thinning: 3 to 72
Diagnostics time 0.21 secs 

Total number of iterations 12657 - required further 558 

Chain # 8 - chunk 23 (chain 4 of 4 for this core): increasing by 559 

Iterations: 559 
|-------------|-------------|-------------|-------------|
|-------------------------------------------------------|

Current time: 2024-11-25 10:37:59
MCMC time 16 mins 

USED COMPONENTS: 31 OF 74 

rel. MC standard error: 0.0107 to 0.0608
eff. sample size: 271 to 8720
needed thinning: 3 to 74
Diagnostics time 0.72 secs 

Total number of iterations 13216 - required further 574 

Chain # 8 - chunk 24 (chain 4 of 4 for this core): increasing by 575 

Iterations: 575 
|-------------|-------------|-------------|-------------|
|-------------------------------------------------------|

Current time: 2024-11-25 10:38:10
MCMC time 16 mins 

USED COMPONENTS: 30 OF 74 

rel. MC standard error: 0.011 to 0.0606
eff. sample size: 273 to 8310
needed thinning: 3 to 76
Diagnostics time 0.27 secs 

Total number of iterations 13791 - required further 589 

Chain # 8 - chunk 25 (chain 4 of 4 for this core): increasing by 590 

Iterations: 590 
|-------------|-------------|-------------|-------------|
|-------------------------------------------------------|

Current time: 2024-11-25 10:38:20
MCMC time 16 mins 

USED COMPONENTS: 30 OF 74 

rel. MC standard error: 0.0104 to 0.0599
eff. sample size: 279 to 9170
needed thinning: 3 to 78
Diagnostics time 0.34 secs 

Total number of iterations 14381 - required further 605 

Chain # 8 - chunk 26 (chain 4 of 4 for this core): increasing by 606 

Iterations: 606 
|-------------|-------------|-------------|-------------|
|-------------------------------------------------------|

Current time: 2024-11-25 10:38:31
MCMC time 16 mins 

USED COMPONENTS: 30 OF 74 

rel. MC standard error: 0.0103 to 0.0585
eff. sample size: 292 to 9510
needed thinning: 3 to 77
Diagnostics time 0.27 secs 

Total number of iterations 14987 - required further 597 

Chain # 8 - chunk 27 (chain 4 of 4 for this core): increasing by 598 

Iterations: 598 
|-------------|-------------|-------------|-------------|
|-------------------------------------------------------|

Current time: 2024-11-25 10:38:42
MCMC time 17 mins 

USED COMPONENTS: 30 OF 74 

rel. MC standard error: 0.0103 to 0.0582
eff. sample size: 295 to 9410
needed thinning: 3 to 80
Diagnostics time 0.27 secs 

Total number of iterations 15585 - required further 620 

Chain # 8 - chunk 28 (chain 4 of 4 for this core): increasing by 621 

Iterations: 621 
|-------------|-------------|-------------|-------------|
|-------------------------------------------------------|

Current time: 2024-11-25 10:38:53
MCMC time 17 mins 

USED COMPONENTS: 30 OF 74 

rel. MC standard error: 0.00949 to 0.0582
eff. sample size: 295 to 11100
needed thinning: 3 to 83
Diagnostics time 0.68 secs 

Total number of iterations 16206 - required further 643 

Chain # 8 - chunk 29 (chain 4 of 4 for this core): increasing by 644 

Iterations: 644 
|-------------|-------------|-------------|-------------|
|-------------------------------------------------------|

Current time: 2024-11-25 10:39:05
MCMC time 17 mins 

USED COMPONENTS: 30 OF 74 

rel. MC standard error: 0.00939 to 0.0576
eff. sample size: 302 to 11300
needed thinning: 3 to 84
Diagnostics time 0.69 secs 

Total number of iterations 16850 - required further 651 

Chain # 8 - chunk 30 (chain 4 of 4 for this core): increasing by 652 

Iterations: 652 
|-------------|-------------|-------------|-------------|
|-------------------------------------------------------|

Current time: 2024-11-25 10:39:16
MCMC time 17 mins 

USED COMPONENTS: 30 OF 74 

rel. MC standard error: 0.00926 to 0.0571
eff. sample size: 306 to 11700
needed thinning: 3 to 86
Diagnostics time 0.35 secs 

Total number of iterations 17502 - required further 667 

Chain # 8 - chunk 31 (chain 4 of 4 for this core): increasing by 668 

Iterations: 668 
|-------------|-------------|-------------|-------------|
|-------------------------------------------------------|

Current time: 2024-11-25 10:39:29
MCMC time 17 mins 

USED COMPONENTS: 31 OF 74 

rel. MC standard error: 0.00952 to 0.0559
eff. sample size: 320 to 11000
needed thinning: 3 to 86
Diagnostics time 0.27 secs 

Total number of iterations 18170 - required further 667 

Chain # 8 - chunk 32 (chain 4 of 4 for this core): increasing by 668 

Iterations: 668 
|-------------|-------------|-------------|-------------|
|-------------------------------------------------------|

Current time: 2024-11-25 10:39:40
MCMC time 18 mins 

USED COMPONENTS: 32 OF 74 

rel. MC standard error: 0.00888 to 0.0549
eff. sample size: 332 to 12700
needed thinning: 3 to 86
Diagnostics time 0.33 secs 

Total number of iterations 18838 - required further 667 

Chain # 8 - chunk 33 (chain 4 of 4 for this core): increasing by 668 

Iterations: 668 
|-------------|-------------|-------------|-------------|
|-------------------------------------------------------|

Current time: 2024-11-25 10:39:52
MCMC time 18 mins 

USED COMPONENTS: 30 OF 74 

rel. MC standard error: 0.00888 to 0.0553
eff. sample size: 327 to 12700
needed thinning: 3 to 90
Diagnostics time 0.7 secs 

Total number of iterations 19506 - required further 698 

Chain # 8 - chunk 34 (chain 4 of 4 for this core): increasing by 699 

Iterations: 699 
|-------------|-------------|-------------|-------------|
|-------------------------------------------------------|

Current time: 2024-11-25 10:40:05
MCMC time 18 mins 

USED COMPONENTS: 31 OF 74 

rel. MC standard error: 0.00857 to 0.0556
eff. sample size: 324 to 13600
needed thinning: 3 to 94
Diagnostics time 0.72 secs 

Total number of iterations 20205 - required further 729 

Chain # 8 - chunk 35 (chain 4 of 4 for this core): increasing by 730 

Iterations: 730 
|-------------|-------------|-------------|-------------|
|-------------------------------------------------------|

Current time: 2024-11-25 10:40:18
MCMC time 18 mins 

USED COMPONENTS: 33 OF 74 

rel. MC standard error: 0.00925 to 0.055
eff. sample size: 331 to 11700
needed thinning: 3 to 95
Diagnostics time 0.37 secs 

Total number of iterations 20935 - required further 736 

Chain # 8 - chunk 36 (chain 4 of 4 for this core): increasing by 737 

Iterations: 737 
|-------------|-------------|-------------|-------------|
|-------------------------------------------------------|

Current time: 2024-11-25 10:40:31
MCMC time 18 mins 

USED COMPONENTS: 32 OF 74 

rel. MC standard error: 0.00918 to 0.0551
eff. sample size: 330 to 11900
needed thinning: 3 to 99
Diagnostics time 0.29 secs 

Total number of iterations 21672 - required further 767 

Chain # 8 - chunk 37 (chain 4 of 4 for this core): increasing by 768 

Iterations: 768 
|-------------|-------------|-------------|-------------|
|-------------------------------------------------------|

Current time: 2024-11-25 10:40:45
MCMC time 19 mins 

USED COMPONENTS: 32 OF 74 

rel. MC standard error: 0.00875 to 0.0544
eff. sample size: 338 to 13100
needed thinning: 3 to 100
Diagnostics time 0.37 secs 

Total number of iterations 22440 - required further 775 

Chain # 8 - chunk 38 (chain 4 of 4 for this core): increasing by 776 

Iterations: 776 
|-------------|-------------|-------------|-------------|
|-------------------------------------------------------|

Current time: 2024-11-25 10:40:59
MCMC time 19 mins 

USED COMPONENTS: 30 OF 74 

rel. MC standard error: 0.00886 to 0.0548
eff. sample size: 333 to 12700
needed thinning: 3 to 105
Diagnostics time 0.3 secs 

Total number of iterations 23216 - required further 814 

Chain # 8 - chunk 39 (chain 4 of 4 for this core): increasing by 815 

Iterations: 815 
|-------------|-------------|-------------|-------------|
|-------------------------------------------------------|

Current time: 2024-11-25 10:41:13
MCMC time 19 mins 

USED COMPONENTS: 31 OF 74 

rel. MC standard error: 0.00856 to 0.0539
eff. sample size: 345 to 13600
needed thinning: 3 to 105
Diagnostics time 0.37 secs 

Total number of iterations 24031 - required further 814 

Chain # 8 - chunk 40 (chain 4 of 4 for this core): increasing by 815 

Iterations: 815 
|-------------|-------------|-------------|-------------|
|-------------------------------------------------------|

Current time: 2024-11-25 10:41:27
MCMC time 19 mins 

USED COMPONENTS: 31 OF 74 

rel. MC standard error: 0.00888 to 0.0532
eff. sample size: 353 to 12700
needed thinning: 3 to 106
Diagnostics time 0.75 secs 

Total number of iterations 24846 - required further 822 

Chain # 8 - chunk 41 (chain 4 of 4 for this core): increasing by 823 

Iterations: 823 
|-------------|-------------|-------------|-------------|
|-------------------------------------------------------|

Current time: 2024-11-25 10:41:42
MCMC time 20 mins 

USED COMPONENTS: 31 OF 74 

rel. MC standard error: 0.00886 to 0.0528
eff. sample size: 359 to 12700
needed thinning: 4 to 108
Diagnostics time 0.37 secs 

Total number of iterations 25669 - required further 837 

Chain # 8 - chunk 42 (chain 4 of 4 for this core): increasing by 838 

Iterations: 838 
|-------------|-------------|-------------|-------------|
|-------------------------------------------------------|

Current time: 2024-11-25 10:41:57
MCMC time 20 mins 

USED COMPONENTS: 32 OF 74 

rel. MC standard error: 0.00874 to 0.0521
eff. sample size: 369 to 13100
needed thinning: 4 to 108
Diagnostics time 0.76 secs 

Total number of iterations 26507 - required further 837 

Chain # 8 - chunk 43 (chain 4 of 4 for this core): increasing by 838 

Iterations: 838 
|-------------|-------------|-------------|-------------|
|-------------------------------------------------------|

Current time: 2024-11-25 10:42:12
MCMC time 20 mins 

USED COMPONENTS: 31 OF 74 

rel. MC standard error: 0.00844 to 0.0518
eff. sample size: 372 to 14000
needed thinning: 3 to 111
Diagnostics time 0.36 secs 

Total number of iterations 27345 - required further 860 

Chain # 8 - chunk 44 (chain 4 of 4 for this core): increasing by 861 

Iterations: 861 
|-------------|-------------|-------------|-------------|
|-------------------------------------------------------|

Current time: 2024-11-25 10:42:27
MCMC time 20 mins 

USED COMPONENTS: 30 OF 74 

rel. MC standard error: 0.00869 to 0.0507
eff. sample size: 389 to 13200
needed thinning: 4 to 109
Diagnostics time 0.79 secs 

Total number of iterations 28206 - required further 845 

Chain # 8 - chunk 45 (chain 4 of 4 for this core): increasing by 846 

Iterations: 846 
|-------------|-------------|-------------|-------------|
|-------------------------------------------------------|

Current time: 2024-11-25 10:42:42
MCMC time 21 mins 

USED COMPONENTS: 30 OF 74 

rel. MC standard error: 0.00862 to 0.0498
eff. sample size: 404 to 13400
needed thinning: 4 to 108
Diagnostics time 0.79 secs 

Total number of iterations 29052 - required further 0 

Keeping last 60 samples with thinning 108 

Plotting traces and samples.

Current time: 2024-11-25 10:42:45
MCMC + diagnostics time 21 mins 

Current time: 2024-11-25 10:42:45
Total time 21 mins 
loaded inferno and set parent environment
loaded inferno and set parent environment
loaded inferno and set parent environment
loaded inferno and set parent environment
