Log core 1 - Current time: 2024-11-25 10:20:10
Defining model
Building model
Setting data and initial values
Running calculate on model
  [Note] Any error reports that follow may simply reflect missing values in model variables.
Checking model sizes and dimensions
Compiling
  [Note] This may take a minute.
  [Note] Use 'showCompilerOutput = TRUE' to see C++ compilation details.
===== Monitors =====
thin = 1: Bprob, Rmean, Rvar, W
thin2 = 1: K
===== Samplers =====
conjugate sampler (519)
  - Rmean[]  (148 elements)
  - Rrate[]  (148 elements)
  - Bprob[]  (74 elements)
  - Rvar[]  (148 elements)
  - W[1:74] 
categorical sampler (251)
  - Alpha
  - K[]  (250 elements)
===== Monitors =====
thin = 1: Bprob, Rmean, Rvar, W
thin2 = 1: K
===== Samplers =====
slice sampler (251)
  - Alpha
  - K[]  (250 elements)
conjugate sampler (519)
  - Rmean[]  (148 elements)
  - Rrate[]  (148 elements)
  - Bprob[]  (74 elements)
  - Rvar[]  (148 elements)
  - W[1:74] 
Compiling
  [Note] This may take a minute.
  [Note] Use 'showCompilerOutput = TRUE' to see C++ compilation details.

Setup time 2 mins 

Chain # 1 (chain 1 of 4 for this core)

Datapoints for testing convergence:
 #11 #15 #33 #37 #43 #46 #83 #89 #98 #128 #157 #159 #170 #180 #184 #195 #221 #243 #244 #246 

Iterations: 3600 
|-------------|-------------|-------------|-------------|
|-------------------------------------------------------|

Current time: 2024-11-25 10:23:54
MCMC time 1.8 mins 

USED COMPONENTS: 36 OF 74 

rel. MC standard error: 0.0189 to 0.0591
eff. sample size: 287 to 2800
needed thinning: 2 to 19
Diagnostics time 3.1 secs 

Total number of iterations 3600 - required further 148 

Chain # 1 - chunk 2 (chain 1 of 4 for this core): increasing by 149 

Iterations: 149 
|-------------|-------------|-------------|-------------|
|-------------------------------------------------------|

Current time: 2024-11-25 10:24:05
MCMC time 2 mins 

USED COMPONENTS: 34 OF 74 

rel. MC standard error: 0.0186 to 0.0579
eff. sample size: 298 to 2890
needed thinning: 2 to 19
Diagnostics time 0.15 secs 

Total number of iterations 3749 - required further 148 

Chain # 1 - chunk 3 (chain 1 of 4 for this core): increasing by 149 

Iterations: 149 
|-------------|-------------|-------------|-------------|
|-------------------------------------------------------|

Current time: 2024-11-25 10:24:09
MCMC time 2 mins 

USED COMPONENTS: 35 OF 74 

rel. MC standard error: 0.0183 to 0.0569
eff. sample size: 309 to 2990
needed thinning: 2 to 19
Diagnostics time 0.15 secs 

Total number of iterations 3898 - required further 148 

Chain # 1 - chunk 4 (chain 1 of 4 for this core): increasing by 149 

Iterations: 149 
|-------------|-------------|-------------|-------------|
|-------------------------------------------------------|

Current time: 2024-11-25 10:24:14
MCMC time 2.1 mins 

USED COMPONENTS: 36 OF 74 

rel. MC standard error: 0.0169 to 0.0556
eff. sample size: 324 to 3510
needed thinning: 2 to 19
Diagnostics time 0.7 secs 

Total number of iterations 4047 - required further 148 

Chain # 1 - chunk 5 (chain 1 of 4 for this core): increasing by 149 

Iterations: 149 
|-------------|-------------|-------------|-------------|
|-------------------------------------------------------|

Current time: 2024-11-25 10:24:19
MCMC time 2.2 mins 

USED COMPONENTS: 36 OF 74 

rel. MC standard error: 0.0178 to 0.0543
eff. sample size: 339 to 3150
needed thinning: 2 to 19
Diagnostics time 0.13 secs 

Total number of iterations 4196 - required further 148 

Chain # 1 - chunk 6 (chain 1 of 4 for this core): increasing by 149 

Iterations: 149 
|-------------|-------------|-------------|-------------|
|-------------------------------------------------------|

Current time: 2024-11-25 10:24:23
MCMC time 2.3 mins 

USED COMPONENTS: 35 OF 74 

rel. MC standard error: 0.0165 to 0.0559
eff. sample size: 320 to 3650
needed thinning: 2 to 21
Diagnostics time 0.13 secs 

Total number of iterations 4345 - required further 163 

Chain # 1 - chunk 7 (chain 1 of 4 for this core): increasing by 164 

Iterations: 164 
|-------------|-------------|-------------|-------------|
|-------------------------------------------------------|

Current time: 2024-11-25 10:24:28
MCMC time 2.4 mins 

USED COMPONENTS: 35 OF 74 

rel. MC standard error: 0.0168 to 0.0523
eff. sample size: 366 to 3530
needed thinning: 2 to 19
Diagnostics time 0.16 secs 

Total number of iterations 4509 - required further 148 

Chain # 1 - chunk 8 (chain 1 of 4 for this core): increasing by 149 

Iterations: 149 
|-------------|-------------|-------------|-------------|
|-------------------------------------------------------|

Current time: 2024-11-25 10:24:33
MCMC time 2.4 mins 

USED COMPONENTS: 34 OF 74 

rel. MC standard error: 0.0161 to 0.053
eff. sample size: 356 to 3840
needed thinning: 2 to 20
Diagnostics time 0.12 secs 

Total number of iterations 4658 - required further 155 

Chain # 1 - chunk 9 (chain 1 of 4 for this core): increasing by 156 

Iterations: 156 
|-------------|-------------|-------------|-------------|
|-------------------------------------------------------|

Current time: 2024-11-25 10:24:38
MCMC time 2.5 mins 

USED COMPONENTS: 33 OF 74 

rel. MC standard error: 0.0162 to 0.0517
eff. sample size: 374 to 3830
needed thinning: 2 to 20
Diagnostics time 0.12 secs 

Total number of iterations 4814 - required further 155 

Chain # 1 - chunk 10 (chain 1 of 4 for this core): increasing by 156 

Iterations: 156 
|-------------|-------------|-------------|-------------|
|-------------------------------------------------------|

Current time: 2024-11-25 10:24:42
MCMC time 2.6 mins 

USED COMPONENTS: 33 OF 74 

rel. MC standard error: 0.0169 to 0.0516
eff. sample size: 375 to 3490
needed thinning: 3 to 20
Diagnostics time 0.16 secs 

Total number of iterations 4970 - required further 155 

Chain # 1 - chunk 11 (chain 1 of 4 for this core): increasing by 156 

Iterations: 156 
|-------------|-------------|-------------|-------------|
|-------------------------------------------------------|

Current time: 2024-11-25 10:24:47
MCMC time 2.7 mins 

USED COMPONENTS: 33 OF 74 

rel. MC standard error: 0.0167 to 0.0479
eff. sample size: 435 to 3610
needed thinning: 3 to 18
Diagnostics time 0.15 secs 

Total number of iterations 5126 - required further 0 

Keeping last 60 samples with thinning 18 

Plotting traces and samples.

Current time: 2024-11-25 10:24:48
MCMC + diagnostics time 2.7 mins 

Chain # 2 (chain 2 of 4 for this core)

Datapoints for testing convergence:
 #30 #36 #42 #46 #60 #64 #106 #107 #110 #117 #123 #124 #129 #138 #152 #177 #208 #211 #222 #240 

Iterations: 3600 
|-------------|-------------|-------------|-------------|
|-------------------------------------------------------|

Current time: 2024-11-25 10:26:35
MCMC time 4.5 mins 

USED COMPONENTS: 33 OF 74 

rel. MC standard error: 0.0156 to 0.056
eff. sample size: 319 to 4130
needed thinning: 2 to 17
Diagnostics time 3.6 secs 

Total number of iterations 3600 - required further 132 

Chain # 2 - chunk 2 (chain 2 of 4 for this core): increasing by 133 

Iterations: 133 
|-------------|-------------|-------------|-------------|
|-------------------------------------------------------|

Current time: 2024-11-25 10:26:43
MCMC time 4.6 mins 

USED COMPONENTS: 32 OF 74 

rel. MC standard error: 0.0145 to 0.056
eff. sample size: 319 to 4790
needed thinning: 2 to 18
Diagnostics time 0.14 secs 

Total number of iterations 3733 - required further 140 

Chain # 2 - chunk 3 (chain 2 of 4 for this core): increasing by 141 

Iterations: 141 
|-------------|-------------|-------------|-------------|
|-------------------------------------------------------|

Current time: 2024-11-25 10:26:47
MCMC time 4.7 mins 

USED COMPONENTS: 31 OF 74 

rel. MC standard error: 0.0151 to 0.0558
eff. sample size: 321 to 4410
needed thinning: 2 to 19
Diagnostics time 0.14 secs 

Total number of iterations 3874 - required further 148 

Chain # 2 - chunk 4 (chain 2 of 4 for this core): increasing by 149 

Iterations: 149 
|-------------|-------------|-------------|-------------|
|-------------------------------------------------------|

Current time: 2024-11-25 10:26:52
MCMC time 4.7 mins 

USED COMPONENTS: 33 OF 74 

rel. MC standard error: 0.0157 to 0.0566
eff. sample size: 312 to 4050
needed thinning: 2 to 20
Diagnostics time 0.15 secs 

Total number of iterations 4023 - required further 155 

Chain # 2 - chunk 5 (chain 2 of 4 for this core): increasing by 156 

Iterations: 156 
|-------------|-------------|-------------|-------------|
|-------------------------------------------------------|

Current time: 2024-11-25 10:26:57
MCMC time 4.8 mins 

USED COMPONENTS: 31 OF 74 

rel. MC standard error: 0.014 to 0.0553
eff. sample size: 327 to 5110
needed thinning: 2 to 20
Diagnostics time 0.2 secs 

Total number of iterations 4179 - required further 155 

Chain # 2 - chunk 6 (chain 2 of 4 for this core): increasing by 156 

Iterations: 156 
|-------------|-------------|-------------|-------------|
|-------------------------------------------------------|

Current time: 2024-11-25 10:27:02
MCMC time 4.9 mins 

USED COMPONENTS: 31 OF 74 

rel. MC standard error: 0.0155 to 0.0557
eff. sample size: 322 to 4160
needed thinning: 2 to 21
Diagnostics time 0.17 secs 

Total number of iterations 4335 - required further 163 

Chain # 2 - chunk 7 (chain 2 of 4 for this core): increasing by 164 

Iterations: 164 
|-------------|-------------|-------------|-------------|
|-------------------------------------------------------|

Current time: 2024-11-25 10:27:07
MCMC time 5 mins 

USED COMPONENTS: 32 OF 74 

rel. MC standard error: 0.0137 to 0.0552
eff. sample size: 328 to 5300
needed thinning: 2 to 21
Diagnostics time 0.15 secs 

Total number of iterations 4499 - required further 163 

Chain # 2 - chunk 8 (chain 2 of 4 for this core): increasing by 164 

Iterations: 164 
|-------------|-------------|-------------|-------------|
|-------------------------------------------------------|

Current time: 2024-11-25 10:27:12
MCMC time 5.1 mins 

USED COMPONENTS: 31 OF 74 

rel. MC standard error: 0.0148 to 0.0558
eff. sample size: 321 to 4570
needed thinning: 2 to 22
Diagnostics time 0.15 secs 

Total number of iterations 4663 - required further 171 

Chain # 2 - chunk 9 (chain 2 of 4 for this core): increasing by 172 

Iterations: 172 
|-------------|-------------|-------------|-------------|
|-------------------------------------------------------|

Current time: 2024-11-25 10:27:17
MCMC time 5.2 mins 

USED COMPONENTS: 32 OF 74 

rel. MC standard error: 0.015 to 0.0554
eff. sample size: 326 to 4470
needed thinning: 2 to 23
Diagnostics time 0.16 secs 

Total number of iterations 4835 - required further 179 

Chain # 2 - chunk 10 (chain 2 of 4 for this core): increasing by 180 

Iterations: 180 
|-------------|-------------|-------------|-------------|
|-------------------------------------------------------|

Current time: 2024-11-25 10:27:23
MCMC time 5.3 mins 

USED COMPONENTS: 33 OF 74 

rel. MC standard error: 0.0121 to 0.0558
eff. sample size: 321 to 6830
needed thinning: 2 to 24
Diagnostics time 0.19 secs 

Total number of iterations 5015 - required further 186 

Chain # 2 - chunk 11 (chain 2 of 4 for this core): increasing by 187 

Iterations: 187 
|-------------|-------------|-------------|-------------|
|-------------------------------------------------------|

Current time: 2024-11-25 10:27:28
MCMC time 5.3 mins 

USED COMPONENTS: 29 OF 74 

rel. MC standard error: 0.0132 to 0.0596
eff. sample size: 281 to 5730
needed thinning: 2 to 28
Diagnostics time 0.19 secs 

Total number of iterations 5202 - required further 217 

Chain # 2 - chunk 12 (chain 2 of 4 for this core): increasing by 218 

Iterations: 218 
|-------------|-------------|-------------|-------------|
|-------------------------------------------------------|

Current time: 2024-11-25 10:27:35
MCMC time 5.5 mins 

USED COMPONENTS: 29 OF 74 

rel. MC standard error: 0.0131 to 0.0627
eff. sample size: 254 to 5830
needed thinning: 2 to 32
Diagnostics time 0.19 secs 

Total number of iterations 5420 - required further 248 

Chain # 2 - chunk 13 (chain 2 of 4 for this core): increasing by 249 

Iterations: 249 
|-------------|-------------|-------------|-------------|
|-------------------------------------------------------|

Current time: 2024-11-25 10:27:42
MCMC time 5.6 mins 

USED COMPONENTS: 29 OF 74 

rel. MC standard error: 0.0142 to 0.0654
eff. sample size: 234 to 4990
needed thinning: 2 to 37
Diagnostics time 0.24 secs 

Total number of iterations 5669 - required further 287 

Chain # 2 - chunk 14 (chain 2 of 4 for this core): increasing by 288 

Iterations: 288 
|-------------|-------------|-------------|-------------|
|-------------------------------------------------------|

Current time: 2024-11-25 10:27:51
MCMC time 5.7 mins 

USED COMPONENTS: 29 OF 74 

rel. MC standard error: 0.0128 to 0.0694
eff. sample size: 208 to 6120
needed thinning: 2 to 43
Diagnostics time 0.29 secs 

Total number of iterations 5957 - required further 334 

Chain # 2 - chunk 15 (chain 2 of 4 for this core): increasing by 335 

Iterations: 335 
|-------------|-------------|-------------|-------------|
|-------------------------------------------------------|

Current time: 2024-11-25 10:28:01
MCMC time 5.9 mins 

USED COMPONENTS: 31 OF 74 

rel. MC standard error: 0.0112 to 0.0712
eff. sample size: 197 to 7980
needed thinning: 2 to 48
Diagnostics time 0.31 secs 

Total number of iterations 6292 - required further 372 

Chain # 2 - chunk 16 (chain 2 of 4 for this core): increasing by 373 

Iterations: 373 
|-------------|-------------|-------------|-------------|
|-------------------------------------------------------|

Current time: 2024-11-25 10:28:13
MCMC time 6.1 mins 

USED COMPONENTS: 29 OF 74 

rel. MC standard error: 0.0119 to 0.0734
eff. sample size: 186 to 7070
needed thinning: 2 to 54
Diagnostics time 0.32 secs 

Total number of iterations 6665 - required further 419 

Chain # 2 - chunk 17 (chain 2 of 4 for this core): increasing by 420 

Iterations: 420 
|-------------|-------------|-------------|-------------|
|-------------------------------------------------------|

Current time: 2024-11-25 10:28:25
MCMC time 6.3 mins 

USED COMPONENTS: 29 OF 74 

rel. MC standard error: 0.0119 to 0.0743
eff. sample size: 181 to 7060
needed thinning: 2 to 59
Diagnostics time 0.38 secs 

Total number of iterations 7085 - required further 458 

Chain # 2 - chunk 18 (chain 2 of 4 for this core): increasing by 459 

Iterations: 459 
|-------------|-------------|-------------|-------------|
|-------------------------------------------------------|

Current time: 2024-11-25 10:28:39
MCMC time 6.5 mins 

USED COMPONENTS: 29 OF 74 

rel. MC standard error: 0.0118 to 0.0745
eff. sample size: 180 to 7180
needed thinning: 2 to 63
Diagnostics time 0.95 secs 

Total number of iterations 7544 - required further 488 

Chain # 2 - chunk 19 (chain 2 of 4 for this core): increasing by 489 

Iterations: 489 
|-------------|-------------|-------------|-------------|
|-------------------------------------------------------|

Current time: 2024-11-25 10:28:55
MCMC time 6.8 mins 

USED COMPONENTS: 27 OF 74 

rel. MC standard error: 0.0122 to 0.0748
eff. sample size: 179 to 6770
needed thinning: 2 to 68
Diagnostics time 0.36 secs 

Total number of iterations 8033 - required further 527 

Chain # 2 - chunk 20 (chain 2 of 4 for this core): increasing by 528 

Iterations: 528 
|-------------|-------------|-------------|-------------|
|-------------------------------------------------------|

Current time: 2024-11-25 10:29:11
MCMC time 7.1 mins 

USED COMPONENTS: 28 OF 74 

rel. MC standard error: 0.0108 to 0.0741
eff. sample size: 182 to 8610
needed thinning: 2 to 71
Diagnostics time 0.45 secs 

Total number of iterations 8561 - required further 550 

Chain # 2 - chunk 21 (chain 2 of 4 for this core): increasing by 551 

Iterations: 551 
|-------------|-------------|-------------|-------------|
|-------------------------------------------------------|

Current time: 2024-11-25 10:29:28
MCMC time 7.3 mins 

USED COMPONENTS: 27 OF 74 

rel. MC standard error: 0.0106 to 0.0734
eff. sample size: 186 to 8920
needed thinning: 2 to 74
Diagnostics time 0.47 secs 

Total number of iterations 9112 - required further 574 

Chain # 2 - chunk 22 (chain 2 of 4 for this core): increasing by 575 

Iterations: 575 
|-------------|-------------|-------------|-------------|
|-------------------------------------------------------|

Current time: 2024-11-25 10:29:46
MCMC time 7.6 mins 

USED COMPONENTS: 27 OF 74 

rel. MC standard error: 0.0106 to 0.0726
eff. sample size: 190 to 8930
needed thinning: 2 to 77
Diagnostics time 0.98 secs 

Total number of iterations 9687 - required further 597 

Chain # 2 - chunk 23 (chain 2 of 4 for this core): increasing by 598 

Iterations: 598 
|-------------|-------------|-------------|-------------|
|-------------------------------------------------------|

Current time: 2024-11-25 10:30:04
MCMC time 7.9 mins 

USED COMPONENTS: 26 OF 74 

rel. MC standard error: 0.0102 to 0.0712
eff. sample size: 197 to 9690
needed thinning: 2 to 79
Diagnostics time 0.49 secs 

Total number of iterations 10285 - required further 612 

Chain # 2 - chunk 24 (chain 2 of 4 for this core): increasing by 613 

Iterations: 613 
|-------------|-------------|-------------|-------------|
|-------------------------------------------------------|

Current time: 2024-11-25 10:30:23
MCMC time 8.3 mins 

USED COMPONENTS: 27 OF 74 

rel. MC standard error: 0.00971 to 0.0703
eff. sample size: 203 to 10600
needed thinning: 2 to 81
Diagnostics time 1.1 secs 

Total number of iterations 10898 - required further 628 

Chain # 2 - chunk 25 (chain 2 of 4 for this core): increasing by 629 

Iterations: 629 
|-------------|-------------|-------------|-------------|
|-------------------------------------------------------|

Current time: 2024-11-25 10:30:43
MCMC time 8.6 mins 

USED COMPONENTS: 27 OF 74 

rel. MC standard error: 0.00974 to 0.0695
eff. sample size: 207 to 10500
needed thinning: 2 to 84
Diagnostics time 0.48 secs 

Total number of iterations 11527 - required further 651 

Chain # 2 - chunk 26 (chain 2 of 4 for this core): increasing by 652 

Iterations: 652 
|-------------|-------------|-------------|-------------|
|-------------------------------------------------------|

Current time: 2024-11-25 10:31:03
MCMC time 8.9 mins 

USED COMPONENTS: 27 OF 74 

rel. MC standard error: 0.00868 to 0.0689
eff. sample size: 210 to 13300
needed thinning: 2 to 87
Diagnostics time 0.46 secs 

Total number of iterations 12179 - required further 674 

Chain # 2 - chunk 27 (chain 2 of 4 for this core): increasing by 675 

Iterations: 675 
|-------------|-------------|-------------|-------------|
|-------------------------------------------------------|

Current time: 2024-11-25 10:31:24
MCMC time 9.3 mins 

USED COMPONENTS: 26 OF 74 

rel. MC standard error: 0.00907 to 0.0683
eff. sample size: 215 to 12200
needed thinning: 2 to 90
Diagnostics time 0.58 secs 

Total number of iterations 12854 - required further 698 

Chain # 2 - chunk 28 (chain 2 of 4 for this core): increasing by 699 

Iterations: 699 
|-------------|-------------|-------------|-------------|
|-------------------------------------------------------|

Current time: 2024-11-25 10:31:45
MCMC time 9.6 mins 

USED COMPONENTS: 26 OF 74 

rel. MC standard error: 0.00914 to 0.0655
eff. sample size: 233 to 12000
needed thinning: 2 to 88
Diagnostics time 1.1 secs 

Total number of iterations 13553 - required further 682 

Chain # 2 - chunk 29 (chain 2 of 4 for this core): increasing by 683 

Iterations: 683 
|-------------|-------------|-------------|-------------|
|-------------------------------------------------------|

Current time: 2024-11-25 10:32:07
MCMC time 10 mins 

USED COMPONENTS: 26 OF 74 

rel. MC standard error: 0.00898 to 0.0645
eff. sample size: 240 to 12400
needed thinning: 2 to 89
Diagnostics time 0.55 secs 

Total number of iterations 14236 - required further 690 

Chain # 2 - chunk 30 (chain 2 of 4 for this core): increasing by 691 

Iterations: 691 
|-------------|-------------|-------------|-------------|
|-------------------------------------------------------|

Current time: 2024-11-25 10:32:25
MCMC time 10 mins 

USED COMPONENTS: 25 OF 74 

rel. MC standard error: 0.00931 to 0.0636
eff. sample size: 248 to 11500
needed thinning: 2 to 91
Diagnostics time 0.49 secs 

Total number of iterations 14927 - required further 705 

Chain # 2 - chunk 31 (chain 2 of 4 for this core): increasing by 706 

Iterations: 706 
|-------------|-------------|-------------|-------------|
|-------------------------------------------------------|

Current time: 2024-11-25 10:32:44
MCMC time 11 mins 

USED COMPONENTS: 26 OF 74 

rel. MC standard error: 0.00843 to 0.0625
eff. sample size: 256 to 14100
needed thinning: 2 to 92
Diagnostics time 0.62 secs 

Total number of iterations 15633 - required further 713 

Chain # 2 - chunk 32 (chain 2 of 4 for this core): increasing by 714 

Iterations: 714 
|-------------|-------------|-------------|-------------|
|-------------------------------------------------------|

Current time: 2024-11-25 10:33:06
MCMC time 11 mins 

USED COMPONENTS: 27 OF 74 

rel. MC standard error: 0.00832 to 0.0614
eff. sample size: 265 to 14400
needed thinning: 2 to 93
Diagnostics time 0.52 secs 

Total number of iterations 16347 - required further 721 

Chain # 2 - chunk 33 (chain 2 of 4 for this core): increasing by 722 

Iterations: 722 
|-------------|-------------|-------------|-------------|
|-------------------------------------------------------|

Current time: 2024-11-25 10:33:26
MCMC time 11 mins 

USED COMPONENTS: 26 OF 74 

rel. MC standard error: 0.00827 to 0.0603
eff. sample size: 275 to 14600
needed thinning: 2 to 93
Diagnostics time 0.76 secs 

Total number of iterations 17069 - required further 721 

Chain # 2 - chunk 34 (chain 2 of 4 for this core): increasing by 722 

Iterations: 722 
|-------------|-------------|-------------|-------------|
|-------------------------------------------------------|

Current time: 2024-11-25 10:33:47
MCMC time 12 mins 

USED COMPONENTS: 27 OF 74 

rel. MC standard error: 0.00791 to 0.0603
eff. sample size: 275 to 16000
needed thinning: 2 to 97
Diagnostics time 1.1 secs 

Total number of iterations 17791 - required further 752 

Chain # 2 - chunk 35 (chain 2 of 4 for this core): increasing by 753 

Iterations: 753 
|-------------|-------------|-------------|-------------|
|-------------------------------------------------------|

Current time: 2024-11-25 10:34:10
MCMC time 12 mins 

USED COMPONENTS: 27 OF 74 

rel. MC standard error: 0.00779 to 0.0599
eff. sample size: 279 to 16500
needed thinning: 2 to 100
Diagnostics time 0.6 secs 

Total number of iterations 18544 - required further 775 

Chain # 2 - chunk 36 (chain 2 of 4 for this core): increasing by 776 

Iterations: 776 
|-------------|-------------|-------------|-------------|
|-------------------------------------------------------|

Current time: 2024-11-25 10:34:30
MCMC time 12 mins 

USED COMPONENTS: 27 OF 74 

rel. MC standard error: 0.00754 to 0.059
eff. sample size: 287 to 17600
needed thinning: 2 to 101
Diagnostics time 0.33 secs 

Total number of iterations 19320 - required further 783 

Chain # 2 - chunk 37 (chain 2 of 4 for this core): increasing by 784 

Iterations: 784 
|-------------|-------------|-------------|-------------|
|-------------------------------------------------------|

Current time: 2024-11-25 10:34:52
MCMC time 13 mins 

USED COMPONENTS: 27 OF 74 

rel. MC standard error: 0.00773 to 0.0586
eff. sample size: 291 to 16700
needed thinning: 2 to 104
Diagnostics time 0.59 secs 

Total number of iterations 20104 - required further 806 

Chain # 2 - chunk 38 (chain 2 of 4 for this core): increasing by 807 

Iterations: 807 
|-------------|-------------|-------------|-------------|
|-------------------------------------------------------|

Current time: 2024-11-25 10:35:13
MCMC time 13 mins 

USED COMPONENTS: 27 OF 74 

rel. MC standard error: 0.00747 to 0.0581
eff. sample size: 296 to 17900
needed thinning: 2 to 107
Diagnostics time 0.54 secs 

Total number of iterations 20911 - required further 829 

Chain # 2 - chunk 39 (chain 2 of 4 for this core): increasing by 830 

Iterations: 830 
|-------------|-------------|-------------|-------------|
|-------------------------------------------------------|

Current time: 2024-11-25 10:35:29
MCMC time 13 mins 

USED COMPONENTS: 27 OF 74 

rel. MC standard error: 0.00714 to 0.0576
eff. sample size: 302 to 19600
needed thinning: 2 to 109
Diagnostics time 0.76 secs 

Total number of iterations 21741 - required further 845 

Chain # 2 - chunk 40 (chain 2 of 4 for this core): increasing by 846 

Iterations: 846 
|-------------|-------------|-------------|-------------|
|-------------------------------------------------------|

Current time: 2024-11-25 10:35:44
MCMC time 14 mins 

USED COMPONENTS: 25 OF 74 

rel. MC standard error: 0.00731 to 0.0568
eff. sample size: 310 to 18700
needed thinning: 2 to 110
Diagnostics time 0.37 secs 

Total number of iterations 22587 - required further 853 

Chain # 2 - chunk 41 (chain 2 of 4 for this core): increasing by 854 

Iterations: 854 
|-------------|-------------|-------------|-------------|
|-------------------------------------------------------|

Current time: 2024-11-25 10:36:00
MCMC time 14 mins 

USED COMPONENTS: 25 OF 74 

rel. MC standard error: 0.00693 to 0.0564
eff. sample size: 314 to 20800
needed thinning: 2 to 112
Diagnostics time 0.36 secs 

Total number of iterations 23441 - required further 868 

Chain # 2 - chunk 42 (chain 2 of 4 for this core): increasing by 869 

Iterations: 869 
|-------------|-------------|-------------|-------------|
|-------------------------------------------------------|

Current time: 2024-11-25 10:36:15
MCMC time 14 mins 

USED COMPONENTS: 24 OF 74 

rel. MC standard error: 0.00702 to 0.0558
eff. sample size: 322 to 20300
needed thinning: 2 to 114
Diagnostics time 0.81 secs 

Total number of iterations 24310 - required further 884 

Chain # 2 - chunk 43 (chain 2 of 4 for this core): increasing by 885 

Iterations: 885 
|-------------|-------------|-------------|-------------|
|-------------------------------------------------------|

Current time: 2024-11-25 10:36:31
MCMC time 14 mins 

USED COMPONENTS: 24 OF 74 

rel. MC standard error: 0.00688 to 0.0554
eff. sample size: 325 to 21100
needed thinning: 2 to 117
Diagnostics time 0.39 secs 

Total number of iterations 25195 - required further 907 

Chain # 2 - chunk 44 (chain 2 of 4 for this core): increasing by 908 

Iterations: 908 
|-------------|-------------|-------------|-------------|
|-------------------------------------------------------|

Current time: 2024-11-25 10:36:47
MCMC time 15 mins 

USED COMPONENTS: 23 OF 74 

rel. MC standard error: 0.00648 to 0.0549
eff. sample size: 331 to 23800
needed thinning: 2 to 119
Diagnostics time 0.8 secs 

Total number of iterations 26103 - required further 922 

Chain # 2 - chunk 45 (chain 2 of 4 for this core): increasing by 923 

Iterations: 923 
|-------------|-------------|-------------|-------------|
|-------------------------------------------------------|

Current time: 2024-11-25 10:37:04
MCMC time 15 mins 

USED COMPONENTS: 24 OF 74 

rel. MC standard error: 0.00668 to 0.0545
eff. sample size: 337 to 22400
needed thinning: 2 to 121
Diagnostics time 0.4 secs 

Total number of iterations 27026 - required further 938 

Chain # 2 - chunk 46 (chain 2 of 4 for this core): increasing by 939 

Iterations: 939 
|-------------|-------------|-------------|-------------|
|-------------------------------------------------------|

Current time: 2024-11-25 10:37:22
MCMC time 15 mins 

USED COMPONENTS: 24 OF 74 

rel. MC standard error: 0.00651 to 0.0538
eff. sample size: 345 to 23600
needed thinning: 2 to 122
Diagnostics time 0.39 secs 

Total number of iterations 27965 - required further 946 

Chain # 2 - chunk 47 (chain 2 of 4 for this core): increasing by 947 

Iterations: 947 
|-------------|-------------|-------------|-------------|
|-------------------------------------------------------|

Current time: 2024-11-25 10:37:38
MCMC time 16 mins 

USED COMPONENTS: 25 OF 74 

rel. MC standard error: 0.00652 to 0.0532
eff. sample size: 353 to 23600
needed thinning: 2 to 123
Diagnostics time 0.45 secs 

Total number of iterations 28912 - required further 953 

Chain # 2 - chunk 48 (chain 2 of 4 for this core): increasing by 954 

Iterations: 954 
|-------------|-------------|-------------|-------------|
|-------------------------------------------------------|

Current time: 2024-11-25 10:37:56
MCMC time 16 mins 

USED COMPONENTS: 25 OF 74 

rel. MC standard error: 0.00602 to 0.0528
eff. sample size: 359 to 27600
needed thinning: 2 to 125
Diagnostics time 0.43 secs 

Total number of iterations 29866 - required further 969 

Chain # 2 - chunk 49 (chain 2 of 4 for this core): increasing by 970 

Iterations: 970 
|-------------|-------------|-------------|-------------|
|-------------------------------------------------------|

Current time: 2024-11-25 10:38:13
MCMC time 16 mins 

USED COMPONENTS: 26 OF 74 

rel. MC standard error: 0.00635 to 0.0521
eff. sample size: 369 to 24800
needed thinning: 2 to 126
Diagnostics time 0.38 secs 

Total number of iterations 30836 - required further 976 

Chain # 2 - chunk 50 (chain 2 of 4 for this core): increasing by 977 

Iterations: 977 
|-------------|-------------|-------------|-------------|
|-------------------------------------------------------|

Current time: 2024-11-25 10:38:31
MCMC time 16 mins 

USED COMPONENTS: 26 OF 74 

rel. MC standard error: 0.00637 to 0.0516
eff. sample size: 375 to 24600
needed thinning: 2 to 128
Diagnostics time 0.47 secs 

Total number of iterations 31813 - required further 992 

Chain # 2 - chunk 51 (chain 2 of 4 for this core): increasing by 993 

Iterations: 993 
|-------------|-------------|-------------|-------------|
|-------------------------------------------------------|

Current time: 2024-11-25 10:38:49
MCMC time 17 mins 

USED COMPONENTS: 25 OF 74 

rel. MC standard error: 0.00624 to 0.0511
eff. sample size: 383 to 25700
needed thinning: 2 to 129
Diagnostics time 0.38 secs 

Total number of iterations 32806 - required further 1000 

Chain # 2 - chunk 52 (chain 2 of 4 for this core): increasing by 1001 

Iterations: 1001 
|-------------|-------------|-------------|-------------|
|-------------------------------------------------------|

Current time: 2024-11-25 10:39:07
MCMC time 17 mins 

USED COMPONENTS: 25 OF 74 

rel. MC standard error: 0.00626 to 0.0506
eff. sample size: 391 to 25500
needed thinning: 2 to 130
Diagnostics time 0.41 secs 

Total number of iterations 33807 - required further 1007 

Chain # 2 - chunk 53 (chain 2 of 4 for this core): increasing by 1008 

Iterations: 1008 
|-------------|-------------|-------------|-------------|
|-------------------------------------------------------|

Current time: 2024-11-25 10:39:25
MCMC time 17 mins 

USED COMPONENTS: 25 OF 74 

rel. MC standard error: 0.00627 to 0.0501
eff. sample size: 398 to 25400
needed thinning: 3 to 132
Diagnostics time 0.39 secs 

Total number of iterations 34815 - required further 1023 

Chain # 2 - chunk 54 (chain 2 of 4 for this core): increasing by 1024 

Iterations: 1024 
|-------------|-------------|-------------|-------------|
|-------------------------------------------------------|

Current time: 2024-11-25 10:39:43
MCMC time 18 mins 

USED COMPONENTS: 25 OF 74 

rel. MC standard error: 0.00599 to 0.0498
eff. sample size: 403 to 27900
needed thinning: 2 to 134
Diagnostics time 0.43 secs 

Total number of iterations 35839 - required further 0 

Keeping last 60 samples with thinning 134 

Plotting traces and samples.

Current time: 2024-11-25 10:39:46
MCMC + diagnostics time 18 mins 

Chain # 3 (chain 3 of 4 for this core)

Datapoints for testing convergence:
 #35 #36 #52 #54 #84 #95 #97 #103 #109 #111 #123 #136 #140 #148 #179 #180 #204 #213 #215 #247 

Iterations: 3600 
|-------------|-------------|-------------|-------------|
|-------------------------------------------------------|

Current time: 2024-11-25 10:40:47
MCMC time 19 mins 

USED COMPONENTS: 34 OF 74 

rel. MC standard error: 0.0155 to 0.082
eff. sample size: 149 to 4180
needed thinning: 2 to 37
Diagnostics time 1.7 secs 

Total number of iterations 3600 - required further 287 

Chain # 3 - chunk 2 (chain 3 of 4 for this core): increasing by 288 

Iterations: 288 
|-------------|-------------|-------------|-------------|
|-------------------------------------------------------|

Current time: 2024-11-25 10:40:54
MCMC time 19 mins 

USED COMPONENTS: 34 OF 74 

rel. MC standard error: 0.0158 to 0.0794
eff. sample size: 158 to 4020
needed thinning: 2 to 37
Diagnostics time 0.11 secs 

Total number of iterations 3888 - required further 287 

Chain # 3 - chunk 3 (chain 3 of 4 for this core): increasing by 288 

Iterations: 288 
|-------------|-------------|-------------|-------------|
|-------------------------------------------------------|

Current time: 2024-11-25 10:41:00
MCMC time 19 mins 

USED COMPONENTS: 32 OF 74 

rel. MC standard error: 0.0147 to 0.078
eff. sample size: 165 to 4640
needed thinning: 2 to 39
Diagnostics time 0.13 secs 

Total number of iterations 4176 - required further 303 

Chain # 3 - chunk 4 (chain 3 of 4 for this core): increasing by 304 

Iterations: 304 
|-------------|-------------|-------------|-------------|
|-------------------------------------------------------|

Current time: 2024-11-25 10:41:05
MCMC time 19 mins 

USED COMPONENTS: 34 OF 74 

rel. MC standard error: 0.0128 to 0.0748
eff. sample size: 179 to 6070
needed thinning: 2 to 38
Diagnostics time 0.15 secs 

Total number of iterations 4480 - required further 295 

Chain # 3 - chunk 5 (chain 3 of 4 for this core): increasing by 296 

Iterations: 296 
|-------------|-------------|-------------|-------------|
|-------------------------------------------------------|

Current time: 2024-11-25 10:41:10
MCMC time 19 mins 

USED COMPONENTS: 33 OF 74 

rel. MC standard error: 0.013 to 0.0789
eff. sample size: 160 to 5880
needed thinning: 2 to 45
Diagnostics time 0.13 secs 

Total number of iterations 4776 - required further 349 

Chain # 3 - chunk 6 (chain 3 of 4 for this core): increasing by 350 

Iterations: 350 
|-------------|-------------|-------------|-------------|
|-------------------------------------------------------|

Current time: 2024-11-25 10:41:16
MCMC time 19 mins 

USED COMPONENTS: 33 OF 74 

rel. MC standard error: 0.0123 to 0.0759
eff. sample size: 173 to 6650
needed thinning: 2 to 45
Diagnostics time 0.15 secs 

Total number of iterations 5126 - required further 349 

Chain # 3 - chunk 7 (chain 3 of 4 for this core): increasing by 350 

Iterations: 350 
|-------------|-------------|-------------|-------------|
|-------------------------------------------------------|

Current time: 2024-11-25 10:41:22
MCMC time 19 mins 

USED COMPONENTS: 33 OF 74 

rel. MC standard error: 0.012 to 0.0731
eff. sample size: 187 to 6910
needed thinning: 2 to 44
Diagnostics time 0.15 secs 

Total number of iterations 5476 - required further 341 

Chain # 3 - chunk 8 (chain 3 of 4 for this core): increasing by 342 

Iterations: 342 
|-------------|-------------|-------------|-------------|
|-------------------------------------------------------|

Current time: 2024-11-25 10:41:28
MCMC time 19 mins 

USED COMPONENTS: 33 OF 74 

rel. MC standard error: 0.0128 to 0.0718
eff. sample size: 194 to 6070
needed thinning: 2 to 45
Diagnostics time 0.14 secs 

Total number of iterations 5818 - required further 349 

Chain # 3 - chunk 9 (chain 3 of 4 for this core): increasing by 350 

Iterations: 350 
|-------------|-------------|-------------|-------------|
|-------------------------------------------------------|

Current time: 2024-11-25 10:41:35
MCMC time 19 mins 

USED COMPONENTS: 32 OF 74 

rel. MC standard error: 0.0117 to 0.0704
eff. sample size: 202 to 7350
needed thinning: 2 to 46
Diagnostics time 0.14 secs 

Total number of iterations 6168 - required further 357 

Chain # 3 - chunk 10 (chain 3 of 4 for this core): increasing by 358 

Iterations: 358 
|-------------|-------------|-------------|-------------|
|-------------------------------------------------------|

Current time: 2024-11-25 10:41:41
MCMC time 20 mins 

USED COMPONENTS: 33 OF 74 

rel. MC standard error: 0.0115 to 0.07
eff. sample size: 204 to 7560
needed thinning: 2 to 48
Diagnostics time 0.16 secs 

Total number of iterations 6526 - required further 372 

Chain # 3 - chunk 11 (chain 3 of 4 for this core): increasing by 373 

Iterations: 373 
|-------------|-------------|-------------|-------------|
|-------------------------------------------------------|

Current time: 2024-11-25 10:41:47
MCMC time 20 mins 

USED COMPONENTS: 33 OF 74 

rel. MC standard error: 0.0113 to 0.0704
eff. sample size: 202 to 7900
needed thinning: 2 to 52
Diagnostics time 0.15 secs 

Total number of iterations 6899 - required further 403 

Chain # 3 - chunk 12 (chain 3 of 4 for this core): increasing by 404 

Iterations: 404 
|-------------|-------------|-------------|-------------|
|-------------------------------------------------------|

Current time: 2024-11-25 10:41:55
MCMC time 20 mins 

USED COMPONENTS: 31 OF 74 

rel. MC standard error: 0.0109 to 0.0688
eff. sample size: 211 to 8420
needed thinning: 2 to 52
Diagnostics time 0.22 secs 

Total number of iterations 7303 - required further 403 

Chain # 3 - chunk 13 (chain 3 of 4 for this core): increasing by 404 

Iterations: 404 
|-------------|-------------|-------------|-------------|
|-------------------------------------------------------|

Current time: 2024-11-25 10:42:02
MCMC time 20 mins 

USED COMPONENTS: 32 OF 74 

rel. MC standard error: 0.0111 to 0.0679
eff. sample size: 217 to 8090
needed thinning: 2 to 54
Diagnostics time 0.17 secs 

Total number of iterations 7707 - required further 419 

Chain # 3 - chunk 14 (chain 3 of 4 for this core): increasing by 420 

Iterations: 420 
|-------------|-------------|-------------|-------------|
|-------------------------------------------------------|

Current time: 2024-11-25 10:42:09
MCMC time 20 mins 

USED COMPONENTS: 31 OF 74 

rel. MC standard error: 0.0113 to 0.0666
eff. sample size: 225 to 7880
needed thinning: 2 to 55
Diagnostics time 0.17 secs 

Total number of iterations 8127 - required further 427 

Chain # 3 - chunk 15 (chain 3 of 4 for this core): increasing by 428 

Iterations: 428 
|-------------|-------------|-------------|-------------|
|-------------------------------------------------------|

Current time: 2024-11-25 10:42:17
MCMC time 20 mins 

USED COMPONENTS: 30 OF 74 

rel. MC standard error: 0.0107 to 0.0657
eff. sample size: 232 to 8680
needed thinning: 2 to 56
Diagnostics time 0.17 secs 

Total number of iterations 8555 - required further 434 

Chain # 3 - chunk 16 (chain 3 of 4 for this core): increasing by 435 

Iterations: 435 
|-------------|-------------|-------------|-------------|
|-------------------------------------------------------|

Current time: 2024-11-25 10:42:24
MCMC time 20 mins 

USED COMPONENTS: 31 OF 74 

rel. MC standard error: 0.00997 to 0.065
eff. sample size: 237 to 10100
needed thinning: 2 to 57
Diagnostics time 0.2 secs 

Total number of iterations 8990 - required further 442 

Chain # 3 - chunk 17 (chain 3 of 4 for this core): increasing by 443 

Iterations: 443 
|-------------|-------------|-------------|-------------|
|-------------------------------------------------------|

Current time: 2024-11-25 10:42:32
MCMC time 20 mins 

USED COMPONENTS: 32 OF 74 

rel. MC standard error: 0.0108 to 0.064
eff. sample size: 244 to 8590
needed thinning: 2 to 59
Diagnostics time 0.19 secs 

Total number of iterations 9433 - required further 458 

Chain # 3 - chunk 18 (chain 3 of 4 for this core): increasing by 459 

Iterations: 459 
|-------------|-------------|-------------|-------------|
|-------------------------------------------------------|

Current time: 2024-11-25 10:42:40
MCMC time 21 mins 

USED COMPONENTS: 31 OF 74 

rel. MC standard error: 0.0103 to 0.0631
eff. sample size: 251 to 9470
needed thinning: 2 to 60
Diagnostics time 0.65 secs 

Total number of iterations 9892 - required further 465 

Chain # 3 - chunk 19 (chain 3 of 4 for this core): increasing by 466 

Iterations: 466 
|-------------|-------------|-------------|-------------|
|-------------------------------------------------------|

Current time: 2024-11-25 10:42:49
MCMC time 21 mins 

USED COMPONENTS: 31 OF 74 

rel. MC standard error: 0.01 to 0.0625
eff. sample size: 256 to 9930
needed thinning: 2 to 61
Diagnostics time 0.18 secs 

Total number of iterations 10358 - required further 473 

Chain # 3 - chunk 20 (chain 3 of 4 for this core): increasing by 474 

Iterations: 474 
|-------------|-------------|-------------|-------------|
|-------------------------------------------------------|

Current time: 2024-11-25 10:42:57
MCMC time 21 mins 

USED COMPONENTS: 31 OF 74 

rel. MC standard error: 0.00968 to 0.0619
eff. sample size: 261 to 10700
needed thinning: 2 to 63
Diagnostics time 0.21 secs 

Total number of iterations 10832 - required further 488 

Chain # 3 - chunk 21 (chain 3 of 4 for this core): increasing by 489 

Iterations: 489 
|-------------|-------------|-------------|-------------|
|-------------------------------------------------------|

Current time: 2024-11-25 10:43:05
MCMC time 21 mins 

USED COMPONENTS: 31 OF 74 

rel. MC standard error: 0.00944 to 0.061
eff. sample size: 269 to 11200
needed thinning: 2 to 64
Diagnostics time 0.19 secs 

Total number of iterations 11321 - required further 496 

Chain # 3 - chunk 22 (chain 3 of 4 for this core): increasing by 497 

Iterations: 497 
|-------------|-------------|-------------|-------------|
|-------------------------------------------------------|

Current time: 2024-11-25 10:43:14
MCMC time 21 mins 

USED COMPONENTS: 32 OF 74 

rel. MC standard error: 0.00978 to 0.0603
eff. sample size: 275 to 10500
needed thinning: 2 to 65
Diagnostics time 0.22 secs 

Total number of iterations 11818 - required further 504 

Chain # 3 - chunk 23 (chain 3 of 4 for this core): increasing by 505 

Iterations: 505 
|-------------|-------------|-------------|-------------|
|-------------------------------------------------------|

Current time: 2024-11-25 10:43:23
MCMC time 21 mins 

USED COMPONENTS: 31 OF 74 

rel. MC standard error: 0.00925 to 0.0597
eff. sample size: 280 to 11700
needed thinning: 2 to 66
Diagnostics time 0.21 secs 

Total number of iterations 12323 - required further 512 

Chain # 3 - chunk 24 (chain 3 of 4 for this core): increasing by 513 

Iterations: 513 
|-------------|-------------|-------------|-------------|
|-------------------------------------------------------|

Current time: 2024-11-25 10:43:32
MCMC time 21 mins 

USED COMPONENTS: 32 OF 74 

rel. MC standard error: 0.00918 to 0.059
eff. sample size: 288 to 11900
needed thinning: 2 to 67
Diagnostics time 0.24 secs 

Total number of iterations 12836 - required further 519 

Chain # 3 - chunk 25 (chain 3 of 4 for this core): increasing by 520 

Iterations: 520 
|-------------|-------------|-------------|-------------|
|-------------------------------------------------------|

Current time: 2024-11-25 10:43:41
MCMC time 22 mins 

USED COMPONENTS: 32 OF 74 

rel. MC standard error: 0.00919 to 0.0581
eff. sample size: 296 to 11800
needed thinning: 2 to 68
Diagnostics time 0.22 secs 

Total number of iterations 13356 - required further 527 

Chain # 3 - chunk 26 (chain 3 of 4 for this core): increasing by 528 

Iterations: 528 
|-------------|-------------|-------------|-------------|
|-------------------------------------------------------|

Current time: 2024-11-25 10:43:50
MCMC time 22 mins 

USED COMPONENTS: 31 OF 74 

rel. MC standard error: 0.00868 to 0.0569
eff. sample size: 309 to 13300
needed thinning: 2 to 68
Diagnostics time 0.2 secs 

Total number of iterations 13884 - required further 527 

Chain # 3 - chunk 27 (chain 3 of 4 for this core): increasing by 528 

Iterations: 528 
|-------------|-------------|-------------|-------------|
|-------------------------------------------------------|

Current time: 2024-11-25 10:43:59
MCMC time 22 mins 

USED COMPONENTS: 33 OF 74 

rel. MC standard error: 0.00818 to 0.0564
eff. sample size: 314 to 14900
needed thinning: 2 to 69
Diagnostics time 0.22 secs 

Total number of iterations 14412 - required further 535 

Chain # 3 - chunk 28 (chain 3 of 4 for this core): increasing by 536 

Iterations: 536 
|-------------|-------------|-------------|-------------|
|-------------------------------------------------------|

Current time: 2024-11-25 10:44:09
MCMC time 22 mins 

USED COMPONENTS: 33 OF 74 

rel. MC standard error: 0.008 to 0.055
eff. sample size: 331 to 15600
needed thinning: 2 to 68
Diagnostics time 0.26 secs 

Total number of iterations 14948 - required further 527 

Chain # 3 - chunk 29 (chain 3 of 4 for this core): increasing by 528 

Iterations: 528 
|-------------|-------------|-------------|-------------|
|-------------------------------------------------------|

Current time: 2024-11-25 10:44:18
MCMC time 22 mins 

USED COMPONENTS: 32 OF 74 

rel. MC standard error: 0.00777 to 0.0547
eff. sample size: 334 to 16600
needed thinning: 2 to 70
Diagnostics time 0.22 secs 

Total number of iterations 15476 - required further 543 

Chain # 3 - chunk 30 (chain 3 of 4 for this core): increasing by 544 

Iterations: 544 
|-------------|-------------|-------------|-------------|
|-------------------------------------------------------|

Current time: 2024-11-25 10:44:27
MCMC time 22 mins 

USED COMPONENTS: 31 OF 74 

rel. MC standard error: 0.00788 to 0.0537
eff. sample size: 346 to 16100
needed thinning: 2 to 70
Diagnostics time 0.23 secs 

Total number of iterations 16020 - required further 543 

Chain # 3 - chunk 31 (chain 3 of 4 for this core): increasing by 544 

Iterations: 544 
|-------------|-------------|-------------|-------------|
|-------------------------------------------------------|

Current time: 2024-11-25 10:44:37
MCMC time 22 mins 

USED COMPONENTS: 33 OF 74 

rel. MC standard error: 0.0073 to 0.0529
eff. sample size: 358 to 18800
needed thinning: 2 to 70
Diagnostics time 0.24 secs 

Total number of iterations 16564 - required further 543 

Chain # 3 - chunk 32 (chain 3 of 4 for this core): increasing by 544 

Iterations: 544 
|-------------|-------------|-------------|-------------|
|-------------------------------------------------------|

Current time: 2024-11-25 10:44:46
MCMC time 23 mins 

USED COMPONENTS: 32 OF 74 

rel. MC standard error: 0.00757 to 0.0536
eff. sample size: 347 to 17400
needed thinning: 2 to 74
Diagnostics time 0.65 secs 

Total number of iterations 17108 - required further 574 

Chain # 3 - chunk 33 (chain 3 of 4 for this core): increasing by 575 

Iterations: 575 
|-------------|-------------|-------------|-------------|
|-------------------------------------------------------|

Current time: 2024-11-25 10:44:57
MCMC time 23 mins 

USED COMPONENTS: 31 OF 74 

rel. MC standard error: 0.00758 to 0.0539
eff. sample size: 345 to 17400
needed thinning: 2 to 77
Diagnostics time 0.23 secs 

Total number of iterations 17683 - required further 597 

Chain # 3 - chunk 34 (chain 3 of 4 for this core): increasing by 598 

Iterations: 598 
|-------------|-------------|-------------|-------------|
|-------------------------------------------------------|

Current time: 2024-11-25 10:45:07
MCMC time 23 mins 

USED COMPONENTS: 31 OF 74 

rel. MC standard error: 0.00702 to 0.0525
eff. sample size: 363 to 20300
needed thinning: 2 to 76
Diagnostics time 0.25 secs 

Total number of iterations 18281 - required further 589 

Chain # 3 - chunk 35 (chain 3 of 4 for this core): increasing by 590 

Iterations: 590 
|-------------|-------------|-------------|-------------|
|-------------------------------------------------------|

Current time: 2024-11-25 10:45:17
MCMC time 23 mins 

USED COMPONENTS: 30 OF 74 

rel. MC standard error: 0.0075 to 0.0523
eff. sample size: 366 to 17800
needed thinning: 2 to 78
Diagnostics time 0.25 secs 

Total number of iterations 18871 - required further 605 

Chain # 3 - chunk 36 (chain 3 of 4 for this core): increasing by 606 

Iterations: 606 
|-------------|-------------|-------------|-------------|
|-------------------------------------------------------|

Current time: 2024-11-25 10:45:28
MCMC time 23 mins 

USED COMPONENTS: 32 OF 74 

rel. MC standard error: 0.00706 to 0.0509
eff. sample size: 386 to 20100
needed thinning: 2 to 76
Diagnostics time 0.29 secs 

Total number of iterations 19477 - required further 589 

Chain # 3 - chunk 37 (chain 3 of 4 for this core): increasing by 590 

Iterations: 590 
|-------------|-------------|-------------|-------------|
|-------------------------------------------------------|

Current time: 2024-11-25 10:45:38
MCMC time 24 mins 

USED COMPONENTS: 31 OF 74 

rel. MC standard error: 0.00654 to 0.0516
eff. sample size: 375 to 23400
needed thinning: 2 to 81
Diagnostics time 0.24 secs 

Total number of iterations 20067 - required further 628 

Chain # 3 - chunk 38 (chain 3 of 4 for this core): increasing by 629 

Iterations: 629 
|-------------|-------------|-------------|-------------|
|-------------------------------------------------------|

Current time: 2024-11-25 10:45:48
MCMC time 24 mins 

USED COMPONENTS: 32 OF 74 

rel. MC standard error: 0.00706 to 0.0504
eff. sample size: 394 to 20100
needed thinning: 2 to 79
Diagnostics time 0.27 secs 

Total number of iterations 20696 - required further 612 

Chain # 3 - chunk 39 (chain 3 of 4 for this core): increasing by 613 

Iterations: 613 
|-------------|-------------|-------------|-------------|
|-------------------------------------------------------|

Current time: 2024-11-25 10:45:59
MCMC time 24 mins 

USED COMPONENTS: 32 OF 74 

rel. MC standard error: 0.00729 to 0.0506
eff. sample size: 391 to 18800
needed thinning: 2 to 82
Diagnostics time 0.25 secs 

Total number of iterations 21309 - required further 636 

Chain # 3 - chunk 40 (chain 3 of 4 for this core): increasing by 637 

Iterations: 637 
|-------------|-------------|-------------|-------------|
|-------------------------------------------------------|

Current time: 2024-11-25 10:46:10
MCMC time 24 mins 

USED COMPONENTS: 31 OF 74 

rel. MC standard error: 0.00672 to 0.0499
eff. sample size: 401 to 22100
needed thinning: 2 to 83
Diagnostics time 0.25 secs 

Total number of iterations 21946 - required further 0 

Keeping last 60 samples with thinning 83 

Plotting traces and samples.

Current time: 2024-11-25 10:46:12
MCMC + diagnostics time 24 mins 

Chain # 4 (chain 4 of 4 for this core)

Datapoints for testing convergence:
 #3 #6 #8 #15 #38 #46 #75 #78 #95 #127 #138 #153 #167 #181 #198 #204 #216 #218 #231 #241 

Iterations: 3600 
|-------------|-------------|-------------|-------------|
|-------------------------------------------------------|

Current time: 2024-11-25 10:47:11
MCMC time 25 mins 

USED COMPONENTS: 34 OF 74 

rel. MC standard error: 0.015 to 0.0685
eff. sample size: 213 to 4440
needed thinning: 2 to 26
Diagnostics time 1.6 secs 

Total number of iterations 3600 - required further 202 

Chain # 4 - chunk 2 (chain 4 of 4 for this core): increasing by 203 

Iterations: 203 
|-------------|-------------|-------------|-------------|
|-------------------------------------------------------|

Current time: 2024-11-25 10:47:16
MCMC time 25 mins 

USED COMPONENTS: 31 OF 74 

rel. MC standard error: 0.0151 to 0.0696
eff. sample size: 207 to 4410
needed thinning: 2 to 28
Diagnostics time 0.081 secs 

Total number of iterations 3803 - required further 217 

Chain # 4 - chunk 3 (chain 4 of 4 for this core): increasing by 218 

Iterations: 218 
|-------------|-------------|-------------|-------------|
|-------------------------------------------------------|

Current time: 2024-11-25 10:47:20
MCMC time 25 mins 

USED COMPONENTS: 31 OF 74 

rel. MC standard error: 0.014 to 0.0703
eff. sample size: 202 to 5090
needed thinning: 2 to 30
Diagnostics time 0.084 secs 

Total number of iterations 4021 - required further 233 

Chain # 4 - chunk 4 (chain 4 of 4 for this core): increasing by 234 

Iterations: 234 
|-------------|-------------|-------------|-------------|
|-------------------------------------------------------|

Current time: 2024-11-25 10:47:24
MCMC time 25 mins 

USED COMPONENTS: 31 OF 74 

rel. MC standard error: 0.0138 to 0.0709
eff. sample size: 199 to 5280
needed thinning: 2 to 33
Diagnostics time 0.11 secs 

Total number of iterations 4255 - required further 256 

Chain # 4 - chunk 5 (chain 4 of 4 for this core): increasing by 257 

Iterations: 257 
|-------------|-------------|-------------|-------------|
|-------------------------------------------------------|

Current time: 2024-11-25 10:47:29
MCMC time 25 mins 

USED COMPONENTS: 31 OF 74 

rel. MC standard error: 0.0147 to 0.0719
eff. sample size: 193 to 4640
needed thinning: 2 to 36
Diagnostics time 0.16 secs 

Total number of iterations 4512 - required further 279 

Chain # 4 - chunk 6 (chain 4 of 4 for this core): increasing by 280 

Iterations: 280 
|-------------|-------------|-------------|-------------|
|-------------------------------------------------------|

Current time: 2024-11-25 10:47:33
MCMC time 25 mins 

USED COMPONENTS: 30 OF 74 

rel. MC standard error: 0.0134 to 0.0713
eff. sample size: 197 to 5570
needed thinning: 2 to 37
Diagnostics time 0.1 secs 

Total number of iterations 4792 - required further 287 

Chain # 4 - chunk 7 (chain 4 of 4 for this core): increasing by 288 

Iterations: 288 
|-------------|-------------|-------------|-------------|
|-------------------------------------------------------|

Current time: 2024-11-25 10:47:38
MCMC time 26 mins 

USED COMPONENTS: 30 OF 74 

rel. MC standard error: 0.0133 to 0.0702
eff. sample size: 203 to 5620
needed thinning: 2 to 38
Diagnostics time 0.12 secs 

Total number of iterations 5080 - required further 295 

Chain # 4 - chunk 8 (chain 4 of 4 for this core): increasing by 296 

Iterations: 296 
|-------------|-------------|-------------|-------------|
|-------------------------------------------------------|

Current time: 2024-11-25 10:47:43
MCMC time 26 mins 

USED COMPONENTS: 32 OF 74 

rel. MC standard error: 0.0124 to 0.0711
eff. sample size: 198 to 6500
needed thinning: 2 to 41
Diagnostics time 0.12 secs 

Total number of iterations 5376 - required further 318 

Chain # 4 - chunk 9 (chain 4 of 4 for this core): increasing by 319 

Iterations: 319 
|-------------|-------------|-------------|-------------|
|-------------------------------------------------------|

Current time: 2024-11-25 10:47:49
MCMC time 26 mins 

USED COMPONENTS: 32 OF 74 

rel. MC standard error: 0.0123 to 0.0711
eff. sample size: 198 to 6590
needed thinning: 2 to 44
Diagnostics time 0.13 secs 

Total number of iterations 5695 - required further 341 

Chain # 4 - chunk 10 (chain 4 of 4 for this core): increasing by 342 

Iterations: 342 
|-------------|-------------|-------------|-------------|
|-------------------------------------------------------|

Current time: 2024-11-25 10:47:54
MCMC time 26 mins 

USED COMPONENTS: 32 OF 74 

rel. MC standard error: 0.0125 to 0.0724
eff. sample size: 191 to 6380
needed thinning: 2 to 48
Diagnostics time 0.14 secs 

Total number of iterations 6037 - required further 372 

Chain # 4 - chunk 11 (chain 4 of 4 for this core): increasing by 373 

Iterations: 373 
|-------------|-------------|-------------|-------------|
|-------------------------------------------------------|

Current time: 2024-11-25 10:48:01
MCMC time 26 mins 

USED COMPONENTS: 31 OF 74 

rel. MC standard error: 0.0121 to 0.0731
eff. sample size: 187 to 6780
needed thinning: 2 to 52
Diagnostics time 0.56 secs 

Total number of iterations 6410 - required further 403 

Chain # 4 - chunk 12 (chain 4 of 4 for this core): increasing by 404 

Iterations: 404 
|-------------|-------------|-------------|-------------|
|-------------------------------------------------------|

Current time: 2024-11-25 10:48:08
MCMC time 26 mins 

USED COMPONENTS: 31 OF 74 

rel. MC standard error: 0.0119 to 0.0723
eff. sample size: 191 to 7010
needed thinning: 2 to 54
Diagnostics time 0.17 secs 

Total number of iterations 6814 - required further 419 

Chain # 4 - chunk 13 (chain 4 of 4 for this core): increasing by 420 

Iterations: 420 
|-------------|-------------|-------------|-------------|
|-------------------------------------------------------|

Current time: 2024-11-25 10:48:15
MCMC time 26 mins 

USED COMPONENTS: 30 OF 74 

rel. MC standard error: 0.0107 to 0.072
eff. sample size: 193 to 8760
needed thinning: 2 to 57
Diagnostics time 0.16 secs 

Total number of iterations 7234 - required further 442 

Chain # 4 - chunk 14 (chain 4 of 4 for this core): increasing by 443 

Iterations: 443 
|-------------|-------------|-------------|-------------|
|-------------------------------------------------------|

Current time: 2024-11-25 10:48:23
MCMC time 26 mins 

USED COMPONENTS: 31 OF 74 

rel. MC standard error: 0.0104 to 0.0707
eff. sample size: 200 to 9200
needed thinning: 2 to 58
Diagnostics time 0.18 secs 

Total number of iterations 7677 - required further 450 

Chain # 4 - chunk 15 (chain 4 of 4 for this core): increasing by 451 

Iterations: 451 
|-------------|-------------|-------------|-------------|
|-------------------------------------------------------|

Current time: 2024-11-25 10:48:30
MCMC time 26 mins 

USED COMPONENTS: 31 OF 74 

rel. MC standard error: 0.011 to 0.0698
eff. sample size: 205 to 8300
needed thinning: 2 to 60
Diagnostics time 0.18 secs 

Total number of iterations 8128 - required further 465 

Chain # 4 - chunk 16 (chain 4 of 4 for this core): increasing by 466 

Iterations: 466 
|-------------|-------------|-------------|-------------|
|-------------------------------------------------------|

Current time: 2024-11-25 10:48:38
MCMC time 27 mins 

USED COMPONENTS: 30 OF 74 

rel. MC standard error: 0.0107 to 0.0684
eff. sample size: 213 to 8700
needed thinning: 2 to 61
Diagnostics time 0.19 secs 

Total number of iterations 8594 - required further 473 

Chain # 4 - chunk 17 (chain 4 of 4 for this core): increasing by 474 

Iterations: 474 
|-------------|-------------|-------------|-------------|
|-------------------------------------------------------|

Current time: 2024-11-25 10:48:46
MCMC time 27 mins 

USED COMPONENTS: 29 OF 74 

rel. MC standard error: 0.00965 to 0.068
eff. sample size: 216 to 10700
needed thinning: 2 to 63
Diagnostics time 0.21 secs 

Total number of iterations 9068 - required further 488 

Chain # 4 - chunk 18 (chain 4 of 4 for this core): increasing by 489 

Iterations: 489 
|-------------|-------------|-------------|-------------|
|-------------------------------------------------------|

Current time: 2024-11-25 10:48:55
MCMC time 27 mins 

USED COMPONENTS: 30 OF 74 

rel. MC standard error: 0.00938 to 0.0664
eff. sample size: 227 to 11400
needed thinning: 2 to 64
Diagnostics time 0.2 secs 

Total number of iterations 9557 - required further 496 

Chain # 4 - chunk 19 (chain 4 of 4 for this core): increasing by 497 

Iterations: 497 
|-------------|-------------|-------------|-------------|
|-------------------------------------------------------|

Current time: 2024-11-25 10:49:03
MCMC time 27 mins 

USED COMPONENTS: 29 OF 74 

rel. MC standard error: 0.0103 to 0.0653
eff. sample size: 235 to 9340
needed thinning: 2 to 65
Diagnostics time 0.18 secs 

Total number of iterations 10054 - required further 504 

Chain # 4 - chunk 20 (chain 4 of 4 for this core): increasing by 505 

Iterations: 505 
|-------------|-------------|-------------|-------------|
|-------------------------------------------------------|

Current time: 2024-11-25 10:49:12
MCMC time 27 mins 

USED COMPONENTS: 29 OF 74 

rel. MC standard error: 0.00959 to 0.0637
eff. sample size: 246 to 10900
needed thinning: 2 to 65
Diagnostics time 0.19 secs 

Total number of iterations 10559 - required further 504 

Chain # 4 - chunk 21 (chain 4 of 4 for this core): increasing by 505 

Iterations: 505 
|-------------|-------------|-------------|-------------|
|-------------------------------------------------------|

Current time: 2024-11-25 10:49:20
MCMC time 27 mins 

USED COMPONENTS: 29 OF 74 

rel. MC standard error: 0.00979 to 0.0628
eff. sample size: 254 to 10400
needed thinning: 2 to 66
Diagnostics time 0.2 secs 

Total number of iterations 11064 - required further 512 

Chain # 4 - chunk 22 (chain 4 of 4 for this core): increasing by 513 

Iterations: 513 
|-------------|-------------|-------------|-------------|
|-------------------------------------------------------|

Current time: 2024-11-25 10:49:29
MCMC time 27 mins 

USED COMPONENTS: 29 OF 74 

rel. MC standard error: 0.0087 to 0.0617
eff. sample size: 263 to 13200
needed thinning: 2 to 67
Diagnostics time 0.2 secs 

Total number of iterations 11577 - required further 519 

Chain # 4 - chunk 23 (chain 4 of 4 for this core): increasing by 520 

Iterations: 520 
|-------------|-------------|-------------|-------------|
|-------------------------------------------------------|

Current time: 2024-11-25 10:49:38
MCMC time 28 mins 

USED COMPONENTS: 29 OF 74 

rel. MC standard error: 0.00873 to 0.0605
eff. sample size: 273 to 13100
needed thinning: 2 to 67
Diagnostics time 0.19 secs 

Total number of iterations 12097 - required further 519 

Chain # 4 - chunk 24 (chain 4 of 4 for this core): increasing by 520 

Iterations: 520 
|-------------|-------------|-------------|-------------|
|-------------------------------------------------------|

Current time: 2024-11-25 10:49:47
MCMC time 28 mins 

USED COMPONENTS: 28 OF 74 

rel. MC standard error: 0.00839 to 0.0598
eff. sample size: 280 to 14200
needed thinning: 2 to 68
Diagnostics time 0.22 secs 

Total number of iterations 12617 - required further 527 

Chain # 4 - chunk 25 (chain 4 of 4 for this core): increasing by 528 

Iterations: 528 
|-------------|-------------|-------------|-------------|
|-------------------------------------------------------|

Current time: 2024-11-25 10:49:56
MCMC time 28 mins 

USED COMPONENTS: 29 OF 74 

rel. MC standard error: 0.00883 to 0.059
eff. sample size: 288 to 12800
needed thinning: 2 to 69
Diagnostics time 0.2 secs 

Total number of iterations 13145 - required further 535 

Chain # 4 - chunk 26 (chain 4 of 4 for this core): increasing by 536 

Iterations: 536 
|-------------|-------------|-------------|-------------|
|-------------------------------------------------------|

Current time: 2024-11-25 10:50:05
MCMC time 28 mins 

USED COMPONENTS: 29 OF 74 

rel. MC standard error: 0.00826 to 0.058
eff. sample size: 297 to 14600
needed thinning: 2 to 70
Diagnostics time 0.21 secs 

Total number of iterations 13681 - required further 543 

Chain # 4 - chunk 27 (chain 4 of 4 for this core): increasing by 544 

Iterations: 544 
|-------------|-------------|-------------|-------------|
|-------------------------------------------------------|

Current time: 2024-11-25 10:50:14
MCMC time 28 mins 

USED COMPONENTS: 29 OF 74 

rel. MC standard error: 0.00844 to 0.0574
eff. sample size: 304 to 14000
needed thinning: 2 to 71
Diagnostics time 0.2 secs 

Total number of iterations 14225 - required further 550 

Chain # 4 - chunk 28 (chain 4 of 4 for this core): increasing by 551 

Iterations: 551 
|-------------|-------------|-------------|-------------|
|-------------------------------------------------------|

Current time: 2024-11-25 10:50:24
MCMC time 28 mins 

USED COMPONENTS: 28 OF 74 

rel. MC standard error: 0.00865 to 0.0562
eff. sample size: 317 to 13400
needed thinning: 2 to 70
Diagnostics time 0.24 secs 

Total number of iterations 14776 - required further 543 

Chain # 4 - chunk 29 (chain 4 of 4 for this core): increasing by 544 

Iterations: 544 
|-------------|-------------|-------------|-------------|
|-------------------------------------------------------|

Current time: 2024-11-25 10:50:33
MCMC time 28 mins 

USED COMPONENTS: 29 OF 74 

rel. MC standard error: 0.00839 to 0.0554
eff. sample size: 326 to 14200
needed thinning: 2 to 71
Diagnostics time 0.2 secs 

Total number of iterations 15320 - required further 550 

Chain # 4 - chunk 30 (chain 4 of 4 for this core): increasing by 551 

Iterations: 551 
|-------------|-------------|-------------|-------------|
|-------------------------------------------------------|

Current time: 2024-11-25 10:50:42
MCMC time 29 mins 

USED COMPONENTS: 29 OF 74 

rel. MC standard error: 0.0079 to 0.0543
eff. sample size: 339 to 16000
needed thinning: 2 to 71
Diagnostics time 0.24 secs 

Total number of iterations 15871 - required further 550 

Chain # 4 - chunk 31 (chain 4 of 4 for this core): increasing by 551 

Iterations: 551 
|-------------|-------------|-------------|-------------|
|-------------------------------------------------------|

Current time: 2024-11-25 10:50:52
MCMC time 29 mins 

USED COMPONENTS: 29 OF 74 

rel. MC standard error: 0.00815 to 0.0536
eff. sample size: 349 to 15100
needed thinning: 2 to 71
Diagnostics time 0.21 secs 

Total number of iterations 16422 - required further 550 

Chain # 4 - chunk 32 (chain 4 of 4 for this core): increasing by 551 

Iterations: 551 
|-------------|-------------|-------------|-------------|
|-------------------------------------------------------|

Current time: 2024-11-25 10:51:01
MCMC time 29 mins 

USED COMPONENTS: 29 OF 74 

rel. MC standard error: 0.00784 to 0.0527
eff. sample size: 360 to 16300
needed thinning: 2 to 71
Diagnostics time 0.21 secs 

Total number of iterations 16973 - required further 550 

Chain # 4 - chunk 33 (chain 4 of 4 for this core): increasing by 551 

Iterations: 551 
|-------------|-------------|-------------|-------------|
|-------------------------------------------------------|

Current time: 2024-11-25 10:51:11
MCMC time 29 mins 

USED COMPONENTS: 29 OF 74 

rel. MC standard error: 0.00782 to 0.0519
eff. sample size: 371 to 16400
needed thinning: 2 to 71
Diagnostics time 0.23 secs 

Total number of iterations 17524 - required further 550 

Chain # 4 - chunk 34 (chain 4 of 4 for this core): increasing by 551 

Iterations: 551 
|-------------|-------------|-------------|-------------|
|-------------------------------------------------------|

Current time: 2024-11-25 10:51:20
MCMC time 29 mins 

USED COMPONENTS: 29 OF 74 

rel. MC standard error: 0.00719 to 0.0513
eff. sample size: 381 to 19300
needed thinning: 2 to 72
Diagnostics time 0.21 secs 

Total number of iterations 18075 - required further 558 

Chain # 4 - chunk 35 (chain 4 of 4 for this core): increasing by 559 

Iterations: 559 
|-------------|-------------|-------------|-------------|
|-------------------------------------------------------|

Current time: 2024-11-25 10:51:30
MCMC time 29 mins 

USED COMPONENTS: 28 OF 74 

rel. MC standard error: 0.00737 to 0.0503
eff. sample size: 396 to 18400
needed thinning: 2 to 71
Diagnostics time 0.24 secs 

Total number of iterations 18634 - required further 550 

Chain # 4 - chunk 36 (chain 4 of 4 for this core): increasing by 551 

Iterations: 551 
|-------------|-------------|-------------|-------------|
|-------------------------------------------------------|

Current time: 2024-11-25 10:51:39
MCMC time 30 mins 

USED COMPONENTS: 29 OF 74 

rel. MC standard error: 0.00745 to 0.0495
eff. sample size: 408 to 18000
needed thinning: 2 to 71
Diagnostics time 0.22 secs 

Total number of iterations 19185 - required further 0 

Keeping last 60 samples with thinning 71 

Plotting traces and samples.

Current time: 2024-11-25 10:51:41
MCMC + diagnostics time 30 mins 

Current time: 2024-11-25 10:51:41
Total time 30 mins 
loaded inferno and set parent environment
loaded inferno and set parent environment
loaded inferno and set parent environment
loaded inferno and set parent environment
