Log core 5 - Current time: 2024-11-25 10:20:10
Defining model
Building model
Setting data and initial values
Running calculate on model
  [Note] Any error reports that follow may simply reflect missing values in model variables.
Checking model sizes and dimensions
Compiling
  [Note] This may take a minute.
  [Note] Use 'showCompilerOutput = TRUE' to see C++ compilation details.
===== Monitors =====
thin = 1: Bprob, Rmean, Rvar, W
thin2 = 1: K
===== Samplers =====
conjugate sampler (519)
  - Rmean[]  (148 elements)
  - Rrate[]  (148 elements)
  - Bprob[]  (74 elements)
  - Rvar[]  (148 elements)
  - W[1:74] 
categorical sampler (251)
  - Alpha
  - K[]  (250 elements)
===== Monitors =====
thin = 1: Bprob, Rmean, Rvar, W
thin2 = 1: K
===== Samplers =====
slice sampler (251)
  - Alpha
  - K[]  (250 elements)
conjugate sampler (519)
  - Rmean[]  (148 elements)
  - Rrate[]  (148 elements)
  - Bprob[]  (74 elements)
  - Rvar[]  (148 elements)
  - W[1:74] 
Compiling
  [Note] This may take a minute.
  [Note] Use 'showCompilerOutput = TRUE' to see C++ compilation details.

Setup time 2 mins 

Chain # 17 (chain 1 of 4 for this core)

Datapoints for testing convergence:
 #3 #31 #40 #46 #50 #54 #69 #112 #128 #135 #139 #167 #168 #203 #215 #221 #222 #223 #231 #244 

Iterations: 3600 
|-------------|-------------|-------------|-------------|
|-------------------------------------------------------|

Current time: 2024-11-25 10:23:58
MCMC time 1.8 mins 

USED COMPONENTS: 32 OF 74 

rel. MC standard error: 0.017 to 0.0478
eff. sample size: 437 to 3460
needed thinning: 2 to 13
Diagnostics time 3.1 secs 

Total number of iterations 3600 - required further 0 

Keeping last 60 samples with thinning 13 

Plotting traces and samples.

Current time: 2024-11-25 10:24:04
MCMC + diagnostics time 1.9 mins 

Chain # 18 (chain 2 of 4 for this core)

Datapoints for testing convergence:
 #19 #45 #51 #57 #70 #89 #110 #119 #144 #155 #160 #169 #173 #183 #199 #204 #207 #215 #238 #250 

Iterations: 3600 
|-------------|-------------|-------------|-------------|
|-------------------------------------------------------|

Current time: 2024-11-25 10:25:53
MCMC time 3.7 mins 

USED COMPONENTS: 30 OF 74 

rel. MC standard error: 0.0145 to 0.0497
eff. sample size: 404 to 4730
needed thinning: 2 to 14
Diagnostics time 2.6 secs 

Total number of iterations 3600 - required further 0 

Keeping last 60 samples with thinning 14 

Plotting traces and samples.

Current time: 2024-11-25 10:25:57
MCMC + diagnostics time 3.8 mins 

Chain # 19 (chain 3 of 4 for this core)

Datapoints for testing convergence:
 #10 #15 #21 #29 #56 #86 #93 #98 #110 #123 #125 #126 #145 #166 #178 #196 #210 #215 #233 #245 

Iterations: 3600 
|-------------|-------------|-------------|-------------|
|-------------------------------------------------------|

Current time: 2024-11-25 10:27:46
MCMC time 5.6 mins 

USED COMPONENTS: 34 OF 74 

rel. MC standard error: 0.0156 to 0.0581
eff. sample size: 296 to 4090
needed thinning: 2 to 19
Diagnostics time 3.5 secs 

Total number of iterations 3600 - required further 148 

Chain # 19 - chunk 2 (chain 3 of 4 for this core): increasing by 149 

Iterations: 149 
|-------------|-------------|-------------|-------------|
|-------------------------------------------------------|

Current time: 2024-11-25 10:27:55
MCMC time 5.8 mins 

USED COMPONENTS: 34 OF 74 

rel. MC standard error: 0.0157 to 0.0596
eff. sample size: 282 to 4060
needed thinning: 2 to 20
Diagnostics time 0.15 secs 

Total number of iterations 3749 - required further 155 

Chain # 19 - chunk 3 (chain 3 of 4 for this core): increasing by 156 

Iterations: 156 
|-------------|-------------|-------------|-------------|
|-------------------------------------------------------|

Current time: 2024-11-25 10:28:00
MCMC time 5.9 mins 

USED COMPONENTS: 34 OF 74 

rel. MC standard error: 0.015 to 0.0485
eff. sample size: 425 to 4420
needed thinning: 2 to 14
Diagnostics time 0.15 secs 

Total number of iterations 3905 - required further 0 

Keeping last 60 samples with thinning 14 

Plotting traces and samples.

Current time: 2024-11-25 10:28:00
MCMC + diagnostics time 5.9 mins 

Chain # 20 (chain 4 of 4 for this core)

Datapoints for testing convergence:
 #8 #20 #32 #45 #52 #53 #69 #84 #101 #112 #142 #143 #155 #181 #208 #214 #228 #229 #233 #249 

Iterations: 3600 
|-------------|-------------|-------------|-------------|
|-------------------------------------------------------|

Current time: 2024-11-25 10:29:49
MCMC time 7.7 mins 

USED COMPONENTS: 36 OF 74 

rel. MC standard error: 0.018 to 0.0778
eff. sample size: 165 to 3100
needed thinning: 2 to 33
Diagnostics time 2.8 secs 

Total number of iterations 3600 - required further 256 

Chain # 20 - chunk 2 (chain 4 of 4 for this core): increasing by 257 

Iterations: 257 
|-------------|-------------|-------------|-------------|
|-------------------------------------------------------|

Current time: 2024-11-25 10:30:00
MCMC time 7.9 mins 

USED COMPONENTS: 35 OF 74 

rel. MC standard error: 0.0169 to 0.0749
eff. sample size: 178 to 3500
needed thinning: 2 to 33
Diagnostics time 0.82 secs 

Total number of iterations 3857 - required further 256 

Chain # 20 - chunk 3 (chain 4 of 4 for this core): increasing by 257 

Iterations: 257 
|-------------|-------------|-------------|-------------|
|-------------------------------------------------------|

Current time: 2024-11-25 10:30:09
MCMC time 8 mins 

USED COMPONENTS: 35 OF 74 

rel. MC standard error: 0.015 to 0.072
eff. sample size: 193 to 4450
needed thinning: 2 to 32
Diagnostics time 0.21 secs 

Total number of iterations 4114 - required further 248 

Chain # 20 - chunk 4 (chain 4 of 4 for this core): increasing by 249 

Iterations: 249 
|-------------|-------------|-------------|-------------|
|-------------------------------------------------------|

Current time: 2024-11-25 10:30:16
MCMC time 8.1 mins 

USED COMPONENTS: 35 OF 74 

rel. MC standard error: 0.0156 to 0.07
eff. sample size: 204 to 4110
needed thinning: 2 to 33
Diagnostics time 0.18 secs 

Total number of iterations 4363 - required further 256 

Chain # 20 - chunk 5 (chain 4 of 4 for this core): increasing by 257 

Iterations: 257 
|-------------|-------------|-------------|-------------|
|-------------------------------------------------------|

Current time: 2024-11-25 10:30:24
MCMC time 8.3 mins 

USED COMPONENTS: 35 OF 74 

rel. MC standard error: 0.0149 to 0.0676
eff. sample size: 219 to 4530
needed thinning: 2 to 32
Diagnostics time 0.18 secs 

Total number of iterations 4620 - required further 248 

Chain # 20 - chunk 6 (chain 4 of 4 for this core): increasing by 249 

Iterations: 249 
|-------------|-------------|-------------|-------------|
|-------------------------------------------------------|

Current time: 2024-11-25 10:30:32
MCMC time 8.4 mins 

USED COMPONENTS: 35 OF 74 

rel. MC standard error: 0.015 to 0.0652
eff. sample size: 235 to 4420
needed thinning: 2 to 32
Diagnostics time 0.19 secs 

Total number of iterations 4869 - required further 248 

Chain # 20 - chunk 7 (chain 4 of 4 for this core): increasing by 249 

Iterations: 249 
|-------------|-------------|-------------|-------------|
|-------------------------------------------------------|

Current time: 2024-11-25 10:30:40
MCMC time 8.5 mins 

USED COMPONENTS: 37 OF 74 

rel. MC standard error: 0.0146 to 0.0635
eff. sample size: 248 to 4670
needed thinning: 2 to 31
Diagnostics time 0.2 secs 

Total number of iterations 5118 - required further 241 

Chain # 20 - chunk 8 (chain 4 of 4 for this core): increasing by 242 

Iterations: 242 
|-------------|-------------|-------------|-------------|
|-------------------------------------------------------|

Current time: 2024-11-25 10:30:48
MCMC time 8.7 mins 

USED COMPONENTS: 36 OF 74 

rel. MC standard error: 0.0149 to 0.0615
eff. sample size: 265 to 4500
needed thinning: 2 to 31
Diagnostics time 0.19 secs 

Total number of iterations 5360 - required further 241 

Chain # 20 - chunk 9 (chain 4 of 4 for this core): increasing by 242 

Iterations: 242 
|-------------|-------------|-------------|-------------|
|-------------------------------------------------------|

Current time: 2024-11-25 10:30:55
MCMC time 8.8 mins 

USED COMPONENTS: 35 OF 74 

rel. MC standard error: 0.0136 to 0.0601
eff. sample size: 277 to 5390
needed thinning: 2 to 31
Diagnostics time 0.2 secs 

Total number of iterations 5602 - required further 241 

Chain # 20 - chunk 10 (chain 4 of 4 for this core): increasing by 242 

Iterations: 242 
|-------------|-------------|-------------|-------------|
|-------------------------------------------------------|

Current time: 2024-11-25 10:31:03
MCMC time 8.9 mins 

USED COMPONENTS: 34 OF 74 

rel. MC standard error: 0.0125 to 0.0586
eff. sample size: 291 to 6440
needed thinning: 2 to 31
Diagnostics time 0.27 secs 

Total number of iterations 5844 - required further 241 

Chain # 20 - chunk 11 (chain 4 of 4 for this core): increasing by 242 

Iterations: 242 
|-------------|-------------|-------------|-------------|
|-------------------------------------------------------|

Current time: 2024-11-25 10:31:10
MCMC time 9 mins 

USED COMPONENTS: 34 OF 74 

rel. MC standard error: 0.0135 to 0.057
eff. sample size: 308 to 5490
needed thinning: 2 to 30
Diagnostics time 0.22 secs 

Total number of iterations 6086 - required further 233 

Chain # 20 - chunk 12 (chain 4 of 4 for this core): increasing by 234 

Iterations: 234 
|-------------|-------------|-------------|-------------|
|-------------------------------------------------------|

Current time: 2024-11-25 10:31:18
MCMC time 9.2 mins 

USED COMPONENTS: 35 OF 74 

rel. MC standard error: 0.0126 to 0.0555
eff. sample size: 325 to 6330
needed thinning: 2 to 30
Diagnostics time 0.17 secs 

Total number of iterations 6320 - required further 233 

Chain # 20 - chunk 13 (chain 4 of 4 for this core): increasing by 234 

Iterations: 234 
|-------------|-------------|-------------|-------------|
|-------------------------------------------------------|

Current time: 2024-11-25 10:31:25
MCMC time 9.3 mins 

USED COMPONENTS: 34 OF 74 

rel. MC standard error: 0.0133 to 0.0542
eff. sample size: 340 to 5640
needed thinning: 2 to 29
Diagnostics time 0.17 secs 

Total number of iterations 6554 - required further 225 

Chain # 20 - chunk 14 (chain 4 of 4 for this core): increasing by 226 

Iterations: 226 
|-------------|-------------|-------------|-------------|
|-------------------------------------------------------|

Current time: 2024-11-25 10:31:32
MCMC time 9.4 mins 

USED COMPONENTS: 35 OF 74 

rel. MC standard error: 0.0125 to 0.0546
eff. sample size: 335 to 6400
needed thinning: 2 to 31
Diagnostics time 0.17 secs 

Total number of iterations 6780 - required further 241 

Chain # 20 - chunk 15 (chain 4 of 4 for this core): increasing by 242 

Iterations: 242 
|-------------|-------------|-------------|-------------|
|-------------------------------------------------------|

Current time: 2024-11-25 10:31:40
MCMC time 9.5 mins 

USED COMPONENTS: 35 OF 74 

rel. MC standard error: 0.0127 to 0.054
eff. sample size: 343 to 6200
needed thinning: 2 to 31
Diagnostics time 0.2 secs 

Total number of iterations 7022 - required further 241 

Chain # 20 - chunk 16 (chain 4 of 4 for this core): increasing by 242 

Iterations: 242 
|-------------|-------------|-------------|-------------|
|-------------------------------------------------------|

Current time: 2024-11-25 10:31:47
MCMC time 9.6 mins 

USED COMPONENTS: 34 OF 74 

rel. MC standard error: 0.0117 to 0.0532
eff. sample size: 354 to 7330
needed thinning: 2 to 31
Diagnostics time 0.2 secs 

Total number of iterations 7264 - required further 241 

Chain # 20 - chunk 17 (chain 4 of 4 for this core): increasing by 242 

Iterations: 242 
|-------------|-------------|-------------|-------------|
|-------------------------------------------------------|

Current time: 2024-11-25 10:31:55
MCMC time 9.8 mins 

USED COMPONENTS: 33 OF 74 

rel. MC standard error: 0.0117 to 0.0524
eff. sample size: 364 to 7300
needed thinning: 2 to 31
Diagnostics time 0.23 secs 

Total number of iterations 7506 - required further 241 

Chain # 20 - chunk 18 (chain 4 of 4 for this core): increasing by 242 

Iterations: 242 
|-------------|-------------|-------------|-------------|
|-------------------------------------------------------|

Current time: 2024-11-25 10:32:02
MCMC time 9.9 mins 

USED COMPONENTS: 34 OF 74 

rel. MC standard error: 0.0121 to 0.0519
eff. sample size: 372 to 6780
needed thinning: 2 to 32
Diagnostics time 0.22 secs 

Total number of iterations 7748 - required further 248 

Chain # 20 - chunk 19 (chain 4 of 4 for this core): increasing by 249 

Iterations: 249 
|-------------|-------------|-------------|-------------|
|-------------------------------------------------------|

Current time: 2024-11-25 10:32:10
MCMC time 10 mins 

USED COMPONENTS: 34 OF 74 

rel. MC standard error: 0.0114 to 0.0513
eff. sample size: 381 to 7710
needed thinning: 2 to 32
Diagnostics time 0.18 secs 

Total number of iterations 7997 - required further 248 

Chain # 20 - chunk 20 (chain 4 of 4 for this core): increasing by 249 

Iterations: 249 
|-------------|-------------|-------------|-------------|
|-------------------------------------------------------|

Current time: 2024-11-25 10:32:18
MCMC time 10 mins 

USED COMPONENTS: 34 OF 74 

rel. MC standard error: 0.0118 to 0.0518
eff. sample size: 373 to 7240
needed thinning: 2 to 34
Diagnostics time 0.19 secs 

Total number of iterations 8246 - required further 264 

Chain # 20 - chunk 21 (chain 4 of 4 for this core): increasing by 265 

Iterations: 265 
|-------------|-------------|-------------|-------------|
|-------------------------------------------------------|

Current time: 2024-11-25 10:32:25
MCMC time 10 mins 

USED COMPONENTS: 34 OF 74 

rel. MC standard error: 0.0125 to 0.0515
eff. sample size: 377 to 6390
needed thinning: 2 to 34
Diagnostics time 0.16 secs 

Total number of iterations 8511 - required further 264 

Chain # 20 - chunk 22 (chain 4 of 4 for this core): increasing by 265 

Iterations: 265 
|-------------|-------------|-------------|-------------|
|-------------------------------------------------------|

Current time: 2024-11-25 10:32:30
MCMC time 10 mins 

USED COMPONENTS: 34 OF 74 

rel. MC standard error: 0.0113 to 0.0536
eff. sample size: 349 to 7760
needed thinning: 2 to 38
Diagnostics time 0.12 secs 

Total number of iterations 8776 - required further 295 

Chain # 20 - chunk 23 (chain 4 of 4 for this core): increasing by 296 

Iterations: 296 
|-------------|-------------|-------------|-------------|
|-------------------------------------------------------|

Current time: 2024-11-25 10:32:37
MCMC time 10 mins 

USED COMPONENTS: 34 OF 74 

rel. MC standard error: 0.0105 to 0.0537
eff. sample size: 347 to 9010
needed thinning: 2 to 40
Diagnostics time 0.14 secs 

Total number of iterations 9072 - required further 310 

Chain # 20 - chunk 24 (chain 4 of 4 for this core): increasing by 311 

Iterations: 311 
|-------------|-------------|-------------|-------------|
|-------------------------------------------------------|

Current time: 2024-11-25 10:32:43
MCMC time 11 mins 

USED COMPONENTS: 34 OF 74 

rel. MC standard error: 0.011 to 0.0544
eff. sample size: 337 to 8230
needed thinning: 2 to 42
Diagnostics time 0.16 secs 

Total number of iterations 9383 - required further 326 

Chain # 20 - chunk 25 (chain 4 of 4 for this core): increasing by 327 

Iterations: 327 
|-------------|-------------|-------------|-------------|
|-------------------------------------------------------|

Current time: 2024-11-25 10:32:49
MCMC time 11 mins 

USED COMPONENTS: 34 OF 74 

rel. MC standard error: 0.0105 to 0.0553
eff. sample size: 327 to 9060
needed thinning: 2 to 45
Diagnostics time 0.16 secs 

Total number of iterations 9710 - required further 349 

Chain # 20 - chunk 26 (chain 4 of 4 for this core): increasing by 350 

Iterations: 350 
|-------------|-------------|-------------|-------------|
|-------------------------------------------------------|

Current time: 2024-11-25 10:32:55
MCMC time 11 mins 

USED COMPONENTS: 34 OF 74 

rel. MC standard error: 0.0109 to 0.0553
eff. sample size: 327 to 8460
needed thinning: 2 to 47
Diagnostics time 0.18 secs 

Total number of iterations 10060 - required further 365 

Chain # 20 - chunk 27 (chain 4 of 4 for this core): increasing by 366 

Iterations: 366 
|-------------|-------------|-------------|-------------|
|-------------------------------------------------------|

Current time: 2024-11-25 10:33:04
MCMC time 11 mins 

USED COMPONENTS: 33 OF 74 

rel. MC standard error: 0.0103 to 0.0564
eff. sample size: 315 to 9480
needed thinning: 2 to 50
Diagnostics time 0.26 secs 

Total number of iterations 10426 - required further 388 

Chain # 20 - chunk 28 (chain 4 of 4 for this core): increasing by 389 

Iterations: 389 
|-------------|-------------|-------------|-------------|
|-------------------------------------------------------|

Current time: 2024-11-25 10:33:11
MCMC time 11 mins 

USED COMPONENTS: 34 OF 74 

rel. MC standard error: 0.0104 to 0.0566
eff. sample size: 312 to 9290
needed thinning: 2 to 53
Diagnostics time 0.22 secs 

Total number of iterations 10815 - required further 411 

Chain # 20 - chunk 29 (chain 4 of 4 for this core): increasing by 412 

Iterations: 412 
|-------------|-------------|-------------|-------------|
|-------------------------------------------------------|

Current time: 2024-11-25 10:33:19
MCMC time 11 mins 

USED COMPONENTS: 34 OF 74 

rel. MC standard error: 0.0103 to 0.0559
eff. sample size: 320 to 9500
needed thinning: 2 to 53
Diagnostics time 0.19 secs 

Total number of iterations 11227 - required further 411 

Chain # 20 - chunk 30 (chain 4 of 4 for this core): increasing by 412 

Iterations: 412 
|-------------|-------------|-------------|-------------|
|-------------------------------------------------------|

Current time: 2024-11-25 10:33:28
MCMC time 11 mins 

USED COMPONENTS: 34 OF 74 

rel. MC standard error: 0.0101 to 0.0546
eff. sample size: 336 to 9790
needed thinning: 2 to 53
Diagnostics time 0.68 secs 

Total number of iterations 11639 - required further 411 

Chain # 20 - chunk 31 (chain 4 of 4 for this core): increasing by 412 

Iterations: 412 
|-------------|-------------|-------------|-------------|
|-------------------------------------------------------|

Current time: 2024-11-25 10:33:36
MCMC time 11 mins 

USED COMPONENTS: 34 OF 74 

rel. MC standard error: 0.00947 to 0.0542
eff. sample size: 341 to 11100
needed thinning: 2 to 54
Diagnostics time 0.18 secs 

Total number of iterations 12051 - required further 419 

Chain # 20 - chunk 32 (chain 4 of 4 for this core): increasing by 420 

Iterations: 420 
|-------------|-------------|-------------|-------------|
|-------------------------------------------------------|

Current time: 2024-11-25 10:33:44
MCMC time 12 mins 

USED COMPONENTS: 34 OF 74 

rel. MC standard error: 0.00993 to 0.0538
eff. sample size: 346 to 10100
needed thinning: 2 to 55
Diagnostics time 0.19 secs 

Total number of iterations 12471 - required further 427 

Chain # 20 - chunk 33 (chain 4 of 4 for this core): increasing by 428 

Iterations: 428 
|-------------|-------------|-------------|-------------|
|-------------------------------------------------------|

Current time: 2024-11-25 10:33:52
MCMC time 12 mins 

USED COMPONENTS: 34 OF 74 

rel. MC standard error: 0.00988 to 0.0528
eff. sample size: 359 to 10200
needed thinning: 2 to 54
Diagnostics time 0.23 secs 

Total number of iterations 12899 - required further 419 

Chain # 20 - chunk 34 (chain 4 of 4 for this core): increasing by 420 

Iterations: 420 
|-------------|-------------|-------------|-------------|
|-------------------------------------------------------|

Current time: 2024-11-25 10:34:01
MCMC time 12 mins 

USED COMPONENTS: 35 OF 74 

rel. MC standard error: 0.00967 to 0.0519
eff. sample size: 371 to 10700
needed thinning: 2 to 54
Diagnostics time 0.17 secs 

Total number of iterations 13319 - required further 419 

Chain # 20 - chunk 35 (chain 4 of 4 for this core): increasing by 420 

Iterations: 420 
|-------------|-------------|-------------|-------------|
|-------------------------------------------------------|

Current time: 2024-11-25 10:34:11
MCMC time 12 mins 

USED COMPONENTS: 34 OF 74 

rel. MC standard error: 0.0107 to 0.0519
eff. sample size: 372 to 8770
needed thinning: 3 to 56
Diagnostics time 0.2 secs 

Total number of iterations 13739 - required further 434 

Chain # 20 - chunk 36 (chain 4 of 4 for this core): increasing by 435 

Iterations: 435 
|-------------|-------------|-------------|-------------|
|-------------------------------------------------------|

Current time: 2024-11-25 10:34:19
MCMC time 12 mins 

USED COMPONENTS: 35 OF 74 

rel. MC standard error: 0.0102 to 0.0515
eff. sample size: 377 to 9540
needed thinning: 3 to 57
Diagnostics time 0.19 secs 

Total number of iterations 14174 - required further 442 

Chain # 20 - chunk 37 (chain 4 of 4 for this core): increasing by 443 

Iterations: 443 
|-------------|-------------|-------------|-------------|
|-------------------------------------------------------|

Current time: 2024-11-25 10:34:28
MCMC time 12 mins 

USED COMPONENTS: 35 OF 74 

rel. MC standard error: 0.00997 to 0.051
eff. sample size: 385 to 10100
needed thinning: 3 to 57
Diagnostics time 0.2 secs 

Total number of iterations 14617 - required further 442 

Chain # 20 - chunk 38 (chain 4 of 4 for this core): increasing by 443 

Iterations: 443 
|-------------|-------------|-------------|-------------|
|-------------------------------------------------------|

Current time: 2024-11-25 10:34:36
MCMC time 12 mins 

USED COMPONENTS: 33 OF 74 

rel. MC standard error: 0.0101 to 0.0504
eff. sample size: 393 to 9820
needed thinning: 3 to 58
Diagnostics time 0.23 secs 

Total number of iterations 15060 - required further 450 

Chain # 20 - chunk 39 (chain 4 of 4 for this core): increasing by 451 

Iterations: 451 
|-------------|-------------|-------------|-------------|
|-------------------------------------------------------|

Current time: 2024-11-25 10:34:45
MCMC time 13 mins 

USED COMPONENTS: 36 OF 74 

rel. MC standard error: 0.00991 to 0.05
eff. sample size: 401 to 10200
needed thinning: 3 to 59
Diagnostics time 0.22 secs 

Total number of iterations 15511 - required further 0 

Keeping last 60 samples with thinning 59 

Plotting traces and samples.

Current time: 2024-11-25 10:34:47
MCMC + diagnostics time 13 mins 

Current time: 2024-11-25 10:34:47
Total time 13 mins 
loaded inferno and set parent environment
loaded inferno and set parent environment
loaded inferno and set parent environment
loaded inferno and set parent environment
