Log core 4 - Current time: 2024-11-25 10:20:10
Defining model
Building model
Setting data and initial values
Running calculate on model
  [Note] Any error reports that follow may simply reflect missing values in model variables.
Checking model sizes and dimensions
Compiling
  [Note] This may take a minute.
  [Note] Use 'showCompilerOutput = TRUE' to see C++ compilation details.
===== Monitors =====
thin = 1: Bprob, Rmean, Rvar, W
thin2 = 1: K
===== Samplers =====
conjugate sampler (519)
  - Rmean[]  (148 elements)
  - Rrate[]  (148 elements)
  - Bprob[]  (74 elements)
  - Rvar[]  (148 elements)
  - W[1:74] 
categorical sampler (251)
  - Alpha
  - K[]  (250 elements)
===== Monitors =====
thin = 1: Bprob, Rmean, Rvar, W
thin2 = 1: K
===== Samplers =====
slice sampler (251)
  - Alpha
  - K[]  (250 elements)
conjugate sampler (519)
  - Rmean[]  (148 elements)
  - Rrate[]  (148 elements)
  - Bprob[]  (74 elements)
  - Rvar[]  (148 elements)
  - W[1:74] 
Compiling
  [Note] This may take a minute.
  [Note] Use 'showCompilerOutput = TRUE' to see C++ compilation details.

Setup time 2 mins 

Chain # 13 (chain 1 of 4 for this core)

Datapoints for testing convergence:
 #15 #17 #26 #37 #41 #72 #75 #86 #90 #92 #130 #135 #151 #158 #167 #179 #183 #217 #232 #245 

Iterations: 3600 
|-------------|-------------|-------------|-------------|
|-------------------------------------------------------|

Current time: 2024-11-25 10:23:55
MCMC time 1.8 mins 

USED COMPONENTS: 28 OF 74 

rel. MC standard error: 0.0166 to 0.0659
eff. sample size: 230 to 3610
needed thinning: 2 to 24
Diagnostics time 3 secs 

Total number of iterations 3600 - required further 186 

Chain # 13 - chunk 2 (chain 1 of 4 for this core): increasing by 187 

Iterations: 187 
|-------------|-------------|-------------|-------------|
|-------------------------------------------------------|

Current time: 2024-11-25 10:24:06
MCMC time 2 mins 

USED COMPONENTS: 27 OF 74 

rel. MC standard error: 0.0171 to 0.064
eff. sample size: 244 to 3410
needed thinning: 2 to 24
Diagnostics time 0.18 secs 

Total number of iterations 3787 - required further 186 

Chain # 13 - chunk 3 (chain 1 of 4 for this core): increasing by 187 

Iterations: 187 
|-------------|-------------|-------------|-------------|
|-------------------------------------------------------|

Current time: 2024-11-25 10:24:12
MCMC time 2.1 mins 

USED COMPONENTS: 28 OF 74 

rel. MC standard error: 0.0147 to 0.0632
eff. sample size: 251 to 4640
needed thinning: 2 to 24
Diagnostics time 0.78 secs 

Total number of iterations 3974 - required further 186 

Chain # 13 - chunk 4 (chain 1 of 4 for this core): increasing by 187 

Iterations: 187 
|-------------|-------------|-------------|-------------|
|-------------------------------------------------------|

Current time: 2024-11-25 10:24:18
MCMC time 2.2 mins 

USED COMPONENTS: 28 OF 74 

rel. MC standard error: 0.0152 to 0.061
eff. sample size: 268 to 4320
needed thinning: 2 to 24
Diagnostics time 0.14 secs 

Total number of iterations 4161 - required further 186 

Chain # 13 - chunk 5 (chain 1 of 4 for this core): increasing by 187 

Iterations: 187 
|-------------|-------------|-------------|-------------|
|-------------------------------------------------------|

Current time: 2024-11-25 10:24:24
MCMC time 2.3 mins 

USED COMPONENTS: 27 OF 74 

rel. MC standard error: 0.0152 to 0.0608
eff. sample size: 271 to 4330
needed thinning: 2 to 25
Diagnostics time 0.17 secs 

Total number of iterations 4348 - required further 194 

Chain # 13 - chunk 6 (chain 1 of 4 for this core): increasing by 195 

Iterations: 195 
|-------------|-------------|-------------|-------------|
|-------------------------------------------------------|

Current time: 2024-11-25 10:24:30
MCMC time 2.4 mins 

USED COMPONENTS: 27 OF 74 

rel. MC standard error: 0.0148 to 0.0595
eff. sample size: 283 to 4570
needed thinning: 2 to 25
Diagnostics time 0.19 secs 

Total number of iterations 4543 - required further 194 

Chain # 13 - chunk 7 (chain 1 of 4 for this core): increasing by 195 

Iterations: 195 
|-------------|-------------|-------------|-------------|
|-------------------------------------------------------|

Current time: 2024-11-25 10:24:36
MCMC time 2.5 mins 

USED COMPONENTS: 28 OF 74 

rel. MC standard error: 0.0133 to 0.0582
eff. sample size: 295 to 5650
needed thinning: 2 to 25
Diagnostics time 0.18 secs 

Total number of iterations 4738 - required further 194 

Chain # 13 - chunk 8 (chain 1 of 4 for this core): increasing by 195 

Iterations: 195 
|-------------|-------------|-------------|-------------|
|-------------------------------------------------------|

Current time: 2024-11-25 10:24:42
MCMC time 2.6 mins 

USED COMPONENTS: 28 OF 74 

rel. MC standard error: 0.0137 to 0.0573
eff. sample size: 305 to 5330
needed thinning: 2 to 25
Diagnostics time 0.17 secs 

Total number of iterations 4933 - required further 194 

Chain # 13 - chunk 9 (chain 1 of 4 for this core): increasing by 195 

Iterations: 195 
|-------------|-------------|-------------|-------------|
|-------------------------------------------------------|

Current time: 2024-11-25 10:24:48
MCMC time 2.7 mins 

USED COMPONENTS: 28 OF 74 

rel. MC standard error: 0.0119 to 0.0564
eff. sample size: 315 to 7100
needed thinning: 2 to 25
Diagnostics time 0.18 secs 

Total number of iterations 5128 - required further 194 

Chain # 13 - chunk 10 (chain 1 of 4 for this core): increasing by 195 

Iterations: 195 
|-------------|-------------|-------------|-------------|
|-------------------------------------------------------|

Current time: 2024-11-25 10:24:54
MCMC time 2.8 mins 

USED COMPONENTS: 27 OF 74 

rel. MC standard error: 0.0123 to 0.0559
eff. sample size: 320 to 6620
needed thinning: 2 to 25
Diagnostics time 0.2 secs 

Total number of iterations 5323 - required further 194 

Chain # 13 - chunk 11 (chain 1 of 4 for this core): increasing by 195 

Iterations: 195 
|-------------|-------------|-------------|-------------|
|-------------------------------------------------------|

Current time: 2024-11-25 10:25:00
MCMC time 2.9 mins 

USED COMPONENTS: 27 OF 74 

rel. MC standard error: 0.0131 to 0.0547
eff. sample size: 334 to 5830
needed thinning: 2 to 25
Diagnostics time 0.18 secs 

Total number of iterations 5518 - required further 194 

Chain # 13 - chunk 12 (chain 1 of 4 for this core): increasing by 195 

Iterations: 195 
|-------------|-------------|-------------|-------------|
|-------------------------------------------------------|

Current time: 2024-11-25 10:25:06
MCMC time 3 mins 

USED COMPONENTS: 28 OF 74 

rel. MC standard error: 0.0121 to 0.0535
eff. sample size: 349 to 6880
needed thinning: 2 to 25
Diagnostics time 0.21 secs 

Total number of iterations 5713 - required further 194 

Chain # 13 - chunk 13 (chain 1 of 4 for this core): increasing by 195 

Iterations: 195 
|-------------|-------------|-------------|-------------|
|-------------------------------------------------------|

Current time: 2024-11-25 10:25:12
MCMC time 3.1 mins 

USED COMPONENTS: 29 OF 74 

rel. MC standard error: 0.0125 to 0.0524
eff. sample size: 365 to 6370
needed thinning: 2 to 25
Diagnostics time 0.19 secs 

Total number of iterations 5908 - required further 194 

Chain # 13 - chunk 14 (chain 1 of 4 for this core): increasing by 195 

Iterations: 195 
|-------------|-------------|-------------|-------------|
|-------------------------------------------------------|

Current time: 2024-11-25 10:25:18
MCMC time 3.2 mins 

USED COMPONENTS: 28 OF 74 

rel. MC standard error: 0.0124 to 0.0521
eff. sample size: 369 to 6520
needed thinning: 2 to 25
Diagnostics time 0.18 secs 

Total number of iterations 6103 - required further 194 

Chain # 13 - chunk 15 (chain 1 of 4 for this core): increasing by 195 

Iterations: 195 
|-------------|-------------|-------------|-------------|
|-------------------------------------------------------|

Current time: 2024-11-25 10:25:24
MCMC time 3.3 mins 

USED COMPONENTS: 29 OF 74 

rel. MC standard error: 0.0122 to 0.0514
eff. sample size: 379 to 6700
needed thinning: 2 to 25
Diagnostics time 0.18 secs 

Total number of iterations 6298 - required further 194 

Chain # 13 - chunk 16 (chain 1 of 4 for this core): increasing by 195 

Iterations: 195 
|-------------|-------------|-------------|-------------|
|-------------------------------------------------------|

Current time: 2024-11-25 10:25:30
MCMC time 3.4 mins 

USED COMPONENTS: 29 OF 74 

rel. MC standard error: 0.0112 to 0.0504
eff. sample size: 394 to 8000
needed thinning: 2 to 25
Diagnostics time 0.19 secs 

Total number of iterations 6493 - required further 194 

Chain # 13 - chunk 17 (chain 1 of 4 for this core): increasing by 195 

Iterations: 195 
|-------------|-------------|-------------|-------------|
|-------------------------------------------------------|

Current time: 2024-11-25 10:25:36
MCMC time 3.5 mins 

USED COMPONENTS: 28 OF 74 

rel. MC standard error: 0.0109 to 0.0486
eff. sample size: 423 to 8350
needed thinning: 2 to 24
Diagnostics time 0.17 secs 

Total number of iterations 6688 - required further 0 

Keeping last 60 samples with thinning 24 

Plotting traces and samples.

Current time: 2024-11-25 10:25:37
MCMC + diagnostics time 3.5 mins 

Chain # 14 (chain 2 of 4 for this core)

Datapoints for testing convergence:
 #25 #32 #38 #41 #58 #59 #70 #71 #106 #110 #121 #135 #147 #164 #174 #196 #199 #224 #231 #238 

Iterations: 3600 
|-------------|-------------|-------------|-------------|
|-------------------------------------------------------|

Current time: 2024-11-25 10:27:24
MCMC time 5.3 mins 

USED COMPONENTS: 35 OF 74 

rel. MC standard error: 0.0189 to 0.0852
eff. sample size: 138 to 2800
needed thinning: 2 to 40
Diagnostics time 3.3 secs 

Total number of iterations 3600 - required further 310 

Chain # 14 - chunk 2 (chain 2 of 4 for this core): increasing by 311 

Iterations: 311 
|-------------|-------------|-------------|-------------|
|-------------------------------------------------------|

Current time: 2024-11-25 10:27:37
MCMC time 5.5 mins 

USED COMPONENTS: 33 OF 74 

rel. MC standard error: 0.0172 to 0.0828
eff. sample size: 146 to 3400
needed thinning: 2 to 41
Diagnostics time 0.28 secs 

Total number of iterations 3911 - required further 318 

Chain # 14 - chunk 3 (chain 2 of 4 for this core): increasing by 319 

Iterations: 319 
|-------------|-------------|-------------|-------------|
|-------------------------------------------------------|

Current time: 2024-11-25 10:27:47
MCMC time 5.7 mins 

USED COMPONENTS: 34 OF 74 

rel. MC standard error: 0.0177 to 0.0808
eff. sample size: 153 to 3200
needed thinning: 2 to 42
Diagnostics time 0.27 secs 

Total number of iterations 4230 - required further 326 

Chain # 14 - chunk 4 (chain 2 of 4 for this core): increasing by 327 

Iterations: 327 
|-------------|-------------|-------------|-------------|
|-------------------------------------------------------|

Current time: 2024-11-25 10:27:57
MCMC time 5.8 mins 

USED COMPONENTS: 33 OF 74 

rel. MC standard error: 0.0169 to 0.0774
eff. sample size: 167 to 3510
needed thinning: 2 to 41
Diagnostics time 0.31 secs 

Total number of iterations 4557 - required further 318 

Chain # 14 - chunk 5 (chain 2 of 4 for this core): increasing by 319 

Iterations: 319 
|-------------|-------------|-------------|-------------|
|-------------------------------------------------------|

Current time: 2024-11-25 10:28:07
MCMC time 6 mins 

USED COMPONENTS: 28 OF 74 

rel. MC standard error: 0.0148 to 0.0764
eff. sample size: 171 to 4560
needed thinning: 2 to 43
Diagnostics time 0.29 secs 

Total number of iterations 4876 - required further 334 

Chain # 14 - chunk 6 (chain 2 of 4 for this core): increasing by 335 

Iterations: 335 
|-------------|-------------|-------------|-------------|
|-------------------------------------------------------|

Current time: 2024-11-25 10:28:17
MCMC time 6.2 mins 

USED COMPONENTS: 28 OF 74 

rel. MC standard error: 0.0156 to 0.0748
eff. sample size: 179 to 4120
needed thinning: 2 to 44
Diagnostics time 0.28 secs 

Total number of iterations 5211 - required further 341 

Chain # 14 - chunk 7 (chain 2 of 4 for this core): increasing by 342 

Iterations: 342 
|-------------|-------------|-------------|-------------|
|-------------------------------------------------------|

Current time: 2024-11-25 10:28:28
MCMC time 6.3 mins 

USED COMPONENTS: 29 OF 74 

rel. MC standard error: 0.0153 to 0.0726
eff. sample size: 190 to 4250
needed thinning: 2 to 44
Diagnostics time 0.33 secs 

Total number of iterations 5553 - required further 341 

Chain # 14 - chunk 8 (chain 2 of 4 for this core): increasing by 342 

Iterations: 342 
|-------------|-------------|-------------|-------------|
|-------------------------------------------------------|

Current time: 2024-11-25 10:28:38
MCMC time 6.5 mins 

USED COMPONENTS: 29 OF 74 

rel. MC standard error: 0.0146 to 0.0719
eff. sample size: 194 to 4660
needed thinning: 2 to 46
Diagnostics time 0.87 secs 

Total number of iterations 5895 - required further 357 

Chain # 14 - chunk 9 (chain 2 of 4 for this core): increasing by 358 

Iterations: 358 
|-------------|-------------|-------------|-------------|
|-------------------------------------------------------|

Current time: 2024-11-25 10:28:50
MCMC time 6.7 mins 

USED COMPONENTS: 29 OF 74 

rel. MC standard error: 0.0152 to 0.0709
eff. sample size: 199 to 4340
needed thinning: 3 to 48
Diagnostics time 0.28 secs 

Total number of iterations 6253 - required further 372 

Chain # 14 - chunk 10 (chain 2 of 4 for this core): increasing by 373 

Iterations: 373 
|-------------|-------------|-------------|-------------|
|-------------------------------------------------------|

Current time: 2024-11-25 10:29:01
MCMC time 6.9 mins 

USED COMPONENTS: 29 OF 74 

rel. MC standard error: 0.0135 to 0.0697
eff. sample size: 206 to 5470
needed thinning: 2 to 49
Diagnostics time 0.3 secs 

Total number of iterations 6626 - required further 380 

Chain # 14 - chunk 11 (chain 2 of 4 for this core): increasing by 381 

Iterations: 381 
|-------------|-------------|-------------|-------------|
|-------------------------------------------------------|

Current time: 2024-11-25 10:29:13
MCMC time 7.1 mins 

USED COMPONENTS: 27 OF 74 

rel. MC standard error: 0.0125 to 0.0675
eff. sample size: 220 to 6370
needed thinning: 2 to 48
Diagnostics time 0.36 secs 

Total number of iterations 7007 - required further 372 

Chain # 14 - chunk 12 (chain 2 of 4 for this core): increasing by 373 

Iterations: 373 
|-------------|-------------|-------------|-------------|
|-------------------------------------------------------|

Current time: 2024-11-25 10:29:25
MCMC time 7.3 mins 

USED COMPONENTS: 29 OF 74 

rel. MC standard error: 0.0138 to 0.0665
eff. sample size: 226 to 5240
needed thinning: 3 to 50
Diagnostics time 0.3 secs 

Total number of iterations 7380 - required further 388 

Chain # 14 - chunk 13 (chain 2 of 4 for this core): increasing by 389 

Iterations: 389 
|-------------|-------------|-------------|-------------|
|-------------------------------------------------------|

Current time: 2024-11-25 10:29:36
MCMC time 7.5 mins 

USED COMPONENTS: 28 OF 74 

rel. MC standard error: 0.0123 to 0.0654
eff. sample size: 234 to 6560
needed thinning: 2 to 50
Diagnostics time 0.35 secs 

Total number of iterations 7769 - required further 388 

Chain # 14 - chunk 14 (chain 2 of 4 for this core): increasing by 389 

Iterations: 389 
|-------------|-------------|-------------|-------------|
|-------------------------------------------------------|

Current time: 2024-11-25 10:29:48
MCMC time 7.7 mins 

USED COMPONENTS: 27 OF 74 

rel. MC standard error: 0.0114 to 0.0647
eff. sample size: 239 to 7760
needed thinning: 2 to 52
Diagnostics time 0.33 secs 

Total number of iterations 8158 - required further 403 

Chain # 14 - chunk 15 (chain 2 of 4 for this core): increasing by 404 

Iterations: 404 
|-------------|-------------|-------------|-------------|
|-------------------------------------------------------|

Current time: 2024-11-25 10:30:01
MCMC time 7.9 mins 

USED COMPONENTS: 29 OF 74 

rel. MC standard error: 0.0112 to 0.0635
eff. sample size: 248 to 7940
needed thinning: 2 to 52
Diagnostics time 0.32 secs 

Total number of iterations 8562 - required further 403 

Chain # 14 - chunk 16 (chain 2 of 4 for this core): increasing by 404 

Iterations: 404 
|-------------|-------------|-------------|-------------|
|-------------------------------------------------------|

Current time: 2024-11-25 10:30:13
MCMC time 8.1 mins 

USED COMPONENTS: 28 OF 74 

rel. MC standard error: 0.0114 to 0.0623
eff. sample size: 257 to 7720
needed thinning: 2 to 53
Diagnostics time 0.35 secs 

Total number of iterations 8966 - required further 411 

Chain # 14 - chunk 17 (chain 2 of 4 for this core): increasing by 412 

Iterations: 412 
|-------------|-------------|-------------|-------------|
|-------------------------------------------------------|

Current time: 2024-11-25 10:30:26
MCMC time 8.3 mins 

USED COMPONENTS: 28 OF 74 

rel. MC standard error: 0.0111 to 0.0622
eff. sample size: 259 to 8120
needed thinning: 2 to 55
Diagnostics time 0.37 secs 

Total number of iterations 9378 - required further 427 

Chain # 14 - chunk 18 (chain 2 of 4 for this core): increasing by 428 

Iterations: 428 
|-------------|-------------|-------------|-------------|
|-------------------------------------------------------|

Current time: 2024-11-25 10:30:39
MCMC time 8.5 mins 

USED COMPONENTS: 29 OF 74 

rel. MC standard error: 0.0105 to 0.0604
eff. sample size: 275 to 9080
needed thinning: 2 to 54
Diagnostics time 0.32 secs 

Total number of iterations 9806 - required further 419 

Chain # 14 - chunk 19 (chain 2 of 4 for this core): increasing by 420 

Iterations: 420 
|-------------|-------------|-------------|-------------|
|-------------------------------------------------------|

Current time: 2024-11-25 10:30:53
MCMC time 8.8 mins 

USED COMPONENTS: 27 OF 74 

rel. MC standard error: 0.0105 to 0.0602
eff. sample size: 276 to 9110
needed thinning: 2 to 56
Diagnostics time 0.34 secs 

Total number of iterations 10226 - required further 434 

Chain # 14 - chunk 20 (chain 2 of 4 for this core): increasing by 435 

Iterations: 435 
|-------------|-------------|-------------|-------------|
|-------------------------------------------------------|

Current time: 2024-11-25 10:31:06
MCMC time 9 mins 

USED COMPONENTS: 27 OF 74 

rel. MC standard error: 0.0106 to 0.0595
eff. sample size: 283 to 8840
needed thinning: 2 to 57
Diagnostics time 0.36 secs 

Total number of iterations 10661 - required further 442 

Chain # 14 - chunk 21 (chain 2 of 4 for this core): increasing by 443 

Iterations: 443 
|-------------|-------------|-------------|-------------|
|-------------------------------------------------------|

Current time: 2024-11-25 10:31:19
MCMC time 9.2 mins 

USED COMPONENTS: 27 OF 74 

rel. MC standard error: 0.0105 to 0.0578
eff. sample size: 300 to 9090
needed thinning: 2 to 56
Diagnostics time 0.38 secs 

Total number of iterations 11104 - required further 434 

Chain # 14 - chunk 22 (chain 2 of 4 for this core): increasing by 435 

Iterations: 435 
|-------------|-------------|-------------|-------------|
|-------------------------------------------------------|

Current time: 2024-11-25 10:31:33
MCMC time 9.4 mins 

USED COMPONENTS: 28 OF 74 

rel. MC standard error: 0.0105 to 0.0562
eff. sample size: 317 to 9070
needed thinning: 2 to 55
Diagnostics time 0.42 secs 

Total number of iterations 11539 - required further 427 

Chain # 14 - chunk 23 (chain 2 of 4 for this core): increasing by 428 

Iterations: 428 
|-------------|-------------|-------------|-------------|
|-------------------------------------------------------|

Current time: 2024-11-25 10:31:46
MCMC time 9.7 mins 

USED COMPONENTS: 28 OF 74 

rel. MC standard error: 0.00994 to 0.0561
eff. sample size: 317 to 10100
needed thinning: 2 to 57
Diagnostics time 0.9 secs 

Total number of iterations 11967 - required further 442 

Chain # 14 - chunk 24 (chain 2 of 4 for this core): increasing by 443 

Iterations: 443 
|-------------|-------------|-------------|-------------|
|-------------------------------------------------------|

Current time: 2024-11-25 10:31:58
MCMC time 9.9 mins 

USED COMPONENTS: 27 OF 74 

rel. MC standard error: 0.00962 to 0.0553
eff. sample size: 326 to 10800
needed thinning: 2 to 58
Diagnostics time 0.21 secs 

Total number of iterations 12410 - required further 450 

Chain # 14 - chunk 25 (chain 2 of 4 for this core): increasing by 451 

Iterations: 451 
|-------------|-------------|-------------|-------------|
|-------------------------------------------------------|

Current time: 2024-11-25 10:32:10
MCMC time 10 mins 

USED COMPONENTS: 28 OF 74 

rel. MC standard error: 0.0105 to 0.0527
eff. sample size: 360 to 9030
needed thinning: 3 to 54
Diagnostics time 0.34 secs 

Total number of iterations 12861 - required further 419 

Chain # 14 - chunk 26 (chain 2 of 4 for this core): increasing by 420 

Iterations: 420 
|-------------|-------------|-------------|-------------|
|-------------------------------------------------------|

Current time: 2024-11-25 10:32:23
MCMC time 10 mins 

USED COMPONENTS: 29 OF 74 

rel. MC standard error: 0.0103 to 0.0531
eff. sample size: 354 to 9380
needed thinning: 3 to 57
Diagnostics time 0.97 secs 

Total number of iterations 13281 - required further 442 

Chain # 14 - chunk 27 (chain 2 of 4 for this core): increasing by 443 

Iterations: 443 
|-------------|-------------|-------------|-------------|
|-------------------------------------------------------|

Current time: 2024-11-25 10:32:35
MCMC time 10 mins 

USED COMPONENTS: 27 OF 74 

rel. MC standard error: 0.00973 to 0.0513
eff. sample size: 379 to 10600
needed thinning: 2 to 55
Diagnostics time 0.21 secs 

Total number of iterations 13724 - required further 427 

Chain # 14 - chunk 28 (chain 2 of 4 for this core): increasing by 428 

Iterations: 428 
|-------------|-------------|-------------|-------------|
|-------------------------------------------------------|

Current time: 2024-11-25 10:32:43
MCMC time 11 mins 

USED COMPONENTS: 28 OF 74 

rel. MC standard error: 0.00949 to 0.0518
eff. sample size: 372 to 11100
needed thinning: 2 to 58
Diagnostics time 0.19 secs 

Total number of iterations 14152 - required further 450 

Chain # 14 - chunk 29 (chain 2 of 4 for this core): increasing by 451 

Iterations: 451 
|-------------|-------------|-------------|-------------|
|-------------------------------------------------------|

Current time: 2024-11-25 10:32:54
MCMC time 11 mins 

USED COMPONENTS: 29 OF 74 

rel. MC standard error: 0.00974 to 0.0497
eff. sample size: 405 to 10600
needed thinning: 3 to 55
Diagnostics time 0.37 secs 

Total number of iterations 14603 - required further 0 

Keeping last 60 samples with thinning 55 

Plotting traces and samples.

Current time: 2024-11-25 10:32:55
MCMC + diagnostics time 11 mins 

Chain # 15 (chain 3 of 4 for this core)

Datapoints for testing convergence:
 #2 #3 #5 #11 #41 #59 #81 #86 #90 #94 #121 #130 #148 #153 #183 #214 #230 #238 #242 #244 

Iterations: 3600 
|-------------|-------------|-------------|-------------|
|-------------------------------------------------------|

Current time: 2024-11-25 10:34:11
MCMC time 12 mins 

USED COMPONENTS: 35 OF 74 

rel. MC standard error: 0.0165 to 0.0513
eff. sample size: 379 to 3660
needed thinning: 2 to 15
Diagnostics time 2.9 secs 

Total number of iterations 3600 - required further 117 

Chain # 15 - chunk 2 (chain 3 of 4 for this core): increasing by 118 

Iterations: 118 
|-------------|-------------|-------------|-------------|
|-------------------------------------------------------|

Current time: 2024-11-25 10:34:19
MCMC time 12 mins 

USED COMPONENTS: 35 OF 74 

rel. MC standard error: 0.0163 to 0.0512
eff. sample size: 382 to 3770
needed thinning: 2 to 15
Diagnostics time 0.13 secs 

Total number of iterations 3718 - required further 117 

Chain # 15 - chunk 3 (chain 3 of 4 for this core): increasing by 118 

Iterations: 118 
|-------------|-------------|-------------|-------------|
|-------------------------------------------------------|

Current time: 2024-11-25 10:34:22
MCMC time 12 mins 

USED COMPONENTS: 36 OF 74 

rel. MC standard error: 0.0164 to 0.0516
eff. sample size: 375 to 3730
needed thinning: 2 to 16
Diagnostics time 0.077 secs 

Total number of iterations 3836 - required further 124 

Chain # 15 - chunk 4 (chain 3 of 4 for this core): increasing by 125 

Iterations: 125 
|-------------|-------------|-------------|-------------|
|-------------------------------------------------------|

Current time: 2024-11-25 10:34:24
MCMC time 12 mins 

USED COMPONENTS: 35 OF 74 

rel. MC standard error: 0.0163 to 0.0511
eff. sample size: 382 to 3740
needed thinning: 2 to 16
Diagnostics time 0.086 secs 

Total number of iterations 3961 - required further 124 

Chain # 15 - chunk 5 (chain 3 of 4 for this core): increasing by 125 

Iterations: 125 
|-------------|-------------|-------------|-------------|
|-------------------------------------------------------|

Current time: 2024-11-25 10:34:26
MCMC time 12 mins 

USED COMPONENTS: 35 OF 74 

rel. MC standard error: 0.0147 to 0.0507
eff. sample size: 389 to 4630
needed thinning: 2 to 16
Diagnostics time 0.08 secs 

Total number of iterations 4086 - required further 124 

Chain # 15 - chunk 6 (chain 3 of 4 for this core): increasing by 125 

Iterations: 125 
|-------------|-------------|-------------|-------------|
|-------------------------------------------------------|

Current time: 2024-11-25 10:34:30
MCMC time 12 mins 

USED COMPONENTS: 34 OF 74 

rel. MC standard error: 0.0154 to 0.0513
eff. sample size: 380 to 4210
needed thinning: 2 to 17
Diagnostics time 0.12 secs 

Total number of iterations 4211 - required further 132 

Chain # 15 - chunk 7 (chain 3 of 4 for this core): increasing by 133 

Iterations: 133 
|-------------|-------------|-------------|-------------|
|-------------------------------------------------------|

Current time: 2024-11-25 10:34:34
MCMC time 12 mins 

USED COMPONENTS: 35 OF 74 

rel. MC standard error: 0.0157 to 0.0514
eff. sample size: 378 to 4050
needed thinning: 2 to 18
Diagnostics time 0.07 secs 

Total number of iterations 4344 - required further 140 

Chain # 15 - chunk 8 (chain 3 of 4 for this core): increasing by 141 

Iterations: 141 
|-------------|-------------|-------------|-------------|
|-------------------------------------------------------|

Current time: 2024-11-25 10:34:36
MCMC time 12 mins 

USED COMPONENTS: 35 OF 74 

rel. MC standard error: 0.0148 to 0.0512
eff. sample size: 382 to 4550
needed thinning: 2 to 18
Diagnostics time 0.067 secs 

Total number of iterations 4485 - required further 140 

Chain # 15 - chunk 9 (chain 3 of 4 for this core): increasing by 141 

Iterations: 141 
|-------------|-------------|-------------|-------------|
|-------------------------------------------------------|

Current time: 2024-11-25 10:34:39
MCMC time 13 mins 

USED COMPONENTS: 35 OF 74 

rel. MC standard error: 0.0147 to 0.0512
eff. sample size: 381 to 4660
needed thinning: 2 to 19
Diagnostics time 0.086 secs 

Total number of iterations 4626 - required further 148 

Chain # 15 - chunk 10 (chain 3 of 4 for this core): increasing by 149 

Iterations: 149 
|-------------|-------------|-------------|-------------|
|-------------------------------------------------------|

Current time: 2024-11-25 10:34:41
MCMC time 13 mins 

USED COMPONENTS: 35 OF 74 

rel. MC standard error: 0.0133 to 0.0512
eff. sample size: 382 to 5680
needed thinning: 2 to 19
Diagnostics time 0.07 secs 

Total number of iterations 4775 - required further 148 

Chain # 15 - chunk 11 (chain 3 of 4 for this core): increasing by 149 

Iterations: 149 
|-------------|-------------|-------------|-------------|
|-------------------------------------------------------|

Current time: 2024-11-25 10:34:44
MCMC time 13 mins 

USED COMPONENTS: 35 OF 74 

rel. MC standard error: 0.0137 to 0.0515
eff. sample size: 377 to 5310
needed thinning: 2 to 20
Diagnostics time 0.07 secs 

Total number of iterations 4924 - required further 155 

Chain # 15 - chunk 12 (chain 3 of 4 for this core): increasing by 156 

Iterations: 156 
|-------------|-------------|-------------|-------------|
|-------------------------------------------------------|

Current time: 2024-11-25 10:34:47
MCMC time 13 mins 

USED COMPONENTS: 34 OF 74 

rel. MC standard error: 0.0133 to 0.0508
eff. sample size: 388 to 5630
needed thinning: 2 to 20
Diagnostics time 0.089 secs 

Total number of iterations 5080 - required further 155 

Chain # 15 - chunk 13 (chain 3 of 4 for this core): increasing by 156 

Iterations: 156 
|-------------|-------------|-------------|-------------|
|-------------------------------------------------------|

Current time: 2024-11-25 10:34:50
MCMC time 13 mins 

USED COMPONENTS: 35 OF 74 

rel. MC standard error: 0.0138 to 0.0507
eff. sample size: 388 to 5220
needed thinning: 2 to 21
Diagnostics time 0.071 secs 

Total number of iterations 5236 - required further 163 

Chain # 15 - chunk 14 (chain 3 of 4 for this core): increasing by 164 

Iterations: 164 
|-------------|-------------|-------------|-------------|
|-------------------------------------------------------|

Current time: 2024-11-25 10:34:53
MCMC time 13 mins 

USED COMPONENTS: 35 OF 74 

rel. MC standard error: 0.0138 to 0.0505
eff. sample size: 392 to 5270
needed thinning: 2 to 21
Diagnostics time 0.1 secs 

Total number of iterations 5400 - required further 163 

Chain # 15 - chunk 15 (chain 3 of 4 for this core): increasing by 164 

Iterations: 164 
|-------------|-------------|-------------|-------------|
|-------------------------------------------------------|

Current time: 2024-11-25 10:34:56
MCMC time 13 mins 

USED COMPONENTS: 33 OF 74 

rel. MC standard error: 0.0133 to 0.0506
eff. sample size: 390 to 5620
needed thinning: 2 to 22
Diagnostics time 0.092 secs 

Total number of iterations 5564 - required further 171 

Chain # 15 - chunk 16 (chain 3 of 4 for this core): increasing by 172 

Iterations: 172 
|-------------|-------------|-------------|-------------|
|-------------------------------------------------------|

Current time: 2024-11-25 10:34:59
MCMC time 13 mins 

USED COMPONENTS: 34 OF 74 

rel. MC standard error: 0.0121 to 0.0495
eff. sample size: 407 to 6800
needed thinning: 2 to 22
Diagnostics time 0.074 secs 

Total number of iterations 5736 - required further 0 

Keeping last 60 samples with thinning 22 

Plotting traces and samples.

Current time: 2024-11-25 10:34:59
MCMC + diagnostics time 13 mins 

Chain # 16 (chain 4 of 4 for this core)

Datapoints for testing convergence:
 #18 #50 #87 #92 #97 #100 #102 #103 #115 #136 #156 #160 #166 #170 #189 #190 #192 #197 #210 #241 

Iterations: 3600 
|-------------|-------------|-------------|-------------|
|-------------------------------------------------------|

Current time: 2024-11-25 10:36:03
MCMC time 14 mins 

USED COMPONENTS: 33 OF 74 

rel. MC standard error: 0.0158 to 0.0978
eff. sample size: 105 to 4000
needed thinning: 2 to 52
Diagnostics time 2.5 secs 

Total number of iterations 3600 - required further 403 

Chain # 16 - chunk 2 (chain 4 of 4 for this core): increasing by 404 

Iterations: 404 
|-------------|-------------|-------------|-------------|
|-------------------------------------------------------|

Current time: 2024-11-25 10:36:13
MCMC time 14 mins 

USED COMPONENTS: 29 OF 74 

rel. MC standard error: 0.0144 to 0.0944
eff. sample size: 112 to 4840
needed thinning: 2 to 54
Diagnostics time 0.19 secs 

Total number of iterations 4004 - required further 419 

Chain # 16 - chunk 3 (chain 4 of 4 for this core): increasing by 420 

Iterations: 420 
|-------------|-------------|-------------|-------------|
|-------------------------------------------------------|

Current time: 2024-11-25 10:36:22
MCMC time 14 mins 

USED COMPONENTS: 31 OF 74 

rel. MC standard error: 0.015 to 0.091
eff. sample size: 121 to 4430
needed thinning: 2 to 55
Diagnostics time 0.19 secs 

Total number of iterations 4424 - required further 427 

Chain # 16 - chunk 4 (chain 4 of 4 for this core): increasing by 428 

Iterations: 428 
|-------------|-------------|-------------|-------------|
|-------------------------------------------------------|

Current time: 2024-11-25 10:36:31
MCMC time 14 mins 

USED COMPONENTS: 29 OF 74 

rel. MC standard error: 0.0137 to 0.0876
eff. sample size: 130 to 5370
needed thinning: 2 to 56
Diagnostics time 0.38 secs 

Total number of iterations 4852 - required further 434 

Chain # 16 - chunk 5 (chain 4 of 4 for this core): increasing by 435 

Iterations: 435 
|-------------|-------------|-------------|-------------|
|-------------------------------------------------------|

Current time: 2024-11-25 10:36:39
MCMC time 15 mins 

USED COMPONENTS: 29 OF 74 

rel. MC standard error: 0.0142 to 0.0865
eff. sample size: 134 to 4930
needed thinning: 2 to 60
Diagnostics time 0.62 secs 

Total number of iterations 5287 - required further 465 

Chain # 16 - chunk 6 (chain 4 of 4 for this core): increasing by 466 

Iterations: 466 
|-------------|-------------|-------------|-------------|
|-------------------------------------------------------|

Current time: 2024-11-25 10:36:48
MCMC time 15 mins 

USED COMPONENTS: 29 OF 74 

rel. MC standard error: 0.0133 to 0.0842
eff. sample size: 141 to 5660
needed thinning: 2 to 62
Diagnostics time 0.2 secs 

Total number of iterations 5753 - required further 481 

Chain # 16 - chunk 7 (chain 4 of 4 for this core): increasing by 482 

Iterations: 482 
|-------------|-------------|-------------|-------------|
|-------------------------------------------------------|

Current time: 2024-11-25 10:37:00
MCMC time 15 mins 

USED COMPONENTS: 29 OF 74 

rel. MC standard error: 0.0131 to 0.0826
eff. sample size: 147 to 5810
needed thinning: 2 to 64
Diagnostics time 0.32 secs 

Total number of iterations 6235 - required further 496 

Chain # 16 - chunk 8 (chain 4 of 4 for this core): increasing by 497 

Iterations: 497 
|-------------|-------------|-------------|-------------|
|-------------------------------------------------------|

Current time: 2024-11-25 10:37:10
MCMC time 15 mins 

USED COMPONENTS: 29 OF 74 

rel. MC standard error: 0.0128 to 0.08
eff. sample size: 156 to 6110
needed thinning: 2 to 65
Diagnostics time 0.26 secs 

Total number of iterations 6732 - required further 504 

Chain # 16 - chunk 9 (chain 4 of 4 for this core): increasing by 505 

Iterations: 505 
|-------------|-------------|-------------|-------------|
|-------------------------------------------------------|

Current time: 2024-11-25 10:37:19
MCMC time 15 mins 

USED COMPONENTS: 29 OF 74 

rel. MC standard error: 0.0119 to 0.0778
eff. sample size: 165 to 7090
needed thinning: 2 to 66
Diagnostics time 0.68 secs 

Total number of iterations 7237 - required further 512 

Chain # 16 - chunk 10 (chain 4 of 4 for this core): increasing by 513 

Iterations: 513 
|-------------|-------------|-------------|-------------|
|-------------------------------------------------------|

Current time: 2024-11-25 10:37:29
MCMC time 15 mins 

USED COMPONENTS: 30 OF 74 

rel. MC standard error: 0.0113 to 0.0761
eff. sample size: 173 to 7900
needed thinning: 2 to 68
Diagnostics time 0.23 secs 

Total number of iterations 7750 - required further 527 

Chain # 16 - chunk 11 (chain 4 of 4 for this core): increasing by 528 

Iterations: 528 
|-------------|-------------|-------------|-------------|
|-------------------------------------------------------|

Current time: 2024-11-25 10:37:38
MCMC time 16 mins 

USED COMPONENTS: 30 OF 74 

rel. MC standard error: 0.011 to 0.0751
eff. sample size: 178 to 8240
needed thinning: 2 to 70
Diagnostics time 0.24 secs 

Total number of iterations 8278 - required further 543 

Chain # 16 - chunk 12 (chain 4 of 4 for this core): increasing by 544 

Iterations: 544 
|-------------|-------------|-------------|-------------|
|-------------------------------------------------------|

Current time: 2024-11-25 10:37:51
MCMC time 16 mins 

USED COMPONENTS: 29 OF 74 

rel. MC standard error: 0.0106 to 0.0734
eff. sample size: 186 to 8880
needed thinning: 2 to 72
Diagnostics time 0.25 secs 

Total number of iterations 8822 - required further 558 

Chain # 16 - chunk 13 (chain 4 of 4 for this core): increasing by 559 

Iterations: 559 
|-------------|-------------|-------------|-------------|
|-------------------------------------------------------|

Current time: 2024-11-25 10:38:02
MCMC time 16 mins 

USED COMPONENTS: 30 OF 74 

rel. MC standard error: 0.0109 to 0.0718
eff. sample size: 194 to 8380
needed thinning: 2 to 73
Diagnostics time 0.65 secs 

Total number of iterations 9381 - required further 566 

Chain # 16 - chunk 14 (chain 4 of 4 for this core): increasing by 567 

Iterations: 567 
|-------------|-------------|-------------|-------------|
|-------------------------------------------------------|

Current time: 2024-11-25 10:38:13
MCMC time 16 mins 

USED COMPONENTS: 28 OF 74 

rel. MC standard error: 0.0105 to 0.0688
eff. sample size: 211 to 9060
needed thinning: 2 to 71
Diagnostics time 0.27 secs 

Total number of iterations 9948 - required further 550 

Chain # 16 - chunk 15 (chain 4 of 4 for this core): increasing by 551 

Iterations: 551 
|-------------|-------------|-------------|-------------|
|-------------------------------------------------------|

Current time: 2024-11-25 10:38:24
MCMC time 16 mins 

USED COMPONENTS: 28 OF 74 

rel. MC standard error: 0.00922 to 0.0693
eff. sample size: 208 to 11800
needed thinning: 2 to 76
Diagnostics time 0.33 secs 

Total number of iterations 10499 - required further 589 

Chain # 16 - chunk 16 (chain 4 of 4 for this core): increasing by 590 

Iterations: 590 
|-------------|-------------|-------------|-------------|
|-------------------------------------------------------|

Current time: 2024-11-25 10:38:35
MCMC time 16 mins 

USED COMPONENTS: 27 OF 74 

rel. MC standard error: 0.00949 to 0.0654
eff. sample size: 234 to 11100
needed thinning: 2 to 72
Diagnostics time 0.7 secs 

Total number of iterations 11089 - required further 558 

Chain # 16 - chunk 17 (chain 4 of 4 for this core): increasing by 559 

Iterations: 559 
|-------------|-------------|-------------|-------------|
|-------------------------------------------------------|

Current time: 2024-11-25 10:38:45
MCMC time 17 mins 

USED COMPONENTS: 28 OF 74 

rel. MC standard error: 0.00905 to 0.0651
eff. sample size: 236 to 12200
needed thinning: 2 to 75
Diagnostics time 0.26 secs 

Total number of iterations 11648 - required further 581 

Chain # 16 - chunk 18 (chain 4 of 4 for this core): increasing by 582 

Iterations: 582 
|-------------|-------------|-------------|-------------|
|-------------------------------------------------------|

Current time: 2024-11-25 10:38:56
MCMC time 17 mins 

USED COMPONENTS: 29 OF 74 

rel. MC standard error: 0.00949 to 0.0638
eff. sample size: 246 to 11100
needed thinning: 2 to 75
Diagnostics time 0.27 secs 

Total number of iterations 12230 - required further 581 

Chain # 16 - chunk 19 (chain 4 of 4 for this core): increasing by 582 

Iterations: 582 
|-------------|-------------|-------------|-------------|
|-------------------------------------------------------|

Current time: 2024-11-25 10:39:07
MCMC time 17 mins 

USED COMPONENTS: 27 OF 74 

rel. MC standard error: 0.00917 to 0.0635
eff. sample size: 248 to 11900
needed thinning: 2 to 78
Diagnostics time 0.32 secs 

Total number of iterations 12812 - required further 605 

Chain # 16 - chunk 20 (chain 4 of 4 for this core): increasing by 606 

Iterations: 606 
|-------------|-------------|-------------|-------------|
|-------------------------------------------------------|

Current time: 2024-11-25 10:39:17
MCMC time 17 mins 

USED COMPONENTS: 28 OF 74 

rel. MC standard error: 0.00917 to 0.0611
eff. sample size: 268 to 11900
needed thinning: 2 to 76
Diagnostics time 0.32 secs 

Total number of iterations 13418 - required further 589 

Chain # 16 - chunk 21 (chain 4 of 4 for this core): increasing by 590 

Iterations: 590 
|-------------|-------------|-------------|-------------|
|-------------------------------------------------------|

Current time: 2024-11-25 10:39:29
MCMC time 17 mins 

USED COMPONENTS: 29 OF 74 

rel. MC standard error: 0.00968 to 0.0614
eff. sample size: 265 to 10700
needed thinning: 2 to 80
Diagnostics time 0.26 secs 

Total number of iterations 14008 - required further 620 

Chain # 16 - chunk 22 (chain 4 of 4 for this core): increasing by 621 

Iterations: 621 
|-------------|-------------|-------------|-------------|
|-------------------------------------------------------|

Current time: 2024-11-25 10:39:40
MCMC time 18 mins 

USED COMPONENTS: 29 OF 74 

rel. MC standard error: 0.00931 to 0.06
eff. sample size: 278 to 11500
needed thinning: 2 to 79
Diagnostics time 0.65 secs 

Total number of iterations 14629 - required further 612 

Chain # 16 - chunk 23 (chain 4 of 4 for this core): increasing by 613 

Iterations: 613 
|-------------|-------------|-------------|-------------|
|-------------------------------------------------------|

Current time: 2024-11-25 10:39:51
MCMC time 18 mins 

USED COMPONENTS: 28 OF 74 

rel. MC standard error: 0.00884 to 0.0601
eff. sample size: 277 to 12800
needed thinning: 2 to 83
Diagnostics time 0.29 secs 

Total number of iterations 15242 - required further 643 

Chain # 16 - chunk 24 (chain 4 of 4 for this core): increasing by 644 

Iterations: 644 
|-------------|-------------|-------------|-------------|
|-------------------------------------------------------|

Current time: 2024-11-25 10:40:03
MCMC time 18 mins 

USED COMPONENTS: 28 OF 74 

rel. MC standard error: 0.00873 to 0.0587
eff. sample size: 291 to 13100
needed thinning: 2 to 82
Diagnostics time 0.73 secs 

Total number of iterations 15886 - required further 636 

Chain # 16 - chunk 25 (chain 4 of 4 for this core): increasing by 637 

Iterations: 637 
|-------------|-------------|-------------|-------------|
|-------------------------------------------------------|

Current time: 2024-11-25 10:40:14
MCMC time 18 mins 

USED COMPONENTS: 28 OF 74 

rel. MC standard error: 0.00878 to 0.0583
eff. sample size: 294 to 13000
needed thinning: 2 to 85
Diagnostics time 0.29 secs 

Total number of iterations 16523 - required further 659 

Chain # 16 - chunk 26 (chain 4 of 4 for this core): increasing by 660 

Iterations: 660 
|-------------|-------------|-------------|-------------|
|-------------------------------------------------------|

Current time: 2024-11-25 10:40:26
MCMC time 18 mins 

USED COMPONENTS: 28 OF 74 

rel. MC standard error: 0.00842 to 0.0566
eff. sample size: 312 to 14100
needed thinning: 2 to 83
Diagnostics time 0.29 secs 

Total number of iterations 17183 - required further 643 

Chain # 16 - chunk 27 (chain 4 of 4 for this core): increasing by 644 

Iterations: 644 
|-------------|-------------|-------------|-------------|
|-------------------------------------------------------|

Current time: 2024-11-25 10:40:37
MCMC time 19 mins 

USED COMPONENTS: 27 OF 74 

rel. MC standard error: 0.00812 to 0.0555
eff. sample size: 325 to 15200
needed thinning: 2 to 83
Diagnostics time 0.3 secs 

Total number of iterations 17827 - required further 643 

Chain # 16 - chunk 28 (chain 4 of 4 for this core): increasing by 644 

Iterations: 644 
|-------------|-------------|-------------|-------------|
|-------------------------------------------------------|

Current time: 2024-11-25 10:40:49
MCMC time 19 mins 

USED COMPONENTS: 27 OF 74 

rel. MC standard error: 0.00804 to 0.0547
eff. sample size: 334 to 15500
needed thinning: 2 to 83
Diagnostics time 0.26 secs 

Total number of iterations 18471 - required further 643 

Chain # 16 - chunk 29 (chain 4 of 4 for this core): increasing by 644 

Iterations: 644 
|-------------|-------------|-------------|-------------|
|-------------------------------------------------------|

Current time: 2024-11-25 10:41:00
MCMC time 19 mins 

USED COMPONENTS: 27 OF 74 

rel. MC standard error: 0.00786 to 0.0542
eff. sample size: 341 to 16200
needed thinning: 2 to 85
Diagnostics time 0.3 secs 

Total number of iterations 19115 - required further 659 

Chain # 16 - chunk 30 (chain 4 of 4 for this core): increasing by 660 

Iterations: 660 
|-------------|-------------|-------------|-------------|
|-------------------------------------------------------|

Current time: 2024-11-25 10:41:12
MCMC time 19 mins 

USED COMPONENTS: 27 OF 74 

rel. MC standard error: 0.00779 to 0.0526
eff. sample size: 361 to 16500
needed thinning: 2 to 83
Diagnostics time 0.27 secs 

Total number of iterations 19775 - required further 643 

Chain # 16 - chunk 31 (chain 4 of 4 for this core): increasing by 644 

Iterations: 644 
|-------------|-------------|-------------|-------------|
|-------------------------------------------------------|

Current time: 2024-11-25 10:41:23
MCMC time 19 mins 

USED COMPONENTS: 27 OF 74 

rel. MC standard error: 0.00793 to 0.0523
eff. sample size: 366 to 15900
needed thinning: 2 to 84
Diagnostics time 0.28 secs 

Total number of iterations 20419 - required further 651 

Chain # 16 - chunk 32 (chain 4 of 4 for this core): increasing by 652 

Iterations: 652 
|-------------|-------------|-------------|-------------|
|-------------------------------------------------------|

Current time: 2024-11-25 10:41:35
MCMC time 19 mins 

USED COMPONENTS: 28 OF 74 

rel. MC standard error: 0.00809 to 0.0524
eff. sample size: 365 to 15300
needed thinning: 3 to 87
Diagnostics time 0.3 secs 

Total number of iterations 21071 - required further 674 

Chain # 16 - chunk 33 (chain 4 of 4 for this core): increasing by 675 

Iterations: 675 
|-------------|-------------|-------------|-------------|
|-------------------------------------------------------|

Current time: 2024-11-25 10:41:47
MCMC time 20 mins 

USED COMPONENTS: 27 OF 74 

rel. MC standard error: 0.00749 to 0.0508
eff. sample size: 388 to 17800
needed thinning: 2 to 85
Diagnostics time 0.72 secs 

Total number of iterations 21746 - required further 659 

Chain # 16 - chunk 34 (chain 4 of 4 for this core): increasing by 660 

Iterations: 660 
|-------------|-------------|-------------|-------------|
|-------------------------------------------------------|

Current time: 2024-11-25 10:41:59
MCMC time 20 mins 

USED COMPONENTS: 29 OF 74 

rel. MC standard error: 0.00732 to 0.05
eff. sample size: 401 to 18700
needed thinning: 2 to 84
Diagnostics time 0.26 secs 

Total number of iterations 22406 - required further 0 

Keeping last 60 samples with thinning 84 

Plotting traces and samples.

Current time: 2024-11-25 10:42:01
MCMC + diagnostics time 20 mins 

Current time: 2024-11-25 10:42:01
Total time 20 mins 
loaded inferno and set parent environment
loaded inferno and set parent environment
loaded inferno and set parent environment
loaded inferno and set parent environment
