Log core 15 - Current time: 2024-11-20 10:55:25
Defining model
Building model
Setting data and initial values
Running calculate on model
  [Note] Any error reports that follow may simply reflect missing values in model variables.
Checking model sizes and dimensions
Compiling
  [Note] This may take a minute.
  [Note] Use 'showCompilerOutput = TRUE' to see C++ compilation details.
===== Monitors =====
thin = 1: Bprob, Rmean, Rvar, W
thin2 = 1: K
===== Samplers =====
conjugate sampler (519)
  - Rmean[]  (148 elements)
  - Rrate[]  (148 elements)
  - Bprob[]  (74 elements)
  - Rvar[]  (148 elements)
  - W[1:74] 
categorical sampler (2401)
  - Alpha
  - K[]  (2400 elements)
===== Monitors =====
thin = 1: Bprob, Rmean, Rvar, W
thin2 = 1: K
===== Samplers =====
slice sampler (2401)
  - Alpha
  - K[]  (2400 elements)
conjugate sampler (519)
  - Rmean[]  (148 elements)
  - Rrate[]  (148 elements)
  - Bprob[]  (74 elements)
  - Rvar[]  (148 elements)
  - W[1:74] 
Compiling
  [Note] This may take a minute.
  [Note] Use 'showCompilerOutput = TRUE' to see C++ compilation details.

Setup time 5.5 mins 

Chain # 15 (chain 1 of 1 for this core)

Datapoints for testing convergence:
 #105 #115 #136 #188 #370 #409 #416 #421 #533 #886 #1307 #1388 #1404 #1416 #1587 #1738 #1772 #2094 #2189 #2246 

Iterations: 3600 
|-------------|-------------|-------------|-------------|
|-------------------------------------------------------|

Current time: 2024-11-20 11:13:02
MCMC time 12 mins 

USED COMPONENTS: 60 OF 74 

rel. MC standard error: 0.0154 to 0.0545
eff. sample size: 336 to 4230
needed thinning: 2 to 17
Diagnostics time 2.3 secs 

Total number of iterations 3600 - required further 132 

Chain # 15 - chunk 2 (chain 1 of 1 for this core): increasing by 133 

Iterations: 133 
|-------------|-------------|-------------|-------------|
|-------------------------------------------------------|

Current time: 2024-11-20 11:13:32
MCMC time 13 mins 

USED COMPONENTS: 59 OF 74 

rel. MC standard error: 0.015 to 0.0535
eff. sample size: 349 to 4440
needed thinning: 2 to 17
Diagnostics time 0.088 secs 

Total number of iterations 3733 - required further 132 

Chain # 15 - chunk 3 (chain 1 of 1 for this core): increasing by 133 

Iterations: 133 
|-------------|-------------|-------------|-------------|
|-------------------------------------------------------|

Current time: 2024-11-20 11:13:58
MCMC time 13 mins 

USED COMPONENTS: 59 OF 74 

rel. MC standard error: 0.0155 to 0.0525
eff. sample size: 363 to 4140
needed thinning: 2 to 16
Diagnostics time 0.14 secs 

Total number of iterations 3866 - required further 124 

Chain # 15 - chunk 4 (chain 1 of 1 for this core): increasing by 125 

Iterations: 125 
|-------------|-------------|-------------|-------------|
|-------------------------------------------------------|

Current time: 2024-11-20 11:14:24
MCMC time 13 mins 

USED COMPONENTS: 58 OF 74 

rel. MC standard error: 0.0152 to 0.0513
eff. sample size: 380 to 4340
needed thinning: 2 to 16
Diagnostics time 0.092 secs 

Total number of iterations 3991 - required further 124 

Chain # 15 - chunk 5 (chain 1 of 1 for this core): increasing by 125 

Iterations: 125 
|-------------|-------------|-------------|-------------|
|-------------------------------------------------------|

Current time: 2024-11-20 11:14:49
MCMC time 14 mins 

USED COMPONENTS: 59 OF 74 

rel. MC standard error: 0.0135 to 0.0504
eff. sample size: 394 to 5450
needed thinning: 2 to 16
Diagnostics time 0.091 secs 

Total number of iterations 4116 - required further 124 

Chain # 15 - chunk 6 (chain 1 of 1 for this core): increasing by 125 

Iterations: 125 
|-------------|-------------|-------------|-------------|
|-------------------------------------------------------|

Current time: 2024-11-20 11:15:14
MCMC time 14 mins 

USED COMPONENTS: 59 OF 74 

rel. MC standard error: 0.0144 to 0.0502
eff. sample size: 397 to 4800
needed thinning: 2 to 17
Diagnostics time 0.13 secs 

Total number of iterations 4241 - required further 132 

Chain # 15 - chunk 7 (chain 1 of 1 for this core): increasing by 133 

Iterations: 133 
|-------------|-------------|-------------|-------------|
|-------------------------------------------------------|

Current time: 2024-11-20 11:15:40
MCMC time 15 mins 

USED COMPONENTS: 58 OF 74 

rel. MC standard error: 0.0152 to 0.0491
eff. sample size: 414 to 4340
needed thinning: 2 to 16
Diagnostics time 0.095 secs 

Total number of iterations 4374 - required further 0 

Keeping last 60 samples with thinning 16 

Plotting traces and samples.

Current time: 2024-11-20 11:15:41
MCMC + diagnostics time 15 mins 

Current time: 2024-11-20 11:15:41
Total time 15 mins 
loaded inferno and set parent environment
loaded inferno and set parent environment
loaded inferno and set parent environment
loaded inferno and set parent environment
