Log core 12 - Current time: 2024-11-20 10:55:25
Defining model
Building model
Setting data and initial values
Running calculate on model
  [Note] Any error reports that follow may simply reflect missing values in model variables.
Checking model sizes and dimensions
Compiling
  [Note] This may take a minute.
  [Note] Use 'showCompilerOutput = TRUE' to see C++ compilation details.
===== Monitors =====
thin = 1: Bprob, Rmean, Rvar, W
thin2 = 1: K
===== Samplers =====
conjugate sampler (519)
  - Rmean[]  (148 elements)
  - Rrate[]  (148 elements)
  - Bprob[]  (74 elements)
  - Rvar[]  (148 elements)
  - W[1:74] 
categorical sampler (2401)
  - Alpha
  - K[]  (2400 elements)
===== Monitors =====
thin = 1: Bprob, Rmean, Rvar, W
thin2 = 1: K
===== Samplers =====
slice sampler (2401)
  - Alpha
  - K[]  (2400 elements)
conjugate sampler (519)
  - Rmean[]  (148 elements)
  - Rrate[]  (148 elements)
  - Bprob[]  (74 elements)
  - Rvar[]  (148 elements)
  - W[1:74] 
Compiling
  [Note] This may take a minute.
  [Note] Use 'showCompilerOutput = TRUE' to see C++ compilation details.

Setup time 9 mins 

Chain # 12 (chain 1 of 1 for this core)

Datapoints for testing convergence:
 #131 #159 #221 #236 #260 #526 #613 #728 #1200 #1273 #1281 #1349 #1370 #1458 #1968 #1989 #2144 #2165 #2347 #2370 

Iterations: 3600 
|-------------|-------------|-------------|-------------|
|-------------------------------------------------------|

Current time: 2024-11-20 11:22:06
MCMC time 18 mins 

USED COMPONENTS: 56 OF 74 

rel. MC standard error: 0.0124 to 0.0589
eff. sample size: 288 to 6460
needed thinning: 1 to 19
Diagnostics time 2.2 secs 

Total number of iterations 3600 - required further 148 

Chain # 12 - chunk 2 (chain 1 of 1 for this core): increasing by 149 

Iterations: 149 
|-------------|-------------|-------------|-------------|
|-------------------------------------------------------|

Current time: 2024-11-20 11:22:38
MCMC time 18 mins 

USED COMPONENTS: 56 OF 74 

rel. MC standard error: 0.0139 to 0.0579
eff. sample size: 298 to 5160
needed thinning: 2 to 19
Diagnostics time 0.089 secs 

Total number of iterations 3749 - required further 148 

Chain # 12 - chunk 3 (chain 1 of 1 for this core): increasing by 149 

Iterations: 149 
|-------------|-------------|-------------|-------------|
|-------------------------------------------------------|

Current time: 2024-11-20 11:23:07
MCMC time 19 mins 

USED COMPONENTS: 56 OF 74 

rel. MC standard error: 0.0141 to 0.0538
eff. sample size: 346 to 5060
needed thinning: 2 to 17
Diagnostics time 0.14 secs 

Total number of iterations 3898 - required further 132 

Chain # 12 - chunk 4 (chain 1 of 1 for this core): increasing by 133 

Iterations: 133 
|-------------|-------------|-------------|-------------|
|-------------------------------------------------------|

Current time: 2024-11-20 11:23:33
MCMC time 19 mins 

USED COMPONENTS: 56 OF 74 

rel. MC standard error: 0.0135 to 0.0533
eff. sample size: 352 to 5510
needed thinning: 2 to 18
Diagnostics time 0.091 secs 

Total number of iterations 4031 - required further 140 

Chain # 12 - chunk 5 (chain 1 of 1 for this core): increasing by 141 

Iterations: 141 
|-------------|-------------|-------------|-------------|
|-------------------------------------------------------|

Current time: 2024-11-20 11:24:00
MCMC time 20 mins 

USED COMPONENTS: 56 OF 74 

rel. MC standard error: 0.0131 to 0.0542
eff. sample size: 340 to 5790
needed thinning: 2 to 19
Diagnostics time 0.14 secs 

Total number of iterations 4172 - required further 148 

Chain # 12 - chunk 6 (chain 1 of 1 for this core): increasing by 149 

Iterations: 149 
|-------------|-------------|-------------|-------------|
|-------------------------------------------------------|

Current time: 2024-11-20 11:24:29
MCMC time 20 mins 

USED COMPONENTS: 56 OF 74 

rel. MC standard error: 0.0115 to 0.0539
eff. sample size: 344 to 7510
needed thinning: 1 to 19
Diagnostics time 0.098 secs 

Total number of iterations 4321 - required further 148 

Chain # 12 - chunk 7 (chain 1 of 1 for this core): increasing by 149 

Iterations: 149 
|-------------|-------------|-------------|-------------|
|-------------------------------------------------------|

Current time: 2024-11-20 11:24:58
MCMC time 21 mins 

USED COMPONENTS: 56 OF 74 

rel. MC standard error: 0.0116 to 0.0551
eff. sample size: 329 to 7470
needed thinning: 1 to 21
Diagnostics time 0.14 secs 

Total number of iterations 4470 - required further 163 

Chain # 12 - chunk 8 (chain 1 of 1 for this core): increasing by 164 

Iterations: 164 
|-------------|-------------|-------------|-------------|
|-------------------------------------------------------|

Current time: 2024-11-20 11:25:29
MCMC time 21 mins 

USED COMPONENTS: 56 OF 74 

rel. MC standard error: 0.0114 to 0.0546
eff. sample size: 335 to 7630
needed thinning: 1 to 21
Diagnostics time 0.11 secs 

Total number of iterations 4634 - required further 163 

Chain # 12 - chunk 9 (chain 1 of 1 for this core): increasing by 164 

Iterations: 164 
|-------------|-------------|-------------|-------------|
|-------------------------------------------------------|

Current time: 2024-11-20 11:26:01
MCMC time 22 mins 

USED COMPONENTS: 56 OF 74 

rel. MC standard error: 0.0109 to 0.055
eff. sample size: 330 to 8390
needed thinning: 1 to 22
Diagnostics time 0.15 secs 

Total number of iterations 4798 - required further 171 

Chain # 12 - chunk 10 (chain 1 of 1 for this core): increasing by 172 

Iterations: 172 
|-------------|-------------|-------------|-------------|
|-------------------------------------------------------|

Current time: 2024-11-20 11:26:34
MCMC time 22 mins 

USED COMPONENTS: 56 OF 74 

rel. MC standard error: 0.0127 to 0.0559
eff. sample size: 320 to 6230
needed thinning: 2 to 24
Diagnostics time 0.11 secs 

Total number of iterations 4970 - required further 186 

Chain # 12 - chunk 11 (chain 1 of 1 for this core): increasing by 187 

Iterations: 187 
|-------------|-------------|-------------|-------------|
|-------------------------------------------------------|

Current time: 2024-11-20 11:27:11
MCMC time 23 mins 

USED COMPONENTS: 56 OF 74 

rel. MC standard error: 0.0118 to 0.0541
eff. sample size: 342 to 7200
needed thinning: 2 to 23
Diagnostics time 0.15 secs 

Total number of iterations 5157 - required further 179 

Chain # 12 - chunk 12 (chain 1 of 1 for this core): increasing by 180 

Iterations: 180 
|-------------|-------------|-------------|-------------|
|-------------------------------------------------------|

Current time: 2024-11-20 11:27:46
MCMC time 23 mins 

USED COMPONENTS: 56 OF 74 

rel. MC standard error: 0.0117 to 0.0534
eff. sample size: 351 to 7280
needed thinning: 2 to 23
Diagnostics time 0.14 secs 

Total number of iterations 5337 - required further 179 

Chain # 12 - chunk 13 (chain 1 of 1 for this core): increasing by 180 

Iterations: 180 
|-------------|-------------|-------------|-------------|
|-------------------------------------------------------|

Current time: 2024-11-20 11:28:20
MCMC time 24 mins 

USED COMPONENTS: 56 OF 74 

rel. MC standard error: 0.0118 to 0.0557
eff. sample size: 322 to 7190
needed thinning: 2 to 26
Diagnostics time 0.11 secs 

Total number of iterations 5517 - required further 202 

Chain # 12 - chunk 14 (chain 1 of 1 for this core): increasing by 203 

Iterations: 203 
|-------------|-------------|-------------|-------------|
|-------------------------------------------------------|

Current time: 2024-11-20 11:29:00
MCMC time 25 mins 

USED COMPONENTS: 55 OF 74 

rel. MC standard error: 0.0109 to 0.0547
eff. sample size: 334 to 8410
needed thinning: 2 to 26
Diagnostics time 0.12 secs 

Total number of iterations 5720 - required further 202 

Chain # 12 - chunk 15 (chain 1 of 1 for this core): increasing by 203 

Iterations: 203 
|-------------|-------------|-------------|-------------|
|-------------------------------------------------------|

Current time: 2024-11-20 11:29:39
MCMC time 25 mins 

USED COMPONENTS: 56 OF 74 

rel. MC standard error: 0.0113 to 0.0524
eff. sample size: 364 to 7840
needed thinning: 2 to 25
Diagnostics time 0.21 secs 

Total number of iterations 5923 - required further 194 

Chain # 12 - chunk 16 (chain 1 of 1 for this core): increasing by 195 

Iterations: 195 
|-------------|-------------|-------------|-------------|
|-------------------------------------------------------|

Current time: 2024-11-20 11:30:17
MCMC time 26 mins 

USED COMPONENTS: 55 OF 74 

rel. MC standard error: 0.0104 to 0.052
eff. sample size: 370 to 9190
needed thinning: 1 to 25
Diagnostics time 0.11 secs 

Total number of iterations 6118 - required further 194 

Chain # 12 - chunk 17 (chain 1 of 1 for this core): increasing by 195 

Iterations: 195 
|-------------|-------------|-------------|-------------|
|-------------------------------------------------------|

Current time: 2024-11-20 11:30:54
MCMC time 26 mins 

USED COMPONENTS: 56 OF 74 

rel. MC standard error: 0.0114 to 0.0498
eff. sample size: 404 to 7750
needed thinning: 2 to 24
Diagnostics time 0.16 secs 

Total number of iterations 6313 - required further 0 

Keeping last 60 samples with thinning 24 

Plotting traces and samples.

Current time: 2024-11-20 11:30:55
MCMC + diagnostics time 26 mins 

Current time: 2024-11-20 11:30:55
Total time 26 mins 
loaded inferno and set parent environment
loaded inferno and set parent environment
loaded inferno and set parent environment
loaded inferno and set parent environment
