Log core 10 - Current time: 2024-11-20 10:55:25
Defining model
Building model
Setting data and initial values
Running calculate on model
  [Note] Any error reports that follow may simply reflect missing values in model variables.
Checking model sizes and dimensions
Compiling
  [Note] This may take a minute.
  [Note] Use 'showCompilerOutput = TRUE' to see C++ compilation details.
===== Monitors =====
thin = 1: Bprob, Rmean, Rvar, W
thin2 = 1: K
===== Samplers =====
conjugate sampler (519)
  - Rmean[]  (148 elements)
  - Rrate[]  (148 elements)
  - Bprob[]  (74 elements)
  - Rvar[]  (148 elements)
  - W[1:74] 
categorical sampler (2401)
  - Alpha
  - K[]  (2400 elements)
===== Monitors =====
thin = 1: Bprob, Rmean, Rvar, W
thin2 = 1: K
===== Samplers =====
slice sampler (2401)
  - Alpha
  - K[]  (2400 elements)
conjugate sampler (519)
  - Rmean[]  (148 elements)
  - Rrate[]  (148 elements)
  - Bprob[]  (74 elements)
  - Rvar[]  (148 elements)
  - W[1:74] 
Compiling
  [Note] This may take a minute.
  [Note] Use 'showCompilerOutput = TRUE' to see C++ compilation details.

Setup time 5.6 mins 

Chain # 10 (chain 1 of 1 for this core)

Datapoints for testing convergence:
 #31 #78 #254 #437 #465 #613 #731 #959 #1091 #1222 #1299 #1334 #1536 #1541 #1548 #1589 #1641 #1653 #1691 #1719 

Iterations: 3600 
|-------------|-------------|-------------|-------------|
|-------------------------------------------------------|

Current time: 2024-11-20 11:12:49
MCMC time 12 mins 

USED COMPONENTS: 56 OF 74 

rel. MC standard error: 0.0146 to 0.105
eff. sample size: 90 to 4670
needed thinning: 2 to 60
Diagnostics time 2.4 secs 

Total number of iterations 3600 - required further 465 

Chain # 10 - chunk 2 (chain 1 of 1 for this core): increasing by 466 

Iterations: 466 
|-------------|-------------|-------------|-------------|
|-------------------------------------------------------|

Current time: 2024-11-20 11:14:23
MCMC time 13 mins 

USED COMPONENTS: 56 OF 74 

rel. MC standard error: 0.0149 to 0.101
eff. sample size: 98.2 to 4490
needed thinning: 2 to 63
Diagnostics time 0.28 secs 

Total number of iterations 4066 - required further 488 

Chain # 10 - chunk 3 (chain 1 of 1 for this core): increasing by 489 

Iterations: 489 
|-------------|-------------|-------------|-------------|
|-------------------------------------------------------|

Current time: 2024-11-20 11:15:59
MCMC time 15 mins 

USED COMPONENTS: 56 OF 74 

rel. MC standard error: 0.0135 to 0.0975
eff. sample size: 105 to 5500
needed thinning: 2 to 65
Diagnostics time 0.31 secs 

Total number of iterations 4555 - required further 504 

Chain # 10 - chunk 4 (chain 1 of 1 for this core): increasing by 505 

Iterations: 505 
|-------------|-------------|-------------|-------------|
|-------------------------------------------------------|

Current time: 2024-11-20 11:17:39
MCMC time 17 mins 

USED COMPONENTS: 55 OF 74 

rel. MC standard error: 0.0119 to 0.0943
eff. sample size: 112 to 7030
needed thinning: 2 to 68
Diagnostics time 0.28 secs 

Total number of iterations 5060 - required further 527 

Chain # 10 - chunk 5 (chain 1 of 1 for this core): increasing by 528 

Iterations: 528 
|-------------|-------------|-------------|-------------|
|-------------------------------------------------------|

Current time: 2024-11-20 11:19:22
MCMC time 18 mins 

USED COMPONENTS: 55 OF 74 

rel. MC standard error: 0.013 to 0.0903
eff. sample size: 123 to 5880
needed thinning: 2 to 69
Diagnostics time 0.38 secs 

Total number of iterations 5588 - required further 535 

Chain # 10 - chunk 6 (chain 1 of 1 for this core): increasing by 536 

Iterations: 536 
|-------------|-------------|-------------|-------------|
|-------------------------------------------------------|

Current time: 2024-11-20 11:21:07
MCMC time 20 mins 

USED COMPONENTS: 55 OF 74 

rel. MC standard error: 0.0111 to 0.0876
eff. sample size: 130 to 8180
needed thinning: 2 to 71
Diagnostics time 0.31 secs 

Total number of iterations 6124 - required further 550 

Chain # 10 - chunk 7 (chain 1 of 1 for this core): increasing by 551 

Iterations: 551 
|-------------|-------------|-------------|-------------|
|-------------------------------------------------------|

Current time: 2024-11-20 11:22:54
MCMC time 22 mins 

USED COMPONENTS: 55 OF 74 

rel. MC standard error: 0.0106 to 0.0828
eff. sample size: 146 to 8970
needed thinning: 2 to 69
Diagnostics time 0.32 secs 

Total number of iterations 6675 - required further 535 

Chain # 10 - chunk 8 (chain 1 of 1 for this core): increasing by 536 

Iterations: 536 
|-------------|-------------|-------------|-------------|
|-------------------------------------------------------|

Current time: 2024-11-20 11:24:38
MCMC time 24 mins 

USED COMPONENTS: 55 OF 74 

rel. MC standard error: 0.0108 to 0.0806
eff. sample size: 154 to 8630
needed thinning: 2 to 71
Diagnostics time 0.37 secs 

Total number of iterations 7211 - required further 550 

Chain # 10 - chunk 9 (chain 1 of 1 for this core): increasing by 551 

Iterations: 551 
|-------------|-------------|-------------|-------------|
|-------------------------------------------------------|

Current time: 2024-11-20 11:26:25
MCMC time 25 mins 

USED COMPONENTS: 55 OF 74 

rel. MC standard error: 0.0107 to 0.0783
eff. sample size: 163 to 8810
needed thinning: 2 to 72
Diagnostics time 0.92 secs 

Total number of iterations 7762 - required further 558 

Chain # 10 - chunk 10 (chain 1 of 1 for this core): increasing by 559 

Iterations: 559 
|-------------|-------------|-------------|-------------|
|-------------------------------------------------------|

Current time: 2024-11-20 11:28:14
MCMC time 27 mins 

USED COMPONENTS: 56 OF 74 

rel. MC standard error: 0.0105 to 0.0751
eff. sample size: 177 to 9030
needed thinning: 2 to 71
Diagnostics time 0.33 secs 

Total number of iterations 8321 - required further 550 

Chain # 10 - chunk 11 (chain 1 of 1 for this core): increasing by 551 

Iterations: 551 
|-------------|-------------|-------------|-------------|
|-------------------------------------------------------|

Current time: 2024-11-20 11:30:01
MCMC time 29 mins 

USED COMPONENTS: 55 OF 74 

rel. MC standard error: 0.00998 to 0.0736
eff. sample size: 184 to 10000
needed thinning: 2 to 73
Diagnostics time 0.32 secs 

Total number of iterations 8872 - required further 566 

Chain # 10 - chunk 12 (chain 1 of 1 for this core): increasing by 567 

Iterations: 567 
|-------------|-------------|-------------|-------------|
|-------------------------------------------------------|

Current time: 2024-11-20 11:31:50
MCMC time 31 mins 

USED COMPONENTS: 56 OF 74 

rel. MC standard error: 0.00989 to 0.0709
eff. sample size: 199 to 10200
needed thinning: 2 to 72
Diagnostics time 0.33 secs 

Total number of iterations 9439 - required further 558 

Chain # 10 - chunk 13 (chain 1 of 1 for this core): increasing by 559 

Iterations: 559 
|-------------|-------------|-------------|-------------|
|-------------------------------------------------------|

Current time: 2024-11-20 11:33:39
MCMC time 33 mins 

USED COMPONENTS: 55 OF 74 

rel. MC standard error: 0.00967 to 0.0684
eff. sample size: 214 to 10700
needed thinning: 2 to 71
Diagnostics time 0.32 secs 

Total number of iterations 9998 - required further 550 

Chain # 10 - chunk 14 (chain 1 of 1 for this core): increasing by 551 

Iterations: 551 
|-------------|-------------|-------------|-------------|
|-------------------------------------------------------|

Current time: 2024-11-20 11:35:25
MCMC time 34 mins 

USED COMPONENTS: 56 OF 74 

rel. MC standard error: 0.00923 to 0.0672
eff. sample size: 221 to 11700
needed thinning: 2 to 72
Diagnostics time 0.31 secs 

Total number of iterations 10549 - required further 558 

Chain # 10 - chunk 15 (chain 1 of 1 for this core): increasing by 559 

Iterations: 559 
|-------------|-------------|-------------|-------------|
|-------------------------------------------------------|

Current time: 2024-11-20 11:37:12
MCMC time 36 mins 

USED COMPONENTS: 56 OF 74 

rel. MC standard error: 0.00931 to 0.0659
eff. sample size: 230 to 11500
needed thinning: 2 to 73
Diagnostics time 0.31 secs 

Total number of iterations 11108 - required further 566 

Chain # 10 - chunk 16 (chain 1 of 1 for this core): increasing by 567 

Iterations: 567 
|-------------|-------------|-------------|-------------|
|-------------------------------------------------------|

Current time: 2024-11-20 11:39:01
MCMC time 38 mins 

USED COMPONENTS: 56 OF 74 

rel. MC standard error: 0.00844 to 0.0667
eff. sample size: 225 to 14000
needed thinning: 2 to 78
Diagnostics time 0.3 secs 

Total number of iterations 11675 - required further 605 

Chain # 10 - chunk 17 (chain 1 of 1 for this core): increasing by 606 

Iterations: 606 
|-------------|-------------|-------------|-------------|
|-------------------------------------------------------|

Current time: 2024-11-20 11:40:58
MCMC time 40 mins 

USED COMPONENTS: 56 OF 74 

rel. MC standard error: 0.00863 to 0.0658
eff. sample size: 231 to 13400
needed thinning: 2 to 80
Diagnostics time 0.35 secs 

Total number of iterations 12281 - required further 620 

Chain # 10 - chunk 18 (chain 1 of 1 for this core): increasing by 621 

Iterations: 621 
|-------------|-------------|-------------|-------------|
|-------------------------------------------------------|

Current time: 2024-11-20 11:42:57
MCMC time 42 mins 

USED COMPONENTS: 55 OF 74 

rel. MC standard error: 0.00818 to 0.0645
eff. sample size: 240 to 14900
needed thinning: 2 to 81
Diagnostics time 0.34 secs 

Total number of iterations 12902 - required further 628 

Chain # 10 - chunk 19 (chain 1 of 1 for this core): increasing by 629 

Iterations: 629 
|-------------|-------------|-------------|-------------|
|-------------------------------------------------------|

Current time: 2024-11-20 11:44:57
MCMC time 44 mins 

USED COMPONENTS: 56 OF 74 

rel. MC standard error: 0.00791 to 0.0641
eff. sample size: 243 to 16000
needed thinning: 2 to 84
Diagnostics time 0.39 secs 

Total number of iterations 13531 - required further 651 

Chain # 10 - chunk 20 (chain 1 of 1 for this core): increasing by 652 

Iterations: 652 
|-------------|-------------|-------------|-------------|
|-------------------------------------------------------|

Current time: 2024-11-20 11:47:02
MCMC time 46 mins 

USED COMPONENTS: 56 OF 74 

rel. MC standard error: 0.00798 to 0.063
eff. sample size: 252 to 15700
needed thinning: 2 to 85
Diagnostics time 0.35 secs 

Total number of iterations 14183 - required further 659 

Chain # 10 - chunk 21 (chain 1 of 1 for this core): increasing by 660 

Iterations: 660 
|-------------|-------------|-------------|-------------|
|-------------------------------------------------------|

Current time: 2024-11-20 11:49:09
MCMC time 48 mins 

USED COMPONENTS: 56 OF 74 

rel. MC standard error: 0.00789 to 0.0617
eff. sample size: 263 to 16100
needed thinning: 2 to 85
Diagnostics time 0.33 secs 

Total number of iterations 14843 - required further 659 

Chain # 10 - chunk 22 (chain 1 of 1 for this core): increasing by 660 

Iterations: 660 
|-------------|-------------|-------------|-------------|
|-------------------------------------------------------|

Current time: 2024-11-20 11:51:15
MCMC time 50 mins 

USED COMPONENTS: 56 OF 74 

rel. MC standard error: 0.00787 to 0.061
eff. sample size: 269 to 16200
needed thinning: 2 to 87
Diagnostics time 0.37 secs 

Total number of iterations 15503 - required further 674 

Chain # 10 - chunk 23 (chain 1 of 1 for this core): increasing by 675 

Iterations: 675 
|-------------|-------------|-------------|-------------|
|-------------------------------------------------------|

Current time: 2024-11-20 11:53:24
MCMC time 52 mins 

USED COMPONENTS: 56 OF 74 

rel. MC standard error: 0.0077 to 0.0595
eff. sample size: 283 to 16900
needed thinning: 2 to 86
Diagnostics time 0.97 secs 

Total number of iterations 16178 - required further 667 

Chain # 10 - chunk 24 (chain 1 of 1 for this core): increasing by 668 

Iterations: 668 
|-------------|-------------|-------------|-------------|
|-------------------------------------------------------|

Current time: 2024-11-20 11:55:33
MCMC time 55 mins 

USED COMPONENTS: 56 OF 74 

rel. MC standard error: 0.00772 to 0.0599
eff. sample size: 279 to 16800
needed thinning: 2 to 91
Diagnostics time 0.36 secs 

Total number of iterations 16846 - required further 705 

Chain # 10 - chunk 25 (chain 1 of 1 for this core): increasing by 706 

Iterations: 706 
|-------------|-------------|-------------|-------------|
|-------------------------------------------------------|

Current time: 2024-11-20 11:57:48
MCMC time 57 mins 

USED COMPONENTS: 57 OF 74 

rel. MC standard error: 0.00718 to 0.0588
eff. sample size: 289 to 19400
needed thinning: 2 to 92
Diagnostics time 0.36 secs 

Total number of iterations 17552 - required further 713 

Chain # 10 - chunk 26 (chain 1 of 1 for this core): increasing by 714 

Iterations: 714 
|-------------|-------------|-------------|-------------|
|-------------------------------------------------------|

Current time: 2024-11-20 12:00:05
MCMC time 59 mins 

USED COMPONENTS: 57 OF 74 

rel. MC standard error: 0.00738 to 0.0584
eff. sample size: 293 to 18400
needed thinning: 2 to 94
Diagnostics time 0.42 secs 

Total number of iterations 18266 - required further 729 

Chain # 10 - chunk 27 (chain 1 of 1 for this core): increasing by 730 

Iterations: 730 
|-------------|-------------|-------------|-------------|
|-------------------------------------------------------|

Current time: 2024-11-20 12:02:24
MCMC time 1 hours 

USED COMPONENTS: 57 OF 74 

rel. MC standard error: 0.00692 to 0.0574
eff. sample size: 303 to 20900
needed thinning: 2 to 94
Diagnostics time 1 secs 

Total number of iterations 18996 - required further 729 

Chain # 10 - chunk 28 (chain 1 of 1 for this core): increasing by 730 

Iterations: 730 
|-------------|-------------|-------------|-------------|
|-------------------------------------------------------|

Current time: 2024-11-20 12:04:44
MCMC time 1.1 hours 

USED COMPONENTS: 57 OF 74 

rel. MC standard error: 0.00713 to 0.0577
eff. sample size: 301 to 19700
needed thinning: 2 to 99
Diagnostics time 0.38 secs 

Total number of iterations 19726 - required further 767 

Chain # 10 - chunk 29 (chain 1 of 1 for this core): increasing by 768 

Iterations: 768 
|-------------|-------------|-------------|-------------|
|-------------------------------------------------------|

Current time: 2024-11-20 12:07:10
MCMC time 1.1 hours 

USED COMPONENTS: 56 OF 74 

rel. MC standard error: 0.00679 to 0.0565
eff. sample size: 313 to 21700
needed thinning: 2 to 99
Diagnostics time 0.38 secs 

Total number of iterations 20494 - required further 767 

Chain # 10 - chunk 30 (chain 1 of 1 for this core): increasing by 768 

Iterations: 768 
|-------------|-------------|-------------|-------------|
|-------------------------------------------------------|

Current time: 2024-11-20 12:09:36
MCMC time 1.1 hours 

USED COMPONENTS: 58 OF 74 

rel. MC standard error: 0.00615 to 0.0557
eff. sample size: 322 to 26400
needed thinning: 2 to 100
Diagnostics time 1 secs 

Total number of iterations 21262 - required further 775 

Chain # 10 - chunk 31 (chain 1 of 1 for this core): increasing by 776 

Iterations: 776 
|-------------|-------------|-------------|-------------|
|-------------------------------------------------------|

Current time: 2024-11-20 12:12:04
MCMC time 1.2 hours 

USED COMPONENTS: 57 OF 74 

rel. MC standard error: 0.00654 to 0.0546
eff. sample size: 335 to 23400
needed thinning: 2 to 99
Diagnostics time 0.47 secs 

Total number of iterations 22038 - required further 767 

Chain # 10 - chunk 32 (chain 1 of 1 for this core): increasing by 768 

Iterations: 768 
|-------------|-------------|-------------|-------------|
|-------------------------------------------------------|

Current time: 2024-11-20 12:14:31
MCMC time 1.2 hours 

USED COMPONENTS: 56 OF 74 

rel. MC standard error: 0.00658 to 0.0547
eff. sample size: 334 to 23100
needed thinning: 2 to 103
Diagnostics time 0.42 secs 

Total number of iterations 22806 - required further 798 

Chain # 10 - chunk 33 (chain 1 of 1 for this core): increasing by 799 

Iterations: 799 
|-------------|-------------|-------------|-------------|
|-------------------------------------------------------|

Current time: 2024-11-20 12:17:03
MCMC time 1.3 hours 

USED COMPONENTS: 57 OF 74 

rel. MC standard error: 0.00613 to 0.0545
eff. sample size: 336 to 26700
needed thinning: 2 to 106
Diagnostics time 0.98 secs 

Total number of iterations 23605 - required further 822 

Chain # 10 - chunk 34 (chain 1 of 1 for this core): increasing by 823 

Iterations: 823 
|-------------|-------------|-------------|-------------|
|-------------------------------------------------------|

Current time: 2024-11-20 12:19:40
MCMC time 1.3 hours 

USED COMPONENTS: 56 OF 74 

rel. MC standard error: 0.00608 to 0.0536
eff. sample size: 348 to 27100
needed thinning: 2 to 106
Diagnostics time 0.5 secs 

Total number of iterations 24428 - required further 822 

Chain # 10 - chunk 35 (chain 1 of 1 for this core): increasing by 823 

Iterations: 823 
|-------------|-------------|-------------|-------------|
|-------------------------------------------------------|

Current time: 2024-11-20 12:22:16
MCMC time 1.4 hours 

USED COMPONENTS: 56 OF 74 

rel. MC standard error: 0.00621 to 0.053
eff. sample size: 356 to 25900
needed thinning: 2 to 107
Diagnostics time 0.99 secs 

Total number of iterations 25251 - required further 829 

Chain # 10 - chunk 36 (chain 1 of 1 for this core): increasing by 830 

Iterations: 830 
|-------------|-------------|-------------|-------------|
|-------------------------------------------------------|

Current time: 2024-11-20 12:24:55
MCMC time 1.4 hours 

USED COMPONENTS: 55 OF 74 

rel. MC standard error: 0.00621 to 0.0522
eff. sample size: 367 to 25900
needed thinning: 2 to 107
Diagnostics time 1 secs 

Total number of iterations 26081 - required further 829 

Chain # 10 - chunk 37 (chain 1 of 1 for this core): increasing by 830 

Iterations: 830 
|-------------|-------------|-------------|-------------|
|-------------------------------------------------------|

Current time: 2024-11-20 12:27:35
MCMC time 1.4 hours 

USED COMPONENTS: 56 OF 74 

rel. MC standard error: 0.0062 to 0.0514
eff. sample size: 379 to 26000
needed thinning: 2 to 107
Diagnostics time 0.5 secs 

Total number of iterations 26911 - required further 829 

Chain # 10 - chunk 38 (chain 1 of 1 for this core): increasing by 830 

Iterations: 830 
|-------------|-------------|-------------|-------------|
|-------------------------------------------------------|

Current time: 2024-11-20 12:30:14
MCMC time 1.5 hours 

USED COMPONENTS: 57 OF 74 

rel. MC standard error: 0.00584 to 0.0511
eff. sample size: 382 to 29400
needed thinning: 2 to 109
Diagnostics time 1 secs 

Total number of iterations 27741 - required further 845 

Chain # 10 - chunk 39 (chain 1 of 1 for this core): increasing by 846 

Iterations: 846 
|-------------|-------------|-------------|-------------|
|-------------------------------------------------------|

Current time: 2024-11-20 12:32:56
MCMC time 1.5 hours 

USED COMPONENTS: 56 OF 74 

rel. MC standard error: 0.00572 to 0.0506
eff. sample size: 391 to 30600
needed thinning: 2 to 110
Diagnostics time 0.44 secs 

Total number of iterations 28587 - required further 853 

Chain # 10 - chunk 40 (chain 1 of 1 for this core): increasing by 854 

Iterations: 854 
|-------------|-------------|-------------|-------------|
|-------------------------------------------------------|

Current time: 2024-11-20 12:35:40
MCMC time 1.6 hours 

USED COMPONENTS: 56 OF 74 

rel. MC standard error: 0.00582 to 0.0493
eff. sample size: 411 to 29600
needed thinning: 2 to 108
Diagnostics time 0.5 secs 

Total number of iterations 29441 - required further 0 

Keeping last 60 samples with thinning 108 

Plotting traces and samples.

Current time: 2024-11-20 12:35:43
MCMC + diagnostics time 1.6 hours 

Current time: 2024-11-20 12:35:43
Total time 1.6 hours 
loaded inferno and set parent environment
loaded inferno and set parent environment
loaded inferno and set parent environment
loaded inferno and set parent environment
