Log core 8 - Current time: 2024-11-20 10:55:25
Defining model
Building model
Setting data and initial values
Running calculate on model
  [Note] Any error reports that follow may simply reflect missing values in model variables.
Checking model sizes and dimensions
Compiling
  [Note] This may take a minute.
  [Note] Use 'showCompilerOutput = TRUE' to see C++ compilation details.
===== Monitors =====
thin = 1: Bprob, Rmean, Rvar, W
thin2 = 1: K
===== Samplers =====
conjugate sampler (519)
  - Rmean[]  (148 elements)
  - Rrate[]  (148 elements)
  - Bprob[]  (74 elements)
  - Rvar[]  (148 elements)
  - W[1:74] 
categorical sampler (2401)
  - Alpha
  - K[]  (2400 elements)
===== Monitors =====
thin = 1: Bprob, Rmean, Rvar, W
thin2 = 1: K
===== Samplers =====
slice sampler (2401)
  - Alpha
  - K[]  (2400 elements)
conjugate sampler (519)
  - Rmean[]  (148 elements)
  - Rrate[]  (148 elements)
  - Bprob[]  (74 elements)
  - Rvar[]  (148 elements)
  - W[1:74] 
Compiling
  [Note] This may take a minute.
  [Note] Use 'showCompilerOutput = TRUE' to see C++ compilation details.

Setup time 5.5 mins 

Chain # 8 (chain 1 of 1 for this core)

Datapoints for testing convergence:
 #21 #59 #95 #172 #279 #409 #766 #783 #869 #922 #1057 #1557 #1578 #1708 #1755 #1837 #1883 #2174 #2192 #2354 

Iterations: 3600 
|-------------|-------------|-------------|-------------|
|-------------------------------------------------------|

Current time: 2024-11-20 11:12:44
MCMC time 12 mins 

USED COMPONENTS: 56 OF 74 

rel. MC standard error: 0.0153 to 0.057
eff. sample size: 308 to 4250
needed thinning: 2 to 18
Diagnostics time 2.4 secs 

Total number of iterations 3600 - required further 140 

Chain # 8 - chunk 2 (chain 1 of 1 for this core): increasing by 141 

Iterations: 141 
|-------------|-------------|-------------|-------------|
|-------------------------------------------------------|

Current time: 2024-11-20 11:13:15
MCMC time 12 mins 

USED COMPONENTS: 55 OF 74 

rel. MC standard error: 0.0143 to 0.056
eff. sample size: 319 to 4890
needed thinning: 2 to 18
Diagnostics time 0.089 secs 

Total number of iterations 3741 - required further 140 

Chain # 8 - chunk 3 (chain 1 of 1 for this core): increasing by 141 

Iterations: 141 
|-------------|-------------|-------------|-------------|
|-------------------------------------------------------|

Current time: 2024-11-20 11:13:42
MCMC time 13 mins 

USED COMPONENTS: 55 OF 74 

rel. MC standard error: 0.0146 to 0.055
eff. sample size: 331 to 4690
needed thinning: 2 to 18
Diagnostics time 0.14 secs 

Total number of iterations 3882 - required further 140 

Chain # 8 - chunk 4 (chain 1 of 1 for this core): increasing by 141 

Iterations: 141 
|-------------|-------------|-------------|-------------|
|-------------------------------------------------------|

Current time: 2024-11-20 11:14:10
MCMC time 13 mins 

USED COMPONENTS: 55 OF 74 

rel. MC standard error: 0.0151 to 0.0543
eff. sample size: 339 to 4400
needed thinning: 2 to 18
Diagnostics time 0.089 secs 

Total number of iterations 4023 - required further 140 

Chain # 8 - chunk 5 (chain 1 of 1 for this core): increasing by 141 

Iterations: 141 
|-------------|-------------|-------------|-------------|
|-------------------------------------------------------|

Current time: 2024-11-20 11:14:38
MCMC time 14 mins 

USED COMPONENTS: 55 OF 74 

rel. MC standard error: 0.0129 to 0.0532
eff. sample size: 354 to 6000
needed thinning: 2 to 18
Diagnostics time 0.14 secs 

Total number of iterations 4164 - required further 140 

Chain # 8 - chunk 6 (chain 1 of 1 for this core): increasing by 141 

Iterations: 141 
|-------------|-------------|-------------|-------------|
|-------------------------------------------------------|

Current time: 2024-11-20 11:15:05
MCMC time 14 mins 

USED COMPONENTS: 55 OF 74 

rel. MC standard error: 0.0134 to 0.052
eff. sample size: 370 to 5580
needed thinning: 2 to 18
Diagnostics time 0.1 secs 

Total number of iterations 4305 - required further 140 

Chain # 8 - chunk 7 (chain 1 of 1 for this core): increasing by 141 

Iterations: 141 
|-------------|-------------|-------------|-------------|
|-------------------------------------------------------|

Current time: 2024-11-20 11:15:33
MCMC time 15 mins 

USED COMPONENTS: 55 OF 74 

rel. MC standard error: 0.0132 to 0.0512
eff. sample size: 381 to 5740
needed thinning: 2 to 18
Diagnostics time 0.098 secs 

Total number of iterations 4446 - required further 140 

Chain # 8 - chunk 8 (chain 1 of 1 for this core): increasing by 141 

Iterations: 141 
|-------------|-------------|-------------|-------------|
|-------------------------------------------------------|

Current time: 2024-11-20 11:16:01
MCMC time 15 mins 

USED COMPONENTS: 55 OF 74 

rel. MC standard error: 0.0132 to 0.051
eff. sample size: 384 to 5730
needed thinning: 2 to 18
Diagnostics time 0.1 secs 

Total number of iterations 4587 - required further 140 

Chain # 8 - chunk 9 (chain 1 of 1 for this core): increasing by 141 

Iterations: 141 
|-------------|-------------|-------------|-------------|
|-------------------------------------------------------|

Current time: 2024-11-20 11:16:28
MCMC time 16 mins 

USED COMPONENTS: 55 OF 74 

rel. MC standard error: 0.0127 to 0.0509
eff. sample size: 387 to 6240
needed thinning: 2 to 19
Diagnostics time 0.099 secs 

Total number of iterations 4728 - required further 148 

Chain # 8 - chunk 10 (chain 1 of 1 for this core): increasing by 149 

Iterations: 149 
|-------------|-------------|-------------|-------------|
|-------------------------------------------------------|

Current time: 2024-11-20 11:16:58
MCMC time 16 mins 

USED COMPONENTS: 55 OF 74 

rel. MC standard error: 0.0132 to 0.0512
eff. sample size: 381 to 5710
needed thinning: 2 to 20
Diagnostics time 0.1 secs 

Total number of iterations 4877 - required further 155 

Chain # 8 - chunk 11 (chain 1 of 1 for this core): increasing by 156 

Iterations: 156 
|-------------|-------------|-------------|-------------|
|-------------------------------------------------------|

Current time: 2024-11-20 11:17:28
MCMC time 17 mins 

USED COMPONENTS: 55 OF 74 

rel. MC standard error: 0.0122 to 0.0497
eff. sample size: 405 to 6680
needed thinning: 2 to 19
Diagnostics time 0.15 secs 

Total number of iterations 5033 - required further 0 

Keeping last 60 samples with thinning 19 

Plotting traces and samples.

Current time: 2024-11-20 11:17:29
MCMC + diagnostics time 17 mins 

Current time: 2024-11-20 11:17:29
Total time 17 mins 
loaded inferno and set parent environment
loaded inferno and set parent environment
loaded inferno and set parent environment
loaded inferno and set parent environment
