Log core 18 - Current time: 2024-11-20 10:55:25
Defining model
Building model
Setting data and initial values
Running calculate on model
  [Note] Any error reports that follow may simply reflect missing values in model variables.
Checking model sizes and dimensions
Compiling
  [Note] This may take a minute.
  [Note] Use 'showCompilerOutput = TRUE' to see C++ compilation details.
===== Monitors =====
thin = 1: Bprob, Rmean, Rvar, W
thin2 = 1: K
===== Samplers =====
conjugate sampler (519)
  - Rmean[]  (148 elements)
  - Rrate[]  (148 elements)
  - Bprob[]  (74 elements)
  - Rvar[]  (148 elements)
  - W[1:74] 
categorical sampler (2401)
  - Alpha
  - K[]  (2400 elements)
===== Monitors =====
thin = 1: Bprob, Rmean, Rvar, W
thin2 = 1: K
===== Samplers =====
slice sampler (2401)
  - Alpha
  - K[]  (2400 elements)
conjugate sampler (519)
  - Rmean[]  (148 elements)
  - Rrate[]  (148 elements)
  - Bprob[]  (74 elements)
  - Rvar[]  (148 elements)
  - W[1:74] 
Compiling
  [Note] This may take a minute.
  [Note] Use 'showCompilerOutput = TRUE' to see C++ compilation details.

Setup time 8.9 mins 

Chain # 18 (chain 1 of 1 for this core)

Datapoints for testing convergence:
 #329 #330 #379 #437 #717 #795 #954 #970 #1098 #1117 #1425 #1526 #1553 #1852 #1930 #1985 #2042 #2149 #2221 #2326 

Iterations: 3600 
|-------------|-------------|-------------|-------------|
|-------------------------------------------------------|

Current time: 2024-11-20 11:21:03
MCMC time 17 mins 

USED COMPONENTS: 58 OF 74 

rel. MC standard error: 0.0166 to 0.0743
eff. sample size: 181 to 3620
needed thinning: 2 to 30
Diagnostics time 2.3 secs 

Total number of iterations 3600 - required further 233 

Chain # 18 - chunk 2 (chain 1 of 1 for this core): increasing by 234 

Iterations: 234 
|-------------|-------------|-------------|-------------|
|-------------------------------------------------------|

Current time: 2024-11-20 11:21:53
MCMC time 18 mins 

USED COMPONENTS: 58 OF 74 

rel. MC standard error: 0.0161 to 0.0711
eff. sample size: 198 to 3850
needed thinning: 2 to 30
Diagnostics time 0.13 secs 

Total number of iterations 3834 - required further 233 

Chain # 18 - chunk 3 (chain 1 of 1 for this core): increasing by 234 

Iterations: 234 
|-------------|-------------|-------------|-------------|
|-------------------------------------------------------|

Current time: 2024-11-20 11:22:39
MCMC time 18 mins 

USED COMPONENTS: 58 OF 74 

rel. MC standard error: 0.0151 to 0.0691
eff. sample size: 209 to 4380
needed thinning: 2 to 30
Diagnostics time 0.14 secs 

Total number of iterations 4068 - required further 233 

Chain # 18 - chunk 4 (chain 1 of 1 for this core): increasing by 234 

Iterations: 234 
|-------------|-------------|-------------|-------------|
|-------------------------------------------------------|

Current time: 2024-11-20 11:23:26
MCMC time 19 mins 

USED COMPONENTS: 58 OF 74 

rel. MC standard error: 0.0139 to 0.067
eff. sample size: 223 to 5160
needed thinning: 2 to 29
Diagnostics time 0.17 secs 

Total number of iterations 4302 - required further 225 

Chain # 18 - chunk 5 (chain 1 of 1 for this core): increasing by 226 

Iterations: 226 
|-------------|-------------|-------------|-------------|
|-------------------------------------------------------|

Current time: 2024-11-20 11:24:11
MCMC time 20 mins 

USED COMPONENTS: 58 OF 74 

rel. MC standard error: 0.0135 to 0.0645
eff. sample size: 240 to 5450
needed thinning: 2 to 29
Diagnostics time 0.17 secs 

Total number of iterations 4528 - required further 225 

Chain # 18 - chunk 6 (chain 1 of 1 for this core): increasing by 226 

Iterations: 226 
|-------------|-------------|-------------|-------------|
|-------------------------------------------------------|

Current time: 2024-11-20 11:24:56
MCMC time 21 mins 

USED COMPONENTS: 58 OF 74 

rel. MC standard error: 0.0132 to 0.0631
eff. sample size: 251 to 5700
needed thinning: 2 to 29
Diagnostics time 0.16 secs 

Total number of iterations 4754 - required further 225 

Chain # 18 - chunk 7 (chain 1 of 1 for this core): increasing by 226 

Iterations: 226 
|-------------|-------------|-------------|-------------|
|-------------------------------------------------------|

Current time: 2024-11-20 11:25:41
MCMC time 21 mins 

USED COMPONENTS: 58 OF 74 

rel. MC standard error: 0.0129 to 0.0641
eff. sample size: 243 to 6030
needed thinning: 2 to 31
Diagnostics time 0.16 secs 

Total number of iterations 4980 - required further 241 

Chain # 18 - chunk 8 (chain 1 of 1 for this core): increasing by 242 

Iterations: 242 
|-------------|-------------|-------------|-------------|
|-------------------------------------------------------|

Current time: 2024-11-20 11:26:29
MCMC time 22 mins 

USED COMPONENTS: 58 OF 74 

rel. MC standard error: 0.0119 to 0.0644
eff. sample size: 241 to 7100
needed thinning: 2 to 33
Diagnostics time 0.17 secs 

Total number of iterations 5222 - required further 256 

Chain # 18 - chunk 9 (chain 1 of 1 for this core): increasing by 257 

Iterations: 257 
|-------------|-------------|-------------|-------------|
|-------------------------------------------------------|

Current time: 2024-11-20 11:27:21
MCMC time 23 mins 

USED COMPONENTS: 57 OF 74 

rel. MC standard error: 0.012 to 0.065
eff. sample size: 236 to 6940
needed thinning: 2 to 35
Diagnostics time 0.25 secs 

Total number of iterations 5479 - required further 272 

Chain # 18 - chunk 10 (chain 1 of 1 for this core): increasing by 273 

Iterations: 273 
|-------------|-------------|-------------|-------------|
|-------------------------------------------------------|

Current time: 2024-11-20 11:28:15
MCMC time 24 mins 

USED COMPONENTS: 57 OF 74 

rel. MC standard error: 0.0125 to 0.0634
eff. sample size: 249 to 6380
needed thinning: 2 to 35
Diagnostics time 0.19 secs 

Total number of iterations 5752 - required further 272 

Chain # 18 - chunk 11 (chain 1 of 1 for this core): increasing by 273 

Iterations: 273 
|-------------|-------------|-------------|-------------|
|-------------------------------------------------------|

Current time: 2024-11-20 11:29:08
MCMC time 25 mins 

USED COMPONENTS: 57 OF 74 

rel. MC standard error: 0.0128 to 0.0638
eff. sample size: 246 to 6120
needed thinning: 2 to 37
Diagnostics time 0.19 secs 

Total number of iterations 6025 - required further 287 

Chain # 18 - chunk 12 (chain 1 of 1 for this core): increasing by 288 

Iterations: 288 
|-------------|-------------|-------------|-------------|
|-------------------------------------------------------|

Current time: 2024-11-20 11:30:05
MCMC time 26 mins 

USED COMPONENTS: 57 OF 74 

rel. MC standard error: 0.0114 to 0.0649
eff. sample size: 238 to 7720
needed thinning: 2 to 40
Diagnostics time 0.2 secs 

Total number of iterations 6313 - required further 310 

Chain # 18 - chunk 13 (chain 1 of 1 for this core): increasing by 311 

Iterations: 311 
|-------------|-------------|-------------|-------------|
|-------------------------------------------------------|

Current time: 2024-11-20 11:31:06
MCMC time 27 mins 

USED COMPONENTS: 57 OF 74 

rel. MC standard error: 0.0113 to 0.0658
eff. sample size: 231 to 7780
needed thinning: 2 to 43
Diagnostics time 0.2 secs 

Total number of iterations 6624 - required further 334 

Chain # 18 - chunk 14 (chain 1 of 1 for this core): increasing by 335 

Iterations: 335 
|-------------|-------------|-------------|-------------|
|-------------------------------------------------------|

Current time: 2024-11-20 11:32:12
MCMC time 28 mins 

USED COMPONENTS: 57 OF 74 

rel. MC standard error: 0.0113 to 0.0651
eff. sample size: 236 to 7800
needed thinning: 2 to 45
Diagnostics time 0.22 secs 

Total number of iterations 6959 - required further 349 

Chain # 18 - chunk 15 (chain 1 of 1 for this core): increasing by 350 

Iterations: 350 
|-------------|-------------|-------------|-------------|
|-------------------------------------------------------|

Current time: 2024-11-20 11:33:21
MCMC time 29 mins 

USED COMPONENTS: 57 OF 74 

rel. MC standard error: 0.0103 to 0.0648
eff. sample size: 238 to 9480
needed thinning: 2 to 46
Diagnostics time 0.23 secs 

Total number of iterations 7309 - required further 357 

Chain # 18 - chunk 16 (chain 1 of 1 for this core): increasing by 358 

Iterations: 358 
|-------------|-------------|-------------|-------------|
|-------------------------------------------------------|

Current time: 2024-11-20 11:34:32
MCMC time 30 mins 

USED COMPONENTS: 58 OF 74 

rel. MC standard error: 0.0111 to 0.0643
eff. sample size: 242 to 8070
needed thinning: 2 to 48
Diagnostics time 0.23 secs 

Total number of iterations 7667 - required further 372 

Chain # 18 - chunk 17 (chain 1 of 1 for this core): increasing by 373 

Iterations: 373 
|-------------|-------------|-------------|-------------|
|-------------------------------------------------------|

Current time: 2024-11-20 11:35:46
MCMC time 31 mins 

USED COMPONENTS: 57 OF 74 

rel. MC standard error: 0.011 to 0.0629
eff. sample size: 253 to 8300
needed thinning: 2 to 48
Diagnostics time 0.31 secs 

Total number of iterations 8040 - required further 372 

Chain # 18 - chunk 18 (chain 1 of 1 for this core): increasing by 373 

Iterations: 373 
|-------------|-------------|-------------|-------------|
|-------------------------------------------------------|

Current time: 2024-11-20 11:37:00
MCMC time 33 mins 

USED COMPONENTS: 57 OF 74 

rel. MC standard error: 0.0107 to 0.0614
eff. sample size: 266 to 8680
needed thinning: 2 to 48
Diagnostics time 0.23 secs 

Total number of iterations 8413 - required further 372 

Chain # 18 - chunk 19 (chain 1 of 1 for this core): increasing by 373 

Iterations: 373 
|-------------|-------------|-------------|-------------|
|-------------------------------------------------------|

Current time: 2024-11-20 11:38:14
MCMC time 34 mins 

USED COMPONENTS: 57 OF 74 

rel. MC standard error: 0.0108 to 0.061
eff. sample size: 268 to 8650
needed thinning: 2 to 50
Diagnostics time 0.23 secs 

Total number of iterations 8786 - required further 388 

Chain # 18 - chunk 20 (chain 1 of 1 for this core): increasing by 389 

Iterations: 389 
|-------------|-------------|-------------|-------------|
|-------------------------------------------------------|

Current time: 2024-11-20 11:39:31
MCMC time 35 mins 

USED COMPONENTS: 57 OF 74 

rel. MC standard error: 0.0107 to 0.0596
eff. sample size: 281 to 8690
needed thinning: 2 to 49
Diagnostics time 0.21 secs 

Total number of iterations 9175 - required further 380 

Chain # 18 - chunk 21 (chain 1 of 1 for this core): increasing by 381 

Iterations: 381 
|-------------|-------------|-------------|-------------|
|-------------------------------------------------------|

Current time: 2024-11-20 11:40:46
MCMC time 36 mins 

USED COMPONENTS: 58 OF 74 

rel. MC standard error: 0.01 to 0.0593
eff. sample size: 284 to 10000
needed thinning: 2 to 51
Diagnostics time 0.23 secs 

Total number of iterations 9556 - required further 396 

Chain # 18 - chunk 22 (chain 1 of 1 for this core): increasing by 397 

Iterations: 397 
|-------------|-------------|-------------|-------------|
|-------------------------------------------------------|

Current time: 2024-11-20 11:42:05
MCMC time 38 mins 

USED COMPONENTS: 58 OF 74 

rel. MC standard error: 0.00988 to 0.0584
eff. sample size: 294 to 10200
needed thinning: 2 to 51
Diagnostics time 0.29 secs 

Total number of iterations 9953 - required further 396 

Chain # 18 - chunk 23 (chain 1 of 1 for this core): increasing by 397 

Iterations: 397 
|-------------|-------------|-------------|-------------|
|-------------------------------------------------------|

Current time: 2024-11-20 11:43:23
MCMC time 39 mins 

USED COMPONENTS: 58 OF 74 

rel. MC standard error: 0.00958 to 0.0574
eff. sample size: 303 to 10900
needed thinning: 2 to 52
Diagnostics time 0.82 secs 

Total number of iterations 10350 - required further 403 

Chain # 18 - chunk 24 (chain 1 of 1 for this core): increasing by 404 

Iterations: 404 
|-------------|-------------|-------------|-------------|
|-------------------------------------------------------|

Current time: 2024-11-20 11:44:43
MCMC time 40 mins 

USED COMPONENTS: 57 OF 74 

rel. MC standard error: 0.00954 to 0.0566
eff. sample size: 312 to 11000
needed thinning: 2 to 52
Diagnostics time 0.25 secs 

Total number of iterations 10754 - required further 403 

Chain # 18 - chunk 25 (chain 1 of 1 for this core): increasing by 404 

Iterations: 404 
|-------------|-------------|-------------|-------------|
|-------------------------------------------------------|

Current time: 2024-11-20 11:46:03
MCMC time 42 mins 

USED COMPONENTS: 58 OF 74 

rel. MC standard error: 0.00887 to 0.0559
eff. sample size: 320 to 12700
needed thinning: 2 to 53
Diagnostics time 0.25 secs 

Total number of iterations 11158 - required further 411 

Chain # 18 - chunk 26 (chain 1 of 1 for this core): increasing by 412 

Iterations: 412 
|-------------|-------------|-------------|-------------|
|-------------------------------------------------------|

Current time: 2024-11-20 11:47:25
MCMC time 43 mins 

USED COMPONENTS: 58 OF 74 

rel. MC standard error: 0.00941 to 0.0557
eff. sample size: 322 to 11300
needed thinning: 2 to 54
Diagnostics time 0.27 secs 

Total number of iterations 11570 - required further 419 

Chain # 18 - chunk 27 (chain 1 of 1 for this core): increasing by 420 

Iterations: 420 
|-------------|-------------|-------------|-------------|
|-------------------------------------------------------|

Current time: 2024-11-20 11:48:48
MCMC time 44 mins 

USED COMPONENTS: 58 OF 74 

rel. MC standard error: 0.00859 to 0.0549
eff. sample size: 332 to 13600
needed thinning: 2 to 55
Diagnostics time 0.24 secs 

Total number of iterations 11990 - required further 427 

Chain # 18 - chunk 28 (chain 1 of 1 for this core): increasing by 428 

Iterations: 428 
|-------------|-------------|-------------|-------------|
|-------------------------------------------------------|

Current time: 2024-11-20 11:50:12
MCMC time 46 mins 

USED COMPONENTS: 58 OF 74 

rel. MC standard error: 0.00913 to 0.0548
eff. sample size: 333 to 12000
needed thinning: 2 to 56
Diagnostics time 0.34 secs 

Total number of iterations 12418 - required further 434 

Chain # 18 - chunk 29 (chain 1 of 1 for this core): increasing by 435 

Iterations: 435 
|-------------|-------------|-------------|-------------|
|-------------------------------------------------------|

Current time: 2024-11-20 11:51:40
MCMC time 47 mins 

USED COMPONENTS: 58 OF 74 

rel. MC standard error: 0.00857 to 0.054
eff. sample size: 342 to 13600
needed thinning: 2 to 57
Diagnostics time 0.28 secs 

Total number of iterations 12853 - required further 442 

Chain # 18 - chunk 30 (chain 1 of 1 for this core): increasing by 443 

Iterations: 443 
|-------------|-------------|-------------|-------------|
|-------------------------------------------------------|

Current time: 2024-11-20 11:53:08
MCMC time 49 mins 

USED COMPONENTS: 58 OF 74 

rel. MC standard error: 0.00836 to 0.0527
eff. sample size: 360 to 14300
needed thinning: 2 to 56
Diagnostics time 0.25 secs 

Total number of iterations 13296 - required further 434 

Chain # 18 - chunk 31 (chain 1 of 1 for this core): increasing by 435 

Iterations: 435 
|-------------|-------------|-------------|-------------|
|-------------------------------------------------------|

Current time: 2024-11-20 11:54:35
MCMC time 50 mins 

USED COMPONENTS: 58 OF 74 

rel. MC standard error: 0.00848 to 0.0523
eff. sample size: 365 to 13900
needed thinning: 2 to 57
Diagnostics time 0.23 secs 

Total number of iterations 13731 - required further 442 

Chain # 18 - chunk 32 (chain 1 of 1 for this core): increasing by 443 

Iterations: 443 
|-------------|-------------|-------------|-------------|
|-------------------------------------------------------|

Current time: 2024-11-20 11:56:02
MCMC time 52 mins 

USED COMPONENTS: 58 OF 74 

rel. MC standard error: 0.00827 to 0.0524
eff. sample size: 364 to 14600
needed thinning: 2 to 59
Diagnostics time 0.26 secs 

Total number of iterations 14174 - required further 458 

Chain # 18 - chunk 33 (chain 1 of 1 for this core): increasing by 459 

Iterations: 459 
|-------------|-------------|-------------|-------------|
|-------------------------------------------------------|

Current time: 2024-11-20 11:57:33
MCMC time 53 mins 

USED COMPONENTS: 57 OF 74 

rel. MC standard error: 0.00763 to 0.0511
eff. sample size: 383 to 17200
needed thinning: 2 to 58
Diagnostics time 0.26 secs 

Total number of iterations 14633 - required further 450 

Chain # 18 - chunk 34 (chain 1 of 1 for this core): increasing by 451 

Iterations: 451 
|-------------|-------------|-------------|-------------|
|-------------------------------------------------------|

Current time: 2024-11-20 11:59:02
MCMC time 55 mins 

USED COMPONENTS: 58 OF 74 

rel. MC standard error: 0.00821 to 0.05
eff. sample size: 400 to 14800
needed thinning: 2 to 57
Diagnostics time 0.32 secs 

Total number of iterations 15084 - required further 442 

Chain # 18 - chunk 35 (chain 1 of 1 for this core): increasing by 443 

Iterations: 443 
|-------------|-------------|-------------|-------------|
|-------------------------------------------------------|

Current time: 2024-11-20 12:00:30
MCMC time 56 mins 

USED COMPONENTS: 57 OF 74 

rel. MC standard error: 0.00813 to 0.0496
eff. sample size: 406 to 15100
needed thinning: 2 to 58
Diagnostics time 0.26 secs 

Total number of iterations 15527 - required further 0 

Keeping last 60 samples with thinning 58 

Plotting traces and samples.

Current time: 2024-11-20 12:00:31
MCMC + diagnostics time 56 mins 

Current time: 2024-11-20 12:00:31
Total time 56 mins 
loaded inferno and set parent environment
loaded inferno and set parent environment
loaded inferno and set parent environment
loaded inferno and set parent environment
