Log core 7 - Current time: 2024-11-20 10:55:25
Defining model
Building model
Setting data and initial values
Running calculate on model
  [Note] Any error reports that follow may simply reflect missing values in model variables.
Checking model sizes and dimensions
Compiling
  [Note] This may take a minute.
  [Note] Use 'showCompilerOutput = TRUE' to see C++ compilation details.
===== Monitors =====
thin = 1: Bprob, Rmean, Rvar, W
thin2 = 1: K
===== Samplers =====
conjugate sampler (519)
  - Rmean[]  (148 elements)
  - Rrate[]  (148 elements)
  - Bprob[]  (74 elements)
  - Rvar[]  (148 elements)
  - W[1:74] 
categorical sampler (2401)
  - Alpha
  - K[]  (2400 elements)
===== Monitors =====
thin = 1: Bprob, Rmean, Rvar, W
thin2 = 1: K
===== Samplers =====
slice sampler (2401)
  - Alpha
  - K[]  (2400 elements)
conjugate sampler (519)
  - Rmean[]  (148 elements)
  - Rrate[]  (148 elements)
  - Bprob[]  (74 elements)
  - Rvar[]  (148 elements)
  - W[1:74] 
Compiling
  [Note] This may take a minute.
  [Note] Use 'showCompilerOutput = TRUE' to see C++ compilation details.

Setup time 9.1 mins 

Chain # 7 (chain 1 of 1 for this core)

Datapoints for testing convergence:
 #88 #133 #235 #255 #256 #340 #381 #419 #828 #1378 #1509 #1591 #1631 #1704 #1900 #1991 #2004 #2060 #2225 #2354 

Iterations: 3600 
|-------------|-------------|-------------|-------------|
|-------------------------------------------------------|

Current time: 2024-11-20 11:22:07
MCMC time 18 mins 

USED COMPONENTS: 54 OF 74 

rel. MC standard error: 0.0157 to 0.0716
eff. sample size: 195 to 4080
needed thinning: 2 to 28
Diagnostics time 2.3 secs 

Total number of iterations 3600 - required further 217 

Chain # 7 - chunk 2 (chain 1 of 1 for this core): increasing by 218 

Iterations: 218 
|-------------|-------------|-------------|-------------|
|-------------------------------------------------------|

Current time: 2024-11-20 11:22:52
MCMC time 18 mins 

USED COMPONENTS: 52 OF 74 

rel. MC standard error: 0.014 to 0.0703
eff. sample size: 202 to 5090
needed thinning: 2 to 29
Diagnostics time 0.12 secs 

Total number of iterations 3818 - required further 225 

Chain # 7 - chunk 3 (chain 1 of 1 for this core): increasing by 226 

Iterations: 226 
|-------------|-------------|-------------|-------------|
|-------------------------------------------------------|

Current time: 2024-11-20 11:23:35
MCMC time 19 mins 

USED COMPONENTS: 52 OF 74 

rel. MC standard error: 0.0145 to 0.0678
eff. sample size: 218 to 4790
needed thinning: 2 to 28
Diagnostics time 0.13 secs 

Total number of iterations 4044 - required further 217 

Chain # 7 - chunk 4 (chain 1 of 1 for this core): increasing by 218 

Iterations: 218 
|-------------|-------------|-------------|-------------|
|-------------------------------------------------------|

Current time: 2024-11-20 11:24:16
MCMC time 20 mins 

USED COMPONENTS: 52 OF 74 

rel. MC standard error: 0.0151 to 0.0665
eff. sample size: 226 to 4390
needed thinning: 2 to 29
Diagnostics time 0.17 secs 

Total number of iterations 4262 - required further 225 

Chain # 7 - chunk 5 (chain 1 of 1 for this core): increasing by 226 

Iterations: 226 
|-------------|-------------|-------------|-------------|
|-------------------------------------------------------|

Current time: 2024-11-20 11:25:00
MCMC time 20 mins 

USED COMPONENTS: 52 OF 74 

rel. MC standard error: 0.0143 to 0.0645
eff. sample size: 240 to 4860
needed thinning: 2 to 29
Diagnostics time 0.17 secs 

Total number of iterations 4488 - required further 225 

Chain # 7 - chunk 6 (chain 1 of 1 for this core): increasing by 226 

Iterations: 226 
|-------------|-------------|-------------|-------------|
|-------------------------------------------------------|

Current time: 2024-11-20 11:25:43
MCMC time 21 mins 

USED COMPONENTS: 53 OF 74 

rel. MC standard error: 0.0135 to 0.0633
eff. sample size: 250 to 5470
needed thinning: 2 to 29
Diagnostics time 0.17 secs 

Total number of iterations 4714 - required further 225 

Chain # 7 - chunk 7 (chain 1 of 1 for this core): increasing by 226 

Iterations: 226 
|-------------|-------------|-------------|-------------|
|-------------------------------------------------------|

Current time: 2024-11-20 11:26:26
MCMC time 22 mins 

USED COMPONENTS: 52 OF 74 

rel. MC standard error: 0.0139 to 0.0617
eff. sample size: 262 to 5180
needed thinning: 2 to 29
Diagnostics time 0.13 secs 

Total number of iterations 4940 - required further 225 

Chain # 7 - chunk 8 (chain 1 of 1 for this core): increasing by 226 

Iterations: 226 
|-------------|-------------|-------------|-------------|
|-------------------------------------------------------|

Current time: 2024-11-20 11:27:11
MCMC time 23 mins 

USED COMPONENTS: 52 OF 74 

rel. MC standard error: 0.0136 to 0.0594
eff. sample size: 284 to 5400
needed thinning: 2 to 28
Diagnostics time 0.19 secs 

Total number of iterations 5166 - required further 217 

Chain # 7 - chunk 9 (chain 1 of 1 for this core): increasing by 218 

Iterations: 218 
|-------------|-------------|-------------|-------------|
|-------------------------------------------------------|

Current time: 2024-11-20 11:27:54
MCMC time 23 mins 

USED COMPONENTS: 52 OF 74 

rel. MC standard error: 0.0126 to 0.0569
eff. sample size: 309 to 6290
needed thinning: 2 to 27
Diagnostics time 0.37 secs 

Total number of iterations 5384 - required further 210 

Chain # 7 - chunk 10 (chain 1 of 1 for this core): increasing by 211 

Iterations: 211 
|-------------|-------------|-------------|-------------|
|-------------------------------------------------------|

Current time: 2024-11-20 11:28:35
MCMC time 24 mins 

USED COMPONENTS: 53 OF 74 

rel. MC standard error: 0.0127 to 0.0551
eff. sample size: 329 to 6210
needed thinning: 2 to 26
Diagnostics time 0.15 secs 

Total number of iterations 5595 - required further 202 

Chain # 7 - chunk 11 (chain 1 of 1 for this core): increasing by 203 

Iterations: 203 
|-------------|-------------|-------------|-------------|
|-------------------------------------------------------|

Current time: 2024-11-20 11:29:14
MCMC time 25 mins 

USED COMPONENTS: 52 OF 74 

rel. MC standard error: 0.0122 to 0.0533
eff. sample size: 352 to 6720
needed thinning: 2 to 25
Diagnostics time 0.18 secs 

Total number of iterations 5798 - required further 194 

Chain # 7 - chunk 12 (chain 1 of 1 for this core): increasing by 195 

Iterations: 195 
|-------------|-------------|-------------|-------------|
|-------------------------------------------------------|

Current time: 2024-11-20 11:29:52
MCMC time 25 mins 

USED COMPONENTS: 52 OF 74 

rel. MC standard error: 0.012 to 0.0524
eff. sample size: 365 to 6990
needed thinning: 2 to 25
Diagnostics time 0.18 secs 

Total number of iterations 5993 - required further 194 

Chain # 7 - chunk 13 (chain 1 of 1 for this core): increasing by 195 

Iterations: 195 
|-------------|-------------|-------------|-------------|
|-------------------------------------------------------|

Current time: 2024-11-20 11:30:29
MCMC time 26 mins 

USED COMPONENTS: 52 OF 74 

rel. MC standard error: 0.012 to 0.052
eff. sample size: 369 to 6950
needed thinning: 2 to 26
Diagnostics time 0.12 secs 

Total number of iterations 6188 - required further 202 

Chain # 7 - chunk 14 (chain 1 of 1 for this core): increasing by 203 

Iterations: 203 
|-------------|-------------|-------------|-------------|
|-------------------------------------------------------|

Current time: 2024-11-20 11:31:09
MCMC time 27 mins 

USED COMPONENTS: 52 OF 74 

rel. MC standard error: 0.0113 to 0.0495
eff. sample size: 408 to 7820
needed thinning: 2 to 24
Diagnostics time 0.18 secs 

Total number of iterations 6391 - required further 0 

Keeping last 60 samples with thinning 24 

Plotting traces and samples.

Current time: 2024-11-20 11:31:10
MCMC + diagnostics time 27 mins 

Current time: 2024-11-20 11:31:10
Total time 27 mins 
loaded inferno and set parent environment
loaded inferno and set parent environment
loaded inferno and set parent environment
loaded inferno and set parent environment
