Log core 3 - Current time: 2024-11-20 10:55:25
Defining model
Building model
Setting data and initial values
Running calculate on model
  [Note] Any error reports that follow may simply reflect missing values in model variables.
Checking model sizes and dimensions
Compiling
  [Note] This may take a minute.
  [Note] Use 'showCompilerOutput = TRUE' to see C++ compilation details.
===== Monitors =====
thin = 1: Bprob, Rmean, Rvar, W
thin2 = 1: K
===== Samplers =====
conjugate sampler (519)
  - Rmean[]  (148 elements)
  - Rrate[]  (148 elements)
  - Bprob[]  (74 elements)
  - Rvar[]  (148 elements)
  - W[1:74] 
categorical sampler (2401)
  - Alpha
  - K[]  (2400 elements)
===== Monitors =====
thin = 1: Bprob, Rmean, Rvar, W
thin2 = 1: K
===== Samplers =====
slice sampler (2401)
  - Alpha
  - K[]  (2400 elements)
conjugate sampler (519)
  - Rmean[]  (148 elements)
  - Rrate[]  (148 elements)
  - Bprob[]  (74 elements)
  - Rvar[]  (148 elements)
  - W[1:74] 
Compiling
  [Note] This may take a minute.
  [Note] Use 'showCompilerOutput = TRUE' to see C++ compilation details.

Setup time 9 mins 

Chain # 3 (chain 1 of 1 for this core)

Datapoints for testing convergence:
 #144 #333 #349 #391 #399 #403 #578 #1031 #1111 #1407 #1552 #1636 #1675 #1736 #1738 #1807 #1865 #1947 #1966 #2034 

Iterations: 3600 
|-------------|-------------|-------------|-------------|
|-------------------------------------------------------|

Current time: 2024-11-20 11:21:12
MCMC time 17 mins 

USED COMPONENTS: 55 OF 74 

rel. MC standard error: 0.0146 to 0.103
eff. sample size: 94.8 to 4660
needed thinning: 2 to 57
Diagnostics time 2.3 secs 

Total number of iterations 3600 - required further 442 

Chain # 3 - chunk 2 (chain 1 of 1 for this core): increasing by 443 

Iterations: 443 
|-------------|-------------|-------------|-------------|
|-------------------------------------------------------|

Current time: 2024-11-20 11:22:41
MCMC time 18 mins 

USED COMPONENTS: 55 OF 74 

rel. MC standard error: 0.0151 to 0.102
eff. sample size: 96.3 to 4370
needed thinning: 2 to 63
Diagnostics time 0.26 secs 

Total number of iterations 4043 - required further 488 

Chain # 3 - chunk 3 (chain 1 of 1 for this core): increasing by 489 

Iterations: 489 
|-------------|-------------|-------------|-------------|
|-------------------------------------------------------|

Current time: 2024-11-20 11:24:16
MCMC time 20 mins 

USED COMPONENTS: 55 OF 74 

rel. MC standard error: 0.014 to 0.098
eff. sample size: 104 to 5110
needed thinning: 2 to 66
Diagnostics time 0.29 secs 

Total number of iterations 4532 - required further 512 

Chain # 3 - chunk 4 (chain 1 of 1 for this core): increasing by 513 

Iterations: 513 
|-------------|-------------|-------------|-------------|
|-------------------------------------------------------|

Current time: 2024-11-20 11:25:56
MCMC time 22 mins 

USED COMPONENTS: 55 OF 74 

rel. MC standard error: 0.0139 to 0.0965
eff. sample size: 107 to 5210
needed thinning: 2 to 71
Diagnostics time 0.37 secs 

Total number of iterations 5045 - required further 550 

Chain # 3 - chunk 5 (chain 1 of 1 for this core): increasing by 551 

Iterations: 551 
|-------------|-------------|-------------|-------------|
|-------------------------------------------------------|

Current time: 2024-11-20 11:27:44
MCMC time 23 mins 

USED COMPONENTS: 55 OF 74 

rel. MC standard error: 0.0128 to 0.0934
eff. sample size: 115 to 6090
needed thinning: 2 to 74
Diagnostics time 0.32 secs 

Total number of iterations 5596 - required further 574 

Chain # 3 - chunk 6 (chain 1 of 1 for this core): increasing by 575 

Iterations: 575 
|-------------|-------------|-------------|-------------|
|-------------------------------------------------------|

Current time: 2024-11-20 11:29:36
MCMC time 25 mins 

USED COMPONENTS: 54 OF 74 

rel. MC standard error: 0.0125 to 0.0904
eff. sample size: 122 to 6430
needed thinning: 2 to 76
Diagnostics time 0.28 secs 

Total number of iterations 6171 - required further 589 

Chain # 3 - chunk 7 (chain 1 of 1 for this core): increasing by 590 

Iterations: 590 
|-------------|-------------|-------------|-------------|
|-------------------------------------------------------|

Current time: 2024-11-20 11:31:32
MCMC time 27 mins 

USED COMPONENTS: 56 OF 74 

rel. MC standard error: 0.0106 to 0.0889
eff. sample size: 127 to 8850
needed thinning: 2 to 81
Diagnostics time 0.38 secs 

Total number of iterations 6761 - required further 628 

Chain # 3 - chunk 8 (chain 1 of 1 for this core): increasing by 629 

Iterations: 629 
|-------------|-------------|-------------|-------------|
|-------------------------------------------------------|

Current time: 2024-11-20 11:33:35
MCMC time 29 mins 

USED COMPONENTS: 54 OF 74 

rel. MC standard error: 0.0105 to 0.0857
eff. sample size: 136 to 9050
needed thinning: 2 to 82
Diagnostics time 0.99 secs 

Total number of iterations 7390 - required further 636 

Chain # 3 - chunk 9 (chain 1 of 1 for this core): increasing by 637 

Iterations: 637 
|-------------|-------------|-------------|-------------|
|-------------------------------------------------------|

Current time: 2024-11-20 11:35:41
MCMC time 31 mins 

USED COMPONENTS: 54 OF 74 

rel. MC standard error: 0.0101 to 0.0848
eff. sample size: 139 to 9790
needed thinning: 2 to 87
Diagnostics time 0.33 secs 

Total number of iterations 8027 - required further 674 

Chain # 3 - chunk 10 (chain 1 of 1 for this core): increasing by 675 

Iterations: 675 
|-------------|-------------|-------------|-------------|
|-------------------------------------------------------|

Current time: 2024-11-20 11:37:51
MCMC time 33 mins 

USED COMPONENTS: 55 OF 74 

rel. MC standard error: 0.00954 to 0.0829
eff. sample size: 145 to 11000
needed thinning: 2 to 90
Diagnostics time 0.99 secs 

Total number of iterations 8702 - required further 698 

Chain # 3 - chunk 11 (chain 1 of 1 for this core): increasing by 699 

Iterations: 699 
|-------------|-------------|-------------|-------------|
|-------------------------------------------------------|

Current time: 2024-11-20 11:40:07
MCMC time 36 mins 

USED COMPONENTS: 54 OF 74 

rel. MC standard error: 0.00976 to 0.0806
eff. sample size: 154 to 10500
needed thinning: 2 to 92
Diagnostics time 0.37 secs 

Total number of iterations 9401 - required further 713 

Chain # 3 - chunk 12 (chain 1 of 1 for this core): increasing by 714 

Iterations: 714 
|-------------|-------------|-------------|-------------|
|-------------------------------------------------------|

Current time: 2024-11-20 11:42:25
MCMC time 38 mins 

USED COMPONENTS: 54 OF 74 

rel. MC standard error: 0.00937 to 0.0787
eff. sample size: 162 to 11400
needed thinning: 2 to 94
Diagnostics time 0.37 secs 

Total number of iterations 10115 - required further 729 

Chain # 3 - chunk 13 (chain 1 of 1 for this core): increasing by 730 

Iterations: 730 
|-------------|-------------|-------------|-------------|
|-------------------------------------------------------|

Current time: 2024-11-20 11:44:46
MCMC time 40 mins 

USED COMPONENTS: 54 OF 74 

rel. MC standard error: 0.00863 to 0.0771
eff. sample size: 168 to 13400
needed thinning: 2 to 97
Diagnostics time 0.4 secs 

Total number of iterations 10845 - required further 752 

Chain # 3 - chunk 14 (chain 1 of 1 for this core): increasing by 753 

Iterations: 753 
|-------------|-------------|-------------|-------------|
|-------------------------------------------------------|

Current time: 2024-11-20 11:47:12
MCMC time 43 mins 

USED COMPONENTS: 55 OF 74 

rel. MC standard error: 0.00811 to 0.075
eff. sample size: 178 to 15200
needed thinning: 2 to 98
Diagnostics time 0.47 secs 

Total number of iterations 11598 - required further 760 

Chain # 3 - chunk 15 (chain 1 of 1 for this core): increasing by 761 

Iterations: 761 
|-------------|-------------|-------------|-------------|
|-------------------------------------------------------|

Current time: 2024-11-20 11:49:41
MCMC time 45 mins 

USED COMPONENTS: 54 OF 74 

rel. MC standard error: 0.00844 to 0.0734
eff. sample size: 186 to 14000
needed thinning: 2 to 100
Diagnostics time 1.1 secs 

Total number of iterations 12359 - required further 775 

Chain # 3 - chunk 16 (chain 1 of 1 for this core): increasing by 776 

Iterations: 776 
|-------------|-------------|-------------|-------------|
|-------------------------------------------------------|

Current time: 2024-11-20 11:52:14
MCMC time 48 mins 

USED COMPONENTS: 55 OF 74 

rel. MC standard error: 0.00888 to 0.0711
eff. sample size: 198 to 12700
needed thinning: 2 to 100
Diagnostics time 0.4 secs 

Total number of iterations 13135 - required further 775 

Chain # 3 - chunk 17 (chain 1 of 1 for this core): increasing by 776 

Iterations: 776 
|-------------|-------------|-------------|-------------|
|-------------------------------------------------------|

Current time: 2024-11-20 11:54:47
MCMC time 50 mins 

USED COMPONENTS: 56 OF 74 

rel. MC standard error: 0.00848 to 0.0711
eff. sample size: 198 to 13900
needed thinning: 2 to 106
Diagnostics time 0.41 secs 

Total number of iterations 13911 - required further 822 

Chain # 3 - chunk 18 (chain 1 of 1 for this core): increasing by 823 

Iterations: 823 
|-------------|-------------|-------------|-------------|
|-------------------------------------------------------|

Current time: 2024-11-20 11:57:28
MCMC time 53 mins 

USED COMPONENTS: 57 OF 74 

rel. MC standard error: 0.00839 to 0.0709
eff. sample size: 199 to 14200
needed thinning: 2 to 112
Diagnostics time 1.1 secs 

Total number of iterations 14734 - required further 868 

Chain # 3 - chunk 19 (chain 1 of 1 for this core): increasing by 869 

Iterations: 869 
|-------------|-------------|-------------|-------------|
|-------------------------------------------------------|

Current time: 2024-11-20 12:00:18
MCMC time 56 mins 

USED COMPONENTS: 56 OF 74 

rel. MC standard error: 0.00746 to 0.0704
eff. sample size: 202 to 18000
needed thinning: 2 to 116
Diagnostics time 0.45 secs 

Total number of iterations 15603 - required further 899 

Chain # 3 - chunk 20 (chain 1 of 1 for this core): increasing by 900 

Iterations: 900 
|-------------|-------------|-------------|-------------|
|-------------------------------------------------------|

Current time: 2024-11-20 12:03:14
MCMC time 59 mins 

USED COMPONENTS: 56 OF 74 

rel. MC standard error: 0.00753 to 0.0696
eff. sample size: 206 to 17600
needed thinning: 2 to 120
Diagnostics time 0.51 secs 

Total number of iterations 16503 - required further 930 

Chain # 3 - chunk 21 (chain 1 of 1 for this core): increasing by 931 

Iterations: 931 
|-------------|-------------|-------------|-------------|
|-------------------------------------------------------|

Current time: 2024-11-20 12:06:15
MCMC time 1 hours 

USED COMPONENTS: 56 OF 74 

rel. MC standard error: 0.00704 to 0.0693
eff. sample size: 208 to 20200
needed thinning: 2 to 126
Diagnostics time 1.1 secs 

Total number of iterations 17434 - required further 976 

Chain # 3 - chunk 22 (chain 1 of 1 for this core): increasing by 977 

Iterations: 977 
|-------------|-------------|-------------|-------------|
|-------------------------------------------------------|

Current time: 2024-11-20 12:09:25
MCMC time 1.1 hours 

USED COMPONENTS: 55 OF 74 

rel. MC standard error: 0.00692 to 0.0685
eff. sample size: 213 to 20900
needed thinning: 2 to 130
Diagnostics time 0.5 secs 

Total number of iterations 18411 - required further 1007 

Chain # 3 - chunk 23 (chain 1 of 1 for this core): increasing by 1008 

Iterations: 1008 
|-------------|-------------|-------------|-------------|
|-------------------------------------------------------|

Current time: 2024-11-20 12:12:40
MCMC time 1.1 hours 

USED COMPONENTS: 55 OF 74 

rel. MC standard error: 0.00702 to 0.0679
eff. sample size: 217 to 20300
needed thinning: 2 to 135
Diagnostics time 0.5 secs 

Total number of iterations 19419 - required further 1046 

Chain # 3 - chunk 24 (chain 1 of 1 for this core): increasing by 1047 

Iterations: 1047 
|-------------|-------------|-------------|-------------|
|-------------------------------------------------------|

Current time: 2024-11-20 12:16:03
MCMC time 1.2 hours 

USED COMPONENTS: 56 OF 74 

rel. MC standard error: 0.00642 to 0.0672
eff. sample size: 221 to 24300
needed thinning: 2 to 139
Diagnostics time 1.1 secs 

Total number of iterations 20466 - required further 1077 

Chain # 3 - chunk 25 (chain 1 of 1 for this core): increasing by 1078 

Iterations: 1078 
|-------------|-------------|-------------|-------------|
|-------------------------------------------------------|

Current time: 2024-11-20 12:19:32
MCMC time 1.3 hours 

USED COMPONENTS: 56 OF 74 

rel. MC standard error: 0.00662 to 0.0661
eff. sample size: 229 to 22800
needed thinning: 2 to 142
Diagnostics time 1.1 secs 

Total number of iterations 21544 - required further 1100 

Chain # 3 - chunk 26 (chain 1 of 1 for this core): increasing by 1101 

Iterations: 1101 
|-------------|-------------|-------------|-------------|
|-------------------------------------------------------|

Current time: 2024-11-20 12:23:07
MCMC time 1.3 hours 

USED COMPONENTS: 56 OF 74 

rel. MC standard error: 0.00672 to 0.0652
eff. sample size: 235 to 22100
needed thinning: 2 to 145
Diagnostics time 0.54 secs 

Total number of iterations 22645 - required further 1124 

Chain # 3 - chunk 27 (chain 1 of 1 for this core): increasing by 1125 

Iterations: 1125 
|-------------|-------------|-------------|-------------|
|-------------------------------------------------------|

Current time: 2024-11-20 12:26:51
MCMC time 1.4 hours 

USED COMPONENTS: 55 OF 74 

rel. MC standard error: 0.00635 to 0.064
eff. sample size: 244 to 24800
needed thinning: 2 to 146
Diagnostics time 0.68 secs 

Total number of iterations 23770 - required further 1131 

Chain # 3 - chunk 28 (chain 1 of 1 for this core): increasing by 1132 

Iterations: 1132 
|-------------|-------------|-------------|-------------|
|-------------------------------------------------------|

Current time: 2024-11-20 12:30:35
MCMC time 1.4 hours 

USED COMPONENTS: 56 OF 74 

rel. MC standard error: 0.00615 to 0.063
eff. sample size: 252 to 26500
needed thinning: 2 to 149
Diagnostics time 0.57 secs 

Total number of iterations 24902 - required further 1155 

Chain # 3 - chunk 29 (chain 1 of 1 for this core): increasing by 1156 

Iterations: 1156 
|-------------|-------------|-------------|-------------|
|-------------------------------------------------------|

Current time: 2024-11-20 12:34:25
MCMC time 1.5 hours 

USED COMPONENTS: 58 OF 74 

rel. MC standard error: 0.00626 to 0.0625
eff. sample size: 256 to 25500
needed thinning: 2 to 153
Diagnostics time 1.5 secs 

Total number of iterations 26058 - required further 1186 

Chain # 3 - chunk 30 (chain 1 of 1 for this core): increasing by 1187 

Iterations: 1187 
|-------------|-------------|-------------|-------------|
|-------------------------------------------------------|

Current time: 2024-11-20 12:38:16
MCMC time 1.6 hours 

USED COMPONENTS: 57 OF 74 

rel. MC standard error: 0.00582 to 0.0618
eff. sample size: 262 to 29500
needed thinning: 2 to 156
Diagnostics time 0.7 secs 

Total number of iterations 27245 - required further 1209 

Chain # 3 - chunk 31 (chain 1 of 1 for this core): increasing by 1210 

Iterations: 1210 
|-------------|-------------|-------------|-------------|
|-------------------------------------------------------|

Current time: 2024-11-20 12:42:04
MCMC time 1.6 hours 

USED COMPONENTS: 56 OF 74 

rel. MC standard error: 0.00575 to 0.0612
eff. sample size: 267 to 30300
needed thinning: 2 to 160
Diagnostics time 0.63 secs 

Total number of iterations 28455 - required further 1240 

Chain # 3 - chunk 32 (chain 1 of 1 for this core): increasing by 1241 

Iterations: 1241 
|-------------|-------------|-------------|-------------|
|-------------------------------------------------------|

Current time: 2024-11-20 12:45:58
MCMC time 1.7 hours 

USED COMPONENTS: 57 OF 74 

rel. MC standard error: 0.00572 to 0.0603
eff. sample size: 275 to 30600
needed thinning: 2 to 162
Diagnostics time 0.61 secs 

Total number of iterations 29696 - required further 1255 

Chain # 3 - chunk 33 (chain 1 of 1 for this core): increasing by 1256 

Iterations: 1256 
|-------------|-------------|-------------|-------------|
|-------------------------------------------------------|

Current time: 2024-11-20 12:49:55
MCMC time 1.8 hours 

USED COMPONENTS: 57 OF 74 

rel. MC standard error: 0.0057 to 0.0597
eff. sample size: 280 to 30800
needed thinning: 2 to 166
Diagnostics time 0.59 secs 

Total number of iterations 30952 - required further 1286 

Chain # 3 - chunk 34 (chain 1 of 1 for this core): increasing by 1287 

Iterations: 1287 
|-------------|-------------|-------------|-------------|
|-------------------------------------------------------|

Current time: 2024-11-20 12:53:58
MCMC time 1.8 hours 

USED COMPONENTS: 57 OF 74 

rel. MC standard error: 0.00554 to 0.0588
eff. sample size: 289 to 32600
needed thinning: 2 to 168
Diagnostics time 0.6 secs 

Total number of iterations 32239 - required further 1302 

Chain # 3 - chunk 35 (chain 1 of 1 for this core): increasing by 1303 

Iterations: 1303 
|-------------|-------------|-------------|-------------|
|-------------------------------------------------------|

Current time: 2024-11-20 12:58:03
MCMC time 1.9 hours 

USED COMPONENTS: 57 OF 74 

rel. MC standard error: 0.0057 to 0.058
eff. sample size: 297 to 30800
needed thinning: 2 to 170
Diagnostics time 0.66 secs 

Total number of iterations 33542 - required further 1317 

Chain # 3 - chunk 36 (chain 1 of 1 for this core): increasing by 1318 

Iterations: 1318 
|-------------|-------------|-------------|-------------|
|-------------------------------------------------------|

Current time: 2024-11-20 13:02:12
MCMC time 2 hours 

USED COMPONENTS: 58 OF 74 

rel. MC standard error: 0.00519 to 0.057
eff. sample size: 307 to 37200
needed thinning: 2 to 171
Diagnostics time 1.3 secs 

Total number of iterations 34860 - required further 1325 

Chain # 3 - chunk 37 (chain 1 of 1 for this core): increasing by 1326 

Iterations: 1326 
|-------------|-------------|-------------|-------------|
|-------------------------------------------------------|

Current time: 2024-11-20 13:06:22
MCMC time 2 hours 

USED COMPONENTS: 57 OF 74 

rel. MC standard error: 0.00557 to 0.0567
eff. sample size: 311 to 32200
needed thinning: 2 to 175
Diagnostics time 0.63 secs 

Total number of iterations 36186 - required further 1356 

Chain # 3 - chunk 38 (chain 1 of 1 for this core): increasing by 1357 

Iterations: 1357 
|-------------|-------------|-------------|-------------|
|-------------------------------------------------------|

Current time: 2024-11-20 13:10:38
MCMC time 2.1 hours 

USED COMPONENTS: 57 OF 74 

rel. MC standard error: 0.00529 to 0.0558
eff. sample size: 321 to 35700
needed thinning: 2 to 176
Diagnostics time 1.2 secs 

Total number of iterations 37543 - required further 1364 

Chain # 3 - chunk 39 (chain 1 of 1 for this core): increasing by 1365 

Iterations: 1365 
|-------------|-------------|-------------|-------------|
|-------------------------------------------------------|

Current time: 2024-11-20 13:14:56
MCMC time 2.2 hours 

USED COMPONENTS: 60 OF 74 

rel. MC standard error: 0.00512 to 0.0554
eff. sample size: 326 to 38200
needed thinning: 2 to 180
Diagnostics time 1.2 secs 

Total number of iterations 38908 - required further 1395 

Chain # 3 - chunk 40 (chain 1 of 1 for this core): increasing by 1396 

Iterations: 1396 
|-------------|-------------|-------------|-------------|
|-------------------------------------------------------|

Current time: 2024-11-20 13:19:19
MCMC time 2.2 hours 

USED COMPONENTS: 57 OF 74 

rel. MC standard error: 0.00509 to 0.0545
eff. sample size: 336 to 38600
needed thinning: 2 to 180
Diagnostics time 0.62 secs 

Total number of iterations 40304 - required further 1395 

Chain # 3 - chunk 41 (chain 1 of 1 for this core): increasing by 1396 

Iterations: 1396 
|-------------|-------------|-------------|-------------|
|-------------------------------------------------------|

Current time: 2024-11-20 13:23:41
MCMC time 2.3 hours 

USED COMPONENTS: 57 OF 74 

rel. MC standard error: 0.00491 to 0.0547
eff. sample size: 334 to 41500
needed thinning: 2 to 188
Diagnostics time 0.63 secs 

Total number of iterations 41700 - required further 1457 

Chain # 3 - chunk 42 (chain 1 of 1 for this core): increasing by 1458 

Iterations: 1458 
|-------------|-------------|-------------|-------------|
|-------------------------------------------------------|

Current time: 2024-11-20 13:28:15
MCMC time 2.4 hours 

USED COMPONENTS: 57 OF 74 

rel. MC standard error: 0.00487 to 0.054
eff. sample size: 343 to 42200
needed thinning: 2 to 189
Diagnostics time 0.75 secs 

Total number of iterations 43158 - required further 1464 

Chain # 3 - chunk 43 (chain 1 of 1 for this core): increasing by 1465 

Iterations: 1465 
|-------------|-------------|-------------|-------------|
|-------------------------------------------------------|

Current time: 2024-11-20 13:32:51
MCMC time 2.5 hours 

USED COMPONENTS: 58 OF 74 

rel. MC standard error: 0.00463 to 0.0536
eff. sample size: 348 to 46600
needed thinning: 2 to 193
Diagnostics time 0.64 secs 

Total number of iterations 44623 - required further 1495 

Chain # 3 - chunk 44 (chain 1 of 1 for this core): increasing by 1496 

Iterations: 1496 
|-------------|-------------|-------------|-------------|
|-------------------------------------------------------|

Current time: 2024-11-20 13:37:32
MCMC time 2.6 hours 

USED COMPONENTS: 58 OF 74 

rel. MC standard error: 0.0047 to 0.0534
eff. sample size: 351 to 45200
needed thinning: 2 to 198
Diagnostics time 1.3 secs 

Total number of iterations 46119 - required further 1534 

Chain # 3 - chunk 45 (chain 1 of 1 for this core): increasing by 1535 

Iterations: 1535 
|-------------|-------------|-------------|-------------|
|-------------------------------------------------------|

Current time: 2024-11-20 13:42:21
MCMC time 2.6 hours 

USED COMPONENTS: 56 OF 74 

rel. MC standard error: 0.00466 to 0.0526
eff. sample size: 362 to 46100
needed thinning: 2 to 198
Diagnostics time 0.81 secs 

Total number of iterations 47654 - required further 1534 

Chain # 3 - chunk 46 (chain 1 of 1 for this core): increasing by 1535 

Iterations: 1535 
|-------------|-------------|-------------|-------------|
|-------------------------------------------------------|

Current time: 2024-11-20 13:47:10
MCMC time 2.7 hours 

USED COMPONENTS: 56 OF 74 

rel. MC standard error: 0.00449 to 0.0519
eff. sample size: 371 to 49600
needed thinning: 2 to 199
Diagnostics time 0.66 secs 

Total number of iterations 49189 - required further 1542 

Chain # 3 - chunk 47 (chain 1 of 1 for this core): increasing by 1543 

Iterations: 1543 
|-------------|-------------|-------------|-------------|
|-------------------------------------------------------|

Current time: 2024-11-20 13:52:00
MCMC time 2.8 hours 

USED COMPONENTS: 56 OF 74 

rel. MC standard error: 0.00437 to 0.0514
eff. sample size: 379 to 52400
needed thinning: 2 to 201
Diagnostics time 0.77 secs 

Total number of iterations 50732 - required further 1557 

Chain # 3 - chunk 48 (chain 1 of 1 for this core): increasing by 1558 

Iterations: 1558 
|-------------|-------------|-------------|-------------|
|-------------------------------------------------------|

Current time: 2024-11-20 13:56:54
MCMC time 2.9 hours 

USED COMPONENTS: 56 OF 74 

rel. MC standard error: 0.00465 to 0.0507
eff. sample size: 389 to 46300
needed thinning: 2 to 202
Diagnostics time 0.72 secs 

Total number of iterations 52290 - required further 1565 

Chain # 3 - chunk 49 (chain 1 of 1 for this core): increasing by 1566 

Iterations: 1566 
|-------------|-------------|-------------|-------------|
|-------------------------------------------------------|

Current time: 2024-11-20 14:01:48
MCMC time 3 hours 

USED COMPONENTS: 57 OF 74 

rel. MC standard error: 0.00426 to 0.0501
eff. sample size: 398 to 55100
needed thinning: 2 to 203
Diagnostics time 0.81 secs 

Total number of iterations 53856 - required further 1573 

Chain # 3 - chunk 50 (chain 1 of 1 for this core): increasing by 1574 

Iterations: 1574 
|-------------|-------------|-------------|-------------|
|-------------------------------------------------------|

Current time: 2024-11-20 14:06:44
MCMC time 3 hours 

USED COMPONENTS: 57 OF 74 

rel. MC standard error: 0.00405 to 0.0496
eff. sample size: 406 to 61000
needed thinning: 2 to 205
Diagnostics time 0.77 secs 

Total number of iterations 55430 - required further 0 

Keeping last 60 samples with thinning 205 

Plotting traces and samples.

Current time: 2024-11-20 14:06:49
MCMC + diagnostics time 3 hours 

Current time: 2024-11-20 14:06:49
Total time 3 hours 
loaded inferno and set parent environment
loaded inferno and set parent environment
loaded inferno and set parent environment
loaded inferno and set parent environment
Error in gzfile(file, "rb") : cannot open the connection
Calls: <Anonymous> -> cleanup -> loadNamespace -> readRDS -> gzfile
In addition: Warning message:
In gzfile(file, "rb") :
  cannot open compressed file '/usr/lib/R/library/tools/Meta/nsInfo.rds', probable reason 'Transport endpoint is not connected'
