Log core 13 - Current time: 2024-11-20 10:55:25
Defining model
Building model
Setting data and initial values
Running calculate on model
  [Note] Any error reports that follow may simply reflect missing values in model variables.
Checking model sizes and dimensions
Compiling
  [Note] This may take a minute.
  [Note] Use 'showCompilerOutput = TRUE' to see C++ compilation details.
===== Monitors =====
thin = 1: Bprob, Rmean, Rvar, W
thin2 = 1: K
===== Samplers =====
conjugate sampler (519)
  - Rmean[]  (148 elements)
  - Rrate[]  (148 elements)
  - Bprob[]  (74 elements)
  - Rvar[]  (148 elements)
  - W[1:74] 
categorical sampler (2401)
  - Alpha
  - K[]  (2400 elements)
===== Monitors =====
thin = 1: Bprob, Rmean, Rvar, W
thin2 = 1: K
===== Samplers =====
slice sampler (2401)
  - Alpha
  - K[]  (2400 elements)
conjugate sampler (519)
  - Rmean[]  (148 elements)
  - Rrate[]  (148 elements)
  - Bprob[]  (74 elements)
  - Rvar[]  (148 elements)
  - W[1:74] 
Compiling
  [Note] This may take a minute.
  [Note] Use 'showCompilerOutput = TRUE' to see C++ compilation details.

Setup time 5.5 mins 

Chain # 13 (chain 1 of 1 for this core)

Datapoints for testing convergence:
 #13 #305 #326 #433 #557 #701 #752 #757 #974 #979 #1024 #1260 #1397 #1534 #1535 #1622 #1748 #2010 #2021 #2161 

Iterations: 3600 
|-------------|-------------|-------------|-------------|
|-------------------------------------------------------|

Current time: 2024-11-20 11:12:39
MCMC time 12 mins 

USED COMPONENTS: 50 OF 74 

rel. MC standard error: 0.0152 to 0.0877
eff. sample size: 130 to 4320
needed thinning: 2 to 42
Diagnostics time 2.3 secs 

Total number of iterations 3600 - required further 326 

Chain # 13 - chunk 2 (chain 1 of 1 for this core): increasing by 327 

Iterations: 327 
|-------------|-------------|-------------|-------------|
|-------------------------------------------------------|

Current time: 2024-11-20 11:13:46
MCMC time 13 mins 

USED COMPONENTS: 50 OF 74 

rel. MC standard error: 0.013 to 0.0882
eff. sample size: 128 to 5880
needed thinning: 2 to 46
Diagnostics time 0.22 secs 

Total number of iterations 3927 - required further 357 

Chain # 13 - chunk 3 (chain 1 of 1 for this core): increasing by 358 

Iterations: 358 
|-------------|-------------|-------------|-------------|
|-------------------------------------------------------|

Current time: 2024-11-20 11:14:56
MCMC time 14 mins 

USED COMPONENTS: 49 OF 74 

rel. MC standard error: 0.013 to 0.0862
eff. sample size: 135 to 5920
needed thinning: 2 to 48
Diagnostics time 0.23 secs 

Total number of iterations 4285 - required further 372 

Chain # 13 - chunk 4 (chain 1 of 1 for this core): increasing by 373 

Iterations: 373 
|-------------|-------------|-------------|-------------|
|-------------------------------------------------------|

Current time: 2024-11-20 11:16:09
MCMC time 15 mins 

USED COMPONENTS: 50 OF 74 

rel. MC standard error: 0.0135 to 0.0868
eff. sample size: 133 to 5470
needed thinning: 2 to 53
Diagnostics time 0.23 secs 

Total number of iterations 4658 - required further 411 

Chain # 13 - chunk 5 (chain 1 of 1 for this core): increasing by 412 

Iterations: 412 
|-------------|-------------|-------------|-------------|
|-------------------------------------------------------|

Current time: 2024-11-20 11:17:30
MCMC time 17 mins 

USED COMPONENTS: 51 OF 74 

rel. MC standard error: 0.0125 to 0.085
eff. sample size: 139 to 6410
needed thinning: 2 to 55
Diagnostics time 0.32 secs 

Total number of iterations 5070 - required further 427 

Chain # 13 - chunk 6 (chain 1 of 1 for this core): increasing by 428 

Iterations: 428 
|-------------|-------------|-------------|-------------|
|-------------------------------------------------------|

Current time: 2024-11-20 11:18:53
MCMC time 18 mins 

USED COMPONENTS: 51 OF 74 

rel. MC standard error: 0.0127 to 0.0822
eff. sample size: 148 to 6220
needed thinning: 2 to 56
Diagnostics time 0.26 secs 

Total number of iterations 5498 - required further 434 

Chain # 13 - chunk 7 (chain 1 of 1 for this core): increasing by 435 

Iterations: 435 
|-------------|-------------|-------------|-------------|
|-------------------------------------------------------|

Current time: 2024-11-20 11:20:18
MCMC time 19 mins 

USED COMPONENTS: 51 OF 74 

rel. MC standard error: 0.0124 to 0.0802
eff. sample size: 155 to 6520
needed thinning: 2 to 58
Diagnostics time 0.25 secs 

Total number of iterations 5933 - required further 450 

Chain # 13 - chunk 8 (chain 1 of 1 for this core): increasing by 451 

Iterations: 451 
|-------------|-------------|-------------|-------------|
|-------------------------------------------------------|

Current time: 2024-11-20 11:21:45
MCMC time 21 mins 

USED COMPONENTS: 50 OF 74 

rel. MC standard error: 0.0124 to 0.0775
eff. sample size: 167 to 6520
needed thinning: 2 to 58
Diagnostics time 0.26 secs 

Total number of iterations 6384 - required further 450 

Chain # 13 - chunk 9 (chain 1 of 1 for this core): increasing by 451 

Iterations: 451 
|-------------|-------------|-------------|-------------|
|-------------------------------------------------------|

Current time: 2024-11-20 11:23:13
MCMC time 22 mins 

USED COMPONENTS: 51 OF 74 

rel. MC standard error: 0.0118 to 0.0746
eff. sample size: 180 to 7140
needed thinning: 2 to 58
Diagnostics time 0.34 secs 

Total number of iterations 6835 - required further 450 

Chain # 13 - chunk 10 (chain 1 of 1 for this core): increasing by 451 

Iterations: 451 
|-------------|-------------|-------------|-------------|
|-------------------------------------------------------|

Current time: 2024-11-20 11:24:40
MCMC time 24 mins 

USED COMPONENTS: 52 OF 74 

rel. MC standard error: 0.0115 to 0.0726
eff. sample size: 190 to 7600
needed thinning: 2 to 58
Diagnostics time 0.28 secs 

Total number of iterations 7286 - required further 450 

Chain # 13 - chunk 11 (chain 1 of 1 for this core): increasing by 451 

Iterations: 451 
|-------------|-------------|-------------|-------------|
|-------------------------------------------------------|

Current time: 2024-11-20 11:26:07
MCMC time 25 mins 

USED COMPONENTS: 51 OF 74 

rel. MC standard error: 0.0111 to 0.0713
eff. sample size: 197 to 8150
needed thinning: 2 to 60
Diagnostics time 0.34 secs 

Total number of iterations 7737 - required further 465 

Chain # 13 - chunk 12 (chain 1 of 1 for this core): increasing by 466 

Iterations: 466 
|-------------|-------------|-------------|-------------|
|-------------------------------------------------------|

Current time: 2024-11-20 11:27:37
MCMC time 27 mins 

USED COMPONENTS: 51 OF 74 

rel. MC standard error: 0.0109 to 0.0687
eff. sample size: 212 to 8360
needed thinning: 2 to 59
Diagnostics time 0.9 secs 

Total number of iterations 8203 - required further 458 

Chain # 13 - chunk 13 (chain 1 of 1 for this core): increasing by 459 

Iterations: 459 
|-------------|-------------|-------------|-------------|
|-------------------------------------------------------|

Current time: 2024-11-20 11:29:07
MCMC time 28 mins 

USED COMPONENTS: 51 OF 74 

rel. MC standard error: 0.0103 to 0.068
eff. sample size: 216 to 9430
needed thinning: 2 to 61
Diagnostics time 0.27 secs 

Total number of iterations 8662 - required further 473 

Chain # 13 - chunk 14 (chain 1 of 1 for this core): increasing by 474 

Iterations: 474 
|-------------|-------------|-------------|-------------|
|-------------------------------------------------------|

Current time: 2024-11-20 11:30:38
MCMC time 30 mins 

USED COMPONENTS: 50 OF 74 

rel. MC standard error: 0.00997 to 0.0668
eff. sample size: 224 to 10100
needed thinning: 2 to 62
Diagnostics time 0.27 secs 

Total number of iterations 9136 - required further 481 

Chain # 13 - chunk 15 (chain 1 of 1 for this core): increasing by 482 

Iterations: 482 
|-------------|-------------|-------------|-------------|
|-------------------------------------------------------|

Current time: 2024-11-20 11:32:13
MCMC time 31 mins 

USED COMPONENTS: 51 OF 74 

rel. MC standard error: 0.00987 to 0.0639
eff. sample size: 245 to 10300
needed thinning: 2 to 59
Diagnostics time 0.92 secs 

Total number of iterations 9618 - required further 458 

Chain # 13 - chunk 16 (chain 1 of 1 for this core): increasing by 459 

Iterations: 459 
|-------------|-------------|-------------|-------------|
|-------------------------------------------------------|

Current time: 2024-11-20 11:33:43
MCMC time 33 mins 

USED COMPONENTS: 51 OF 74 

rel. MC standard error: 0.00987 to 0.064
eff. sample size: 244 to 10300
needed thinning: 2 to 62
Diagnostics time 0.27 secs 

Total number of iterations 10077 - required further 481 

Chain # 13 - chunk 17 (chain 1 of 1 for this core): increasing by 482 

Iterations: 482 
|-------------|-------------|-------------|-------------|
|-------------------------------------------------------|

Current time: 2024-11-20 11:35:16
MCMC time 34 mins 

USED COMPONENTS: 51 OF 74 

rel. MC standard error: 0.0089 to 0.0618
eff. sample size: 262 to 12600
needed thinning: 2 to 61
Diagnostics time 0.27 secs 

Total number of iterations 10559 - required further 473 

Chain # 13 - chunk 18 (chain 1 of 1 for this core): increasing by 474 

Iterations: 474 
|-------------|-------------|-------------|-------------|
|-------------------------------------------------------|

Current time: 2024-11-20 11:36:48
MCMC time 36 mins 

USED COMPONENTS: 52 OF 74 

rel. MC standard error: 0.00907 to 0.0618
eff. sample size: 262 to 12200
needed thinning: 2 to 64
Diagnostics time 0.29 secs 

Total number of iterations 11033 - required further 496 

Chain # 13 - chunk 19 (chain 1 of 1 for this core): increasing by 497 

Iterations: 497 
|-------------|-------------|-------------|-------------|
|-------------------------------------------------------|

Current time: 2024-11-20 11:38:24
MCMC time 37 mins 

USED COMPONENTS: 51 OF 74 

rel. MC standard error: 0.00896 to 0.0601
eff. sample size: 277 to 12500
needed thinning: 2 to 63
Diagnostics time 0.28 secs 

Total number of iterations 11530 - required further 488 

Chain # 13 - chunk 20 (chain 1 of 1 for this core): increasing by 489 

Iterations: 489 
|-------------|-------------|-------------|-------------|
|-------------------------------------------------------|

Current time: 2024-11-20 11:39:58
MCMC time 39 mins 

USED COMPONENTS: 51 OF 74 

rel. MC standard error: 0.00831 to 0.0595
eff. sample size: 283 to 14500
needed thinning: 2 to 64
Diagnostics time 0.29 secs 

Total number of iterations 12019 - required further 496 

Chain # 13 - chunk 21 (chain 1 of 1 for this core): increasing by 497 

Iterations: 497 
|-------------|-------------|-------------|-------------|
|-------------------------------------------------------|

Current time: 2024-11-20 11:41:34
MCMC time 41 mins 

USED COMPONENTS: 50 OF 74 

rel. MC standard error: 0.00813 to 0.0578
eff. sample size: 300 to 15100
needed thinning: 2 to 63
Diagnostics time 0.31 secs 

Total number of iterations 12516 - required further 488 

Chain # 13 - chunk 22 (chain 1 of 1 for this core): increasing by 489 

Iterations: 489 
|-------------|-------------|-------------|-------------|
|-------------------------------------------------------|

Current time: 2024-11-20 11:43:09
MCMC time 42 mins 

USED COMPONENTS: 51 OF 74 

rel. MC standard error: 0.00881 to 0.0581
eff. sample size: 296 to 12900
needed thinning: 2 to 66
Diagnostics time 0.29 secs 

Total number of iterations 13005 - required further 512 

Chain # 13 - chunk 23 (chain 1 of 1 for this core): increasing by 513 

Iterations: 513 
|-------------|-------------|-------------|-------------|
|-------------------------------------------------------|

Current time: 2024-11-20 11:44:48
MCMC time 44 mins 

USED COMPONENTS: 51 OF 74 

rel. MC standard error: 0.00767 to 0.0559
eff. sample size: 321 to 17000
needed thinning: 2 to 64
Diagnostics time 0.36 secs 

Total number of iterations 13518 - required further 496 

Chain # 13 - chunk 24 (chain 1 of 1 for this core): increasing by 497 

Iterations: 497 
|-------------|-------------|-------------|-------------|
|-------------------------------------------------------|

Current time: 2024-11-20 11:46:24
MCMC time 45 mins 

USED COMPONENTS: 52 OF 74 

rel. MC standard error: 0.00782 to 0.0541
eff. sample size: 341 to 16400
needed thinning: 2 to 62
Diagnostics time 0.93 secs 

Total number of iterations 14015 - required further 481 

Chain # 13 - chunk 25 (chain 1 of 1 for this core): increasing by 482 

Iterations: 482 
|-------------|-------------|-------------|-------------|
|-------------------------------------------------------|

Current time: 2024-11-20 11:47:58
MCMC time 47 mins 

USED COMPONENTS: 52 OF 74 

rel. MC standard error: 0.00748 to 0.0538
eff. sample size: 346 to 17900
needed thinning: 2 to 63
Diagnostics time 0.28 secs 

Total number of iterations 14497 - required further 488 

Chain # 13 - chunk 26 (chain 1 of 1 for this core): increasing by 489 

Iterations: 489 
|-------------|-------------|-------------|-------------|
|-------------------------------------------------------|

Current time: 2024-11-20 11:49:32
MCMC time 49 mins 

USED COMPONENTS: 50 OF 74 

rel. MC standard error: 0.00781 to 0.0558
eff. sample size: 321 to 16400
needed thinning: 2 to 71
Diagnostics time 0.91 secs 

Total number of iterations 14986 - required further 550 

Chain # 13 - chunk 27 (chain 1 of 1 for this core): increasing by 551 

Iterations: 551 
|-------------|-------------|-------------|-------------|
|-------------------------------------------------------|

Current time: 2024-11-20 11:51:19
MCMC time 50 mins 

USED COMPONENTS: 50 OF 74 

rel. MC standard error: 0.00743 to 0.0538
eff. sample size: 346 to 18100
needed thinning: 2 to 68
Diagnostics time 0.3 secs 

Total number of iterations 15537 - required further 527 

Chain # 13 - chunk 28 (chain 1 of 1 for this core): increasing by 528 

Iterations: 528 
|-------------|-------------|-------------|-------------|
|-------------------------------------------------------|

Current time: 2024-11-20 11:53:00
MCMC time 52 mins 

USED COMPONENTS: 50 OF 74 

rel. MC standard error: 0.00745 to 0.0516
eff. sample size: 376 to 18000
needed thinning: 2 to 65
Diagnostics time 0.31 secs 

Total number of iterations 16065 - required further 504 

Chain # 13 - chunk 29 (chain 1 of 1 for this core): increasing by 505 

Iterations: 505 
|-------------|-------------|-------------|-------------|
|-------------------------------------------------------|

Current time: 2024-11-20 11:54:38
MCMC time 54 mins 

USED COMPONENTS: 51 OF 74 

rel. MC standard error: 0.00702 to 0.051
eff. sample size: 384 to 20300
needed thinning: 2 to 65
Diagnostics time 0.38 secs 

Total number of iterations 16570 - required further 504 

Chain # 13 - chunk 30 (chain 1 of 1 for this core): increasing by 505 

Iterations: 505 
|-------------|-------------|-------------|-------------|
|-------------------------------------------------------|

Current time: 2024-11-20 11:56:15
MCMC time 55 mins 

USED COMPONENTS: 50 OF 74 

rel. MC standard error: 0.0068 to 0.0509
eff. sample size: 386 to 21600
needed thinning: 2 to 67
Diagnostics time 0.28 secs 

Total number of iterations 17075 - required further 519 

Chain # 13 - chunk 31 (chain 1 of 1 for this core): increasing by 520 

Iterations: 520 
|-------------|-------------|-------------|-------------|
|-------------------------------------------------------|

Current time: 2024-11-20 11:57:55
MCMC time 57 mins 

USED COMPONENTS: 49 OF 74 

rel. MC standard error: 0.00695 to 0.0501
eff. sample size: 398 to 20700
needed thinning: 2 to 67
Diagnostics time 0.27 secs 

Total number of iterations 17595 - required further 519 

Chain # 13 - chunk 32 (chain 1 of 1 for this core): increasing by 520 

Iterations: 520 
|-------------|-------------|-------------|-------------|
|-------------------------------------------------------|

Current time: 2024-11-20 11:59:35
MCMC time 59 mins 

USED COMPONENTS: 49 OF 74 

rel. MC standard error: 0.00723 to 0.051
eff. sample size: 384 to 19100
needed thinning: 2 to 71
Diagnostics time 0.33 secs 

Total number of iterations 18115 - required further 550 

Chain # 13 - chunk 33 (chain 1 of 1 for this core): increasing by 551 

Iterations: 551 
|-------------|-------------|-------------|-------------|
|-------------------------------------------------------|

Current time: 2024-11-20 12:01:22
MCMC time 1 hours 

USED COMPONENTS: 50 OF 74 

rel. MC standard error: 0.00637 to 0.0502
eff. sample size: 397 to 24600
needed thinning: 2 to 71
Diagnostics time 0.32 secs 

Total number of iterations 18666 - required further 550 

Chain # 13 - chunk 34 (chain 1 of 1 for this core): increasing by 551 

Iterations: 551 
|-------------|-------------|-------------|-------------|
|-------------------------------------------------------|

Current time: 2024-11-20 12:03:08
MCMC time 1 hours 

USED COMPONENTS: 50 OF 74 

rel. MC standard error: 0.00665 to 0.0499
eff. sample size: 402 to 22600
needed thinning: 2 to 72
Diagnostics time 0.34 secs 

Total number of iterations 19217 - required further 0 

Keeping last 60 samples with thinning 72 

Plotting traces and samples.

Current time: 2024-11-20 12:03:10
MCMC + diagnostics time 1 hours 

Current time: 2024-11-20 12:03:10
Total time 1 hours 
loaded inferno and set parent environment
loaded inferno and set parent environment
loaded inferno and set parent environment
loaded inferno and set parent environment
