Log core 2 - Current time: 2024-11-20 10:55:25
Defining model
Building model
Setting data and initial values
Running calculate on model
  [Note] Any error reports that follow may simply reflect missing values in model variables.
Checking model sizes and dimensions
Compiling
  [Note] This may take a minute.
  [Note] Use 'showCompilerOutput = TRUE' to see C++ compilation details.
===== Monitors =====
thin = 1: Bprob, Rmean, Rvar, W
thin2 = 1: K
===== Samplers =====
conjugate sampler (519)
  - Rmean[]  (148 elements)
  - Rrate[]  (148 elements)
  - Bprob[]  (74 elements)
  - Rvar[]  (148 elements)
  - W[1:74] 
categorical sampler (2401)
  - Alpha
  - K[]  (2400 elements)
===== Monitors =====
thin = 1: Bprob, Rmean, Rvar, W
thin2 = 1: K
===== Samplers =====
slice sampler (2401)
  - Alpha
  - K[]  (2400 elements)
conjugate sampler (519)
  - Rmean[]  (148 elements)
  - Rrate[]  (148 elements)
  - Bprob[]  (74 elements)
  - Rvar[]  (148 elements)
  - W[1:74] 
Compiling
  [Note] This may take a minute.
  [Note] Use 'showCompilerOutput = TRUE' to see C++ compilation details.

Setup time 9 mins 

Chain # 2 (chain 1 of 1 for this core)

Datapoints for testing convergence:
 #342 #432 #497 #626 #711 #768 #784 #787 #810 #857 #998 #1163 #1522 #1578 #1703 #1762 #2009 #2059 #2112 #2275 

Iterations: 3600 
|-------------|-------------|-------------|-------------|
|-------------------------------------------------------|

Current time: 2024-11-20 11:22:09
MCMC time 18 mins 

USED COMPONENTS: 59 OF 74 

rel. MC standard error: 0.0145 to 0.0834
eff. sample size: 144 to 4730
needed thinning: 2 to 38
Diagnostics time 2.6 secs 

Total number of iterations 3600 - required further 295 

Chain # 2 - chunk 2 (chain 1 of 1 for this core): increasing by 296 

Iterations: 296 
|-------------|-------------|-------------|-------------|
|-------------------------------------------------------|

Current time: 2024-11-20 11:23:10
MCMC time 19 mins 

USED COMPONENTS: 58 OF 74 

rel. MC standard error: 0.0151 to 0.0826
eff. sample size: 146 to 4370
needed thinning: 2 to 40
Diagnostics time 0.32 secs 

Total number of iterations 3896 - required further 310 

Chain # 2 - chunk 3 (chain 1 of 1 for this core): increasing by 311 

Iterations: 311 
|-------------|-------------|-------------|-------------|
|-------------------------------------------------------|

Current time: 2024-11-20 11:24:11
MCMC time 20 mins 

USED COMPONENTS: 58 OF 74 

rel. MC standard error: 0.0141 to 0.0786
eff. sample size: 162 to 5060
needed thinning: 2 to 39
Diagnostics time 0.21 secs 

Total number of iterations 4207 - required further 303 

Chain # 2 - chunk 4 (chain 1 of 1 for this core): increasing by 304 

Iterations: 304 
|-------------|-------------|-------------|-------------|
|-------------------------------------------------------|

Current time: 2024-11-20 11:25:10
MCMC time 21 mins 

USED COMPONENTS: 59 OF 74 

rel. MC standard error: 0.0138 to 0.0771
eff. sample size: 168 to 5240
needed thinning: 2 to 41
Diagnostics time 0.21 secs 

Total number of iterations 4511 - required further 318 

Chain # 2 - chunk 5 (chain 1 of 1 for this core): increasing by 319 

Iterations: 319 
|-------------|-------------|-------------|-------------|
|-------------------------------------------------------|

Current time: 2024-11-20 11:26:13
MCMC time 22 mins 

USED COMPONENTS: 59 OF 74 

rel. MC standard error: 0.0122 to 0.0774
eff. sample size: 167 to 6690
needed thinning: 2 to 44
Diagnostics time 0.21 secs 

Total number of iterations 4830 - required further 341 

Chain # 2 - chunk 6 (chain 1 of 1 for this core): increasing by 342 

Iterations: 342 
|-------------|-------------|-------------|-------------|
|-------------------------------------------------------|

Current time: 2024-11-20 11:27:20
MCMC time 23 mins 

USED COMPONENTS: 58 OF 74 

rel. MC standard error: 0.0135 to 0.0757
eff. sample size: 175 to 5480
needed thinning: 2 to 45
Diagnostics time 0.49 secs 

Total number of iterations 5172 - required further 349 

Chain # 2 - chunk 7 (chain 1 of 1 for this core): increasing by 350 

Iterations: 350 
|-------------|-------------|-------------|-------------|
|-------------------------------------------------------|

Current time: 2024-11-20 11:28:28
MCMC time 24 mins 

USED COMPONENTS: 57 OF 74 

rel. MC standard error: 0.0123 to 0.0739
eff. sample size: 183 to 6660
needed thinning: 2 to 46
Diagnostics time 0.23 secs 

Total number of iterations 5522 - required further 357 

Chain # 2 - chunk 8 (chain 1 of 1 for this core): increasing by 358 

Iterations: 358 
|-------------|-------------|-------------|-------------|
|-------------------------------------------------------|

Current time: 2024-11-20 11:29:38
MCMC time 25 mins 

USED COMPONENTS: 58 OF 74 

rel. MC standard error: 0.012 to 0.0714
eff. sample size: 196 to 6920
needed thinning: 2 to 45
Diagnostics time 0.23 secs 

Total number of iterations 5880 - required further 349 

Chain # 2 - chunk 9 (chain 1 of 1 for this core): increasing by 350 

Iterations: 350 
|-------------|-------------|-------------|-------------|
|-------------------------------------------------------|

Current time: 2024-11-20 11:30:47
MCMC time 26 mins 

USED COMPONENTS: 58 OF 74 

rel. MC standard error: 0.0116 to 0.0743
eff. sample size: 181 to 7460
needed thinning: 2 to 52
Diagnostics time 0.22 secs 

Total number of iterations 6230 - required further 403 

Chain # 2 - chunk 10 (chain 1 of 1 for this core): increasing by 404 

Iterations: 404 
|-------------|-------------|-------------|-------------|
|-------------------------------------------------------|

Current time: 2024-11-20 11:32:08
MCMC time 28 mins 

USED COMPONENTS: 57 OF 74 

rel. MC standard error: 0.0119 to 0.0734
eff. sample size: 186 to 7070
needed thinning: 2 to 54
Diagnostics time 0.27 secs 

Total number of iterations 6634 - required further 419 

Chain # 2 - chunk 11 (chain 1 of 1 for this core): increasing by 420 

Iterations: 420 
|-------------|-------------|-------------|-------------|
|-------------------------------------------------------|

Current time: 2024-11-20 11:33:33
MCMC time 29 mins 

USED COMPONENTS: 57 OF 74 

rel. MC standard error: 0.0111 to 0.0717
eff. sample size: 195 to 8090
needed thinning: 2 to 55
Diagnostics time 0.48 secs 

Total number of iterations 7054 - required further 427 

Chain # 2 - chunk 12 (chain 1 of 1 for this core): increasing by 428 

Iterations: 428 
|-------------|-------------|-------------|-------------|
|-------------------------------------------------------|

Current time: 2024-11-20 11:34:59
MCMC time 31 mins 

USED COMPONENTS: 58 OF 74 

rel. MC standard error: 0.0119 to 0.0698
eff. sample size: 205 to 7050
needed thinning: 2 to 55
Diagnostics time 0.27 secs 

Total number of iterations 7482 - required further 427 

Chain # 2 - chunk 13 (chain 1 of 1 for this core): increasing by 428 

Iterations: 428 
|-------------|-------------|-------------|-------------|
|-------------------------------------------------------|

Current time: 2024-11-20 11:36:23
MCMC time 32 mins 

USED COMPONENTS: 56 OF 74 

rel. MC standard error: 0.0112 to 0.0698
eff. sample size: 205 to 7960
needed thinning: 2 to 58
Diagnostics time 0.38 secs 

Total number of iterations 7910 - required further 450 

Chain # 2 - chunk 14 (chain 1 of 1 for this core): increasing by 451 

Iterations: 451 
|-------------|-------------|-------------|-------------|
|-------------------------------------------------------|

Current time: 2024-11-20 11:37:50
MCMC time 33 mins 

USED COMPONENTS: 58 OF 74 

rel. MC standard error: 0.0107 to 0.0672
eff. sample size: 221 to 8670
needed thinning: 2 to 57
Diagnostics time 1.2 secs 

Total number of iterations 8361 - required further 442 

Chain # 2 - chunk 15 (chain 1 of 1 for this core): increasing by 443 

Iterations: 443 
|-------------|-------------|-------------|-------------|
|-------------------------------------------------------|

Current time: 2024-11-20 11:39:16
MCMC time 35 mins 

USED COMPONENTS: 58 OF 74 

rel. MC standard error: 0.0105 to 0.0656
eff. sample size: 232 to 9040
needed thinning: 2 to 57
Diagnostics time 0.27 secs 

Total number of iterations 8804 - required further 442 

Chain # 2 - chunk 16 (chain 1 of 1 for this core): increasing by 443 

Iterations: 443 
|-------------|-------------|-------------|-------------|
|-------------------------------------------------------|

Current time: 2024-11-20 11:40:41
MCMC time 36 mins 

USED COMPONENTS: 58 OF 74 

rel. MC standard error: 0.0103 to 0.0648
eff. sample size: 239 to 9470
needed thinning: 2 to 59
Diagnostics time 0.27 secs 

Total number of iterations 9247 - required further 458 

Chain # 2 - chunk 17 (chain 1 of 1 for this core): increasing by 459 

Iterations: 459 
|-------------|-------------|-------------|-------------|
|-------------------------------------------------------|

Current time: 2024-11-20 11:42:09
MCMC time 38 mins 

USED COMPONENTS: 59 OF 74 

rel. MC standard error: 0.00943 to 0.0631
eff. sample size: 251 to 11200
needed thinning: 2 to 58
Diagnostics time 0.24 secs 

Total number of iterations 9706 - required further 450 

Chain # 2 - chunk 18 (chain 1 of 1 for this core): increasing by 451 

Iterations: 451 
|-------------|-------------|-------------|-------------|
|-------------------------------------------------------|

Current time: 2024-11-20 11:43:35
MCMC time 39 mins 

USED COMPONENTS: 58 OF 74 

rel. MC standard error: 0.00977 to 0.0627
eff. sample size: 254 to 10500
needed thinning: 2 to 60
Diagnostics time 0.92 secs 

Total number of iterations 10157 - required further 465 

Chain # 2 - chunk 19 (chain 1 of 1 for this core): increasing by 466 

Iterations: 466 
|-------------|-------------|-------------|-------------|
|-------------------------------------------------------|

Current time: 2024-11-20 11:45:05
MCMC time 41 mins 

USED COMPONENTS: 58 OF 74 

rel. MC standard error: 0.00946 to 0.0628
eff. sample size: 254 to 11200
needed thinning: 2 to 63
Diagnostics time 0.28 secs 

Total number of iterations 10623 - required further 488 

Chain # 2 - chunk 20 (chain 1 of 1 for this core): increasing by 489 

Iterations: 489 
|-------------|-------------|-------------|-------------|
|-------------------------------------------------------|

Current time: 2024-11-20 11:46:39
MCMC time 42 mins 

USED COMPONENTS: 57 OF 74 

rel. MC standard error: 0.0091 to 0.0619
eff. sample size: 261 to 12100
needed thinning: 2 to 64
Diagnostics time 0.3 secs 

Total number of iterations 11112 - required further 496 

Chain # 2 - chunk 21 (chain 1 of 1 for this core): increasing by 497 

Iterations: 497 
|-------------|-------------|-------------|-------------|
|-------------------------------------------------------|

Current time: 2024-11-20 11:48:16
MCMC time 44 mins 

USED COMPONENTS: 57 OF 74 

rel. MC standard error: 0.00875 to 0.0613
eff. sample size: 266 to 13100
needed thinning: 2 to 66
Diagnostics time 0.3 secs 

Total number of iterations 11609 - required further 512 

Chain # 2 - chunk 22 (chain 1 of 1 for this core): increasing by 513 

Iterations: 513 
|-------------|-------------|-------------|-------------|
|-------------------------------------------------------|

Current time: 2024-11-20 11:49:55
MCMC time 46 mins 

USED COMPONENTS: 57 OF 74 

rel. MC standard error: 0.00854 to 0.0609
eff. sample size: 270 to 13700
needed thinning: 2 to 68
Diagnostics time 0.3 secs 

Total number of iterations 12122 - required further 527 

Chain # 2 - chunk 23 (chain 1 of 1 for this core): increasing by 528 

Iterations: 528 
|-------------|-------------|-------------|-------------|
|-------------------------------------------------------|

Current time: 2024-11-20 11:51:38
MCMC time 47 mins 

USED COMPONENTS: 57 OF 74 

rel. MC standard error: 0.0085 to 0.0603
eff. sample size: 275 to 13800
needed thinning: 2 to 70
Diagnostics time 0.31 secs 

Total number of iterations 12650 - required further 543 

Chain # 2 - chunk 24 (chain 1 of 1 for this core): increasing by 544 

Iterations: 544 
|-------------|-------------|-------------|-------------|
|-------------------------------------------------------|

Current time: 2024-11-20 11:53:23
MCMC time 49 mins 

USED COMPONENTS: 59 OF 74 

rel. MC standard error: 0.00885 to 0.0596
eff. sample size: 281 to 12800
needed thinning: 2 to 71
Diagnostics time 0.31 secs 

Total number of iterations 13194 - required further 550 

Chain # 2 - chunk 25 (chain 1 of 1 for this core): increasing by 551 

Iterations: 551 
|-------------|-------------|-------------|-------------|
|-------------------------------------------------------|

Current time: 2024-11-20 11:55:10
MCMC time 51 mins 

USED COMPONENTS: 59 OF 74 

rel. MC standard error: 0.00777 to 0.0593
eff. sample size: 285 to 16600
needed thinning: 2 to 73
Diagnostics time 0.38 secs 

Total number of iterations 13745 - required further 566 

Chain # 2 - chunk 26 (chain 1 of 1 for this core): increasing by 567 

Iterations: 567 
|-------------|-------------|-------------|-------------|
|-------------------------------------------------------|

Current time: 2024-11-20 11:57:00
MCMC time 53 mins 

USED COMPONENTS: 58 OF 74 

rel. MC standard error: 0.00838 to 0.0584
eff. sample size: 293 to 14200
needed thinning: 2 to 74
Diagnostics time 0.32 secs 

Total number of iterations 14312 - required further 574 

Chain # 2 - chunk 27 (chain 1 of 1 for this core): increasing by 575 

Iterations: 575 
|-------------|-------------|-------------|-------------|
|-------------------------------------------------------|

Current time: 2024-11-20 11:58:52
MCMC time 54 mins 

USED COMPONENTS: 57 OF 74 

rel. MC standard error: 0.00822 to 0.0579
eff. sample size: 298 to 14800
needed thinning: 2 to 75
Diagnostics time 0.38 secs 

Total number of iterations 14887 - required further 581 

Chain # 2 - chunk 28 (chain 1 of 1 for this core): increasing by 582 

Iterations: 582 
|-------------|-------------|-------------|-------------|
|-------------------------------------------------------|

Current time: 2024-11-20 12:00:45
MCMC time 56 mins 

USED COMPONENTS: 58 OF 74 

rel. MC standard error: 0.00749 to 0.057
eff. sample size: 308 to 17800
needed thinning: 2 to 76
Diagnostics time 0.95 secs 

Total number of iterations 15469 - required further 589 

Chain # 2 - chunk 29 (chain 1 of 1 for this core): increasing by 590 

Iterations: 590 
|-------------|-------------|-------------|-------------|
|-------------------------------------------------------|

Current time: 2024-11-20 12:02:43
MCMC time 58 mins 

USED COMPONENTS: 57 OF 74 

rel. MC standard error: 0.00731 to 0.0562
eff. sample size: 316 to 18700
needed thinning: 2 to 77
Diagnostics time 0.35 secs 

Total number of iterations 16059 - required further 597 

Chain # 2 - chunk 30 (chain 1 of 1 for this core): increasing by 598 

Iterations: 598 
|-------------|-------------|-------------|-------------|
|-------------------------------------------------------|

Current time: 2024-11-20 12:04:39
MCMC time 1 hours 

USED COMPONENTS: 58 OF 74 

rel. MC standard error: 0.00766 to 0.0555
eff. sample size: 324 to 17000
needed thinning: 2 to 78
Diagnostics time 0.33 secs 

Total number of iterations 16657 - required further 605 

Chain # 2 - chunk 31 (chain 1 of 1 for this core): increasing by 606 

Iterations: 606 
|-------------|-------------|-------------|-------------|
|-------------------------------------------------------|

Current time: 2024-11-20 12:06:34
MCMC time 1 hours 

USED COMPONENTS: 58 OF 74 

rel. MC standard error: 0.00667 to 0.0547
eff. sample size: 335 to 22500
needed thinning: 2 to 78
Diagnostics time 0.97 secs 

Total number of iterations 17263 - required further 605 

Chain # 2 - chunk 32 (chain 1 of 1 for this core): increasing by 606 

Iterations: 606 
|-------------|-------------|-------------|-------------|
|-------------------------------------------------------|

Current time: 2024-11-20 12:08:30
MCMC time 1.1 hours 

USED COMPONENTS: 58 OF 74 

rel. MC standard error: 0.00723 to 0.0543
eff. sample size: 339 to 19100
needed thinning: 2 to 80
Diagnostics time 0.32 secs 

Total number of iterations 17869 - required further 620 

Chain # 2 - chunk 33 (chain 1 of 1 for this core): increasing by 621 

Iterations: 621 
|-------------|-------------|-------------|-------------|
|-------------------------------------------------------|

Current time: 2024-11-20 12:10:28
MCMC time 1.1 hours 

USED COMPONENTS: 57 OF 74 

rel. MC standard error: 0.00717 to 0.0535
eff. sample size: 350 to 19400
needed thinning: 2 to 80
Diagnostics time 0.4 secs 

Total number of iterations 18490 - required further 620 

Chain # 2 - chunk 34 (chain 1 of 1 for this core): increasing by 621 

Iterations: 621 
|-------------|-------------|-------------|-------------|
|-------------------------------------------------------|

Current time: 2024-11-20 12:12:26
MCMC time 1.1 hours 

USED COMPONENTS: 58 OF 74 

rel. MC standard error: 0.00658 to 0.0528
eff. sample size: 359 to 23100
needed thinning: 2 to 80
Diagnostics time 0.32 secs 

Total number of iterations 19111 - required further 620 

Chain # 2 - chunk 35 (chain 1 of 1 for this core): increasing by 621 

Iterations: 621 
|-------------|-------------|-------------|-------------|
|-------------------------------------------------------|

Current time: 2024-11-20 12:14:25
MCMC time 1.2 hours 

USED COMPONENTS: 58 OF 74 

rel. MC standard error: 0.00636 to 0.0522
eff. sample size: 367 to 24700
needed thinning: 2 to 81
Diagnostics time 0.36 secs 

Total number of iterations 19732 - required further 628 

Chain # 2 - chunk 36 (chain 1 of 1 for this core): increasing by 629 

Iterations: 629 
|-------------|-------------|-------------|-------------|
|-------------------------------------------------------|

Current time: 2024-11-20 12:16:25
MCMC time 1.2 hours 

USED COMPONENTS: 57 OF 74 

rel. MC standard error: 0.00596 to 0.0513
eff. sample size: 379 to 28100
needed thinning: 2 to 81
Diagnostics time 0.96 secs 

Total number of iterations 20361 - required further 628 

Chain # 2 - chunk 37 (chain 1 of 1 for this core): increasing by 629 

Iterations: 629 
|-------------|-------------|-------------|-------------|
|-------------------------------------------------------|

Current time: 2024-11-20 12:18:25
MCMC time 1.2 hours 

USED COMPONENTS: 57 OF 74 

rel. MC standard error: 0.00594 to 0.0504
eff. sample size: 393 to 28400
needed thinning: 2 to 81
Diagnostics time 0.42 secs 

Total number of iterations 20990 - required further 628 

Chain # 2 - chunk 38 (chain 1 of 1 for this core): increasing by 629 

Iterations: 629 
|-------------|-------------|-------------|-------------|
|-------------------------------------------------------|

Current time: 2024-11-20 12:20:25
MCMC time 1.3 hours 

USED COMPONENTS: 58 OF 74 

rel. MC standard error: 0.00643 to 0.0501
eff. sample size: 398 to 24200
needed thinning: 2 to 82
Diagnostics time 0.36 secs 

Total number of iterations 21619 - required further 636 

Chain # 2 - chunk 39 (chain 1 of 1 for this core): increasing by 637 

Iterations: 637 
|-------------|-------------|-------------|-------------|
|-------------------------------------------------------|

Current time: 2024-11-20 12:22:26
MCMC time 1.3 hours 

USED COMPONENTS: 57 OF 74 

rel. MC standard error: 0.00636 to 0.0495
eff. sample size: 409 to 24700
needed thinning: 2 to 82
Diagnostics time 0.38 secs 

Total number of iterations 22256 - required further 0 

Keeping last 60 samples with thinning 82 

Plotting traces and samples.

Current time: 2024-11-20 12:22:29
MCMC + diagnostics time 1.3 hours 

Current time: 2024-11-20 12:22:29
Total time 1.3 hours 
loaded inferno and set parent environment
loaded inferno and set parent environment
loaded inferno and set parent environment
loaded inferno and set parent environment
