Log core 10 - Current time: 2024-11-19 09:19:25
Defining model
Building model
Setting data and initial values
Running calculate on model
  [Note] Any error reports that follow may simply reflect missing values in model variables.
Checking model sizes and dimensions
Compiling
  [Note] This may take a minute.
  [Note] Use 'showCompilerOutput = TRUE' to see C++ compilation details.
===== Monitors =====
thin = 1: Bprob, Rmean, Rvar, W
thin2 = 1: K
===== Samplers =====
conjugate sampler (519)
  - Rmean[]  (148 elements)
  - Rrate[]  (148 elements)
  - Bprob[]  (74 elements)
  - Rvar[]  (148 elements)
  - W[1:74] 
categorical sampler (901)
  - Alpha
  - K[]  (900 elements)
===== Monitors =====
thin = 1: Bprob, Rmean, Rvar, W
thin2 = 1: K
===== Samplers =====
slice sampler (901)
  - Alpha
  - K[]  (900 elements)
conjugate sampler (519)
  - Rmean[]  (148 elements)
  - Rrate[]  (148 elements)
  - Bprob[]  (74 elements)
  - Rvar[]  (148 elements)
  - W[1:74] 
Compiling
  [Note] This may take a minute.
  [Note] Use 'showCompilerOutput = TRUE' to see C++ compilation details.

Setup time 3.7 mins 

Chain # 10 (chain 1 of 1 for this core)

Datapoints for testing convergence:
 #24 #145 #238 #276 #319 #425 #443 #448 #477 #493 #499 #527 #540 #563 #577 #580 #748 #757 #780 #863 

Iterations: 3600 
|-------------|-------------|-------------|-------------|
|-------------------------------------------------------|

Current time: 2024-11-19 09:29:20
MCMC time 6.3 mins 

USED COMPONENTS: 49 OF 74 

rel. MC standard error: 0.0157 to 0.0506
eff. sample size: 391 to 4050
needed thinning: 2 to 14
Diagnostics time 2.3 secs 

Total number of iterations 3600 - required further 109 

Chain # 10 - chunk 2 (chain 1 of 1 for this core): increasing by 110 

Iterations: 110 
|-------------|-------------|-------------|-------------|
|-------------------------------------------------------|

Current time: 2024-11-19 09:29:32
MCMC time 6.5 mins 

USED COMPONENTS: 49 OF 74 

rel. MC standard error: 0.0155 to 0.0502
eff. sample size: 397 to 4150
needed thinning: 2 to 15
Diagnostics time 0.078 secs 

Total number of iterations 3710 - required further 117 

Chain # 10 - chunk 3 (chain 1 of 1 for this core): increasing by 118 

Iterations: 118 
|-------------|-------------|-------------|-------------|
|-------------------------------------------------------|

Current time: 2024-11-19 09:29:42
MCMC time 6.6 mins 

USED COMPONENTS: 49 OF 74 

rel. MC standard error: 0.0152 to 0.0478
eff. sample size: 438 to 4310
needed thinning: 2 to 14
Diagnostics time 0.098 secs 

Total number of iterations 3828 - required further 0 

Keeping last 60 samples with thinning 14 

Plotting traces and samples.

Current time: 2024-11-19 09:29:42
MCMC + diagnostics time 6.6 mins 

Current time: 2024-11-19 09:29:42
Total time 6.6 mins 
loaded inferno and set parent environment
loaded inferno and set parent environment
loaded inferno and set parent environment
loaded inferno and set parent environment
