Log core 2 - Current time: 2024-11-19 09:19:25
Defining model
Building model
Setting data and initial values
Running calculate on model
  [Note] Any error reports that follow may simply reflect missing values in model variables.
Checking model sizes and dimensions
Compiling
  [Note] This may take a minute.
  [Note] Use 'showCompilerOutput = TRUE' to see C++ compilation details.
===== Monitors =====
thin = 1: Bprob, Rmean, Rvar, W
thin2 = 1: K
===== Samplers =====
conjugate sampler (519)
  - Rmean[]  (148 elements)
  - Rrate[]  (148 elements)
  - Bprob[]  (74 elements)
  - Rvar[]  (148 elements)
  - W[1:74] 
categorical sampler (901)
  - Alpha
  - K[]  (900 elements)
===== Monitors =====
thin = 1: Bprob, Rmean, Rvar, W
thin2 = 1: K
===== Samplers =====
slice sampler (901)
  - Alpha
  - K[]  (900 elements)
conjugate sampler (519)
  - Rmean[]  (148 elements)
  - Rrate[]  (148 elements)
  - Bprob[]  (74 elements)
  - Rvar[]  (148 elements)
  - W[1:74] 
Compiling
  [Note] This may take a minute.
  [Note] Use 'showCompilerOutput = TRUE' to see C++ compilation details.

Setup time 3.6 mins 

Chain # 2 (chain 1 of 1 for this core)

Datapoints for testing convergence:
 #6 #40 #125 #150 #174 #195 #241 #328 #433 #502 #541 #581 #589 #703 #724 #746 #755 #759 #784 #877 

Iterations: 3600 
|-------------|-------------|-------------|-------------|
|-------------------------------------------------------|

Current time: 2024-11-19 09:30:33
MCMC time 7.5 mins 

USED COMPONENTS: 51 OF 74 

rel. MC standard error: 0.0154 to 0.0746
eff. sample size: 180 to 4190
needed thinning: 2 to 31
Diagnostics time 2 secs 

Total number of iterations 3600 - required further 241 

Chain # 2 - chunk 2 (chain 1 of 1 for this core): increasing by 242 

Iterations: 242 
|-------------|-------------|-------------|-------------|
|-------------------------------------------------------|

Current time: 2024-11-19 09:30:55
MCMC time 7.9 mins 

USED COMPONENTS: 49 OF 74 

rel. MC standard error: 0.0155 to 0.0716
eff. sample size: 195 to 4180
needed thinning: 2 to 30
Diagnostics time 0.14 secs 

Total number of iterations 3842 - required further 233 

Chain # 2 - chunk 3 (chain 1 of 1 for this core): increasing by 234 

Iterations: 234 
|-------------|-------------|-------------|-------------|
|-------------------------------------------------------|

Current time: 2024-11-19 09:31:13
MCMC time 8.2 mins 

USED COMPONENTS: 49 OF 74 

rel. MC standard error: 0.0141 to 0.0695
eff. sample size: 207 to 5000
needed thinning: 2 to 30
Diagnostics time 0.13 secs 

Total number of iterations 4076 - required further 233 

Chain # 2 - chunk 4 (chain 1 of 1 for this core): increasing by 234 

Iterations: 234 
|-------------|-------------|-------------|-------------|
|-------------------------------------------------------|

Current time: 2024-11-19 09:31:32
MCMC time 8.5 mins 

USED COMPONENTS: 48 OF 74 

rel. MC standard error: 0.014 to 0.0683
eff. sample size: 215 to 5140
needed thinning: 2 to 31
Diagnostics time 0.14 secs 

Total number of iterations 4310 - required further 241 

Chain # 2 - chunk 5 (chain 1 of 1 for this core): increasing by 242 

Iterations: 242 
|-------------|-------------|-------------|-------------|
|-------------------------------------------------------|

Current time: 2024-11-19 09:31:51
MCMC time 8.8 mins 

USED COMPONENTS: 49 OF 74 

rel. MC standard error: 0.0128 to 0.0671
eff. sample size: 222 to 6080
needed thinning: 2 to 31
Diagnostics time 0.13 secs 

Total number of iterations 4552 - required further 241 

Chain # 2 - chunk 6 (chain 1 of 1 for this core): increasing by 242 

Iterations: 242 
|-------------|-------------|-------------|-------------|
|-------------------------------------------------------|

Current time: 2024-11-19 09:32:10
MCMC time 9.1 mins 

USED COMPONENTS: 49 OF 74 

rel. MC standard error: 0.0134 to 0.064
eff. sample size: 245 to 5570
needed thinning: 2 to 30
Diagnostics time 0.13 secs 

Total number of iterations 4794 - required further 233 

Chain # 2 - chunk 7 (chain 1 of 1 for this core): increasing by 234 

Iterations: 234 
|-------------|-------------|-------------|-------------|
|-------------------------------------------------------|

Current time: 2024-11-19 09:32:28
MCMC time 9.4 mins 

USED COMPONENTS: 50 OF 74 

rel. MC standard error: 0.0136 to 0.063
eff. sample size: 252 to 5410
needed thinning: 2 to 30
Diagnostics time 0.12 secs 

Total number of iterations 5028 - required further 233 

Chain # 2 - chunk 8 (chain 1 of 1 for this core): increasing by 234 

Iterations: 234 
|-------------|-------------|-------------|-------------|
|-------------------------------------------------------|

Current time: 2024-11-19 09:32:47
MCMC time 9.7 mins 

USED COMPONENTS: 50 OF 74 

rel. MC standard error: 0.0124 to 0.0597
eff. sample size: 281 to 6490
needed thinning: 2 to 29
Diagnostics time 0.13 secs 

Total number of iterations 5262 - required further 225 

Chain # 2 - chunk 9 (chain 1 of 1 for this core): increasing by 226 

Iterations: 226 
|-------------|-------------|-------------|-------------|
|-------------------------------------------------------|

Current time: 2024-11-19 09:33:04
MCMC time 10 mins 

USED COMPONENTS: 50 OF 74 

rel. MC standard error: 0.0115 to 0.0584
eff. sample size: 294 to 7610
needed thinning: 2 to 29
Diagnostics time 0.13 secs 

Total number of iterations 5488 - required further 225 

Chain # 2 - chunk 10 (chain 1 of 1 for this core): increasing by 226 

Iterations: 226 
|-------------|-------------|-------------|-------------|
|-------------------------------------------------------|

Current time: 2024-11-19 09:33:22
MCMC time 10 mins 

USED COMPONENTS: 50 OF 74 

rel. MC standard error: 0.0121 to 0.0579
eff. sample size: 298 to 6860
needed thinning: 2 to 29
Diagnostics time 0.15 secs 

Total number of iterations 5714 - required further 225 

Chain # 2 - chunk 11 (chain 1 of 1 for this core): increasing by 226 

Iterations: 226 
|-------------|-------------|-------------|-------------|
|-------------------------------------------------------|

Current time: 2024-11-19 09:33:40
MCMC time 11 mins 

USED COMPONENTS: 49 OF 74 

rel. MC standard error: 0.0123 to 0.0562
eff. sample size: 316 to 6660
needed thinning: 2 to 29
Diagnostics time 0.14 secs 

Total number of iterations 5940 - required further 225 

Chain # 2 - chunk 12 (chain 1 of 1 for this core): increasing by 226 

Iterations: 226 
|-------------|-------------|-------------|-------------|
|-------------------------------------------------------|

Current time: 2024-11-19 09:33:57
MCMC time 11 mins 

USED COMPONENTS: 50 OF 74 

rel. MC standard error: 0.0118 to 0.0565
eff. sample size: 313 to 7240
needed thinning: 2 to 30
Diagnostics time 0.14 secs 

Total number of iterations 6166 - required further 233 

Chain # 2 - chunk 13 (chain 1 of 1 for this core): increasing by 234 

Iterations: 234 
|-------------|-------------|-------------|-------------|
|-------------------------------------------------------|

Current time: 2024-11-19 09:34:15
MCMC time 11 mins 

USED COMPONENTS: 50 OF 74 

rel. MC standard error: 0.0112 to 0.0553
eff. sample size: 327 to 8030
needed thinning: 2 to 30
Diagnostics time 0.14 secs 

Total number of iterations 6400 - required further 233 

Chain # 2 - chunk 14 (chain 1 of 1 for this core): increasing by 234 

Iterations: 234 
|-------------|-------------|-------------|-------------|
|-------------------------------------------------------|

Current time: 2024-11-19 09:34:34
MCMC time 12 mins 

USED COMPONENTS: 49 OF 74 

rel. MC standard error: 0.0104 to 0.0528
eff. sample size: 358 to 9170
needed thinning: 2 to 28
Diagnostics time 0.14 secs 

Total number of iterations 6634 - required further 217 

Chain # 2 - chunk 15 (chain 1 of 1 for this core): increasing by 218 

Iterations: 218 
|-------------|-------------|-------------|-------------|
|-------------------------------------------------------|

Current time: 2024-11-19 09:34:51
MCMC time 12 mins 

USED COMPONENTS: 49 OF 74 

rel. MC standard error: 0.0107 to 0.0528
eff. sample size: 358 to 8790
needed thinning: 2 to 29
Diagnostics time 0.19 secs 

Total number of iterations 6852 - required further 225 

Chain # 2 - chunk 16 (chain 1 of 1 for this core): increasing by 226 

Iterations: 226 
|-------------|-------------|-------------|-------------|
|-------------------------------------------------------|

Current time: 2024-11-19 09:35:09
MCMC time 12 mins 

USED COMPONENTS: 49 OF 74 

rel. MC standard error: 0.011 to 0.0512
eff. sample size: 381 to 8320
needed thinning: 2 to 28
Diagnostics time 0.14 secs 

Total number of iterations 7078 - required further 217 

Chain # 2 - chunk 17 (chain 1 of 1 for this core): increasing by 218 

Iterations: 218 
|-------------|-------------|-------------|-------------|
|-------------------------------------------------------|

Current time: 2024-11-19 09:35:26
MCMC time 12 mins 

USED COMPONENTS: 49 OF 74 

rel. MC standard error: 0.0107 to 0.0509
eff. sample size: 386 to 8700
needed thinning: 2 to 29
Diagnostics time 0.15 secs 

Total number of iterations 7296 - required further 225 

Chain # 2 - chunk 18 (chain 1 of 1 for this core): increasing by 226 

Iterations: 226 
|-------------|-------------|-------------|-------------|
|-------------------------------------------------------|

Current time: 2024-11-19 09:35:43
MCMC time 13 mins 

USED COMPONENTS: 49 OF 74 

rel. MC standard error: 0.011 to 0.0509
eff. sample size: 386 to 8210
needed thinning: 2 to 30
Diagnostics time 0.13 secs 

Total number of iterations 7522 - required further 233 

Chain # 2 - chunk 19 (chain 1 of 1 for this core): increasing by 234 

Iterations: 234 
|-------------|-------------|-------------|-------------|
|-------------------------------------------------------|

Current time: 2024-11-19 09:36:02
MCMC time 13 mins 

USED COMPONENTS: 49 OF 74 

rel. MC standard error: 0.0114 to 0.0503
eff. sample size: 396 to 7630
needed thinning: 2 to 30
Diagnostics time 0.15 secs 

Total number of iterations 7756 - required further 233 

Chain # 2 - chunk 20 (chain 1 of 1 for this core): increasing by 234 

Iterations: 234 
|-------------|-------------|-------------|-------------|
|-------------------------------------------------------|

Current time: 2024-11-19 09:36:20
MCMC time 13 mins 

USED COMPONENTS: 49 OF 74 

rel. MC standard error: 0.00982 to 0.0476
eff. sample size: 441 to 10400
needed thinning: 2 to 28
Diagnostics time 0.16 secs 

Total number of iterations 7990 - required further 0 

Keeping last 60 samples with thinning 28 

Plotting traces and samples.

Current time: 2024-11-19 09:36:21
MCMC + diagnostics time 13 mins 

Current time: 2024-11-19 09:36:21
Total time 13 mins 
loaded inferno and set parent environment
loaded inferno and set parent environment
loaded inferno and set parent environment
loaded inferno and set parent environment
