Log core 13 - Current time: 2024-11-19 09:19:25
Defining model
Building model
Setting data and initial values
Running calculate on model
  [Note] Any error reports that follow may simply reflect missing values in model variables.
Checking model sizes and dimensions
Compiling
  [Note] This may take a minute.
  [Note] Use 'showCompilerOutput = TRUE' to see C++ compilation details.
===== Monitors =====
thin = 1: Bprob, Rmean, Rvar, W
thin2 = 1: K
===== Samplers =====
conjugate sampler (519)
  - Rmean[]  (148 elements)
  - Rrate[]  (148 elements)
  - Bprob[]  (74 elements)
  - Rvar[]  (148 elements)
  - W[1:74] 
categorical sampler (901)
  - Alpha
  - K[]  (900 elements)
===== Monitors =====
thin = 1: Bprob, Rmean, Rvar, W
thin2 = 1: K
===== Samplers =====
slice sampler (901)
  - Alpha
  - K[]  (900 elements)
conjugate sampler (519)
  - Rmean[]  (148 elements)
  - Rrate[]  (148 elements)
  - Bprob[]  (74 elements)
  - Rvar[]  (148 elements)
  - W[1:74] 
Compiling
  [Note] This may take a minute.
  [Note] Use 'showCompilerOutput = TRUE' to see C++ compilation details.

Setup time 2.6 mins 

Chain # 13 (chain 1 of 1 for this core)

Datapoints for testing convergence:
 #25 #28 #69 #80 #160 #163 #210 #229 #232 #311 #398 #457 #508 #616 #670 #686 #768 #818 #824 #863 

Iterations: 3600 
|-------------|-------------|-------------|-------------|
|-------------------------------------------------------|

Current time: 2024-11-19 09:27:05
MCMC time 5 mins 

USED COMPONENTS: 53 OF 74 

rel. MC standard error: 0.0153 to 0.0924
eff. sample size: 117 to 4300
needed thinning: 2 to 47
Diagnostics time 2.1 secs 

Total number of iterations 3600 - required further 365 

Chain # 13 - chunk 2 (chain 1 of 1 for this core): increasing by 366 

Iterations: 366 
|-------------|-------------|-------------|-------------|
|-------------------------------------------------------|

Current time: 2024-11-19 09:27:38
MCMC time 5.6 mins 

USED COMPONENTS: 52 OF 74 

rel. MC standard error: 0.0145 to 0.0901
eff. sample size: 123 to 4770
needed thinning: 2 to 49
Diagnostics time 0.23 secs 

Total number of iterations 3966 - required further 380 

Chain # 13 - chunk 3 (chain 1 of 1 for this core): increasing by 381 

Iterations: 381 
|-------------|-------------|-------------|-------------|
|-------------------------------------------------------|

Current time: 2024-11-19 09:28:09
MCMC time 6.1 mins 

USED COMPONENTS: 52 OF 74 

rel. MC standard error: 0.0141 to 0.086
eff. sample size: 135 to 5050
needed thinning: 2 to 49
Diagnostics time 0.25 secs 

Total number of iterations 4347 - required further 380 

Chain # 13 - chunk 4 (chain 1 of 1 for this core): increasing by 381 

Iterations: 381 
|-------------|-------------|-------------|-------------|
|-------------------------------------------------------|

Current time: 2024-11-19 09:28:40
MCMC time 6.6 mins 

USED COMPONENTS: 51 OF 74 

rel. MC standard error: 0.0129 to 0.0836
eff. sample size: 143 to 5980
needed thinning: 2 to 50
Diagnostics time 0.76 secs 

Total number of iterations 4728 - required further 388 

Chain # 13 - chunk 5 (chain 1 of 1 for this core): increasing by 389 

Iterations: 389 
|-------------|-------------|-------------|-------------|
|-------------------------------------------------------|

Current time: 2024-11-19 09:29:13
MCMC time 7.2 mins 

USED COMPONENTS: 52 OF 74 

rel. MC standard error: 0.0126 to 0.0803
eff. sample size: 155 to 6330
needed thinning: 2 to 50
Diagnostics time 0.2 secs 

Total number of iterations 5117 - required further 388 

Chain # 13 - chunk 6 (chain 1 of 1 for this core): increasing by 389 

Iterations: 389 
|-------------|-------------|-------------|-------------|
|-------------------------------------------------------|

Current time: 2024-11-19 09:29:45
MCMC time 7.7 mins 

USED COMPONENTS: 52 OF 74 

rel. MC standard error: 0.0131 to 0.079
eff. sample size: 160 to 5870
needed thinning: 2 to 52
Diagnostics time 0.22 secs 

Total number of iterations 5506 - required further 403 

Chain # 13 - chunk 7 (chain 1 of 1 for this core): increasing by 404 

Iterations: 404 
|-------------|-------------|-------------|-------------|
|-------------------------------------------------------|

Current time: 2024-11-19 09:30:19
MCMC time 8.3 mins 

USED COMPONENTS: 52 OF 74 

rel. MC standard error: 0.0124 to 0.0754
eff. sample size: 176 to 6520
needed thinning: 2 to 51
Diagnostics time 0.24 secs 

Total number of iterations 5910 - required further 396 

Chain # 13 - chunk 8 (chain 1 of 1 for this core): increasing by 397 

Iterations: 397 
|-------------|-------------|-------------|-------------|
|-------------------------------------------------------|

Current time: 2024-11-19 09:30:51
MCMC time 8.8 mins 

USED COMPONENTS: 52 OF 74 

rel. MC standard error: 0.0108 to 0.076
eff. sample size: 173 to 8540
needed thinning: 2 to 55
Diagnostics time 0.23 secs 

Total number of iterations 6307 - required further 427 

Chain # 13 - chunk 9 (chain 1 of 1 for this core): increasing by 428 

Iterations: 428 
|-------------|-------------|-------------|-------------|
|-------------------------------------------------------|

Current time: 2024-11-19 09:31:26
MCMC time 9.4 mins 

USED COMPONENTS: 52 OF 74 

rel. MC standard error: 0.0115 to 0.0763
eff. sample size: 172 to 7600
needed thinning: 2 to 59
Diagnostics time 0.23 secs 

Total number of iterations 6735 - required further 458 

Chain # 13 - chunk 10 (chain 1 of 1 for this core): increasing by 459 

Iterations: 459 
|-------------|-------------|-------------|-------------|
|-------------------------------------------------------|

Current time: 2024-11-19 09:32:03
MCMC time 10 mins 

USED COMPONENTS: 52 OF 74 

rel. MC standard error: 0.0107 to 0.0739
eff. sample size: 183 to 8810
needed thinning: 2 to 59
Diagnostics time 0.32 secs 

Total number of iterations 7194 - required further 458 

Chain # 13 - chunk 11 (chain 1 of 1 for this core): increasing by 459 

Iterations: 459 
|-------------|-------------|-------------|-------------|
|-------------------------------------------------------|

Current time: 2024-11-19 09:32:41
MCMC time 11 mins 

USED COMPONENTS: 52 OF 74 

rel. MC standard error: 0.00986 to 0.0732
eff. sample size: 187 to 10300
needed thinning: 2 to 62
Diagnostics time 0.73 secs 

Total number of iterations 7653 - required further 481 

Chain # 13 - chunk 12 (chain 1 of 1 for this core): increasing by 482 

Iterations: 482 
|-------------|-------------|-------------|-------------|
|-------------------------------------------------------|

Current time: 2024-11-19 09:33:20
MCMC time 11 mins 

USED COMPONENTS: 51 OF 74 

rel. MC standard error: 0.0103 to 0.0726
eff. sample size: 190 to 9440
needed thinning: 2 to 65
Diagnostics time 0.26 secs 

Total number of iterations 8135 - required further 504 

Chain # 13 - chunk 13 (chain 1 of 1 for this core): increasing by 505 

Iterations: 505 
|-------------|-------------|-------------|-------------|
|-------------------------------------------------------|

Current time: 2024-11-19 09:34:01
MCMC time 12 mins 

USED COMPONENTS: 51 OF 74 

rel. MC standard error: 0.00958 to 0.0712
eff. sample size: 197 to 10900
needed thinning: 2 to 66
Diagnostics time 0.78 secs 

Total number of iterations 8640 - required further 512 

Chain # 13 - chunk 14 (chain 1 of 1 for this core): increasing by 513 

Iterations: 513 
|-------------|-------------|-------------|-------------|
|-------------------------------------------------------|

Current time: 2024-11-19 09:34:43
MCMC time 13 mins 

USED COMPONENTS: 50 OF 74 

rel. MC standard error: 0.0101 to 0.0706
eff. sample size: 200 to 9810
needed thinning: 2 to 69
Diagnostics time 0.27 secs 

Total number of iterations 9153 - required further 535 

Chain # 13 - chunk 15 (chain 1 of 1 for this core): increasing by 536 

Iterations: 536 
|-------------|-------------|-------------|-------------|
|-------------------------------------------------------|

Current time: 2024-11-19 09:35:26
MCMC time 13 mins 

USED COMPONENTS: 50 OF 74 

rel. MC standard error: 0.00905 to 0.0698
eff. sample size: 205 to 12200
needed thinning: 2 to 71
Diagnostics time 0.35 secs 

Total number of iterations 9689 - required further 550 

Chain # 13 - chunk 16 (chain 1 of 1 for this core): increasing by 551 

Iterations: 551 
|-------------|-------------|-------------|-------------|
|-------------------------------------------------------|

Current time: 2024-11-19 09:36:11
MCMC time 14 mins 

USED COMPONENTS: 50 OF 74 

rel. MC standard error: 0.00862 to 0.0688
eff. sample size: 211 to 13400
needed thinning: 2 to 73
Diagnostics time 0.37 secs 

Total number of iterations 10240 - required further 566 

Chain # 13 - chunk 17 (chain 1 of 1 for this core): increasing by 567 

Iterations: 567 
|-------------|-------------|-------------|-------------|
|-------------------------------------------------------|

Current time: 2024-11-19 09:36:57
MCMC time 15 mins 

USED COMPONENTS: 52 OF 74 

rel. MC standard error: 0.00838 to 0.0683
eff. sample size: 214 to 14200
needed thinning: 2 to 76
Diagnostics time 0.85 secs 

Total number of iterations 10807 - required further 589 

Chain # 13 - chunk 18 (chain 1 of 1 for this core): increasing by 590 

Iterations: 590 
|-------------|-------------|-------------|-------------|
|-------------------------------------------------------|

Current time: 2024-11-19 09:37:45
MCMC time 16 mins 

USED COMPONENTS: 50 OF 74 

rel. MC standard error: 0.00913 to 0.0673
eff. sample size: 221 to 12000
needed thinning: 2 to 78
Diagnostics time 0.31 secs 

Total number of iterations 11397 - required further 605 

Chain # 13 - chunk 19 (chain 1 of 1 for this core): increasing by 606 

Iterations: 606 
|-------------|-------------|-------------|-------------|
|-------------------------------------------------------|

Current time: 2024-11-19 09:38:34
MCMC time 17 mins 

USED COMPONENTS: 50 OF 74 

rel. MC standard error: 0.00827 to 0.0663
eff. sample size: 228 to 14600
needed thinning: 2 to 80
Diagnostics time 0.32 secs 

Total number of iterations 12003 - required further 620 

Chain # 13 - chunk 20 (chain 1 of 1 for this core): increasing by 621 

Iterations: 621 
|-------------|-------------|-------------|-------------|
|-------------------------------------------------------|

Current time: 2024-11-19 09:39:23
MCMC time 17 mins 

USED COMPONENTS: 50 OF 74 

rel. MC standard error: 0.00827 to 0.0659
eff. sample size: 230 to 14600
needed thinning: 2 to 83
Diagnostics time 0.32 secs 

Total number of iterations 12624 - required further 643 

Chain # 13 - chunk 21 (chain 1 of 1 for this core): increasing by 644 

Iterations: 644 
|-------------|-------------|-------------|-------------|
|-------------------------------------------------------|

Current time: 2024-11-19 09:40:15
MCMC time 18 mins 

USED COMPONENTS: 50 OF 74 

rel. MC standard error: 0.00862 to 0.0647
eff. sample size: 239 to 13500
needed thinning: 2 to 84
Diagnostics time 0.39 secs 

Total number of iterations 13268 - required further 651 

Chain # 13 - chunk 22 (chain 1 of 1 for this core): increasing by 652 

Iterations: 652 
|-------------|-------------|-------------|-------------|
|-------------------------------------------------------|

Current time: 2024-11-19 09:41:07
MCMC time 19 mins 

USED COMPONENTS: 50 OF 74 

rel. MC standard error: 0.00818 to 0.0644
eff. sample size: 241 to 14900
needed thinning: 2 to 87
Diagnostics time 0.81 secs 

Total number of iterations 13920 - required further 674 

Chain # 13 - chunk 23 (chain 1 of 1 for this core): increasing by 675 

Iterations: 675 
|-------------|-------------|-------------|-------------|
|-------------------------------------------------------|

Current time: 2024-11-19 09:42:02
MCMC time 20 mins 

USED COMPONENTS: 50 OF 74 

rel. MC standard error: 0.00827 to 0.0632
eff. sample size: 250 to 14600
needed thinning: 2 to 88
Diagnostics time 0.41 secs 

Total number of iterations 14595 - required further 682 

Chain # 13 - chunk 24 (chain 1 of 1 for this core): increasing by 683 

Iterations: 683 
|-------------|-------------|-------------|-------------|
|-------------------------------------------------------|

Current time: 2024-11-19 09:42:56
MCMC time 21 mins 

USED COMPONENTS: 51 OF 74 

rel. MC standard error: 0.00798 to 0.0627
eff. sample size: 254 to 15700
needed thinning: 2 to 91
Diagnostics time 0.83 secs 

Total number of iterations 15278 - required further 705 

Chain # 13 - chunk 25 (chain 1 of 1 for this core): increasing by 706 

Iterations: 706 
|-------------|-------------|-------------|-------------|
|-------------------------------------------------------|

Current time: 2024-11-19 09:43:53
MCMC time 22 mins 

USED COMPONENTS: 51 OF 74 

rel. MC standard error: 0.00822 to 0.0625
eff. sample size: 256 to 14800
needed thinning: 2 to 94
Diagnostics time 0.37 secs 

Total number of iterations 15984 - required further 729 

Chain # 13 - chunk 26 (chain 1 of 1 for this core): increasing by 730 

Iterations: 730 
|-------------|-------------|-------------|-------------|
|-------------------------------------------------------|

Current time: 2024-11-19 09:44:52
MCMC time 23 mins 

USED COMPONENTS: 50 OF 74 

rel. MC standard error: 0.00751 to 0.0614
eff. sample size: 265 to 17700
needed thinning: 2 to 95
Diagnostics time 0.36 secs 

Total number of iterations 16714 - required further 736 

Chain # 13 - chunk 27 (chain 1 of 1 for this core): increasing by 737 

Iterations: 737 
|-------------|-------------|-------------|-------------|
|-------------------------------------------------------|

Current time: 2024-11-19 09:45:50
MCMC time 24 mins 

USED COMPONENTS: 49 OF 74 

rel. MC standard error: 0.00746 to 0.0613
eff. sample size: 266 to 18000
needed thinning: 2 to 99
Diagnostics time 0.39 secs 

Total number of iterations 17451 - required further 767 

Chain # 13 - chunk 28 (chain 1 of 1 for this core): increasing by 768 

Iterations: 768 
|-------------|-------------|-------------|-------------|
|-------------------------------------------------------|

Current time: 2024-11-19 09:46:52
MCMC time 25 mins 

USED COMPONENTS: 51 OF 74 

rel. MC standard error: 0.00701 to 0.0603
eff. sample size: 275 to 20400
needed thinning: 2 to 100
Diagnostics time 0.86 secs 

Total number of iterations 18219 - required further 775 

Chain # 13 - chunk 29 (chain 1 of 1 for this core): increasing by 776 

Iterations: 776 
|-------------|-------------|-------------|-------------|
|-------------------------------------------------------|

Current time: 2024-11-19 09:47:55
MCMC time 26 mins 

USED COMPONENTS: 50 OF 74 

rel. MC standard error: 0.0074 to 0.0591
eff. sample size: 286 to 18200
needed thinning: 2 to 100
Diagnostics time 1.1 secs 

Total number of iterations 18995 - required further 775 

Chain # 13 - chunk 30 (chain 1 of 1 for this core): increasing by 776 

Iterations: 776 
|-------------|-------------|-------------|-------------|
|-------------------------------------------------------|

Current time: 2024-11-19 09:48:57
MCMC time 27 mins 

USED COMPONENTS: 50 OF 74 

rel. MC standard error: 0.00715 to 0.059
eff. sample size: 287 to 19600
needed thinning: 2 to 104
Diagnostics time 0.41 secs 

Total number of iterations 19771 - required further 806 

Chain # 13 - chunk 31 (chain 1 of 1 for this core): increasing by 807 

Iterations: 807 
|-------------|-------------|-------------|-------------|
|-------------------------------------------------------|

Current time: 2024-11-19 09:50:01
MCMC time 28 mins 

USED COMPONENTS: 50 OF 74 

rel. MC standard error: 0.00708 to 0.0583
eff. sample size: 294 to 20000
needed thinning: 2 to 105
Diagnostics time 0.44 secs 

Total number of iterations 20578 - required further 814 

Chain # 13 - chunk 32 (chain 1 of 1 for this core): increasing by 815 

Iterations: 815 
|-------------|-------------|-------------|-------------|
|-------------------------------------------------------|

Current time: 2024-11-19 09:51:08
MCMC time 29 mins 

USED COMPONENTS: 49 OF 74 

rel. MC standard error: 0.00708 to 0.0574
eff. sample size: 304 to 19900
needed thinning: 2 to 106
Diagnostics time 1.1 secs 

Total number of iterations 21393 - required further 822 

Chain # 13 - chunk 33 (chain 1 of 1 for this core): increasing by 823 

Iterations: 823 
|-------------|-------------|-------------|-------------|
|-------------------------------------------------------|

Current time: 2024-11-19 09:52:16
MCMC time 30 mins 

USED COMPONENTS: 50 OF 74 

rel. MC standard error: 0.00656 to 0.0567
eff. sample size: 311 to 23200
needed thinning: 2 to 108
Diagnostics time 0.44 secs 

Total number of iterations 22216 - required further 837 

Chain # 13 - chunk 34 (chain 1 of 1 for this core): increasing by 838 

Iterations: 838 
|-------------|-------------|-------------|-------------|
|-------------------------------------------------------|

Current time: 2024-11-19 09:53:25
MCMC time 31 mins 

USED COMPONENTS: 49 OF 74 

rel. MC standard error: 0.00661 to 0.0562
eff. sample size: 316 to 22900
needed thinning: 2 to 110
Diagnostics time 1 secs 

Total number of iterations 23054 - required further 853 

Chain # 13 - chunk 35 (chain 1 of 1 for this core): increasing by 854 

Iterations: 854 
|-------------|-------------|-------------|-------------|
|-------------------------------------------------------|

Current time: 2024-11-19 09:54:35
MCMC time 33 mins 

USED COMPONENTS: 49 OF 74 

rel. MC standard error: 0.00629 to 0.0556
eff. sample size: 323 to 25300
needed thinning: 2 to 111
Diagnostics time 0.44 secs 

Total number of iterations 23908 - required further 860 

Chain # 13 - chunk 36 (chain 1 of 1 for this core): increasing by 861 

Iterations: 861 
|-------------|-------------|-------------|-------------|
|-------------------------------------------------------|

Current time: 2024-11-19 09:55:46
MCMC time 34 mins 

USED COMPONENTS: 49 OF 74 

rel. MC standard error: 0.00639 to 0.0552
eff. sample size: 328 to 24500
needed thinning: 2 to 114
Diagnostics time 1.1 secs 

Total number of iterations 24769 - required further 884 

Chain # 13 - chunk 37 (chain 1 of 1 for this core): increasing by 885 

Iterations: 885 
|-------------|-------------|-------------|-------------|
|-------------------------------------------------------|

Current time: 2024-11-19 09:57:02
MCMC time 35 mins 

USED COMPONENTS: 49 OF 74 

rel. MC standard error: 0.0064 to 0.0545
eff. sample size: 337 to 24400
needed thinning: 2 to 115
Diagnostics time 0.47 secs 

Total number of iterations 25654 - required further 891 

Chain # 13 - chunk 38 (chain 1 of 1 for this core): increasing by 892 

Iterations: 892 
|-------------|-------------|-------------|-------------|
|-------------------------------------------------------|

Current time: 2024-11-19 09:58:15
MCMC time 36 mins 

USED COMPONENTS: 49 OF 74 

rel. MC standard error: 0.00645 to 0.0539
eff. sample size: 344 to 24000
needed thinning: 2 to 116
Diagnostics time 1.1 secs 

Total number of iterations 26546 - required further 899 

Chain # 13 - chunk 39 (chain 1 of 1 for this core): increasing by 900 

Iterations: 900 
|-------------|-------------|-------------|-------------|
|-------------------------------------------------------|

Current time: 2024-11-19 09:59:27
MCMC time 37 mins 

USED COMPONENTS: 49 OF 74 

rel. MC standard error: 0.0058 to 0.0535
eff. sample size: 349 to 29700
needed thinning: 2 to 119
Diagnostics time 0.46 secs 

Total number of iterations 27446 - required further 922 

Chain # 13 - chunk 40 (chain 1 of 1 for this core): increasing by 923 

Iterations: 923 
|-------------|-------------|-------------|-------------|
|-------------------------------------------------------|

Current time: 2024-11-19 10:00:41
MCMC time 39 mins 

USED COMPONENTS: 49 OF 74 

rel. MC standard error: 0.00608 to 0.0531
eff. sample size: 355 to 27000
needed thinning: 2 to 120
Diagnostics time 0.45 secs 

Total number of iterations 28369 - required further 930 

Chain # 13 - chunk 41 (chain 1 of 1 for this core): increasing by 931 

Iterations: 931 
|-------------|-------------|-------------|-------------|
|-------------------------------------------------------|

Current time: 2024-11-19 10:01:55
MCMC time 40 mins 

USED COMPONENTS: 49 OF 74 

rel. MC standard error: 0.00602 to 0.0524
eff. sample size: 364 to 27600
needed thinning: 2 to 121
Diagnostics time 0.46 secs 

Total number of iterations 29300 - required further 938 

Chain # 13 - chunk 42 (chain 1 of 1 for this core): increasing by 939 

Iterations: 939 
|-------------|-------------|-------------|-------------|
|-------------------------------------------------------|

Current time: 2024-11-19 10:03:09
MCMC time 41 mins 

USED COMPONENTS: 49 OF 74 

rel. MC standard error: 0.00569 to 0.0518
eff. sample size: 373 to 30800
needed thinning: 2 to 122
Diagnostics time 0.48 secs 

Total number of iterations 30239 - required further 946 

Chain # 13 - chunk 43 (chain 1 of 1 for this core): increasing by 947 

Iterations: 947 
|-------------|-------------|-------------|-------------|
|-------------------------------------------------------|

Current time: 2024-11-19 10:04:24
MCMC time 42 mins 

USED COMPONENTS: 50 OF 74 

rel. MC standard error: 0.00574 to 0.0512
eff. sample size: 381 to 30400
needed thinning: 2 to 123
Diagnostics time 0.92 secs 

Total number of iterations 31186 - required further 953 

Chain # 13 - chunk 44 (chain 1 of 1 for this core): increasing by 954 

Iterations: 954 
|-------------|-------------|-------------|-------------|
|-------------------------------------------------------|

Current time: 2024-11-19 10:05:40
MCMC time 44 mins 

USED COMPONENTS: 49 OF 74 

rel. MC standard error: 0.00555 to 0.0512
eff. sample size: 381 to 32400
needed thinning: 2 to 127
Diagnostics time 0.45 secs 

Total number of iterations 32140 - required further 984 

Chain # 13 - chunk 45 (chain 1 of 1 for this core): increasing by 985 

Iterations: 985 
|-------------|-------------|-------------|-------------|
|-------------------------------------------------------|

Current time: 2024-11-19 10:06:57
MCMC time 45 mins 

USED COMPONENTS: 50 OF 74 

rel. MC standard error: 0.00575 to 0.0505
eff. sample size: 392 to 30200
needed thinning: 2 to 127
Diagnostics time 0.54 secs 

Total number of iterations 33125 - required further 984 

Chain # 13 - chunk 46 (chain 1 of 1 for this core): increasing by 985 

Iterations: 985 
|-------------|-------------|-------------|-------------|
|-------------------------------------------------------|

Current time: 2024-11-19 10:08:14
MCMC time 46 mins 

USED COMPONENTS: 50 OF 74 

rel. MC standard error: 0.00561 to 0.05
eff. sample size: 401 to 31700
needed thinning: 2 to 128
Diagnostics time 0.5 secs 

Total number of iterations 34110 - required further 0 

Keeping last 60 samples with thinning 128 

Plotting traces and samples.

Current time: 2024-11-19 10:08:17
MCMC + diagnostics time 46 mins 

Current time: 2024-11-19 10:08:17
Total time 46 mins 
loaded inferno and set parent environment
loaded inferno and set parent environment
loaded inferno and set parent environment
loaded inferno and set parent environment
