Log core 3 - Current time: 2024-11-19 09:19:25
Defining model
Building model
Setting data and initial values
Running calculate on model
  [Note] Any error reports that follow may simply reflect missing values in model variables.
Checking model sizes and dimensions
Compiling
  [Note] This may take a minute.
  [Note] Use 'showCompilerOutput = TRUE' to see C++ compilation details.
===== Monitors =====
thin = 1: Bprob, Rmean, Rvar, W
thin2 = 1: K
===== Samplers =====
conjugate sampler (519)
  - Rmean[]  (148 elements)
  - Rrate[]  (148 elements)
  - Bprob[]  (74 elements)
  - Rvar[]  (148 elements)
  - W[1:74] 
categorical sampler (901)
  - Alpha
  - K[]  (900 elements)
===== Monitors =====
thin = 1: Bprob, Rmean, Rvar, W
thin2 = 1: K
===== Samplers =====
slice sampler (901)
  - Alpha
  - K[]  (900 elements)
conjugate sampler (519)
  - Rmean[]  (148 elements)
  - Rrate[]  (148 elements)
  - Bprob[]  (74 elements)
  - Rvar[]  (148 elements)
  - W[1:74] 
Compiling
  [Note] This may take a minute.
  [Note] Use 'showCompilerOutput = TRUE' to see C++ compilation details.

Setup time 3.6 mins 

Chain # 3 (chain 1 of 1 for this core)

Datapoints for testing convergence:
 #51 #64 #209 #214 #261 #272 #282 #283 #333 #353 #430 #496 #533 #650 #694 #739 #750 #797 #864 #868 

Iterations: 3600 
|-------------|-------------|-------------|-------------|
|-------------------------------------------------------|

Current time: 2024-11-19 09:30:05
MCMC time 7 mins 

USED COMPONENTS: 51 OF 74 

rel. MC standard error: 0.0161 to 0.0802
eff. sample size: 155 to 3860
needed thinning: 2 to 35
Diagnostics time 2.3 secs 

Total number of iterations 3600 - required further 272 

Chain # 3 - chunk 2 (chain 1 of 1 for this core): increasing by 273 

Iterations: 273 
|-------------|-------------|-------------|-------------|
|-------------------------------------------------------|

Current time: 2024-11-19 09:30:42
MCMC time 7.7 mins 

USED COMPONENTS: 47 OF 74 

rel. MC standard error: 0.016 to 0.0779
eff. sample size: 165 to 3920
needed thinning: 2 to 36
Diagnostics time 0.2 secs 

Total number of iterations 3873 - required further 279 

Chain # 3 - chunk 3 (chain 1 of 1 for this core): increasing by 280 

Iterations: 280 
|-------------|-------------|-------------|-------------|
|-------------------------------------------------------|

Current time: 2024-11-19 09:31:04
MCMC time 8 mins 

USED COMPONENTS: 47 OF 74 

rel. MC standard error: 0.0154 to 0.0787
eff. sample size: 162 to 4240
needed thinning: 2 to 39
Diagnostics time 0.2 secs 

Total number of iterations 4153 - required further 303 

Chain # 3 - chunk 4 (chain 1 of 1 for this core): increasing by 304 

Iterations: 304 
|-------------|-------------|-------------|-------------|
|-------------------------------------------------------|

Current time: 2024-11-19 09:31:29
MCMC time 8.4 mins 

USED COMPONENTS: 47 OF 74 

rel. MC standard error: 0.0148 to 0.0759
eff. sample size: 174 to 4540
needed thinning: 2 to 39
Diagnostics time 0.19 secs 

Total number of iterations 4457 - required further 303 

Chain # 3 - chunk 5 (chain 1 of 1 for this core): increasing by 304 

Iterations: 304 
|-------------|-------------|-------------|-------------|
|-------------------------------------------------------|

Current time: 2024-11-19 09:31:53
MCMC time 8.8 mins 

USED COMPONENTS: 47 OF 74 

rel. MC standard error: 0.0148 to 0.0733
eff. sample size: 186 to 4600
needed thinning: 2 to 39
Diagnostics time 0.71 secs 

Total number of iterations 4761 - required further 303 

Chain # 3 - chunk 6 (chain 1 of 1 for this core): increasing by 304 

Iterations: 304 
|-------------|-------------|-------------|-------------|
|-------------------------------------------------------|

Current time: 2024-11-19 09:32:18
MCMC time 9.3 mins 

USED COMPONENTS: 48 OF 74 

rel. MC standard error: 0.0139 to 0.0731
eff. sample size: 187 to 5180
needed thinning: 2 to 41
Diagnostics time 0.18 secs 

Total number of iterations 5065 - required further 318 

Chain # 3 - chunk 7 (chain 1 of 1 for this core): increasing by 319 

Iterations: 319 
|-------------|-------------|-------------|-------------|
|-------------------------------------------------------|

Current time: 2024-11-19 09:32:43
MCMC time 9.7 mins 

USED COMPONENTS: 49 OF 74 

rel. MC standard error: 0.0144 to 0.0698
eff. sample size: 205 to 4820
needed thinning: 2 to 40
Diagnostics time 0.17 secs 

Total number of iterations 5384 - required further 310 

Chain # 3 - chunk 8 (chain 1 of 1 for this core): increasing by 311 

Iterations: 311 
|-------------|-------------|-------------|-------------|
|-------------------------------------------------------|

Current time: 2024-11-19 09:33:08
MCMC time 10 mins 

USED COMPONENTS: 49 OF 74 

rel. MC standard error: 0.0141 to 0.0695
eff. sample size: 207 to 5000
needed thinning: 2 to 42
Diagnostics time 0.19 secs 

Total number of iterations 5695 - required further 326 

Chain # 3 - chunk 9 (chain 1 of 1 for this core): increasing by 327 

Iterations: 327 
|-------------|-------------|-------------|-------------|
|-------------------------------------------------------|

Current time: 2024-11-19 09:33:35
MCMC time 11 mins 

USED COMPONENTS: 49 OF 74 

rel. MC standard error: 0.0137 to 0.069
eff. sample size: 210 to 5340
needed thinning: 2 to 43
Diagnostics time 0.18 secs 

Total number of iterations 6022 - required further 334 

Chain # 3 - chunk 10 (chain 1 of 1 for this core): increasing by 335 

Iterations: 335 
|-------------|-------------|-------------|-------------|
|-------------------------------------------------------|

Current time: 2024-11-19 09:34:01
MCMC time 11 mins 

USED COMPONENTS: 48 OF 74 

rel. MC standard error: 0.0142 to 0.0657
eff. sample size: 231 to 4950
needed thinning: 2 to 42
Diagnostics time 0.19 secs 

Total number of iterations 6357 - required further 326 

Chain # 3 - chunk 11 (chain 1 of 1 for this core): increasing by 327 

Iterations: 327 
|-------------|-------------|-------------|-------------|
|-------------------------------------------------------|

Current time: 2024-11-19 09:34:28
MCMC time 11 mins 

USED COMPONENTS: 49 OF 74 

rel. MC standard error: 0.0124 to 0.0674
eff. sample size: 220 to 6530
needed thinning: 2 to 46
Diagnostics time 0.24 secs 

Total number of iterations 6684 - required further 357 

Chain # 3 - chunk 12 (chain 1 of 1 for this core): increasing by 358 

Iterations: 358 
|-------------|-------------|-------------|-------------|
|-------------------------------------------------------|

Current time: 2024-11-19 09:34:56
MCMC time 12 mins 

USED COMPONENTS: 49 OF 74 

rel. MC standard error: 0.0117 to 0.0661
eff. sample size: 229 to 7290
needed thinning: 2 to 47
Diagnostics time 0.2 secs 

Total number of iterations 7042 - required further 365 

Chain # 3 - chunk 13 (chain 1 of 1 for this core): increasing by 366 

Iterations: 366 
|-------------|-------------|-------------|-------------|
|-------------------------------------------------------|

Current time: 2024-11-19 09:35:26
MCMC time 12 mins 

USED COMPONENTS: 49 OF 74 

rel. MC standard error: 0.0123 to 0.0638
eff. sample size: 245 to 6580
needed thinning: 2 to 46
Diagnostics time 0.21 secs 

Total number of iterations 7408 - required further 357 

Chain # 3 - chunk 14 (chain 1 of 1 for this core): increasing by 358 

Iterations: 358 
|-------------|-------------|-------------|-------------|
|-------------------------------------------------------|

Current time: 2024-11-19 09:35:54
MCMC time 13 mins 

USED COMPONENTS: 49 OF 74 

rel. MC standard error: 0.0127 to 0.0624
eff. sample size: 257 to 6180
needed thinning: 2 to 46
Diagnostics time 0.21 secs 

Total number of iterations 7766 - required further 357 

Chain # 3 - chunk 15 (chain 1 of 1 for this core): increasing by 358 

Iterations: 358 
|-------------|-------------|-------------|-------------|
|-------------------------------------------------------|

Current time: 2024-11-19 09:36:23
MCMC time 13 mins 

USED COMPONENTS: 49 OF 74 

rel. MC standard error: 0.0121 to 0.0609
eff. sample size: 269 to 6780
needed thinning: 2 to 46
Diagnostics time 0.2 secs 

Total number of iterations 8124 - required further 357 

Chain # 3 - chunk 16 (chain 1 of 1 for this core): increasing by 358 

Iterations: 358 
|-------------|-------------|-------------|-------------|
|-------------------------------------------------------|

Current time: 2024-11-19 09:36:52
MCMC time 14 mins 

USED COMPONENTS: 49 OF 74 

rel. MC standard error: 0.0115 to 0.0583
eff. sample size: 294 to 7560
needed thinning: 2 to 44
Diagnostics time 0.69 secs 

Total number of iterations 8482 - required further 341 

Chain # 3 - chunk 17 (chain 1 of 1 for this core): increasing by 342 

Iterations: 342 
|-------------|-------------|-------------|-------------|
|-------------------------------------------------------|

Current time: 2024-11-19 09:37:19
MCMC time 14 mins 

USED COMPONENTS: 49 OF 74 

rel. MC standard error: 0.0108 to 0.0581
eff. sample size: 296 to 8590
needed thinning: 2 to 45
Diagnostics time 0.17 secs 

Total number of iterations 8824 - required further 349 

Chain # 3 - chunk 18 (chain 1 of 1 for this core): increasing by 350 

Iterations: 350 
|-------------|-------------|-------------|-------------|
|-------------------------------------------------------|

Current time: 2024-11-19 09:37:47
MCMC time 15 mins 

USED COMPONENTS: 49 OF 74 

rel. MC standard error: 0.0113 to 0.0571
eff. sample size: 307 to 7790
needed thinning: 2 to 45
Diagnostics time 0.21 secs 

Total number of iterations 9174 - required further 349 

Chain # 3 - chunk 19 (chain 1 of 1 for this core): increasing by 350 

Iterations: 350 
|-------------|-------------|-------------|-------------|
|-------------------------------------------------------|

Current time: 2024-11-19 09:38:15
MCMC time 15 mins 

USED COMPONENTS: 49 OF 74 

rel. MC standard error: 0.0114 to 0.0561
eff. sample size: 318 to 7720
needed thinning: 2 to 45
Diagnostics time 0.21 secs 

Total number of iterations 9524 - required further 349 

Chain # 3 - chunk 20 (chain 1 of 1 for this core): increasing by 350 

Iterations: 350 
|-------------|-------------|-------------|-------------|
|-------------------------------------------------------|

Current time: 2024-11-19 09:38:44
MCMC time 16 mins 

USED COMPONENTS: 49 OF 74 

rel. MC standard error: 0.0106 to 0.0551
eff. sample size: 329 to 8870
needed thinning: 2 to 45
Diagnostics time 0.23 secs 

Total number of iterations 9874 - required further 349 

Chain # 3 - chunk 21 (chain 1 of 1 for this core): increasing by 350 

Iterations: 350 
|-------------|-------------|-------------|-------------|
|-------------------------------------------------------|

Current time: 2024-11-19 09:39:12
MCMC time 16 mins 

USED COMPONENTS: 49 OF 74 

rel. MC standard error: 0.0105 to 0.0546
eff. sample size: 335 to 8990
needed thinning: 2 to 46
Diagnostics time 0.26 secs 

Total number of iterations 10224 - required further 357 

Chain # 3 - chunk 22 (chain 1 of 1 for this core): increasing by 358 

Iterations: 358 
|-------------|-------------|-------------|-------------|
|-------------------------------------------------------|

Current time: 2024-11-19 09:39:40
MCMC time 17 mins 

USED COMPONENTS: 49 OF 74 

rel. MC standard error: 0.00998 to 0.0537
eff. sample size: 347 to 10000
needed thinning: 2 to 46
Diagnostics time 0.22 secs 

Total number of iterations 10582 - required further 357 

Chain # 3 - chunk 23 (chain 1 of 1 for this core): increasing by 358 

Iterations: 358 
|-------------|-------------|-------------|-------------|
|-------------------------------------------------------|

Current time: 2024-11-19 09:40:09
MCMC time 17 mins 

USED COMPONENTS: 49 OF 74 

rel. MC standard error: 0.00995 to 0.0543
eff. sample size: 340 to 10100
needed thinning: 2 to 49
Diagnostics time 0.22 secs 

Total number of iterations 10940 - required further 380 

Chain # 3 - chunk 24 (chain 1 of 1 for this core): increasing by 381 

Iterations: 381 
|-------------|-------------|-------------|-------------|
|-------------------------------------------------------|

Current time: 2024-11-19 09:40:39
MCMC time 18 mins 

USED COMPONENTS: 49 OF 74 

rel. MC standard error: 0.0101 to 0.0547
eff. sample size: 335 to 9860
needed thinning: 2 to 51
Diagnostics time 0.22 secs 

Total number of iterations 11321 - required further 396 

Chain # 3 - chunk 25 (chain 1 of 1 for this core): increasing by 397 

Iterations: 397 
|-------------|-------------|-------------|-------------|
|-------------------------------------------------------|

Current time: 2024-11-19 09:41:11
MCMC time 18 mins 

USED COMPONENTS: 49 OF 74 

rel. MC standard error: 0.00961 to 0.054
eff. sample size: 343 to 10800
needed thinning: 2 to 52
Diagnostics time 0.27 secs 

Total number of iterations 11718 - required further 403 

Chain # 3 - chunk 26 (chain 1 of 1 for this core): increasing by 404 

Iterations: 404 
|-------------|-------------|-------------|-------------|
|-------------------------------------------------------|

Current time: 2024-11-19 09:41:43
MCMC time 19 mins 

USED COMPONENTS: 49 OF 74 

rel. MC standard error: 0.00903 to 0.0533
eff. sample size: 352 to 12300
needed thinning: 2 to 52
Diagnostics time 0.21 secs 

Total number of iterations 12122 - required further 403 

Chain # 3 - chunk 27 (chain 1 of 1 for this core): increasing by 404 

Iterations: 404 
|-------------|-------------|-------------|-------------|
|-------------------------------------------------------|

Current time: 2024-11-19 09:42:16
MCMC time 19 mins 

USED COMPONENTS: 49 OF 74 

rel. MC standard error: 0.00965 to 0.0529
eff. sample size: 358 to 10700
needed thinning: 2 to 53
Diagnostics time 0.74 secs 

Total number of iterations 12526 - required further 411 

Chain # 3 - chunk 28 (chain 1 of 1 for this core): increasing by 412 

Iterations: 412 
|-------------|-------------|-------------|-------------|
|-------------------------------------------------------|

Current time: 2024-11-19 09:42:50
MCMC time 20 mins 

USED COMPONENTS: 49 OF 74 

rel. MC standard error: 0.0099 to 0.0527
eff. sample size: 360 to 10200
needed thinning: 2 to 54
Diagnostics time 0.25 secs 

Total number of iterations 12938 - required further 419 

Chain # 3 - chunk 29 (chain 1 of 1 for this core): increasing by 420 

Iterations: 420 
|-------------|-------------|-------------|-------------|
|-------------------------------------------------------|

Current time: 2024-11-19 09:43:24
MCMC time 20 mins 

USED COMPONENTS: 49 OF 74 

rel. MC standard error: 0.00998 to 0.0523
eff. sample size: 366 to 10000
needed thinning: 2 to 55
Diagnostics time 0.26 secs 

Total number of iterations 13358 - required further 427 

Chain # 3 - chunk 30 (chain 1 of 1 for this core): increasing by 428 

Iterations: 428 
|-------------|-------------|-------------|-------------|
|-------------------------------------------------------|

Current time: 2024-11-19 09:43:59
MCMC time 21 mins 

USED COMPONENTS: 49 OF 74 

rel. MC standard error: 0.00928 to 0.0516
eff. sample size: 375 to 11600
needed thinning: 2 to 56
Diagnostics time 0.28 secs 

Total number of iterations 13786 - required further 434 

Chain # 3 - chunk 31 (chain 1 of 1 for this core): increasing by 435 

Iterations: 435 
|-------------|-------------|-------------|-------------|
|-------------------------------------------------------|

Current time: 2024-11-19 09:44:34
MCMC time 22 mins 

USED COMPONENTS: 49 OF 74 

rel. MC standard error: 0.00927 to 0.0512
eff. sample size: 382 to 11600
needed thinning: 2 to 56
Diagnostics time 0.31 secs 

Total number of iterations 14221 - required further 434 

Chain # 3 - chunk 32 (chain 1 of 1 for this core): increasing by 435 

Iterations: 435 
|-------------|-------------|-------------|-------------|
|-------------------------------------------------------|

Current time: 2024-11-19 09:45:09
MCMC time 22 mins 

USED COMPONENTS: 49 OF 74 

rel. MC standard error: 0.00922 to 0.0509
eff. sample size: 385 to 11800
needed thinning: 2 to 58
Diagnostics time 0.25 secs 

Total number of iterations 14656 - required further 450 

Chain # 3 - chunk 33 (chain 1 of 1 for this core): increasing by 451 

Iterations: 451 
|-------------|-------------|-------------|-------------|
|-------------------------------------------------------|

Current time: 2024-11-19 09:45:45
MCMC time 23 mins 

USED COMPONENTS: 48 OF 74 

rel. MC standard error: 0.00878 to 0.0511
eff. sample size: 382 to 13000
needed thinning: 2 to 60
Diagnostics time 0.75 secs 

Total number of iterations 15107 - required further 465 

Chain # 3 - chunk 34 (chain 1 of 1 for this core): increasing by 466 

Iterations: 466 
|-------------|-------------|-------------|-------------|
|-------------------------------------------------------|

Current time: 2024-11-19 09:46:23
MCMC time 23 mins 

USED COMPONENTS: 48 OF 74 

rel. MC standard error: 0.00893 to 0.0507
eff. sample size: 389 to 12500
needed thinning: 2 to 61
Diagnostics time 0.25 secs 

Total number of iterations 15573 - required further 473 

Chain # 3 - chunk 35 (chain 1 of 1 for this core): increasing by 474 

Iterations: 474 
|-------------|-------------|-------------|-------------|
|-------------------------------------------------------|

Current time: 2024-11-19 09:47:01
MCMC time 24 mins 

USED COMPONENTS: 48 OF 74 

rel. MC standard error: 0.00875 to 0.0505
eff. sample size: 392 to 13100
needed thinning: 2 to 62
Diagnostics time 0.32 secs 

Total number of iterations 16047 - required further 481 

Chain # 3 - chunk 36 (chain 1 of 1 for this core): increasing by 482 

Iterations: 482 
|-------------|-------------|-------------|-------------|
|-------------------------------------------------------|

Current time: 2024-11-19 09:47:40
MCMC time 25 mins 

USED COMPONENTS: 48 OF 74 

rel. MC standard error: 0.00827 to 0.0498
eff. sample size: 404 to 14600
needed thinning: 2 to 62
Diagnostics time 0.75 secs 

Total number of iterations 16529 - required further 0 

Keeping last 60 samples with thinning 62 

Plotting traces and samples.

Current time: 2024-11-19 09:47:42
MCMC + diagnostics time 25 mins 

Current time: 2024-11-19 09:47:42
Total time 25 mins 
loaded inferno and set parent environment
loaded inferno and set parent environment
loaded inferno and set parent environment
loaded inferno and set parent environment
