Log core 17 - Current time: 2024-11-19 09:19:25
Defining model
Building model
Setting data and initial values
Running calculate on model
  [Note] Any error reports that follow may simply reflect missing values in model variables.
Checking model sizes and dimensions
Compiling
  [Note] This may take a minute.
  [Note] Use 'showCompilerOutput = TRUE' to see C++ compilation details.
===== Monitors =====
thin = 1: Bprob, Rmean, Rvar, W
thin2 = 1: K
===== Samplers =====
conjugate sampler (519)
  - Rmean[]  (148 elements)
  - Rrate[]  (148 elements)
  - Bprob[]  (74 elements)
  - Rvar[]  (148 elements)
  - W[1:74] 
categorical sampler (901)
  - Alpha
  - K[]  (900 elements)
===== Monitors =====
thin = 1: Bprob, Rmean, Rvar, W
thin2 = 1: K
===== Samplers =====
slice sampler (901)
  - Alpha
  - K[]  (900 elements)
conjugate sampler (519)
  - Rmean[]  (148 elements)
  - Rrate[]  (148 elements)
  - Bprob[]  (74 elements)
  - Rvar[]  (148 elements)
  - W[1:74] 
Compiling
  [Note] This may take a minute.
  [Note] Use 'showCompilerOutput = TRUE' to see C++ compilation details.

Setup time 3.7 mins 

Chain # 17 (chain 1 of 1 for this core)

Datapoints for testing convergence:
 #10 #62 #70 #76 #168 #215 #315 #357 #363 #390 #399 #411 #493 #555 #561 #710 #802 #852 #881 #896 

Iterations: 3600 
|-------------|-------------|-------------|-------------|
|-------------------------------------------------------|

Current time: 2024-11-19 09:30:22
MCMC time 7.3 mins 

USED COMPONENTS: 43 OF 74 

rel. MC standard error: 0.0162 to 0.0527
eff. sample size: 360 to 3810
needed thinning: 2 to 16
Diagnostics time 2.3 secs 

Total number of iterations 3600 - required further 124 

Chain # 17 - chunk 2 (chain 1 of 1 for this core): increasing by 125 

Iterations: 125 
|-------------|-------------|-------------|-------------|
|-------------------------------------------------------|

Current time: 2024-11-19 09:30:36
MCMC time 7.5 mins 

USED COMPONENTS: 43 OF 74 

rel. MC standard error: 0.0157 to 0.0512
eff. sample size: 382 to 4040
needed thinning: 2 to 15
Diagnostics time 0.099 secs 

Total number of iterations 3725 - required further 117 

Chain # 17 - chunk 3 (chain 1 of 1 for this core): increasing by 118 

Iterations: 118 
|-------------|-------------|-------------|-------------|
|-------------------------------------------------------|

Current time: 2024-11-19 09:30:45
MCMC time 7.7 mins 

USED COMPONENTS: 44 OF 74 

rel. MC standard error: 0.0152 to 0.0499
eff. sample size: 401 to 4330
needed thinning: 2 to 15
Diagnostics time 0.12 secs 

Total number of iterations 3843 - required further 0 

Keeping last 60 samples with thinning 15 

Plotting traces and samples.

Current time: 2024-11-19 09:30:46
MCMC + diagnostics time 7.7 mins 

Current time: 2024-11-19 09:30:46
Total time 7.7 mins 
loaded inferno and set parent environment
loaded inferno and set parent environment
loaded inferno and set parent environment
loaded inferno and set parent environment
