Log core 8 - Current time: 2024-11-19 09:19:25
Defining model
Building model
Setting data and initial values
Running calculate on model
  [Note] Any error reports that follow may simply reflect missing values in model variables.
Checking model sizes and dimensions
Compiling
  [Note] This may take a minute.
  [Note] Use 'showCompilerOutput = TRUE' to see C++ compilation details.
===== Monitors =====
thin = 1: Bprob, Rmean, Rvar, W
thin2 = 1: K
===== Samplers =====
conjugate sampler (519)
  - Rmean[]  (148 elements)
  - Rrate[]  (148 elements)
  - Bprob[]  (74 elements)
  - Rvar[]  (148 elements)
  - W[1:74] 
categorical sampler (901)
  - Alpha
  - K[]  (900 elements)
===== Monitors =====
thin = 1: Bprob, Rmean, Rvar, W
thin2 = 1: K
===== Samplers =====
slice sampler (901)
  - Alpha
  - K[]  (900 elements)
conjugate sampler (519)
  - Rmean[]  (148 elements)
  - Rrate[]  (148 elements)
  - Bprob[]  (74 elements)
  - Rvar[]  (148 elements)
  - W[1:74] 
Compiling
  [Note] This may take a minute.
  [Note] Use 'showCompilerOutput = TRUE' to see C++ compilation details.

Setup time 2.5 mins 

Chain # 8 (chain 1 of 1 for this core)

Datapoints for testing convergence:
 #57 #129 #135 #161 #183 #226 #340 #362 #373 #498 #504 #560 #602 #641 #702 #749 #764 #780 #800 #802 

Iterations: 3600 
|-------------|-------------|-------------|-------------|
|-------------------------------------------------------|

Current time: 2024-11-19 09:26:55
MCMC time 5 mins 

USED COMPONENTS: 48 OF 74 

rel. MC standard error: 0.0139 to 0.0926
eff. sample size: 117 to 5180
needed thinning: 2 to 47
Diagnostics time 2.1 secs 

Total number of iterations 3600 - required further 365 

Chain # 8 - chunk 2 (chain 1 of 1 for this core): increasing by 366 

Iterations: 366 
|-------------|-------------|-------------|-------------|
|-------------------------------------------------------|

Current time: 2024-11-19 09:27:30
MCMC time 5.6 mins 

USED COMPONENTS: 48 OF 74 

rel. MC standard error: 0.0142 to 0.0908
eff. sample size: 121 to 4970
needed thinning: 2 to 50
Diagnostics time 0.22 secs 

Total number of iterations 3966 - required further 388 

Chain # 8 - chunk 3 (chain 1 of 1 for this core): increasing by 389 

Iterations: 389 
|-------------|-------------|-------------|-------------|
|-------------------------------------------------------|

Current time: 2024-11-19 09:28:03
MCMC time 6.1 mins 

USED COMPONENTS: 48 OF 74 

rel. MC standard error: 0.0147 to 0.088
eff. sample size: 129 to 4610
needed thinning: 2 to 51
Diagnostics time 0.25 secs 

Total number of iterations 4355 - required further 396 

Chain # 8 - chunk 4 (chain 1 of 1 for this core): increasing by 397 

Iterations: 397 
|-------------|-------------|-------------|-------------|
|-------------------------------------------------------|

Current time: 2024-11-19 09:28:35
MCMC time 6.7 mins 

USED COMPONENTS: 49 OF 74 

rel. MC standard error: 0.0126 to 0.0873
eff. sample size: 131 to 6270
needed thinning: 2 to 55
Diagnostics time 0.77 secs 

Total number of iterations 4752 - required further 427 

Chain # 8 - chunk 5 (chain 1 of 1 for this core): increasing by 428 

Iterations: 428 
|-------------|-------------|-------------|-------------|
|-------------------------------------------------------|

Current time: 2024-11-19 09:29:11
MCMC time 7.3 mins 

USED COMPONENTS: 47 OF 74 

rel. MC standard error: 0.0139 to 0.0861
eff. sample size: 135 to 5160
needed thinning: 2 to 58
Diagnostics time 0.26 secs 

Total number of iterations 5180 - required further 450 

Chain # 8 - chunk 6 (chain 1 of 1 for this core): increasing by 451 

Iterations: 451 
|-------------|-------------|-------------|-------------|
|-------------------------------------------------------|

Current time: 2024-11-19 09:29:48
MCMC time 7.9 mins 

USED COMPONENTS: 46 OF 74 

rel. MC standard error: 0.0128 to 0.0842
eff. sample size: 141 to 6140
needed thinning: 2 to 60
Diagnostics time 0.26 secs 

Total number of iterations 5631 - required further 465 

Chain # 8 - chunk 7 (chain 1 of 1 for this core): increasing by 466 

Iterations: 466 
|-------------|-------------|-------------|-------------|
|-------------------------------------------------------|

Current time: 2024-11-19 09:30:26
MCMC time 8.5 mins 

USED COMPONENTS: 46 OF 74 

rel. MC standard error: 0.0127 to 0.0811
eff. sample size: 152 to 6240
needed thinning: 2 to 61
Diagnostics time 0.33 secs 

Total number of iterations 6097 - required further 473 

Chain # 8 - chunk 8 (chain 1 of 1 for this core): increasing by 474 

Iterations: 474 
|-------------|-------------|-------------|-------------|
|-------------------------------------------------------|

Current time: 2024-11-19 09:31:05
MCMC time 9.2 mins 

USED COMPONENTS: 46 OF 74 

rel. MC standard error: 0.0102 to 0.0796
eff. sample size: 158 to 9650
needed thinning: 2 to 63
Diagnostics time 0.8 secs 

Total number of iterations 6571 - required further 488 

Chain # 8 - chunk 9 (chain 1 of 1 for this core): increasing by 489 

Iterations: 489 
|-------------|-------------|-------------|-------------|
|-------------------------------------------------------|

Current time: 2024-11-19 09:31:46
MCMC time 9.9 mins 

USED COMPONENTS: 45 OF 74 

rel. MC standard error: 0.0114 to 0.0774
eff. sample size: 167 to 7660
needed thinning: 2 to 64
Diagnostics time 0.26 secs 

Total number of iterations 7060 - required further 496 

Chain # 8 - chunk 10 (chain 1 of 1 for this core): increasing by 497 

Iterations: 497 
|-------------|-------------|-------------|-------------|
|-------------------------------------------------------|

Current time: 2024-11-19 09:32:27
MCMC time 11 mins 

USED COMPONENTS: 45 OF 74 

rel. MC standard error: 0.0106 to 0.0751
eff. sample size: 177 to 8830
needed thinning: 2 to 64
Diagnostics time 0.28 secs 

Total number of iterations 7557 - required further 496 

Chain # 8 - chunk 11 (chain 1 of 1 for this core): increasing by 497 

Iterations: 497 
|-------------|-------------|-------------|-------------|
|-------------------------------------------------------|

Current time: 2024-11-19 09:33:07
MCMC time 11 mins 

USED COMPONENTS: 46 OF 74 

rel. MC standard error: 0.00939 to 0.0724
eff. sample size: 191 to 11300
needed thinning: 2 to 64
Diagnostics time 0.26 secs 

Total number of iterations 8054 - required further 496 

Chain # 8 - chunk 12 (chain 1 of 1 for this core): increasing by 497 

Iterations: 497 
|-------------|-------------|-------------|-------------|
|-------------------------------------------------------|

Current time: 2024-11-19 09:33:48
MCMC time 12 mins 

USED COMPONENTS: 45 OF 74 

rel. MC standard error: 0.0103 to 0.0717
eff. sample size: 195 to 9360
needed thinning: 2 to 66
Diagnostics time 0.77 secs 

Total number of iterations 8551 - required further 512 

Chain # 8 - chunk 13 (chain 1 of 1 for this core): increasing by 513 

Iterations: 513 
|-------------|-------------|-------------|-------------|
|-------------------------------------------------------|

Current time: 2024-11-19 09:34:29
MCMC time 13 mins 

USED COMPONENTS: 45 OF 74 

rel. MC standard error: 0.00974 to 0.0695
eff. sample size: 207 to 10500
needed thinning: 2 to 66
Diagnostics time 0.29 secs 

Total number of iterations 9064 - required further 512 

Chain # 8 - chunk 14 (chain 1 of 1 for this core): increasing by 513 

Iterations: 513 
|-------------|-------------|-------------|-------------|
|-------------------------------------------------------|

Current time: 2024-11-19 09:35:11
MCMC time 13 mins 

USED COMPONENTS: 45 OF 74 

rel. MC standard error: 0.01 to 0.0672
eff. sample size: 222 to 9960
needed thinning: 2 to 65
Diagnostics time 0.32 secs 

Total number of iterations 9577 - required further 504 

Chain # 8 - chunk 15 (chain 1 of 1 for this core): increasing by 505 

Iterations: 505 
|-------------|-------------|-------------|-------------|
|-------------------------------------------------------|

Current time: 2024-11-19 09:35:51
MCMC time 14 mins 

USED COMPONENTS: 46 OF 74 

rel. MC standard error: 0.00915 to 0.0656
eff. sample size: 233 to 12000
needed thinning: 2 to 65
Diagnostics time 0.28 secs 

Total number of iterations 10082 - required further 504 

Chain # 8 - chunk 16 (chain 1 of 1 for this core): increasing by 505 

Iterations: 505 
|-------------|-------------|-------------|-------------|
|-------------------------------------------------------|

Current time: 2024-11-19 09:36:32
MCMC time 15 mins 

USED COMPONENTS: 46 OF 74 

rel. MC standard error: 0.0089 to 0.0636
eff. sample size: 247 to 12600
needed thinning: 2 to 65
Diagnostics time 0.83 secs 

Total number of iterations 10587 - required further 504 

Chain # 8 - chunk 17 (chain 1 of 1 for this core): increasing by 505 

Iterations: 505 
|-------------|-------------|-------------|-------------|
|-------------------------------------------------------|

Current time: 2024-11-19 09:37:16
MCMC time 15 mins 

USED COMPONENTS: 47 OF 74 

rel. MC standard error: 0.009 to 0.0634
eff. sample size: 249 to 12300
needed thinning: 2 to 67
Diagnostics time 0.3 secs 

Total number of iterations 11092 - required further 519 

Chain # 8 - chunk 18 (chain 1 of 1 for this core): increasing by 520 

Iterations: 520 
|-------------|-------------|-------------|-------------|
|-------------------------------------------------------|

Current time: 2024-11-19 09:37:59
MCMC time 16 mins 

USED COMPONENTS: 47 OF 74 

rel. MC standard error: 0.00912 to 0.0626
eff. sample size: 255 to 12000
needed thinning: 2 to 69
Diagnostics time 0.38 secs 

Total number of iterations 11612 - required further 535 

Chain # 8 - chunk 19 (chain 1 of 1 for this core): increasing by 536 

Iterations: 536 
|-------------|-------------|-------------|-------------|
|-------------------------------------------------------|

Current time: 2024-11-19 09:38:43
MCMC time 17 mins 

USED COMPONENTS: 46 OF 74 

rel. MC standard error: 0.00871 to 0.0614
eff. sample size: 265 to 13200
needed thinning: 2 to 69
Diagnostics time 0.83 secs 

Total number of iterations 12148 - required further 535 

Chain # 8 - chunk 20 (chain 1 of 1 for this core): increasing by 536 

Iterations: 536 
|-------------|-------------|-------------|-------------|
|-------------------------------------------------------|

Current time: 2024-11-19 09:39:26
MCMC time 18 mins 

USED COMPONENTS: 47 OF 74 

rel. MC standard error: 0.00815 to 0.0606
eff. sample size: 272 to 15100
needed thinning: 2 to 70
Diagnostics time 0.29 secs 

Total number of iterations 12684 - required further 543 

Chain # 8 - chunk 21 (chain 1 of 1 for this core): increasing by 544 

Iterations: 544 
|-------------|-------------|-------------|-------------|
|-------------------------------------------------------|

Current time: 2024-11-19 09:40:10
MCMC time 18 mins 

USED COMPONENTS: 46 OF 74 

rel. MC standard error: 0.00781 to 0.0596
eff. sample size: 281 to 16400
needed thinning: 2 to 71
Diagnostics time 0.32 secs 

Total number of iterations 13228 - required further 550 

Chain # 8 - chunk 22 (chain 1 of 1 for this core): increasing by 551 

Iterations: 551 
|-------------|-------------|-------------|-------------|
|-------------------------------------------------------|

Current time: 2024-11-19 09:40:53
MCMC time 19 mins 

USED COMPONENTS: 46 OF 74 

rel. MC standard error: 0.00751 to 0.0594
eff. sample size: 283 to 17700
needed thinning: 2 to 73
Diagnostics time 0.33 secs 

Total number of iterations 13779 - required further 566 

Chain # 8 - chunk 23 (chain 1 of 1 for this core): increasing by 567 

Iterations: 567 
|-------------|-------------|-------------|-------------|
|-------------------------------------------------------|

Current time: 2024-11-19 09:41:39
MCMC time 20 mins 

USED COMPONENTS: 47 OF 74 

rel. MC standard error: 0.00813 to 0.0572
eff. sample size: 305 to 15100
needed thinning: 2 to 71
Diagnostics time 0.83 secs 

Total number of iterations 14346 - required further 550 

Chain # 8 - chunk 24 (chain 1 of 1 for this core): increasing by 551 

Iterations: 551 
|-------------|-------------|-------------|-------------|
|-------------------------------------------------------|

Current time: 2024-11-19 09:42:23
MCMC time 20 mins 

USED COMPONENTS: 45 OF 74 

rel. MC standard error: 0.00816 to 0.0577
eff. sample size: 300 to 15000
needed thinning: 2 to 75
Diagnostics time 0.31 secs 

Total number of iterations 14897 - required further 581 

Chain # 8 - chunk 25 (chain 1 of 1 for this core): increasing by 582 

Iterations: 582 
|-------------|-------------|-------------|-------------|
|-------------------------------------------------------|

Current time: 2024-11-19 09:43:10
MCMC time 21 mins 

USED COMPONENTS: 45 OF 74 

rel. MC standard error: 0.00817 to 0.0573
eff. sample size: 304 to 15000
needed thinning: 2 to 77
Diagnostics time 0.36 secs 

Total number of iterations 15479 - required further 597 

Chain # 8 - chunk 26 (chain 1 of 1 for this core): increasing by 598 

Iterations: 598 
|-------------|-------------|-------------|-------------|
|-------------------------------------------------------|

Current time: 2024-11-19 09:43:57
MCMC time 22 mins 

USED COMPONENTS: 46 OF 74 

rel. MC standard error: 0.00693 to 0.0553
eff. sample size: 327 to 20800
needed thinning: 2 to 74
Diagnostics time 0.29 secs 

Total number of iterations 16077 - required further 574 

Chain # 8 - chunk 27 (chain 1 of 1 for this core): increasing by 575 

Iterations: 575 
|-------------|-------------|-------------|-------------|
|-------------------------------------------------------|

Current time: 2024-11-19 09:44:44
MCMC time 23 mins 

USED COMPONENTS: 46 OF 74 

rel. MC standard error: 0.00733 to 0.0547
eff. sample size: 334 to 18600
needed thinning: 2 to 75
Diagnostics time 0.3 secs 

Total number of iterations 16652 - required further 581 

Chain # 8 - chunk 28 (chain 1 of 1 for this core): increasing by 582 

Iterations: 582 
|-------------|-------------|-------------|-------------|
|-------------------------------------------------------|

Current time: 2024-11-19 09:45:30
MCMC time 24 mins 

USED COMPONENTS: 46 OF 74 

rel. MC standard error: 0.00783 to 0.0543
eff. sample size: 339 to 16300
needed thinning: 2 to 77
Diagnostics time 0.29 secs 

Total number of iterations 17234 - required further 597 

Chain # 8 - chunk 29 (chain 1 of 1 for this core): increasing by 598 

Iterations: 598 
|-------------|-------------|-------------|-------------|
|-------------------------------------------------------|

Current time: 2024-11-19 09:46:18
MCMC time 24 mins 

USED COMPONENTS: 46 OF 74 

rel. MC standard error: 0.00777 to 0.0526
eff. sample size: 361 to 16600
needed thinning: 2 to 75
Diagnostics time 0.36 secs 

Total number of iterations 17832 - required further 581 

Chain # 8 - chunk 30 (chain 1 of 1 for this core): increasing by 582 

Iterations: 582 
|-------------|-------------|-------------|-------------|
|-------------------------------------------------------|

Current time: 2024-11-19 09:47:04
MCMC time 25 mins 

USED COMPONENTS: 45 OF 74 

rel. MC standard error: 0.00767 to 0.0517
eff. sample size: 374 to 17000
needed thinning: 2 to 74
Diagnostics time 0.33 secs 

Total number of iterations 18414 - required further 574 

Chain # 8 - chunk 31 (chain 1 of 1 for this core): increasing by 575 

Iterations: 575 
|-------------|-------------|-------------|-------------|
|-------------------------------------------------------|

Current time: 2024-11-19 09:47:50
MCMC time 26 mins 

USED COMPONENTS: 46 OF 74 

rel. MC standard error: 0.00736 to 0.0504
eff. sample size: 393 to 18500
needed thinning: 2 to 73
Diagnostics time 0.32 secs 

Total number of iterations 18989 - required further 566 

Chain # 8 - chunk 32 (chain 1 of 1 for this core): increasing by 567 

Iterations: 567 
|-------------|-------------|-------------|-------------|
|-------------------------------------------------------|

Current time: 2024-11-19 09:48:35
MCMC time 27 mins 

USED COMPONENTS: 46 OF 74 

rel. MC standard error: 0.00737 to 0.0507
eff. sample size: 389 to 18400
needed thinning: 2 to 76
Diagnostics time 0.32 secs 

Total number of iterations 19556 - required further 589 

Chain # 8 - chunk 33 (chain 1 of 1 for this core): increasing by 590 

Iterations: 590 
|-------------|-------------|-------------|-------------|
|-------------------------------------------------------|

Current time: 2024-11-19 09:49:22
MCMC time 27 mins 

USED COMPONENTS: 47 OF 74 

rel. MC standard error: 0.00724 to 0.0504
eff. sample size: 394 to 19100
needed thinning: 2 to 77
Diagnostics time 0.82 secs 

Total number of iterations 20146 - required further 597 

Chain # 8 - chunk 34 (chain 1 of 1 for this core): increasing by 598 

Iterations: 598 
|-------------|-------------|-------------|-------------|
|-------------------------------------------------------|

Current time: 2024-11-19 09:50:10
MCMC time 28 mins 

USED COMPONENTS: 46 OF 74 

rel. MC standard error: 0.00658 to 0.0488
eff. sample size: 421 to 23100
needed thinning: 2 to 74
Diagnostics time 0.31 secs 

Total number of iterations 20744 - required further 0 

Keeping last 60 samples with thinning 74 

Plotting traces and samples.

Current time: 2024-11-19 09:50:12
MCMC + diagnostics time 28 mins 

Current time: 2024-11-19 09:50:12
Total time 28 mins 
loaded inferno and set parent environment
loaded inferno and set parent environment
loaded inferno and set parent environment
loaded inferno and set parent environment
