Log core 18 - Current time: 2024-11-19 09:19:25
Defining model
Building model
Setting data and initial values
Running calculate on model
  [Note] Any error reports that follow may simply reflect missing values in model variables.
Checking model sizes and dimensions
Compiling
  [Note] This may take a minute.
  [Note] Use 'showCompilerOutput = TRUE' to see C++ compilation details.
===== Monitors =====
thin = 1: Bprob, Rmean, Rvar, W
thin2 = 1: K
===== Samplers =====
conjugate sampler (519)
  - Rmean[]  (148 elements)
  - Rrate[]  (148 elements)
  - Bprob[]  (74 elements)
  - Rvar[]  (148 elements)
  - W[1:74] 
categorical sampler (901)
  - Alpha
  - K[]  (900 elements)
===== Monitors =====
thin = 1: Bprob, Rmean, Rvar, W
thin2 = 1: K
===== Samplers =====
slice sampler (901)
  - Alpha
  - K[]  (900 elements)
conjugate sampler (519)
  - Rmean[]  (148 elements)
  - Rrate[]  (148 elements)
  - Bprob[]  (74 elements)
  - Rvar[]  (148 elements)
  - W[1:74] 
Compiling
  [Note] This may take a minute.
  [Note] Use 'showCompilerOutput = TRUE' to see C++ compilation details.

Setup time 2.6 mins 

Chain # 18 (chain 1 of 1 for this core)

Datapoints for testing convergence:
 #76 #138 #146 #187 #212 #323 #398 #429 #469 #514 #520 #532 #565 #633 #638 #680 #739 #746 #849 #900 

Iterations: 3600 
|-------------|-------------|-------------|-------------|
|-------------------------------------------------------|

Current time: 2024-11-19 09:27:00
MCMC time 4.9 mins 

USED COMPONENTS: 42 OF 74 

rel. MC standard error: 0.0162 to 0.0439
eff. sample size: 519 to 3810
needed thinning: 2 to 11
Diagnostics time 2.1 secs 

Total number of iterations 3600 - required further 0 

Keeping last 60 samples with thinning 11 

Plotting traces and samples.

Current time: 2024-11-19 09:27:04
MCMC + diagnostics time 5 mins 

Current time: 2024-11-19 09:27:04
Total time 5 mins 
loaded inferno and set parent environment
loaded inferno and set parent environment
loaded inferno and set parent environment
loaded inferno and set parent environment
