Log core 5 - Current time: 2024-11-19 09:19:25
Defining model
Building model
Setting data and initial values
Running calculate on model
  [Note] Any error reports that follow may simply reflect missing values in model variables.
Checking model sizes and dimensions
Compiling
  [Note] This may take a minute.
  [Note] Use 'showCompilerOutput = TRUE' to see C++ compilation details.
===== Monitors =====
thin = 1: Bprob, Rmean, Rvar, W
thin2 = 1: K
===== Samplers =====
conjugate sampler (519)
  - Rmean[]  (148 elements)
  - Rrate[]  (148 elements)
  - Bprob[]  (74 elements)
  - Rvar[]  (148 elements)
  - W[1:74] 
categorical sampler (901)
  - Alpha
  - K[]  (900 elements)
===== Monitors =====
thin = 1: Bprob, Rmean, Rvar, W
thin2 = 1: K
===== Samplers =====
slice sampler (901)
  - Alpha
  - K[]  (900 elements)
conjugate sampler (519)
  - Rmean[]  (148 elements)
  - Rrate[]  (148 elements)
  - Bprob[]  (74 elements)
  - Rvar[]  (148 elements)
  - W[1:74] 
Compiling
  [Note] This may take a minute.
  [Note] Use 'showCompilerOutput = TRUE' to see C++ compilation details.

Setup time 2.7 mins 

Chain # 5 (chain 1 of 1 for this core)

Datapoints for testing convergence:
 #75 #136 #142 #208 #214 #265 #267 #284 #364 #431 #465 #493 #561 #586 #675 #723 #746 #749 #772 #848 

Iterations: 3600 
|-------------|-------------|-------------|-------------|
|-------------------------------------------------------|

Current time: 2024-11-19 09:27:07
MCMC time 5 mins 

USED COMPONENTS: 47 OF 74 

rel. MC standard error: 0.0159 to 0.0909
eff. sample size: 121 to 3950
needed thinning: 2 to 45
Diagnostics time 2.1 secs 

Total number of iterations 3600 - required further 349 

Chain # 5 - chunk 2 (chain 1 of 1 for this core): increasing by 350 

Iterations: 350 
|-------------|-------------|-------------|-------------|
|-------------------------------------------------------|

Current time: 2024-11-19 09:27:38
MCMC time 5.6 mins 

USED COMPONENTS: 46 OF 74 

rel. MC standard error: 0.015 to 0.0903
eff. sample size: 123 to 4470
needed thinning: 2 to 49
Diagnostics time 0.22 secs 

Total number of iterations 3950 - required further 380 

Chain # 5 - chunk 3 (chain 1 of 1 for this core): increasing by 381 

Iterations: 381 
|-------------|-------------|-------------|-------------|
|-------------------------------------------------------|

Current time: 2024-11-19 09:28:10
MCMC time 6.1 mins 

USED COMPONENTS: 46 OF 74 

rel. MC standard error: 0.0144 to 0.0881
eff. sample size: 129 to 4840
needed thinning: 2 to 51
Diagnostics time 0.21 secs 

Total number of iterations 4331 - required further 396 

Chain # 5 - chunk 4 (chain 1 of 1 for this core): increasing by 397 

Iterations: 397 
|-------------|-------------|-------------|-------------|
|-------------------------------------------------------|

Current time: 2024-11-19 09:28:42
MCMC time 6.6 mins 

USED COMPONENTS: 46 OF 74 

rel. MC standard error: 0.014 to 0.086
eff. sample size: 135 to 5140
needed thinning: 2 to 53
Diagnostics time 0.76 secs 

Total number of iterations 4728 - required further 411 

Chain # 5 - chunk 5 (chain 1 of 1 for this core): increasing by 412 

Iterations: 412 
|-------------|-------------|-------------|-------------|
|-------------------------------------------------------|

Current time: 2024-11-19 09:29:16
MCMC time 7.2 mins 

USED COMPONENTS: 46 OF 74 

rel. MC standard error: 0.0125 to 0.0846
eff. sample size: 140 to 6420
needed thinning: 2 to 56
Diagnostics time 0.22 secs 

Total number of iterations 5140 - required further 434 

Chain # 5 - chunk 6 (chain 1 of 1 for this core): increasing by 435 

Iterations: 435 
|-------------|-------------|-------------|-------------|
|-------------------------------------------------------|

Current time: 2024-11-19 09:29:51
MCMC time 7.8 mins 

USED COMPONENTS: 46 OF 74 

rel. MC standard error: 0.0134 to 0.0833
eff. sample size: 144 to 5560
needed thinning: 2 to 59
Diagnostics time 0.24 secs 

Total number of iterations 5575 - required further 458 

Chain # 5 - chunk 7 (chain 1 of 1 for this core): increasing by 459 

Iterations: 459 
|-------------|-------------|-------------|-------------|
|-------------------------------------------------------|

Current time: 2024-11-19 09:30:29
MCMC time 8.4 mins 

USED COMPONENTS: 47 OF 74 

rel. MC standard error: 0.012 to 0.0823
eff. sample size: 148 to 6960
needed thinning: 2 to 62
Diagnostics time 0.31 secs 

Total number of iterations 6034 - required further 481 

Chain # 5 - chunk 8 (chain 1 of 1 for this core): increasing by 482 

Iterations: 482 
|-------------|-------------|-------------|-------------|
|-------------------------------------------------------|

Current time: 2024-11-19 09:31:08
MCMC time 9 mins 

USED COMPONENTS: 46 OF 74 

rel. MC standard error: 0.0112 to 0.0814
eff. sample size: 151 to 7910
needed thinning: 2 to 65
Diagnostics time 0.74 secs 

Total number of iterations 6516 - required further 504 

Chain # 5 - chunk 9 (chain 1 of 1 for this core): increasing by 505 

Iterations: 505 
|-------------|-------------|-------------|-------------|
|-------------------------------------------------------|

Current time: 2024-11-19 09:31:49
MCMC time 9.7 mins 

USED COMPONENTS: 46 OF 74 

rel. MC standard error: 0.0108 to 0.0796
eff. sample size: 158 to 8570
needed thinning: 2 to 67
Diagnostics time 0.26 secs 

Total number of iterations 7021 - required further 519 

Chain # 5 - chunk 10 (chain 1 of 1 for this core): increasing by 520 

Iterations: 520 
|-------------|-------------|-------------|-------------|
|-------------------------------------------------------|

Current time: 2024-11-19 09:32:32
MCMC time 10 mins 

USED COMPONENTS: 46 OF 74 

rel. MC standard error: 0.0112 to 0.0791
eff. sample size: 160 to 7970
needed thinning: 2 to 71
Diagnostics time 0.4 secs 

Total number of iterations 7541 - required further 550 

Chain # 5 - chunk 11 (chain 1 of 1 for this core): increasing by 551 

Iterations: 551 
|-------------|-------------|-------------|-------------|
|-------------------------------------------------------|

Current time: 2024-11-19 09:33:17
MCMC time 11 mins 

USED COMPONENTS: 45 OF 74 

rel. MC standard error: 0.00987 to 0.0774
eff. sample size: 167 to 10300
needed thinning: 2 to 73
Diagnostics time 1 secs 

Total number of iterations 8092 - required further 566 

Chain # 5 - chunk 12 (chain 1 of 1 for this core): increasing by 567 

Iterations: 567 
|-------------|-------------|-------------|-------------|
|-------------------------------------------------------|

Current time: 2024-11-19 09:34:04
MCMC time 12 mins 

USED COMPONENTS: 45 OF 74 

rel. MC standard error: 0.00984 to 0.0768
eff. sample size: 170 to 10300
needed thinning: 2 to 77
Diagnostics time 0.37 secs 

Total number of iterations 8659 - required further 597 

Chain # 5 - chunk 13 (chain 1 of 1 for this core): increasing by 598 

Iterations: 598 
|-------------|-------------|-------------|-------------|
|-------------------------------------------------------|

Current time: 2024-11-19 09:34:52
MCMC time 13 mins 

USED COMPONENTS: 45 OF 74 

rel. MC standard error: 0.00939 to 0.0762
eff. sample size: 172 to 11300
needed thinning: 2 to 81
Diagnostics time 1 secs 

Total number of iterations 9257 - required further 628 

Chain # 5 - chunk 14 (chain 1 of 1 for this core): increasing by 629 

Iterations: 629 
|-------------|-------------|-------------|-------------|
|-------------------------------------------------------|

Current time: 2024-11-19 09:35:44
MCMC time 14 mins 

USED COMPONENTS: 45 OF 74 

rel. MC standard error: 0.00888 to 0.0745
eff. sample size: 180 to 12700
needed thinning: 2 to 83
Diagnostics time 0.33 secs 

Total number of iterations 9886 - required further 643 

Chain # 5 - chunk 15 (chain 1 of 1 for this core): increasing by 644 

Iterations: 644 
|-------------|-------------|-------------|-------------|
|-------------------------------------------------------|

Current time: 2024-11-19 09:36:36
MCMC time 15 mins 

USED COMPONENTS: 45 OF 74 

rel. MC standard error: 0.00888 to 0.0728
eff. sample size: 189 to 12700
needed thinning: 2 to 84
Diagnostics time 0.38 secs 

Total number of iterations 10530 - required further 651 

Chain # 5 - chunk 16 (chain 1 of 1 for this core): increasing by 652 

Iterations: 652 
|-------------|-------------|-------------|-------------|
|-------------------------------------------------------|

Current time: 2024-11-19 09:37:29
MCMC time 15 mins 

USED COMPONENTS: 45 OF 74 

rel. MC standard error: 0.00904 to 0.0722
eff. sample size: 192 to 12200
needed thinning: 2 to 88
Diagnostics time 0.8 secs 

Total number of iterations 11182 - required further 682 

Chain # 5 - chunk 17 (chain 1 of 1 for this core): increasing by 683 

Iterations: 683 
|-------------|-------------|-------------|-------------|
|-------------------------------------------------------|

Current time: 2024-11-19 09:38:24
MCMC time 16 mins 

USED COMPONENTS: 45 OF 74 

rel. MC standard error: 0.00855 to 0.0711
eff. sample size: 198 to 13700
needed thinning: 2 to 90
Diagnostics time 0.84 secs 

Total number of iterations 11865 - required further 698 

Chain # 5 - chunk 18 (chain 1 of 1 for this core): increasing by 699 

Iterations: 699 
|-------------|-------------|-------------|-------------|
|-------------------------------------------------------|

Current time: 2024-11-19 09:39:21
MCMC time 17 mins 

USED COMPONENTS: 46 OF 74 

rel. MC standard error: 0.00785 to 0.0702
eff. sample size: 203 to 16200
needed thinning: 2 to 93
Diagnostics time 0.39 secs 

Total number of iterations 12564 - required further 721 

Chain # 5 - chunk 19 (chain 1 of 1 for this core): increasing by 722 

Iterations: 722 
|-------------|-------------|-------------|-------------|
|-------------------------------------------------------|

Current time: 2024-11-19 09:40:20
MCMC time 18 mins 

USED COMPONENTS: 45 OF 74 

rel. MC standard error: 0.0082 to 0.0685
eff. sample size: 213 to 14900
needed thinning: 2 to 94
Diagnostics time 0.85 secs 

Total number of iterations 13286 - required further 729 

Chain # 5 - chunk 20 (chain 1 of 1 for this core): increasing by 730 

Iterations: 730 
|-------------|-------------|-------------|-------------|
|-------------------------------------------------------|

Current time: 2024-11-19 09:41:19
MCMC time 19 mins 

USED COMPONENTS: 45 OF 74 

rel. MC standard error: 0.0077 to 0.0676
eff. sample size: 219 to 16900
needed thinning: 2 to 97
Diagnostics time 0.47 secs 

Total number of iterations 14016 - required further 752 

Chain # 5 - chunk 21 (chain 1 of 1 for this core): increasing by 753 

Iterations: 753 
|-------------|-------------|-------------|-------------|
|-------------------------------------------------------|

Current time: 2024-11-19 09:42:23
MCMC time 20 mins 

USED COMPONENTS: 45 OF 74 

rel. MC standard error: 0.00713 to 0.0669
eff. sample size: 223 to 19700
needed thinning: 2 to 100
Diagnostics time 0.41 secs 

Total number of iterations 14769 - required further 775 

Chain # 5 - chunk 22 (chain 1 of 1 for this core): increasing by 776 

Iterations: 776 
|-------------|-------------|-------------|-------------|
|-------------------------------------------------------|

Current time: 2024-11-19 09:43:26
MCMC time 21 mins 

USED COMPONENTS: 46 OF 74 

rel. MC standard error: 0.00706 to 0.0656
eff. sample size: 233 to 20100
needed thinning: 2 to 101
Diagnostics time 0.89 secs 

Total number of iterations 15545 - required further 783 

Chain # 5 - chunk 23 (chain 1 of 1 for this core): increasing by 784 

Iterations: 784 
|-------------|-------------|-------------|-------------|
|-------------------------------------------------------|

Current time: 2024-11-19 09:44:29
MCMC time 22 mins 

USED COMPONENTS: 46 OF 74 

rel. MC standard error: 0.00715 to 0.0649
eff. sample size: 237 to 19600
needed thinning: 2 to 104
Diagnostics time 0.42 secs 

Total number of iterations 16329 - required further 806 

Chain # 5 - chunk 24 (chain 1 of 1 for this core): increasing by 807 

Iterations: 807 
|-------------|-------------|-------------|-------------|
|-------------------------------------------------------|

Current time: 2024-11-19 09:45:34
MCMC time 23 mins 

USED COMPONENTS: 46 OF 74 

rel. MC standard error: 0.00703 to 0.0648
eff. sample size: 238 to 20300
needed thinning: 2 to 108
Diagnostics time 0.4 secs 

Total number of iterations 17136 - required further 837 

Chain # 5 - chunk 25 (chain 1 of 1 for this core): increasing by 838 

Iterations: 838 
|-------------|-------------|-------------|-------------|
|-------------------------------------------------------|

Current time: 2024-11-19 09:46:42
MCMC time 25 mins 

USED COMPONENTS: 46 OF 74 

rel. MC standard error: 0.00695 to 0.0638
eff. sample size: 245 to 20700
needed thinning: 2 to 110
Diagnostics time 0.45 secs 

Total number of iterations 17974 - required further 853 

Chain # 5 - chunk 26 (chain 1 of 1 for this core): increasing by 854 

Iterations: 854 
|-------------|-------------|-------------|-------------|
|-------------------------------------------------------|

Current time: 2024-11-19 09:47:51
MCMC time 26 mins 

USED COMPONENTS: 46 OF 74 

rel. MC standard error: 0.00653 to 0.0629
eff. sample size: 253 to 23400
needed thinning: 2 to 112
Diagnostics time 0.83 secs 

Total number of iterations 18828 - required further 868 

Chain # 5 - chunk 27 (chain 1 of 1 for this core): increasing by 869 

Iterations: 869 
|-------------|-------------|-------------|-------------|
|-------------------------------------------------------|

Current time: 2024-11-19 09:49:01
MCMC time 27 mins 

USED COMPONENTS: 46 OF 74 

rel. MC standard error: 0.00621 to 0.0628
eff. sample size: 253 to 26000
needed thinning: 2 to 117
Diagnostics time 0.51 secs 

Total number of iterations 19697 - required further 907 

Chain # 5 - chunk 28 (chain 1 of 1 for this core): increasing by 908 

Iterations: 908 
|-------------|-------------|-------------|-------------|
|-------------------------------------------------------|

Current time: 2024-11-19 09:50:14
MCMC time 28 mins 

USED COMPONENTS: 46 OF 74 

rel. MC standard error: 0.00643 to 0.0611
eff. sample size: 268 to 24200
needed thinning: 2 to 116
Diagnostics time 0.92 secs 

Total number of iterations 20605 - required further 899 

Chain # 5 - chunk 29 (chain 1 of 1 for this core): increasing by 900 

Iterations: 900 
|-------------|-------------|-------------|-------------|
|-------------------------------------------------------|

Current time: 2024-11-19 09:51:27
MCMC time 29 mins 

USED COMPONENTS: 47 OF 74 

rel. MC standard error: 0.00658 to 0.0605
eff. sample size: 273 to 23100
needed thinning: 2 to 119
Diagnostics time 0.97 secs 

Total number of iterations 21505 - required further 922 

Chain # 5 - chunk 30 (chain 1 of 1 for this core): increasing by 923 

Iterations: 923 
|-------------|-------------|-------------|-------------|
|-------------------------------------------------------|

Current time: 2024-11-19 09:52:42
MCMC time 31 mins 

USED COMPONENTS: 46 OF 74 

rel. MC standard error: 0.00596 to 0.06
eff. sample size: 278 to 28100
needed thinning: 2 to 122
Diagnostics time 0.48 secs 

Total number of iterations 22428 - required further 946 

Chain # 5 - chunk 31 (chain 1 of 1 for this core): increasing by 947 

Iterations: 947 
|-------------|-------------|-------------|-------------|
|-------------------------------------------------------|

Current time: 2024-11-19 09:53:59
MCMC time 32 mins 

USED COMPONENTS: 46 OF 74 

rel. MC standard error: 0.00592 to 0.0594
eff. sample size: 283 to 28500
needed thinning: 2 to 124
Diagnostics time 0.88 secs 

Total number of iterations 23375 - required further 961 

Chain # 5 - chunk 32 (chain 1 of 1 for this core): increasing by 962 

Iterations: 962 
|-------------|-------------|-------------|-------------|
|-------------------------------------------------------|

Current time: 2024-11-19 09:55:17
MCMC time 33 mins 

USED COMPONENTS: 46 OF 74 

rel. MC standard error: 0.00568 to 0.0583
eff. sample size: 295 to 31000
needed thinning: 2 to 124
Diagnostics time 0.54 secs 

Total number of iterations 24337 - required further 961 

Chain # 5 - chunk 33 (chain 1 of 1 for this core): increasing by 962 

Iterations: 962 
|-------------|-------------|-------------|-------------|
|-------------------------------------------------------|

Current time: 2024-11-19 09:56:34
MCMC time 34 mins 

USED COMPONENTS: 46 OF 74 

rel. MC standard error: 0.00575 to 0.0579
eff. sample size: 298 to 30200
needed thinning: 2 to 128
Diagnostics time 0.93 secs 

Total number of iterations 25299 - required further 992 

Chain # 5 - chunk 34 (chain 1 of 1 for this core): increasing by 993 

Iterations: 993 
|-------------|-------------|-------------|-------------|
|-------------------------------------------------------|

Current time: 2024-11-19 09:57:54
MCMC time 36 mins 

USED COMPONENTS: 46 OF 74 

rel. MC standard error: 0.00579 to 0.0574
eff. sample size: 303 to 29800
needed thinning: 2 to 131
Diagnostics time 0.49 secs 

Total number of iterations 26292 - required further 1015 

Chain # 5 - chunk 35 (chain 1 of 1 for this core): increasing by 1016 

Iterations: 1016 
|-------------|-------------|-------------|-------------|
|-------------------------------------------------------|

Current time: 2024-11-19 09:59:15
MCMC time 37 mins 

USED COMPONENTS: 46 OF 74 

rel. MC standard error: 0.00565 to 0.0571
eff. sample size: 307 to 31400
needed thinning: 2 to 134
Diagnostics time 0.47 secs 

Total number of iterations 27308 - required further 1038 

Chain # 5 - chunk 36 (chain 1 of 1 for this core): increasing by 1039 

Iterations: 1039 
|-------------|-------------|-------------|-------------|
|-------------------------------------------------------|

Current time: 2024-11-19 10:00:40
MCMC time 39 mins 

USED COMPONENTS: 45 OF 74 

rel. MC standard error: 0.00547 to 0.0557
eff. sample size: 322 to 33400
needed thinning: 2 to 133
Diagnostics time 0.59 secs 

Total number of iterations 28347 - required further 1031 

Chain # 5 - chunk 37 (chain 1 of 1 for this core): increasing by 1032 

Iterations: 1032 
|-------------|-------------|-------------|-------------|
|-------------------------------------------------------|

Current time: 2024-11-19 10:02:04
MCMC time 40 mins 

USED COMPONENTS: 45 OF 74 

rel. MC standard error: 0.00559 to 0.0549
eff. sample size: 332 to 32000
needed thinning: 2 to 133
Diagnostics time 0.54 secs 

Total number of iterations 29379 - required further 1031 

Chain # 5 - chunk 38 (chain 1 of 1 for this core): increasing by 1032 

Iterations: 1032 
|-------------|-------------|-------------|-------------|
|-------------------------------------------------------|

Current time: 2024-11-19 10:03:29
MCMC time 41 mins 

USED COMPONENTS: 45 OF 74 

rel. MC standard error: 0.00533 to 0.0543
eff. sample size: 339 to 35200
needed thinning: 2 to 135
Diagnostics time 0.62 secs 

Total number of iterations 30411 - required further 1046 

Chain # 5 - chunk 39 (chain 1 of 1 for this core): increasing by 1047 

Iterations: 1047 
|-------------|-------------|-------------|-------------|
|-------------------------------------------------------|

Current time: 2024-11-19 10:04:54
MCMC time 43 mins 

USED COMPONENTS: 45 OF 74 

rel. MC standard error: 0.00528 to 0.0539
eff. sample size: 344 to 35800
needed thinning: 2 to 138
Diagnostics time 1 secs 

Total number of iterations 31458 - required further 1069 

Chain # 5 - chunk 40 (chain 1 of 1 for this core): increasing by 1070 

Iterations: 1070 
|-------------|-------------|-------------|-------------|
|-------------------------------------------------------|

Current time: 2024-11-19 10:06:22
MCMC time 44 mins 

USED COMPONENTS: 45 OF 74 

rel. MC standard error: 0.00519 to 0.054
eff. sample size: 343 to 37200
needed thinning: 2 to 143
Diagnostics time 0.62 secs 

Total number of iterations 32528 - required further 1108 

Chain # 5 - chunk 41 (chain 1 of 1 for this core): increasing by 1109 

Iterations: 1109 
|-------------|-------------|-------------|-------------|
|-------------------------------------------------------|

Current time: 2024-11-19 10:07:53
MCMC time 46 mins 

USED COMPONENTS: 45 OF 74 

rel. MC standard error: 0.00511 to 0.0531
eff. sample size: 355 to 38300
needed thinning: 2 to 143
Diagnostics time 1.2 secs 

Total number of iterations 33637 - required further 1108 

Chain # 5 - chunk 42 (chain 1 of 1 for this core): increasing by 1109 

Iterations: 1109 
|-------------|-------------|-------------|-------------|
|-------------------------------------------------------|

Current time: 2024-11-19 10:09:25
MCMC time 47 mins 

USED COMPONENTS: 46 OF 74 

rel. MC standard error: 0.00506 to 0.0519
eff. sample size: 371 to 39000
needed thinning: 2 to 141
Diagnostics time 0.52 secs 

Total number of iterations 34746 - required further 1093 

Chain # 5 - chunk 43 (chain 1 of 1 for this core): increasing by 1094 

Iterations: 1094 
|-------------|-------------|-------------|-------------|
|-------------------------------------------------------|

Current time: 2024-11-19 10:10:49
MCMC time 49 mins 

USED COMPONENTS: 46 OF 74 

rel. MC standard error: 0.00497 to 0.0511
eff. sample size: 383 to 40500
needed thinning: 2 to 141
Diagnostics time 0.51 secs 

Total number of iterations 35840 - required further 1093 

Chain # 5 - chunk 44 (chain 1 of 1 for this core): increasing by 1094 

Iterations: 1094 
|-------------|-------------|-------------|-------------|
|-------------------------------------------------------|

Current time: 2024-11-19 10:12:14
MCMC time 50 mins 

USED COMPONENTS: 46 OF 74 

rel. MC standard error: 0.00486 to 0.0503
eff. sample size: 395 to 42400
needed thinning: 2 to 141
Diagnostics time 0.64 secs 

Total number of iterations 36934 - required further 1093 

Chain # 5 - chunk 45 (chain 1 of 1 for this core): increasing by 1094 

Iterations: 1094 
|-------------|-------------|-------------|-------------|
|-------------------------------------------------------|

Current time: 2024-11-19 10:13:40
MCMC time 52 mins 

USED COMPONENTS: 46 OF 74 

rel. MC standard error: 0.00483 to 0.0502
eff. sample size: 397 to 42800
needed thinning: 2 to 144
Diagnostics time 0.58 secs 

Total number of iterations 38028 - required further 1116 

Chain # 5 - chunk 46 (chain 1 of 1 for this core): increasing by 1117 

Iterations: 1117 
|-------------|-------------|-------------|-------------|
|-------------------------------------------------------|

Current time: 2024-11-19 10:15:13
MCMC time 53 mins 

USED COMPONENTS: 46 OF 74 

rel. MC standard error: 0.00472 to 0.0498
eff. sample size: 403 to 45000
needed thinning: 2 to 146
Diagnostics time 0.53 secs 

Total number of iterations 39145 - required further 0 

Keeping last 60 samples with thinning 146 

Plotting traces and samples.

Current time: 2024-11-19 10:15:16
MCMC + diagnostics time 53 mins 

Current time: 2024-11-19 10:15:16
Total time 53 mins 
loaded inferno and set parent environment
loaded inferno and set parent environment
loaded inferno and set parent environment
loaded inferno and set parent environment
