Log core 4 - Current time: 2024-11-19 09:19:25
Defining model
Building model
Setting data and initial values
Running calculate on model
  [Note] Any error reports that follow may simply reflect missing values in model variables.
Checking model sizes and dimensions
Compiling
  [Note] This may take a minute.
  [Note] Use 'showCompilerOutput = TRUE' to see C++ compilation details.
===== Monitors =====
thin = 1: Bprob, Rmean, Rvar, W
thin2 = 1: K
===== Samplers =====
conjugate sampler (519)
  - Rmean[]  (148 elements)
  - Rrate[]  (148 elements)
  - Bprob[]  (74 elements)
  - Rvar[]  (148 elements)
  - W[1:74] 
categorical sampler (901)
  - Alpha
  - K[]  (900 elements)
===== Monitors =====
thin = 1: Bprob, Rmean, Rvar, W
thin2 = 1: K
===== Samplers =====
slice sampler (901)
  - Alpha
  - K[]  (900 elements)
conjugate sampler (519)
  - Rmean[]  (148 elements)
  - Rrate[]  (148 elements)
  - Bprob[]  (74 elements)
  - Rvar[]  (148 elements)
  - W[1:74] 
Compiling
  [Note] This may take a minute.
  [Note] Use 'showCompilerOutput = TRUE' to see C++ compilation details.

Setup time 3.1 mins 

Chain # 4 (chain 1 of 1 for this core)

Datapoints for testing convergence:
 #44 #47 #86 #129 #149 #185 #207 #217 #285 #323 #376 #484 #548 #706 #726 #729 #741 #771 #826 #843 

Iterations: 3600 
|-------------|-------------|-------------|-------------|
|-------------------------------------------------------|

Current time: 2024-11-19 09:30:33
MCMC time 8 mins 

USED COMPONENTS: 50 OF 74 

rel. MC standard error: 0.0149 to 0.0462
eff. sample size: 468 to 4530
needed thinning: 2 to 12
Diagnostics time 3.5 secs 

Total number of iterations 3600 - required further 0 

Keeping last 60 samples with thinning 12 

Plotting traces and samples.

Current time: 2024-11-19 09:30:38
MCMC + diagnostics time 8.1 mins 

Current time: 2024-11-19 09:30:38
Total time 8.1 mins 
loaded inferno and set parent environment
loaded inferno and set parent environment
loaded inferno and set parent environment
loaded inferno and set parent environment
