Log core 16 - Current time: 2024-11-19 09:19:25
Defining model
Building model
Setting data and initial values
Running calculate on model
  [Note] Any error reports that follow may simply reflect missing values in model variables.
Checking model sizes and dimensions
Compiling
  [Note] This may take a minute.
  [Note] Use 'showCompilerOutput = TRUE' to see C++ compilation details.
===== Monitors =====
thin = 1: Bprob, Rmean, Rvar, W
thin2 = 1: K
===== Samplers =====
conjugate sampler (519)
  - Rmean[]  (148 elements)
  - Rrate[]  (148 elements)
  - Bprob[]  (74 elements)
  - Rvar[]  (148 elements)
  - W[1:74] 
categorical sampler (901)
  - Alpha
  - K[]  (900 elements)
===== Monitors =====
thin = 1: Bprob, Rmean, Rvar, W
thin2 = 1: K
===== Samplers =====
slice sampler (901)
  - Alpha
  - K[]  (900 elements)
conjugate sampler (519)
  - Rmean[]  (148 elements)
  - Rrate[]  (148 elements)
  - Bprob[]  (74 elements)
  - Rvar[]  (148 elements)
  - W[1:74] 
Compiling
  [Note] This may take a minute.
  [Note] Use 'showCompilerOutput = TRUE' to see C++ compilation details.

Setup time 3.6 mins 

Chain # 16 (chain 1 of 1 for this core)

Datapoints for testing convergence:
 #36 #44 #98 #99 #163 #219 #239 #273 #350 #351 #525 #556 #589 #614 #675 #743 #835 #843 #849 #872 

Iterations: 3600 
|-------------|-------------|-------------|-------------|
|-------------------------------------------------------|

Current time: 2024-11-19 09:31:00
MCMC time 8 mins 

USED COMPONENTS: 46 OF 74 

rel. MC standard error: 0.0158 to 0.0516
eff. sample size: 375 to 3990
needed thinning: 2 to 15
Diagnostics time 3.4 secs 

Total number of iterations 3600 - required further 117 

Chain # 16 - chunk 2 (chain 1 of 1 for this core): increasing by 118 

Iterations: 118 
|-------------|-------------|-------------|-------------|
|-------------------------------------------------------|

Current time: 2024-11-19 09:31:21
MCMC time 8.3 mins 

USED COMPONENTS: 44 OF 74 

rel. MC standard error: 0.0154 to 0.0506
eff. sample size: 391 to 4200
needed thinning: 2 to 15
Diagnostics time 0.13 secs 

Total number of iterations 3718 - required further 117 

Chain # 16 - chunk 3 (chain 1 of 1 for this core): increasing by 118 

Iterations: 118 
|-------------|-------------|-------------|-------------|
|-------------------------------------------------------|

Current time: 2024-11-19 09:31:37
MCMC time 8.6 mins 

USED COMPONENTS: 44 OF 74 

rel. MC standard error: 0.0136 to 0.0512
eff. sample size: 381 to 5420
needed thinning: 2 to 16
Diagnostics time 0.15 secs 

Total number of iterations 3836 - required further 124 

Chain # 16 - chunk 4 (chain 1 of 1 for this core): increasing by 125 

Iterations: 125 
|-------------|-------------|-------------|-------------|
|-------------------------------------------------------|

Current time: 2024-11-19 09:31:49
MCMC time 8.8 mins 

USED COMPONENTS: 44 OF 74 

rel. MC standard error: 0.0133 to 0.0493
eff. sample size: 412 to 5660
needed thinning: 2 to 15
Diagnostics time 0.099 secs 

Total number of iterations 3961 - required further 0 

Keeping last 60 samples with thinning 15 

Plotting traces and samples.

Current time: 2024-11-19 09:31:50
MCMC + diagnostics time 8.8 mins 

Current time: 2024-11-19 09:31:50
Total time 8.8 mins 
loaded inferno and set parent environment
loaded inferno and set parent environment
loaded inferno and set parent environment
loaded inferno and set parent environment
