Log core 14 - Current time: 2024-11-19 09:19:25
Defining model
Building model
Setting data and initial values
Running calculate on model
  [Note] Any error reports that follow may simply reflect missing values in model variables.
Checking model sizes and dimensions
Compiling
  [Note] This may take a minute.
  [Note] Use 'showCompilerOutput = TRUE' to see C++ compilation details.
===== Monitors =====
thin = 1: Bprob, Rmean, Rvar, W
thin2 = 1: K
===== Samplers =====
conjugate sampler (519)
  - Rmean[]  (148 elements)
  - Rrate[]  (148 elements)
  - Bprob[]  (74 elements)
  - Rvar[]  (148 elements)
  - W[1:74] 
categorical sampler (901)
  - Alpha
  - K[]  (900 elements)
===== Monitors =====
thin = 1: Bprob, Rmean, Rvar, W
thin2 = 1: K
===== Samplers =====
slice sampler (901)
  - Alpha
  - K[]  (900 elements)
conjugate sampler (519)
  - Rmean[]  (148 elements)
  - Rrate[]  (148 elements)
  - Bprob[]  (74 elements)
  - Rvar[]  (148 elements)
  - W[1:74] 
Compiling
  [Note] This may take a minute.
  [Note] Use 'showCompilerOutput = TRUE' to see C++ compilation details.

Setup time 2.6 mins 

Chain # 14 (chain 1 of 1 for this core)

Datapoints for testing convergence:
 #22 #28 #98 #168 #183 #184 #243 #332 #390 #488 #505 #514 #530 #531 #543 #633 #792 #793 #833 #842 

Iterations: 3600 
|-------------|-------------|-------------|-------------|
|-------------------------------------------------------|

Current time: 2024-11-19 09:26:58
MCMC time 5 mins 

USED COMPONENTS: 45 OF 74 

rel. MC standard error: 0.0183 to 0.091
eff. sample size: 121 to 3000
needed thinning: 2 to 45
Diagnostics time 2.1 secs 

Total number of iterations 3600 - required further 349 

Chain # 14 - chunk 2 (chain 1 of 1 for this core): increasing by 350 

Iterations: 350 
|-------------|-------------|-------------|-------------|
|-------------------------------------------------------|

Current time: 2024-11-19 09:27:30
MCMC time 5.5 mins 

USED COMPONENTS: 44 OF 74 

rel. MC standard error: 0.0173 to 0.0863
eff. sample size: 134 to 3350
needed thinning: 2 to 45
Diagnostics time 0.21 secs 

Total number of iterations 3950 - required further 349 

Chain # 14 - chunk 3 (chain 1 of 1 for this core): increasing by 350 

Iterations: 350 
|-------------|-------------|-------------|-------------|
|-------------------------------------------------------|

Current time: 2024-11-19 09:27:58
MCMC time 6 mins 

USED COMPONENTS: 42 OF 74 

rel. MC standard error: 0.0165 to 0.0869
eff. sample size: 132 to 3660
needed thinning: 2 to 49
Diagnostics time 0.2 secs 

Total number of iterations 4300 - required further 380 

Chain # 14 - chunk 4 (chain 1 of 1 for this core): increasing by 381 

Iterations: 381 
|-------------|-------------|-------------|-------------|
|-------------------------------------------------------|

Current time: 2024-11-19 09:28:29
MCMC time 6.5 mins 

USED COMPONENTS: 41 OF 74 

rel. MC standard error: 0.0155 to 0.0848
eff. sample size: 139 to 4150
needed thinning: 2 to 51
Diagnostics time 0.73 secs 

Total number of iterations 4681 - required further 396 

Chain # 14 - chunk 5 (chain 1 of 1 for this core): increasing by 397 

Iterations: 397 
|-------------|-------------|-------------|-------------|
|-------------------------------------------------------|

Current time: 2024-11-19 09:29:02
MCMC time 7 mins 

USED COMPONENTS: 41 OF 74 

rel. MC standard error: 0.0164 to 0.0838
eff. sample size: 142 to 3700
needed thinning: 3 to 54
Diagnostics time 0.22 secs 

Total number of iterations 5078 - required further 419 

Chain # 14 - chunk 6 (chain 1 of 1 for this core): increasing by 420 

Iterations: 420 
|-------------|-------------|-------------|-------------|
|-------------------------------------------------------|

Current time: 2024-11-19 09:29:36
MCMC time 7.6 mins 

USED COMPONENTS: 42 OF 74 

rel. MC standard error: 0.014 to 0.0827
eff. sample size: 146 to 5130
needed thinning: 2 to 57
Diagnostics time 0.24 secs 

Total number of iterations 5498 - required further 442 

Chain # 14 - chunk 7 (chain 1 of 1 for this core): increasing by 443 

Iterations: 443 
|-------------|-------------|-------------|-------------|
|-------------------------------------------------------|

Current time: 2024-11-19 09:30:12
MCMC time 8.2 mins 

USED COMPONENTS: 40 OF 74 

rel. MC standard error: 0.0142 to 0.0803
eff. sample size: 155 to 4940
needed thinning: 2 to 58
Diagnostics time 0.25 secs 

Total number of iterations 5941 - required further 450 

Chain # 14 - chunk 8 (chain 1 of 1 for this core): increasing by 451 

Iterations: 451 
|-------------|-------------|-------------|-------------|
|-------------------------------------------------------|

Current time: 2024-11-19 09:30:49
MCMC time 8.8 mins 

USED COMPONENTS: 42 OF 74 

rel. MC standard error: 0.014 to 0.079
eff. sample size: 160 to 5080
needed thinning: 2 to 60
Diagnostics time 0.26 secs 

Total number of iterations 6392 - required further 465 

Chain # 14 - chunk 9 (chain 1 of 1 for this core): increasing by 466 

Iterations: 466 
|-------------|-------------|-------------|-------------|
|-------------------------------------------------------|

Current time: 2024-11-19 09:31:27
MCMC time 9.4 mins 

USED COMPONENTS: 43 OF 74 

rel. MC standard error: 0.0133 to 0.077
eff. sample size: 169 to 5640
needed thinning: 2 to 61
Diagnostics time 0.78 secs 

Total number of iterations 6858 - required further 473 

Chain # 14 - chunk 10 (chain 1 of 1 for this core): increasing by 474 

Iterations: 474 
|-------------|-------------|-------------|-------------|
|-------------------------------------------------------|

Current time: 2024-11-19 09:32:05
MCMC time 10 mins 

USED COMPONENTS: 43 OF 74 

rel. MC standard error: 0.0125 to 0.0762
eff. sample size: 172 to 6390
needed thinning: 2 to 64
Diagnostics time 0.27 secs 

Total number of iterations 7332 - required further 496 

Chain # 14 - chunk 11 (chain 1 of 1 for this core): increasing by 497 

Iterations: 497 
|-------------|-------------|-------------|-------------|
|-------------------------------------------------------|

Current time: 2024-11-19 09:32:45
MCMC time 11 mins 

USED COMPONENTS: 43 OF 74 

rel. MC standard error: 0.0124 to 0.076
eff. sample size: 173 to 6450
needed thinning: 2 to 68
Diagnostics time 0.27 secs 

Total number of iterations 7829 - required further 527 

Chain # 14 - chunk 12 (chain 1 of 1 for this core): increasing by 528 

Iterations: 528 
|-------------|-------------|-------------|-------------|
|-------------------------------------------------------|

Current time: 2024-11-19 09:33:28
MCMC time 11 mins 

USED COMPONENTS: 40 OF 74 

rel. MC standard error: 0.0118 to 0.0734
eff. sample size: 185 to 7140
needed thinning: 2 to 68
Diagnostics time 0.26 secs 

Total number of iterations 8357 - required further 527 

Chain # 14 - chunk 13 (chain 1 of 1 for this core): increasing by 528 

Iterations: 528 
|-------------|-------------|-------------|-------------|
|-------------------------------------------------------|

Current time: 2024-11-19 09:34:10
MCMC time 12 mins 

USED COMPONENTS: 41 OF 74 

rel. MC standard error: 0.0111 to 0.0727
eff. sample size: 189 to 8120
needed thinning: 2 to 71
Diagnostics time 0.76 secs 

Total number of iterations 8885 - required further 550 

Chain # 14 - chunk 14 (chain 1 of 1 for this core): increasing by 551 

Iterations: 551 
|-------------|-------------|-------------|-------------|
|-------------------------------------------------------|

Current time: 2024-11-19 09:34:55
MCMC time 13 mins 

USED COMPONENTS: 42 OF 74 

rel. MC standard error: 0.0108 to 0.0708
eff. sample size: 199 to 8590
needed thinning: 2 to 71
Diagnostics time 0.3 secs 

Total number of iterations 9436 - required further 550 

Chain # 14 - chunk 15 (chain 1 of 1 for this core): increasing by 551 

Iterations: 551 
|-------------|-------------|-------------|-------------|
|-------------------------------------------------------|

Current time: 2024-11-19 09:35:39
MCMC time 14 mins 

USED COMPONENTS: 42 OF 74 

rel. MC standard error: 0.0108 to 0.0694
eff. sample size: 208 to 8630
needed thinning: 2 to 73
Diagnostics time 0.33 secs 

Total number of iterations 9987 - required further 566 

Chain # 14 - chunk 16 (chain 1 of 1 for this core): increasing by 567 

Iterations: 567 
|-------------|-------------|-------------|-------------|
|-------------------------------------------------------|

Current time: 2024-11-19 09:36:25
MCMC time 14 mins 

USED COMPONENTS: 40 OF 74 

rel. MC standard error: 0.0106 to 0.0685
eff. sample size: 213 to 8960
needed thinning: 2 to 75
Diagnostics time 0.37 secs 

Total number of iterations 10554 - required further 581 

Chain # 14 - chunk 17 (chain 1 of 1 for this core): increasing by 582 

Iterations: 582 
|-------------|-------------|-------------|-------------|
|-------------------------------------------------------|

Current time: 2024-11-19 09:37:12
MCMC time 15 mins 

USED COMPONENTS: 41 OF 74 

rel. MC standard error: 0.0103 to 0.0672
eff. sample size: 221 to 9470
needed thinning: 2 to 76
Diagnostics time 0.79 secs 

Total number of iterations 11136 - required further 589 

Chain # 14 - chunk 18 (chain 1 of 1 for this core): increasing by 590 

Iterations: 590 
|-------------|-------------|-------------|-------------|
|-------------------------------------------------------|

Current time: 2024-11-19 09:38:00
MCMC time 16 mins 

USED COMPONENTS: 41 OF 74 

rel. MC standard error: 0.00928 to 0.066
eff. sample size: 229 to 11600
needed thinning: 2 to 77
Diagnostics time 0.34 secs 

Total number of iterations 11726 - required further 597 

Chain # 14 - chunk 19 (chain 1 of 1 for this core): increasing by 598 

Iterations: 598 
|-------------|-------------|-------------|-------------|
|-------------------------------------------------------|

Current time: 2024-11-19 09:38:48
MCMC time 17 mins 

USED COMPONENTS: 41 OF 74 

rel. MC standard error: 0.00932 to 0.0642
eff. sample size: 242 to 11500
needed thinning: 2 to 77
Diagnostics time 0.79 secs 

Total number of iterations 12324 - required further 597 

Chain # 14 - chunk 20 (chain 1 of 1 for this core): increasing by 598 

Iterations: 598 
|-------------|-------------|-------------|-------------|
|-------------------------------------------------------|

Current time: 2024-11-19 09:39:36
MCMC time 18 mins 

USED COMPONENTS: 40 OF 74 

rel. MC standard error: 0.00942 to 0.0633
eff. sample size: 250 to 11300
needed thinning: 2 to 78
Diagnostics time 0.33 secs 

Total number of iterations 12922 - required further 605 

Chain # 14 - chunk 21 (chain 1 of 1 for this core): increasing by 606 

Iterations: 606 
|-------------|-------------|-------------|-------------|
|-------------------------------------------------------|

Current time: 2024-11-19 09:40:25
MCMC time 18 mins 

USED COMPONENTS: 41 OF 74 

rel. MC standard error: 0.00971 to 0.0625
eff. sample size: 256 to 10600
needed thinning: 2 to 80
Diagnostics time 0.81 secs 

Total number of iterations 13528 - required further 620 

Chain # 14 - chunk 22 (chain 1 of 1 for this core): increasing by 621 

Iterations: 621 
|-------------|-------------|-------------|-------------|
|-------------------------------------------------------|

Current time: 2024-11-19 09:41:15
MCMC time 19 mins 

USED COMPONENTS: 42 OF 74 

rel. MC standard error: 0.00924 to 0.0608
eff. sample size: 270 to 11700
needed thinning: 2 to 79
Diagnostics time 0.4 secs 

Total number of iterations 14149 - required further 612 

Chain # 14 - chunk 23 (chain 1 of 1 for this core): increasing by 613 

Iterations: 613 
|-------------|-------------|-------------|-------------|
|-------------------------------------------------------|

Current time: 2024-11-19 09:42:04
MCMC time 20 mins 

USED COMPONENTS: 41 OF 74 

rel. MC standard error: 0.00849 to 0.06
eff. sample size: 278 to 13900
needed thinning: 2 to 80
Diagnostics time 0.81 secs 

Total number of iterations 14762 - required further 620 

Chain # 14 - chunk 24 (chain 1 of 1 for this core): increasing by 621 

Iterations: 621 
|-------------|-------------|-------------|-------------|
|-------------------------------------------------------|

Current time: 2024-11-19 09:42:54
MCMC time 21 mins 

USED COMPONENTS: 40 OF 74 

rel. MC standard error: 0.00852 to 0.0592
eff. sample size: 286 to 13800
needed thinning: 2 to 81
Diagnostics time 0.83 secs 

Total number of iterations 15383 - required further 628 

Chain # 14 - chunk 25 (chain 1 of 1 for this core): increasing by 629 

Iterations: 629 
|-------------|-------------|-------------|-------------|
|-------------------------------------------------------|

Current time: 2024-11-19 09:43:45
MCMC time 22 mins 

USED COMPONENTS: 40 OF 74 

rel. MC standard error: 0.00811 to 0.0583
eff. sample size: 294 to 15200
needed thinning: 2 to 82
Diagnostics time 0.32 secs 

Total number of iterations 16012 - required further 636 

Chain # 14 - chunk 26 (chain 1 of 1 for this core): increasing by 637 

Iterations: 637 
|-------------|-------------|-------------|-------------|
|-------------------------------------------------------|

Current time: 2024-11-19 09:44:36
MCMC time 23 mins 

USED COMPONENTS: 40 OF 74 

rel. MC standard error: 0.00851 to 0.0571
eff. sample size: 306 to 13800
needed thinning: 2 to 82
Diagnostics time 0.33 secs 

Total number of iterations 16649 - required further 636 

Chain # 14 - chunk 27 (chain 1 of 1 for this core): increasing by 637 

Iterations: 637 
|-------------|-------------|-------------|-------------|
|-------------------------------------------------------|

Current time: 2024-11-19 09:45:27
MCMC time 23 mins 

USED COMPONENTS: 39 OF 74 

rel. MC standard error: 0.0081 to 0.0559
eff. sample size: 320 to 15200
needed thinning: 2 to 81
Diagnostics time 0.34 secs 

Total number of iterations 17286 - required further 628 

Chain # 14 - chunk 28 (chain 1 of 1 for this core): increasing by 629 

Iterations: 629 
|-------------|-------------|-------------|-------------|
|-------------------------------------------------------|

Current time: 2024-11-19 09:46:18
MCMC time 24 mins 

USED COMPONENTS: 40 OF 74 

rel. MC standard error: 0.00826 to 0.0556
eff. sample size: 323 to 14700
needed thinning: 2 to 84
Diagnostics time 0.31 secs 

Total number of iterations 17915 - required further 651 

Chain # 14 - chunk 29 (chain 1 of 1 for this core): increasing by 652 

Iterations: 652 
|-------------|-------------|-------------|-------------|
|-------------------------------------------------------|

Current time: 2024-11-19 09:47:10
MCMC time 25 mins 

USED COMPONENTS: 40 OF 74 

rel. MC standard error: 0.00799 to 0.0555
eff. sample size: 324 to 15700
needed thinning: 2 to 86
Diagnostics time 0.42 secs 

Total number of iterations 18567 - required further 667 

Chain # 14 - chunk 30 (chain 1 of 1 for this core): increasing by 668 

Iterations: 668 
|-------------|-------------|-------------|-------------|
|-------------------------------------------------------|

Current time: 2024-11-19 09:48:04
MCMC time 26 mins 

USED COMPONENTS: 40 OF 74 

rel. MC standard error: 0.00775 to 0.0547
eff. sample size: 334 to 16700
needed thinning: 2 to 87
Diagnostics time 0.35 secs 

Total number of iterations 19235 - required further 674 

Chain # 14 - chunk 31 (chain 1 of 1 for this core): increasing by 675 

Iterations: 675 
|-------------|-------------|-------------|-------------|
|-------------------------------------------------------|

Current time: 2024-11-19 09:48:58
MCMC time 27 mins 

USED COMPONENTS: 40 OF 74 

rel. MC standard error: 0.00764 to 0.0535
eff. sample size: 349 to 17100
needed thinning: 2 to 86
Diagnostics time 0.36 secs 

Total number of iterations 19910 - required further 667 

Chain # 14 - chunk 32 (chain 1 of 1 for this core): increasing by 668 

Iterations: 668 
|-------------|-------------|-------------|-------------|
|-------------------------------------------------------|

Current time: 2024-11-19 09:49:51
MCMC time 28 mins 

USED COMPONENTS: 40 OF 74 

rel. MC standard error: 0.00718 to 0.0548
eff. sample size: 334 to 19400
needed thinning: 2 to 93
Diagnostics time 0.42 secs 

Total number of iterations 20578 - required further 721 

Chain # 14 - chunk 33 (chain 1 of 1 for this core): increasing by 722 

Iterations: 722 
|-------------|-------------|-------------|-------------|
|-------------------------------------------------------|

Current time: 2024-11-19 09:50:49
MCMC time 29 mins 

USED COMPONENTS: 40 OF 74 

rel. MC standard error: 0.00734 to 0.0531
eff. sample size: 354 to 18600
needed thinning: 2 to 91
Diagnostics time 0.39 secs 

Total number of iterations 21300 - required further 705 

Chain # 14 - chunk 34 (chain 1 of 1 for this core): increasing by 706 

Iterations: 706 
|-------------|-------------|-------------|-------------|
|-------------------------------------------------------|

Current time: 2024-11-19 09:51:45
MCMC time 30 mins 

USED COMPONENTS: 40 OF 74 

rel. MC standard error: 0.00723 to 0.0536
eff. sample size: 348 to 19100
needed thinning: 2 to 95
Diagnostics time 0.43 secs 

Total number of iterations 22006 - required further 736 

Chain # 14 - chunk 35 (chain 1 of 1 for this core): increasing by 737 

Iterations: 737 
|-------------|-------------|-------------|-------------|
|-------------------------------------------------------|

Current time: 2024-11-19 09:52:44
MCMC time 31 mins 

USED COMPONENTS: 39 OF 74 

rel. MC standard error: 0.00718 to 0.0521
eff. sample size: 369 to 19400
needed thinning: 2 to 93
Diagnostics time 0.85 secs 

Total number of iterations 22743 - required further 721 

Chain # 14 - chunk 36 (chain 1 of 1 for this core): increasing by 722 

Iterations: 722 
|-------------|-------------|-------------|-------------|
|-------------------------------------------------------|

Current time: 2024-11-19 09:53:41
MCMC time 32 mins 

USED COMPONENTS: 40 OF 74 

rel. MC standard error: 0.00655 to 0.0515
eff. sample size: 377 to 23300
needed thinning: 2 to 94
Diagnostics time 0.38 secs 

Total number of iterations 23465 - required further 729 

Chain # 14 - chunk 37 (chain 1 of 1 for this core): increasing by 730 

Iterations: 730 
|-------------|-------------|-------------|-------------|
|-------------------------------------------------------|

Current time: 2024-11-19 09:54:39
MCMC time 33 mins 

USED COMPONENTS: 39 OF 74 

rel. MC standard error: 0.00677 to 0.0509
eff. sample size: 386 to 21800
needed thinning: 2 to 95
Diagnostics time 0.35 secs 

Total number of iterations 24195 - required further 736 

Chain # 14 - chunk 38 (chain 1 of 1 for this core): increasing by 737 

Iterations: 737 
|-------------|-------------|-------------|-------------|
|-------------------------------------------------------|

Current time: 2024-11-19 09:55:38
MCMC time 34 mins 

USED COMPONENTS: 39 OF 74 

rel. MC standard error: 0.00693 to 0.0495
eff. sample size: 408 to 20800
needed thinning: 2 to 92
Diagnostics time 0.86 secs 

Total number of iterations 24932 - required further 0 

Keeping last 60 samples with thinning 92 

Plotting traces and samples.

Current time: 2024-11-19 09:55:40
MCMC + diagnostics time 34 mins 

Current time: 2024-11-19 09:55:40
Total time 34 mins 
loaded inferno and set parent environment
loaded inferno and set parent environment
loaded inferno and set parent environment
loaded inferno and set parent environment
