Log core 9 - Current time: 2024-11-20 14:07:02
Defining model
Building model
Setting data and initial values
Running calculate on model
  [Note] Any error reports that follow may simply reflect missing values in model variables.
Checking model sizes and dimensions
Compiling
  [Note] This may take a minute.
  [Note] Use 'showCompilerOutput = TRUE' to see C++ compilation details.
===== Monitors =====
thin = 1: Bprob, Rmean, Rvar, W
thin2 = 1: K
===== Samplers =====
conjugate sampler (519)
  - Rmean[]  (148 elements)
  - Rrate[]  (148 elements)
  - Bprob[]  (74 elements)
  - Rvar[]  (148 elements)
  - W[1:74] 
categorical sampler (2701)
  - Alpha
  - K[]  (2700 elements)
===== Monitors =====
thin = 1: Bprob, Rmean, Rvar, W
thin2 = 1: K
===== Samplers =====
slice sampler (2701)
  - Alpha
  - K[]  (2700 elements)
conjugate sampler (519)
  - Rmean[]  (148 elements)
  - Rrate[]  (148 elements)
  - Bprob[]  (74 elements)
  - Rvar[]  (148 elements)
  - W[1:74] 
Compiling
  [Note] This may take a minute.
  [Note] Use 'showCompilerOutput = TRUE' to see C++ compilation details.

Setup time 6.2 mins 

Chain # 9 (chain 1 of 1 for this core)

Datapoints for testing convergence:
 #69 #288 #494 #524 #680 #713 #734 #980 #1015 #1055 #1220 #1286 #1317 #1337 #1574 #1603 #1765 #1907 #2098 #2397 

Iterations: 3600 
|-------------|-------------|-------------|-------------|
|-------------------------------------------------------|

Current time: 2024-11-20 14:26:39
MCMC time 13 mins 

USED COMPONENTS: 52 OF 74 

rel. MC standard error: 0.0148 to 0.0506
eff. sample size: 391 to 4540
needed thinning: 2 to 14
Diagnostics time 2.4 secs 

Total number of iterations 3600 - required further 109 

Chain # 9 - chunk 2 (chain 1 of 1 for this core): increasing by 110 

Iterations: 110 
|-------------|-------------|-------------|-------------|
|-------------------------------------------------------|

Current time: 2024-11-20 14:27:06
MCMC time 14 mins 

USED COMPONENTS: 50 OF 74 

rel. MC standard error: 0.0148 to 0.0496
eff. sample size: 407 to 4570
needed thinning: 2 to 14
Diagnostics time 0.079 secs 

Total number of iterations 3710 - required further 0 

Keeping last 60 samples with thinning 14 

Plotting traces and samples.

Current time: 2024-11-20 14:27:06
MCMC + diagnostics time 14 mins 

Current time: 2024-11-20 14:27:06
Total time 14 mins 
loaded inferno and set parent environment
loaded inferno and set parent environment
loaded inferno and set parent environment
loaded inferno and set parent environment
