Log core 15 - Current time: 2024-11-20 14:07:02
Defining model
Building model
Setting data and initial values
Running calculate on model
  [Note] Any error reports that follow may simply reflect missing values in model variables.
Checking model sizes and dimensions
Compiling
  [Note] This may take a minute.
  [Note] Use 'showCompilerOutput = TRUE' to see C++ compilation details.
===== Monitors =====
thin = 1: Bprob, Rmean, Rvar, W
thin2 = 1: K
===== Samplers =====
conjugate sampler (519)
  - Rmean[]  (148 elements)
  - Rrate[]  (148 elements)
  - Bprob[]  (74 elements)
  - Rvar[]  (148 elements)
  - W[1:74] 
categorical sampler (2701)
  - Alpha
  - K[]  (2700 elements)
===== Monitors =====
thin = 1: Bprob, Rmean, Rvar, W
thin2 = 1: K
===== Samplers =====
slice sampler (2701)
  - Alpha
  - K[]  (2700 elements)
conjugate sampler (519)
  - Rmean[]  (148 elements)
  - Rrate[]  (148 elements)
  - Bprob[]  (74 elements)
  - Rvar[]  (148 elements)
  - W[1:74] 
Compiling
  [Note] This may take a minute.
  [Note] Use 'showCompilerOutput = TRUE' to see C++ compilation details.

Setup time 6.3 mins 

Chain # 15 (chain 1 of 1 for this core)

Datapoints for testing convergence:
 #18 #68 #334 #633 #788 #1129 #1233 #1295 #1380 #1489 #1592 #1809 #1835 #1925 #2025 #2294 #2404 #2470 #2559 #2579 

Iterations: 3600 
|-------------|-------------|-------------|-------------|
|-------------------------------------------------------|

Current time: 2024-11-20 14:26:47
MCMC time 13 mins 

USED COMPONENTS: 62 OF 74 

rel. MC standard error: 0.0159 to 0.0619
eff. sample size: 261 to 3940
needed thinning: 2 to 21
Diagnostics time 2.4 secs 

Total number of iterations 3600 - required further 163 

Chain # 15 - chunk 2 (chain 1 of 1 for this core): increasing by 164 

Iterations: 164 
|-------------|-------------|-------------|-------------|
|-------------------------------------------------------|

Current time: 2024-11-20 14:27:25
MCMC time 14 mins 

USED COMPONENTS: 62 OF 74 

rel. MC standard error: 0.016 to 0.0609
eff. sample size: 270 to 3900
needed thinning: 2 to 21
Diagnostics time 0.1 secs 

Total number of iterations 3764 - required further 163 

Chain # 15 - chunk 3 (chain 1 of 1 for this core): increasing by 164 

Iterations: 164 
|-------------|-------------|-------------|-------------|
|-------------------------------------------------------|

Current time: 2024-11-20 14:28:00
MCMC time 15 mins 

USED COMPONENTS: 62 OF 74 

rel. MC standard error: 0.0154 to 0.0598
eff. sample size: 279 to 4190
needed thinning: 2 to 22
Diagnostics time 0.11 secs 

Total number of iterations 3928 - required further 171 

Chain # 15 - chunk 4 (chain 1 of 1 for this core): increasing by 172 

Iterations: 172 
|-------------|-------------|-------------|-------------|
|-------------------------------------------------------|

Current time: 2024-11-20 14:28:37
MCMC time 15 mins 

USED COMPONENTS: 62 OF 74 

rel. MC standard error: 0.0153 to 0.059
eff. sample size: 287 to 4270
needed thinning: 2 to 22
Diagnostics time 0.11 secs 

Total number of iterations 4100 - required further 171 

Chain # 15 - chunk 5 (chain 1 of 1 for this core): increasing by 172 

Iterations: 172 
|-------------|-------------|-------------|-------------|
|-------------------------------------------------------|

Current time: 2024-11-20 14:29:14
MCMC time 16 mins 

USED COMPONENTS: 62 OF 74 

rel. MC standard error: 0.0145 to 0.0581
eff. sample size: 296 to 4730
needed thinning: 2 to 22
Diagnostics time 0.11 secs 

Total number of iterations 4272 - required further 171 

Chain # 15 - chunk 6 (chain 1 of 1 for this core): increasing by 172 

Iterations: 172 
|-------------|-------------|-------------|-------------|
|-------------------------------------------------------|

Current time: 2024-11-20 14:29:51
MCMC time 17 mins 

USED COMPONENTS: 62 OF 74 

rel. MC standard error: 0.0148 to 0.0577
eff. sample size: 300 to 4580
needed thinning: 2 to 23
Diagnostics time 0.16 secs 

Total number of iterations 4444 - required further 179 

Chain # 15 - chunk 7 (chain 1 of 1 for this core): increasing by 180 

Iterations: 180 
|-------------|-------------|-------------|-------------|
|-------------------------------------------------------|

Current time: 2024-11-20 14:30:30
MCMC time 17 mins 

USED COMPONENTS: 62 OF 74 

rel. MC standard error: 0.0147 to 0.0561
eff. sample size: 318 to 4660
needed thinning: 2 to 22
Diagnostics time 0.11 secs 

Total number of iterations 4624 - required further 171 

Chain # 15 - chunk 8 (chain 1 of 1 for this core): increasing by 172 

Iterations: 172 
|-------------|-------------|-------------|-------------|
|-------------------------------------------------------|

Current time: 2024-11-20 14:31:07
MCMC time 18 mins 

USED COMPONENTS: 62 OF 74 

rel. MC standard error: 0.0143 to 0.0557
eff. sample size: 322 to 4880
needed thinning: 2 to 23
Diagnostics time 0.11 secs 

Total number of iterations 4796 - required further 179 

Chain # 15 - chunk 9 (chain 1 of 1 for this core): increasing by 180 

Iterations: 180 
|-------------|-------------|-------------|-------------|
|-------------------------------------------------------|

Current time: 2024-11-20 14:31:45
MCMC time 18 mins 

USED COMPONENTS: 62 OF 74 

rel. MC standard error: 0.0142 to 0.0542
eff. sample size: 340 to 4940
needed thinning: 2 to 22
Diagnostics time 0.16 secs 

Total number of iterations 4976 - required further 171 

Chain # 15 - chunk 10 (chain 1 of 1 for this core): increasing by 172 

Iterations: 172 
|-------------|-------------|-------------|-------------|
|-------------------------------------------------------|

Current time: 2024-11-20 14:32:22
MCMC time 19 mins 

USED COMPONENTS: 62 OF 74 

rel. MC standard error: 0.0135 to 0.0535
eff. sample size: 350 to 5460
needed thinning: 2 to 23
Diagnostics time 0.11 secs 

Total number of iterations 5148 - required further 179 

Chain # 15 - chunk 11 (chain 1 of 1 for this core): increasing by 180 

Iterations: 180 
|-------------|-------------|-------------|-------------|
|-------------------------------------------------------|

Current time: 2024-11-20 14:33:01
MCMC time 20 mins 

USED COMPONENTS: 62 OF 74 

rel. MC standard error: 0.0132 to 0.0527
eff. sample size: 360 to 5700
needed thinning: 2 to 23
Diagnostics time 0.16 secs 

Total number of iterations 5328 - required further 179 

Chain # 15 - chunk 12 (chain 1 of 1 for this core): increasing by 180 

Iterations: 180 
|-------------|-------------|-------------|-------------|
|-------------------------------------------------------|

Current time: 2024-11-20 14:33:39
MCMC time 20 mins 

USED COMPONENTS: 62 OF 74 

rel. MC standard error: 0.013 to 0.0555
eff. sample size: 325 to 5940
needed thinning: 2 to 26
Diagnostics time 0.11 secs 

Total number of iterations 5508 - required further 202 

Chain # 15 - chunk 13 (chain 1 of 1 for this core): increasing by 203 

Iterations: 203 
|-------------|-------------|-------------|-------------|
|-------------------------------------------------------|

Current time: 2024-11-20 14:34:23
MCMC time 21 mins 

USED COMPONENTS: 62 OF 74 

rel. MC standard error: 0.0121 to 0.0621
eff. sample size: 259 to 6860
needed thinning: 2 to 34
Diagnostics time 0.17 secs 

Total number of iterations 5711 - required further 264 

Chain # 15 - chunk 14 (chain 1 of 1 for this core): increasing by 265 

Iterations: 265 
|-------------|-------------|-------------|-------------|
|-------------------------------------------------------|

Current time: 2024-11-20 14:35:19
MCMC time 22 mins 

USED COMPONENTS: 62 OF 74 

rel. MC standard error: 0.0119 to 0.0633
eff. sample size: 249 to 7090
needed thinning: 2 to 36
Diagnostics time 0.15 secs 

Total number of iterations 5976 - required further 279 

Chain # 15 - chunk 15 (chain 1 of 1 for this core): increasing by 280 

Iterations: 280 
|-------------|-------------|-------------|-------------|
|-------------------------------------------------------|

Current time: 2024-11-20 14:36:19
MCMC time 23 mins 

USED COMPONENTS: 62 OF 74 

rel. MC standard error: 0.011 to 0.0643
eff. sample size: 242 to 8200
needed thinning: 2 to 39
Diagnostics time 0.3 secs 

Total number of iterations 6256 - required further 303 

Chain # 15 - chunk 16 (chain 1 of 1 for this core): increasing by 304 

Iterations: 304 
|-------------|-------------|-------------|-------------|
|-------------------------------------------------------|

Current time: 2024-11-20 14:37:24
MCMC time 24 mins 

USED COMPONENTS: 61 OF 74 

rel. MC standard error: 0.0124 to 0.0636
eff. sample size: 248 to 6470
needed thinning: 2 to 40
Diagnostics time 0.16 secs 

Total number of iterations 6560 - required further 310 

Chain # 15 - chunk 17 (chain 1 of 1 for this core): increasing by 311 

Iterations: 311 
|-------------|-------------|-------------|-------------|
|-------------------------------------------------------|

Current time: 2024-11-20 14:38:30
MCMC time 25 mins 

USED COMPONENTS: 62 OF 74 

rel. MC standard error: 0.0118 to 0.0633
eff. sample size: 250 to 7140
needed thinning: 2 to 42
Diagnostics time 0.17 secs 

Total number of iterations 6871 - required further 326 

Chain # 15 - chunk 18 (chain 1 of 1 for this core): increasing by 327 

Iterations: 327 
|-------------|-------------|-------------|-------------|
|-------------------------------------------------------|

Current time: 2024-11-20 14:39:40
MCMC time 26 mins 

USED COMPONENTS: 61 OF 74 

rel. MC standard error: 0.0111 to 0.0609
eff. sample size: 270 to 8070
needed thinning: 2 to 40
Diagnostics time 0.22 secs 

Total number of iterations 7198 - required further 310 

Chain # 15 - chunk 19 (chain 1 of 1 for this core): increasing by 311 

Iterations: 311 
|-------------|-------------|-------------|-------------|
|-------------------------------------------------------|

Current time: 2024-11-20 14:40:45
MCMC time 27 mins 

USED COMPONENTS: 61 OF 74 

rel. MC standard error: 0.0101 to 0.0615
eff. sample size: 264 to 9760
needed thinning: 2 to 43
Diagnostics time 0.21 secs 

Total number of iterations 7509 - required further 334 

Chain # 15 - chunk 20 (chain 1 of 1 for this core): increasing by 335 

Iterations: 335 
|-------------|-------------|-------------|-------------|
|-------------------------------------------------------|

Current time: 2024-11-20 14:41:56
MCMC time 29 mins 

USED COMPONENTS: 59 OF 74 

rel. MC standard error: 0.0102 to 0.061
eff. sample size: 269 to 9600
needed thinning: 2 to 44
Diagnostics time 0.22 secs 

Total number of iterations 7844 - required further 341 

Chain # 15 - chunk 21 (chain 1 of 1 for this core): increasing by 342 

Iterations: 342 
|-------------|-------------|-------------|-------------|
|-------------------------------------------------------|

Current time: 2024-11-20 14:43:09
MCMC time 30 mins 

USED COMPONENTS: 59 OF 74 

rel. MC standard error: 0.0105 to 0.0603
eff. sample size: 275 to 9150
needed thinning: 2 to 45
Diagnostics time 0.22 secs 

Total number of iterations 8186 - required further 349 

Chain # 15 - chunk 22 (chain 1 of 1 for this core): increasing by 350 

Iterations: 350 
|-------------|-------------|-------------|-------------|
|-------------------------------------------------------|

Current time: 2024-11-20 14:44:23
MCMC time 31 mins 

USED COMPONENTS: 60 OF 74 

rel. MC standard error: 0.0102 to 0.0594
eff. sample size: 283 to 9610
needed thinning: 2 to 46
Diagnostics time 0.22 secs 

Total number of iterations 8536 - required further 357 

Chain # 15 - chunk 23 (chain 1 of 1 for this core): increasing by 358 

Iterations: 358 
|-------------|-------------|-------------|-------------|
|-------------------------------------------------------|

Current time: 2024-11-20 14:45:38
MCMC time 32 mins 

USED COMPONENTS: 59 OF 74 

rel. MC standard error: 0.0095 to 0.0587
eff. sample size: 290 to 11100
needed thinning: 2 to 47
Diagnostics time 0.25 secs 

Total number of iterations 8894 - required further 365 

Chain # 15 - chunk 24 (chain 1 of 1 for this core): increasing by 366 

Iterations: 366 
|-------------|-------------|-------------|-------------|
|-------------------------------------------------------|

Current time: 2024-11-20 14:46:56
MCMC time 34 mins 

USED COMPONENTS: 59 OF 74 

rel. MC standard error: 0.0101 to 0.058
eff. sample size: 297 to 9830
needed thinning: 2 to 47
Diagnostics time 0.19 secs 

Total number of iterations 9260 - required further 365 

Chain # 15 - chunk 25 (chain 1 of 1 for this core): increasing by 366 

Iterations: 366 
|-------------|-------------|-------------|-------------|
|-------------------------------------------------------|

Current time: 2024-11-20 14:48:13
MCMC time 35 mins 

USED COMPONENTS: 60 OF 74 

rel. MC standard error: 0.00987 to 0.0572
eff. sample size: 306 to 10300
needed thinning: 2 to 48
Diagnostics time 0.24 secs 

Total number of iterations 9626 - required further 372 

Chain # 15 - chunk 26 (chain 1 of 1 for this core): increasing by 373 

Iterations: 373 
|-------------|-------------|-------------|-------------|
|-------------------------------------------------------|

Current time: 2024-11-20 14:49:32
MCMC time 36 mins 

USED COMPONENTS: 59 OF 74 

rel. MC standard error: 0.00951 to 0.0562
eff. sample size: 316 to 11100
needed thinning: 2 to 48
Diagnostics time 0.24 secs 

Total number of iterations 9999 - required further 372 

Chain # 15 - chunk 27 (chain 1 of 1 for this core): increasing by 373 

Iterations: 373 
|-------------|-------------|-------------|-------------|
|-------------------------------------------------------|

Current time: 2024-11-20 14:50:51
MCMC time 38 mins 

USED COMPONENTS: 59 OF 74 

rel. MC standard error: 0.00927 to 0.0553
eff. sample size: 327 to 11600
needed thinning: 2 to 48
Diagnostics time 0.24 secs 

Total number of iterations 10372 - required further 372 

Chain # 15 - chunk 28 (chain 1 of 1 for this core): increasing by 373 

Iterations: 373 
|-------------|-------------|-------------|-------------|
|-------------------------------------------------------|

Current time: 2024-11-20 14:52:10
MCMC time 39 mins 

USED COMPONENTS: 59 OF 74 

rel. MC standard error: 0.0091 to 0.055
eff. sample size: 331 to 12100
needed thinning: 2 to 49
Diagnostics time 0.24 secs 

Total number of iterations 10745 - required further 380 

Chain # 15 - chunk 29 (chain 1 of 1 for this core): increasing by 381 

Iterations: 381 
|-------------|-------------|-------------|-------------|
|-------------------------------------------------------|

Current time: 2024-11-20 14:53:30
MCMC time 40 mins 

USED COMPONENTS: 60 OF 74 

rel. MC standard error: 0.0089 to 0.0544
eff. sample size: 338 to 12600
needed thinning: 2 to 50
Diagnostics time 0.26 secs 

Total number of iterations 11126 - required further 388 

Chain # 15 - chunk 30 (chain 1 of 1 for this core): increasing by 389 

Iterations: 389 
|-------------|-------------|-------------|-------------|
|-------------------------------------------------------|

Current time: 2024-11-20 14:54:53
MCMC time 42 mins 

USED COMPONENTS: 60 OF 74 

rel. MC standard error: 0.00835 to 0.0537
eff. sample size: 347 to 14300
needed thinning: 2 to 50
Diagnostics time 0.24 secs 

Total number of iterations 11515 - required further 388 

Chain # 15 - chunk 31 (chain 1 of 1 for this core): increasing by 389 

Iterations: 389 
|-------------|-------------|-------------|-------------|
|-------------------------------------------------------|

Current time: 2024-11-20 14:56:15
MCMC time 43 mins 

USED COMPONENTS: 59 OF 74 

rel. MC standard error: 0.00871 to 0.0527
eff. sample size: 361 to 13200
needed thinning: 2 to 50
Diagnostics time 0.2 secs 

Total number of iterations 11904 - required further 388 

Chain # 15 - chunk 32 (chain 1 of 1 for this core): increasing by 389 

Iterations: 389 
|-------------|-------------|-------------|-------------|
|-------------------------------------------------------|

Current time: 2024-11-20 14:57:37
MCMC time 44 mins 

USED COMPONENTS: 60 OF 74 

rel. MC standard error: 0.00839 to 0.0517
eff. sample size: 374 to 14200
needed thinning: 2 to 50
Diagnostics time 0.25 secs 

Total number of iterations 12293 - required further 388 

Chain # 15 - chunk 33 (chain 1 of 1 for this core): increasing by 389 

Iterations: 389 
|-------------|-------------|-------------|-------------|
|-------------------------------------------------------|

Current time: 2024-11-20 14:58:59
MCMC time 46 mins 

USED COMPONENTS: 59 OF 74 

rel. MC standard error: 0.00876 to 0.051
eff. sample size: 384 to 13000
needed thinning: 2 to 50
Diagnostics time 0.24 secs 

Total number of iterations 12682 - required further 388 

Chain # 15 - chunk 34 (chain 1 of 1 for this core): increasing by 389 

Iterations: 389 
|-------------|-------------|-------------|-------------|
|-------------------------------------------------------|

Current time: 2024-11-20 15:00:21
MCMC time 47 mins 

USED COMPONENTS: 60 OF 74 

rel. MC standard error: 0.00858 to 0.0504
eff. sample size: 393 to 13600
needed thinning: 2 to 50
Diagnostics time 0.22 secs 

Total number of iterations 13071 - required further 388 

Chain # 15 - chunk 35 (chain 1 of 1 for this core): increasing by 389 

Iterations: 389 
|-------------|-------------|-------------|-------------|
|-------------------------------------------------------|

Current time: 2024-11-20 15:01:43
MCMC time 48 mins 

USED COMPONENTS: 60 OF 74 

rel. MC standard error: 0.00783 to 0.0492
eff. sample size: 412 to 16300
needed thinning: 2 to 49
Diagnostics time 0.24 secs 

Total number of iterations 13460 - required further 0 

Keeping last 60 samples with thinning 49 

Plotting traces and samples.

Current time: 2024-11-20 15:01:45
MCMC + diagnostics time 48 mins 

Current time: 2024-11-20 15:01:45
Total time 48 mins 
loaded inferno and set parent environment
loaded inferno and set parent environment
loaded inferno and set parent environment
loaded inferno and set parent environment
