Log core 8 - Current time: 2024-11-20 14:07:02
Defining model
Building model
Setting data and initial values
Running calculate on model
  [Note] Any error reports that follow may simply reflect missing values in model variables.
Checking model sizes and dimensions
Compiling
  [Note] This may take a minute.
  [Note] Use 'showCompilerOutput = TRUE' to see C++ compilation details.
===== Monitors =====
thin = 1: Bprob, Rmean, Rvar, W
thin2 = 1: K
===== Samplers =====
conjugate sampler (519)
  - Rmean[]  (148 elements)
  - Rrate[]  (148 elements)
  - Bprob[]  (74 elements)
  - Rvar[]  (148 elements)
  - W[1:74] 
categorical sampler (2701)
  - Alpha
  - K[]  (2700 elements)
===== Monitors =====
thin = 1: Bprob, Rmean, Rvar, W
thin2 = 1: K
===== Samplers =====
slice sampler (2701)
  - Alpha
  - K[]  (2700 elements)
conjugate sampler (519)
  - Rmean[]  (148 elements)
  - Rrate[]  (148 elements)
  - Bprob[]  (74 elements)
  - Rvar[]  (148 elements)
  - W[1:74] 
Compiling
  [Note] This may take a minute.
  [Note] Use 'showCompilerOutput = TRUE' to see C++ compilation details.

Setup time 6.3 mins 

Chain # 8 (chain 1 of 1 for this core)

Datapoints for testing convergence:
 #59 #230 #321 #887 #901 #930 #994 #1057 #1115 #1145 #1319 #1364 #1485 #1585 #1855 #2032 #2260 #2450 #2595 #2664 

Iterations: 3600 
|-------------|-------------|-------------|-------------|
|-------------------------------------------------------|

Current time: 2024-11-20 14:26:46
MCMC time 13 mins 

USED COMPONENTS: 64 OF 74 

rel. MC standard error: 0.0149 to 0.0339
eff. sample size: 873 to 4530
needed thinning: 2 to 7
Diagnostics time 2.7 secs 

Total number of iterations 3600 - required further 0 

Keeping last 60 samples with thinning 7 

Plotting traces and samples.

Current time: 2024-11-20 14:26:50
MCMC + diagnostics time 13 mins 

Current time: 2024-11-20 14:26:50
Total time 13 mins 
loaded inferno and set parent environment
loaded inferno and set parent environment
loaded inferno and set parent environment
loaded inferno and set parent environment
