Log core 20 - Current time: 2024-11-20 14:07:02
Defining model
Building model
Setting data and initial values
Running calculate on model
  [Note] Any error reports that follow may simply reflect missing values in model variables.
Checking model sizes and dimensions
Compiling
  [Note] This may take a minute.
  [Note] Use 'showCompilerOutput = TRUE' to see C++ compilation details.
===== Monitors =====
thin = 1: Bprob, Rmean, Rvar, W
thin2 = 1: K
===== Samplers =====
conjugate sampler (519)
  - Rmean[]  (148 elements)
  - Rrate[]  (148 elements)
  - Bprob[]  (74 elements)
  - Rvar[]  (148 elements)
  - W[1:74] 
categorical sampler (2701)
  - Alpha
  - K[]  (2700 elements)
===== Monitors =====
thin = 1: Bprob, Rmean, Rvar, W
thin2 = 1: K
===== Samplers =====
slice sampler (2701)
  - Alpha
  - K[]  (2700 elements)
conjugate sampler (519)
  - Rmean[]  (148 elements)
  - Rrate[]  (148 elements)
  - Bprob[]  (74 elements)
  - Rvar[]  (148 elements)
  - W[1:74] 
Compiling
  [Note] This may take a minute.
  [Note] Use 'showCompilerOutput = TRUE' to see C++ compilation details.

Setup time 10 mins 

Chain # 20 (chain 1 of 1 for this core)

Datapoints for testing convergence:
 #244 #353 #454 #736 #864 #978 #1340 #1377 #1513 #1819 #1833 #1884 #1974 #2060 #2072 #2084 #2198 #2224 #2478 #2494 

Iterations: 3600 
|-------------|-------------|-------------|-------------|
|-------------------------------------------------------|

Current time: 2024-11-20 14:36:40
MCMC time 19 mins 

USED COMPONENTS: 60 OF 74 

rel. MC standard error: 0.017 to 0.101
eff. sample size: 98.1 to 3480
needed thinning: 2 to 56
Diagnostics time 2.2 secs 

Total number of iterations 3600 - required further 434 

Chain # 20 - chunk 2 (chain 1 of 1 for this core): increasing by 435 

Iterations: 435 
|-------------|-------------|-------------|-------------|
|-------------------------------------------------------|

Current time: 2024-11-20 14:38:17
MCMC time 21 mins 

USED COMPONENTS: 59 OF 74 

rel. MC standard error: 0.0162 to 0.0969
eff. sample size: 106 to 3790
needed thinning: 2 to 57
Diagnostics time 0.27 secs 

Total number of iterations 4035 - required further 442 

Chain # 20 - chunk 3 (chain 1 of 1 for this core): increasing by 443 

Iterations: 443 
|-------------|-------------|-------------|-------------|
|-------------------------------------------------------|

Current time: 2024-11-20 14:39:54
MCMC time 23 mins 

USED COMPONENTS: 59 OF 74 

rel. MC standard error: 0.0148 to 0.0929
eff. sample size: 116 to 4580
needed thinning: 2 to 58
Diagnostics time 0.27 secs 

Total number of iterations 4478 - required further 450 

Chain # 20 - chunk 4 (chain 1 of 1 for this core): increasing by 451 

Iterations: 451 
|-------------|-------------|-------------|-------------|
|-------------------------------------------------------|

Current time: 2024-11-20 14:41:31
MCMC time 24 mins 

USED COMPONENTS: 59 OF 74 

rel. MC standard error: 0.0135 to 0.0892
eff. sample size: 126 to 5450
needed thinning: 2 to 59
Diagnostics time 0.27 secs 

Total number of iterations 4929 - required further 458 

Chain # 20 - chunk 5 (chain 1 of 1 for this core): increasing by 459 

Iterations: 459 
|-------------|-------------|-------------|-------------|
|-------------------------------------------------------|

Current time: 2024-11-20 14:43:11
MCMC time 26 mins 

USED COMPONENTS: 59 OF 74 

rel. MC standard error: 0.0139 to 0.0869
eff. sample size: 132 to 5160
needed thinning: 2 to 62
Diagnostics time 0.27 secs 

Total number of iterations 5388 - required further 481 

Chain # 20 - chunk 6 (chain 1 of 1 for this core): increasing by 482 

Iterations: 482 
|-------------|-------------|-------------|-------------|
|-------------------------------------------------------|

Current time: 2024-11-20 14:44:55
MCMC time 28 mins 

USED COMPONENTS: 59 OF 74 

rel. MC standard error: 0.012 to 0.0835
eff. sample size: 144 to 6910
needed thinning: 2 to 62
Diagnostics time 0.31 secs 

Total number of iterations 5870 - required further 481 

Chain # 20 - chunk 7 (chain 1 of 1 for this core): increasing by 482 

Iterations: 482 
|-------------|-------------|-------------|-------------|
|-------------------------------------------------------|

Current time: 2024-11-20 14:46:39
MCMC time 29 mins 

USED COMPONENTS: 59 OF 74 

rel. MC standard error: 0.0106 to 0.0813
eff. sample size: 151 to 8860
needed thinning: 2 to 64
Diagnostics time 0.29 secs 

Total number of iterations 6352 - required further 496 

Chain # 20 - chunk 8 (chain 1 of 1 for this core): increasing by 497 

Iterations: 497 
|-------------|-------------|-------------|-------------|
|-------------------------------------------------------|

Current time: 2024-11-20 14:48:27
MCMC time 31 mins 

USED COMPONENTS: 59 OF 74 

rel. MC standard error: 0.0114 to 0.0785
eff. sample size: 162 to 7660
needed thinning: 2 to 64
Diagnostics time 0.29 secs 

Total number of iterations 6849 - required further 496 

Chain # 20 - chunk 9 (chain 1 of 1 for this core): increasing by 497 

Iterations: 497 
|-------------|-------------|-------------|-------------|
|-------------------------------------------------------|

Current time: 2024-11-20 14:50:14
MCMC time 33 mins 

USED COMPONENTS: 59 OF 74 

rel. MC standard error: 0.0114 to 0.0767
eff. sample size: 170 to 7670
needed thinning: 2 to 65
Diagnostics time 0.28 secs 

Total number of iterations 7346 - required further 504 

Chain # 20 - chunk 10 (chain 1 of 1 for this core): increasing by 505 

Iterations: 505 
|-------------|-------------|-------------|-------------|
|-------------------------------------------------------|

Current time: 2024-11-20 14:52:04
MCMC time 35 mins 

USED COMPONENTS: 59 OF 74 

rel. MC standard error: 0.0116 to 0.0748
eff. sample size: 179 to 7420
needed thinning: 2 to 66
Diagnostics time 0.28 secs 

Total number of iterations 7851 - required further 512 

Chain # 20 - chunk 11 (chain 1 of 1 for this core): increasing by 513 

Iterations: 513 
|-------------|-------------|-------------|-------------|
|-------------------------------------------------------|

Current time: 2024-11-20 14:53:55
MCMC time 37 mins 

USED COMPONENTS: 59 OF 74 

rel. MC standard error: 0.0102 to 0.0734
eff. sample size: 186 to 9650
needed thinning: 2 to 68
Diagnostics time 0.29 secs 

Total number of iterations 8364 - required further 527 

Chain # 20 - chunk 12 (chain 1 of 1 for this core): increasing by 528 

Iterations: 528 
|-------------|-------------|-------------|-------------|
|-------------------------------------------------------|

Current time: 2024-11-20 14:55:49
MCMC time 38 mins 

USED COMPONENTS: 58 OF 74 

rel. MC standard error: 0.00932 to 0.0721
eff. sample size: 192 to 11500
needed thinning: 2 to 70
Diagnostics time 0.31 secs 

Total number of iterations 8892 - required further 543 

Chain # 20 - chunk 13 (chain 1 of 1 for this core): increasing by 544 

Iterations: 544 
|-------------|-------------|-------------|-------------|
|-------------------------------------------------------|

Current time: 2024-11-20 14:57:48
MCMC time 40 mins 

USED COMPONENTS: 58 OF 74 

rel. MC standard error: 0.00916 to 0.0708
eff. sample size: 200 to 11900
needed thinning: 2 to 71
Diagnostics time 0.31 secs 

Total number of iterations 9436 - required further 550 

Chain # 20 - chunk 14 (chain 1 of 1 for this core): increasing by 551 

Iterations: 551 
|-------------|-------------|-------------|-------------|
|-------------------------------------------------------|

Current time: 2024-11-20 14:59:48
MCMC time 42 mins 

USED COMPONENTS: 58 OF 74 

rel. MC standard error: 0.00915 to 0.0682
eff. sample size: 215 to 11900
needed thinning: 2 to 70
Diagnostics time 0.3 secs 

Total number of iterations 9987 - required further 543 

Chain # 20 - chunk 15 (chain 1 of 1 for this core): increasing by 544 

Iterations: 544 
|-------------|-------------|-------------|-------------|
|-------------------------------------------------------|

Current time: 2024-11-20 15:01:46
MCMC time 44 mins 

USED COMPONENTS: 58 OF 74 

rel. MC standard error: 0.00899 to 0.0667
eff. sample size: 225 to 12400
needed thinning: 2 to 71
Diagnostics time 0.38 secs 

Total number of iterations 10531 - required further 550 

Chain # 20 - chunk 16 (chain 1 of 1 for this core): increasing by 551 

Iterations: 551 
|-------------|-------------|-------------|-------------|
|-------------------------------------------------------|

Current time: 2024-11-20 15:03:45
MCMC time 46 mins 

USED COMPONENTS: 58 OF 74 

rel. MC standard error: 0.00873 to 0.0653
eff. sample size: 235 to 13100
needed thinning: 2 to 71
Diagnostics time 0.32 secs 

Total number of iterations 11082 - required further 550 

Chain # 20 - chunk 17 (chain 1 of 1 for this core): increasing by 551 

Iterations: 551 
|-------------|-------------|-------------|-------------|
|-------------------------------------------------------|

Current time: 2024-11-20 15:05:43
MCMC time 48 mins 

USED COMPONENTS: 58 OF 74 

rel. MC standard error: 0.00875 to 0.0637
eff. sample size: 246 to 13100
needed thinning: 2 to 71
Diagnostics time 0.31 secs 

Total number of iterations 11633 - required further 550 

Chain # 20 - chunk 18 (chain 1 of 1 for this core): increasing by 551 

Iterations: 551 
|-------------|-------------|-------------|-------------|
|-------------------------------------------------------|

Current time: 2024-11-20 15:07:42
MCMC time 50 mins 

USED COMPONENTS: 58 OF 74 

rel. MC standard error: 0.00871 to 0.0616
eff. sample size: 264 to 13200
needed thinning: 2 to 70
Diagnostics time 0.97 secs 

Total number of iterations 12184 - required further 543 

Chain # 20 - chunk 19 (chain 1 of 1 for this core): increasing by 544 

Iterations: 544 
|-------------|-------------|-------------|-------------|
|-------------------------------------------------------|

Current time: 2024-11-20 15:09:41
MCMC time 52 mins 

USED COMPONENTS: 59 OF 74 

rel. MC standard error: 0.00862 to 0.0618
eff. sample size: 262 to 13500
needed thinning: 2 to 73
Diagnostics time 0.31 secs 

Total number of iterations 12728 - required further 566 

Chain # 20 - chunk 20 (chain 1 of 1 for this core): increasing by 567 

Iterations: 567 
|-------------|-------------|-------------|-------------|
|-------------------------------------------------------|

Current time: 2024-11-20 15:11:44
MCMC time 54 mins 

USED COMPONENTS: 59 OF 74 

rel. MC standard error: 0.00832 to 0.0606
eff. sample size: 272 to 14500
needed thinning: 2 to 74
Diagnostics time 0.34 secs 

Total number of iterations 13295 - required further 574 

Chain # 20 - chunk 21 (chain 1 of 1 for this core): increasing by 575 

Iterations: 575 
|-------------|-------------|-------------|-------------|
|-------------------------------------------------------|

Current time: 2024-11-20 15:13:50
MCMC time 56 mins 

USED COMPONENTS: 59 OF 74 

rel. MC standard error: 0.00771 to 0.0597
eff. sample size: 280 to 16800
needed thinning: 2 to 75
Diagnostics time 0.32 secs 

Total number of iterations 13870 - required further 581 

Chain # 20 - chunk 22 (chain 1 of 1 for this core): increasing by 582 

Iterations: 582 
|-------------|-------------|-------------|-------------|
|-------------------------------------------------------|

Current time: 2024-11-20 15:15:56
MCMC time 59 mins 

USED COMPONENTS: 59 OF 74 

rel. MC standard error: 0.00826 to 0.0584
eff. sample size: 293 to 14700
needed thinning: 2 to 74
Diagnostics time 0.34 secs 

Total number of iterations 14452 - required further 574 

Chain # 20 - chunk 23 (chain 1 of 1 for this core): increasing by 575 

Iterations: 575 
|-------------|-------------|-------------|-------------|
|-------------------------------------------------------|

Current time: 2024-11-20 15:18:01
MCMC time 1 hours 

USED COMPONENTS: 59 OF 74 

rel. MC standard error: 0.00754 to 0.0573
eff. sample size: 305 to 17600
needed thinning: 2 to 74
Diagnostics time 0.32 secs 

Total number of iterations 15027 - required further 574 

Chain # 20 - chunk 24 (chain 1 of 1 for this core): increasing by 575 

Iterations: 575 
|-------------|-------------|-------------|-------------|
|-------------------------------------------------------|

Current time: 2024-11-20 15:20:05
MCMC time 1 hours 

USED COMPONENTS: 59 OF 74 

rel. MC standard error: 0.00789 to 0.0568
eff. sample size: 310 to 16100
needed thinning: 2 to 76
Diagnostics time 0.33 secs 

Total number of iterations 15602 - required further 589 

Chain # 20 - chunk 25 (chain 1 of 1 for this core): increasing by 590 

Iterations: 590 
|-------------|-------------|-------------|-------------|
|-------------------------------------------------------|

Current time: 2024-11-20 15:22:12
MCMC time 1.1 hours 

USED COMPONENTS: 58 OF 74 

rel. MC standard error: 0.00742 to 0.0563
eff. sample size: 316 to 18200
needed thinning: 2 to 77
Diagnostics time 0.4 secs 

Total number of iterations 16192 - required further 597 

Chain # 20 - chunk 26 (chain 1 of 1 for this core): increasing by 598 

Iterations: 598 
|-------------|-------------|-------------|-------------|
|-------------------------------------------------------|

Current time: 2024-11-20 15:24:21
MCMC time 1.1 hours 

USED COMPONENTS: 59 OF 74 

rel. MC standard error: 0.00753 to 0.0555
eff. sample size: 325 to 17600
needed thinning: 2 to 78
Diagnostics time 0.33 secs 

Total number of iterations 16790 - required further 605 

Chain # 20 - chunk 27 (chain 1 of 1 for this core): increasing by 606 

Iterations: 606 
|-------------|-------------|-------------|-------------|
|-------------------------------------------------------|

Current time: 2024-11-20 15:26:31
MCMC time 1.2 hours 

USED COMPONENTS: 59 OF 74 

rel. MC standard error: 0.00736 to 0.0544
eff. sample size: 338 to 18500
needed thinning: 2 to 78
Diagnostics time 0.3 secs 

Total number of iterations 17396 - required further 605 

Chain # 20 - chunk 28 (chain 1 of 1 for this core): increasing by 606 

Iterations: 606 
|-------------|-------------|-------------|-------------|
|-------------------------------------------------------|

Current time: 2024-11-20 15:28:41
MCMC time 1.2 hours 

USED COMPONENTS: 59 OF 74 

rel. MC standard error: 0.00706 to 0.0539
eff. sample size: 345 to 20100
needed thinning: 2 to 79
Diagnostics time 0.34 secs 

Total number of iterations 18002 - required further 612 

Chain # 20 - chunk 29 (chain 1 of 1 for this core): increasing by 613 

Iterations: 613 
|-------------|-------------|-------------|-------------|
|-------------------------------------------------------|

Current time: 2024-11-20 15:30:54
MCMC time 1.2 hours 

USED COMPONENTS: 59 OF 74 

rel. MC standard error: 0.00679 to 0.0533
eff. sample size: 352 to 21700
needed thinning: 2 to 80
Diagnostics time 0.33 secs 

Total number of iterations 18615 - required further 620 

Chain # 20 - chunk 30 (chain 1 of 1 for this core): increasing by 621 

Iterations: 621 
|-------------|-------------|-------------|-------------|
|-------------------------------------------------------|

Current time: 2024-11-20 15:33:08
MCMC time 1.3 hours 

USED COMPONENTS: 59 OF 74 

rel. MC standard error: 0.00673 to 0.0524
eff. sample size: 364 to 22100
needed thinning: 2 to 80
Diagnostics time 0.33 secs 

Total number of iterations 19236 - required further 620 

Chain # 20 - chunk 31 (chain 1 of 1 for this core): increasing by 621 

Iterations: 621 
|-------------|-------------|-------------|-------------|
|-------------------------------------------------------|

Current time: 2024-11-20 15:35:22
MCMC time 1.3 hours 

USED COMPONENTS: 59 OF 74 

rel. MC standard error: 0.007 to 0.0522
eff. sample size: 368 to 20400
needed thinning: 2 to 82
Diagnostics time 0.4 secs 

Total number of iterations 19857 - required further 636 

Chain # 20 - chunk 32 (chain 1 of 1 for this core): increasing by 637 

Iterations: 637 
|-------------|-------------|-------------|-------------|
|-------------------------------------------------------|

Current time: 2024-11-20 15:37:40
MCMC time 1.3 hours 

USED COMPONENTS: 59 OF 74 

rel. MC standard error: 0.00676 to 0.0517
eff. sample size: 374 to 21900
needed thinning: 2 to 83
Diagnostics time 0.35 secs 

Total number of iterations 20494 - required further 643 

Chain # 20 - chunk 33 (chain 1 of 1 for this core): increasing by 644 

Iterations: 644 
|-------------|-------------|-------------|-------------|
|-------------------------------------------------------|

Current time: 2024-11-20 15:39:58
MCMC time 1.4 hours 

USED COMPONENTS: 59 OF 74 

rel. MC standard error: 0.00639 to 0.0519
eff. sample size: 371 to 24500
needed thinning: 2 to 86
Diagnostics time 0.37 secs 

Total number of iterations 21138 - required further 667 

Chain # 20 - chunk 34 (chain 1 of 1 for this core): increasing by 668 

Iterations: 668 
|-------------|-------------|-------------|-------------|
|-------------------------------------------------------|

Current time: 2024-11-20 15:42:20
MCMC time 1.4 hours 

USED COMPONENTS: 59 OF 74 

rel. MC standard error: 0.00672 to 0.051
eff. sample size: 384 to 22200
needed thinning: 2 to 86
Diagnostics time 0.37 secs 

Total number of iterations 21806 - required further 667 

Chain # 20 - chunk 35 (chain 1 of 1 for this core): increasing by 668 

Iterations: 668 
|-------------|-------------|-------------|-------------|
|-------------------------------------------------------|

Current time: 2024-11-20 15:44:43
MCMC time 1.5 hours 

USED COMPONENTS: 59 OF 74 

rel. MC standard error: 0.00623 to 0.0505
eff. sample size: 392 to 25800
needed thinning: 2 to 87
Diagnostics time 0.99 secs 

Total number of iterations 22474 - required further 674 

Chain # 20 - chunk 36 (chain 1 of 1 for this core): increasing by 675 

Iterations: 675 
|-------------|-------------|-------------|-------------|
|-------------------------------------------------------|

Current time: 2024-11-20 15:47:08
MCMC time 1.5 hours 

USED COMPONENTS: 59 OF 74 

rel. MC standard error: 0.00632 to 0.0497
eff. sample size: 404 to 25000
needed thinning: 2 to 86
Diagnostics time 0.36 secs 

Total number of iterations 23149 - required further 0 

Keeping last 60 samples with thinning 86 

Plotting traces and samples.

Current time: 2024-11-20 15:47:09
MCMC + diagnostics time 1.5 hours 

Current time: 2024-11-20 15:47:09
Total time 1.5 hours 
loaded inferno and set parent environment
loaded inferno and set parent environment
loaded inferno and set parent environment
loaded inferno and set parent environment
