Log core 1 - Current time: 2024-11-20 14:07:02
Defining model
Building model
Setting data and initial values
Running calculate on model
  [Note] Any error reports that follow may simply reflect missing values in model variables.
Checking model sizes and dimensions
Compiling
  [Note] This may take a minute.
  [Note] Use 'showCompilerOutput = TRUE' to see C++ compilation details.
===== Monitors =====
thin = 1: Bprob, Rmean, Rvar, W
thin2 = 1: K
===== Samplers =====
conjugate sampler (519)
  - Rmean[]  (148 elements)
  - Rrate[]  (148 elements)
  - Bprob[]  (74 elements)
  - Rvar[]  (148 elements)
  - W[1:74] 
categorical sampler (2701)
  - Alpha
  - K[]  (2700 elements)
===== Monitors =====
thin = 1: Bprob, Rmean, Rvar, W
thin2 = 1: K
===== Samplers =====
slice sampler (2701)
  - Alpha
  - K[]  (2700 elements)
conjugate sampler (519)
  - Rmean[]  (148 elements)
  - Rrate[]  (148 elements)
  - Bprob[]  (74 elements)
  - Rvar[]  (148 elements)
  - W[1:74] 
Compiling
  [Note] This may take a minute.
  [Note] Use 'showCompilerOutput = TRUE' to see C++ compilation details.

Setup time 10 mins 

Chain # 1 (chain 1 of 1 for this core)

Datapoints for testing convergence:
 #112 #373 #485 #617 #864 #1085 #1505 #1571 #1577 #1713 #1766 #1795 #1995 #2127 #2247 #2279 #2327 #2451 #2503 #2620 

Iterations: 3600 
|-------------|-------------|-------------|-------------|
|-------------------------------------------------------|

Current time: 2024-11-20 14:33:44
MCMC time 16 mins 

USED COMPONENTS: 48 OF 74 

rel. MC standard error: 0.0165 to 0.0512
eff. sample size: 381 to 3680
needed thinning: 2 to 15
Diagnostics time 2.4 secs 

Total number of iterations 3600 - required further 117 

Chain # 1 - chunk 2 (chain 1 of 1 for this core): increasing by 118 

Iterations: 118 
|-------------|-------------|-------------|-------------|
|-------------------------------------------------------|

Current time: 2024-11-20 14:34:24
MCMC time 17 mins 

USED COMPONENTS: 48 OF 74 

rel. MC standard error: 0.0161 to 0.0505
eff. sample size: 392 to 3850
needed thinning: 2 to 15
Diagnostics time 0.15 secs 

Total number of iterations 3718 - required further 117 

Chain # 1 - chunk 3 (chain 1 of 1 for this core): increasing by 118 

Iterations: 118 
|-------------|-------------|-------------|-------------|
|-------------------------------------------------------|

Current time: 2024-11-20 14:35:04
MCMC time 18 mins 

USED COMPONENTS: 48 OF 74 

rel. MC standard error: 0.0163 to 0.0499
eff. sample size: 401 to 3760
needed thinning: 2 to 15
Diagnostics time 0.14 secs 

Total number of iterations 3836 - required further 0 

Keeping last 60 samples with thinning 15 

Plotting traces and samples.

Current time: 2024-11-20 14:35:05
MCMC + diagnostics time 18 mins 

Current time: 2024-11-20 14:35:05
Total time 18 mins 
loaded inferno and set parent environment
loaded inferno and set parent environment
loaded inferno and set parent environment
loaded inferno and set parent environment
