Log core 10 - Current time: 2024-11-20 14:07:02
Defining model
Building model
Setting data and initial values
Running calculate on model
  [Note] Any error reports that follow may simply reflect missing values in model variables.
Checking model sizes and dimensions
Compiling
  [Note] This may take a minute.
  [Note] Use 'showCompilerOutput = TRUE' to see C++ compilation details.
===== Monitors =====
thin = 1: Bprob, Rmean, Rvar, W
thin2 = 1: K
===== Samplers =====
conjugate sampler (519)
  - Rmean[]  (148 elements)
  - Rrate[]  (148 elements)
  - Bprob[]  (74 elements)
  - Rvar[]  (148 elements)
  - W[1:74] 
categorical sampler (2701)
  - Alpha
  - K[]  (2700 elements)
===== Monitors =====
thin = 1: Bprob, Rmean, Rvar, W
thin2 = 1: K
===== Samplers =====
slice sampler (2701)
  - Alpha
  - K[]  (2700 elements)
conjugate sampler (519)
  - Rmean[]  (148 elements)
  - Rrate[]  (148 elements)
  - Bprob[]  (74 elements)
  - Rvar[]  (148 elements)
  - W[1:74] 
Compiling
  [Note] This may take a minute.
  [Note] Use 'showCompilerOutput = TRUE' to see C++ compilation details.

Setup time 6.2 mins 

Chain # 10 (chain 1 of 1 for this core)

Datapoints for testing convergence:
 #49 #82 #91 #380 #395 #407 #438 #602 #862 #1089 #1183 #1514 #1624 #1636 #1858 #2108 #2169 #2485 #2617 #2699 

Iterations: 3600 
|-------------|-------------|-------------|-------------|
|-------------------------------------------------------|

Current time: 2024-11-20 14:26:46
MCMC time 14 mins 

USED COMPONENTS: 62 OF 74 

rel. MC standard error: 0.0148 to 0.0452
eff. sample size: 488 to 4550
needed thinning: 2 to 12
Diagnostics time 1.8 secs 

Total number of iterations 3600 - required further 0 

Keeping last 60 samples with thinning 12 

Plotting traces and samples.

Current time: 2024-11-20 14:26:49
MCMC + diagnostics time 14 mins 

Current time: 2024-11-20 14:26:49
Total time 14 mins 
loaded inferno and set parent environment
loaded inferno and set parent environment
loaded inferno and set parent environment
loaded inferno and set parent environment
