Log core 14 - Current time: 2024-11-20 14:07:02
Defining model
Building model
Setting data and initial values
Running calculate on model
  [Note] Any error reports that follow may simply reflect missing values in model variables.
Checking model sizes and dimensions
Compiling
  [Note] This may take a minute.
  [Note] Use 'showCompilerOutput = TRUE' to see C++ compilation details.
===== Monitors =====
thin = 1: Bprob, Rmean, Rvar, W
thin2 = 1: K
===== Samplers =====
conjugate sampler (519)
  - Rmean[]  (148 elements)
  - Rrate[]  (148 elements)
  - Bprob[]  (74 elements)
  - Rvar[]  (148 elements)
  - W[1:74] 
categorical sampler (2701)
  - Alpha
  - K[]  (2700 elements)
===== Monitors =====
thin = 1: Bprob, Rmean, Rvar, W
thin2 = 1: K
===== Samplers =====
slice sampler (2701)
  - Alpha
  - K[]  (2700 elements)
conjugate sampler (519)
  - Rmean[]  (148 elements)
  - Rrate[]  (148 elements)
  - Bprob[]  (74 elements)
  - Rvar[]  (148 elements)
  - W[1:74] 
Compiling
  [Note] This may take a minute.
  [Note] Use 'showCompilerOutput = TRUE' to see C++ compilation details.

Setup time 6.3 mins 

Chain # 14 (chain 1 of 1 for this core)

Datapoints for testing convergence:
 #199 #230 #308 #419 #565 #792 #826 #949 #1081 #1149 #1541 #1679 #1768 #1812 #2084 #2159 #2237 #2288 #2337 #2533 

Iterations: 3600 
|-------------|-------------|-------------|-------------|
|-------------------------------------------------------|

Current time: 2024-11-20 14:26:52
MCMC time 14 mins 

USED COMPONENTS: 58 OF 74 

rel. MC standard error: 0.0158 to 0.0682
eff. sample size: 215 to 4030
needed thinning: 2 to 26
Diagnostics time 2.3 secs 

Total number of iterations 3600 - required further 202 

Chain # 14 - chunk 2 (chain 1 of 1 for this core): increasing by 203 

Iterations: 203 
|-------------|-------------|-------------|-------------|
|-------------------------------------------------------|

Current time: 2024-11-20 14:27:40
MCMC time 14 mins 

USED COMPONENTS: 57 OF 74 

rel. MC standard error: 0.0151 to 0.0654
eff. sample size: 234 to 4360
needed thinning: 2 to 25
Diagnostics time 0.12 secs 

Total number of iterations 3803 - required further 194 

Chain # 14 - chunk 3 (chain 1 of 1 for this core): increasing by 195 

Iterations: 195 
|-------------|-------------|-------------|-------------|
|-------------------------------------------------------|

Current time: 2024-11-20 14:28:22
MCMC time 15 mins 

USED COMPONENTS: 57 OF 74 

rel. MC standard error: 0.0148 to 0.0647
eff. sample size: 239 to 4550
needed thinning: 2 to 26
Diagnostics time 0.18 secs 

Total number of iterations 3998 - required further 202 

Chain # 14 - chunk 4 (chain 1 of 1 for this core): increasing by 203 

Iterations: 203 
|-------------|-------------|-------------|-------------|
|-------------------------------------------------------|

Current time: 2024-11-20 14:29:06
MCMC time 16 mins 

USED COMPONENTS: 55 OF 74 

rel. MC standard error: 0.0142 to 0.0642
eff. sample size: 242 to 4960
needed thinning: 2 to 26
Diagnostics time 0.13 secs 

Total number of iterations 4201 - required further 202 

Chain # 14 - chunk 5 (chain 1 of 1 for this core): increasing by 203 

Iterations: 203 
|-------------|-------------|-------------|-------------|
|-------------------------------------------------------|

Current time: 2024-11-20 14:29:51
MCMC time 17 mins 

USED COMPONENTS: 55 OF 74 

rel. MC standard error: 0.014 to 0.0636
eff. sample size: 247 to 5070
needed thinning: 2 to 27
Diagnostics time 0.13 secs 

Total number of iterations 4404 - required further 210 

Chain # 14 - chunk 6 (chain 1 of 1 for this core): increasing by 211 

Iterations: 211 
|-------------|-------------|-------------|-------------|
|-------------------------------------------------------|

Current time: 2024-11-20 14:30:37
MCMC time 17 mins 

USED COMPONENTS: 55 OF 74 

rel. MC standard error: 0.0142 to 0.059
eff. sample size: 287 to 4930
needed thinning: 2 to 25
Diagnostics time 0.13 secs 

Total number of iterations 4615 - required further 194 

Chain # 14 - chunk 7 (chain 1 of 1 for this core): increasing by 195 

Iterations: 195 
|-------------|-------------|-------------|-------------|
|-------------------------------------------------------|

Current time: 2024-11-20 14:31:19
MCMC time 18 mins 

USED COMPONENTS: 55 OF 74 

rel. MC standard error: 0.0133 to 0.0587
eff. sample size: 290 to 5670
needed thinning: 2 to 25
Diagnostics time 0.12 secs 

Total number of iterations 4810 - required further 194 

Chain # 14 - chunk 8 (chain 1 of 1 for this core): increasing by 195 

Iterations: 195 
|-------------|-------------|-------------|-------------|
|-------------------------------------------------------|

Current time: 2024-11-20 14:32:02
MCMC time 19 mins 

USED COMPONENTS: 54 OF 74 

rel. MC standard error: 0.0132 to 0.058
eff. sample size: 297 to 5770
needed thinning: 2 to 26
Diagnostics time 0.17 secs 

Total number of iterations 5005 - required further 202 

Chain # 14 - chunk 9 (chain 1 of 1 for this core): increasing by 203 

Iterations: 203 
|-------------|-------------|-------------|-------------|
|-------------------------------------------------------|

Current time: 2024-11-20 14:32:46
MCMC time 19 mins 

USED COMPONENTS: 54 OF 74 

rel. MC standard error: 0.0124 to 0.0576
eff. sample size: 301 to 6500
needed thinning: 2 to 26
Diagnostics time 0.12 secs 

Total number of iterations 5208 - required further 202 

Chain # 14 - chunk 10 (chain 1 of 1 for this core): increasing by 203 

Iterations: 203 
|-------------|-------------|-------------|-------------|
|-------------------------------------------------------|

Current time: 2024-11-20 14:33:30
MCMC time 20 mins 

USED COMPONENTS: 54 OF 74 

rel. MC standard error: 0.0114 to 0.0555
eff. sample size: 324 to 7680
needed thinning: 2 to 26
Diagnostics time 0.18 secs 

Total number of iterations 5411 - required further 202 

Chain # 14 - chunk 11 (chain 1 of 1 for this core): increasing by 203 

Iterations: 203 
|-------------|-------------|-------------|-------------|
|-------------------------------------------------------|

Current time: 2024-11-20 14:34:14
MCMC time 21 mins 

USED COMPONENTS: 55 OF 74 

rel. MC standard error: 0.0126 to 0.0556
eff. sample size: 323 to 6270
needed thinning: 2 to 27
Diagnostics time 0.13 secs 

Total number of iterations 5614 - required further 210 

Chain # 14 - chunk 12 (chain 1 of 1 for this core): increasing by 211 

Iterations: 211 
|-------------|-------------|-------------|-------------|
|-------------------------------------------------------|

Current time: 2024-11-20 14:35:01
MCMC time 22 mins 

USED COMPONENTS: 55 OF 74 

rel. MC standard error: 0.0125 to 0.0534
eff. sample size: 350 to 6410
needed thinning: 2 to 25
Diagnostics time 0.12 secs 

Total number of iterations 5825 - required further 194 

Chain # 14 - chunk 13 (chain 1 of 1 for this core): increasing by 195 

Iterations: 195 
|-------------|-------------|-------------|-------------|
|-------------------------------------------------------|

Current time: 2024-11-20 14:35:43
MCMC time 22 mins 

USED COMPONENTS: 55 OF 74 

rel. MC standard error: 0.0112 to 0.0533
eff. sample size: 352 to 7990
needed thinning: 2 to 26
Diagnostics time 0.16 secs 

Total number of iterations 6020 - required further 202 

Chain # 14 - chunk 14 (chain 1 of 1 for this core): increasing by 203 

Iterations: 203 
|-------------|-------------|-------------|-------------|
|-------------------------------------------------------|

Current time: 2024-11-20 14:36:27
MCMC time 23 mins 

USED COMPONENTS: 54 OF 74 

rel. MC standard error: 0.0114 to 0.0518
eff. sample size: 373 to 7750
needed thinning: 2 to 26
Diagnostics time 0.13 secs 

Total number of iterations 6223 - required further 202 

Chain # 14 - chunk 15 (chain 1 of 1 for this core): increasing by 203 

Iterations: 203 
|-------------|-------------|-------------|-------------|
|-------------------------------------------------------|

Current time: 2024-11-20 14:37:11
MCMC time 24 mins 

USED COMPONENTS: 54 OF 74 

rel. MC standard error: 0.0122 to 0.051
eff. sample size: 384 to 6710
needed thinning: 2 to 26
Diagnostics time 0.13 secs 

Total number of iterations 6426 - required further 202 

Chain # 14 - chunk 16 (chain 1 of 1 for this core): increasing by 203 

Iterations: 203 
|-------------|-------------|-------------|-------------|
|-------------------------------------------------------|

Current time: 2024-11-20 14:37:55
MCMC time 25 mins 

USED COMPONENTS: 54 OF 74 

rel. MC standard error: 0.0114 to 0.0506
eff. sample size: 391 to 7670
needed thinning: 2 to 26
Diagnostics time 0.17 secs 

Total number of iterations 6629 - required further 202 

Chain # 14 - chunk 17 (chain 1 of 1 for this core): increasing by 203 

Iterations: 203 
|-------------|-------------|-------------|-------------|
|-------------------------------------------------------|

Current time: 2024-11-20 14:38:39
MCMC time 25 mins 

USED COMPONENTS: 54 OF 74 

rel. MC standard error: 0.0118 to 0.0487
eff. sample size: 421 to 7150
needed thinning: 2 to 25
Diagnostics time 0.12 secs 

Total number of iterations 6832 - required further 0 

Keeping last 60 samples with thinning 25 

Plotting traces and samples.

Current time: 2024-11-20 14:38:40
MCMC + diagnostics time 25 mins 

Current time: 2024-11-20 14:38:40
Total time 25 mins 
loaded inferno and set parent environment
loaded inferno and set parent environment
loaded inferno and set parent environment
loaded inferno and set parent environment
