Log core 13 - Current time: 2024-11-20 14:07:02
Defining model
Building model
Setting data and initial values
Running calculate on model
  [Note] Any error reports that follow may simply reflect missing values in model variables.
Checking model sizes and dimensions
Compiling
  [Note] This may take a minute.
  [Note] Use 'showCompilerOutput = TRUE' to see C++ compilation details.
===== Monitors =====
thin = 1: Bprob, Rmean, Rvar, W
thin2 = 1: K
===== Samplers =====
conjugate sampler (519)
  - Rmean[]  (148 elements)
  - Rrate[]  (148 elements)
  - Bprob[]  (74 elements)
  - Rvar[]  (148 elements)
  - W[1:74] 
categorical sampler (2701)
  - Alpha
  - K[]  (2700 elements)
===== Monitors =====
thin = 1: Bprob, Rmean, Rvar, W
thin2 = 1: K
===== Samplers =====
slice sampler (2701)
  - Alpha
  - K[]  (2700 elements)
conjugate sampler (519)
  - Rmean[]  (148 elements)
  - Rrate[]  (148 elements)
  - Bprob[]  (74 elements)
  - Rvar[]  (148 elements)
  - W[1:74] 
Compiling
  [Note] This may take a minute.
  [Note] Use 'showCompilerOutput = TRUE' to see C++ compilation details.

Setup time 6.3 mins 

Chain # 13 (chain 1 of 1 for this core)

Datapoints for testing convergence:
 #8 #516 #567 #712 #734 #795 #849 #1066 #1103 #1359 #1370 #1546 #1565 #1693 #1703 #1793 #1881 #1982 #2175 #2673 

Iterations: 3600 
|-------------|-------------|-------------|-------------|
|-------------------------------------------------------|

Current time: 2024-11-20 14:26:45
MCMC time 13 mins 

USED COMPONENTS: 63 OF 74 

rel. MC standard error: 0.0145 to 0.0478
eff. sample size: 438 to 4750
needed thinning: 2 to 13
Diagnostics time 2.5 secs 

Total number of iterations 3600 - required further 0 

Keeping last 60 samples with thinning 13 

Plotting traces and samples.

Current time: 2024-11-20 14:26:49
MCMC + diagnostics time 13 mins 

Current time: 2024-11-20 14:26:49
Total time 13 mins 
loaded inferno and set parent environment
loaded inferno and set parent environment
loaded inferno and set parent environment
loaded inferno and set parent environment
