Log core 17 - Current time: 2024-11-20 14:07:02
Defining model
Building model
Setting data and initial values
Running calculate on model
  [Note] Any error reports that follow may simply reflect missing values in model variables.
Checking model sizes and dimensions
Compiling
  [Note] This may take a minute.
  [Note] Use 'showCompilerOutput = TRUE' to see C++ compilation details.
===== Monitors =====
thin = 1: Bprob, Rmean, Rvar, W
thin2 = 1: K
===== Samplers =====
conjugate sampler (519)
  - Rmean[]  (148 elements)
  - Rrate[]  (148 elements)
  - Bprob[]  (74 elements)
  - Rvar[]  (148 elements)
  - W[1:74] 
categorical sampler (2701)
  - Alpha
  - K[]  (2700 elements)
===== Monitors =====
thin = 1: Bprob, Rmean, Rvar, W
thin2 = 1: K
===== Samplers =====
slice sampler (2701)
  - Alpha
  - K[]  (2700 elements)
conjugate sampler (519)
  - Rmean[]  (148 elements)
  - Rrate[]  (148 elements)
  - Bprob[]  (74 elements)
  - Rvar[]  (148 elements)
  - W[1:74] 
Compiling
  [Note] This may take a minute.
  [Note] Use 'showCompilerOutput = TRUE' to see C++ compilation details.

Setup time 6.3 mins 

Chain # 17 (chain 1 of 1 for this core)

Datapoints for testing convergence:
 #221 #310 #456 #565 #603 #790 #833 #909 #940 #1314 #1315 #1702 #1705 #1750 #1794 #1881 #2018 #2048 #2316 #2366 

Iterations: 3600 
|-------------|-------------|-------------|-------------|
|-------------------------------------------------------|

Current time: 2024-11-20 14:26:53
MCMC time 14 mins 

USED COMPONENTS: 57 OF 74 

rel. MC standard error: 0.0145 to 0.105
eff. sample size: 90.5 to 4780
needed thinning: 2 to 60
Diagnostics time 1.7 secs 

Total number of iterations 3600 - required further 465 

Chain # 17 - chunk 2 (chain 1 of 1 for this core): increasing by 466 

Iterations: 466 
|-------------|-------------|-------------|-------------|
|-------------------------------------------------------|

Current time: 2024-11-20 14:28:37
MCMC time 15 mins 

USED COMPONENTS: 57 OF 74 

rel. MC standard error: 0.0129 to 0.11
eff. sample size: 82.6 to 5990
needed thinning: 2 to 74
Diagnostics time 0.25 secs 

Total number of iterations 4066 - required further 574 

Chain # 17 - chunk 3 (chain 1 of 1 for this core): increasing by 575 

Iterations: 575 
|-------------|-------------|-------------|-------------|
|-------------------------------------------------------|

Current time: 2024-11-20 14:30:41
MCMC time 17 mins 

USED COMPONENTS: 57 OF 74 

rel. MC standard error: 0.0133 to 0.11
eff. sample size: 83.2 to 5650
needed thinning: 2 to 84
Diagnostics time 0.34 secs 

Total number of iterations 4641 - required further 651 

Chain # 17 - chunk 4 (chain 1 of 1 for this core): increasing by 652 

Iterations: 652 
|-------------|-------------|-------------|-------------|
|-------------------------------------------------------|

Current time: 2024-11-20 14:33:03
MCMC time 20 mins 

USED COMPONENTS: 57 OF 74 

rel. MC standard error: 0.0127 to 0.104
eff. sample size: 91.6 to 6240
needed thinning: 2 to 87
Diagnostics time 0.41 secs 

Total number of iterations 5293 - required further 674 

Chain # 17 - chunk 5 (chain 1 of 1 for this core): increasing by 675 

Iterations: 675 
|-------------|-------------|-------------|-------------|
|-------------------------------------------------------|

Current time: 2024-11-20 14:35:30
MCMC time 22 mins 

USED COMPONENTS: 57 OF 74 

rel. MC standard error: 0.0117 to 0.101
eff. sample size: 97.8 to 7310
needed thinning: 2 to 92
Diagnostics time 1.1 secs 

Total number of iterations 5968 - required further 713 

Chain # 17 - chunk 6 (chain 1 of 1 for this core): increasing by 714 

Iterations: 714 
|-------------|-------------|-------------|-------------|
|-------------------------------------------------------|

Current time: 2024-11-20 14:38:07
MCMC time 25 mins 

USED COMPONENTS: 57 OF 74 

rel. MC standard error: 0.0123 to 0.0968
eff. sample size: 107 to 6650
needed thinning: 2 to 94
Diagnostics time 0.38 secs 

Total number of iterations 6682 - required further 729 

Chain # 17 - chunk 7 (chain 1 of 1 for this core): increasing by 730 

Iterations: 730 
|-------------|-------------|-------------|-------------|
|-------------------------------------------------------|

Current time: 2024-11-20 14:40:45
MCMC time 27 mins 

USED COMPONENTS: 57 OF 74 

rel. MC standard error: 0.0116 to 0.0936
eff. sample size: 114 to 7470
needed thinning: 2 to 98
Diagnostics time 0.37 secs 

Total number of iterations 7412 - required further 760 

Chain # 17 - chunk 8 (chain 1 of 1 for this core): increasing by 761 

Iterations: 761 
|-------------|-------------|-------------|-------------|
|-------------------------------------------------------|

Current time: 2024-11-20 14:43:30
MCMC time 30 mins 

USED COMPONENTS: 57 OF 74 

rel. MC standard error: 0.0103 to 0.0903
eff. sample size: 123 to 9460
needed thinning: 2 to 101
Diagnostics time 0.41 secs 

Total number of iterations 8173 - required further 783 

Chain # 17 - chunk 9 (chain 1 of 1 for this core): increasing by 784 

Iterations: 784 
|-------------|-------------|-------------|-------------|
|-------------------------------------------------------|

Current time: 2024-11-20 14:46:19
MCMC time 33 mins 

USED COMPONENTS: 57 OF 74 

rel. MC standard error: 0.0101 to 0.0868
eff. sample size: 133 to 9860
needed thinning: 2 to 102
Diagnostics time 0.37 secs 

Total number of iterations 8957 - required further 791 

Chain # 17 - chunk 10 (chain 1 of 1 for this core): increasing by 792 

Iterations: 792 
|-------------|-------------|-------------|-------------|
|-------------------------------------------------------|

Current time: 2024-11-20 14:49:10
MCMC time 36 mins 

USED COMPONENTS: 57 OF 74 

rel. MC standard error: 0.00952 to 0.084
eff. sample size: 142 to 11000
needed thinning: 2 to 104
Diagnostics time 0.49 secs 

Total number of iterations 9749 - required further 806 

Chain # 17 - chunk 11 (chain 1 of 1 for this core): increasing by 807 

Iterations: 807 
|-------------|-------------|-------------|-------------|
|-------------------------------------------------------|

Current time: 2024-11-20 14:52:05
MCMC time 39 mins 

USED COMPONENTS: 56 OF 74 

rel. MC standard error: 0.00901 to 0.0816
eff. sample size: 150 to 12300
needed thinning: 2 to 106
Diagnostics time 0.42 secs 

Total number of iterations 10556 - required further 822 

Chain # 17 - chunk 12 (chain 1 of 1 for this core): increasing by 823 

Iterations: 823 
|-------------|-------------|-------------|-------------|
|-------------------------------------------------------|

Current time: 2024-11-20 14:55:02
MCMC time 42 mins 

USED COMPONENTS: 58 OF 74 

rel. MC standard error: 0.00831 to 0.0791
eff. sample size: 160 to 14500
needed thinning: 2 to 107
Diagnostics time 0.42 secs 

Total number of iterations 11379 - required further 829 

Chain # 17 - chunk 13 (chain 1 of 1 for this core): increasing by 830 

Iterations: 830 
|-------------|-------------|-------------|-------------|
|-------------------------------------------------------|

Current time: 2024-11-20 14:58:01
MCMC time 45 mins 

USED COMPONENTS: 57 OF 74 

rel. MC standard error: 0.00869 to 0.077
eff. sample size: 169 to 13200
needed thinning: 2 to 109
Diagnostics time 1.1 secs 

Total number of iterations 12209 - required further 845 

Chain # 17 - chunk 14 (chain 1 of 1 for this core): increasing by 846 

Iterations: 846 
|-------------|-------------|-------------|-------------|
|-------------------------------------------------------|

Current time: 2024-11-20 15:01:05
MCMC time 48 mins 

USED COMPONENTS: 57 OF 74 

rel. MC standard error: 0.00811 to 0.0747
eff. sample size: 179 to 15200
needed thinning: 2 to 110
Diagnostics time 0.44 secs 

Total number of iterations 13055 - required further 853 

Chain # 17 - chunk 15 (chain 1 of 1 for this core): increasing by 854 

Iterations: 854 
|-------------|-------------|-------------|-------------|
|-------------------------------------------------------|

Current time: 2024-11-20 15:04:08
MCMC time 51 mins 

USED COMPONENTS: 57 OF 74 

rel. MC standard error: 0.00781 to 0.0724
eff. sample size: 191 to 16400
needed thinning: 2 to 110
Diagnostics time 0.43 secs 

Total number of iterations 13909 - required further 853 

Chain # 17 - chunk 16 (chain 1 of 1 for this core): increasing by 854 

Iterations: 854 
|-------------|-------------|-------------|-------------|
|-------------------------------------------------------|

Current time: 2024-11-20 15:07:12
MCMC time 54 mins 

USED COMPONENTS: 57 OF 74 

rel. MC standard error: 0.00806 to 0.0707
eff. sample size: 200 to 15400
needed thinning: 2 to 111
Diagnostics time 1.1 secs 

Total number of iterations 14763 - required further 860 

Chain # 17 - chunk 17 (chain 1 of 1 for this core): increasing by 861 

Iterations: 861 
|-------------|-------------|-------------|-------------|
|-------------------------------------------------------|

Current time: 2024-11-20 15:10:18
MCMC time 57 mins 

USED COMPONENTS: 56 OF 74 

rel. MC standard error: 0.00754 to 0.0687
eff. sample size: 212 to 17600
needed thinning: 2 to 111
Diagnostics time 0.42 secs 

Total number of iterations 15624 - required further 860 

Chain # 17 - chunk 18 (chain 1 of 1 for this core): increasing by 861 

Iterations: 861 
|-------------|-------------|-------------|-------------|
|-------------------------------------------------------|

Current time: 2024-11-20 15:13:22
MCMC time 1 hours 

USED COMPONENTS: 55 OF 74 

rel. MC standard error: 0.00758 to 0.0671
eff. sample size: 222 to 17400
needed thinning: 2 to 112
Diagnostics time 0.52 secs 

Total number of iterations 16485 - required further 868 

Chain # 17 - chunk 19 (chain 1 of 1 for this core): increasing by 869 

Iterations: 869 
|-------------|-------------|-------------|-------------|
|-------------------------------------------------------|

Current time: 2024-11-20 15:16:29
MCMC time 1.1 hours 

USED COMPONENTS: 55 OF 74 

rel. MC standard error: 0.00691 to 0.0655
eff. sample size: 233 to 21000
needed thinning: 2 to 112
Diagnostics time 0.41 secs 

Total number of iterations 17354 - required further 868 

Chain # 17 - chunk 20 (chain 1 of 1 for this core): increasing by 869 

Iterations: 869 
|-------------|-------------|-------------|-------------|
|-------------------------------------------------------|

Current time: 2024-11-20 15:19:36
MCMC time 1.1 hours 

USED COMPONENTS: 55 OF 74 

rel. MC standard error: 0.00716 to 0.0642
eff. sample size: 242 to 19500
needed thinning: 2 to 113
Diagnostics time 0.47 secs 

Total number of iterations 18223 - required further 876 

Chain # 17 - chunk 21 (chain 1 of 1 for this core): increasing by 877 

Iterations: 877 
|-------------|-------------|-------------|-------------|
|-------------------------------------------------------|

Current time: 2024-11-20 15:22:44
MCMC time 1.2 hours 

USED COMPONENTS: 55 OF 74 

rel. MC standard error: 0.00721 to 0.0628
eff. sample size: 253 to 19300
needed thinning: 2 to 114
Diagnostics time 1.2 secs 

Total number of iterations 19100 - required further 884 

Chain # 17 - chunk 22 (chain 1 of 1 for this core): increasing by 885 

Iterations: 885 
|-------------|-------------|-------------|-------------|
|-------------------------------------------------------|

Current time: 2024-11-20 15:25:54
MCMC time 1.2 hours 

USED COMPONENTS: 55 OF 74 

rel. MC standard error: 0.00682 to 0.0613
eff. sample size: 266 to 21500
needed thinning: 2 to 113
Diagnostics time 0.45 secs 

Total number of iterations 19985 - required further 876 

Chain # 17 - chunk 23 (chain 1 of 1 for this core): increasing by 877 

Iterations: 877 
|-------------|-------------|-------------|-------------|
|-------------------------------------------------------|

Current time: 2024-11-20 15:29:02
MCMC time 1.3 hours 

USED COMPONENTS: 55 OF 74 

rel. MC standard error: 0.0065 to 0.06
eff. sample size: 277 to 23700
needed thinning: 2 to 113
Diagnostics time 0.54 secs 

Total number of iterations 20862 - required further 876 

Chain # 17 - chunk 24 (chain 1 of 1 for this core): increasing by 877 

Iterations: 877 
|-------------|-------------|-------------|-------------|
|-------------------------------------------------------|

Current time: 2024-11-20 15:32:10
MCMC time 1.3 hours 

USED COMPONENTS: 55 OF 74 

rel. MC standard error: 0.00664 to 0.0588
eff. sample size: 289 to 22700
needed thinning: 2 to 113
Diagnostics time 0.44 secs 

Total number of iterations 21739 - required further 876 

Chain # 17 - chunk 25 (chain 1 of 1 for this core): increasing by 877 

Iterations: 877 
|-------------|-------------|-------------|-------------|
|-------------------------------------------------------|

Current time: 2024-11-20 15:35:17
MCMC time 1.4 hours 

USED COMPONENTS: 55 OF 74 

rel. MC standard error: 0.00636 to 0.0577
eff. sample size: 301 to 24700
needed thinning: 2 to 113
Diagnostics time 0.46 secs 

Total number of iterations 22616 - required further 876 

Chain # 17 - chunk 26 (chain 1 of 1 for this core): increasing by 877 

Iterations: 877 
|-------------|-------------|-------------|-------------|
|-------------------------------------------------------|

Current time: 2024-11-20 15:38:25
MCMC time 1.4 hours 

USED COMPONENTS: 55 OF 74 

rel. MC standard error: 0.00638 to 0.0566
eff. sample size: 312 to 24600
needed thinning: 2 to 113
Diagnostics time 1.1 secs 

Total number of iterations 23493 - required further 876 

Chain # 17 - chunk 27 (chain 1 of 1 for this core): increasing by 877 

Iterations: 877 
|-------------|-------------|-------------|-------------|
|-------------------------------------------------------|

Current time: 2024-11-20 15:41:33
MCMC time 1.5 hours 

USED COMPONENTS: 55 OF 74 

rel. MC standard error: 0.00612 to 0.0554
eff. sample size: 326 to 26700
needed thinning: 2 to 113
Diagnostics time 0.45 secs 

Total number of iterations 24370 - required further 876 

Chain # 17 - chunk 28 (chain 1 of 1 for this core): increasing by 877 

Iterations: 877 
|-------------|-------------|-------------|-------------|
|-------------------------------------------------------|

Current time: 2024-11-20 15:44:40
MCMC time 1.5 hours 

USED COMPONENTS: 56 OF 74 

rel. MC standard error: 0.00597 to 0.0545
eff. sample size: 337 to 28000
needed thinning: 2 to 113
Diagnostics time 0.48 secs 

Total number of iterations 25247 - required further 876 

Chain # 17 - chunk 29 (chain 1 of 1 for this core): increasing by 877 

Iterations: 877 
|-------------|-------------|-------------|-------------|
|-------------------------------------------------------|

Current time: 2024-11-20 15:47:48
MCMC time 1.6 hours 

USED COMPONENTS: 56 OF 74 

rel. MC standard error: 0.00584 to 0.0535
eff. sample size: 349 to 29300
needed thinning: 2 to 113
Diagnostics time 0.44 secs 

Total number of iterations 26124 - required further 876 

Chain # 17 - chunk 30 (chain 1 of 1 for this core): increasing by 877 

Iterations: 877 
|-------------|-------------|-------------|-------------|
|-------------------------------------------------------|

Current time: 2024-11-20 15:50:55
MCMC time 1.6 hours 

USED COMPONENTS: 56 OF 74 

rel. MC standard error: 0.00577 to 0.0527
eff. sample size: 360 to 30000
needed thinning: 2 to 113
Diagnostics time 0.53 secs 

Total number of iterations 27001 - required further 876 

Chain # 17 - chunk 31 (chain 1 of 1 for this core): increasing by 877 

Iterations: 877 
|-------------|-------------|-------------|-------------|
|-------------------------------------------------------|

Current time: 2024-11-20 15:54:01
MCMC time 1.7 hours 

USED COMPONENTS: 56 OF 74 

rel. MC standard error: 0.00592 to 0.0519
eff. sample size: 371 to 28600
needed thinning: 2 to 113
Diagnostics time 0.46 secs 

Total number of iterations 27878 - required further 876 

Chain # 17 - chunk 32 (chain 1 of 1 for this core): increasing by 877 

Iterations: 877 
|-------------|-------------|-------------|-------------|
|-------------------------------------------------------|

Current time: 2024-11-20 15:57:08
MCMC time 1.7 hours 

USED COMPONENTS: 56 OF 74 

rel. MC standard error: 0.00551 to 0.0509
eff. sample size: 387 to 32900
needed thinning: 2 to 112
Diagnostics time 1.1 secs 

Total number of iterations 28755 - required further 868 

Chain # 17 - chunk 33 (chain 1 of 1 for this core): increasing by 869 

Iterations: 869 
|-------------|-------------|-------------|-------------|
|-------------------------------------------------------|

Current time: 2024-11-20 16:00:13
MCMC time 1.8 hours 

USED COMPONENTS: 56 OF 74 

rel. MC standard error: 0.0054 to 0.0502
eff. sample size: 397 to 34300
needed thinning: 2 to 112
Diagnostics time 0.5 secs 

Total number of iterations 29624 - required further 868 

Chain # 17 - chunk 34 (chain 1 of 1 for this core): increasing by 869 

Iterations: 869 
|-------------|-------------|-------------|-------------|
|-------------------------------------------------------|

Current time: 2024-11-20 16:03:18
MCMC time 1.8 hours 

USED COMPONENTS: 56 OF 74 

rel. MC standard error: 0.00561 to 0.0494
eff. sample size: 410 to 31800
needed thinning: 2 to 112
Diagnostics time 0.43 secs 

Total number of iterations 30493 - required further 0 

Keeping last 60 samples with thinning 112 

Plotting traces and samples.

Current time: 2024-11-20 16:03:21
MCMC + diagnostics time 1.8 hours 

Current time: 2024-11-20 16:03:21
Total time 1.8 hours 
loaded inferno and set parent environment
loaded inferno and set parent environment
loaded inferno and set parent environment
loaded inferno and set parent environment
