Log core 12 - Current time: 2024-11-20 14:07:02
Defining model
Building model
Setting data and initial values
Running calculate on model
  [Note] Any error reports that follow may simply reflect missing values in model variables.
Checking model sizes and dimensions
Compiling
  [Note] This may take a minute.
  [Note] Use 'showCompilerOutput = TRUE' to see C++ compilation details.
===== Monitors =====
thin = 1: Bprob, Rmean, Rvar, W
thin2 = 1: K
===== Samplers =====
conjugate sampler (519)
  - Rmean[]  (148 elements)
  - Rrate[]  (148 elements)
  - Bprob[]  (74 elements)
  - Rvar[]  (148 elements)
  - W[1:74] 
categorical sampler (2701)
  - Alpha
  - K[]  (2700 elements)
===== Monitors =====
thin = 1: Bprob, Rmean, Rvar, W
thin2 = 1: K
===== Samplers =====
slice sampler (2701)
  - Alpha
  - K[]  (2700 elements)
conjugate sampler (519)
  - Rmean[]  (148 elements)
  - Rrate[]  (148 elements)
  - Bprob[]  (74 elements)
  - Rvar[]  (148 elements)
  - W[1:74] 
Compiling
  [Note] This may take a minute.
  [Note] Use 'showCompilerOutput = TRUE' to see C++ compilation details.

Setup time 11 mins 

Chain # 12 (chain 1 of 1 for this core)

Datapoints for testing convergence:
 #10 #118 #144 #203 #380 #408 #503 #534 #561 #617 #623 #640 #704 #950 #1491 #1510 #1881 #2529 #2557 #2619 

Iterations: 3600 
|-------------|-------------|-------------|-------------|
|-------------------------------------------------------|

Current time: 2024-11-20 14:34:12
MCMC time 17 mins 

USED COMPONENTS: 59 OF 74 

rel. MC standard error: 0.0165 to 0.0661
eff. sample size: 229 to 3680
needed thinning: 2 to 24
Diagnostics time 2.6 secs 

Total number of iterations 3600 - required further 186 

Chain # 12 - chunk 2 (chain 1 of 1 for this core): increasing by 187 

Iterations: 187 
|-------------|-------------|-------------|-------------|
|-------------------------------------------------------|

Current time: 2024-11-20 14:34:56
MCMC time 17 mins 

USED COMPONENTS: 60 OF 74 

rel. MC standard error: 0.0147 to 0.0682
eff. sample size: 215 to 4620
needed thinning: 2 to 27
Diagnostics time 0.14 secs 

Total number of iterations 3787 - required further 210 

Chain # 12 - chunk 3 (chain 1 of 1 for this core): increasing by 211 

Iterations: 211 
|-------------|-------------|-------------|-------------|
|-------------------------------------------------------|

Current time: 2024-11-20 14:35:42
MCMC time 18 mins 

USED COMPONENTS: 60 OF 74 

rel. MC standard error: 0.0144 to 0.0672
eff. sample size: 222 to 4820
needed thinning: 2 to 28
Diagnostics time 0.28 secs 

Total number of iterations 3998 - required further 217 

Chain # 12 - chunk 4 (chain 1 of 1 for this core): increasing by 218 

Iterations: 218 
|-------------|-------------|-------------|-------------|
|-------------------------------------------------------|

Current time: 2024-11-20 14:36:29
MCMC time 19 mins 

USED COMPONENTS: 60 OF 74 

rel. MC standard error: 0.0148 to 0.0657
eff. sample size: 231 to 4540
needed thinning: 2 to 28
Diagnostics time 0.14 secs 

Total number of iterations 4216 - required further 217 

Chain # 12 - chunk 5 (chain 1 of 1 for this core): increasing by 218 

Iterations: 218 
|-------------|-------------|-------------|-------------|
|-------------------------------------------------------|

Current time: 2024-11-20 14:37:33
MCMC time 20 mins 

USED COMPONENTS: 60 OF 74 

rel. MC standard error: 0.0157 to 0.0635
eff. sample size: 248 to 4060
needed thinning: 2 to 27
Diagnostics time 0.23 secs 

Total number of iterations 4434 - required further 210 

Chain # 12 - chunk 6 (chain 1 of 1 for this core): increasing by 211 

Iterations: 211 
|-------------|-------------|-------------|-------------|
|-------------------------------------------------------|

Current time: 2024-11-20 14:38:18
MCMC time 21 mins 

USED COMPONENTS: 60 OF 74 

rel. MC standard error: 0.0146 to 0.062
eff. sample size: 260 to 4710
needed thinning: 2 to 27
Diagnostics time 0.16 secs 

Total number of iterations 4645 - required further 210 

Chain # 12 - chunk 7 (chain 1 of 1 for this core): increasing by 211 

Iterations: 211 
|-------------|-------------|-------------|-------------|
|-------------------------------------------------------|

Current time: 2024-11-20 14:39:07
MCMC time 22 mins 

USED COMPONENTS: 60 OF 74 

rel. MC standard error: 0.0138 to 0.0601
eff. sample size: 276 to 5280
needed thinning: 2 to 27
Diagnostics time 0.26 secs 

Total number of iterations 4856 - required further 210 

Chain # 12 - chunk 8 (chain 1 of 1 for this core): increasing by 211 

Iterations: 211 
|-------------|-------------|-------------|-------------|
|-------------------------------------------------------|

Current time: 2024-11-20 14:39:56
MCMC time 22 mins 

USED COMPONENTS: 59 OF 74 

rel. MC standard error: 0.0126 to 0.0585
eff. sample size: 292 to 6320
needed thinning: 2 to 27
Diagnostics time 0.13 secs 

Total number of iterations 5067 - required further 210 

Chain # 12 - chunk 9 (chain 1 of 1 for this core): increasing by 211 

Iterations: 211 
|-------------|-------------|-------------|-------------|
|-------------------------------------------------------|

Current time: 2024-11-20 14:40:41
MCMC time 23 mins 

USED COMPONENTS: 59 OF 74 

rel. MC standard error: 0.0132 to 0.0566
eff. sample size: 312 to 5740
needed thinning: 2 to 26
Diagnostics time 0.14 secs 

Total number of iterations 5278 - required further 202 

Chain # 12 - chunk 10 (chain 1 of 1 for this core): increasing by 203 

Iterations: 203 
|-------------|-------------|-------------|-------------|
|-------------------------------------------------------|

Current time: 2024-11-20 14:41:24
MCMC time 24 mins 

USED COMPONENTS: 59 OF 74 

rel. MC standard error: 0.0122 to 0.0563
eff. sample size: 315 to 6740
needed thinning: 2 to 27
Diagnostics time 0.13 secs 

Total number of iterations 5481 - required further 210 

Chain # 12 - chunk 11 (chain 1 of 1 for this core): increasing by 211 

Iterations: 211 
|-------------|-------------|-------------|-------------|
|-------------------------------------------------------|

Current time: 2024-11-20 14:42:09
MCMC time 25 mins 

USED COMPONENTS: 59 OF 74 

rel. MC standard error: 0.0139 to 0.0554
eff. sample size: 325 to 5180
needed thinning: 2 to 27
Diagnostics time 0.27 secs 

Total number of iterations 5692 - required further 210 

Chain # 12 - chunk 12 (chain 1 of 1 for this core): increasing by 211 

Iterations: 211 
|-------------|-------------|-------------|-------------|
|-------------------------------------------------------|

Current time: 2024-11-20 14:42:54
MCMC time 25 mins 

USED COMPONENTS: 59 OF 74 

rel. MC standard error: 0.0135 to 0.0538
eff. sample size: 346 to 5500
needed thinning: 2 to 26
Diagnostics time 0.13 secs 

Total number of iterations 5903 - required further 202 

Chain # 12 - chunk 13 (chain 1 of 1 for this core): increasing by 203 

Iterations: 203 
|-------------|-------------|-------------|-------------|
|-------------------------------------------------------|

Current time: 2024-11-20 14:43:37
MCMC time 26 mins 

USED COMPONENTS: 59 OF 74 

rel. MC standard error: 0.0122 to 0.0532
eff. sample size: 354 to 6670
needed thinning: 2 to 26
Diagnostics time 0.17 secs 

Total number of iterations 6106 - required further 202 

Chain # 12 - chunk 14 (chain 1 of 1 for this core): increasing by 203 

Iterations: 203 
|-------------|-------------|-------------|-------------|
|-------------------------------------------------------|

Current time: 2024-11-20 14:44:20
MCMC time 27 mins 

USED COMPONENTS: 59 OF 74 

rel. MC standard error: 0.0123 to 0.053
eff. sample size: 356 to 6650
needed thinning: 2 to 27
Diagnostics time 0.12 secs 

Total number of iterations 6309 - required further 210 

Chain # 12 - chunk 15 (chain 1 of 1 for this core): increasing by 211 

Iterations: 211 
|-------------|-------------|-------------|-------------|
|-------------------------------------------------------|

Current time: 2024-11-20 14:45:05
MCMC time 28 mins 

USED COMPONENTS: 59 OF 74 

rel. MC standard error: 0.0117 to 0.054
eff. sample size: 343 to 7320
needed thinning: 2 to 29
Diagnostics time 0.19 secs 

Total number of iterations 6520 - required further 225 

Chain # 12 - chunk 16 (chain 1 of 1 for this core): increasing by 226 

Iterations: 226 
|-------------|-------------|-------------|-------------|
|-------------------------------------------------------|

Current time: 2024-11-20 14:45:53
MCMC time 28 mins 

USED COMPONENTS: 59 OF 74 

rel. MC standard error: 0.0125 to 0.0532
eff. sample size: 353 to 6430
needed thinning: 2 to 29
Diagnostics time 0.14 secs 

Total number of iterations 6746 - required further 225 

Chain # 12 - chunk 17 (chain 1 of 1 for this core): increasing by 226 

Iterations: 226 
|-------------|-------------|-------------|-------------|
|-------------------------------------------------------|

Current time: 2024-11-20 14:46:42
MCMC time 29 mins 

USED COMPONENTS: 59 OF 74 

rel. MC standard error: 0.012 to 0.0516
eff. sample size: 376 to 7000
needed thinning: 2 to 28
Diagnostics time 0.19 secs 

Total number of iterations 6972 - required further 217 

Chain # 12 - chunk 18 (chain 1 of 1 for this core): increasing by 218 

Iterations: 218 
|-------------|-------------|-------------|-------------|
|-------------------------------------------------------|

Current time: 2024-11-20 14:47:28
MCMC time 30 mins 

USED COMPONENTS: 59 OF 74 

rel. MC standard error: 0.0114 to 0.051
eff. sample size: 384 to 7730
needed thinning: 2 to 29
Diagnostics time 0.13 secs 

Total number of iterations 7190 - required further 225 

Chain # 12 - chunk 19 (chain 1 of 1 for this core): increasing by 226 

Iterations: 226 
|-------------|-------------|-------------|-------------|
|-------------------------------------------------------|

Current time: 2024-11-20 14:48:16
MCMC time 31 mins 

USED COMPONENTS: 60 OF 74 

rel. MC standard error: 0.0121 to 0.0524
eff. sample size: 364 to 6820
needed thinning: 2 to 31
Diagnostics time 0.18 secs 

Total number of iterations 7416 - required further 241 

Chain # 12 - chunk 20 (chain 1 of 1 for this core): increasing by 242 

Iterations: 242 
|-------------|-------------|-------------|-------------|
|-------------------------------------------------------|

Current time: 2024-11-20 14:49:08
MCMC time 32 mins 

USED COMPONENTS: 59 OF 74 

rel. MC standard error: 0.0107 to 0.0522
eff. sample size: 368 to 8760
needed thinning: 2 to 32
Diagnostics time 0.14 secs 

Total number of iterations 7658 - required further 248 

Chain # 12 - chunk 21 (chain 1 of 1 for this core): increasing by 249 

Iterations: 249 
|-------------|-------------|-------------|-------------|
|-------------------------------------------------------|

Current time: 2024-11-20 14:50:01
MCMC time 32 mins 

USED COMPONENTS: 59 OF 74 

rel. MC standard error: 0.0123 to 0.052
eff. sample size: 369 to 6570
needed thinning: 2 to 33
Diagnostics time 0.19 secs 

Total number of iterations 7907 - required further 256 

Chain # 12 - chunk 22 (chain 1 of 1 for this core): increasing by 257 

Iterations: 257 
|-------------|-------------|-------------|-------------|
|-------------------------------------------------------|

Current time: 2024-11-20 14:50:55
MCMC time 33 mins 

USED COMPONENTS: 59 OF 74 

rel. MC standard error: 0.011 to 0.053
eff. sample size: 356 to 8240
needed thinning: 2 to 35
Diagnostics time 0.15 secs 

Total number of iterations 8164 - required further 272 

Chain # 12 - chunk 23 (chain 1 of 1 for this core): increasing by 273 

Iterations: 273 
|-------------|-------------|-------------|-------------|
|-------------------------------------------------------|

Current time: 2024-11-20 14:51:54
MCMC time 34 mins 

USED COMPONENTS: 59 OF 74 

rel. MC standard error: 0.0111 to 0.0524
eff. sample size: 365 to 8180
needed thinning: 2 to 35
Diagnostics time 0.16 secs 

Total number of iterations 8437 - required further 272 

Chain # 12 - chunk 24 (chain 1 of 1 for this core): increasing by 273 

Iterations: 273 
|-------------|-------------|-------------|-------------|
|-------------------------------------------------------|

Current time: 2024-11-20 14:52:52
MCMC time 35 mins 

USED COMPONENTS: 59 OF 74 

rel. MC standard error: 0.0107 to 0.0517
eff. sample size: 374 to 8770
needed thinning: 2 to 35
Diagnostics time 0.2 secs 

Total number of iterations 8710 - required further 272 

Chain # 12 - chunk 25 (chain 1 of 1 for this core): increasing by 273 

Iterations: 273 
|-------------|-------------|-------------|-------------|
|-------------------------------------------------------|

Current time: 2024-11-20 14:53:50
MCMC time 36 mins 

USED COMPONENTS: 60 OF 74 

rel. MC standard error: 0.0107 to 0.0508
eff. sample size: 388 to 8750
needed thinning: 2 to 35
Diagnostics time 0.2 secs 

Total number of iterations 8983 - required further 272 

Chain # 12 - chunk 26 (chain 1 of 1 for this core): increasing by 273 

Iterations: 273 
|-------------|-------------|-------------|-------------|
|-------------------------------------------------------|

Current time: 2024-11-20 14:54:47
MCMC time 37 mins 

USED COMPONENTS: 60 OF 74 

rel. MC standard error: 0.00998 to 0.0504
eff. sample size: 394 to 10000
needed thinning: 2 to 36
Diagnostics time 0.19 secs 

Total number of iterations 9256 - required further 279 

Chain # 12 - chunk 27 (chain 1 of 1 for this core): increasing by 280 

Iterations: 280 
|-------------|-------------|-------------|-------------|
|-------------------------------------------------------|

Current time: 2024-11-20 14:55:43
MCMC time 38 mins 

USED COMPONENTS: 60 OF 74 

rel. MC standard error: 0.0102 to 0.0494
eff. sample size: 410 to 9550
needed thinning: 2 to 35
Diagnostics time 0.18 secs 

Total number of iterations 9536 - required further 0 

Keeping last 60 samples with thinning 35 

Plotting traces and samples.

Current time: 2024-11-20 14:55:44
MCMC + diagnostics time 38 mins 

Current time: 2024-11-20 14:55:44
Total time 38 mins 
loaded inferno and set parent environment
loaded inferno and set parent environment
loaded inferno and set parent environment
loaded inferno and set parent environment
