Log core 7 - Current time: 2024-11-20 14:07:02
Defining model
Building model
Setting data and initial values
Running calculate on model
  [Note] Any error reports that follow may simply reflect missing values in model variables.
Checking model sizes and dimensions
Compiling
  [Note] This may take a minute.
  [Note] Use 'showCompilerOutput = TRUE' to see C++ compilation details.
===== Monitors =====
thin = 1: Bprob, Rmean, Rvar, W
thin2 = 1: K
===== Samplers =====
conjugate sampler (519)
  - Rmean[]  (148 elements)
  - Rrate[]  (148 elements)
  - Bprob[]  (74 elements)
  - Rvar[]  (148 elements)
  - W[1:74] 
categorical sampler (2701)
  - Alpha
  - K[]  (2700 elements)
===== Monitors =====
thin = 1: Bprob, Rmean, Rvar, W
thin2 = 1: K
===== Samplers =====
slice sampler (2701)
  - Alpha
  - K[]  (2700 elements)
conjugate sampler (519)
  - Rmean[]  (148 elements)
  - Rrate[]  (148 elements)
  - Bprob[]  (74 elements)
  - Rvar[]  (148 elements)
  - W[1:74] 
Compiling
  [Note] This may take a minute.
  [Note] Use 'showCompilerOutput = TRUE' to see C++ compilation details.

Setup time 11 mins 

Chain # 7 (chain 1 of 1 for this core)

Datapoints for testing convergence:
 #32 #98 #112 #412 #496 #679 #809 #981 #1255 #1292 #1387 #1499 #1524 #1538 #1663 #2012 #2128 #2447 #2539 #2549 

Iterations: 3600 
|-------------|-------------|-------------|-------------|
|-------------------------------------------------------|

Current time: 2024-11-20 14:38:55
MCMC time 21 mins 

USED COMPONENTS: 56 OF 74 

rel. MC standard error: 0.0157 to 0.0961
eff. sample size: 108 to 4040
needed thinning: 2 to 50
Diagnostics time 2.2 secs 

Total number of iterations 3600 - required further 388 

Chain # 7 - chunk 2 (chain 1 of 1 for this core): increasing by 389 

Iterations: 389 
|-------------|-------------|-------------|-------------|
|-------------------------------------------------------|

Current time: 2024-11-20 14:40:25
MCMC time 23 mins 

USED COMPONENTS: 56 OF 74 

rel. MC standard error: 0.0158 to 0.0937
eff. sample size: 114 to 4010
needed thinning: 2 to 53
Diagnostics time 0.25 secs 

Total number of iterations 3989 - required further 411 

Chain # 7 - chunk 3 (chain 1 of 1 for this core): increasing by 412 

Iterations: 412 
|-------------|-------------|-------------|-------------|
|-------------------------------------------------------|

Current time: 2024-11-20 14:41:55
MCMC time 24 mins 

USED COMPONENTS: 57 OF 74 

rel. MC standard error: 0.014 to 0.0893
eff. sample size: 125 to 5070
needed thinning: 2 to 53
Diagnostics time 0.21 secs 

Total number of iterations 4401 - required further 411 

Chain # 7 - chunk 4 (chain 1 of 1 for this core): increasing by 412 

Iterations: 412 
|-------------|-------------|-------------|-------------|
|-------------------------------------------------------|

Current time: 2024-11-20 14:43:24
MCMC time 26 mins 

USED COMPONENTS: 57 OF 74 

rel. MC standard error: 0.014 to 0.0858
eff. sample size: 136 to 5120
needed thinning: 2 to 54
Diagnostics time 0.21 secs 

Total number of iterations 4813 - required further 419 

Chain # 7 - chunk 5 (chain 1 of 1 for this core): increasing by 420 

Iterations: 420 
|-------------|-------------|-------------|-------------|
|-------------------------------------------------------|

Current time: 2024-11-20 14:44:55
MCMC time 27 mins 

USED COMPONENTS: 57 OF 74 

rel. MC standard error: 0.0132 to 0.0841
eff. sample size: 142 to 5750
needed thinning: 2 to 56
Diagnostics time 0.25 secs 

Total number of iterations 5233 - required further 434 

Chain # 7 - chunk 6 (chain 1 of 1 for this core): increasing by 435 

Iterations: 435 
|-------------|-------------|-------------|-------------|
|-------------------------------------------------------|

Current time: 2024-11-20 14:46:29
MCMC time 29 mins 

USED COMPONENTS: 58 OF 74 

rel. MC standard error: 0.012 to 0.0891
eff. sample size: 126 to 6960
needed thinning: 2 to 68
Diagnostics time 0.26 secs 

Total number of iterations 5668 - required further 527 

Chain # 7 - chunk 7 (chain 1 of 1 for this core): increasing by 528 

Iterations: 528 
|-------------|-------------|-------------|-------------|
|-------------------------------------------------------|

Current time: 2024-11-20 14:48:23
MCMC time 31 mins 

USED COMPONENTS: 57 OF 74 

rel. MC standard error: 0.0126 to 0.0919
eff. sample size: 118 to 6320
needed thinning: 2 to 79
Diagnostics time 0.31 secs 

Total number of iterations 6196 - required further 612 

Chain # 7 - chunk 8 (chain 1 of 1 for this core): increasing by 613 

Iterations: 613 
|-------------|-------------|-------------|-------------|
|-------------------------------------------------------|

Current time: 2024-11-20 14:50:35
MCMC time 33 mins 

USED COMPONENTS: 58 OF 74 

rel. MC standard error: 0.0118 to 0.0885
eff. sample size: 128 to 7180
needed thinning: 2 to 80
Diagnostics time 0.3 secs 

Total number of iterations 6809 - required further 620 

Chain # 7 - chunk 9 (chain 1 of 1 for this core): increasing by 621 

Iterations: 621 
|-------------|-------------|-------------|-------------|
|-------------------------------------------------------|

Current time: 2024-11-20 14:52:49
MCMC time 35 mins 

USED COMPONENTS: 57 OF 74 

rel. MC standard error: 0.0112 to 0.0864
eff. sample size: 134 to 8020
needed thinning: 2 to 84
Diagnostics time 0.32 secs 

Total number of iterations 7430 - required further 651 

Chain # 7 - chunk 10 (chain 1 of 1 for this core): increasing by 652 

Iterations: 652 
|-------------|-------------|-------------|-------------|
|-------------------------------------------------------|

Current time: 2024-11-20 14:55:10
MCMC time 38 mins 

USED COMPONENTS: 57 OF 74 

rel. MC standard error: 0.00959 to 0.0847
eff. sample size: 139 to 10900
needed thinning: 2 to 88
Diagnostics time 0.42 secs 

Total number of iterations 8082 - required further 682 

Chain # 7 - chunk 11 (chain 1 of 1 for this core): increasing by 683 

Iterations: 683 
|-------------|-------------|-------------|-------------|
|-------------------------------------------------------|

Current time: 2024-11-20 14:57:39
MCMC time 40 mins 

USED COMPONENTS: 57 OF 74 

rel. MC standard error: 0.01 to 0.0825
eff. sample size: 147 to 9920
needed thinning: 2 to 90
Diagnostics time 0.35 secs 

Total number of iterations 8765 - required further 698 

Chain # 7 - chunk 12 (chain 1 of 1 for this core): increasing by 699 

Iterations: 699 
|-------------|-------------|-------------|-------------|
|-------------------------------------------------------|

Current time: 2024-11-20 15:00:11
MCMC time 43 mins 

USED COMPONENTS: 57 OF 74 

rel. MC standard error: 0.00935 to 0.0805
eff. sample size: 154 to 11400
needed thinning: 2 to 93
Diagnostics time 0.37 secs 

Total number of iterations 9464 - required further 721 

Chain # 7 - chunk 13 (chain 1 of 1 for this core): increasing by 722 

Iterations: 722 
|-------------|-------------|-------------|-------------|
|-------------------------------------------------------|

Current time: 2024-11-20 15:02:46
MCMC time 45 mins 

USED COMPONENTS: 57 OF 74 

rel. MC standard error: 0.00962 to 0.0785
eff. sample size: 162 to 10800
needed thinning: 2 to 95
Diagnostics time 0.38 secs 

Total number of iterations 10186 - required further 736 

Chain # 7 - chunk 14 (chain 1 of 1 for this core): increasing by 737 

Iterations: 737 
|-------------|-------------|-------------|-------------|
|-------------------------------------------------------|

Current time: 2024-11-20 15:05:26
MCMC time 48 mins 

USED COMPONENTS: 58 OF 74 

rel. MC standard error: 0.00901 to 0.0767
eff. sample size: 170 to 12300
needed thinning: 2 to 97
Diagnostics time 0.47 secs 

Total number of iterations 10923 - required further 752 

Chain # 7 - chunk 15 (chain 1 of 1 for this core): increasing by 753 

Iterations: 753 
|-------------|-------------|-------------|-------------|
|-------------------------------------------------------|

Current time: 2024-11-20 15:08:17
MCMC time 51 mins 

USED COMPONENTS: 58 OF 74 

rel. MC standard error: 0.00905 to 0.0803
eff. sample size: 155 to 12200
needed thinning: 2 to 113
Diagnostics time 1.1 secs 

Total number of iterations 11676 - required further 876 

Chain # 7 - chunk 16 (chain 1 of 1 for this core): increasing by 877 

Iterations: 877 
|-------------|-------------|-------------|-------------|
|-------------------------------------------------------|

Current time: 2024-11-20 15:11:34
MCMC time 54 mins 

USED COMPONENTS: 58 OF 74 

rel. MC standard error: 0.00845 to 0.0813
eff. sample size: 151 to 14000
needed thinning: 2 to 125
Diagnostics time 0.43 secs 

Total number of iterations 12553 - required further 969 

Chain # 7 - chunk 17 (chain 1 of 1 for this core): increasing by 970 

Iterations: 970 
|-------------|-------------|-------------|-------------|
|-------------------------------------------------------|

Current time: 2024-11-20 15:15:11
MCMC time 58 mins 

USED COMPONENTS: 57 OF 74 

rel. MC standard error: 0.00829 to 0.079
eff. sample size: 160 to 14500
needed thinning: 2 to 127
Diagnostics time 0.5 secs 

Total number of iterations 13523 - required further 984 

Chain # 7 - chunk 18 (chain 1 of 1 for this core): increasing by 985 

Iterations: 985 
|-------------|-------------|-------------|-------------|
|-------------------------------------------------------|

Current time: 2024-11-20 15:18:48
MCMC time 1 hours 

USED COMPONENTS: 57 OF 74 

rel. MC standard error: 0.00756 to 0.0774
eff. sample size: 167 to 17500
needed thinning: 2 to 131
Diagnostics time 1.1 secs 

Total number of iterations 14508 - required further 1015 

Chain # 7 - chunk 19 (chain 1 of 1 for this core): increasing by 1016 

Iterations: 1016 
|-------------|-------------|-------------|-------------|
|-------------------------------------------------------|

Current time: 2024-11-20 15:22:28
MCMC time 1.1 hours 

USED COMPONENTS: 58 OF 74 

rel. MC standard error: 0.00814 to 0.0759
eff. sample size: 174 to 15100
needed thinning: 2 to 135
Diagnostics time 0.57 secs 

Total number of iterations 15524 - required further 1046 

Chain # 7 - chunk 20 (chain 1 of 1 for this core): increasing by 1047 

Iterations: 1047 
|-------------|-------------|-------------|-------------|
|-------------------------------------------------------|

Current time: 2024-11-20 15:26:14
MCMC time 1.1 hours 

USED COMPONENTS: 57 OF 74 

rel. MC standard error: 0.00748 to 0.0739
eff. sample size: 183 to 17900
needed thinning: 2 to 136
Diagnostics time 0.52 secs 

Total number of iterations 16571 - required further 1054 

Chain # 7 - chunk 21 (chain 1 of 1 for this core): increasing by 1055 

Iterations: 1055 
|-------------|-------------|-------------|-------------|
|-------------------------------------------------------|

Current time: 2024-11-20 15:30:08
MCMC time 1.2 hours 

USED COMPONENTS: 56 OF 74 

rel. MC standard error: 0.00693 to 0.0723
eff. sample size: 191 to 20800
needed thinning: 2 to 139
Diagnostics time 1.2 secs 

Total number of iterations 17626 - required further 1077 

Chain # 7 - chunk 22 (chain 1 of 1 for this core): increasing by 1078 

Iterations: 1078 
|-------------|-------------|-------------|-------------|
|-------------------------------------------------------|

Current time: 2024-11-20 15:34:10
MCMC time 1.3 hours 

USED COMPONENTS: 55 OF 74 

rel. MC standard error: 0.00697 to 0.0707
eff. sample size: 200 to 20600
needed thinning: 2 to 141
Diagnostics time 0.55 secs 

Total number of iterations 18704 - required further 1093 

Chain # 7 - chunk 23 (chain 1 of 1 for this core): increasing by 1094 

Iterations: 1094 
|-------------|-------------|-------------|-------------|
|-------------------------------------------------------|

Current time: 2024-11-20 15:38:13
MCMC time 1.3 hours 

USED COMPONENTS: 56 OF 74 

rel. MC standard error: 0.00668 to 0.0697
eff. sample size: 206 to 22400
needed thinning: 2 to 145
Diagnostics time 0.66 secs 

Total number of iterations 19798 - required further 1124 

Chain # 7 - chunk 24 (chain 1 of 1 for this core): increasing by 1125 

Iterations: 1125 
|-------------|-------------|-------------|-------------|
|-------------------------------------------------------|

Current time: 2024-11-20 15:42:20
MCMC time 1.4 hours 

USED COMPONENTS: 56 OF 74 

rel. MC standard error: 0.0064 to 0.0678
eff. sample size: 217 to 24400
needed thinning: 2 to 145
Diagnostics time 1.6 secs 

Total number of iterations 20923 - required further 1124 

Chain # 7 - chunk 25 (chain 1 of 1 for this core): increasing by 1125 

Iterations: 1125 
|-------------|-------------|-------------|-------------|
|-------------------------------------------------------|

Current time: 2024-11-20 15:46:21
MCMC time 1.5 hours 

USED COMPONENTS: 55 OF 74 

rel. MC standard error: 0.00639 to 0.0674
eff. sample size: 220 to 24500
needed thinning: 2 to 151
Diagnostics time 0.62 secs 

Total number of iterations 22048 - required further 1170 

Chain # 7 - chunk 26 (chain 1 of 1 for this core): increasing by 1171 

Iterations: 1171 
|-------------|-------------|-------------|-------------|
|-------------------------------------------------------|

Current time: 2024-11-20 15:50:40
MCMC time 1.6 hours 

USED COMPONENTS: 55 OF 74 

rel. MC standard error: 0.00617 to 0.0672
eff. sample size: 221 to 26200
needed thinning: 2 to 158
Diagnostics time 1.6 secs 

Total number of iterations 23219 - required further 1224 

Chain # 7 - chunk 27 (chain 1 of 1 for this core): increasing by 1225 

Iterations: 1225 
|-------------|-------------|-------------|-------------|
|-------------------------------------------------------|

Current time: 2024-11-20 15:55:12
MCMC time 1.6 hours 

USED COMPONENTS: 55 OF 74 

rel. MC standard error: 0.00598 to 0.0652
eff. sample size: 235 to 28000
needed thinning: 2 to 156
Diagnostics time 0.73 secs 

Total number of iterations 24444 - required further 1209 

Chain # 7 - chunk 28 (chain 1 of 1 for this core): increasing by 1210 

Iterations: 1210 
|-------------|-------------|-------------|-------------|
|-------------------------------------------------------|

Current time: 2024-11-20 15:59:28
MCMC time 1.7 hours 

USED COMPONENTS: 55 OF 74 

rel. MC standard error: 0.00574 to 0.0645
eff. sample size: 240 to 30400
needed thinning: 2 to 161
Diagnostics time 1.5 secs 

Total number of iterations 25654 - required further 1248 

Chain # 7 - chunk 29 (chain 1 of 1 for this core): increasing by 1249 

Iterations: 1249 
|-------------|-------------|-------------|-------------|
|-------------------------------------------------------|

Current time: 2024-11-20 16:03:53
MCMC time 1.8 hours 

USED COMPONENTS: 55 OF 74 

rel. MC standard error: 0.00587 to 0.0633
eff. sample size: 250 to 29000
needed thinning: 2 to 162
Diagnostics time 0.6 secs 

Total number of iterations 26903 - required further 1255 

Chain # 7 - chunk 30 (chain 1 of 1 for this core): increasing by 1256 

Iterations: 1256 
|-------------|-------------|-------------|-------------|
|-------------------------------------------------------|

Current time: 2024-11-20 16:08:18
MCMC time 1.8 hours 

USED COMPONENTS: 55 OF 74 

rel. MC standard error: 0.00578 to 0.0617
eff. sample size: 263 to 29900
needed thinning: 2 to 161
Diagnostics time 0.58 secs 

Total number of iterations 28159 - required further 1248 

Chain # 7 - chunk 31 (chain 1 of 1 for this core): increasing by 1249 

Iterations: 1249 
|-------------|-------------|-------------|-------------|
|-------------------------------------------------------|

Current time: 2024-11-20 16:12:42
MCMC time 1.9 hours 

USED COMPONENTS: 55 OF 74 

rel. MC standard error: 0.00564 to 0.0618
eff. sample size: 262 to 31500
needed thinning: 2 to 169
Diagnostics time 0.57 secs 

Total number of iterations 29408 - required further 1310 

Chain # 7 - chunk 32 (chain 1 of 1 for this core): increasing by 1311 

Iterations: 1311 
|-------------|-------------|-------------|-------------|
|-------------------------------------------------------|

Current time: 2024-11-20 16:17:20
MCMC time 2 hours 

USED COMPONENTS: 57 OF 74 

rel. MC standard error: 0.00527 to 0.061
eff. sample size: 269 to 36000
needed thinning: 2 to 172
Diagnostics time 1.4 secs 

Total number of iterations 30719 - required further 1333 

Chain # 7 - chunk 33 (chain 1 of 1 for this core): increasing by 1334 

Iterations: 1334 
|-------------|-------------|-------------|-------------|
|-------------------------------------------------------|

Current time: 2024-11-20 16:22:02
MCMC time 2.1 hours 

USED COMPONENTS: 56 OF 74 

rel. MC standard error: 0.00518 to 0.0599
eff. sample size: 279 to 37300
needed thinning: 2 to 173
Diagnostics time 1.2 secs 

Total number of iterations 32053 - required further 1341 

Chain # 7 - chunk 34 (chain 1 of 1 for this core): increasing by 1342 

Iterations: 1342 
|-------------|-------------|-------------|-------------|
|-------------------------------------------------------|

Current time: 2024-11-20 16:26:47
MCMC time 2.2 hours 

USED COMPONENTS: 55 OF 74 

rel. MC standard error: 0.00538 to 0.059
eff. sample size: 287 to 34500
needed thinning: 2 to 175
Diagnostics time 0.72 secs 

Total number of iterations 33395 - required further 1356 

Chain # 7 - chunk 35 (chain 1 of 1 for this core): increasing by 1357 

Iterations: 1357 
|-------------|-------------|-------------|-------------|
|-------------------------------------------------------|

Current time: 2024-11-20 16:31:34
MCMC time 2.2 hours 

USED COMPONENTS: 55 OF 74 

rel. MC standard error: 0.00545 to 0.0586
eff. sample size: 291 to 33600
needed thinning: 2 to 179
Diagnostics time 1.2 secs 

Total number of iterations 34752 - required further 1387 

Chain # 7 - chunk 36 (chain 1 of 1 for this core): increasing by 1388 

Iterations: 1388 
|-------------|-------------|-------------|-------------|
|-------------------------------------------------------|

Current time: 2024-11-20 16:36:28
MCMC time 2.3 hours 

USED COMPONENTS: 55 OF 74 

rel. MC standard error: 0.00528 to 0.0585
eff. sample size: 292 to 35900
needed thinning: 2 to 186
Diagnostics time 0.7 secs 

Total number of iterations 36140 - required further 1441 

Chain # 7 - chunk 37 (chain 1 of 1 for this core): increasing by 1442 

Iterations: 1442 
|-------------|-------------|-------------|-------------|
|-------------------------------------------------------|

Current time: 2024-11-20 16:41:33
MCMC time 2.4 hours 

USED COMPONENTS: 54 OF 74 

rel. MC standard error: 0.00503 to 0.0569
eff. sample size: 309 to 39600
needed thinning: 2 to 183
Diagnostics time 1.2 secs 

Total number of iterations 37582 - required further 1418 

Chain # 7 - chunk 38 (chain 1 of 1 for this core): increasing by 1419 

Iterations: 1419 
|-------------|-------------|-------------|-------------|
|-------------------------------------------------------|

Current time: 2024-11-20 16:46:33
MCMC time 2.5 hours 

USED COMPONENTS: 54 OF 74 

rel. MC standard error: 0.00494 to 0.0573
eff. sample size: 304 to 40900
needed thinning: 2 to 193
Diagnostics time 1.2 secs 

Total number of iterations 39001 - required further 1495 

Chain # 7 - chunk 39 (chain 1 of 1 for this core): increasing by 1496 

Iterations: 1496 
|-------------|-------------|-------------|-------------|
|-------------------------------------------------------|

Current time: 2024-11-20 16:51:50
MCMC time 2.6 hours 

USED COMPONENTS: 56 OF 74 

rel. MC standard error: 0.00471 to 0.0557
eff. sample size: 322 to 45100
needed thinning: 2 to 189
Diagnostics time 0.8 secs 

Total number of iterations 40497 - required further 1464 

Chain # 7 - chunk 40 (chain 1 of 1 for this core): increasing by 1465 

Iterations: 1465 
|-------------|-------------|-------------|-------------|
|-------------------------------------------------------|

Current time: 2024-11-20 16:57:00
MCMC time 2.7 hours 

USED COMPONENTS: 57 OF 74 

rel. MC standard error: 0.00485 to 0.0547
eff. sample size: 334 to 42500
needed thinning: 2 to 189
Diagnostics time 0.69 secs 

Total number of iterations 41962 - required further 1464 

Chain # 7 - chunk 41 (chain 1 of 1 for this core): increasing by 1465 

Iterations: 1465 
|-------------|-------------|-------------|-------------|
|-------------------------------------------------------|

Current time: 2024-11-20 17:02:10
MCMC time 2.7 hours 

USED COMPONENTS: 56 OF 74 

rel. MC standard error: 0.00487 to 0.0555
eff. sample size: 325 to 42200
needed thinning: 2 to 201
Diagnostics time 0.73 secs 

Total number of iterations 43427 - required further 1557 

Chain # 7 - chunk 42 (chain 1 of 1 for this core): increasing by 1558 

Iterations: 1558 
|-------------|-------------|-------------|-------------|
|-------------------------------------------------------|

Current time: 2024-11-20 17:07:40
MCMC time 2.8 hours 

USED COMPONENTS: 55 OF 74 

rel. MC standard error: 0.00483 to 0.0547
eff. sample size: 334 to 42900
needed thinning: 2 to 203
Diagnostics time 0.72 secs 

Total number of iterations 44985 - required further 1573 

Chain # 7 - chunk 43 (chain 1 of 1 for this core): increasing by 1574 

Iterations: 1574 
|-------------|-------------|-------------|-------------|
|-------------------------------------------------------|

Current time: 2024-11-20 17:13:13
MCMC time 2.9 hours 

USED COMPONENTS: 54 OF 74 

rel. MC standard error: 0.00443 to 0.0544
eff. sample size: 338 to 51000
needed thinning: 2 to 207
Diagnostics time 0.75 secs 

Total number of iterations 46559 - required further 1604 

Chain # 7 - chunk 44 (chain 1 of 1 for this core): increasing by 1605 

Iterations: 1605 
|-------------|-------------|-------------|-------------|
|-------------------------------------------------------|

Current time: 2024-11-20 17:18:52
MCMC time 3 hours 

USED COMPONENTS: 56 OF 74 

rel. MC standard error: 0.0045 to 0.0517
eff. sample size: 373 to 49300
needed thinning: 2 to 194
Diagnostics time 0.81 secs 

Total number of iterations 48164 - required further 1503 

Chain # 7 - chunk 45 (chain 1 of 1 for this core): increasing by 1504 

Iterations: 1504 
|-------------|-------------|-------------|-------------|
|-------------------------------------------------------|

Current time: 2024-11-20 17:24:10
MCMC time 3.1 hours 

USED COMPONENTS: 56 OF 74 

rel. MC standard error: 0.00463 to 0.054
eff. sample size: 343 to 46700
needed thinning: 2 to 218
Diagnostics time 1.3 secs 

Total number of iterations 49668 - required further 1689 

Chain # 7 - chunk 46 (chain 1 of 1 for this core): increasing by 1690 

Iterations: 1690 
|-------------|-------------|-------------|-------------|
|-------------------------------------------------------|

Current time: 2024-11-20 17:30:08
MCMC time 3.2 hours 

USED COMPONENTS: 56 OF 74 

rel. MC standard error: 0.00443 to 0.0542
eff. sample size: 340 to 51000
needed thinning: 2 to 227
Diagnostics time 0.81 secs 

Total number of iterations 51358 - required further 1759 

Chain # 7 - chunk 47 (chain 1 of 1 for this core): increasing by 1760 

Iterations: 1760 
|-------------|-------------|-------------|-------------|
|-------------------------------------------------------|

Current time: 2024-11-20 17:36:20
MCMC time 3.3 hours 

USED COMPONENTS: 55 OF 74 

rel. MC standard error: 0.0043 to 0.0538
eff. sample size: 346 to 54200
needed thinning: 2 to 231
Diagnostics time 1.4 secs 

Total number of iterations 53118 - required further 1790 

Chain # 7 - chunk 48 (chain 1 of 1 for this core): increasing by 1791 

Iterations: 1791 
|-------------|-------------|-------------|-------------|
|-------------------------------------------------------|

Current time: 2024-11-20 17:42:39
MCMC time 3.4 hours 

USED COMPONENTS: 54 OF 74 

rel. MC standard error: 0.00427 to 0.0537
eff. sample size: 346 to 54800
needed thinning: 2 to 238
Diagnostics time 0.84 secs 

Total number of iterations 54909 - required further 1844 

Chain # 7 - chunk 49 (chain 1 of 1 for this core): increasing by 1845 

Iterations: 1845 
|-------------|-------------|-------------|-------------|
|-------------------------------------------------------|

Current time: 2024-11-20 17:49:10
MCMC time 3.5 hours 

USED COMPONENTS: 54 OF 74 

rel. MC standard error: 0.00427 to 0.0528
eff. sample size: 359 to 54700
needed thinning: 2 to 238
Diagnostics time 0.8 secs 

Total number of iterations 56754 - required further 1844 

Chain # 7 - chunk 50 (chain 1 of 1 for this core): increasing by 1845 

Iterations: 1845 
|-------------|-------------|-------------|-------------|
|-------------------------------------------------------|

Current time: 2024-11-20 17:55:40
MCMC time 3.6 hours 

USED COMPONENTS: 55 OF 74 

rel. MC standard error: 0.00424 to 0.0529
eff. sample size: 357 to 55700
needed thinning: 2 to 247
Diagnostics time 0.89 secs 

Total number of iterations 58599 - required further 1914 

Chain # 7 - chunk 51 (chain 1 of 1 for this core): increasing by 1915 

Iterations: 1915 
|-------------|-------------|-------------|-------------|
|-------------------------------------------------------|

Current time: 2024-11-20 18:02:25
MCMC time 3.7 hours 

USED COMPONENTS: 55 OF 74 

rel. MC standard error: 0.00422 to 0.0516
eff. sample size: 376 to 56200
needed thinning: 2 to 242
Diagnostics time 1.4 secs 

Total number of iterations 60514 - required further 1875 

Chain # 7 - chunk 52 (chain 1 of 1 for this core): increasing by 1876 

Iterations: 1876 
|-------------|-------------|-------------|-------------|
|-------------------------------------------------------|

Current time: 2024-11-20 18:09:02
MCMC time 3.9 hours 

USED COMPONENTS: 55 OF 74 

rel. MC standard error: 0.00399 to 0.0509
eff. sample size: 386 to 62800
needed thinning: 2 to 243
Diagnostics time 0.95 secs 

Total number of iterations 62390 - required further 1883 

Chain # 7 - chunk 53 (chain 1 of 1 for this core): increasing by 1884 

Iterations: 1884 
|-------------|-------------|-------------|-------------|
|-------------------------------------------------------|

Current time: 2024-11-20 18:15:40
MCMC time 4 hours 

USED COMPONENTS: 56 OF 74 

rel. MC standard error: 0.00404 to 0.0511
eff. sample size: 383 to 61400
needed thinning: 2 to 252
Diagnostics time 1.4 secs 

Total number of iterations 64274 - required further 1952 

Chain # 7 - chunk 54 (chain 1 of 1 for this core): increasing by 1953 

Iterations: 1953 
|-------------|-------------|-------------|-------------|
|-------------------------------------------------------|

Current time: 2024-11-20 18:22:34
MCMC time 4.1 hours 

USED COMPONENTS: 56 OF 74 

rel. MC standard error: 0.00374 to 0.0507
eff. sample size: 390 to 71600
needed thinning: 2 to 256
Diagnostics time 0.95 secs 

Total number of iterations 66227 - required further 1983 

Chain # 7 - chunk 55 (chain 1 of 1 for this core): increasing by 1984 

Iterations: 1984 
|-------------|-------------|-------------|-------------|
|-------------------------------------------------------|

Current time: 2024-11-20 18:29:33
MCMC time 4.2 hours 

USED COMPONENTS: 57 OF 74 

rel. MC standard error: 0.00378 to 0.0496
eff. sample size: 407 to 70100
needed thinning: 2 to 252
Diagnostics time 1.5 secs 

Total number of iterations 68211 - required further 0 

Keeping last 60 samples with thinning 252 

Plotting traces and samples.

Current time: 2024-11-20 18:29:39
MCMC + diagnostics time 4.2 hours 

Current time: 2024-11-20 18:29:39
Total time 4.2 hours 
loaded inferno and set parent environment
loaded inferno and set parent environment
loaded inferno and set parent environment
loaded inferno and set parent environment
