Log core 5 - Current time: 2024-11-25 10:20:10
Defining model
Building model
Setting data and initial values
Running calculate on model
  [Note] Any error reports that follow may simply reflect missing values in model variables.
Checking model sizes and dimensions
Compiling
  [Note] This may take a minute.
  [Note] Use 'showCompilerOutput = TRUE' to see C++ compilation details.
===== Monitors =====
thin = 1: Bprob, Rmean, Rvar, W
thin2 = 1: K
===== Samplers =====
conjugate sampler (519)
  - Rmean[]  (148 elements)
  - Rrate[]  (148 elements)
  - Bprob[]  (74 elements)
  - Rvar[]  (148 elements)
  - W[1:74] 
categorical sampler (121)
  - Alpha
  - K[]  (120 elements)
===== Monitors =====
thin = 1: Bprob, Rmean, Rvar, W
thin2 = 1: K
===== Samplers =====
slice sampler (121)
  - Alpha
  - K[]  (120 elements)
conjugate sampler (519)
  - Rmean[]  (148 elements)
  - Rrate[]  (148 elements)
  - Bprob[]  (74 elements)
  - Rvar[]  (148 elements)
  - W[1:74] 
Compiling
  [Note] This may take a minute.
  [Note] Use 'showCompilerOutput = TRUE' to see C++ compilation details.

Setup time 1.7 mins 

Chain # 17 (chain 1 of 4 for this core)

Datapoints for testing convergence:
 #4 #6 #10 #21 #24 #28 #32 #52 #53 #54 #59 #61 #66 #67 #72 #98 #102 #110 #114 #115 

Iterations: 3600 
|-------------|-------------|-------------|-------------|
|-------------------------------------------------------|

Current time: 2024-11-25 10:22:45
MCMC time 53 secs 

USED COMPONENTS: 22 OF 74 

rel. MC standard error: 0.0189 to 0.0539
eff. sample size: 344 to 2790
needed thinning: 2 to 16
Diagnostics time 3.1 secs 

Total number of iterations 3600 - required further 124 

Chain # 17 - chunk 2 (chain 1 of 4 for this core): increasing by 125 

Iterations: 125 
|-------------|-------------|-------------|-------------|
|-------------------------------------------------------|

Current time: 2024-11-25 10:22:52
MCMC time 1 mins 

USED COMPONENTS: 23 OF 74 

rel. MC standard error: 0.0169 to 0.0547
eff. sample size: 335 to 3510
needed thinning: 2 to 17
Diagnostics time 0.15 secs 

Total number of iterations 3725 - required further 132 

Chain # 17 - chunk 3 (chain 1 of 4 for this core): increasing by 133 

Iterations: 133 
|-------------|-------------|-------------|-------------|
|-------------------------------------------------------|

Current time: 2024-11-25 10:22:54
MCMC time 1 mins 

USED COMPONENTS: 22 OF 74 

rel. MC standard error: 0.0188 to 0.0537
eff. sample size: 347 to 2840
needed thinning: 3 to 17
Diagnostics time 0.14 secs 

Total number of iterations 3858 - required further 132 

Chain # 17 - chunk 4 (chain 1 of 4 for this core): increasing by 133 

Iterations: 133 
|-------------|-------------|-------------|-------------|
|-------------------------------------------------------|

Current time: 2024-11-25 10:22:56
MCMC time 1.1 mins 

USED COMPONENTS: 23 OF 74 

rel. MC standard error: 0.0178 to 0.0548
eff. sample size: 333 to 3160
needed thinning: 2 to 18
Diagnostics time 0.14 secs 

Total number of iterations 3991 - required further 140 

Chain # 17 - chunk 5 (chain 1 of 4 for this core): increasing by 141 

Iterations: 141 
|-------------|-------------|-------------|-------------|
|-------------------------------------------------------|

Current time: 2024-11-25 10:22:58
MCMC time 1.1 mins 

USED COMPONENTS: 23 OF 74 

rel. MC standard error: 0.0162 to 0.0547
eff. sample size: 334 to 3820
needed thinning: 2 to 19
Diagnostics time 0.17 secs 

Total number of iterations 4132 - required further 148 

Chain # 17 - chunk 6 (chain 1 of 4 for this core): increasing by 149 

Iterations: 149 
|-------------|-------------|-------------|-------------|
|-------------------------------------------------------|

Current time: 2024-11-25 10:23:01
MCMC time 1.2 mins 

USED COMPONENTS: 25 OF 74 

rel. MC standard error: 0.0175 to 0.0544
eff. sample size: 337 to 3280
needed thinning: 2 to 20
Diagnostics time 0.15 secs 

Total number of iterations 4281 - required further 155 

Chain # 17 - chunk 7 (chain 1 of 4 for this core): increasing by 156 

Iterations: 156 
|-------------|-------------|-------------|-------------|
|-------------------------------------------------------|

Current time: 2024-11-25 10:23:03
MCMC time 1.2 mins 

USED COMPONENTS: 24 OF 74 

rel. MC standard error: 0.0152 to 0.0534
eff. sample size: 351 to 4350
needed thinning: 2 to 19
Diagnostics time 0.19 secs 

Total number of iterations 4437 - required further 148 

Chain # 17 - chunk 8 (chain 1 of 4 for this core): increasing by 149 

Iterations: 149 
|-------------|-------------|-------------|-------------|
|-------------------------------------------------------|

Current time: 2024-11-25 10:23:06
MCMC time 1.2 mins 

USED COMPONENTS: 24 OF 74 

rel. MC standard error: 0.0167 to 0.0519
eff. sample size: 371 to 3570
needed thinning: 2 to 19
Diagnostics time 0.17 secs 

Total number of iterations 4586 - required further 148 

Chain # 17 - chunk 9 (chain 1 of 4 for this core): increasing by 149 

Iterations: 149 
|-------------|-------------|-------------|-------------|
|-------------------------------------------------------|

Current time: 2024-11-25 10:23:08
MCMC time 1.3 mins 

USED COMPONENTS: 23 OF 74 

rel. MC standard error: 0.016 to 0.0505
eff. sample size: 392 to 3880
needed thinning: 2 to 19
Diagnostics time 0.16 secs 

Total number of iterations 4735 - required further 148 

Chain # 17 - chunk 10 (chain 1 of 4 for this core): increasing by 149 

Iterations: 149 
|-------------|-------------|-------------|-------------|
|-------------------------------------------------------|

Current time: 2024-11-25 10:23:11
MCMC time 1.3 mins 

USED COMPONENTS: 22 OF 74 

rel. MC standard error: 0.0158 to 0.0499
eff. sample size: 402 to 4020
needed thinning: 2 to 19
Diagnostics time 0.18 secs 

Total number of iterations 4884 - required further 0 

Keeping last 60 samples with thinning 19 

Plotting traces and samples.

Current time: 2024-11-25 10:23:11
MCMC + diagnostics time 1.3 mins 

Chain # 18 (chain 2 of 4 for this core)

Datapoints for testing convergence:
 #13 #33 #34 #40 #43 #45 #73 #74 #86 #88 #91 #93 #97 #100 #106 #112 #113 #116 #117 #118 

Iterations: 3600 
|-------------|-------------|-------------|-------------|
|-------------------------------------------------------|

Current time: 2024-11-25 10:24:04
MCMC time 2.2 mins 

USED COMPONENTS: 26 OF 74 

rel. MC standard error: 0.017 to 0.0481
eff. sample size: 433 to 3450
needed thinning: 2 to 13
Diagnostics time 3.3 secs 

Total number of iterations 3600 - required further 0 

Keeping last 60 samples with thinning 13 

Plotting traces and samples.

Current time: 2024-11-25 10:24:10
MCMC + diagnostics time 2.3 mins 

Chain # 19 (chain 3 of 4 for this core)

Datapoints for testing convergence:
 #17 #20 #25 #30 #32 #38 #41 #54 #57 #66 #71 #77 #85 #86 #88 #92 #103 #107 #108 #113 

Iterations: 3600 
|-------------|-------------|-------------|-------------|
|-------------------------------------------------------|

Current time: 2024-11-25 10:25:02
MCMC time 3.2 mins 

USED COMPONENTS: 22 OF 74 

rel. MC standard error: 0.0156 to 0.06
eff. sample size: 278 to 4090
needed thinning: 2 to 20
Diagnostics time 3.4 secs 

Total number of iterations 3600 - required further 155 

Chain # 19 - chunk 2 (chain 3 of 4 for this core): increasing by 156 

Iterations: 156 
|-------------|-------------|-------------|-------------|
|-------------------------------------------------------|

Current time: 2024-11-25 10:25:09
MCMC time 3.3 mins 

USED COMPONENTS: 22 OF 74 

rel. MC standard error: 0.0154 to 0.0594
eff. sample size: 283 to 4220
needed thinning: 2 to 20
Diagnostics time 0.16 secs 

Total number of iterations 3756 - required further 155 

Chain # 19 - chunk 3 (chain 3 of 4 for this core): increasing by 156 

Iterations: 156 
|-------------|-------------|-------------|-------------|
|-------------------------------------------------------|

Current time: 2024-11-25 10:25:11
MCMC time 3.3 mins 

USED COMPONENTS: 21 OF 74 

rel. MC standard error: 0.0153 to 0.0584
eff. sample size: 293 to 4280
needed thinning: 2 to 21
Diagnostics time 0.14 secs 

Total number of iterations 3912 - required further 163 

Chain # 19 - chunk 4 (chain 3 of 4 for this core): increasing by 164 

Iterations: 164 
|-------------|-------------|-------------|-------------|
|-------------------------------------------------------|

Current time: 2024-11-25 10:25:14
MCMC time 3.4 mins 

USED COMPONENTS: 22 OF 74 

rel. MC standard error: 0.0142 to 0.0562
eff. sample size: 317 to 4970
needed thinning: 2 to 20
Diagnostics time 0.14 secs 

Total number of iterations 4076 - required further 155 

Chain # 19 - chunk 5 (chain 3 of 4 for this core): increasing by 156 

Iterations: 156 
|-------------|-------------|-------------|-------------|
|-------------------------------------------------------|

Current time: 2024-11-25 10:25:16
MCMC time 3.4 mins 

USED COMPONENTS: 23 OF 74 

rel. MC standard error: 0.0133 to 0.0564
eff. sample size: 315 to 5660
needed thinning: 2 to 21
Diagnostics time 0.13 secs 

Total number of iterations 4232 - required further 163 

Chain # 19 - chunk 6 (chain 3 of 4 for this core): increasing by 164 

Iterations: 164 
|-------------|-------------|-------------|-------------|
|-------------------------------------------------------|

Current time: 2024-11-25 10:25:19
MCMC time 3.5 mins 

USED COMPONENTS: 20 OF 74 

rel. MC standard error: 0.0155 to 0.0561
eff. sample size: 318 to 4150
needed thinning: 2 to 21
Diagnostics time 0.17 secs 

Total number of iterations 4396 - required further 163 

Chain # 19 - chunk 7 (chain 3 of 4 for this core): increasing by 164 

Iterations: 164 
|-------------|-------------|-------------|-------------|
|-------------------------------------------------------|

Current time: 2024-11-25 10:25:21
MCMC time 3.5 mins 

USED COMPONENTS: 21 OF 74 

rel. MC standard error: 0.0152 to 0.0545
eff. sample size: 337 to 4310
needed thinning: 2 to 21
Diagnostics time 0.16 secs 

Total number of iterations 4560 - required further 163 

Chain # 19 - chunk 8 (chain 3 of 4 for this core): increasing by 164 

Iterations: 164 
|-------------|-------------|-------------|-------------|
|-------------------------------------------------------|

Current time: 2024-11-25 10:25:24
MCMC time 3.5 mins 

USED COMPONENTS: 20 OF 74 

rel. MC standard error: 0.0144 to 0.0549
eff. sample size: 331 to 4820
needed thinning: 2 to 22
Diagnostics time 0.17 secs 

Total number of iterations 4724 - required further 171 

Chain # 19 - chunk 9 (chain 3 of 4 for this core): increasing by 172 

Iterations: 172 
|-------------|-------------|-------------|-------------|
|-------------------------------------------------------|

Current time: 2024-11-25 10:25:27
MCMC time 3.6 mins 

USED COMPONENTS: 21 OF 74 

rel. MC standard error: 0.014 to 0.0553
eff. sample size: 327 to 5120
needed thinning: 2 to 23
Diagnostics time 0.17 secs 

Total number of iterations 4896 - required further 179 

Chain # 19 - chunk 10 (chain 3 of 4 for this core): increasing by 180 

Iterations: 180 
|-------------|-------------|-------------|-------------|
|-------------------------------------------------------|

Current time: 2024-11-25 10:25:29
MCMC time 3.6 mins 

USED COMPONENTS: 22 OF 74 

rel. MC standard error: 0.0137 to 0.0547
eff. sample size: 334 to 5340
needed thinning: 2 to 23
Diagnostics time 0.17 secs 

Total number of iterations 5076 - required further 179 

Chain # 19 - chunk 11 (chain 3 of 4 for this core): increasing by 180 

Iterations: 180 
|-------------|-------------|-------------|-------------|
|-------------------------------------------------------|

Current time: 2024-11-25 10:25:32
MCMC time 3.7 mins 

USED COMPONENTS: 21 OF 74 

rel. MC standard error: 0.014 to 0.0539
eff. sample size: 344 to 5080
needed thinning: 2 to 23
Diagnostics time 0.18 secs 

Total number of iterations 5256 - required further 179 

Chain # 19 - chunk 12 (chain 3 of 4 for this core): increasing by 180 

Iterations: 180 
|-------------|-------------|-------------|-------------|
|-------------------------------------------------------|

Current time: 2024-11-25 10:25:35
MCMC time 3.7 mins 

USED COMPONENTS: 19 OF 74 

rel. MC standard error: 0.0137 to 0.0538
eff. sample size: 345 to 5310
needed thinning: 2 to 24
Diagnostics time 0.2 secs 

Total number of iterations 5436 - required further 186 

Chain # 19 - chunk 13 (chain 3 of 4 for this core): increasing by 187 

Iterations: 187 
|-------------|-------------|-------------|-------------|
|-------------------------------------------------------|

Current time: 2024-11-25 10:25:38
MCMC time 3.8 mins 

USED COMPONENTS: 18 OF 74 

rel. MC standard error: 0.0126 to 0.0537
eff. sample size: 346 to 6270
needed thinning: 2 to 25
Diagnostics time 0.17 secs 

Total number of iterations 5623 - required further 194 

Chain # 19 - chunk 14 (chain 3 of 4 for this core): increasing by 195 

Iterations: 195 
|-------------|-------------|-------------|-------------|
|-------------------------------------------------------|

Current time: 2024-11-25 10:25:41
MCMC time 3.8 mins 

USED COMPONENTS: 18 OF 74 

rel. MC standard error: 0.0127 to 0.0534
eff. sample size: 350 to 6200
needed thinning: 2 to 25
Diagnostics time 0.18 secs 

Total number of iterations 5818 - required further 194 

Chain # 19 - chunk 15 (chain 3 of 4 for this core): increasing by 195 

Iterations: 195 
|-------------|-------------|-------------|-------------|
|-------------------------------------------------------|

Current time: 2024-11-25 10:25:44
MCMC time 3.9 mins 

USED COMPONENTS: 19 OF 74 

rel. MC standard error: 0.0125 to 0.0535
eff. sample size: 350 to 6360
needed thinning: 2 to 26
Diagnostics time 0.18 secs 

Total number of iterations 6013 - required further 202 

Chain # 19 - chunk 16 (chain 3 of 4 for this core): increasing by 203 

Iterations: 203 
|-------------|-------------|-------------|-------------|
|-------------------------------------------------------|

Current time: 2024-11-25 10:25:47
MCMC time 3.9 mins 

USED COMPONENTS: 20 OF 74 

rel. MC standard error: 0.0123 to 0.0524
eff. sample size: 364 to 6650
needed thinning: 2 to 26
Diagnostics time 0.19 secs 

Total number of iterations 6216 - required further 202 

Chain # 19 - chunk 17 (chain 3 of 4 for this core): increasing by 203 

Iterations: 203 
|-------------|-------------|-------------|-------------|
|-------------------------------------------------------|

Current time: 2024-11-25 10:25:51
MCMC time 4 mins 

USED COMPONENTS: 20 OF 74 

rel. MC standard error: 0.0124 to 0.049
eff. sample size: 417 to 6520
needed thinning: 2 to 24
Diagnostics time 0.21 secs 

Total number of iterations 6419 - required further 0 

Keeping last 60 samples with thinning 24 

Plotting traces and samples.

Current time: 2024-11-25 10:25:51
MCMC + diagnostics time 4 mins 

Chain # 20 (chain 4 of 4 for this core)

Datapoints for testing convergence:
 #18 #22 #23 #25 #34 #42 #43 #51 #55 #68 #73 #79 #80 #82 #94 #98 #100 #104 #108 #115 

Iterations: 3600 
|-------------|-------------|-------------|-------------|
|-------------------------------------------------------|

Current time: 2024-11-25 10:26:44
MCMC time 4.9 mins 

USED COMPONENTS: 25 OF 74 

rel. MC standard error: 0.0175 to 0.0655
eff. sample size: 233 to 3260
needed thinning: 2 to 24
Diagnostics time 3.3 secs 

Total number of iterations 3600 - required further 186 

Chain # 20 - chunk 2 (chain 4 of 4 for this core): increasing by 187 

Iterations: 187 
|-------------|-------------|-------------|-------------|
|-------------------------------------------------------|

Current time: 2024-11-25 10:26:52
MCMC time 5 mins 

USED COMPONENTS: 26 OF 74 

rel. MC standard error: 0.0167 to 0.0668
eff. sample size: 224 to 3580
needed thinning: 2 to 26
Diagnostics time 0.19 secs 

Total number of iterations 3787 - required further 202 

Chain # 20 - chunk 3 (chain 4 of 4 for this core): increasing by 203 

Iterations: 203 
|-------------|-------------|-------------|-------------|
|-------------------------------------------------------|

Current time: 2024-11-25 10:26:55
MCMC time 5.1 mins 

USED COMPONENTS: 25 OF 74 

rel. MC standard error: 0.0168 to 0.0619
eff. sample size: 261 to 3530
needed thinning: 2 to 23
Diagnostics time 0.17 secs 

Total number of iterations 3990 - required further 179 

Chain # 20 - chunk 4 (chain 4 of 4 for this core): increasing by 180 

Iterations: 180 
|-------------|-------------|-------------|-------------|
|-------------------------------------------------------|

Current time: 2024-11-25 10:26:58
MCMC time 5.1 mins 

USED COMPONENTS: 25 OF 74 

rel. MC standard error: 0.0156 to 0.0638
eff. sample size: 246 to 4090
needed thinning: 2 to 26
Diagnostics time 0.17 secs 

Total number of iterations 4170 - required further 202 

Chain # 20 - chunk 5 (chain 4 of 4 for this core): increasing by 203 

Iterations: 203 
|-------------|-------------|-------------|-------------|
|-------------------------------------------------------|

Current time: 2024-11-25 10:27:01
MCMC time 5.2 mins 

USED COMPONENTS: 24 OF 74 

rel. MC standard error: 0.0172 to 0.0611
eff. sample size: 268 to 3390
needed thinning: 2 to 25
Diagnostics time 0.18 secs 

Total number of iterations 4373 - required further 194 

Chain # 20 - chunk 6 (chain 4 of 4 for this core): increasing by 195 

Iterations: 195 
|-------------|-------------|-------------|-------------|
|-------------------------------------------------------|

Current time: 2024-11-25 10:27:04
MCMC time 5.2 mins 

USED COMPONENTS: 25 OF 74 

rel. MC standard error: 0.0155 to 0.0613
eff. sample size: 266 to 4170
needed thinning: 2 to 26
Diagnostics time 0.2 secs 

Total number of iterations 4568 - required further 202 

Chain # 20 - chunk 7 (chain 4 of 4 for this core): increasing by 203 

Iterations: 203 
|-------------|-------------|-------------|-------------|
|-------------------------------------------------------|

Current time: 2024-11-25 10:27:07
MCMC time 5.3 mins 

USED COMPONENTS: 25 OF 74 

rel. MC standard error: 0.0163 to 0.0599
eff. sample size: 278 to 3770
needed thinning: 2 to 26
Diagnostics time 0.75 secs 

Total number of iterations 4771 - required further 202 

Chain # 20 - chunk 8 (chain 4 of 4 for this core): increasing by 203 

Iterations: 203 
|-------------|-------------|-------------|-------------|
|-------------------------------------------------------|

Current time: 2024-11-25 10:27:11
MCMC time 5.3 mins 

USED COMPONENTS: 25 OF 74 

rel. MC standard error: 0.0155 to 0.0579
eff. sample size: 298 to 4180
needed thinning: 2 to 26
Diagnostics time 0.16 secs 

Total number of iterations 4974 - required further 202 

Chain # 20 - chunk 9 (chain 4 of 4 for this core): increasing by 203 

Iterations: 203 
|-------------|-------------|-------------|-------------|
|-------------------------------------------------------|

Current time: 2024-11-25 10:27:14
MCMC time 5.4 mins 

USED COMPONENTS: 27 OF 74 

rel. MC standard error: 0.0161 to 0.0564
eff. sample size: 315 to 3860
needed thinning: 3 to 25
Diagnostics time 0.17 secs 

Total number of iterations 5177 - required further 194 

Chain # 20 - chunk 10 (chain 4 of 4 for this core): increasing by 195 

Iterations: 195 
|-------------|-------------|-------------|-------------|
|-------------------------------------------------------|

Current time: 2024-11-25 10:27:17
MCMC time 5.4 mins 

USED COMPONENTS: 25 OF 74 

rel. MC standard error: 0.0145 to 0.0572
eff. sample size: 305 to 4760
needed thinning: 2 to 27
Diagnostics time 0.18 secs 

Total number of iterations 5372 - required further 210 

Chain # 20 - chunk 11 (chain 4 of 4 for this core): increasing by 211 

Iterations: 211 
|-------------|-------------|-------------|-------------|
|-------------------------------------------------------|

Current time: 2024-11-25 10:27:20
MCMC time 5.5 mins 

USED COMPONENTS: 25 OF 74 

rel. MC standard error: 0.0142 to 0.0568
eff. sample size: 310 to 4950
needed thinning: 2 to 27
Diagnostics time 0.19 secs 

Total number of iterations 5583 - required further 210 

Chain # 20 - chunk 12 (chain 4 of 4 for this core): increasing by 211 

Iterations: 211 
|-------------|-------------|-------------|-------------|
|-------------------------------------------------------|

Current time: 2024-11-25 10:27:24
MCMC time 5.5 mins 

USED COMPONENTS: 23 OF 74 

rel. MC standard error: 0.0143 to 0.0567
eff. sample size: 311 to 4900
needed thinning: 2 to 28
Diagnostics time 0.19 secs 

Total number of iterations 5794 - required further 217 

Chain # 20 - chunk 13 (chain 4 of 4 for this core): increasing by 218 

Iterations: 218 
|-------------|-------------|-------------|-------------|
|-------------------------------------------------------|

Current time: 2024-11-25 10:27:27
MCMC time 5.6 mins 

USED COMPONENTS: 24 OF 74 

rel. MC standard error: 0.0136 to 0.0564
eff. sample size: 315 to 5400
needed thinning: 2 to 29
Diagnostics time 0.19 secs 

Total number of iterations 6012 - required further 225 

Chain # 20 - chunk 14 (chain 4 of 4 for this core): increasing by 226 

Iterations: 226 
|-------------|-------------|-------------|-------------|
|-------------------------------------------------------|

Current time: 2024-11-25 10:27:31
MCMC time 5.7 mins 

USED COMPONENTS: 24 OF 74 

rel. MC standard error: 0.0133 to 0.0571
eff. sample size: 307 to 5690
needed thinning: 2 to 31
Diagnostics time 0.23 secs 

Total number of iterations 6238 - required further 241 

Chain # 20 - chunk 15 (chain 4 of 4 for this core): increasing by 242 

Iterations: 242 
|-------------|-------------|-------------|-------------|
|-------------------------------------------------------|

Current time: 2024-11-25 10:27:34
MCMC time 5.7 mins 

USED COMPONENTS: 24 OF 74 

rel. MC standard error: 0.013 to 0.0553
eff. sample size: 327 to 5930
needed thinning: 2 to 30
Diagnostics time 0.24 secs 

Total number of iterations 6480 - required further 233 

Chain # 20 - chunk 16 (chain 4 of 4 for this core): increasing by 234 

Iterations: 234 
|-------------|-------------|-------------|-------------|
|-------------------------------------------------------|

Current time: 2024-11-25 10:27:38
MCMC time 5.8 mins 

USED COMPONENTS: 24 OF 74 

rel. MC standard error: 0.013 to 0.0537
eff. sample size: 347 to 5960
needed thinning: 2 to 30
Diagnostics time 0.18 secs 

Total number of iterations 6714 - required further 233 

Chain # 20 - chunk 17 (chain 4 of 4 for this core): increasing by 234 

Iterations: 234 
|-------------|-------------|-------------|-------------|
|-------------------------------------------------------|

Current time: 2024-11-25 10:27:42
MCMC time 5.8 mins 

USED COMPONENTS: 23 OF 74 

rel. MC standard error: 0.0122 to 0.0537
eff. sample size: 347 to 6710
needed thinning: 2 to 31
Diagnostics time 0.19 secs 

Total number of iterations 6948 - required further 241 

Chain # 20 - chunk 18 (chain 4 of 4 for this core): increasing by 242 

Iterations: 242 
|-------------|-------------|-------------|-------------|
|-------------------------------------------------------|

Current time: 2024-11-25 10:27:46
MCMC time 5.9 mins 

USED COMPONENTS: 23 OF 74 

rel. MC standard error: 0.0121 to 0.0544
eff. sample size: 338 to 6830
needed thinning: 2 to 32
Diagnostics time 0.21 secs 

Total number of iterations 7190 - required further 248 

Chain # 20 - chunk 19 (chain 4 of 4 for this core): increasing by 249 

Iterations: 249 
|-------------|-------------|-------------|-------------|
|-------------------------------------------------------|

Current time: 2024-11-25 10:27:50
MCMC time 6 mins 

USED COMPONENTS: 24 OF 74 

rel. MC standard error: 0.0124 to 0.0557
eff. sample size: 322 to 6470
needed thinning: 2 to 35
Diagnostics time 0.24 secs 

Total number of iterations 7439 - required further 272 

Chain # 20 - chunk 20 (chain 4 of 4 for this core): increasing by 273 

Iterations: 273 
|-------------|-------------|-------------|-------------|
|-------------------------------------------------------|

Current time: 2024-11-25 10:27:54
MCMC time 6 mins 

USED COMPONENTS: 24 OF 74 

rel. MC standard error: 0.0123 to 0.0539
eff. sample size: 344 to 6630
needed thinning: 2 to 34
Diagnostics time 0.29 secs 

Total number of iterations 7712 - required further 264 

Chain # 20 - chunk 21 (chain 4 of 4 for this core): increasing by 265 

Iterations: 265 
|-------------|-------------|-------------|-------------|
|-------------------------------------------------------|

Current time: 2024-11-25 10:27:58
MCMC time 6.1 mins 

USED COMPONENTS: 24 OF 74 

rel. MC standard error: 0.0111 to 0.0541
eff. sample size: 341 to 8120
needed thinning: 2 to 36
Diagnostics time 0.22 secs 

Total number of iterations 7977 - required further 279 

Chain # 20 - chunk 22 (chain 4 of 4 for this core): increasing by 280 

Iterations: 280 
|-------------|-------------|-------------|-------------|
|-------------------------------------------------------|

Current time: 2024-11-25 10:28:02
MCMC time 6.2 mins 

USED COMPONENTS: 23 OF 74 

rel. MC standard error: 0.0113 to 0.0538
eff. sample size: 346 to 7850
needed thinning: 2 to 36
Diagnostics time 0.23 secs 

Total number of iterations 8257 - required further 279 

Chain # 20 - chunk 23 (chain 4 of 4 for this core): increasing by 280 

Iterations: 280 
|-------------|-------------|-------------|-------------|
|-------------------------------------------------------|

Current time: 2024-11-25 10:28:07
MCMC time 6.3 mins 

USED COMPONENTS: 23 OF 74 

rel. MC standard error: 0.0114 to 0.054
eff. sample size: 342 to 7690
needed thinning: 2 to 38
Diagnostics time 0.23 secs 

Total number of iterations 8537 - required further 295 

Chain # 20 - chunk 24 (chain 4 of 4 for this core): increasing by 296 

Iterations: 296 
|-------------|-------------|-------------|-------------|
|-------------------------------------------------------|

Current time: 2024-11-25 10:28:11
MCMC time 6.3 mins 

USED COMPONENTS: 23 OF 74 

rel. MC standard error: 0.0108 to 0.0531
eff. sample size: 355 to 8500
needed thinning: 2 to 38
Diagnostics time 0.25 secs 

Total number of iterations 8833 - required further 295 

Chain # 20 - chunk 25 (chain 4 of 4 for this core): increasing by 296 

Iterations: 296 
|-------------|-------------|-------------|-------------|
|-------------------------------------------------------|

Current time: 2024-11-25 10:28:16
MCMC time 6.4 mins 

USED COMPONENTS: 23 OF 74 

rel. MC standard error: 0.0107 to 0.0527
eff. sample size: 360 to 8720
needed thinning: 2 to 39
Diagnostics time 0.27 secs 

Total number of iterations 9129 - required further 303 

Chain # 20 - chunk 26 (chain 4 of 4 for this core): increasing by 304 

Iterations: 304 
|-------------|-------------|-------------|-------------|
|-------------------------------------------------------|

Current time: 2024-11-25 10:28:21
MCMC time 6.5 mins 

USED COMPONENTS: 24 OF 74 

rel. MC standard error: 0.0102 to 0.0523
eff. sample size: 365 to 9600
needed thinning: 2 to 39
Diagnostics time 0.27 secs 

Total number of iterations 9433 - required further 303 

Chain # 20 - chunk 27 (chain 4 of 4 for this core): increasing by 304 

Iterations: 304 
|-------------|-------------|-------------|-------------|
|-------------------------------------------------------|

Current time: 2024-11-25 10:28:26
MCMC time 6.6 mins 

USED COMPONENTS: 23 OF 74 

rel. MC standard error: 0.0104 to 0.0509
eff. sample size: 385 to 9310
needed thinning: 2 to 38
Diagnostics time 0.24 secs 

Total number of iterations 9737 - required further 295 

Chain # 20 - chunk 28 (chain 4 of 4 for this core): increasing by 296 

Iterations: 296 
|-------------|-------------|-------------|-------------|
|-------------------------------------------------------|

Current time: 2024-11-25 10:28:30
MCMC time 6.6 mins 

USED COMPONENTS: 24 OF 74 

rel. MC standard error: 0.0107 to 0.0508
eff. sample size: 387 to 8720
needed thinning: 2 to 39
Diagnostics time 0.24 secs 

Total number of iterations 10033 - required further 303 

Chain # 20 - chunk 29 (chain 4 of 4 for this core): increasing by 304 

Iterations: 304 
|-------------|-------------|-------------|-------------|
|-------------------------------------------------------|

Current time: 2024-11-25 10:28:35
MCMC time 6.7 mins 

USED COMPONENTS: 22 OF 74 

rel. MC standard error: 0.0102 to 0.0509
eff. sample size: 386 to 9640
needed thinning: 2 to 41
Diagnostics time 0.28 secs 

Total number of iterations 10337 - required further 318 

Chain # 20 - chunk 30 (chain 4 of 4 for this core): increasing by 319 

Iterations: 319 
|-------------|-------------|-------------|-------------|
|-------------------------------------------------------|

Current time: 2024-11-25 10:28:40
MCMC time 6.8 mins 

USED COMPONENTS: 23 OF 74 

rel. MC standard error: 0.00963 to 0.0513
eff. sample size: 379 to 10800
needed thinning: 2 to 43
Diagnostics time 0.87 secs 

Total number of iterations 10656 - required further 334 

Chain # 20 - chunk 31 (chain 4 of 4 for this core): increasing by 335 

Iterations: 335 
|-------------|-------------|-------------|-------------|
|-------------------------------------------------------|

Current time: 2024-11-25 10:28:46
MCMC time 6.9 mins 

USED COMPONENTS: 23 OF 74 

rel. MC standard error: 0.00958 to 0.0517
eff. sample size: 374 to 10900
needed thinning: 2 to 45
Diagnostics time 0.27 secs 

Total number of iterations 10991 - required further 349 

Chain # 20 - chunk 32 (chain 4 of 4 for this core): increasing by 350 

Iterations: 350 
|-------------|-------------|-------------|-------------|
|-------------------------------------------------------|

Current time: 2024-11-25 10:28:51
MCMC time 7 mins 

USED COMPONENTS: 23 OF 74 

rel. MC standard error: 0.00971 to 0.0515
eff. sample size: 377 to 10600
needed thinning: 2 to 46
Diagnostics time 0.28 secs 

Total number of iterations 11341 - required further 357 

Chain # 20 - chunk 33 (chain 4 of 4 for this core): increasing by 358 

Iterations: 358 
|-------------|-------------|-------------|-------------|
|-------------------------------------------------------|

Current time: 2024-11-25 10:28:57
MCMC time 7.1 mins 

USED COMPONENTS: 24 OF 74 

rel. MC standard error: 0.00979 to 0.0498
eff. sample size: 403 to 10400
needed thinning: 2 to 44
Diagnostics time 0.32 secs 

Total number of iterations 11699 - required further 0 

Keeping last 60 samples with thinning 44 

Plotting traces and samples.

Current time: 2024-11-25 10:28:58
MCMC + diagnostics time 7.1 mins 

Current time: 2024-11-25 10:28:58
Total time 7.1 mins 
loaded inferno and set parent environment
loaded inferno and set parent environment
loaded inferno and set parent environment
loaded inferno and set parent environment
