Log core 1 - Current time: 2024-11-25 10:20:10
Defining model
Building model
Setting data and initial values
Running calculate on model
  [Note] Any error reports that follow may simply reflect missing values in model variables.
Checking model sizes and dimensions
Compiling
  [Note] This may take a minute.
  [Note] Use 'showCompilerOutput = TRUE' to see C++ compilation details.
===== Monitors =====
thin = 1: Bprob, Rmean, Rvar, W
thin2 = 1: K
===== Samplers =====
conjugate sampler (519)
  - Rmean[]  (148 elements)
  - Rrate[]  (148 elements)
  - Bprob[]  (74 elements)
  - Rvar[]  (148 elements)
  - W[1:74] 
categorical sampler (121)
  - Alpha
  - K[]  (120 elements)
===== Monitors =====
thin = 1: Bprob, Rmean, Rvar, W
thin2 = 1: K
===== Samplers =====
slice sampler (121)
  - Alpha
  - K[]  (120 elements)
conjugate sampler (519)
  - Rmean[]  (148 elements)
  - Rrate[]  (148 elements)
  - Bprob[]  (74 elements)
  - Rvar[]  (148 elements)
  - W[1:74] 
Compiling
  [Note] This may take a minute.
  [Note] Use 'showCompilerOutput = TRUE' to see C++ compilation details.

Setup time 1.7 mins 

Chain # 1 (chain 1 of 4 for this core)

Datapoints for testing convergence:
 #16 #26 #31 #33 #36 #48 #51 #57 #58 #67 #86 #90 #96 #99 #100 #104 #108 #109 #116 #120 

Iterations: 3600 
|-------------|-------------|-------------|-------------|
|-------------------------------------------------------|

Current time: 2024-11-25 10:22:44
MCMC time 53 secs 

USED COMPONENTS: 25 OF 74 

rel. MC standard error: 0.0196 to 0.0536
eff. sample size: 348 to 2620
needed thinning: 3 to 16
Diagnostics time 3 secs 

Total number of iterations 3600 - required further 124 

Chain # 1 - chunk 2 (chain 1 of 4 for this core): increasing by 125 

Iterations: 125 
|-------------|-------------|-------------|-------------|
|-------------------------------------------------------|

Current time: 2024-11-25 10:22:51
MCMC time 60 secs 

USED COMPONENTS: 26 OF 74 

rel. MC standard error: 0.0186 to 0.0526
eff. sample size: 361 to 2910
needed thinning: 2 to 16
Diagnostics time 0.14 secs 

Total number of iterations 3725 - required further 124 

Chain # 1 - chunk 3 (chain 1 of 4 for this core): increasing by 125 

Iterations: 125 
|-------------|-------------|-------------|-------------|
|-------------------------------------------------------|

Current time: 2024-11-25 10:22:53
MCMC time 1 mins 

USED COMPONENTS: 26 OF 74 

rel. MC standard error: 0.019 to 0.0519
eff. sample size: 371 to 2780
needed thinning: 3 to 16
Diagnostics time 0.14 secs 

Total number of iterations 3850 - required further 124 

Chain # 1 - chunk 4 (chain 1 of 4 for this core): increasing by 125 

Iterations: 125 
|-------------|-------------|-------------|-------------|
|-------------------------------------------------------|

Current time: 2024-11-25 10:22:55
MCMC time 1.1 mins 

USED COMPONENTS: 26 OF 74 

rel. MC standard error: 0.0173 to 0.0512
eff. sample size: 381 to 3320
needed thinning: 2 to 16
Diagnostics time 0.13 secs 

Total number of iterations 3975 - required further 124 

Chain # 1 - chunk 5 (chain 1 of 4 for this core): increasing by 125 

Iterations: 125 
|-------------|-------------|-------------|-------------|
|-------------------------------------------------------|

Current time: 2024-11-25 10:22:57
MCMC time 1.1 mins 

USED COMPONENTS: 26 OF 74 

rel. MC standard error: 0.0174 to 0.0498
eff. sample size: 404 to 3310
needed thinning: 2 to 16
Diagnostics time 0.13 secs 

Total number of iterations 4100 - required further 0 

Keeping last 60 samples with thinning 16 

Plotting traces and samples.

Current time: 2024-11-25 10:22:57
MCMC + diagnostics time 1.1 mins 

Chain # 2 (chain 2 of 4 for this core)

Datapoints for testing convergence:
 #5 #12 #23 #24 #29 #37 #43 #47 #52 #55 #63 #67 #72 #73 #77 #81 #98 #99 #107 #119 

Iterations: 3600 
|-------------|-------------|-------------|-------------|
|-------------------------------------------------------|

Current time: 2024-11-25 10:23:51
MCMC time 2 mins 

USED COMPONENTS: 23 OF 74 

rel. MC standard error: 0.0198 to 0.0454
eff. sample size: 485 to 2550
needed thinning: 3 to 12
Diagnostics time 3.3 secs 

Total number of iterations 3600 - required further 0 

Keeping last 60 samples with thinning 12 

Plotting traces and samples.

Current time: 2024-11-25 10:23:56
MCMC + diagnostics time 2.1 mins 

Chain # 3 (chain 3 of 4 for this core)

Datapoints for testing convergence:
 #3 #9 #12 #23 #25 #34 #45 #48 #54 #56 #66 #68 #69 #95 #97 #102 #104 #106 #109 #118 

Iterations: 3600 
|-------------|-------------|-------------|-------------|
|-------------------------------------------------------|

Current time: 2024-11-25 10:24:50
MCMC time 3 mins 

USED COMPONENTS: 23 OF 74 

rel. MC standard error: 0.0206 to 0.0692
eff. sample size: 209 to 2370
needed thinning: 3 to 26
Diagnostics time 2.8 secs 

Total number of iterations 3600 - required further 202 

Chain # 3 - chunk 2 (chain 3 of 4 for this core): increasing by 203 

Iterations: 203 
|-------------|-------------|-------------|-------------|
|-------------------------------------------------------|

Current time: 2024-11-25 10:24:57
MCMC time 3.1 mins 

USED COMPONENTS: 24 OF 74 

rel. MC standard error: 0.0179 to 0.067
eff. sample size: 223 to 3120
needed thinning: 2 to 26
Diagnostics time 0.18 secs 

Total number of iterations 3803 - required further 202 

Chain # 3 - chunk 3 (chain 3 of 4 for this core): increasing by 203 

Iterations: 203 
|-------------|-------------|-------------|-------------|
|-------------------------------------------------------|

Current time: 2024-11-25 10:25:00
MCMC time 3.1 mins 

USED COMPONENTS: 22 OF 74 

rel. MC standard error: 0.0168 to 0.0665
eff. sample size: 226 to 3550
needed thinning: 2 to 27
Diagnostics time 0.19 secs 

Total number of iterations 4006 - required further 210 

Chain # 3 - chunk 4 (chain 3 of 4 for this core): increasing by 211 

Iterations: 211 
|-------------|-------------|-------------|-------------|
|-------------------------------------------------------|

Current time: 2024-11-25 10:25:03
MCMC time 3.2 mins 

USED COMPONENTS: 23 OF 74 

rel. MC standard error: 0.0174 to 0.0666
eff. sample size: 225 to 3290
needed thinning: 2 to 29
Diagnostics time 0.2 secs 

Total number of iterations 4217 - required further 225 

Chain # 3 - chunk 5 (chain 3 of 4 for this core): increasing by 226 

Iterations: 226 
|-------------|-------------|-------------|-------------|
|-------------------------------------------------------|

Current time: 2024-11-25 10:25:07
MCMC time 3.3 mins 

USED COMPONENTS: 21 OF 74 

rel. MC standard error: 0.0157 to 0.0681
eff. sample size: 216 to 4050
needed thinning: 2 to 31
Diagnostics time 0.21 secs 

Total number of iterations 4443 - required further 241 

Chain # 3 - chunk 6 (chain 3 of 4 for this core): increasing by 242 

Iterations: 242 
|-------------|-------------|-------------|-------------|
|-------------------------------------------------------|

Current time: 2024-11-25 10:25:11
MCMC time 3.3 mins 

USED COMPONENTS: 22 OF 74 

rel. MC standard error: 0.0161 to 0.0685
eff. sample size: 213 to 3850
needed thinning: 2 to 33
Diagnostics time 0.22 secs 

Total number of iterations 4685 - required further 256 

Chain # 3 - chunk 7 (chain 3 of 4 for this core): increasing by 257 

Iterations: 257 
|-------------|-------------|-------------|-------------|
|-------------------------------------------------------|

Current time: 2024-11-25 10:25:15
MCMC time 3.4 mins 

USED COMPONENTS: 21 OF 74 

rel. MC standard error: 0.0162 to 0.0693
eff. sample size: 208 to 3820
needed thinning: 2 to 36
Diagnostics time 0.23 secs 

Total number of iterations 4942 - required further 279 

Chain # 3 - chunk 8 (chain 3 of 4 for this core): increasing by 280 

Iterations: 280 
|-------------|-------------|-------------|-------------|
|-------------------------------------------------------|

Current time: 2024-11-25 10:25:19
MCMC time 3.5 mins 

USED COMPONENTS: 20 OF 74 

rel. MC standard error: 0.0158 to 0.0691
eff. sample size: 209 to 3990
needed thinning: 2 to 38
Diagnostics time 0.25 secs 

Total number of iterations 5222 - required further 295 

Chain # 3 - chunk 9 (chain 3 of 4 for this core): increasing by 296 

Iterations: 296 
|-------------|-------------|-------------|-------------|
|-------------------------------------------------------|

Current time: 2024-11-25 10:25:24
MCMC time 3.5 mins 

USED COMPONENTS: 20 OF 74 

rel. MC standard error: 0.0159 to 0.0707
eff. sample size: 200 to 3970
needed thinning: 3 to 42
Diagnostics time 0.25 secs 

Total number of iterations 5518 - required further 326 

Chain # 3 - chunk 10 (chain 3 of 4 for this core): increasing by 327 

Iterations: 327 
|-------------|-------------|-------------|-------------|
|-------------------------------------------------------|

Current time: 2024-11-25 10:25:29
MCMC time 3.6 mins 

USED COMPONENTS: 22 OF 74 

rel. MC standard error: 0.0151 to 0.0727
eff. sample size: 189 to 4390
needed thinning: 2 to 47
Diagnostics time 0.27 secs 

Total number of iterations 5845 - required further 365 

Chain # 3 - chunk 11 (chain 3 of 4 for this core): increasing by 366 

Iterations: 366 
|-------------|-------------|-------------|-------------|
|-------------------------------------------------------|

Current time: 2024-11-25 10:25:35
MCMC time 3.7 mins 

USED COMPONENTS: 20 OF 74 

rel. MC standard error: 0.0134 to 0.0735
eff. sample size: 185 to 5530
needed thinning: 2 to 51
Diagnostics time 0.83 secs 

Total number of iterations 6211 - required further 396 

Chain # 3 - chunk 12 (chain 3 of 4 for this core): increasing by 397 

Iterations: 397 
|-------------|-------------|-------------|-------------|
|-------------------------------------------------------|

Current time: 2024-11-25 10:25:42
MCMC time 3.8 mins 

USED COMPONENTS: 19 OF 74 

rel. MC standard error: 0.0134 to 0.075
eff. sample size: 178 to 5530
needed thinning: 2 to 56
Diagnostics time 0.29 secs 

Total number of iterations 6608 - required further 434 

Chain # 3 - chunk 13 (chain 3 of 4 for this core): increasing by 435 

Iterations: 435 
|-------------|-------------|-------------|-------------|
|-------------------------------------------------------|

Current time: 2024-11-25 10:25:49
MCMC time 4 mins 

USED COMPONENTS: 20 OF 74 

rel. MC standard error: 0.0141 to 0.0752
eff. sample size: 177 to 5060
needed thinning: 3 to 60
Diagnostics time 0.31 secs 

Total number of iterations 7043 - required further 465 

Chain # 3 - chunk 14 (chain 3 of 4 for this core): increasing by 466 

Iterations: 466 
|-------------|-------------|-------------|-------------|
|-------------------------------------------------------|

Current time: 2024-11-25 10:25:56
MCMC time 4.1 mins 

USED COMPONENTS: 20 OF 74 

rel. MC standard error: 0.012 to 0.076
eff. sample size: 173 to 6890
needed thinning: 2 to 66
Diagnostics time 0.36 secs 

Total number of iterations 7509 - required further 512 

Chain # 3 - chunk 15 (chain 3 of 4 for this core): increasing by 513 

Iterations: 513 
|-------------|-------------|-------------|-------------|
|-------------------------------------------------------|

Current time: 2024-11-25 10:26:04
MCMC time 4.2 mins 

USED COMPONENTS: 21 OF 74 

rel. MC standard error: 0.0128 to 0.076
eff. sample size: 173 to 6100
needed thinning: 2 to 70
Diagnostics time 0.38 secs 

Total number of iterations 8022 - required further 543 

Chain # 3 - chunk 16 (chain 3 of 4 for this core): increasing by 544 

Iterations: 544 
|-------------|-------------|-------------|-------------|
|-------------------------------------------------------|

Current time: 2024-11-25 10:26:13
MCMC time 4.4 mins 

USED COMPONENTS: 21 OF 74 

rel. MC standard error: 0.0113 to 0.0759
eff. sample size: 174 to 7790
needed thinning: 2 to 74
Diagnostics time 0.5 secs 

Total number of iterations 8566 - required further 574 

Chain # 3 - chunk 17 (chain 3 of 4 for this core): increasing by 575 

Iterations: 575 
|-------------|-------------|-------------|-------------|
|-------------------------------------------------------|

Current time: 2024-11-25 10:26:22
MCMC time 4.5 mins 

USED COMPONENTS: 20 OF 74 

rel. MC standard error: 0.0117 to 0.0754
eff. sample size: 176 to 7330
needed thinning: 2 to 79
Diagnostics time 0.48 secs 

Total number of iterations 9141 - required further 612 

Chain # 3 - chunk 18 (chain 3 of 4 for this core): increasing by 613 

Iterations: 613 
|-------------|-------------|-------------|-------------|
|-------------------------------------------------------|

Current time: 2024-11-25 10:26:32
MCMC time 4.7 mins 

USED COMPONENTS: 22 OF 74 

rel. MC standard error: 0.0109 to 0.0728
eff. sample size: 189 to 8440
needed thinning: 2 to 78
Diagnostics time 0.43 secs 

Total number of iterations 9754 - required further 605 

Chain # 3 - chunk 19 (chain 3 of 4 for this core): increasing by 606 

Iterations: 606 
|-------------|-------------|-------------|-------------|
|-------------------------------------------------------|

Current time: 2024-11-25 10:26:42
MCMC time 4.8 mins 

USED COMPONENTS: 23 OF 74 

rel. MC standard error: 0.0107 to 0.0707
eff. sample size: 200 to 8800
needed thinning: 2 to 78
Diagnostics time 1 secs 

Total number of iterations 10360 - required further 605 

Chain # 3 - chunk 20 (chain 3 of 4 for this core): increasing by 606 

Iterations: 606 
|-------------|-------------|-------------|-------------|
|-------------------------------------------------------|

Current time: 2024-11-25 10:26:52
MCMC time 5 mins 

USED COMPONENTS: 22 OF 74 

rel. MC standard error: 0.0141 to 0.0689
eff. sample size: 211 to 5040
needed thinning: 4 to 79
Diagnostics time 0.48 secs 

Total number of iterations 10966 - required further 612 

Chain # 3 - chunk 21 (chain 3 of 4 for this core): increasing by 613 

Iterations: 613 
|-------------|-------------|-------------|-------------|
|-------------------------------------------------------|

Current time: 2024-11-25 10:27:02
MCMC time 5.2 mins 

USED COMPONENTS: 20 OF 74 

rel. MC standard error: 0.0141 to 0.067
eff. sample size: 223 to 5040
needed thinning: 4 to 78
Diagnostics time 0.55 secs 

Total number of iterations 11579 - required further 605 

Chain # 3 - chunk 22 (chain 3 of 4 for this core): increasing by 606 

Iterations: 606 
|-------------|-------------|-------------|-------------|
|-------------------------------------------------------|

Current time: 2024-11-25 10:27:12
MCMC time 5.3 mins 

USED COMPONENTS: 19 OF 74 

rel. MC standard error: 0.0129 to 0.0657
eff. sample size: 232 to 5970
needed thinning: 4 to 79
Diagnostics time 0.43 secs 

Total number of iterations 12185 - required further 612 

Chain # 3 - chunk 23 (chain 3 of 4 for this core): increasing by 613 

Iterations: 613 
|-------------|-------------|-------------|-------------|
|-------------------------------------------------------|

Current time: 2024-11-25 10:27:21
MCMC time 5.5 mins 

USED COMPONENTS: 19 OF 74 

rel. MC standard error: 0.0138 to 0.0645
eff. sample size: 241 to 5270
needed thinning: 4 to 80
Diagnostics time 0.53 secs 

Total number of iterations 12798 - required further 620 

Chain # 3 - chunk 24 (chain 3 of 4 for this core): increasing by 621 

Iterations: 621 
|-------------|-------------|-------------|-------------|
|-------------------------------------------------------|

Current time: 2024-11-25 10:27:32
MCMC time 5.7 mins 

USED COMPONENTS: 19 OF 74 

rel. MC standard error: 0.0123 to 0.063
eff. sample size: 252 to 6620
needed thinning: 4 to 80
Diagnostics time 0.46 secs 

Total number of iterations 13419 - required further 620 

Chain # 3 - chunk 25 (chain 3 of 4 for this core): increasing by 621 

Iterations: 621 
|-------------|-------------|-------------|-------------|
|-------------------------------------------------------|

Current time: 2024-11-25 10:27:42
MCMC time 5.8 mins 

USED COMPONENTS: 20 OF 74 

rel. MC standard error: 0.0127 to 0.0631
eff. sample size: 252 to 6230
needed thinning: 4 to 84
Diagnostics time 0.52 secs 

Total number of iterations 14040 - required further 651 

Chain # 3 - chunk 26 (chain 3 of 4 for this core): increasing by 652 

Iterations: 652 
|-------------|-------------|-------------|-------------|
|-------------------------------------------------------|

Current time: 2024-11-25 10:27:52
MCMC time 6 mins 

USED COMPONENTS: 19 OF 74 

rel. MC standard error: 0.0121 to 0.0627
eff. sample size: 254 to 6860
needed thinning: 4 to 87
Diagnostics time 1 secs 

Total number of iterations 14692 - required further 674 

Chain # 3 - chunk 27 (chain 3 of 4 for this core): increasing by 675 

Iterations: 675 
|-------------|-------------|-------------|-------------|
|-------------------------------------------------------|

Current time: 2024-11-25 10:28:03
MCMC time 6.2 mins 

USED COMPONENTS: 20 OF 74 

rel. MC standard error: 0.0113 to 0.0624
eff. sample size: 257 to 7850
needed thinning: 3 to 90
Diagnostics time 0.56 secs 

Total number of iterations 15367 - required further 698 

Chain # 3 - chunk 28 (chain 3 of 4 for this core): increasing by 699 

Iterations: 699 
|-------------|-------------|-------------|-------------|
|-------------------------------------------------------|

Current time: 2024-11-25 10:28:14
MCMC time 6.4 mins 

USED COMPONENTS: 18 OF 74 

rel. MC standard error: 0.0108 to 0.0614
eff. sample size: 266 to 8570
needed thinning: 3 to 91
Diagnostics time 1 secs 

Total number of iterations 16066 - required further 705 

Chain # 3 - chunk 29 (chain 3 of 4 for this core): increasing by 706 

Iterations: 706 
|-------------|-------------|-------------|-------------|
|-------------------------------------------------------|

Current time: 2024-11-25 10:28:26
MCMC time 6.6 mins 

USED COMPONENTS: 18 OF 74 

rel. MC standard error: 0.0128 to 0.0618
eff. sample size: 262 to 6110
needed thinning: 5 to 97
Diagnostics time 0.57 secs 

Total number of iterations 16772 - required further 752 

Chain # 3 - chunk 30 (chain 3 of 4 for this core): increasing by 753 

Iterations: 753 
|-------------|-------------|-------------|-------------|
|-------------------------------------------------------|

Current time: 2024-11-25 10:28:38
MCMC time 6.8 mins 

USED COMPONENTS: 18 OF 74 

rel. MC standard error: 0.0118 to 0.0612
eff. sample size: 267 to 7130
needed thinning: 4 to 99
Diagnostics time 0.58 secs 

Total number of iterations 17525 - required further 767 

Chain # 3 - chunk 31 (chain 3 of 4 for this core): increasing by 768 

Iterations: 768 
|-------------|-------------|-------------|-------------|
|-------------------------------------------------------|

Current time: 2024-11-25 10:28:51
MCMC time 7 mins 

USED COMPONENTS: 20 OF 74 

rel. MC standard error: 0.0116 to 0.0618
eff. sample size: 262 to 7490
needed thinning: 4 to 105
Diagnostics time 1.1 secs 

Total number of iterations 18293 - required further 814 

Chain # 3 - chunk 32 (chain 3 of 4 for this core): increasing by 815 

Iterations: 815 
|-------------|-------------|-------------|-------------|
|-------------------------------------------------------|

Current time: 2024-11-25 10:29:04
MCMC time 7.2 mins 

USED COMPONENTS: 19 OF 74 

rel. MC standard error: 0.0123 to 0.0598
eff. sample size: 280 to 6580
needed thinning: 5 to 103
Diagnostics time 0.68 secs 

Total number of iterations 19108 - required further 798 

Chain # 3 - chunk 33 (chain 3 of 4 for this core): increasing by 799 

Iterations: 799 
|-------------|-------------|-------------|-------------|
|-------------------------------------------------------|

Current time: 2024-11-25 10:29:17
MCMC time 7.4 mins 

USED COMPONENTS: 19 OF 74 

rel. MC standard error: 0.0134 to 0.059
eff. sample size: 287 to 5530
needed thinning: 6 to 104
Diagnostics time 0.59 secs 

Total number of iterations 19907 - required further 806 

Chain # 3 - chunk 34 (chain 3 of 4 for this core): increasing by 807 

Iterations: 807 
|-------------|-------------|-------------|-------------|
|-------------------------------------------------------|

Current time: 2024-11-25 10:29:30
MCMC time 7.6 mins 

USED COMPONENTS: 19 OF 74 

rel. MC standard error: 0.0133 to 0.0577
eff. sample size: 300 to 5660
needed thinning: 6 to 104
Diagnostics time 0.7 secs 

Total number of iterations 20714 - required further 806 

Chain # 3 - chunk 35 (chain 3 of 4 for this core): increasing by 807 

Iterations: 807 
|-------------|-------------|-------------|-------------|
|-------------------------------------------------------|

Current time: 2024-11-25 10:29:43
MCMC time 7.9 mins 

USED COMPONENTS: 19 OF 74 

rel. MC standard error: 0.0134 to 0.0563
eff. sample size: 315 to 5590
needed thinning: 6 to 103
Diagnostics time 0.61 secs 

Total number of iterations 21521 - required further 798 

Chain # 3 - chunk 36 (chain 3 of 4 for this core): increasing by 799 

Iterations: 799 
|-------------|-------------|-------------|-------------|
|-------------------------------------------------------|

Current time: 2024-11-25 10:29:55
MCMC time 8.1 mins 

USED COMPONENTS: 19 OF 74 

rel. MC standard error: 0.0132 to 0.0554
eff. sample size: 326 to 5750
needed thinning: 6 to 103
Diagnostics time 0.67 secs 

Total number of iterations 22320 - required further 798 

Chain # 3 - chunk 37 (chain 3 of 4 for this core): increasing by 799 

Iterations: 799 
|-------------|-------------|-------------|-------------|
|-------------------------------------------------------|

Current time: 2024-11-25 10:30:08
MCMC time 8.3 mins 

USED COMPONENTS: 17 OF 74 

rel. MC standard error: 0.013 to 0.0547
eff. sample size: 334 to 5950
needed thinning: 6 to 104
Diagnostics time 0.59 secs 

Total number of iterations 23119 - required further 806 

Chain # 3 - chunk 38 (chain 3 of 4 for this core): increasing by 807 

Iterations: 807 
|-------------|-------------|-------------|-------------|
|-------------------------------------------------------|

Current time: 2024-11-25 10:30:21
MCMC time 8.5 mins 

USED COMPONENTS: 18 OF 74 

rel. MC standard error: 0.0141 to 0.0543
eff. sample size: 340 to 5010
needed thinning: 8 to 106
Diagnostics time 0.71 secs 

Total number of iterations 23926 - required further 822 

Chain # 3 - chunk 39 (chain 3 of 4 for this core): increasing by 823 

Iterations: 823 
|-------------|-------------|-------------|-------------|
|-------------------------------------------------------|

Current time: 2024-11-25 10:30:35
MCMC time 8.7 mins 

USED COMPONENTS: 20 OF 74 

rel. MC standard error: 0.0166 to 0.0529
eff. sample size: 357 to 3650
needed thinning: 11 to 104
Diagnostics time 0.62 secs 

Total number of iterations 24749 - required further 806 

Chain # 3 - chunk 40 (chain 3 of 4 for this core): increasing by 807 

Iterations: 807 
|-------------|-------------|-------------|-------------|
|-------------------------------------------------------|

Current time: 2024-11-25 10:30:47
MCMC time 8.9 mins 

USED COMPONENTS: 18 OF 74 

rel. MC standard error: 0.016 to 0.0523
eff. sample size: 365 to 3920
needed thinning: 10 to 105
Diagnostics time 0.55 secs 

Total number of iterations 25556 - required further 814 

Chain # 3 - chunk 41 (chain 3 of 4 for this core): increasing by 815 

Iterations: 815 
|-------------|-------------|-------------|-------------|
|-------------------------------------------------------|

Current time: 2024-11-25 10:31:00
MCMC time 9.2 mins 

USED COMPONENTS: 18 OF 74 

rel. MC standard error: 0.0159 to 0.0519
eff. sample size: 371 to 3970
needed thinning: 10 to 107
Diagnostics time 0.65 secs 

Total number of iterations 26371 - required further 829 

Chain # 3 - chunk 42 (chain 3 of 4 for this core): increasing by 830 

Iterations: 830 
|-------------|-------------|-------------|-------------|
|-------------------------------------------------------|

Current time: 2024-11-25 10:31:14
MCMC time 9.4 mins 

USED COMPONENTS: 18 OF 74 

rel. MC standard error: 0.0154 to 0.0507
eff. sample size: 389 to 4220
needed thinning: 10 to 105
Diagnostics time 0.69 secs 

Total number of iterations 27201 - required further 814 

Chain # 3 - chunk 43 (chain 3 of 4 for this core): increasing by 815 

Iterations: 815 
|-------------|-------------|-------------|-------------|
|-------------------------------------------------------|

Current time: 2024-11-25 10:31:27
MCMC time 9.6 mins 

USED COMPONENTS: 17 OF 74 

rel. MC standard error: 0.0152 to 0.0499
eff. sample size: 402 to 4360
needed thinning: 10 to 105
Diagnostics time 0.62 secs 

Total number of iterations 28016 - required further 0 

Keeping last 60 samples with thinning 105 

Plotting traces and samples.

Current time: 2024-11-25 10:31:30
MCMC + diagnostics time 9.7 mins 

Chain # 4 (chain 4 of 4 for this core)

Datapoints for testing convergence:
 #4 #5 #10 #24 #28 #44 #50 #51 #55 #56 #57 #59 #67 #85 #87 #95 #96 #111 #113 #115 

Iterations: 3600 
|-------------|-------------|-------------|-------------|
|-------------------------------------------------------|

Current time: 2024-11-25 10:32:23
MCMC time 11 mins 

USED COMPONENTS: 25 OF 74 

rel. MC standard error: 0.0149 to 0.0485
eff. sample size: 425 to 4530
needed thinning: 2 to 13
Diagnostics time 2.6 secs 

Total number of iterations 3600 - required further 0 

Keeping last 60 samples with thinning 13 

Plotting traces and samples.

Current time: 2024-11-25 10:32:27
MCMC + diagnostics time 11 mins 

Current time: 2024-11-25 10:32:27
Total time 11 mins 
loaded inferno and set parent environment
loaded inferno and set parent environment
loaded inferno and set parent environment
loaded inferno and set parent environment
