Log core 16 - Current time: 2024-11-21 03:36:53
Defining model
Building model
Setting data and initial values
Running calculate on model
  [Note] Any error reports that follow may simply reflect missing values in model variables.
Checking model sizes and dimensions
Compiling
  [Note] This may take a minute.
  [Note] Use 'showCompilerOutput = TRUE' to see C++ compilation details.
===== Monitors =====
thin = 1: Bprob, Rmean, Rvar, W
thin2 = 1: K
===== Samplers =====
conjugate sampler (519)
  - Rmean[]  (148 elements)
  - Rrate[]  (148 elements)
  - Bprob[]  (74 elements)
  - Rvar[]  (148 elements)
  - W[1:74] 
categorical sampler (3601)
  - Alpha
  - K[]  (3600 elements)
===== Monitors =====
thin = 1: Bprob, Rmean, Rvar, W
thin2 = 1: K
===== Samplers =====
slice sampler (3601)
  - Alpha
  - K[]  (3600 elements)
conjugate sampler (519)
  - Rmean[]  (148 elements)
  - Rrate[]  (148 elements)
  - Bprob[]  (74 elements)
  - Rvar[]  (148 elements)
  - W[1:74] 
Compiling
  [Note] This may take a minute.
  [Note] Use 'showCompilerOutput = TRUE' to see C++ compilation details.

Setup time 15 mins 

Chain # 16 (chain 1 of 1 for this core)

Datapoints for testing convergence:
 #89 #295 #362 #452 #528 #534 #562 #618 #1121 #1282 #1442 #1535 #1729 #2141 #2519 #2894 #2897 #3053 #3245 #3581 

Iterations: 3600 
|-------------|-------------|-------------|-------------|
|-------------------------------------------------------|

Current time: 2024-11-21 04:12:44
MCMC time 21 mins 

USED COMPONENTS: 65 OF 74 

rel. MC standard error: 0.0141 to 0.101
eff. sample size: 97.4 to 5060
needed thinning: 2 to 56
Diagnostics time 1.6 secs 

Total number of iterations 3600 - required further 434 

Chain # 16 - chunk 2 (chain 1 of 1 for this core): increasing by 435 

Iterations: 435 
|-------------|-------------|-------------|-------------|
|-------------------------------------------------------|

Current time: 2024-11-21 04:14:47
MCMC time 23 mins 

USED COMPONENTS: 64 OF 74 

rel. MC standard error: 0.0149 to 0.0968
eff. sample size: 107 to 4530
needed thinning: 2 to 57
Diagnostics time 0.29 secs 

Total number of iterations 4035 - required further 442 

Chain # 16 - chunk 3 (chain 1 of 1 for this core): increasing by 443 

Iterations: 443 
|-------------|-------------|-------------|-------------|
|-------------------------------------------------------|

Current time: 2024-11-21 04:17:58
MCMC time 26 mins 

USED COMPONENTS: 65 OF 74 

rel. MC standard error: 0.0141 to 0.0929
eff. sample size: 116 to 5060
needed thinning: 2 to 59
Diagnostics time 0.43 secs 

Total number of iterations 4478 - required further 458 

Chain # 16 - chunk 4 (chain 1 of 1 for this core): increasing by 459 

Iterations: 459 
|-------------|-------------|-------------|-------------|
|-------------------------------------------------------|

Current time: 2024-11-21 04:21:25
MCMC time 30 mins 

USED COMPONENTS: 65 OF 74 

rel. MC standard error: 0.0128 to 0.0907
eff. sample size: 122 to 6090
needed thinning: 2 to 61
Diagnostics time 0.63 secs 

Total number of iterations 4937 - required further 473 

Chain # 16 - chunk 5 (chain 1 of 1 for this core): increasing by 474 

Iterations: 474 
|-------------|-------------|-------------|-------------|
|-------------------------------------------------------|

Current time: 2024-11-21 04:24:59
MCMC time 33 mins 

USED COMPONENTS: 65 OF 74 

rel. MC standard error: 0.013 to 0.0869
eff. sample size: 132 to 5950
needed thinning: 2 to 62
Diagnostics time 0.48 secs 

Total number of iterations 5411 - required further 481 

Chain # 16 - chunk 6 (chain 1 of 1 for this core): increasing by 482 

Iterations: 482 
|-------------|-------------|-------------|-------------|
|-------------------------------------------------------|

Current time: 2024-11-21 04:28:37
MCMC time 37 mins 

USED COMPONENTS: 65 OF 74 

rel. MC standard error: 0.0113 to 0.0849
eff. sample size: 139 to 7800
needed thinning: 2 to 64
Diagnostics time 0.51 secs 

Total number of iterations 5893 - required further 496 

Chain # 16 - chunk 7 (chain 1 of 1 for this core): increasing by 497 

Iterations: 497 
|-------------|-------------|-------------|-------------|
|-------------------------------------------------------|

Current time: 2024-11-21 04:30:57
MCMC time 39 mins 

USED COMPONENTS: 65 OF 74 

rel. MC standard error: 0.012 to 0.0826
eff. sample size: 147 to 6920
needed thinning: 2 to 66
Diagnostics time 1.1 secs 

Total number of iterations 6390 - required further 512 

Chain # 16 - chunk 8 (chain 1 of 1 for this core): increasing by 513 

Iterations: 513 
|-------------|-------------|-------------|-------------|
|-------------------------------------------------------|

Current time: 2024-11-21 04:33:19
MCMC time 42 mins 

USED COMPONENTS: 65 OF 74 

rel. MC standard error: 0.0119 to 0.0801
eff. sample size: 156 to 7090
needed thinning: 2 to 67
Diagnostics time 0.25 secs 

Total number of iterations 6903 - required further 519 

Chain # 16 - chunk 9 (chain 1 of 1 for this core): increasing by 520 

Iterations: 520 
|-------------|-------------|-------------|-------------|
|-------------------------------------------------------|

Current time: 2024-11-21 04:35:42
MCMC time 44 mins 

USED COMPONENTS: 65 OF 74 

rel. MC standard error: 0.0109 to 0.0789
eff. sample size: 161 to 8480
needed thinning: 2 to 70
Diagnostics time 0.25 secs 

Total number of iterations 7423 - required further 543 

Chain # 16 - chunk 10 (chain 1 of 1 for this core): increasing by 544 

Iterations: 544 
|-------------|-------------|-------------|-------------|
|-------------------------------------------------------|

Current time: 2024-11-21 04:38:11
MCMC time 47 mins 

USED COMPONENTS: 65 OF 74 

rel. MC standard error: 0.0112 to 0.0779
eff. sample size: 165 to 7980
needed thinning: 2 to 73
Diagnostics time 0.27 secs 

Total number of iterations 7967 - required further 566 

Chain # 16 - chunk 11 (chain 1 of 1 for this core): increasing by 567 

Iterations: 567 
|-------------|-------------|-------------|-------------|
|-------------------------------------------------------|

Current time: 2024-11-21 04:40:47
MCMC time 49 mins 

USED COMPONENTS: 65 OF 74 

rel. MC standard error: 0.011 to 0.0765
eff. sample size: 171 to 8320
needed thinning: 2 to 75
Diagnostics time 0.33 secs 

Total number of iterations 8534 - required further 581 

Chain # 16 - chunk 12 (chain 1 of 1 for this core): increasing by 582 

Iterations: 582 
|-------------|-------------|-------------|-------------|
|-------------------------------------------------------|

Current time: 2024-11-21 04:43:27
MCMC time 52 mins 

USED COMPONENTS: 65 OF 74 

rel. MC standard error: 0.0099 to 0.0752
eff. sample size: 177 to 10200
needed thinning: 2 to 78
Diagnostics time 0.32 secs 

Total number of iterations 9116 - required further 605 

Chain # 16 - chunk 13 (chain 1 of 1 for this core): increasing by 606 

Iterations: 606 
|-------------|-------------|-------------|-------------|
|-------------------------------------------------------|

Current time: 2024-11-21 04:46:14
MCMC time 55 mins 

USED COMPONENTS: 65 OF 74 

rel. MC standard error: 0.01 to 0.0741
eff. sample size: 182 to 10000
needed thinning: 2 to 81
Diagnostics time 0.43 secs 

Total number of iterations 9722 - required further 628 

Chain # 16 - chunk 14 (chain 1 of 1 for this core): increasing by 629 

Iterations: 629 
|-------------|-------------|-------------|-------------|
|-------------------------------------------------------|

Current time: 2024-11-21 04:49:07
MCMC time 57 mins 

USED COMPONENTS: 65 OF 74 

rel. MC standard error: 0.00931 to 0.0728
eff. sample size: 189 to 11500
needed thinning: 2 to 83
Diagnostics time 0.35 secs 

Total number of iterations 10351 - required further 643 

Chain # 16 - chunk 15 (chain 1 of 1 for this core): increasing by 644 

Iterations: 644 
|-------------|-------------|-------------|-------------|
|-------------------------------------------------------|

Current time: 2024-11-21 04:52:03
MCMC time 1 hours 

USED COMPONENTS: 65 OF 74 

rel. MC standard error: 0.00931 to 0.0711
eff. sample size: 198 to 11500
needed thinning: 2 to 84
Diagnostics time 0.35 secs 

Total number of iterations 10995 - required further 651 

Chain # 16 - chunk 16 (chain 1 of 1 for this core): increasing by 652 

Iterations: 652 
|-------------|-------------|-------------|-------------|
|-------------------------------------------------------|

Current time: 2024-11-21 04:55:03
MCMC time 1.1 hours 

USED COMPONENTS: 65 OF 74 

rel. MC standard error: 0.00881 to 0.0696
eff. sample size: 206 to 12900
needed thinning: 2 to 85
Diagnostics time 0.34 secs 

Total number of iterations 11647 - required further 659 

Chain # 16 - chunk 17 (chain 1 of 1 for this core): increasing by 660 

Iterations: 660 
|-------------|-------------|-------------|-------------|
|-------------------------------------------------------|

Current time: 2024-11-21 04:58:04
MCMC time 1.1 hours 

USED COMPONENTS: 65 OF 74 

rel. MC standard error: 0.00884 to 0.0682
eff. sample size: 215 to 12800
needed thinning: 2 to 86
Diagnostics time 0.36 secs 

Total number of iterations 12307 - required further 667 

Chain # 16 - chunk 18 (chain 1 of 1 for this core): increasing by 668 

Iterations: 668 
|-------------|-------------|-------------|-------------|
|-------------------------------------------------------|

Current time: 2024-11-21 05:01:08
MCMC time 1.2 hours 

USED COMPONENTS: 66 OF 74 

rel. MC standard error: 0.00838 to 0.067
eff. sample size: 223 to 14200
needed thinning: 2 to 88
Diagnostics time 0.37 secs 

Total number of iterations 12975 - required further 682 

Chain # 16 - chunk 19 (chain 1 of 1 for this core): increasing by 683 

Iterations: 683 
|-------------|-------------|-------------|-------------|
|-------------------------------------------------------|

Current time: 2024-11-21 05:04:15
MCMC time 1.2 hours 

USED COMPONENTS: 65 OF 74 

rel. MC standard error: 0.00783 to 0.0658
eff. sample size: 231 to 16300
needed thinning: 2 to 89
Diagnostics time 0.4 secs 

Total number of iterations 13658 - required further 690 

Chain # 16 - chunk 20 (chain 1 of 1 for this core): increasing by 691 

Iterations: 691 
|-------------|-------------|-------------|-------------|
|-------------------------------------------------------|

Current time: 2024-11-21 05:07:25
MCMC time 1.3 hours 

USED COMPONENTS: 65 OF 74 

rel. MC standard error: 0.00817 to 0.0645
eff. sample size: 241 to 15000
needed thinning: 2 to 90
Diagnostics time 0.36 secs 

Total number of iterations 14349 - required further 698 

Chain # 16 - chunk 21 (chain 1 of 1 for this core): increasing by 699 

Iterations: 699 
|-------------|-------------|-------------|-------------|
|-------------------------------------------------------|

Current time: 2024-11-21 05:10:37
MCMC time 1.3 hours 

USED COMPONENTS: 65 OF 74 

rel. MC standard error: 0.00765 to 0.0633
eff. sample size: 250 to 17100
needed thinning: 2 to 91
Diagnostics time 1.1 secs 

Total number of iterations 15048 - required further 705 

Chain # 16 - chunk 22 (chain 1 of 1 for this core): increasing by 706 

Iterations: 706 
|-------------|-------------|-------------|-------------|
|-------------------------------------------------------|

Current time: 2024-11-21 05:13:51
MCMC time 1.4 hours 

USED COMPONENTS: 65 OF 74 

rel. MC standard error: 0.0075 to 0.062
eff. sample size: 260 to 17800
needed thinning: 2 to 91
Diagnostics time 0.38 secs 

Total number of iterations 15754 - required further 705 

Chain # 16 - chunk 23 (chain 1 of 1 for this core): increasing by 706 

Iterations: 706 
|-------------|-------------|-------------|-------------|
|-------------------------------------------------------|

Current time: 2024-11-21 05:17:05
MCMC time 1.4 hours 

USED COMPONENTS: 65 OF 74 

rel. MC standard error: 0.0076 to 0.0612
eff. sample size: 267 to 17300
needed thinning: 2 to 93
Diagnostics time 0.37 secs 

Total number of iterations 16460 - required further 721 

Chain # 16 - chunk 24 (chain 1 of 1 for this core): increasing by 722 

Iterations: 722 
|-------------|-------------|-------------|-------------|
|-------------------------------------------------------|

Current time: 2024-11-21 05:20:23
MCMC time 1.5 hours 

USED COMPONENTS: 66 OF 74 

rel. MC standard error: 0.00751 to 0.06
eff. sample size: 278 to 17700
needed thinning: 2 to 93
Diagnostics time 0.4 secs 

Total number of iterations 17182 - required further 721 

Chain # 16 - chunk 25 (chain 1 of 1 for this core): increasing by 722 

Iterations: 722 
|-------------|-------------|-------------|-------------|
|-------------------------------------------------------|

Current time: 2024-11-21 05:23:41
MCMC time 1.5 hours 

USED COMPONENTS: 66 OF 74 

rel. MC standard error: 0.00749 to 0.0587
eff. sample size: 290 to 17800
needed thinning: 2 to 93
Diagnostics time 0.39 secs 

Total number of iterations 17904 - required further 721 

Chain # 16 - chunk 26 (chain 1 of 1 for this core): increasing by 722 

Iterations: 722 
|-------------|-------------|-------------|-------------|
|-------------------------------------------------------|

Current time: 2024-11-21 05:27:00
MCMC time 1.6 hours 

USED COMPONENTS: 65 OF 74 

rel. MC standard error: 0.00717 to 0.0578
eff. sample size: 299 to 19500
needed thinning: 2 to 94
Diagnostics time 0.38 secs 

Total number of iterations 18626 - required further 729 

Chain # 16 - chunk 27 (chain 1 of 1 for this core): increasing by 730 

Iterations: 730 
|-------------|-------------|-------------|-------------|
|-------------------------------------------------------|

Current time: 2024-11-21 05:30:20
MCMC time 1.6 hours 

USED COMPONENTS: 65 OF 74 

rel. MC standard error: 0.00692 to 0.0568
eff. sample size: 310 to 20900
needed thinning: 2 to 94
Diagnostics time 0.35 secs 

Total number of iterations 19356 - required further 729 

Chain # 16 - chunk 28 (chain 1 of 1 for this core): increasing by 730 

Iterations: 730 
|-------------|-------------|-------------|-------------|
|-------------------------------------------------------|

Current time: 2024-11-21 05:33:40
MCMC time 1.7 hours 

USED COMPONENTS: 66 OF 74 

rel. MC standard error: 0.0069 to 0.0559
eff. sample size: 320 to 21000
needed thinning: 2 to 95
Diagnostics time 0.35 secs 

Total number of iterations 20086 - required further 736 

Chain # 16 - chunk 29 (chain 1 of 1 for this core): increasing by 737 

Iterations: 737 
|-------------|-------------|-------------|-------------|
|-------------------------------------------------------|

Current time: 2024-11-21 05:37:03
MCMC time 1.8 hours 

USED COMPONENTS: 65 OF 74 

rel. MC standard error: 0.00643 to 0.0551
eff. sample size: 329 to 24200
needed thinning: 2 to 95
Diagnostics time 0.43 secs 

Total number of iterations 20823 - required further 736 

Chain # 16 - chunk 30 (chain 1 of 1 for this core): increasing by 737 

Iterations: 737 
|-------------|-------------|-------------|-------------|
|-------------------------------------------------------|

Current time: 2024-11-21 05:40:25
MCMC time 1.8 hours 

USED COMPONENTS: 65 OF 74 

rel. MC standard error: 0.00676 to 0.054
eff. sample size: 343 to 21900
needed thinning: 2 to 95
Diagnostics time 0.4 secs 

Total number of iterations 21560 - required further 736 

Chain # 16 - chunk 31 (chain 1 of 1 for this core): increasing by 737 

Iterations: 737 
|-------------|-------------|-------------|-------------|
|-------------------------------------------------------|

Current time: 2024-11-21 05:43:50
MCMC time 1.9 hours 

USED COMPONENTS: 66 OF 74 

rel. MC standard error: 0.0065 to 0.0533
eff. sample size: 353 to 23700
needed thinning: 2 to 95
Diagnostics time 0.41 secs 

Total number of iterations 22297 - required further 736 

Chain # 16 - chunk 32 (chain 1 of 1 for this core): increasing by 737 

Iterations: 737 
|-------------|-------------|-------------|-------------|
|-------------------------------------------------------|

Current time: 2024-11-21 05:47:12
MCMC time 1.9 hours 

USED COMPONENTS: 66 OF 74 

rel. MC standard error: 0.00632 to 0.0522
eff. sample size: 368 to 25100
needed thinning: 2 to 94
Diagnostics time 0.39 secs 

Total number of iterations 23034 - required further 729 

Chain # 16 - chunk 33 (chain 1 of 1 for this core): increasing by 730 

Iterations: 730 
|-------------|-------------|-------------|-------------|
|-------------------------------------------------------|

Current time: 2024-11-21 05:50:34
MCMC time 2 hours 

USED COMPONENTS: 65 OF 74 

rel. MC standard error: 0.00627 to 0.0515
eff. sample size: 376 to 25400
needed thinning: 2 to 95
Diagnostics time 1.1 secs 

Total number of iterations 23764 - required further 736 

Chain # 16 - chunk 34 (chain 1 of 1 for this core): increasing by 737 

Iterations: 737 
|-------------|-------------|-------------|-------------|
|-------------------------------------------------------|

Current time: 2024-11-21 05:54:01
MCMC time 2 hours 

USED COMPONENTS: 65 OF 74 

rel. MC standard error: 0.00627 to 0.0507
eff. sample size: 389 to 25400
needed thinning: 2 to 95
Diagnostics time 0.41 secs 

Total number of iterations 24501 - required further 736 

Chain # 16 - chunk 35 (chain 1 of 1 for this core): increasing by 737 

Iterations: 737 
|-------------|-------------|-------------|-------------|
|-------------------------------------------------------|

Current time: 2024-11-21 05:57:27
MCMC time 2.1 hours 

USED COMPONENTS: 65 OF 74 

rel. MC standard error: 0.00621 to 0.0499
eff. sample size: 402 to 26000
needed thinning: 2 to 95
Diagnostics time 0.42 secs 

Total number of iterations 25238 - required further 0 

Keeping last 60 samples with thinning 95 

Plotting traces and samples.

Current time: 2024-11-21 05:57:29
MCMC + diagnostics time 2.1 hours 

Current time: 2024-11-21 05:57:29
Total time 2.1 hours 
loaded inferno and set parent environment
loaded inferno and set parent environment
loaded inferno and set parent environment
loaded inferno and set parent environment
Error in gzfile(file, "rb") : cannot open the connection
Calls: <Anonymous> -> cleanup -> loadNamespace -> readRDS -> gzfile
In addition: Warning message:
In gzfile(file, "rb") :
  cannot open compressed file '/usr/lib/R/library/tools/Meta/nsInfo.rds', probable reason 'Transport endpoint is not connected'
