Log core 13 - Current time: 2024-11-21 03:36:53
Defining model
Building model
Setting data and initial values
Running calculate on model
  [Note] Any error reports that follow may simply reflect missing values in model variables.
Checking model sizes and dimensions
Compiling
  [Note] This may take a minute.
  [Note] Use 'showCompilerOutput = TRUE' to see C++ compilation details.
===== Monitors =====
thin = 1: Bprob, Rmean, Rvar, W
thin2 = 1: K
===== Samplers =====
conjugate sampler (519)
  - Rmean[]  (148 elements)
  - Rrate[]  (148 elements)
  - Bprob[]  (74 elements)
  - Rvar[]  (148 elements)
  - W[1:74] 
categorical sampler (3601)
  - Alpha
  - K[]  (3600 elements)
===== Monitors =====
thin = 1: Bprob, Rmean, Rvar, W
thin2 = 1: K
===== Samplers =====
slice sampler (3601)
  - Alpha
  - K[]  (3600 elements)
conjugate sampler (519)
  - Rmean[]  (148 elements)
  - Rrate[]  (148 elements)
  - Bprob[]  (74 elements)
  - Rvar[]  (148 elements)
  - W[1:74] 
Compiling
  [Note] This may take a minute.
  [Note] Use 'showCompilerOutput = TRUE' to see C++ compilation details.

Setup time 9 mins 

Chain # 13 (chain 1 of 1 for this core)

Datapoints for testing convergence:
 #31 #592 #679 #806 #848 #1338 #1729 #2018 #2224 #2239 #2437 #2497 #2673 #2887 #2997 #3033 #3119 #3276 #3291 #3504 

Iterations: 3600 
|-------------|-------------|-------------|-------------|
|-------------------------------------------------------|

Current time: 2024-11-21 04:02:53
MCMC time 17 mins 

USED COMPONENTS: 64 OF 74 

rel. MC standard error: 0.013 to 0.0604
eff. sample size: 274 to 5930
needed thinning: 1 to 20
Diagnostics time 1.6 secs 

Total number of iterations 3600 - required further 155 

Chain # 13 - chunk 2 (chain 1 of 1 for this core): increasing by 156 

Iterations: 156 
|-------------|-------------|-------------|-------------|
|-------------------------------------------------------|

Current time: 2024-11-21 04:03:40
MCMC time 18 mins 

USED COMPONENTS: 63 OF 74 

rel. MC standard error: 0.0157 to 0.0599
eff. sample size: 278 to 4030
needed thinning: 2 to 21
Diagnostics time 0.1 secs 

Total number of iterations 3756 - required further 163 

Chain # 13 - chunk 3 (chain 1 of 1 for this core): increasing by 164 

Iterations: 164 
|-------------|-------------|-------------|-------------|
|-------------------------------------------------------|

Current time: 2024-11-21 04:04:27
MCMC time 19 mins 

USED COMPONENTS: 63 OF 74 

rel. MC standard error: 0.0155 to 0.0575
eff. sample size: 302 to 4140
needed thinning: 2 to 20
Diagnostics time 0.18 secs 

Total number of iterations 3920 - required further 155 

Chain # 13 - chunk 4 (chain 1 of 1 for this core): increasing by 156 

Iterations: 156 
|-------------|-------------|-------------|-------------|
|-------------------------------------------------------|

Current time: 2024-11-21 04:05:11
MCMC time 19 mins 

USED COMPONENTS: 63 OF 74 

rel. MC standard error: 0.0147 to 0.0563
eff. sample size: 316 to 4650
needed thinning: 2 to 20
Diagnostics time 0.11 secs 

Total number of iterations 4076 - required further 155 

Chain # 13 - chunk 5 (chain 1 of 1 for this core): increasing by 156 

Iterations: 156 
|-------------|-------------|-------------|-------------|
|-------------------------------------------------------|

Current time: 2024-11-21 04:05:55
MCMC time 20 mins 

USED COMPONENTS: 63 OF 74 

rel. MC standard error: 0.013 to 0.056
eff. sample size: 319 to 5910
needed thinning: 2 to 20
Diagnostics time 0.18 secs 

Total number of iterations 4232 - required further 155 

Chain # 13 - chunk 6 (chain 1 of 1 for this core): increasing by 156 

Iterations: 156 
|-------------|-------------|-------------|-------------|
|-------------------------------------------------------|

Current time: 2024-11-21 04:06:40
MCMC time 21 mins 

USED COMPONENTS: 63 OF 74 

rel. MC standard error: 0.0135 to 0.0569
eff. sample size: 309 to 5520
needed thinning: 2 to 22
Diagnostics time 0.11 secs 

Total number of iterations 4388 - required further 171 

Chain # 13 - chunk 7 (chain 1 of 1 for this core): increasing by 172 

Iterations: 172 
|-------------|-------------|-------------|-------------|
|-------------------------------------------------------|

Current time: 2024-11-21 04:07:29
MCMC time 22 mins 

USED COMPONENTS: 63 OF 74 

rel. MC standard error: 0.0135 to 0.0553
eff. sample size: 327 to 5510
needed thinning: 2 to 21
Diagnostics time 0.13 secs 

Total number of iterations 4560 - required further 163 

Chain # 13 - chunk 8 (chain 1 of 1 for this core): increasing by 164 

Iterations: 164 
|-------------|-------------|-------------|-------------|
|-------------------------------------------------------|

Current time: 2024-11-21 04:08:15
MCMC time 22 mins 

USED COMPONENTS: 63 OF 74 

rel. MC standard error: 0.0137 to 0.054
eff. sample size: 343 to 5360
needed thinning: 2 to 21
Diagnostics time 0.18 secs 

Total number of iterations 4724 - required further 163 

Chain # 13 - chunk 9 (chain 1 of 1 for this core): increasing by 164 

Iterations: 164 
|-------------|-------------|-------------|-------------|
|-------------------------------------------------------|

Current time: 2024-11-21 04:09:02
MCMC time 23 mins 

USED COMPONENTS: 65 OF 74 

rel. MC standard error: 0.0115 to 0.0535
eff. sample size: 350 to 7520
needed thinning: 1 to 21
Diagnostics time 0.12 secs 

Total number of iterations 4888 - required further 163 

Chain # 13 - chunk 10 (chain 1 of 1 for this core): increasing by 164 

Iterations: 164 
|-------------|-------------|-------------|-------------|
|-------------------------------------------------------|

Current time: 2024-11-21 04:09:49
MCMC time 24 mins 

USED COMPONENTS: 62 OF 74 

rel. MC standard error: 0.0132 to 0.0527
eff. sample size: 360 to 5750
needed thinning: 2 to 22
Diagnostics time 0.17 secs 

Total number of iterations 5052 - required further 171 

Chain # 13 - chunk 11 (chain 1 of 1 for this core): increasing by 172 

Iterations: 172 
|-------------|-------------|-------------|-------------|
|-------------------------------------------------------|

Current time: 2024-11-21 04:10:38
MCMC time 25 mins 

USED COMPONENTS: 62 OF 74 

rel. MC standard error: 0.0119 to 0.0524
eff. sample size: 364 to 7060
needed thinning: 2 to 22
Diagnostics time 0.28 secs 

Total number of iterations 5224 - required further 171 

Chain # 13 - chunk 12 (chain 1 of 1 for this core): increasing by 172 

Iterations: 172 
|-------------|-------------|-------------|-------------|
|-------------------------------------------------------|

Current time: 2024-11-21 04:11:26
MCMC time 26 mins 

USED COMPONENTS: 62 OF 74 

rel. MC standard error: 0.0126 to 0.0516
eff. sample size: 375 to 6330
needed thinning: 2 to 22
Diagnostics time 0.11 secs 

Total number of iterations 5396 - required further 171 

Chain # 13 - chunk 13 (chain 1 of 1 for this core): increasing by 172 

Iterations: 172 
|-------------|-------------|-------------|-------------|
|-------------------------------------------------------|

Current time: 2024-11-21 04:12:15
MCMC time 26 mins 

USED COMPONENTS: 62 OF 74 

rel. MC standard error: 0.0125 to 0.0506
eff. sample size: 391 to 6350
needed thinning: 2 to 22
Diagnostics time 0.18 secs 

Total number of iterations 5568 - required further 171 

Chain # 13 - chunk 14 (chain 1 of 1 for this core): increasing by 172 

Iterations: 172 
|-------------|-------------|-------------|-------------|
|-------------------------------------------------------|

Current time: 2024-11-21 04:13:03
MCMC time 27 mins 

USED COMPONENTS: 62 OF 74 

rel. MC standard error: 0.0106 to 0.0502
eff. sample size: 396 to 8850
needed thinning: 1 to 22
Diagnostics time 0.12 secs 

Total number of iterations 5740 - required further 171 

Chain # 13 - chunk 15 (chain 1 of 1 for this core): increasing by 172 

Iterations: 172 
|-------------|-------------|-------------|-------------|
|-------------------------------------------------------|

Current time: 2024-11-21 04:13:52
MCMC time 28 mins 

USED COMPONENTS: 62 OF 74 

rel. MC standard error: 0.0116 to 0.0501
eff. sample size: 398 to 7430
needed thinning: 2 to 23
Diagnostics time 0.18 secs 

Total number of iterations 5912 - required further 179 

Chain # 13 - chunk 16 (chain 1 of 1 for this core): increasing by 180 

Iterations: 180 
|-------------|-------------|-------------|-------------|
|-------------------------------------------------------|

Current time: 2024-11-21 04:14:42
MCMC time 29 mins 

USED COMPONENTS: 62 OF 74 

rel. MC standard error: 0.0109 to 0.0482
eff. sample size: 431 to 8410
needed thinning: 2 to 22
Diagnostics time 0.15 secs 

Total number of iterations 6092 - required further 0 

Keeping last 60 samples with thinning 22 

Plotting traces and samples.

Current time: 2024-11-21 04:14:43
MCMC + diagnostics time 29 mins 

Current time: 2024-11-21 04:14:43
Total time 29 mins 
loaded inferno and set parent environment
loaded inferno and set parent environment
loaded inferno and set parent environment
loaded inferno and set parent environment
Error in gzfile(file, "rb") : cannot open the connection
Calls: <Anonymous> -> cleanup -> loadNamespace -> readRDS -> gzfile
In addition: Warning message:
In gzfile(file, "rb") :
  cannot open compressed file '/usr/lib/R/library/tools/Meta/nsInfo.rds', probable reason 'Transport endpoint is not connected'
