Log core 15 - Current time: 2024-11-21 03:36:53
Defining model
Building model
Setting data and initial values
Running calculate on model
  [Note] Any error reports that follow may simply reflect missing values in model variables.
Checking model sizes and dimensions
Compiling
  [Note] This may take a minute.
  [Note] Use 'showCompilerOutput = TRUE' to see C++ compilation details.
===== Monitors =====
thin = 1: Bprob, Rmean, Rvar, W
thin2 = 1: K
===== Samplers =====
conjugate sampler (519)
  - Rmean[]  (148 elements)
  - Rrate[]  (148 elements)
  - Bprob[]  (74 elements)
  - Rvar[]  (148 elements)
  - W[1:74] 
categorical sampler (3601)
  - Alpha
  - K[]  (3600 elements)
===== Monitors =====
thin = 1: Bprob, Rmean, Rvar, W
thin2 = 1: K
===== Samplers =====
slice sampler (3601)
  - Alpha
  - K[]  (3600 elements)
conjugate sampler (519)
  - Rmean[]  (148 elements)
  - Rrate[]  (148 elements)
  - Bprob[]  (74 elements)
  - Rvar[]  (148 elements)
  - W[1:74] 
Compiling
  [Note] This may take a minute.
  [Note] Use 'showCompilerOutput = TRUE' to see C++ compilation details.

Setup time 15 mins 

Chain # 15 (chain 1 of 1 for this core)

Datapoints for testing convergence:
 #40 #146 #206 #242 #385 #581 #587 #832 #1083 #1087 #1346 #1581 #1834 #1905 #2068 #2776 #2781 #2877 #2955 #3304 

Iterations: 3600 
|-------------|-------------|-------------|-------------|
|-------------------------------------------------------|

Current time: 2024-11-21 04:20:00
MCMC time 28 mins 

USED COMPONENTS: 62 OF 74 

rel. MC standard error: 0.015 to 0.0913
eff. sample size: 120 to 4420
needed thinning: 2 to 45
Diagnostics time 2.9 secs 

Total number of iterations 3600 - required further 349 

Chain # 15 - chunk 2 (chain 1 of 1 for this core): increasing by 350 

Iterations: 350 
|-------------|-------------|-------------|-------------|
|-------------------------------------------------------|

Current time: 2024-11-21 04:22:49
MCMC time 31 mins 

USED COMPONENTS: 62 OF 74 

rel. MC standard error: 0.0138 to 0.0871
eff. sample size: 132 to 5210
needed thinning: 2 to 45
Diagnostics time 0.41 secs 

Total number of iterations 3950 - required further 349 

Chain # 15 - chunk 3 (chain 1 of 1 for this core): increasing by 350 

Iterations: 350 
|-------------|-------------|-------------|-------------|
|-------------------------------------------------------|

Current time: 2024-11-21 04:25:33
MCMC time 34 mins 

USED COMPONENTS: 62 OF 74 

rel. MC standard error: 0.0138 to 0.0964
eff. sample size: 108 to 5260
needed thinning: 2 to 60
Diagnostics time 0.41 secs 

Total number of iterations 4300 - required further 465 

Chain # 15 - chunk 4 (chain 1 of 1 for this core): increasing by 466 

Iterations: 466 
|-------------|-------------|-------------|-------------|
|-------------------------------------------------------|

Current time: 2024-11-21 04:29:12
MCMC time 37 mins 

USED COMPONENTS: 61 OF 74 

rel. MC standard error: 0.0138 to 0.0988
eff. sample size: 102 to 5290
needed thinning: 2 to 70
Diagnostics time 0.65 secs 

Total number of iterations 4766 - required further 569 

Chain # 15 - chunk 5 (chain 1 of 1 for this core): increasing by 570 

Iterations: 570 
|-------------|-------------|-------------|-------------|
|-------------------------------------------------------|

Current time: 2024-11-21 04:33:41
MCMC time 42 mins 

USED COMPONENTS: 62 OF 74 

rel. MC standard error: 0.0123 to 0.0975
eff. sample size: 105 to 6560
needed thinning: 2 to 77
Diagnostics time 0.59 secs 

Total number of iterations 5336 - required further 597 

Chain # 15 - chunk 6 (chain 1 of 1 for this core): increasing by 598 

Iterations: 598 
|-------------|-------------|-------------|-------------|
|-------------------------------------------------------|

Current time: 2024-11-21 04:38:23
MCMC time 47 mins 

USED COMPONENTS: 62 OF 74 

rel. MC standard error: 0.0118 to 0.0959
eff. sample size: 109 to 7200
needed thinning: 2 to 82
Diagnostics time 0.6 secs 

Total number of iterations 5934 - required further 636 

Chain # 15 - chunk 7 (chain 1 of 1 for this core): increasing by 637 

Iterations: 637 
|-------------|-------------|-------------|-------------|
|-------------------------------------------------------|

Current time: 2024-11-21 04:43:24
MCMC time 52 mins 

USED COMPONENTS: 63 OF 74 

rel. MC standard error: 0.011 to 0.0939
eff. sample size: 114 to 8260
needed thinning: 2 to 87
Diagnostics time 1.6 secs 

Total number of iterations 6571 - required further 674 

Chain # 15 - chunk 8 (chain 1 of 1 for this core): increasing by 675 

Iterations: 675 
|-------------|-------------|-------------|-------------|
|-------------------------------------------------------|

Current time: 2024-11-21 04:48:43
MCMC time 57 mins 

USED COMPONENTS: 62 OF 74 

rel. MC standard error: 0.01 to 0.0918
eff. sample size: 119 to 9990
needed thinning: 2 to 92
Diagnostics time 0.65 secs 

Total number of iterations 7246 - required further 713 

Chain # 15 - chunk 9 (chain 1 of 1 for this core): increasing by 714 

Iterations: 714 
|-------------|-------------|-------------|-------------|
|-------------------------------------------------------|

Current time: 2024-11-21 04:53:28
MCMC time 1 hours 

USED COMPONENTS: 62 OF 74 

rel. MC standard error: 0.0101 to 0.0894
eff. sample size: 125 to 9740
needed thinning: 2 to 96
Diagnostics time 0.37 secs 

Total number of iterations 7960 - required further 744 

Chain # 15 - chunk 10 (chain 1 of 1 for this core): increasing by 745 

Iterations: 745 
|-------------|-------------|-------------|-------------|
|-------------------------------------------------------|

Current time: 2024-11-21 04:57:10
MCMC time 1.1 hours 

USED COMPONENTS: 61 OF 74 

rel. MC standard error: 0.01 to 0.0876
eff. sample size: 130 to 9960
needed thinning: 2 to 101
Diagnostics time 0.4 secs 

Total number of iterations 8705 - required further 783 

Chain # 15 - chunk 11 (chain 1 of 1 for this core): increasing by 784 

Iterations: 784 
|-------------|-------------|-------------|-------------|
|-------------------------------------------------------|

Current time: 2024-11-21 05:01:04
MCMC time 1.2 hours 

USED COMPONENTS: 62 OF 74 

rel. MC standard error: 0.00972 to 0.0857
eff. sample size: 136 to 10600
needed thinning: 2 to 105
Diagnostics time 0.42 secs 

Total number of iterations 9489 - required further 814 

Chain # 15 - chunk 12 (chain 1 of 1 for this core): increasing by 815 

Iterations: 815 
|-------------|-------------|-------------|-------------|
|-------------------------------------------------------|

Current time: 2024-11-21 05:05:08
MCMC time 1.2 hours 

USED COMPONENTS: 61 OF 74 

rel. MC standard error: 0.00956 to 0.0833
eff. sample size: 144 to 11000
needed thinning: 2 to 108
Diagnostics time 0.5 secs 

Total number of iterations 10304 - required further 837 

Chain # 15 - chunk 13 (chain 1 of 1 for this core): increasing by 838 

Iterations: 838 
|-------------|-------------|-------------|-------------|
|-------------------------------------------------------|

Current time: 2024-11-21 05:09:18
MCMC time 1.3 hours 

USED COMPONENTS: 62 OF 74 

rel. MC standard error: 0.00859 to 0.0814
eff. sample size: 151 to 13500
needed thinning: 2 to 111
Diagnostics time 0.45 secs 

Total number of iterations 11142 - required further 860 

Chain # 15 - chunk 14 (chain 1 of 1 for this core): increasing by 861 

Iterations: 861 
|-------------|-------------|-------------|-------------|
|-------------------------------------------------------|

Current time: 2024-11-21 05:13:35
MCMC time 1.4 hours 

USED COMPONENTS: 62 OF 74 

rel. MC standard error: 0.00858 to 0.0792
eff. sample size: 159 to 13600
needed thinning: 2 to 113
Diagnostics time 0.44 secs 

Total number of iterations 12003 - required further 876 

Chain # 15 - chunk 15 (chain 1 of 1 for this core): increasing by 877 

Iterations: 877 
|-------------|-------------|-------------|-------------|
|-------------------------------------------------------|

Current time: 2024-11-21 05:17:57
MCMC time 1.4 hours 

USED COMPONENTS: 62 OF 74 

rel. MC standard error: 0.00799 to 0.0772
eff. sample size: 168 to 15700
needed thinning: 2 to 116
Diagnostics time 0.46 secs 

Total number of iterations 12880 - required further 899 

Chain # 15 - chunk 16 (chain 1 of 1 for this core): increasing by 900 

Iterations: 900 
|-------------|-------------|-------------|-------------|
|-------------------------------------------------------|

Current time: 2024-11-21 05:22:26
MCMC time 1.5 hours 

USED COMPONENTS: 62 OF 74 

rel. MC standard error: 0.00828 to 0.0756
eff. sample size: 175 to 14600
needed thinning: 2 to 119
Diagnostics time 0.46 secs 

Total number of iterations 13780 - required further 922 

Chain # 15 - chunk 17 (chain 1 of 1 for this core): increasing by 923 

Iterations: 923 
|-------------|-------------|-------------|-------------|
|-------------------------------------------------------|

Current time: 2024-11-21 05:27:01
MCMC time 1.6 hours 

USED COMPONENTS: 62 OF 74 

rel. MC standard error: 0.00763 to 0.0737
eff. sample size: 184 to 17200
needed thinning: 2 to 120
Diagnostics time 0.54 secs 

Total number of iterations 14703 - required further 930 

Chain # 15 - chunk 18 (chain 1 of 1 for this core): increasing by 931 

Iterations: 931 
|-------------|-------------|-------------|-------------|
|-------------------------------------------------------|

Current time: 2024-11-21 05:31:39
MCMC time 1.7 hours 

USED COMPONENTS: 62 OF 74 

rel. MC standard error: 0.00783 to 0.0719
eff. sample size: 193 to 16300
needed thinning: 2 to 122
Diagnostics time 0.49 secs 

Total number of iterations 15634 - required further 946 

Chain # 15 - chunk 19 (chain 1 of 1 for this core): increasing by 947 

Iterations: 947 
|-------------|-------------|-------------|-------------|
|-------------------------------------------------------|

Current time: 2024-11-21 05:36:22
MCMC time 1.7 hours 

USED COMPONENTS: 62 OF 74 

rel. MC standard error: 0.00754 to 0.0703
eff. sample size: 202 to 17600
needed thinning: 2 to 124
Diagnostics time 1.2 secs 

Total number of iterations 16581 - required further 961 

Chain # 15 - chunk 20 (chain 1 of 1 for this core): increasing by 962 

Iterations: 962 
|-------------|-------------|-------------|-------------|
|-------------------------------------------------------|

Current time: 2024-11-21 05:41:11
MCMC time 1.8 hours 

USED COMPONENTS: 62 OF 74 

rel. MC standard error: 0.0075 to 0.0691
eff. sample size: 210 to 17800
needed thinning: 2 to 126
Diagnostics time 0.47 secs 

Total number of iterations 17543 - required further 976 

Chain # 15 - chunk 21 (chain 1 of 1 for this core): increasing by 977 

Iterations: 977 
|-------------|-------------|-------------|-------------|
|-------------------------------------------------------|

Current time: 2024-11-21 05:46:08
MCMC time 1.9 hours 

USED COMPONENTS: 62 OF 74 

rel. MC standard error: 0.00714 to 0.0676
eff. sample size: 219 to 19600
needed thinning: 2 to 127
Diagnostics time 0.52 secs 

Total number of iterations 18520 - required further 984 

Chain # 15 - chunk 22 (chain 1 of 1 for this core): increasing by 985 

Iterations: 985 
|-------------|-------------|-------------|-------------|
|-------------------------------------------------------|

Current time: 2024-11-21 05:51:09
MCMC time 2 hours 

USED COMPONENTS: 61 OF 74 

rel. MC standard error: 0.00721 to 0.0659
eff. sample size: 230 to 19200
needed thinning: 2 to 127
Diagnostics time 0.5 secs 

Total number of iterations 19505 - required further 984 

Chain # 15 - chunk 23 (chain 1 of 1 for this core): increasing by 985 

Iterations: 985 
|-------------|-------------|-------------|-------------|
|-------------------------------------------------------|

Current time: 2024-11-21 05:56:16
MCMC time 2.1 hours 

USED COMPONENTS: 61 OF 74 

rel. MC standard error: 0.00663 to 0.0644
eff. sample size: 241 to 22700
needed thinning: 2 to 128
Diagnostics time 0.59 secs 

Total number of iterations 20490 - required further 992 

Chain # 15 - chunk 24 (chain 1 of 1 for this core): increasing by 993 

Iterations: 993 
|-------------|-------------|-------------|-------------|
|-------------------------------------------------------|

Current time: 2024-11-21 06:01:15
MCMC time 2.2 hours 

USED COMPONENTS: 63 OF 74 

rel. MC standard error: 0.00664 to 0.0631
eff. sample size: 251 to 22700
needed thinning: 2 to 129
Diagnostics time 0.53 secs 

Total number of iterations 21483 - required further 1000 

Chain # 15 - chunk 25 (chain 1 of 1 for this core): increasing by 1001 

Iterations: 1001 
|-------------|-------------|-------------|-------------|
|-------------------------------------------------------|

Current time: 2024-11-21 06:06:16
MCMC time 2.2 hours 

USED COMPONENTS: 62 OF 74 

rel. MC standard error: 0.00667 to 0.0618
eff. sample size: 262 to 22400
needed thinning: 2 to 129
Diagnostics time 0.54 secs 

Total number of iterations 22484 - required further 1000 

Chain # 15 - chunk 26 (chain 1 of 1 for this core): increasing by 1001 

Iterations: 1001 
|-------------|-------------|-------------|-------------|
|-------------------------------------------------------|

Current time: 2024-11-21 06:11:16
MCMC time 2.3 hours 

USED COMPONENTS: 61 OF 74 

rel. MC standard error: 0.00652 to 0.0606
eff. sample size: 272 to 23500
needed thinning: 2 to 130
Diagnostics time 1.3 secs 

Total number of iterations 23485 - required further 1007 

Chain # 15 - chunk 27 (chain 1 of 1 for this core): increasing by 1008 

Iterations: 1008 
|-------------|-------------|-------------|-------------|
|-------------------------------------------------------|

Current time: 2024-11-21 06:16:18
MCMC time 2.4 hours 

USED COMPONENTS: 61 OF 74 

rel. MC standard error: 0.00669 to 0.0592
eff. sample size: 286 to 22400
needed thinning: 2 to 129
Diagnostics time 0.51 secs 

Total number of iterations 24493 - required further 1000 

Chain # 15 - chunk 28 (chain 1 of 1 for this core): increasing by 1001 

Iterations: 1001 
|-------------|-------------|-------------|-------------|
|-------------------------------------------------------|

Current time: 2024-11-21 06:21:16
MCMC time 2.5 hours 

USED COMPONENTS: 61 OF 74 

rel. MC standard error: 0.00634 to 0.0583
eff. sample size: 295 to 24900
needed thinning: 2 to 130
Diagnostics time 0.47 secs 

Total number of iterations 25494 - required further 1007 

Chain # 15 - chunk 29 (chain 1 of 1 for this core): increasing by 1008 

Iterations: 1008 
|-------------|-------------|-------------|-------------|
|-------------------------------------------------------|

Current time: 2024-11-21 06:26:21
MCMC time 2.6 hours 

USED COMPONENTS: 62 OF 74 

rel. MC standard error: 0.00625 to 0.0571
eff. sample size: 306 to 25600
needed thinning: 2 to 130
Diagnostics time 0.57 secs 

Total number of iterations 26502 - required further 1007 

Chain # 15 - chunk 30 (chain 1 of 1 for this core): increasing by 1008 

Iterations: 1008 
|-------------|-------------|-------------|-------------|
|-------------------------------------------------------|

Current time: 2024-11-21 06:31:25
MCMC time 2.7 hours 

USED COMPONENTS: 61 OF 74 

rel. MC standard error: 0.00606 to 0.0562
eff. sample size: 317 to 27200
needed thinning: 2 to 131
Diagnostics time 1.3 secs 

Total number of iterations 27510 - required further 1015 

Chain # 15 - chunk 31 (chain 1 of 1 for this core): increasing by 1016 

Iterations: 1016 
|-------------|-------------|-------------|-------------|
|-------------------------------------------------------|

Current time: 2024-11-21 06:36:30
MCMC time 2.7 hours 

USED COMPONENTS: 61 OF 74 

rel. MC standard error: 0.006 to 0.0553
eff. sample size: 328 to 27800
needed thinning: 2 to 131
Diagnostics time 0.53 secs 

Total number of iterations 28526 - required further 1015 

Chain # 15 - chunk 32 (chain 1 of 1 for this core): increasing by 1016 

Iterations: 1016 
|-------------|-------------|-------------|-------------|
|-------------------------------------------------------|

Current time: 2024-11-21 06:41:35
MCMC time 2.8 hours 

USED COMPONENTS: 61 OF 74 

rel. MC standard error: 0.0056 to 0.0544
eff. sample size: 338 to 31900
needed thinning: 2 to 132
Diagnostics time 0.53 secs 

Total number of iterations 29542 - required further 1023 

Chain # 15 - chunk 33 (chain 1 of 1 for this core): increasing by 1024 

Iterations: 1024 
|-------------|-------------|-------------|-------------|
|-------------------------------------------------------|

Current time: 2024-11-21 06:46:45
MCMC time 2.9 hours 

USED COMPONENTS: 61 OF 74 

rel. MC standard error: 0.00574 to 0.0534
eff. sample size: 350 to 30400
needed thinning: 2 to 131
Diagnostics time 0.58 secs 

Total number of iterations 30566 - required further 1015 

Chain # 15 - chunk 34 (chain 1 of 1 for this core): increasing by 1016 

Iterations: 1016 
|-------------|-------------|-------------|-------------|
|-------------------------------------------------------|

Current time: 2024-11-21 06:51:48
MCMC time 3 hours 

USED COMPONENTS: 60 OF 74 

rel. MC standard error: 0.00552 to 0.0526
eff. sample size: 362 to 32800
needed thinning: 2 to 132
Diagnostics time 0.5 secs 

Total number of iterations 31582 - required further 1023 

Chain # 15 - chunk 35 (chain 1 of 1 for this core): increasing by 1024 

Iterations: 1024 
|-------------|-------------|-------------|-------------|
|-------------------------------------------------------|

Current time: 2024-11-21 06:56:55
MCMC time 3.1 hours 

USED COMPONENTS: 62 OF 74 

rel. MC standard error: 0.00557 to 0.0519
eff. sample size: 372 to 32300
needed thinning: 2 to 132
Diagnostics time 0.54 secs 

Total number of iterations 32606 - required further 1023 

Chain # 15 - chunk 36 (chain 1 of 1 for this core): increasing by 1024 

Iterations: 1024 
|-------------|-------------|-------------|-------------|
|-------------------------------------------------------|

Current time: 2024-11-21 07:02:02
MCMC time 3.2 hours 

USED COMPONENTS: 62 OF 74 

rel. MC standard error: 0.00548 to 0.051
eff. sample size: 385 to 33300
needed thinning: 2 to 132
Diagnostics time 1.2 secs 

Total number of iterations 33630 - required further 1023 

Chain # 15 - chunk 37 (chain 1 of 1 for this core): increasing by 1024 

Iterations: 1024 
|-------------|-------------|-------------|-------------|
|-------------------------------------------------------|

Current time: 2024-11-21 07:07:07
MCMC time 3.3 hours 

USED COMPONENTS: 61 OF 74 

rel. MC standard error: 0.00549 to 0.0501
eff. sample size: 398 to 33200
needed thinning: 2 to 131
Diagnostics time 0.46 secs 

Total number of iterations 34654 - required further 1015 

Chain # 15 - chunk 38 (chain 1 of 1 for this core): increasing by 1016 

Iterations: 1016 
|-------------|-------------|-------------|-------------|
|-------------------------------------------------------|

Current time: 2024-11-21 07:12:07
MCMC time 3.3 hours 

USED COMPONENTS: 62 OF 74 

rel. MC standard error: 0.00535 to 0.0496
eff. sample size: 407 to 34900
needed thinning: 2 to 132
Diagnostics time 0.59 secs 

Total number of iterations 35670 - required further 0 

Keeping last 60 samples with thinning 132 

Plotting traces and samples.

Current time: 2024-11-21 07:12:10
MCMC + diagnostics time 3.3 hours 

Current time: 2024-11-21 07:12:10
Total time 3.3 hours 
loaded inferno and set parent environment
loaded inferno and set parent environment
loaded inferno and set parent environment
loaded inferno and set parent environment
Error in gzfile(file, "rb") : cannot open the connection
Calls: <Anonymous> -> cleanup -> loadNamespace -> readRDS -> gzfile
In addition: Warning message:
In gzfile(file, "rb") :
  cannot open compressed file '/usr/lib/R/library/tools/Meta/nsInfo.rds', probable reason 'Transport endpoint is not connected'
