Log core 5 - Current time: 2024-11-21 03:36:53
Defining model
Building model
Setting data and initial values
Running calculate on model
  [Note] Any error reports that follow may simply reflect missing values in model variables.
Checking model sizes and dimensions
Compiling
  [Note] This may take a minute.
  [Note] Use 'showCompilerOutput = TRUE' to see C++ compilation details.
===== Monitors =====
thin = 1: Bprob, Rmean, Rvar, W
thin2 = 1: K
===== Samplers =====
conjugate sampler (519)
  - Rmean[]  (148 elements)
  - Rrate[]  (148 elements)
  - Bprob[]  (74 elements)
  - Rvar[]  (148 elements)
  - W[1:74] 
categorical sampler (3601)
  - Alpha
  - K[]  (3600 elements)
===== Monitors =====
thin = 1: Bprob, Rmean, Rvar, W
thin2 = 1: K
===== Samplers =====
slice sampler (3601)
  - Alpha
  - K[]  (3600 elements)
conjugate sampler (519)
  - Rmean[]  (148 elements)
  - Rrate[]  (148 elements)
  - Bprob[]  (74 elements)
  - Rvar[]  (148 elements)
  - W[1:74] 
Compiling
  [Note] This may take a minute.
  [Note] Use 'showCompilerOutput = TRUE' to see C++ compilation details.

Setup time 9 mins 

Chain # 5 (chain 1 of 1 for this core)

Datapoints for testing convergence:
 #81 #169 #446 #560 #674 #922 #961 #2189 #2263 #2278 #2312 #2570 #2766 #2785 #3050 #3142 #3240 #3293 #3310 #3528 

Iterations: 3600 
|-------------|-------------|-------------|-------------|
|-------------------------------------------------------|

Current time: 2024-11-21 04:02:54
MCMC time 17 mins 

USED COMPONENTS: 61 OF 74 

rel. MC standard error: 0.0162 to 0.107
eff. sample size: 87.2 to 3820
needed thinning: 2 to 62
Diagnostics time 1.6 secs 

Total number of iterations 3600 - required further 481 

Chain # 5 - chunk 2 (chain 1 of 1 for this core): increasing by 482 

Iterations: 482 
|-------------|-------------|-------------|-------------|
|-------------------------------------------------------|

Current time: 2024-11-21 04:05:12
MCMC time 19 mins 

USED COMPONENTS: 60 OF 74 

rel. MC standard error: 0.0149 to 0.1
eff. sample size: 100 to 4500
needed thinning: 2 to 62
Diagnostics time 0.31 secs 

Total number of iterations 4082 - required further 481 

Chain # 5 - chunk 3 (chain 1 of 1 for this core): increasing by 482 

Iterations: 482 
|-------------|-------------|-------------|-------------|
|-------------------------------------------------------|

Current time: 2024-11-21 04:07:29
MCMC time 22 mins 

USED COMPONENTS: 60 OF 74 

rel. MC standard error: 0.0133 to 0.0969
eff. sample size: 106 to 5670
needed thinning: 2 to 65
Diagnostics time 0.34 secs 

Total number of iterations 4564 - required further 504 

Chain # 5 - chunk 4 (chain 1 of 1 for this core): increasing by 505 

Iterations: 505 
|-------------|-------------|-------------|-------------|
|-------------------------------------------------------|

Current time: 2024-11-21 04:09:53
MCMC time 24 mins 

USED COMPONENTS: 61 OF 74 

rel. MC standard error: 0.013 to 0.095
eff. sample size: 111 to 5940
needed thinning: 2 to 69
Diagnostics time 0.44 secs 

Total number of iterations 5069 - required further 535 

Chain # 5 - chunk 5 (chain 1 of 1 for this core): increasing by 536 

Iterations: 536 
|-------------|-------------|-------------|-------------|
|-------------------------------------------------------|

Current time: 2024-11-21 04:12:24
MCMC time 27 mins 

USED COMPONENTS: 61 OF 74 

rel. MC standard error: 0.0131 to 0.0933
eff. sample size: 115 to 5850
needed thinning: 2 to 74
Diagnostics time 0.34 secs 

Total number of iterations 5605 - required further 574 

Chain # 5 - chunk 6 (chain 1 of 1 for this core): increasing by 575 

Iterations: 575 
|-------------|-------------|-------------|-------------|
|-------------------------------------------------------|

Current time: 2024-11-21 04:15:05
MCMC time 29 mins 

USED COMPONENTS: 61 OF 74 

rel. MC standard error: 0.0122 to 0.0902
eff. sample size: 123 to 6750
needed thinning: 2 to 76
Diagnostics time 0.36 secs 

Total number of iterations 6180 - required further 589 

Chain # 5 - chunk 7 (chain 1 of 1 for this core): increasing by 590 

Iterations: 590 
|-------------|-------------|-------------|-------------|
|-------------------------------------------------------|

Current time: 2024-11-21 04:17:50
MCMC time 32 mins 

USED COMPONENTS: 61 OF 74 

rel. MC standard error: 0.0114 to 0.0889
eff. sample size: 126 to 7670
needed thinning: 2 to 81
Diagnostics time 1.1 secs 

Total number of iterations 6770 - required further 628 

Chain # 5 - chunk 8 (chain 1 of 1 for this core): increasing by 629 

Iterations: 629 
|-------------|-------------|-------------|-------------|
|-------------------------------------------------------|

Current time: 2024-11-21 04:20:46
MCMC time 35 mins 

USED COMPONENTS: 61 OF 74 

rel. MC standard error: 0.0106 to 0.0865
eff. sample size: 134 to 8840
needed thinning: 2 to 84
Diagnostics time 0.36 secs 

Total number of iterations 7399 - required further 651 

Chain # 5 - chunk 9 (chain 1 of 1 for this core): increasing by 652 

Iterations: 652 
|-------------|-------------|-------------|-------------|
|-------------------------------------------------------|

Current time: 2024-11-21 04:23:48
MCMC time 38 mins 

USED COMPONENTS: 61 OF 74 

rel. MC standard error: 0.0105 to 0.0859
eff. sample size: 136 to 9120
needed thinning: 2 to 90
Diagnostics time 0.37 secs 

Total number of iterations 8051 - required further 698 

Chain # 5 - chunk 10 (chain 1 of 1 for this core): increasing by 699 

Iterations: 699 
|-------------|-------------|-------------|-------------|
|-------------------------------------------------------|

Current time: 2024-11-21 04:27:02
MCMC time 41 mins 

USED COMPONENTS: 61 OF 74 

rel. MC standard error: 0.0104 to 0.0837
eff. sample size: 143 to 9240
needed thinning: 2 to 93
Diagnostics time 0.36 secs 

Total number of iterations 8750 - required further 721 

Chain # 5 - chunk 11 (chain 1 of 1 for this core): increasing by 722 

Iterations: 722 
|-------------|-------------|-------------|-------------|
|-------------------------------------------------------|

Current time: 2024-11-21 04:30:24
MCMC time 45 mins 

USED COMPONENTS: 61 OF 74 

rel. MC standard error: 0.00991 to 0.0827
eff. sample size: 146 to 10200
needed thinning: 2 to 98
Diagnostics time 0.38 secs 

Total number of iterations 9472 - required further 760 

Chain # 5 - chunk 12 (chain 1 of 1 for this core): increasing by 761 

Iterations: 761 
|-------------|-------------|-------------|-------------|
|-------------------------------------------------------|

Current time: 2024-11-21 04:33:56
MCMC time 48 mins 

USED COMPONENTS: 61 OF 74 

rel. MC standard error: 0.00986 to 0.0807
eff. sample size: 153 to 10300
needed thinning: 2 to 101
Diagnostics time 0.48 secs 

Total number of iterations 10233 - required further 783 

Chain # 5 - chunk 13 (chain 1 of 1 for this core): increasing by 784 

Iterations: 784 
|-------------|-------------|-------------|-------------|
|-------------------------------------------------------|

Current time: 2024-11-21 04:37:33
MCMC time 52 mins 

USED COMPONENTS: 62 OF 74 

rel. MC standard error: 0.00848 to 0.0784
eff. sample size: 163 to 13900
needed thinning: 2 to 102
Diagnostics time 0.38 secs 

Total number of iterations 11017 - required further 791 

Chain # 5 - chunk 14 (chain 1 of 1 for this core): increasing by 792 

Iterations: 792 
|-------------|-------------|-------------|-------------|
|-------------------------------------------------------|

Current time: 2024-11-21 04:41:13
MCMC time 55 mins 

USED COMPONENTS: 61 OF 74 

rel. MC standard error: 0.00838 to 0.0784
eff. sample size: 163 to 14200
needed thinning: 2 to 109
Diagnostics time 0.43 secs 

Total number of iterations 11809 - required further 845 

Chain # 5 - chunk 15 (chain 1 of 1 for this core): increasing by 846 

Iterations: 846 
|-------------|-------------|-------------|-------------|
|-------------------------------------------------------|

Current time: 2024-11-21 04:45:08
MCMC time 59 mins 

USED COMPONENTS: 61 OF 74 

rel. MC standard error: 0.0084 to 0.0769
eff. sample size: 169 to 14200
needed thinning: 2 to 113
Diagnostics time 0.41 secs 

Total number of iterations 12655 - required further 876 

Chain # 5 - chunk 16 (chain 1 of 1 for this core): increasing by 877 

Iterations: 877 
|-------------|-------------|-------------|-------------|
|-------------------------------------------------------|

Current time: 2024-11-21 04:49:11
MCMC time 1.1 hours 

USED COMPONENTS: 61 OF 74 

rel. MC standard error: 0.00809 to 0.0742
eff. sample size: 181 to 15300
needed thinning: 2 to 112
Diagnostics time 0.54 secs 

Total number of iterations 13532 - required further 868 

Chain # 5 - chunk 17 (chain 1 of 1 for this core): increasing by 869 

Iterations: 869 
|-------------|-------------|-------------|-------------|
|-------------------------------------------------------|

Current time: 2024-11-21 04:53:11
MCMC time 1.1 hours 

USED COMPONENTS: 61 OF 74 

rel. MC standard error: 0.00812 to 0.0732
eff. sample size: 187 to 15200
needed thinning: 2 to 116
Diagnostics time 1.3 secs 

Total number of iterations 14401 - required further 899 

Chain # 5 - chunk 18 (chain 1 of 1 for this core): increasing by 900 

Iterations: 900 
|-------------|-------------|-------------|-------------|
|-------------------------------------------------------|

Current time: 2024-11-21 04:57:19
MCMC time 1.2 hours 

USED COMPONENTS: 61 OF 74 

rel. MC standard error: 0.00825 to 0.0711
eff. sample size: 198 to 14700
needed thinning: 2 to 117
Diagnostics time 0.45 secs 

Total number of iterations 15301 - required further 907 

Chain # 5 - chunk 19 (chain 1 of 1 for this core): increasing by 908 

Iterations: 908 
|-------------|-------------|-------------|-------------|
|-------------------------------------------------------|

Current time: 2024-11-21 05:01:29
MCMC time 1.3 hours 

USED COMPONENTS: 61 OF 74 

rel. MC standard error: 0.00755 to 0.0701
eff. sample size: 204 to 17600
needed thinning: 2 to 120
Diagnostics time 0.46 secs 

Total number of iterations 16209 - required further 930 

Chain # 5 - chunk 20 (chain 1 of 1 for this core): increasing by 931 

Iterations: 931 
|-------------|-------------|-------------|-------------|
|-------------------------------------------------------|

Current time: 2024-11-21 05:05:44
MCMC time 1.3 hours 

USED COMPONENTS: 61 OF 74 

rel. MC standard error: 0.00692 to 0.0694
eff. sample size: 208 to 20900
needed thinning: 2 to 124
Diagnostics time 1.2 secs 

Total number of iterations 17140 - required further 961 

Chain # 5 - chunk 21 (chain 1 of 1 for this core): increasing by 962 

Iterations: 962 
|-------------|-------------|-------------|-------------|
|-------------------------------------------------------|

Current time: 2024-11-21 05:10:09
MCMC time 1.4 hours 

USED COMPONENTS: 61 OF 74 

rel. MC standard error: 0.00649 to 0.068
eff. sample size: 216 to 23800
needed thinning: 2 to 126
Diagnostics time 0.49 secs 

Total number of iterations 18102 - required further 976 

Chain # 5 - chunk 22 (chain 1 of 1 for this core): increasing by 977 

Iterations: 977 
|-------------|-------------|-------------|-------------|
|-------------------------------------------------------|

Current time: 2024-11-21 05:14:37
MCMC time 1.5 hours 

USED COMPONENTS: 60 OF 74 

rel. MC standard error: 0.00687 to 0.0675
eff. sample size: 220 to 21200
needed thinning: 2 to 131
Diagnostics time 0.59 secs 

Total number of iterations 19079 - required further 1015 

Chain # 5 - chunk 23 (chain 1 of 1 for this core): increasing by 1016 

Iterations: 1016 
|-------------|-------------|-------------|-------------|
|-------------------------------------------------------|

Current time: 2024-11-21 05:19:16
MCMC time 1.6 hours 

USED COMPONENTS: 60 OF 74 

rel. MC standard error: 0.00678 to 0.0662
eff. sample size: 228 to 21700
needed thinning: 2 to 132
Diagnostics time 0.51 secs 

Total number of iterations 20095 - required further 1023 

Chain # 5 - chunk 24 (chain 1 of 1 for this core): increasing by 1024 

Iterations: 1024 
|-------------|-------------|-------------|-------------|
|-------------------------------------------------------|

Current time: 2024-11-21 05:23:58
MCMC time 1.6 hours 

USED COMPONENTS: 61 OF 74 

rel. MC standard error: 0.00693 to 0.0643
eff. sample size: 242 to 20800
needed thinning: 2 to 132
Diagnostics time 0.56 secs 

Total number of iterations 21119 - required further 1023 

Chain # 5 - chunk 25 (chain 1 of 1 for this core): increasing by 1024 

Iterations: 1024 
|-------------|-------------|-------------|-------------|
|-------------------------------------------------------|

Current time: 2024-11-21 05:28:39
MCMC time 1.7 hours 

USED COMPONENTS: 63 OF 74 

rel. MC standard error: 0.00663 to 0.0639
eff. sample size: 245 to 22700
needed thinning: 2 to 136
Diagnostics time 0.52 secs 

Total number of iterations 22143 - required further 1054 

Chain # 5 - chunk 26 (chain 1 of 1 for this core): increasing by 1055 

Iterations: 1055 
|-------------|-------------|-------------|-------------|
|-------------------------------------------------------|

Current time: 2024-11-21 05:33:29
MCMC time 1.8 hours 

USED COMPONENTS: 61 OF 74 

rel. MC standard error: 0.00572 to 0.0633
eff. sample size: 249 to 30600
needed thinning: 2 to 140
Diagnostics time 0.65 secs 

Total number of iterations 23198 - required further 1085 

Chain # 5 - chunk 27 (chain 1 of 1 for this core): increasing by 1086 

Iterations: 1086 
|-------------|-------------|-------------|-------------|
|-------------------------------------------------------|

Current time: 2024-11-21 05:38:27
MCMC time 1.9 hours 

USED COMPONENTS: 61 OF 74 

rel. MC standard error: 0.00625 to 0.063
eff. sample size: 252 to 25600
needed thinning: 2 to 145
Diagnostics time 0.57 secs 

Total number of iterations 24284 - required further 1124 

Chain # 5 - chunk 28 (chain 1 of 1 for this core): increasing by 1125 

Iterations: 1125 
|-------------|-------------|-------------|-------------|
|-------------------------------------------------------|

Current time: 2024-11-21 05:43:35
MCMC time 2 hours 

USED COMPONENTS: 61 OF 74 

rel. MC standard error: 0.00567 to 0.0624
eff. sample size: 257 to 31100
needed thinning: 2 to 149
Diagnostics time 1.3 secs 

Total number of iterations 25409 - required further 1155 

Chain # 5 - chunk 29 (chain 1 of 1 for this core): increasing by 1156 

Iterations: 1156 
|-------------|-------------|-------------|-------------|
|-------------------------------------------------------|

Current time: 2024-11-21 05:48:53
MCMC time 2.1 hours 

USED COMPONENTS: 61 OF 74 

rel. MC standard error: 0.00549 to 0.0619
eff. sample size: 261 to 33200
needed thinning: 2 to 153
Diagnostics time 0.57 secs 

Total number of iterations 26565 - required further 1186 

Chain # 5 - chunk 30 (chain 1 of 1 for this core): increasing by 1187 

Iterations: 1187 
|-------------|-------------|-------------|-------------|
|-------------------------------------------------------|

Current time: 2024-11-21 05:54:17
MCMC time 2.1 hours 

USED COMPONENTS: 61 OF 74 

rel. MC standard error: 0.0057 to 0.0616
eff. sample size: 264 to 30800
needed thinning: 2 to 158
Diagnostics time 1.3 secs 

Total number of iterations 27752 - required further 1224 

Chain # 5 - chunk 31 (chain 1 of 1 for this core): increasing by 1225 

Iterations: 1225 
|-------------|-------------|-------------|-------------|
|-------------------------------------------------------|

Current time: 2024-11-21 05:59:53
MCMC time 2.2 hours 

USED COMPONENTS: 61 OF 74 

rel. MC standard error: 0.00545 to 0.0608
eff. sample size: 271 to 33700
needed thinning: 2 to 161
Diagnostics time 0.58 secs 

Total number of iterations 28977 - required further 1248 

Chain # 5 - chunk 32 (chain 1 of 1 for this core): increasing by 1249 

Iterations: 1249 
|-------------|-------------|-------------|-------------|
|-------------------------------------------------------|

Current time: 2024-11-21 06:05:35
MCMC time 2.3 hours 

USED COMPONENTS: 61 OF 74 

rel. MC standard error: 0.00558 to 0.0592
eff. sample size: 286 to 32200
needed thinning: 2 to 159
Diagnostics time 1.3 secs 

Total number of iterations 30226 - required further 1232 

Chain # 5 - chunk 33 (chain 1 of 1 for this core): increasing by 1233 

Iterations: 1233 
|-------------|-------------|-------------|-------------|
|-------------------------------------------------------|

Current time: 2024-11-21 06:11:13
MCMC time 2.4 hours 

USED COMPONENTS: 61 OF 74 

rel. MC standard error: 0.00528 to 0.0581
eff. sample size: 296 to 35900
needed thinning: 2 to 160
Diagnostics time 0.71 secs 

Total number of iterations 31459 - required further 1240 

Chain # 5 - chunk 34 (chain 1 of 1 for this core): increasing by 1241 

Iterations: 1241 
|-------------|-------------|-------------|-------------|
|-------------------------------------------------------|

Current time: 2024-11-21 06:16:51
MCMC time 2.5 hours 

USED COMPONENTS: 60 OF 74 

rel. MC standard error: 0.00561 to 0.0569
eff. sample size: 309 to 31700
needed thinning: 2 to 159
Diagnostics time 1.4 secs 

Total number of iterations 32700 - required further 1232 

Chain # 5 - chunk 35 (chain 1 of 1 for this core): increasing by 1233 

Iterations: 1233 
|-------------|-------------|-------------|-------------|
|-------------------------------------------------------|

Current time: 2024-11-21 06:22:28
MCMC time 2.6 hours 

USED COMPONENTS: 61 OF 74 

rel. MC standard error: 0.00545 to 0.0568
eff. sample size: 310 to 33600
needed thinning: 2 to 165
Diagnostics time 0.62 secs 

Total number of iterations 33933 - required further 1279 

Chain # 5 - chunk 36 (chain 1 of 1 for this core): increasing by 1280 

Iterations: 1280 
|-------------|-------------|-------------|-------------|
|-------------------------------------------------------|

Current time: 2024-11-21 06:28:15
MCMC time 2.7 hours 

USED COMPONENTS: 62 OF 74 

rel. MC standard error: 0.00566 to 0.0565
eff. sample size: 313 to 31300
needed thinning: 2 to 169
Diagnostics time 1.3 secs 

Total number of iterations 35213 - required further 1310 

Chain # 5 - chunk 37 (chain 1 of 1 for this core): increasing by 1311 

Iterations: 1311 
|-------------|-------------|-------------|-------------|
|-------------------------------------------------------|

Current time: 2024-11-21 06:34:13
MCMC time 2.8 hours 

USED COMPONENTS: 61 OF 74 

rel. MC standard error: 0.00559 to 0.0561
eff. sample size: 317 to 32000
needed thinning: 2 to 173
Diagnostics time 0.63 secs 

Total number of iterations 36524 - required further 1341 

Chain # 5 - chunk 38 (chain 1 of 1 for this core): increasing by 1342 

Iterations: 1342 
|-------------|-------------|-------------|-------------|
|-------------------------------------------------------|

Current time: 2024-11-21 06:40:17
MCMC time 2.9 hours 

USED COMPONENTS: 62 OF 74 

rel. MC standard error: 0.00571 to 0.0593
eff. sample size: 284 to 30700
needed thinning: 2 to 200
Diagnostics time 0.64 secs 

Total number of iterations 37866 - required further 1550 

Chain # 5 - chunk 39 (chain 1 of 1 for this core): increasing by 1551 

Iterations: 1551 
|-------------|-------------|-------------|-------------|
|-------------------------------------------------------|

Current time: 2024-11-21 06:47:19
MCMC time 3 hours 

USED COMPONENTS: 62 OF 74 

rel. MC standard error: 0.00538 to 0.0607
eff. sample size: 271 to 34600
needed thinning: 2 to 219
Diagnostics time 1.4 secs 

Total number of iterations 39417 - required further 1697 

Chain # 5 - chunk 40 (chain 1 of 1 for this core): increasing by 1698 

Iterations: 1698 
|-------------|-------------|-------------|-------------|
|-------------------------------------------------------|

Current time: 2024-11-21 06:55:01
MCMC time 3.2 hours 

USED COMPONENTS: 61 OF 74 

rel. MC standard error: 0.00501 to 0.0607
eff. sample size: 271 to 39800
needed thinning: 2 to 228
Diagnostics time 1.5 secs 

Total number of iterations 41115 - required further 1767 

Chain # 5 - chunk 41 (chain 1 of 1 for this core): increasing by 1768 

Iterations: 1768 
|-------------|-------------|-------------|-------------|
|-------------------------------------------------------|

Current time: 2024-11-21 07:03:01
MCMC time 3.3 hours 

USED COMPONENTS: 61 OF 74 

rel. MC standard error: 0.00504 to 0.0609
eff. sample size: 270 to 39400
needed thinning: 2 to 239
Diagnostics time 0.93 secs 

Total number of iterations 42883 - required further 1852 

Chain # 5 - chunk 42 (chain 1 of 1 for this core): increasing by 1853 

Iterations: 1853 
|-------------|-------------|-------------|-------------|
|-------------------------------------------------------|

Current time: 2024-11-21 07:11:22
MCMC time 3.4 hours 

USED COMPONENTS: 61 OF 74 

rel. MC standard error: 0.00502 to 0.0607
eff. sample size: 272 to 39700
needed thinning: 2 to 248
Diagnostics time 0.82 secs 

Total number of iterations 44736 - required further 1921 

Chain # 5 - chunk 43 (chain 1 of 1 for this core): increasing by 1922 

Iterations: 1922 
|-------------|-------------|-------------|-------------|
|-------------------------------------------------------|

Current time: 2024-11-21 07:20:00
MCMC time 3.6 hours 

USED COMPONENTS: 62 OF 74 

rel. MC standard error: 0.00492 to 0.0601
eff. sample size: 276 to 41200
needed thinning: 2 to 254
Diagnostics time 0.89 secs 

Total number of iterations 46658 - required further 1968 

Chain # 5 - chunk 44 (chain 1 of 1 for this core): increasing by 1969 

Iterations: 1969 
|-------------|-------------|-------------|-------------|
|-------------------------------------------------------|

Current time: 2024-11-21 07:28:55
MCMC time 3.7 hours 

USED COMPONENTS: 62 OF 74 

rel. MC standard error: 0.00498 to 0.0594
eff. sample size: 283 to 40300
needed thinning: 2 to 258
Diagnostics time 1.5 secs 

Total number of iterations 48627 - required further 1999 

Chain # 5 - chunk 45 (chain 1 of 1 for this core): increasing by 2000 

Iterations: 2000 
|-------------|-------------|-------------|-------------|
|-------------------------------------------------------|

Current time: 2024-11-21 07:37:45
MCMC time 3.9 hours 

USED COMPONENTS: 62 OF 74 

rel. MC standard error: 0.00484 to 0.059
eff. sample size: 287 to 42700
needed thinning: 2 to 265
Diagnostics time 0.98 secs 

Total number of iterations 50627 - required further 2053 

Chain # 5 - chunk 46 (chain 1 of 1 for this core): increasing by 2054 

Iterations: 2054 
|-------------|-------------|-------------|-------------|
|-------------------------------------------------------|

Current time: 2024-11-21 07:46:56
MCMC time 4 hours 

USED COMPONENTS: 62 OF 74 

rel. MC standard error: 0.00477 to 0.0582
eff. sample size: 295 to 44000
needed thinning: 2 to 268
Diagnostics time 1.7 secs 

Total number of iterations 52681 - required further 2076 

Chain # 5 - chunk 47 (chain 1 of 1 for this core): increasing by 2077 

Iterations: 2077 
|-------------|-------------|-------------|-------------|
|-------------------------------------------------------|

Current time: 2024-11-21 07:56:15
MCMC time 4.2 hours 

USED COMPONENTS: 63 OF 74 

rel. MC standard error: 0.00456 to 0.0577
eff. sample size: 301 to 48000
needed thinning: 2 to 274
Diagnostics time 0.9 secs 

Total number of iterations 54758 - required further 2123 

Chain # 5 - chunk 48 (chain 1 of 1 for this core): increasing by 2124 

Iterations: 2124 
|-------------|-------------|-------------|-------------|
|-------------------------------------------------------|

Current time: 2024-11-21 08:05:48
MCMC time 4.3 hours 

USED COMPONENTS: 63 OF 74 

rel. MC standard error: 0.00466 to 0.0569
eff. sample size: 309 to 46000
needed thinning: 2 to 276
Diagnostics time 0.91 secs 

Total number of iterations 56882 - required further 2138 

Chain # 5 - chunk 49 (chain 1 of 1 for this core): increasing by 2139 

Iterations: 2139 
|-------------|-------------|-------------|-------------|
|-------------------------------------------------------|

Current time: 2024-11-21 08:15:24
MCMC time 4.5 hours 

USED COMPONENTS: 63 OF 74 

rel. MC standard error: 0.00448 to 0.0562
eff. sample size: 317 to 49800
needed thinning: 2 to 280
Diagnostics time 0.99 secs 

Total number of iterations 59021 - required further 2169 

Chain # 5 - chunk 50 (chain 1 of 1 for this core): increasing by 2170 

Iterations: 2170 
|-------------|-------------|-------------|-------------|
|-------------------------------------------------------|

Current time: 2024-11-21 08:25:12
MCMC time 4.7 hours 

USED COMPONENTS: 63 OF 74 

rel. MC standard error: 0.00425 to 0.0556
eff. sample size: 324 to 55300
needed thinning: 2 to 284
Diagnostics time 1.6 secs 

Total number of iterations 61191 - required further 2200 

Chain # 5 - chunk 51 (chain 1 of 1 for this core): increasing by 2201 

Iterations: 2201 
|-------------|-------------|-------------|-------------|
|-------------------------------------------------------|

Current time: 2024-11-21 08:35:04
MCMC time 4.8 hours 

USED COMPONENTS: 63 OF 74 

rel. MC standard error: 0.00428 to 0.0549
eff. sample size: 331 to 54600
needed thinning: 2 to 288
Diagnostics time 0.99 secs 

Total number of iterations 63392 - required further 2231 

Chain # 5 - chunk 52 (chain 1 of 1 for this core): increasing by 2232 

Iterations: 2232 
|-------------|-------------|-------------|-------------|
|-------------------------------------------------------|

Current time: 2024-11-21 08:45:06
MCMC time 5 hours 

USED COMPONENTS: 62 OF 74 

rel. MC standard error: 0.00425 to 0.0544
eff. sample size: 338 to 55400
needed thinning: 2 to 292
Diagnostics time 1 secs 

Total number of iterations 65624 - required further 2262 

Chain # 5 - chunk 53 (chain 1 of 1 for this core): increasing by 2263 

Iterations: 2263 
|-------------|-------------|-------------|-------------|
|-------------------------------------------------------|

Current time: 2024-11-21 08:55:15
MCMC time 5.2 hours 

USED COMPONENTS: 62 OF 74 

rel. MC standard error: 0.00416 to 0.0538
eff. sample size: 346 to 57800
needed thinning: 2 to 295
Diagnostics time 1.6 secs 

Total number of iterations 67887 - required further 2286 

Chain # 5 - chunk 54 (chain 1 of 1 for this core): increasing by 2287 

Iterations: 2287 
|-------------|-------------|-------------|-------------|
|-------------------------------------------------------|

Current time: 2024-11-21 09:05:38
MCMC time 5.3 hours 

USED COMPONENTS: 62 OF 74 

rel. MC standard error: 0.00403 to 0.0531
eff. sample size: 355 to 61500
needed thinning: 2 to 297
Diagnostics time 2.1 secs 

Total number of iterations 70174 - required further 2301 

Chain # 5 - chunk 55 (chain 1 of 1 for this core): increasing by 2302 

Iterations: 2302 
|-------------|-------------|-------------|-------------|
|-------------------------------------------------------|

Current time: 2024-11-21 09:15:47
MCMC time 5.5 hours 

USED COMPONENTS: 61 OF 74 

rel. MC standard error: 0.0039 to 0.0527
eff. sample size: 361 to 65700
needed thinning: 2 to 302
Diagnostics time 1.2 secs 

Total number of iterations 72476 - required further 2340 

Chain # 5 - chunk 56 (chain 1 of 1 for this core): increasing by 2341 

Iterations: 2341 
|-------------|-------------|-------------|-------------|
|-------------------------------------------------------|

Current time: 2024-11-21 09:26:06
MCMC time 5.7 hours 

USED COMPONENTS: 62 OF 74 

rel. MC standard error: 0.00391 to 0.052
eff. sample size: 369 to 65500
needed thinning: 2 to 304
Diagnostics time 1.1 secs 

Total number of iterations 74817 - required further 2355 

Chain # 5 - chunk 57 (chain 1 of 1 for this core): increasing by 2356 

Iterations: 2356 
|-------------|-------------|-------------|-------------|
|-------------------------------------------------------|

Current time: 2024-11-21 09:36:28
MCMC time 5.8 hours 

USED COMPONENTS: 63 OF 74 

rel. MC standard error: 0.00395 to 0.0514
eff. sample size: 378 to 64200
needed thinning: 2 to 307
Diagnostics time 1.2 secs 

Total number of iterations 77173 - required further 2379 

Chain # 5 - chunk 58 (chain 1 of 1 for this core): increasing by 2380 

Iterations: 2380 
|-------------|-------------|-------------|-------------|
|-------------------------------------------------------|

Current time: 2024-11-21 09:46:56
MCMC time 6 hours 

USED COMPONENTS: 63 OF 74 

rel. MC standard error: 0.00383 to 0.051
eff. sample size: 384 to 68200
needed thinning: 2 to 311
Diagnostics time 1.7 secs 

Total number of iterations 79553 - required further 2409 

Chain # 5 - chunk 59 (chain 1 of 1 for this core): increasing by 2410 

Iterations: 2410 
|-------------|-------------|-------------|-------------|
|-------------------------------------------------------|

Current time: 2024-11-21 09:57:40
MCMC time 6.2 hours 

USED COMPONENTS: 62 OF 74 

rel. MC standard error: 0.00373 to 0.0504
eff. sample size: 394 to 72100
needed thinning: 2 to 312
Diagnostics time 1.8 secs 

Total number of iterations 81963 - required further 2417 

Chain # 5 - chunk 60 (chain 1 of 1 for this core): increasing by 2418 

Iterations: 2418 
|-------------|-------------|-------------|-------------|
|-------------------------------------------------------|

Current time: 2024-11-21 10:08:33
MCMC time 6.4 hours 

USED COMPONENTS: 62 OF 74 

rel. MC standard error: 0.00375 to 0.0499
eff. sample size: 402 to 71000
needed thinning: 2 to 315
Diagnostics time 1.2 secs 

Total number of iterations 84381 - required further 0 

Keeping last 60 samples with thinning 315 

Plotting traces and samples.

Current time: 2024-11-21 10:08:40
MCMC + diagnostics time 6.4 hours 

Current time: 2024-11-21 10:08:40
Total time 6.4 hours 
loaded inferno and set parent environment
loaded inferno and set parent environment
loaded inferno and set parent environment
loaded inferno and set parent environment
Error in gzfile(file, "rb") : cannot open the connection
Calls: <Anonymous> -> cleanup -> loadNamespace -> readRDS -> gzfile
In addition: Warning message:
In gzfile(file, "rb") :
  cannot open compressed file '/usr/lib/R/library/tools/Meta/nsInfo.rds', probable reason 'Transport endpoint is not connected'
