Log core 7 - Current time: 2024-11-21 03:36:53
Defining model
Building model
Setting data and initial values
Running calculate on model
  [Note] Any error reports that follow may simply reflect missing values in model variables.
Checking model sizes and dimensions
Compiling
  [Note] This may take a minute.
  [Note] Use 'showCompilerOutput = TRUE' to see C++ compilation details.
===== Monitors =====
thin = 1: Bprob, Rmean, Rvar, W
thin2 = 1: K
===== Samplers =====
conjugate sampler (519)
  - Rmean[]  (148 elements)
  - Rrate[]  (148 elements)
  - Bprob[]  (74 elements)
  - Rvar[]  (148 elements)
  - W[1:74] 
categorical sampler (3601)
  - Alpha
  - K[]  (3600 elements)
===== Monitors =====
thin = 1: Bprob, Rmean, Rvar, W
thin2 = 1: K
===== Samplers =====
slice sampler (3601)
  - Alpha
  - K[]  (3600 elements)
conjugate sampler (519)
  - Rmean[]  (148 elements)
  - Rrate[]  (148 elements)
  - Bprob[]  (74 elements)
  - Rvar[]  (148 elements)
  - W[1:74] 
Compiling
  [Note] This may take a minute.
  [Note] Use 'showCompilerOutput = TRUE' to see C++ compilation details.

Setup time 9 mins 

Chain # 7 (chain 1 of 1 for this core)

Datapoints for testing convergence:
 #262 #793 #1179 #1669 #1709 #2166 #2593 #2609 #2685 #2783 #2836 #2881 #2986 #3081 #3154 #3180 #3183 #3381 #3448 #3493 

Iterations: 3600 
|-------------|-------------|-------------|-------------|
|-------------------------------------------------------|

Current time: 2024-11-21 04:02:44
MCMC time 17 mins 

USED COMPONENTS: 66 OF 74 

rel. MC standard error: 0.0149 to 0.107
eff. sample size: 87.9 to 4520
needed thinning: 2 to 62
Diagnostics time 1.6 secs 

Total number of iterations 3600 - required further 481 

Chain # 7 - chunk 2 (chain 1 of 1 for this core): increasing by 482 

Iterations: 482 
|-------------|-------------|-------------|-------------|
|-------------------------------------------------------|

Current time: 2024-11-21 04:05:01
MCMC time 19 mins 

USED COMPONENTS: 66 OF 74 

rel. MC standard error: 0.0134 to 0.1
eff. sample size: 99.6 to 5550
needed thinning: 2 to 62
Diagnostics time 0.31 secs 

Total number of iterations 4082 - required further 481 

Chain # 7 - chunk 3 (chain 1 of 1 for this core): increasing by 482 

Iterations: 482 
|-------------|-------------|-------------|-------------|
|-------------------------------------------------------|

Current time: 2024-11-21 04:07:18
MCMC time 21 mins 

USED COMPONENTS: 66 OF 74 

rel. MC standard error: 0.0127 to 0.0975
eff. sample size: 105 to 6250
needed thinning: 2 to 66
Diagnostics time 0.34 secs 

Total number of iterations 4564 - required further 512 

Chain # 7 - chunk 4 (chain 1 of 1 for this core): increasing by 513 

Iterations: 513 
|-------------|-------------|-------------|-------------|
|-------------------------------------------------------|

Current time: 2024-11-21 04:09:43
MCMC time 24 mins 

USED COMPONENTS: 66 OF 74 

rel. MC standard error: 0.0131 to 0.0946
eff. sample size: 112 to 5820
needed thinning: 2 to 69
Diagnostics time 0.44 secs 

Total number of iterations 5077 - required further 535 

Chain # 7 - chunk 5 (chain 1 of 1 for this core): increasing by 536 

Iterations: 536 
|-------------|-------------|-------------|-------------|
|-------------------------------------------------------|

Current time: 2024-11-21 04:12:13
MCMC time 26 mins 

USED COMPONENTS: 66 OF 74 

rel. MC standard error: 0.0108 to 0.09
eff. sample size: 123 to 8490
needed thinning: 1 to 69
Diagnostics time 0.34 secs 

Total number of iterations 5613 - required further 535 

Chain # 7 - chunk 6 (chain 1 of 1 for this core): increasing by 536 

Iterations: 536 
|-------------|-------------|-------------|-------------|
|-------------------------------------------------------|

Current time: 2024-11-21 04:14:42
MCMC time 29 mins 

USED COMPONENTS: 65 OF 74 

rel. MC standard error: 0.011 to 0.0892
eff. sample size: 126 to 8250
needed thinning: 2 to 74
Diagnostics time 0.35 secs 

Total number of iterations 6149 - required further 574 

Chain # 7 - chunk 7 (chain 1 of 1 for this core): increasing by 575 

Iterations: 575 
|-------------|-------------|-------------|-------------|
|-------------------------------------------------------|

Current time: 2024-11-21 04:17:21
MCMC time 32 mins 

USED COMPONENTS: 64 OF 74 

rel. MC standard error: 0.0112 to 0.0898
eff. sample size: 124 to 7980
needed thinning: 2 to 82
Diagnostics time 1.2 secs 

Total number of iterations 6724 - required further 636 

Chain # 7 - chunk 8 (chain 1 of 1 for this core): increasing by 637 

Iterations: 637 
|-------------|-------------|-------------|-------------|
|-------------------------------------------------------|

Current time: 2024-11-21 04:20:19
MCMC time 34 mins 

USED COMPONENTS: 64 OF 74 

rel. MC standard error: 0.0106 to 0.0872
eff. sample size: 131 to 8880
needed thinning: 2 to 84
Diagnostics time 0.36 secs 

Total number of iterations 7361 - required further 651 

Chain # 7 - chunk 9 (chain 1 of 1 for this core): increasing by 652 

Iterations: 652 
|-------------|-------------|-------------|-------------|
|-------------------------------------------------------|

Current time: 2024-11-21 04:23:19
MCMC time 37 mins 

USED COMPONENTS: 65 OF 74 

rel. MC standard error: 0.0103 to 0.0836
eff. sample size: 143 to 9360
needed thinning: 2 to 84
Diagnostics time 0.34 secs 

Total number of iterations 8013 - required further 651 

Chain # 7 - chunk 10 (chain 1 of 1 for this core): increasing by 652 

Iterations: 652 
|-------------|-------------|-------------|-------------|
|-------------------------------------------------------|

Current time: 2024-11-21 04:26:11
MCMC time 40 mins 

USED COMPONENTS: 65 OF 74 

rel. MC standard error: 0.00939 to 0.0825
eff. sample size: 147 to 11300
needed thinning: 2 to 89
Diagnostics time 0.35 secs 

Total number of iterations 8665 - required further 690 

Chain # 7 - chunk 11 (chain 1 of 1 for this core): increasing by 691 

Iterations: 691 
|-------------|-------------|-------------|-------------|
|-------------------------------------------------------|

Current time: 2024-11-21 04:28:59
MCMC time 43 mins 

USED COMPONENTS: 66 OF 74 

rel. MC standard error: 0.00905 to 0.0798
eff. sample size: 157 to 12200
needed thinning: 2 to 90
Diagnostics time 0.35 secs 

Total number of iterations 9356 - required further 698 

Chain # 7 - chunk 12 (chain 1 of 1 for this core): increasing by 699 

Iterations: 699 
|-------------|-------------|-------------|-------------|
|-------------------------------------------------------|

Current time: 2024-11-21 04:31:48
MCMC time 46 mins 

USED COMPONENTS: 65 OF 74 

rel. MC standard error: 0.0088 to 0.0773
eff. sample size: 167 to 12900
needed thinning: 2 to 91
Diagnostics time 0.33 secs 

Total number of iterations 10055 - required further 705 

Chain # 7 - chunk 13 (chain 1 of 1 for this core): increasing by 706 

Iterations: 706 
|-------------|-------------|-------------|-------------|
|-------------------------------------------------------|

Current time: 2024-11-21 04:34:38
MCMC time 49 mins 

USED COMPONENTS: 65 OF 74 

rel. MC standard error: 0.0087 to 0.0748
eff. sample size: 179 to 13200
needed thinning: 2 to 91
Diagnostics time 0.35 secs 

Total number of iterations 10761 - required further 705 

Chain # 7 - chunk 14 (chain 1 of 1 for this core): increasing by 706 

Iterations: 706 
|-------------|-------------|-------------|-------------|
|-------------------------------------------------------|

Current time: 2024-11-21 04:37:28
MCMC time 52 mins 

USED COMPONENTS: 65 OF 74 

rel. MC standard error: 0.00866 to 0.0729
eff. sample size: 188 to 13300
needed thinning: 2 to 92
Diagnostics time 0.37 secs 

Total number of iterations 11467 - required further 713 

Chain # 7 - chunk 15 (chain 1 of 1 for this core): increasing by 714 

Iterations: 714 
|-------------|-------------|-------------|-------------|
|-------------------------------------------------------|

Current time: 2024-11-21 04:40:19
MCMC time 54 mins 

USED COMPONENTS: 65 OF 74 

rel. MC standard error: 0.00838 to 0.0707
eff. sample size: 200 to 14200
needed thinning: 2 to 92
Diagnostics time 0.36 secs 

Total number of iterations 12181 - required further 713 

Chain # 7 - chunk 16 (chain 1 of 1 for this core): increasing by 714 

Iterations: 714 
|-------------|-------------|-------------|-------------|
|-------------------------------------------------------|

Current time: 2024-11-21 04:43:10
MCMC time 57 mins 

USED COMPONENTS: 65 OF 74 

rel. MC standard error: 0.00809 to 0.0686
eff. sample size: 212 to 15300
needed thinning: 2 to 92
Diagnostics time 0.36 secs 

Total number of iterations 12895 - required further 713 

Chain # 7 - chunk 17 (chain 1 of 1 for this core): increasing by 714 

Iterations: 714 
|-------------|-------------|-------------|-------------|
|-------------------------------------------------------|

Current time: 2024-11-21 04:46:01
MCMC time 1 hours 

USED COMPONENTS: 65 OF 74 

rel. MC standard error: 0.00765 to 0.0671
eff. sample size: 222 to 17100
needed thinning: 2 to 92
Diagnostics time 0.34 secs 

Total number of iterations 13609 - required further 713 

Chain # 7 - chunk 18 (chain 1 of 1 for this core): increasing by 714 

Iterations: 714 
|-------------|-------------|-------------|-------------|
|-------------------------------------------------------|

Current time: 2024-11-21 04:48:52
MCMC time 1.1 hours 

USED COMPONENTS: 65 OF 74 

rel. MC standard error: 0.00802 to 0.0657
eff. sample size: 232 to 15500
needed thinning: 2 to 93
Diagnostics time 0.32 secs 

Total number of iterations 14323 - required further 721 

Chain # 7 - chunk 19 (chain 1 of 1 for this core): increasing by 722 

Iterations: 722 
|-------------|-------------|-------------|-------------|
|-------------------------------------------------------|

Current time: 2024-11-21 04:51:44
MCMC time 1.1 hours 

USED COMPONENTS: 65 OF 74 

rel. MC standard error: 0.00767 to 0.0642
eff. sample size: 243 to 17000
needed thinning: 2 to 94
Diagnostics time 0.33 secs 

Total number of iterations 15045 - required further 729 

Chain # 7 - chunk 20 (chain 1 of 1 for this core): increasing by 730 

Iterations: 730 
|-------------|-------------|-------------|-------------|
|-------------------------------------------------------|

Current time: 2024-11-21 04:54:38
MCMC time 1.1 hours 

USED COMPONENTS: 64 OF 74 

rel. MC standard error: 0.00729 to 0.0624
eff. sample size: 256 to 18800
needed thinning: 2 to 93
Diagnostics time 0.32 secs 

Total number of iterations 15775 - required further 721 

Chain # 7 - chunk 21 (chain 1 of 1 for this core): increasing by 722 

Iterations: 722 
|-------------|-------------|-------------|-------------|
|-------------------------------------------------------|

Current time: 2024-11-21 04:57:30
MCMC time 1.2 hours 

USED COMPONENTS: 64 OF 74 

rel. MC standard error: 0.00708 to 0.0617
eff. sample size: 263 to 19900
needed thinning: 2 to 95
Diagnostics time 0.31 secs 

Total number of iterations 16497 - required further 736 

Chain # 7 - chunk 22 (chain 1 of 1 for this core): increasing by 737 

Iterations: 737 
|-------------|-------------|-------------|-------------|
|-------------------------------------------------------|

Current time: 2024-11-21 05:00:24
MCMC time 1.2 hours 

USED COMPONENTS: 65 OF 74 

rel. MC standard error: 0.00719 to 0.0606
eff. sample size: 272 to 19400
needed thinning: 2 to 95
Diagnostics time 0.32 secs 

Total number of iterations 17234 - required further 736 

Chain # 7 - chunk 23 (chain 1 of 1 for this core): increasing by 737 

Iterations: 737 
|-------------|-------------|-------------|-------------|
|-------------------------------------------------------|

Current time: 2024-11-21 05:03:19
MCMC time 1.3 hours 

USED COMPONENTS: 64 OF 74 

rel. MC standard error: 0.00716 to 0.06
eff. sample size: 278 to 19500
needed thinning: 2 to 97
Diagnostics time 0.84 secs 

Total number of iterations 17971 - required further 752 

Chain # 7 - chunk 24 (chain 1 of 1 for this core): increasing by 753 

Iterations: 753 
|-------------|-------------|-------------|-------------|
|-------------------------------------------------------|

Current time: 2024-11-21 05:06:18
MCMC time 1.3 hours 

USED COMPONENTS: 64 OF 74 

rel. MC standard error: 0.00646 to 0.0594
eff. sample size: 284 to 24000
needed thinning: 2 to 99
Diagnostics time 0.36 secs 

Total number of iterations 18724 - required further 767 

Chain # 7 - chunk 25 (chain 1 of 1 for this core): increasing by 768 

Iterations: 768 
|-------------|-------------|-------------|-------------|
|-------------------------------------------------------|

Current time: 2024-11-21 05:09:20
MCMC time 1.4 hours 

USED COMPONENTS: 64 OF 74 

rel. MC standard error: 0.00635 to 0.0596
eff. sample size: 282 to 24800
needed thinning: 2 to 104
Diagnostics time 0.33 secs 

Total number of iterations 19492 - required further 806 

Chain # 7 - chunk 26 (chain 1 of 1 for this core): increasing by 807 

Iterations: 807 
|-------------|-------------|-------------|-------------|
|-------------------------------------------------------|

Current time: 2024-11-21 05:12:31
MCMC time 1.4 hours 

USED COMPONENTS: 63 OF 74 

rel. MC standard error: 0.00685 to 0.0592
eff. sample size: 285 to 21300
needed thinning: 2 to 107
Diagnostics time 0.38 secs 

Total number of iterations 20299 - required further 829 

Chain # 7 - chunk 27 (chain 1 of 1 for this core): increasing by 830 

Iterations: 830 
|-------------|-------------|-------------|-------------|
|-------------------------------------------------------|

Current time: 2024-11-21 05:15:47
MCMC time 1.5 hours 

USED COMPONENTS: 63 OF 74 

rel. MC standard error: 0.00658 to 0.0578
eff. sample size: 299 to 23100
needed thinning: 2 to 107
Diagnostics time 0.38 secs 

Total number of iterations 21129 - required further 829 

Chain # 7 - chunk 28 (chain 1 of 1 for this core): increasing by 830 

Iterations: 830 
|-------------|-------------|-------------|-------------|
|-------------------------------------------------------|

Current time: 2024-11-21 05:19:04
MCMC time 1.6 hours 

USED COMPONENTS: 63 OF 74 

rel. MC standard error: 0.00658 to 0.0575
eff. sample size: 302 to 23100
needed thinning: 2 to 110
Diagnostics time 0.38 secs 

Total number of iterations 21959 - required further 853 

Chain # 7 - chunk 29 (chain 1 of 1 for this core): increasing by 854 

Iterations: 854 
|-------------|-------------|-------------|-------------|
|-------------------------------------------------------|

Current time: 2024-11-21 05:22:26
MCMC time 1.6 hours 

USED COMPONENTS: 64 OF 74 

rel. MC standard error: 0.00653 to 0.0571
eff. sample size: 307 to 23400
needed thinning: 2 to 112
Diagnostics time 0.4 secs 

Total number of iterations 22813 - required further 868 

Chain # 7 - chunk 30 (chain 1 of 1 for this core): increasing by 869 

Iterations: 869 
|-------------|-------------|-------------|-------------|
|-------------------------------------------------------|

Current time: 2024-11-21 05:25:52
MCMC time 1.7 hours 

USED COMPONENTS: 64 OF 74 

rel. MC standard error: 0.00586 to 0.0561
eff. sample size: 318 to 29100
needed thinning: 2 to 112
Diagnostics time 0.41 secs 

Total number of iterations 23682 - required further 868 

Chain # 7 - chunk 31 (chain 1 of 1 for this core): increasing by 869 

Iterations: 869 
|-------------|-------------|-------------|-------------|
|-------------------------------------------------------|

Current time: 2024-11-21 05:29:17
MCMC time 1.7 hours 

USED COMPONENTS: 63 OF 74 

rel. MC standard error: 0.0059 to 0.0562
eff. sample size: 317 to 28700
needed thinning: 2 to 117
Diagnostics time 0.39 secs 

Total number of iterations 24551 - required further 907 

Chain # 7 - chunk 32 (chain 1 of 1 for this core): increasing by 908 

Iterations: 908 
|-------------|-------------|-------------|-------------|
|-------------------------------------------------------|

Current time: 2024-11-21 05:32:52
MCMC time 1.8 hours 

USED COMPONENTS: 64 OF 74 

rel. MC standard error: 0.00609 to 0.0552
eff. sample size: 329 to 27000
needed thinning: 2 to 117
Diagnostics time 0.41 secs 

Total number of iterations 25459 - required further 907 

Chain # 7 - chunk 33 (chain 1 of 1 for this core): increasing by 908 

Iterations: 908 
|-------------|-------------|-------------|-------------|
|-------------------------------------------------------|

Current time: 2024-11-21 05:36:27
MCMC time 1.8 hours 

USED COMPONENTS: 64 OF 74 

rel. MC standard error: 0.00601 to 0.0555
eff. sample size: 324 to 27700
needed thinning: 2 to 122
Diagnostics time 0.93 secs 

Total number of iterations 26367 - required further 946 

Chain # 7 - chunk 34 (chain 1 of 1 for this core): increasing by 947 

Iterations: 947 
|-------------|-------------|-------------|-------------|
|-------------------------------------------------------|

Current time: 2024-11-21 05:40:12
MCMC time 1.9 hours 

USED COMPONENTS: 64 OF 74 

rel. MC standard error: 0.00601 to 0.0547
eff. sample size: 334 to 27700
needed thinning: 2 to 123
Diagnostics time 0.43 secs 

Total number of iterations 27314 - required further 953 

Chain # 7 - chunk 35 (chain 1 of 1 for this core): increasing by 954 

Iterations: 954 
|-------------|-------------|-------------|-------------|
|-------------------------------------------------------|

Current time: 2024-11-21 05:43:57
MCMC time 2 hours 

USED COMPONENTS: 64 OF 74 

rel. MC standard error: 0.00597 to 0.0544
eff. sample size: 338 to 28100
needed thinning: 2 to 126
Diagnostics time 0.44 secs 

Total number of iterations 28268 - required further 976 

Chain # 7 - chunk 36 (chain 1 of 1 for this core): increasing by 977 

Iterations: 977 
|-------------|-------------|-------------|-------------|
|-------------------------------------------------------|

Current time: 2024-11-21 05:47:48
MCMC time 2 hours 

USED COMPONENTS: 65 OF 74 

rel. MC standard error: 0.006 to 0.0537
eff. sample size: 346 to 27800
needed thinning: 2 to 127
Diagnostics time 0.43 secs 

Total number of iterations 29245 - required further 984 

Chain # 7 - chunk 37 (chain 1 of 1 for this core): increasing by 985 

Iterations: 985 
|-------------|-------------|-------------|-------------|
|-------------------------------------------------------|

Current time: 2024-11-21 05:51:41
MCMC time 2.1 hours 

USED COMPONENTS: 65 OF 74 

rel. MC standard error: 0.0061 to 0.0529
eff. sample size: 357 to 26900
needed thinning: 2 to 128
Diagnostics time 0.44 secs 

Total number of iterations 30230 - required further 992 

Chain # 7 - chunk 38 (chain 1 of 1 for this core): increasing by 993 

Iterations: 993 
|-------------|-------------|-------------|-------------|
|-------------------------------------------------------|

Current time: 2024-11-21 05:55:35
MCMC time 2.2 hours 

USED COMPONENTS: 65 OF 74 

rel. MC standard error: 0.00565 to 0.0528
eff. sample size: 359 to 31400
needed thinning: 2 to 131
Diagnostics time 0.45 secs 

Total number of iterations 31223 - required further 1015 

Chain # 7 - chunk 39 (chain 1 of 1 for this core): increasing by 1016 

Iterations: 1016 
|-------------|-------------|-------------|-------------|
|-------------------------------------------------------|

Current time: 2024-11-21 05:59:35
MCMC time 2.2 hours 

USED COMPONENTS: 65 OF 74 

rel. MC standard error: 0.00573 to 0.0522
eff. sample size: 367 to 30500
needed thinning: 2 to 132
Diagnostics time 0.47 secs 

Total number of iterations 32239 - required further 1023 

Chain # 7 - chunk 40 (chain 1 of 1 for this core): increasing by 1024 

Iterations: 1024 
|-------------|-------------|-------------|-------------|
|-------------------------------------------------------|

Current time: 2024-11-21 06:03:37
MCMC time 2.3 hours 

USED COMPONENTS: 65 OF 74 

rel. MC standard error: 0.00547 to 0.0522
eff. sample size: 367 to 33400
needed thinning: 2 to 137
Diagnostics time 0.45 secs 

Total number of iterations 33263 - required further 1062 

Chain # 7 - chunk 41 (chain 1 of 1 for this core): increasing by 1063 

Iterations: 1063 
|-------------|-------------|-------------|-------------|
|-------------------------------------------------------|

Current time: 2024-11-21 06:07:47
MCMC time 2.4 hours 

USED COMPONENTS: 65 OF 74 

rel. MC standard error: 0.00532 to 0.0518
eff. sample size: 372 to 35300
needed thinning: 2 to 139
Diagnostics time 0.99 secs 

Total number of iterations 34326 - required further 1077 

Chain # 7 - chunk 42 (chain 1 of 1 for this core): increasing by 1078 

Iterations: 1078 
|-------------|-------------|-------------|-------------|
|-------------------------------------------------------|

Current time: 2024-11-21 06:12:01
MCMC time 2.4 hours 

USED COMPONENTS: 65 OF 74 

rel. MC standard error: 0.00529 to 0.0519
eff. sample size: 372 to 35700
needed thinning: 2 to 143
Diagnostics time 0.47 secs 

Total number of iterations 35404 - required further 1108 

Chain # 7 - chunk 43 (chain 1 of 1 for this core): increasing by 1109 

Iterations: 1109 
|-------------|-------------|-------------|-------------|
|-------------------------------------------------------|

Current time: 2024-11-21 06:16:22
MCMC time 2.5 hours 

USED COMPONENTS: 64 OF 74 

rel. MC standard error: 0.00524 to 0.0506
eff. sample size: 390 to 36400
needed thinning: 2 to 141
Diagnostics time 0.99 secs 

Total number of iterations 36513 - required further 1093 

Chain # 7 - chunk 44 (chain 1 of 1 for this core): increasing by 1094 

Iterations: 1094 
|-------------|-------------|-------------|-------------|
|-------------------------------------------------------|

Current time: 2024-11-21 06:20:39
MCMC time 2.6 hours 

USED COMPONENTS: 66 OF 74 

rel. MC standard error: 0.00525 to 0.0499
eff. sample size: 401 to 36300
needed thinning: 2 to 141
Diagnostics time 0.49 secs 

Total number of iterations 37607 - required further 0 

Keeping last 60 samples with thinning 141 

Plotting traces and samples.

Current time: 2024-11-21 06:20:42
MCMC + diagnostics time 2.6 hours 

Current time: 2024-11-21 06:20:42
Total time 2.6 hours 
loaded inferno and set parent environment
loaded inferno and set parent environment
loaded inferno and set parent environment
loaded inferno and set parent environment
