Log core 1 - Current time: 2024-11-21 03:36:53
Defining model
Building model
Setting data and initial values
Running calculate on model
  [Note] Any error reports that follow may simply reflect missing values in model variables.
Checking model sizes and dimensions
Compiling
  [Note] This may take a minute.
  [Note] Use 'showCompilerOutput = TRUE' to see C++ compilation details.
===== Monitors =====
thin = 1: Bprob, Rmean, Rvar, W
thin2 = 1: K
===== Samplers =====
conjugate sampler (519)
  - Rmean[]  (148 elements)
  - Rrate[]  (148 elements)
  - Bprob[]  (74 elements)
  - Rvar[]  (148 elements)
  - W[1:74] 
categorical sampler (3601)
  - Alpha
  - K[]  (3600 elements)
===== Monitors =====
thin = 1: Bprob, Rmean, Rvar, W
thin2 = 1: K
===== Samplers =====
slice sampler (3601)
  - Alpha
  - K[]  (3600 elements)
conjugate sampler (519)
  - Rmean[]  (148 elements)
  - Rrate[]  (148 elements)
  - Bprob[]  (74 elements)
  - Rvar[]  (148 elements)
  - W[1:74] 
Compiling
  [Note] This may take a minute.
  [Note] Use 'showCompilerOutput = TRUE' to see C++ compilation details.

Setup time 8.9 mins 

Chain # 1 (chain 1 of 1 for this core)

Datapoints for testing convergence:
 #91 #173 #213 #416 #467 #581 #684 #773 #842 #843 #888 #1126 #1515 #1643 #1644 #1851 #2198 #2240 #3132 #3375 

Iterations: 3600 
|-------------|-------------|-------------|-------------|
|-------------------------------------------------------|

Current time: 2024-11-21 04:02:45
MCMC time 17 mins 

USED COMPONENTS: 59 OF 74 

rel. MC standard error: 0.016 to 0.0643
eff. sample size: 242 to 3890
needed thinning: 2 to 23
Diagnostics time 1.6 secs 

Total number of iterations 3600 - required further 179 

Chain # 1 - chunk 2 (chain 1 of 1 for this core): increasing by 180 

Iterations: 180 
|-------------|-------------|-------------|-------------|
|-------------------------------------------------------|

Current time: 2024-11-21 04:03:38
MCMC time 18 mins 

USED COMPONENTS: 59 OF 74 

rel. MC standard error: 0.0154 to 0.0661
eff. sample size: 229 to 4220
needed thinning: 2 to 25
Diagnostics time 0.11 secs 

Total number of iterations 3780 - required further 194 

Chain # 1 - chunk 3 (chain 1 of 1 for this core): increasing by 195 

Iterations: 195 
|-------------|-------------|-------------|-------------|
|-------------------------------------------------------|

Current time: 2024-11-21 04:04:33
MCMC time 19 mins 

USED COMPONENTS: 60 OF 74 

rel. MC standard error: 0.0149 to 0.063
eff. sample size: 252 to 4520
needed thinning: 2 to 24
Diagnostics time 0.14 secs 

Total number of iterations 3975 - required further 186 

Chain # 1 - chunk 4 (chain 1 of 1 for this core): increasing by 187 

Iterations: 187 
|-------------|-------------|-------------|-------------|
|-------------------------------------------------------|

Current time: 2024-11-21 04:05:26
MCMC time 20 mins 

USED COMPONENTS: 60 OF 74 

rel. MC standard error: 0.016 to 0.0615
eff. sample size: 264 to 3920
needed thinning: 2 to 24
Diagnostics time 0.19 secs 

Total number of iterations 4162 - required further 186 

Chain # 1 - chunk 5 (chain 1 of 1 for this core): increasing by 187 

Iterations: 187 
|-------------|-------------|-------------|-------------|
|-------------------------------------------------------|

Current time: 2024-11-21 04:06:18
MCMC time 20 mins 

USED COMPONENTS: 60 OF 74 

rel. MC standard error: 0.0152 to 0.0587
eff. sample size: 290 to 4330
needed thinning: 2 to 23
Diagnostics time 0.12 secs 

Total number of iterations 4349 - required further 179 

Chain # 1 - chunk 6 (chain 1 of 1 for this core): increasing by 180 

Iterations: 180 
|-------------|-------------|-------------|-------------|
|-------------------------------------------------------|

Current time: 2024-11-21 04:07:09
MCMC time 21 mins 

USED COMPONENTS: 59 OF 74 

rel. MC standard error: 0.0149 to 0.0587
eff. sample size: 291 to 4490
needed thinning: 2 to 24
Diagnostics time 0.19 secs 

Total number of iterations 4529 - required further 186 

Chain # 1 - chunk 7 (chain 1 of 1 for this core): increasing by 187 

Iterations: 187 
|-------------|-------------|-------------|-------------|
|-------------------------------------------------------|

Current time: 2024-11-21 04:08:02
MCMC time 22 mins 

USED COMPONENTS: 59 OF 74 

rel. MC standard error: 0.0141 to 0.0544
eff. sample size: 338 to 5010
needed thinning: 2 to 21
Diagnostics time 0.19 secs 

Total number of iterations 4716 - required further 163 

Chain # 1 - chunk 8 (chain 1 of 1 for this core): increasing by 164 

Iterations: 164 
|-------------|-------------|-------------|-------------|
|-------------------------------------------------------|

Current time: 2024-11-21 04:08:48
MCMC time 23 mins 

USED COMPONENTS: 59 OF 74 

rel. MC standard error: 0.0145 to 0.0548
eff. sample size: 332 to 4760
needed thinning: 2 to 23
Diagnostics time 0.11 secs 

Total number of iterations 4880 - required further 179 

Chain # 1 - chunk 9 (chain 1 of 1 for this core): increasing by 180 

Iterations: 180 
|-------------|-------------|-------------|-------------|
|-------------------------------------------------------|

Current time: 2024-11-21 04:09:39
MCMC time 24 mins 

USED COMPONENTS: 59 OF 74 

rel. MC standard error: 0.0139 to 0.0532
eff. sample size: 354 to 5150
needed thinning: 2 to 22
Diagnostics time 0.13 secs 

Total number of iterations 5060 - required further 171 

Chain # 1 - chunk 10 (chain 1 of 1 for this core): increasing by 172 

Iterations: 172 
|-------------|-------------|-------------|-------------|
|-------------------------------------------------------|

Current time: 2024-11-21 04:10:28
MCMC time 25 mins 

USED COMPONENTS: 59 OF 74 

rel. MC standard error: 0.0142 to 0.0564
eff. sample size: 314 to 4950
needed thinning: 2 to 25
Diagnostics time 0.28 secs 

Total number of iterations 5232 - required further 194 

Chain # 1 - chunk 11 (chain 1 of 1 for this core): increasing by 195 

Iterations: 195 
|-------------|-------------|-------------|-------------|
|-------------------------------------------------------|

Current time: 2024-11-21 04:11:22
MCMC time 26 mins 

USED COMPONENTS: 59 OF 74 

rel. MC standard error: 0.0137 to 0.0568
eff. sample size: 310 to 5340
needed thinning: 2 to 27
Diagnostics time 0.12 secs 

Total number of iterations 5427 - required further 210 

Chain # 1 - chunk 12 (chain 1 of 1 for this core): increasing by 211 

Iterations: 211 
|-------------|-------------|-------------|-------------|
|-------------------------------------------------------|

Current time: 2024-11-21 04:12:21
MCMC time 27 mins 

USED COMPONENTS: 59 OF 74 

rel. MC standard error: 0.0145 to 0.0575
eff. sample size: 302 to 4760
needed thinning: 2 to 28
Diagnostics time 0.14 secs 

Total number of iterations 5638 - required further 217 

Chain # 1 - chunk 13 (chain 1 of 1 for this core): increasing by 218 

Iterations: 218 
|-------------|-------------|-------------|-------------|
|-------------------------------------------------------|

Current time: 2024-11-21 04:13:22
MCMC time 28 mins 

USED COMPONENTS: 60 OF 74 

rel. MC standard error: 0.0126 to 0.0584
eff. sample size: 294 to 6270
needed thinning: 2 to 30
Diagnostics time 0.2 secs 

Total number of iterations 5856 - required further 233 

Chain # 1 - chunk 14 (chain 1 of 1 for this core): increasing by 234 

Iterations: 234 
|-------------|-------------|-------------|-------------|
|-------------------------------------------------------|

Current time: 2024-11-21 04:14:27
MCMC time 29 mins 

USED COMPONENTS: 59 OF 74 

rel. MC standard error: 0.0125 to 0.0587
eff. sample size: 290 to 6400
needed thinning: 2 to 32
Diagnostics time 0.2 secs 

Total number of iterations 6090 - required further 248 

Chain # 1 - chunk 15 (chain 1 of 1 for this core): increasing by 249 

Iterations: 249 
|-------------|-------------|-------------|-------------|
|-------------------------------------------------------|

Current time: 2024-11-21 04:15:36
MCMC time 30 mins 

USED COMPONENTS: 60 OF 74 

rel. MC standard error: 0.0128 to 0.0599
eff. sample size: 279 to 6060
needed thinning: 2 to 35
Diagnostics time 0.2 secs 

Total number of iterations 6339 - required further 272 

Chain # 1 - chunk 16 (chain 1 of 1 for this core): increasing by 273 

Iterations: 273 
|-------------|-------------|-------------|-------------|
|-------------------------------------------------------|

Current time: 2024-11-21 04:16:52
MCMC time 31 mins 

USED COMPONENTS: 61 OF 74 

rel. MC standard error: 0.0126 to 0.0605
eff. sample size: 273 to 6300
needed thinning: 2 to 37
Diagnostics time 0.22 secs 

Total number of iterations 6612 - required further 287 

Chain # 1 - chunk 17 (chain 1 of 1 for this core): increasing by 288 

Iterations: 288 
|-------------|-------------|-------------|-------------|
|-------------------------------------------------------|

Current time: 2024-11-21 04:18:11
MCMC time 32 mins 

USED COMPONENTS: 60 OF 74 

rel. MC standard error: 0.0117 to 0.0615
eff. sample size: 265 to 7310
needed thinning: 2 to 40
Diagnostics time 1 secs 

Total number of iterations 6900 - required further 310 

Chain # 1 - chunk 18 (chain 1 of 1 for this core): increasing by 311 

Iterations: 311 
|-------------|-------------|-------------|-------------|
|-------------------------------------------------------|

Current time: 2024-11-21 04:19:38
MCMC time 34 mins 

USED COMPONENTS: 59 OF 74 

rel. MC standard error: 0.0109 to 0.0611
eff. sample size: 268 to 8390
needed thinning: 2 to 41
Diagnostics time 0.17 secs 

Total number of iterations 7211 - required further 318 

Chain # 1 - chunk 19 (chain 1 of 1 for this core): increasing by 319 

Iterations: 319 
|-------------|-------------|-------------|-------------|
|-------------------------------------------------------|

Current time: 2024-11-21 04:21:05
MCMC time 35 mins 

USED COMPONENTS: 59 OF 74 

rel. MC standard error: 0.012 to 0.0608
eff. sample size: 270 to 6890
needed thinning: 2 to 42
Diagnostics time 0.17 secs 

Total number of iterations 7530 - required further 326 

Chain # 1 - chunk 20 (chain 1 of 1 for this core): increasing by 327 

Iterations: 327 
|-------------|-------------|-------------|-------------|
|-------------------------------------------------------|

Current time: 2024-11-21 04:22:35
MCMC time 37 mins 

USED COMPONENTS: 59 OF 74 

rel. MC standard error: 0.011 to 0.0611
eff. sample size: 268 to 8240
needed thinning: 2 to 44
Diagnostics time 0.22 secs 

Total number of iterations 7857 - required further 341 

Chain # 1 - chunk 21 (chain 1 of 1 for this core): increasing by 342 

Iterations: 342 
|-------------|-------------|-------------|-------------|
|-------------------------------------------------------|

Current time: 2024-11-21 04:24:09
MCMC time 38 mins 

USED COMPONENTS: 59 OF 74 

rel. MC standard error: 0.0107 to 0.0603
eff. sample size: 275 to 8670
needed thinning: 2 to 45
Diagnostics time 0.23 secs 

Total number of iterations 8199 - required further 349 

Chain # 1 - chunk 22 (chain 1 of 1 for this core): increasing by 350 

Iterations: 350 
|-------------|-------------|-------------|-------------|
|-------------------------------------------------------|

Current time: 2024-11-21 04:25:45
MCMC time 40 mins 

USED COMPONENTS: 60 OF 74 

rel. MC standard error: 0.0109 to 0.0601
eff. sample size: 277 to 8430
needed thinning: 2 to 47
Diagnostics time 0.2 secs 

Total number of iterations 8549 - required further 365 

Chain # 1 - chunk 23 (chain 1 of 1 for this core): increasing by 366 

Iterations: 366 
|-------------|-------------|-------------|-------------|
|-------------------------------------------------------|

Current time: 2024-11-21 04:27:26
MCMC time 42 mins 

USED COMPONENTS: 60 OF 74 

rel. MC standard error: 0.0114 to 0.0597
eff. sample size: 281 to 7740
needed thinning: 2 to 48
Diagnostics time 0.23 secs 

Total number of iterations 8915 - required further 372 

Chain # 1 - chunk 24 (chain 1 of 1 for this core): increasing by 373 

Iterations: 373 
|-------------|-------------|-------------|-------------|
|-------------------------------------------------------|

Current time: 2024-11-21 04:29:08
MCMC time 43 mins 

USED COMPONENTS: 59 OF 74 

rel. MC standard error: 0.0107 to 0.0588
eff. sample size: 289 to 8750
needed thinning: 2 to 49
Diagnostics time 0.19 secs 

Total number of iterations 9288 - required further 380 

Chain # 1 - chunk 25 (chain 1 of 1 for this core): increasing by 381 

Iterations: 381 
|-------------|-------------|-------------|-------------|
|-------------------------------------------------------|

Current time: 2024-11-21 04:30:54
MCMC time 45 mins 

USED COMPONENTS: 59 OF 74 

rel. MC standard error: 0.0104 to 0.0581
eff. sample size: 296 to 9260
needed thinning: 2 to 49
Diagnostics time 0.19 secs 

Total number of iterations 9669 - required further 380 

Chain # 1 - chunk 26 (chain 1 of 1 for this core): increasing by 381 

Iterations: 381 
|-------------|-------------|-------------|-------------|
|-------------------------------------------------------|

Current time: 2024-11-21 04:32:38
MCMC time 47 mins 

USED COMPONENTS: 59 OF 74 

rel. MC standard error: 0.0105 to 0.0571
eff. sample size: 307 to 9150
needed thinning: 2 to 50
Diagnostics time 0.24 secs 

Total number of iterations 10050 - required further 388 

Chain # 1 - chunk 27 (chain 1 of 1 for this core): increasing by 389 

Iterations: 389 
|-------------|-------------|-------------|-------------|
|-------------------------------------------------------|

Current time: 2024-11-21 04:34:25
MCMC time 49 mins 

USED COMPONENTS: 59 OF 74 

rel. MC standard error: 0.0106 to 0.0566
eff. sample size: 312 to 8830
needed thinning: 2 to 51
Diagnostics time 0.34 secs 

Total number of iterations 10439 - required further 396 

Chain # 1 - chunk 28 (chain 1 of 1 for this core): increasing by 397 

Iterations: 397 
|-------------|-------------|-------------|-------------|
|-------------------------------------------------------|

Current time: 2024-11-21 04:36:14
MCMC time 50 mins 

USED COMPONENTS: 60 OF 74 

rel. MC standard error: 0.00973 to 0.0562
eff. sample size: 317 to 10600
needed thinning: 2 to 52
Diagnostics time 0.25 secs 

Total number of iterations 10836 - required further 403 

Chain # 1 - chunk 29 (chain 1 of 1 for this core): increasing by 404 

Iterations: 404 
|-------------|-------------|-------------|-------------|
|-------------------------------------------------------|

Current time: 2024-11-21 04:38:05
MCMC time 52 mins 

USED COMPONENTS: 60 OF 74 

rel. MC standard error: 0.01 to 0.0557
eff. sample size: 322 to 9990
needed thinning: 2 to 53
Diagnostics time 0.25 secs 

Total number of iterations 11240 - required further 411 

Chain # 1 - chunk 30 (chain 1 of 1 for this core): increasing by 412 

Iterations: 412 
|-------------|-------------|-------------|-------------|
|-------------------------------------------------------|

Current time: 2024-11-21 04:39:58
MCMC time 54 mins 

USED COMPONENTS: 59 OF 74 

rel. MC standard error: 0.00974 to 0.0544
eff. sample size: 338 to 10500
needed thinning: 2 to 52
Diagnostics time 0.28 secs 

Total number of iterations 11652 - required further 403 

Chain # 1 - chunk 31 (chain 1 of 1 for this core): increasing by 404 

Iterations: 404 
|-------------|-------------|-------------|-------------|
|-------------------------------------------------------|

Current time: 2024-11-21 04:41:49
MCMC time 56 mins 

USED COMPONENTS: 60 OF 74 

rel. MC standard error: 0.00968 to 0.0538
eff. sample size: 345 to 10700
needed thinning: 2 to 53
Diagnostics time 0.25 secs 

Total number of iterations 12056 - required further 411 

Chain # 1 - chunk 32 (chain 1 of 1 for this core): increasing by 412 

Iterations: 412 
|-------------|-------------|-------------|-------------|
|-------------------------------------------------------|

Current time: 2024-11-21 04:43:42
MCMC time 58 mins 

USED COMPONENTS: 59 OF 74 

rel. MC standard error: 0.0095 to 0.053
eff. sample size: 356 to 11100
needed thinning: 2 to 53
Diagnostics time 0.35 secs 

Total number of iterations 12468 - required further 411 

Chain # 1 - chunk 33 (chain 1 of 1 for this core): increasing by 412 

Iterations: 412 
|-------------|-------------|-------------|-------------|
|-------------------------------------------------------|

Current time: 2024-11-21 04:45:35
MCMC time 60 mins 

USED COMPONENTS: 59 OF 74 

rel. MC standard error: 0.0093 to 0.0527
eff. sample size: 360 to 11600
needed thinning: 2 to 54
Diagnostics time 0.25 secs 

Total number of iterations 12880 - required further 419 

Chain # 1 - chunk 34 (chain 1 of 1 for this core): increasing by 420 

Iterations: 420 
|-------------|-------------|-------------|-------------|
|-------------------------------------------------------|

Current time: 2024-11-21 04:47:30
MCMC time 1 hours 

USED COMPONENTS: 60 OF 74 

rel. MC standard error: 0.00884 to 0.0519
eff. sample size: 371 to 12800
needed thinning: 2 to 54
Diagnostics time 1 secs 

Total number of iterations 13300 - required further 419 

Chain # 1 - chunk 35 (chain 1 of 1 for this core): increasing by 420 

Iterations: 420 
|-------------|-------------|-------------|-------------|
|-------------------------------------------------------|

Current time: 2024-11-21 04:49:26
MCMC time 1.1 hours 

USED COMPONENTS: 60 OF 74 

rel. MC standard error: 0.00832 to 0.0509
eff. sample size: 386 to 14400
needed thinning: 2 to 54
Diagnostics time 0.27 secs 

Total number of iterations 13720 - required further 419 

Chain # 1 - chunk 36 (chain 1 of 1 for this core): increasing by 420 

Iterations: 420 
|-------------|-------------|-------------|-------------|
|-------------------------------------------------------|

Current time: 2024-11-21 04:51:20
MCMC time 1.1 hours 

USED COMPONENTS: 60 OF 74 

rel. MC standard error: 0.00821 to 0.0498
eff. sample size: 404 to 14800
needed thinning: 2 to 53
Diagnostics time 0.22 secs 

Total number of iterations 14140 - required further 0 

Keeping last 60 samples with thinning 53 

Plotting traces and samples.

Current time: 2024-11-21 04:51:21
MCMC + diagnostics time 1.1 hours 

Current time: 2024-11-21 04:51:21
Total time 1.1 hours 
loaded inferno and set parent environment
loaded inferno and set parent environment
loaded inferno and set parent environment
loaded inferno and set parent environment
Error in gzfile(file, "rb") : cannot open the connection
Calls: <Anonymous> -> cleanup -> loadNamespace -> readRDS -> gzfile
In addition: Warning message:
In gzfile(file, "rb") :
  cannot open compressed file '/usr/lib/R/library/tools/Meta/nsInfo.rds', probable reason 'Transport endpoint is not connected'
