Log core 10 - Current time: 2024-11-21 03:36:53
Defining model
Building model
Setting data and initial values
Running calculate on model
  [Note] Any error reports that follow may simply reflect missing values in model variables.
Checking model sizes and dimensions
Compiling
  [Note] This may take a minute.
  [Note] Use 'showCompilerOutput = TRUE' to see C++ compilation details.
===== Monitors =====
thin = 1: Bprob, Rmean, Rvar, W
thin2 = 1: K
===== Samplers =====
conjugate sampler (519)
  - Rmean[]  (148 elements)
  - Rrate[]  (148 elements)
  - Bprob[]  (74 elements)
  - Rvar[]  (148 elements)
  - W[1:74] 
categorical sampler (3601)
  - Alpha
  - K[]  (3600 elements)
===== Monitors =====
thin = 1: Bprob, Rmean, Rvar, W
thin2 = 1: K
===== Samplers =====
slice sampler (3601)
  - Alpha
  - K[]  (3600 elements)
conjugate sampler (519)
  - Rmean[]  (148 elements)
  - Rrate[]  (148 elements)
  - Bprob[]  (74 elements)
  - Rvar[]  (148 elements)
  - W[1:74] 
Compiling
  [Note] This may take a minute.
  [Note] Use 'showCompilerOutput = TRUE' to see C++ compilation details.

Setup time 8.9 mins 

Chain # 10 (chain 1 of 1 for this core)

Datapoints for testing convergence:
 #38 #415 #417 #439 #532 #923 #1034 #1302 #1717 #2178 #2194 #2361 #2444 #2759 #2845 #2864 #2918 #2921 #3022 #3174 

Iterations: 3600 
|-------------|-------------|-------------|-------------|
|-------------------------------------------------------|

Current time: 2024-11-21 04:02:37
MCMC time 17 mins 

USED COMPONENTS: 63 OF 74 

rel. MC standard error: 0.0141 to 0.0676
eff. sample size: 219 to 5020
needed thinning: 2 to 25
Diagnostics time 1.6 secs 

Total number of iterations 3600 - required further 194 

Chain # 10 - chunk 2 (chain 1 of 1 for this core): increasing by 195 

Iterations: 195 
|-------------|-------------|-------------|-------------|
|-------------------------------------------------------|

Current time: 2024-11-21 04:03:35
MCMC time 18 mins 

USED COMPONENTS: 63 OF 74 

rel. MC standard error: 0.0128 to 0.064
eff. sample size: 244 to 6090
needed thinning: 1 to 24
Diagnostics time 0.12 secs 

Total number of iterations 3795 - required further 186 

Chain # 10 - chunk 3 (chain 1 of 1 for this core): increasing by 187 

Iterations: 187 
|-------------|-------------|-------------|-------------|
|-------------------------------------------------------|

Current time: 2024-11-21 04:04:28
MCMC time 19 mins 

USED COMPONENTS: 62 OF 74 

rel. MC standard error: 0.0154 to 0.0641
eff. sample size: 243 to 4210
needed thinning: 2 to 25
Diagnostics time 0.14 secs 

Total number of iterations 3982 - required further 194 

Chain # 10 - chunk 4 (chain 1 of 1 for this core): increasing by 195 

Iterations: 195 
|-------------|-------------|-------------|-------------|
|-------------------------------------------------------|

Current time: 2024-11-21 04:05:23
MCMC time 20 mins 

USED COMPONENTS: 61 OF 74 

rel. MC standard error: 0.0138 to 0.0628
eff. sample size: 254 to 5240
needed thinning: 2 to 25
Diagnostics time 0.19 secs 

Total number of iterations 4177 - required further 194 

Chain # 10 - chunk 5 (chain 1 of 1 for this core): increasing by 195 

Iterations: 195 
|-------------|-------------|-------------|-------------|
|-------------------------------------------------------|

Current time: 2024-11-21 04:06:18
MCMC time 21 mins 

USED COMPONENTS: 61 OF 74 

rel. MC standard error: 0.0117 to 0.0611
eff. sample size: 268 to 7280
needed thinning: 1 to 25
Diagnostics time 0.12 secs 

Total number of iterations 4372 - required further 194 

Chain # 10 - chunk 6 (chain 1 of 1 for this core): increasing by 195 

Iterations: 195 
|-------------|-------------|-------------|-------------|
|-------------------------------------------------------|

Current time: 2024-11-21 04:07:13
MCMC time 21 mins 

USED COMPONENTS: 61 OF 74 

rel. MC standard error: 0.0127 to 0.0589
eff. sample size: 289 to 6200
needed thinning: 2 to 24
Diagnostics time 0.14 secs 

Total number of iterations 4567 - required further 186 

Chain # 10 - chunk 7 (chain 1 of 1 for this core): increasing by 187 

Iterations: 187 
|-------------|-------------|-------------|-------------|
|-------------------------------------------------------|

Current time: 2024-11-21 04:08:06
MCMC time 22 mins 

USED COMPONENTS: 61 OF 74 

rel. MC standard error: 0.0114 to 0.0576
eff. sample size: 302 to 7750
needed thinning: 1 to 24
Diagnostics time 0.19 secs 

Total number of iterations 4754 - required further 186 

Chain # 10 - chunk 8 (chain 1 of 1 for this core): increasing by 187 

Iterations: 187 
|-------------|-------------|-------------|-------------|
|-------------------------------------------------------|

Current time: 2024-11-21 04:08:59
MCMC time 23 mins 

USED COMPONENTS: 61 OF 74 

rel. MC standard error: 0.0128 to 0.0583
eff. sample size: 295 to 6080
needed thinning: 2 to 26
Diagnostics time 0.29 secs 

Total number of iterations 4941 - required further 202 

Chain # 10 - chunk 9 (chain 1 of 1 for this core): increasing by 203 

Iterations: 203 
|-------------|-------------|-------------|-------------|
|-------------------------------------------------------|

Current time: 2024-11-21 04:09:56
MCMC time 24 mins 

USED COMPONENTS: 61 OF 74 

rel. MC standard error: 0.0116 to 0.0565
eff. sample size: 313 to 7410
needed thinning: 2 to 25
Diagnostics time 0.13 secs 

Total number of iterations 5144 - required further 194 

Chain # 10 - chunk 10 (chain 1 of 1 for this core): increasing by 195 

Iterations: 195 
|-------------|-------------|-------------|-------------|
|-------------------------------------------------------|

Current time: 2024-11-21 04:10:51
MCMC time 25 mins 

USED COMPONENTS: 62 OF 74 

rel. MC standard error: 0.0117 to 0.0556
eff. sample size: 323 to 7360
needed thinning: 2 to 25
Diagnostics time 0.19 secs 

Total number of iterations 5339 - required further 194 

Chain # 10 - chunk 11 (chain 1 of 1 for this core): increasing by 195 

Iterations: 195 
|-------------|-------------|-------------|-------------|
|-------------------------------------------------------|

Current time: 2024-11-21 04:11:46
MCMC time 26 mins 

USED COMPONENTS: 62 OF 74 

rel. MC standard error: 0.0112 to 0.0545
eff. sample size: 337 to 7920
needed thinning: 2 to 25
Diagnostics time 0.17 secs 

Total number of iterations 5534 - required further 194 

Chain # 10 - chunk 12 (chain 1 of 1 for this core): increasing by 195 

Iterations: 195 
|-------------|-------------|-------------|-------------|
|-------------------------------------------------------|

Current time: 2024-11-21 04:12:40
MCMC time 27 mins 

USED COMPONENTS: 62 OF 74 

rel. MC standard error: 0.0116 to 0.0524
eff. sample size: 364 to 7480
needed thinning: 2 to 24
Diagnostics time 0.13 secs 

Total number of iterations 5729 - required further 186 

Chain # 10 - chunk 13 (chain 1 of 1 for this core): increasing by 187 

Iterations: 187 
|-------------|-------------|-------------|-------------|
|-------------------------------------------------------|

Current time: 2024-11-21 04:13:32
MCMC time 28 mins 

USED COMPONENTS: 62 OF 74 

rel. MC standard error: 0.0112 to 0.0522
eff. sample size: 367 to 8000
needed thinning: 2 to 25
Diagnostics time 0.19 secs 

Total number of iterations 5916 - required further 194 

Chain # 10 - chunk 14 (chain 1 of 1 for this core): increasing by 195 

Iterations: 195 
|-------------|-------------|-------------|-------------|
|-------------------------------------------------------|

Current time: 2024-11-21 04:14:27
MCMC time 29 mins 

USED COMPONENTS: 62 OF 74 

rel. MC standard error: 0.011 to 0.0521
eff. sample size: 368 to 8270
needed thinning: 2 to 25
Diagnostics time 0.19 secs 

Total number of iterations 6111 - required further 194 

Chain # 10 - chunk 15 (chain 1 of 1 for this core): increasing by 195 

Iterations: 195 
|-------------|-------------|-------------|-------------|
|-------------------------------------------------------|

Current time: 2024-11-21 04:15:21
MCMC time 30 mins 

USED COMPONENTS: 61 OF 74 

rel. MC standard error: 0.0112 to 0.0517
eff. sample size: 375 to 7920
needed thinning: 2 to 26
Diagnostics time 0.17 secs 

Total number of iterations 6306 - required further 202 

Chain # 10 - chunk 16 (chain 1 of 1 for this core): increasing by 203 

Iterations: 203 
|-------------|-------------|-------------|-------------|
|-------------------------------------------------------|

Current time: 2024-11-21 04:16:18
MCMC time 31 mins 

USED COMPONENTS: 61 OF 74 

rel. MC standard error: 0.0115 to 0.0503
eff. sample size: 395 to 7550
needed thinning: 2 to 25
Diagnostics time 0.14 secs 

Total number of iterations 6509 - required further 194 

Chain # 10 - chunk 17 (chain 1 of 1 for this core): increasing by 195 

Iterations: 195 
|-------------|-------------|-------------|-------------|
|-------------------------------------------------------|

Current time: 2024-11-21 04:17:12
MCMC time 31 mins 

USED COMPONENTS: 61 OF 74 

rel. MC standard error: 0.01 to 0.0497
eff. sample size: 405 to 9930
needed thinning: 2 to 25
Diagnostics time 0.14 secs 

Total number of iterations 6704 - required further 0 

Keeping last 60 samples with thinning 25 

Plotting traces and samples.

Current time: 2024-11-21 04:17:13
MCMC + diagnostics time 31 mins 

Current time: 2024-11-21 04:17:13
Total time 31 mins 
loaded inferno and set parent environment
loaded inferno and set parent environment
loaded inferno and set parent environment
loaded inferno and set parent environment
Error in gzfile(file, "rb") : cannot open the connection
Calls: <Anonymous> -> cleanup -> loadNamespace -> readRDS -> gzfile
In addition: Warning message:
In gzfile(file, "rb") :
  cannot open compressed file '/usr/lib/R/library/tools/Meta/nsInfo.rds', probable reason 'Transport endpoint is not connected'
