Log core 19 - Current time: 2024-11-21 03:36:53
Defining model
Building model
Setting data and initial values
Running calculate on model
  [Note] Any error reports that follow may simply reflect missing values in model variables.
Checking model sizes and dimensions
Compiling
  [Note] This may take a minute.
  [Note] Use 'showCompilerOutput = TRUE' to see C++ compilation details.
===== Monitors =====
thin = 1: Bprob, Rmean, Rvar, W
thin2 = 1: K
===== Samplers =====
conjugate sampler (519)
  - Rmean[]  (148 elements)
  - Rrate[]  (148 elements)
  - Bprob[]  (74 elements)
  - Rvar[]  (148 elements)
  - W[1:74] 
categorical sampler (3601)
  - Alpha
  - K[]  (3600 elements)
===== Monitors =====
thin = 1: Bprob, Rmean, Rvar, W
thin2 = 1: K
===== Samplers =====
slice sampler (3601)
  - Alpha
  - K[]  (3600 elements)
conjugate sampler (519)
  - Rmean[]  (148 elements)
  - Rrate[]  (148 elements)
  - Bprob[]  (74 elements)
  - Rvar[]  (148 elements)
  - W[1:74] 
Compiling
  [Note] This may take a minute.
  [Note] Use 'showCompilerOutput = TRUE' to see C++ compilation details.

Setup time 9.1 mins 

Chain # 19 (chain 1 of 1 for this core)

Datapoints for testing convergence:
 #128 #408 #580 #678 #754 #914 #1124 #1166 #1353 #1395 #1717 #2040 #2262 #2307 #2479 #2788 #2789 #3196 #3225 #3470 

Iterations: 3600 
|-------------|-------------|-------------|-------------|
|-------------------------------------------------------|

Current time: 2024-11-21 04:03:00
MCMC time 17 mins 

USED COMPONENTS: 65 OF 74 

rel. MC standard error: 0.0153 to 0.0691
eff. sample size: 209 to 4250
needed thinning: 2 to 26
Diagnostics time 1.6 secs 

Total number of iterations 3600 - required further 202 

Chain # 19 - chunk 2 (chain 1 of 1 for this core): increasing by 203 

Iterations: 203 
|-------------|-------------|-------------|-------------|
|-------------------------------------------------------|

Current time: 2024-11-21 04:04:00
MCMC time 18 mins 

USED COMPONENTS: 64 OF 74 

rel. MC standard error: 0.0149 to 0.0741
eff. sample size: 182 to 4500
needed thinning: 2 to 32
Diagnostics time 0.13 secs 

Total number of iterations 3803 - required further 248 

Chain # 19 - chunk 3 (chain 1 of 1 for this core): increasing by 249 

Iterations: 249 
|-------------|-------------|-------------|-------------|
|-------------------------------------------------------|

Current time: 2024-11-21 04:05:11
MCMC time 19 mins 

USED COMPONENTS: 64 OF 74 

rel. MC standard error: 0.014 to 0.0804
eff. sample size: 155 to 5140
needed thinning: 2 to 40
Diagnostics time 0.16 secs 

Total number of iterations 4052 - required further 322 

Chain # 19 - chunk 4 (chain 1 of 1 for this core): increasing by 323 

Iterations: 323 
|-------------|-------------|-------------|-------------|
|-------------------------------------------------------|

Current time: 2024-11-21 04:06:42
MCMC time 21 mins 

USED COMPONENTS: 64 OF 74 

rel. MC standard error: 0.0142 to 0.083
eff. sample size: 145 to 4970
needed thinning: 2 to 46
Diagnostics time 0.25 secs 

Total number of iterations 4375 - required further 357 

Chain # 19 - chunk 5 (chain 1 of 1 for this core): increasing by 358 

Iterations: 358 
|-------------|-------------|-------------|-------------|
|-------------------------------------------------------|

Current time: 2024-11-21 04:08:24
MCMC time 22 mins 

USED COMPONENTS: 64 OF 74 

rel. MC standard error: 0.014 to 0.0832
eff. sample size: 144 to 5080
needed thinning: 2 to 50
Diagnostics time 0.26 secs 

Total number of iterations 4733 - required further 388 

Chain # 19 - chunk 6 (chain 1 of 1 for this core): increasing by 389 

Iterations: 389 
|-------------|-------------|-------------|-------------|
|-------------------------------------------------------|

Current time: 2024-11-21 04:10:14
MCMC time 24 mins 

USED COMPONENTS: 64 OF 74 

rel. MC standard error: 0.013 to 0.0835
eff. sample size: 144 to 5930
needed thinning: 2 to 54
Diagnostics time 0.27 secs 

Total number of iterations 5122 - required further 419 

Chain # 19 - chunk 7 (chain 1 of 1 for this core): increasing by 420 

Iterations: 420 
|-------------|-------------|-------------|-------------|
|-------------------------------------------------------|

Current time: 2024-11-21 04:12:12
MCMC time 26 mins 

USED COMPONENTS: 64 OF 74 

rel. MC standard error: 0.0119 to 0.0827
eff. sample size: 146 to 7060
needed thinning: 2 to 57
Diagnostics time 0.27 secs 

Total number of iterations 5542 - required further 442 

Chain # 19 - chunk 8 (chain 1 of 1 for this core): increasing by 443 

Iterations: 443 
|-------------|-------------|-------------|-------------|
|-------------------------------------------------------|

Current time: 2024-11-21 04:14:16
MCMC time 28 mins 

USED COMPONENTS: 64 OF 74 

rel. MC standard error: 0.0116 to 0.0817
eff. sample size: 150 to 7480
needed thinning: 2 to 60
Diagnostics time 0.31 secs 

Total number of iterations 5985 - required further 465 

Chain # 19 - chunk 9 (chain 1 of 1 for this core): increasing by 466 

Iterations: 466 
|-------------|-------------|-------------|-------------|
|-------------------------------------------------------|

Current time: 2024-11-21 04:16:26
MCMC time 30 mins 

USED COMPONENTS: 64 OF 74 

rel. MC standard error: 0.0119 to 0.08
eff. sample size: 156 to 7050
needed thinning: 2 to 62
Diagnostics time 1.1 secs 

Total number of iterations 6451 - required further 481 

Chain # 19 - chunk 10 (chain 1 of 1 for this core): increasing by 482 

Iterations: 482 
|-------------|-------------|-------------|-------------|
|-------------------------------------------------------|

Current time: 2024-11-21 04:18:43
MCMC time 33 mins 

USED COMPONENTS: 64 OF 74 

rel. MC standard error: 0.0124 to 0.078
eff. sample size: 164 to 6460
needed thinning: 2 to 64
Diagnostics time 0.24 secs 

Total number of iterations 6933 - required further 496 

Chain # 19 - chunk 11 (chain 1 of 1 for this core): increasing by 497 

Iterations: 497 
|-------------|-------------|-------------|-------------|
|-------------------------------------------------------|

Current time: 2024-11-21 04:21:02
MCMC time 35 mins 

USED COMPONENTS: 64 OF 74 

rel. MC standard error: 0.0114 to 0.0759
eff. sample size: 174 to 7680
needed thinning: 2 to 65
Diagnostics time 0.31 secs 

Total number of iterations 7430 - required further 504 

Chain # 19 - chunk 12 (chain 1 of 1 for this core): increasing by 505 

Iterations: 505 
|-------------|-------------|-------------|-------------|
|-------------------------------------------------------|

Current time: 2024-11-21 04:23:22
MCMC time 37 mins 

USED COMPONENTS: 64 OF 74 

rel. MC standard error: 0.0108 to 0.0738
eff. sample size: 183 to 8500
needed thinning: 2 to 65
Diagnostics time 0.31 secs 

Total number of iterations 7935 - required further 504 

Chain # 19 - chunk 13 (chain 1 of 1 for this core): increasing by 505 

Iterations: 505 
|-------------|-------------|-------------|-------------|
|-------------------------------------------------------|

Current time: 2024-11-21 04:25:42
MCMC time 40 mins 

USED COMPONENTS: 64 OF 74 

rel. MC standard error: 0.0105 to 0.0719
eff. sample size: 194 to 8980
needed thinning: 2 to 66
Diagnostics time 0.31 secs 

Total number of iterations 8440 - required further 512 

Chain # 19 - chunk 14 (chain 1 of 1 for this core): increasing by 513 

Iterations: 513 
|-------------|-------------|-------------|-------------|
|-------------------------------------------------------|

Current time: 2024-11-21 04:28:06
MCMC time 42 mins 

USED COMPONENTS: 64 OF 74 

rel. MC standard error: 0.0101 to 0.0697
eff. sample size: 206 to 9730
needed thinning: 2 to 66
Diagnostics time 0.32 secs 

Total number of iterations 8953 - required further 512 

Chain # 19 - chunk 15 (chain 1 of 1 for this core): increasing by 513 

Iterations: 513 
|-------------|-------------|-------------|-------------|
|-------------------------------------------------------|

Current time: 2024-11-21 04:30:29
MCMC time 44 mins 

USED COMPONENTS: 64 OF 74 

rel. MC standard error: 0.00927 to 0.0681
eff. sample size: 215 to 11600
needed thinning: 2 to 66
Diagnostics time 0.31 secs 

Total number of iterations 9466 - required further 512 

Chain # 19 - chunk 16 (chain 1 of 1 for this core): increasing by 513 

Iterations: 513 
|-------------|-------------|-------------|-------------|
|-------------------------------------------------------|

Current time: 2024-11-21 04:32:52
MCMC time 47 mins 

USED COMPONENTS: 64 OF 74 

rel. MC standard error: 0.00991 to 0.0661
eff. sample size: 229 to 10200
needed thinning: 2 to 66
Diagnostics time 0.31 secs 

Total number of iterations 9979 - required further 512 

Chain # 19 - chunk 17 (chain 1 of 1 for this core): increasing by 513 

Iterations: 513 
|-------------|-------------|-------------|-------------|
|-------------------------------------------------------|

Current time: 2024-11-21 04:35:14
MCMC time 49 mins 

USED COMPONENTS: 64 OF 74 

rel. MC standard error: 0.00928 to 0.0657
eff. sample size: 232 to 11600
needed thinning: 2 to 68
Diagnostics time 0.34 secs 

Total number of iterations 10492 - required further 527 

Chain # 19 - chunk 18 (chain 1 of 1 for this core): increasing by 528 

Iterations: 528 
|-------------|-------------|-------------|-------------|
|-------------------------------------------------------|

Current time: 2024-11-21 04:37:41
MCMC time 52 mins 

USED COMPONENTS: 64 OF 74 

rel. MC standard error: 0.00938 to 0.0652
eff. sample size: 235 to 11400
needed thinning: 2 to 71
Diagnostics time 0.3 secs 

Total number of iterations 11020 - required further 550 

Chain # 19 - chunk 19 (chain 1 of 1 for this core): increasing by 551 

Iterations: 551 
|-------------|-------------|-------------|-------------|
|-------------------------------------------------------|

Current time: 2024-11-21 04:40:14
MCMC time 54 mins 

USED COMPONENTS: 64 OF 74 

rel. MC standard error: 0.00869 to 0.0641
eff. sample size: 244 to 13200
needed thinning: 2 to 72
Diagnostics time 0.28 secs 

Total number of iterations 11571 - required further 558 

Chain # 19 - chunk 20 (chain 1 of 1 for this core): increasing by 559 

Iterations: 559 
|-------------|-------------|-------------|-------------|
|-------------------------------------------------------|

Current time: 2024-11-21 04:42:49
MCMC time 57 mins 

USED COMPONENTS: 64 OF 74 

rel. MC standard error: 0.0084 to 0.0644
eff. sample size: 241 to 14200
needed thinning: 2 to 76
Diagnostics time 0.33 secs 

Total number of iterations 12130 - required further 589 

Chain # 19 - chunk 21 (chain 1 of 1 for this core): increasing by 590 

Iterations: 590 
|-------------|-------------|-------------|-------------|
|-------------------------------------------------------|

Current time: 2024-11-21 04:45:32
MCMC time 60 mins 

USED COMPONENTS: 63 OF 74 

rel. MC standard error: 0.00866 to 0.0638
eff. sample size: 245 to 13300
needed thinning: 2 to 78
Diagnostics time 0.33 secs 

Total number of iterations 12720 - required further 605 

Chain # 19 - chunk 22 (chain 1 of 1 for this core): increasing by 606 

Iterations: 606 
|-------------|-------------|-------------|-------------|
|-------------------------------------------------------|

Current time: 2024-11-21 04:48:20
MCMC time 1 hours 

USED COMPONENTS: 63 OF 74 

rel. MC standard error: 0.00839 to 0.0632
eff. sample size: 251 to 14200
needed thinning: 2 to 80
Diagnostics time 0.31 secs 

Total number of iterations 13326 - required further 620 

Chain # 19 - chunk 23 (chain 1 of 1 for this core): increasing by 621 

Iterations: 621 
|-------------|-------------|-------------|-------------|
|-------------------------------------------------------|

Current time: 2024-11-21 04:51:12
MCMC time 1.1 hours 

USED COMPONENTS: 63 OF 74 

rel. MC standard error: 0.00819 to 0.0632
eff. sample size: 250 to 14900
needed thinning: 2 to 84
Diagnostics time 0.35 secs 

Total number of iterations 13947 - required further 651 

Chain # 19 - chunk 24 (chain 1 of 1 for this core): increasing by 652 

Iterations: 652 
|-------------|-------------|-------------|-------------|
|-------------------------------------------------------|

Current time: 2024-11-21 04:54:11
MCMC time 1.1 hours 

USED COMPONENTS: 63 OF 74 

rel. MC standard error: 0.00815 to 0.0619
eff. sample size: 261 to 15000
needed thinning: 2 to 84
Diagnostics time 0.38 secs 

Total number of iterations 14599 - required further 651 

Chain # 19 - chunk 25 (chain 1 of 1 for this core): increasing by 652 

Iterations: 652 
|-------------|-------------|-------------|-------------|
|-------------------------------------------------------|

Current time: 2024-11-21 04:57:10
MCMC time 1.2 hours 

USED COMPONENTS: 63 OF 74 

rel. MC standard error: 0.00777 to 0.0613
eff. sample size: 266 to 16600
needed thinning: 2 to 86
Diagnostics time 0.35 secs 

Total number of iterations 15251 - required further 667 

Chain # 19 - chunk 26 (chain 1 of 1 for this core): increasing by 668 

Iterations: 668 
|-------------|-------------|-------------|-------------|
|-------------------------------------------------------|

Current time: 2024-11-21 05:00:13
MCMC time 1.2 hours 

USED COMPONENTS: 63 OF 74 

rel. MC standard error: 0.00768 to 0.0611
eff. sample size: 268 to 16900
needed thinning: 2 to 90
Diagnostics time 0.43 secs 

Total number of iterations 15919 - required further 698 

Chain # 19 - chunk 27 (chain 1 of 1 for this core): increasing by 699 

Iterations: 699 
|-------------|-------------|-------------|-------------|
|-------------------------------------------------------|

Current time: 2024-11-21 05:03:25
MCMC time 1.3 hours 

USED COMPONENTS: 63 OF 74 

rel. MC standard error: 0.00735 to 0.0601
eff. sample size: 277 to 18500
needed thinning: 2 to 91
Diagnostics time 0.34 secs 

Total number of iterations 16618 - required further 705 

Chain # 19 - chunk 28 (chain 1 of 1 for this core): increasing by 706 

Iterations: 706 
|-------------|-------------|-------------|-------------|
|-------------------------------------------------------|

Current time: 2024-11-21 05:06:39
MCMC time 1.3 hours 

USED COMPONENTS: 63 OF 74 

rel. MC standard error: 0.00704 to 0.0596
eff. sample size: 282 to 20200
needed thinning: 2 to 93
Diagnostics time 0.39 secs 

Total number of iterations 17324 - required further 721 

Chain # 19 - chunk 29 (chain 1 of 1 for this core): increasing by 722 

Iterations: 722 
|-------------|-------------|-------------|-------------|
|-------------------------------------------------------|

Current time: 2024-11-21 05:09:57
MCMC time 1.4 hours 

USED COMPONENTS: 63 OF 74 

rel. MC standard error: 0.00718 to 0.0593
eff. sample size: 285 to 19400
needed thinning: 2 to 96
Diagnostics time 0.4 secs 

Total number of iterations 18046 - required further 744 

Chain # 19 - chunk 30 (chain 1 of 1 for this core): increasing by 745 

Iterations: 745 
|-------------|-------------|-------------|-------------|
|-------------------------------------------------------|

Current time: 2024-11-21 05:13:21
MCMC time 1.5 hours 

USED COMPONENTS: 64 OF 74 

rel. MC standard error: 0.00693 to 0.0591
eff. sample size: 286 to 20800
needed thinning: 2 to 99
Diagnostics time 0.34 secs 

Total number of iterations 18791 - required further 767 

Chain # 19 - chunk 31 (chain 1 of 1 for this core): increasing by 768 

Iterations: 768 
|-------------|-------------|-------------|-------------|
|-------------------------------------------------------|

Current time: 2024-11-21 05:16:52
MCMC time 1.5 hours 

USED COMPONENTS: 64 OF 74 

rel. MC standard error: 0.00695 to 0.0584
eff. sample size: 294 to 20700
needed thinning: 2 to 100
Diagnostics time 0.41 secs 

Total number of iterations 19559 - required further 775 

Chain # 19 - chunk 32 (chain 1 of 1 for this core): increasing by 776 

Iterations: 776 
|-------------|-------------|-------------|-------------|
|-------------------------------------------------------|

Current time: 2024-11-21 05:20:25
MCMC time 1.6 hours 

USED COMPONENTS: 64 OF 74 

rel. MC standard error: 0.00666 to 0.0581
eff. sample size: 297 to 22600
needed thinning: 2 to 103
Diagnostics time 0.42 secs 

Total number of iterations 20335 - required further 798 

Chain # 19 - chunk 33 (chain 1 of 1 for this core): increasing by 799 

Iterations: 799 
|-------------|-------------|-------------|-------------|
|-------------------------------------------------------|

Current time: 2024-11-21 05:24:04
MCMC time 1.6 hours 

USED COMPONENTS: 64 OF 74 

rel. MC standard error: 0.00676 to 0.0575
eff. sample size: 302 to 21900
needed thinning: 2 to 105
Diagnostics time 0.38 secs 

Total number of iterations 21134 - required further 814 

Chain # 19 - chunk 34 (chain 1 of 1 for this core): increasing by 815 

Iterations: 815 
|-------------|-------------|-------------|-------------|
|-------------------------------------------------------|

Current time: 2024-11-21 05:27:47
MCMC time 1.7 hours 

USED COMPONENTS: 64 OF 74 

rel. MC standard error: 0.00658 to 0.0564
eff. sample size: 314 to 23100
needed thinning: 2 to 105
Diagnostics time 0.42 secs 

Total number of iterations 21949 - required further 814 

Chain # 19 - chunk 35 (chain 1 of 1 for this core): increasing by 815 

Iterations: 815 
|-------------|-------------|-------------|-------------|
|-------------------------------------------------------|

Current time: 2024-11-21 05:31:31
MCMC time 1.8 hours 

USED COMPONENTS: 64 OF 74 

rel. MC standard error: 0.00606 to 0.0554
eff. sample size: 326 to 27300
needed thinning: 2 to 105
Diagnostics time 0.51 secs 

Total number of iterations 22764 - required further 814 

Chain # 19 - chunk 36 (chain 1 of 1 for this core): increasing by 815 

Iterations: 815 
|-------------|-------------|-------------|-------------|
|-------------------------------------------------------|

Current time: 2024-11-21 05:35:14
MCMC time 1.8 hours 

USED COMPONENTS: 64 OF 74 

rel. MC standard error: 0.0066 to 0.0547
eff. sample size: 334 to 23000
needed thinning: 2 to 106
Diagnostics time 0.44 secs 

Total number of iterations 23579 - required further 822 

Chain # 19 - chunk 37 (chain 1 of 1 for this core): increasing by 823 

Iterations: 823 
|-------------|-------------|-------------|-------------|
|-------------------------------------------------------|

Current time: 2024-11-21 05:39:00
MCMC time 1.9 hours 

USED COMPONENTS: 64 OF 74 

rel. MC standard error: 0.00618 to 0.0537
eff. sample size: 347 to 26200
needed thinning: 2 to 106
Diagnostics time 1.2 secs 

Total number of iterations 24402 - required further 822 

Chain # 19 - chunk 38 (chain 1 of 1 for this core): increasing by 823 

Iterations: 823 
|-------------|-------------|-------------|-------------|
|-------------------------------------------------------|

Current time: 2024-11-21 05:42:46
MCMC time 1.9 hours 

USED COMPONENTS: 64 OF 74 

rel. MC standard error: 0.00612 to 0.0532
eff. sample size: 353 to 26700
needed thinning: 2 to 108
Diagnostics time 0.43 secs 

Total number of iterations 25225 - required further 837 

Chain # 19 - chunk 39 (chain 1 of 1 for this core): increasing by 838 

Iterations: 838 
|-------------|-------------|-------------|-------------|
|-------------------------------------------------------|

Current time: 2024-11-21 05:46:35
MCMC time 2 hours 

USED COMPONENTS: 64 OF 74 

rel. MC standard error: 0.00584 to 0.0525
eff. sample size: 362 to 29300
needed thinning: 2 to 108
Diagnostics time 0.45 secs 

Total number of iterations 26063 - required further 837 

Chain # 19 - chunk 40 (chain 1 of 1 for this core): increasing by 838 

Iterations: 838 
|-------------|-------------|-------------|-------------|
|-------------------------------------------------------|

Current time: 2024-11-21 05:50:24
MCMC time 2.1 hours 

USED COMPONENTS: 64 OF 74 

rel. MC standard error: 0.00614 to 0.0521
eff. sample size: 368 to 26500
needed thinning: 2 to 110
Diagnostics time 0.54 secs 

Total number of iterations 26901 - required further 853 

Chain # 19 - chunk 41 (chain 1 of 1 for this core): increasing by 854 

Iterations: 854 
|-------------|-------------|-------------|-------------|
|-------------------------------------------------------|

Current time: 2024-11-21 05:54:18
MCMC time 2.1 hours 

USED COMPONENTS: 64 OF 74 

rel. MC standard error: 0.00562 to 0.0516
eff. sample size: 376 to 31600
needed thinning: 2 to 111
Diagnostics time 0.46 secs 

Total number of iterations 27755 - required further 860 

Chain # 19 - chunk 42 (chain 1 of 1 for this core): increasing by 861 

Iterations: 861 
|-------------|-------------|-------------|-------------|
|-------------------------------------------------------|

Current time: 2024-11-21 05:58:13
MCMC time 2.2 hours 

USED COMPONENTS: 64 OF 74 

rel. MC standard error: 0.00586 to 0.0512
eff. sample size: 381 to 29100
needed thinning: 2 to 113
Diagnostics time 0.42 secs 

Total number of iterations 28616 - required further 876 

Chain # 19 - chunk 43 (chain 1 of 1 for this core): increasing by 877 

Iterations: 877 
|-------------|-------------|-------------|-------------|
|-------------------------------------------------------|

Current time: 2024-11-21 06:02:13
MCMC time 2.3 hours 

USED COMPONENTS: 64 OF 74 

rel. MC standard error: 0.00577 to 0.0506
eff. sample size: 390 to 30100
needed thinning: 2 to 114
Diagnostics time 0.48 secs 

Total number of iterations 29493 - required further 884 

Chain # 19 - chunk 44 (chain 1 of 1 for this core): increasing by 885 

Iterations: 885 
|-------------|-------------|-------------|-------------|
|-------------------------------------------------------|

Current time: 2024-11-21 06:06:15
MCMC time 2.3 hours 

USED COMPONENTS: 64 OF 74 

rel. MC standard error: 0.0057 to 0.0502
eff. sample size: 397 to 30700
needed thinning: 2 to 115
Diagnostics time 0.47 secs 

Total number of iterations 30378 - required further 891 

Chain # 19 - chunk 45 (chain 1 of 1 for this core): increasing by 892 

Iterations: 892 
|-------------|-------------|-------------|-------------|
|-------------------------------------------------------|

Current time: 2024-11-21 06:10:19
MCMC time 2.4 hours 

USED COMPONENTS: 65 OF 74 

rel. MC standard error: 0.00541 to 0.0498
eff. sample size: 403 to 34200
needed thinning: 2 to 117
Diagnostics time 0.54 secs 

Total number of iterations 31270 - required further 0 

Keeping last 60 samples with thinning 117 

Plotting traces and samples.

Current time: 2024-11-21 06:10:21
MCMC + diagnostics time 2.4 hours 

Current time: 2024-11-21 06:10:21
Total time 2.4 hours 
loaded inferno and set parent environment
loaded inferno and set parent environment
loaded inferno and set parent environment
loaded inferno and set parent environment
Error in gzfile(file, "rb") : cannot open the connection
Calls: <Anonymous> -> cleanup -> loadNamespace -> readRDS -> gzfile
In addition: Warning message:
In gzfile(file, "rb") :
  cannot open compressed file '/usr/lib/R/library/tools/Meta/nsInfo.rds', probable reason 'Transport endpoint is not connected'
