Log core 3 - Current time: 2024-11-21 03:36:53
Defining model
Building model
Setting data and initial values
Running calculate on model
  [Note] Any error reports that follow may simply reflect missing values in model variables.
Checking model sizes and dimensions
Compiling
  [Note] This may take a minute.
  [Note] Use 'showCompilerOutput = TRUE' to see C++ compilation details.
===== Monitors =====
thin = 1: Bprob, Rmean, Rvar, W
thin2 = 1: K
===== Samplers =====
conjugate sampler (519)
  - Rmean[]  (148 elements)
  - Rrate[]  (148 elements)
  - Bprob[]  (74 elements)
  - Rvar[]  (148 elements)
  - W[1:74] 
categorical sampler (3601)
  - Alpha
  - K[]  (3600 elements)
===== Monitors =====
thin = 1: Bprob, Rmean, Rvar, W
thin2 = 1: K
===== Samplers =====
slice sampler (3601)
  - Alpha
  - K[]  (3600 elements)
conjugate sampler (519)
  - Rmean[]  (148 elements)
  - Rrate[]  (148 elements)
  - Bprob[]  (74 elements)
  - Rvar[]  (148 elements)
  - W[1:74] 
Compiling
  [Note] This may take a minute.
  [Note] Use 'showCompilerOutput = TRUE' to see C++ compilation details.

Setup time 9 mins 

Chain # 3 (chain 1 of 1 for this core)

Datapoints for testing convergence:
 #8 #158 #867 #882 #1015 #1193 #1518 #1627 #1925 #2146 #2163 #2214 #2227 #2706 #3405 #3469 #3477 #3501 #3571 #3598 

Iterations: 3600 
|-------------|-------------|-------------|-------------|
|-------------------------------------------------------|

Current time: 2024-11-21 04:02:57
MCMC time 17 mins 

USED COMPONENTS: 56 OF 74 

rel. MC standard error: 0.015 to 0.0721
eff. sample size: 192 to 4450
needed thinning: 2 to 29
Diagnostics time 1.7 secs 

Total number of iterations 3600 - required further 225 

Chain # 3 - chunk 2 (chain 1 of 1 for this core): increasing by 226 

Iterations: 226 
|-------------|-------------|-------------|-------------|
|-------------------------------------------------------|

Current time: 2024-11-21 04:04:03
MCMC time 18 mins 

USED COMPONENTS: 56 OF 74 

rel. MC standard error: 0.0157 to 0.0723
eff. sample size: 191 to 4040
needed thinning: 2 to 31
Diagnostics time 0.2 secs 

Total number of iterations 3826 - required further 241 

Chain # 3 - chunk 3 (chain 1 of 1 for this core): increasing by 242 

Iterations: 242 
|-------------|-------------|-------------|-------------|
|-------------------------------------------------------|

Current time: 2024-11-21 04:05:12
MCMC time 19 mins 

USED COMPONENTS: 56 OF 74 

rel. MC standard error: 0.0152 to 0.0697
eff. sample size: 206 to 4340
needed thinning: 2 to 30
Diagnostics time 0.15 secs 

Total number of iterations 4068 - required further 233 

Chain # 3 - chunk 4 (chain 1 of 1 for this core): increasing by 234 

Iterations: 234 
|-------------|-------------|-------------|-------------|
|-------------------------------------------------------|

Current time: 2024-11-21 04:06:18
MCMC time 20 mins 

USED COMPONENTS: 55 OF 74 

rel. MC standard error: 0.0155 to 0.0717
eff. sample size: 195 to 4140
needed thinning: 2 to 34
Diagnostics time 0.21 secs 

Total number of iterations 4302 - required further 264 

Chain # 3 - chunk 5 (chain 1 of 1 for this core): increasing by 265 

Iterations: 265 
|-------------|-------------|-------------|-------------|
|-------------------------------------------------------|

Current time: 2024-11-21 04:07:34
MCMC time 22 mins 

USED COMPONENTS: 55 OF 74 

rel. MC standard error: 0.0141 to 0.0692
eff. sample size: 209 to 4990
needed thinning: 2 to 33
Diagnostics time 0.22 secs 

Total number of iterations 4567 - required further 256 

Chain # 3 - chunk 6 (chain 1 of 1 for this core): increasing by 257 

Iterations: 257 
|-------------|-------------|-------------|-------------|
|-------------------------------------------------------|

Current time: 2024-11-21 04:08:47
MCMC time 23 mins 

USED COMPONENTS: 55 OF 74 

rel. MC standard error: 0.0137 to 0.0674
eff. sample size: 220 to 5310
needed thinning: 2 to 33
Diagnostics time 0.22 secs 

Total number of iterations 4824 - required further 256 

Chain # 3 - chunk 7 (chain 1 of 1 for this core): increasing by 257 

Iterations: 257 
|-------------|-------------|-------------|-------------|
|-------------------------------------------------------|

Current time: 2024-11-21 04:10:00
MCMC time 24 mins 

USED COMPONENTS: 54 OF 74 

rel. MC standard error: 0.0132 to 0.0657
eff. sample size: 232 to 5740
needed thinning: 2 to 33
Diagnostics time 0.32 secs 

Total number of iterations 5081 - required further 256 

Chain # 3 - chunk 8 (chain 1 of 1 for this core): increasing by 257 

Iterations: 257 
|-------------|-------------|-------------|-------------|
|-------------------------------------------------------|

Current time: 2024-11-21 04:11:13
MCMC time 25 mins 

USED COMPONENTS: 54 OF 74 

rel. MC standard error: 0.0124 to 0.0663
eff. sample size: 227 to 6470
needed thinning: 2 to 36
Diagnostics time 0.22 secs 

Total number of iterations 5338 - required further 279 

Chain # 3 - chunk 9 (chain 1 of 1 for this core): increasing by 280 

Iterations: 280 
|-------------|-------------|-------------|-------------|
|-------------------------------------------------------|

Current time: 2024-11-21 04:12:31
MCMC time 27 mins 

USED COMPONENTS: 55 OF 74 

rel. MC standard error: 0.0121 to 0.063
eff. sample size: 252 to 6800
needed thinning: 2 to 34
Diagnostics time 0.22 secs 

Total number of iterations 5618 - required further 264 

Chain # 3 - chunk 10 (chain 1 of 1 for this core): increasing by 265 

Iterations: 265 
|-------------|-------------|-------------|-------------|
|-------------------------------------------------------|

Current time: 2024-11-21 04:13:45
MCMC time 28 mins 

USED COMPONENTS: 55 OF 74 

rel. MC standard error: 0.0119 to 0.0629
eff. sample size: 253 to 7090
needed thinning: 2 to 35
Diagnostics time 0.22 secs 

Total number of iterations 5883 - required further 272 

Chain # 3 - chunk 11 (chain 1 of 1 for this core): increasing by 273 

Iterations: 273 
|-------------|-------------|-------------|-------------|
|-------------------------------------------------------|

Current time: 2024-11-21 04:15:02
MCMC time 29 mins 

USED COMPONENTS: 54 OF 74 

rel. MC standard error: 0.0131 to 0.0621
eff. sample size: 260 to 5810
needed thinning: 2 to 36
Diagnostics time 0.22 secs 

Total number of iterations 6156 - required further 279 

Chain # 3 - chunk 12 (chain 1 of 1 for this core): increasing by 280 

Iterations: 280 
|-------------|-------------|-------------|-------------|
|-------------------------------------------------------|

Current time: 2024-11-21 04:16:20
MCMC time 30 mins 

USED COMPONENTS: 56 OF 74 

rel. MC standard error: 0.0116 to 0.0597
eff. sample size: 280 to 7380
needed thinning: 2 to 35
Diagnostics time 0.23 secs 

Total number of iterations 6436 - required further 272 

Chain # 3 - chunk 13 (chain 1 of 1 for this core): increasing by 273 

Iterations: 273 
|-------------|-------------|-------------|-------------|
|-------------------------------------------------------|

Current time: 2024-11-21 04:17:36
MCMC time 32 mins 

USED COMPONENTS: 57 OF 74 

rel. MC standard error: 0.0114 to 0.0583
eff. sample size: 294 to 7760
needed thinning: 2 to 35
Diagnostics time 0.21 secs 

Total number of iterations 6709 - required further 272 

Chain # 3 - chunk 14 (chain 1 of 1 for this core): increasing by 273 

Iterations: 273 
|-------------|-------------|-------------|-------------|
|-------------------------------------------------------|

Current time: 2024-11-21 04:18:52
MCMC time 33 mins 

USED COMPONENTS: 55 OF 74 

rel. MC standard error: 0.0114 to 0.0596
eff. sample size: 282 to 7680
needed thinning: 2 to 38
Diagnostics time 1 secs 

Total number of iterations 6982 - required further 295 

Chain # 3 - chunk 15 (chain 1 of 1 for this core): increasing by 296 

Iterations: 296 
|-------------|-------------|-------------|-------------|
|-------------------------------------------------------|

Current time: 2024-11-21 04:20:15
MCMC time 34 mins 

USED COMPONENTS: 55 OF 74 

rel. MC standard error: 0.0119 to 0.0592
eff. sample size: 286 to 7070
needed thinning: 2 to 39
Diagnostics time 0.17 secs 

Total number of iterations 7278 - required further 303 

Chain # 3 - chunk 16 (chain 1 of 1 for this core): increasing by 304 

Iterations: 304 
|-------------|-------------|-------------|-------------|
|-------------------------------------------------------|

Current time: 2024-11-21 04:21:39
MCMC time 36 mins 

USED COMPONENTS: 55 OF 74 

rel. MC standard error: 0.0112 to 0.0567
eff. sample size: 311 to 8030
needed thinning: 2 to 37
Diagnostics time 0.16 secs 

Total number of iterations 7582 - required further 287 

Chain # 3 - chunk 17 (chain 1 of 1 for this core): increasing by 288 

Iterations: 288 
|-------------|-------------|-------------|-------------|
|-------------------------------------------------------|

Current time: 2024-11-21 04:22:58
MCMC time 37 mins 

USED COMPONENTS: 54 OF 74 

rel. MC standard error: 0.0113 to 0.0558
eff. sample size: 322 to 7850
needed thinning: 2 to 37
Diagnostics time 0.21 secs 

Total number of iterations 7870 - required further 287 

Chain # 3 - chunk 18 (chain 1 of 1 for this core): increasing by 288 

Iterations: 288 
|-------------|-------------|-------------|-------------|
|-------------------------------------------------------|

Current time: 2024-11-21 04:24:18
MCMC time 38 mins 

USED COMPONENTS: 54 OF 74 

rel. MC standard error: 0.0104 to 0.0551
eff. sample size: 330 to 9290
needed thinning: 2 to 38
Diagnostics time 0.21 secs 

Total number of iterations 8158 - required further 295 

Chain # 3 - chunk 19 (chain 1 of 1 for this core): increasing by 296 

Iterations: 296 
|-------------|-------------|-------------|-------------|
|-------------------------------------------------------|

Current time: 2024-11-21 04:25:40
MCMC time 40 mins 

USED COMPONENTS: 55 OF 74 

rel. MC standard error: 0.0113 to 0.0534
eff. sample size: 350 to 7860
needed thinning: 2 to 37
Diagnostics time 0.21 secs 

Total number of iterations 8454 - required further 287 

Chain # 3 - chunk 20 (chain 1 of 1 for this core): increasing by 288 

Iterations: 288 
|-------------|-------------|-------------|-------------|
|-------------------------------------------------------|

Current time: 2024-11-21 04:26:59
MCMC time 41 mins 

USED COMPONENTS: 53 OF 74 

rel. MC standard error: 0.0106 to 0.0547
eff. sample size: 335 to 8860
needed thinning: 2 to 40
Diagnostics time 0.21 secs 

Total number of iterations 8742 - required further 310 

Chain # 3 - chunk 21 (chain 1 of 1 for this core): increasing by 311 

Iterations: 311 
|-------------|-------------|-------------|-------------|
|-------------------------------------------------------|

Current time: 2024-11-21 04:28:26
MCMC time 43 mins 

USED COMPONENTS: 54 OF 74 

rel. MC standard error: 0.0101 to 0.0524
eff. sample size: 364 to 9840
needed thinning: 2 to 38
Diagnostics time 0.23 secs 

Total number of iterations 9053 - required further 295 

Chain # 3 - chunk 22 (chain 1 of 1 for this core): increasing by 296 

Iterations: 296 
|-------------|-------------|-------------|-------------|
|-------------------------------------------------------|

Current time: 2024-11-21 04:29:50
MCMC time 44 mins 

USED COMPONENTS: 54 OF 74 

rel. MC standard error: 0.00972 to 0.0514
eff. sample size: 378 to 10600
needed thinning: 2 to 38
Diagnostics time 0.22 secs 

Total number of iterations 9349 - required further 295 

Chain # 3 - chunk 23 (chain 1 of 1 for this core): increasing by 296 

Iterations: 296 
|-------------|-------------|-------------|-------------|
|-------------------------------------------------------|

Current time: 2024-11-21 04:31:13
MCMC time 45 mins 

USED COMPONENTS: 54 OF 74 

rel. MC standard error: 0.00987 to 0.0526
eff. sample size: 361 to 10300
needed thinning: 2 to 41
Diagnostics time 0.22 secs 

Total number of iterations 9645 - required further 318 

Chain # 3 - chunk 24 (chain 1 of 1 for this core): increasing by 319 

Iterations: 319 
|-------------|-------------|-------------|-------------|
|-------------------------------------------------------|

Current time: 2024-11-21 04:32:42
MCMC time 47 mins 

USED COMPONENTS: 55 OF 74 

rel. MC standard error: 0.00991 to 0.0515
eff. sample size: 377 to 10200
needed thinning: 2 to 40
Diagnostics time 0.22 secs 

Total number of iterations 9964 - required further 310 

Chain # 3 - chunk 25 (chain 1 of 1 for this core): increasing by 311 

Iterations: 311 
|-------------|-------------|-------------|-------------|
|-------------------------------------------------------|

Current time: 2024-11-21 04:34:09
MCMC time 48 mins 

USED COMPONENTS: 54 OF 74 

rel. MC standard error: 0.00987 to 0.0518
eff. sample size: 372 to 10300
needed thinning: 2 to 42
Diagnostics time 0.22 secs 

Total number of iterations 10275 - required further 326 

Chain # 3 - chunk 26 (chain 1 of 1 for this core): increasing by 327 

Iterations: 327 
|-------------|-------------|-------------|-------------|
|-------------------------------------------------------|

Current time: 2024-11-21 04:35:40
MCMC time 50 mins 

USED COMPONENTS: 54 OF 74 

rel. MC standard error: 0.0093 to 0.0511
eff. sample size: 382 to 11600
needed thinning: 2 to 42
Diagnostics time 0.18 secs 

Total number of iterations 10602 - required further 326 

Chain # 3 - chunk 27 (chain 1 of 1 for this core): increasing by 327 

Iterations: 327 
|-------------|-------------|-------------|-------------|
|-------------------------------------------------------|

Current time: 2024-11-21 04:37:11
MCMC time 51 mins 

USED COMPONENTS: 54 OF 74 

rel. MC standard error: 0.00934 to 0.051
eff. sample size: 384 to 11500
needed thinning: 2 to 43
Diagnostics time 0.17 secs 

Total number of iterations 10929 - required further 334 

Chain # 3 - chunk 28 (chain 1 of 1 for this core): increasing by 335 

Iterations: 335 
|-------------|-------------|-------------|-------------|
|-------------------------------------------------------|

Current time: 2024-11-21 04:38:45
MCMC time 53 mins 

USED COMPONENTS: 54 OF 74 

rel. MC standard error: 0.00923 to 0.0525
eff. sample size: 363 to 11700
needed thinning: 2 to 47
Diagnostics time 0.23 secs 

Total number of iterations 11264 - required further 365 

Chain # 3 - chunk 29 (chain 1 of 1 for this core): increasing by 366 

Iterations: 366 
|-------------|-------------|-------------|-------------|
|-------------------------------------------------------|

Current time: 2024-11-21 04:40:27
MCMC time 55 mins 

USED COMPONENTS: 55 OF 74 

rel. MC standard error: 0.00923 to 0.0515
eff. sample size: 377 to 11700
needed thinning: 2 to 47
Diagnostics time 0.24 secs 

Total number of iterations 11630 - required further 365 

Chain # 3 - chunk 30 (chain 1 of 1 for this core): increasing by 366 

Iterations: 366 
|-------------|-------------|-------------|-------------|
|-------------------------------------------------------|

Current time: 2024-11-21 04:42:09
MCMC time 56 mins 

USED COMPONENTS: 55 OF 74 

rel. MC standard error: 0.00923 to 0.0517
eff. sample size: 374 to 11700
needed thinning: 2 to 49
Diagnostics time 0.25 secs 

Total number of iterations 11996 - required further 380 

Chain # 3 - chunk 31 (chain 1 of 1 for this core): increasing by 381 

Iterations: 381 
|-------------|-------------|-------------|-------------|
|-------------------------------------------------------|

Current time: 2024-11-21 04:43:55
MCMC time 58 mins 

USED COMPONENTS: 55 OF 74 

rel. MC standard error: 0.00904 to 0.0509
eff. sample size: 385 to 12200
needed thinning: 2 to 49
Diagnostics time 0.25 secs 

Total number of iterations 12377 - required further 380 

Chain # 3 - chunk 32 (chain 1 of 1 for this core): increasing by 381 

Iterations: 381 
|-------------|-------------|-------------|-------------|
|-------------------------------------------------------|

Current time: 2024-11-21 04:45:42
MCMC time 60 mins 

USED COMPONENTS: 54 OF 74 

rel. MC standard error: 0.00859 to 0.0507
eff. sample size: 389 to 13600
needed thinning: 2 to 50
Diagnostics time 0.24 secs 

Total number of iterations 12758 - required further 388 

Chain # 3 - chunk 33 (chain 1 of 1 for this core): increasing by 389 

Iterations: 389 
|-------------|-------------|-------------|-------------|
|-------------------------------------------------------|

Current time: 2024-11-21 04:47:30
MCMC time 1 hours 

USED COMPONENTS: 54 OF 74 

rel. MC standard error: 0.00881 to 0.0502
eff. sample size: 397 to 12900
needed thinning: 2 to 50
Diagnostics time 0.2 secs 

Total number of iterations 13147 - required further 388 

Chain # 3 - chunk 34 (chain 1 of 1 for this core): increasing by 389 

Iterations: 389 
|-------------|-------------|-------------|-------------|
|-------------------------------------------------------|

Current time: 2024-11-21 04:49:19
MCMC time 1.1 hours 

USED COMPONENTS: 55 OF 74 

rel. MC standard error: 0.00854 to 0.0497
eff. sample size: 404 to 13700
needed thinning: 2 to 51
Diagnostics time 0.25 secs 

Total number of iterations 13536 - required further 0 

Keeping last 60 samples with thinning 51 

Plotting traces and samples.

Current time: 2024-11-21 04:49:20
MCMC + diagnostics time 1.1 hours 

Current time: 2024-11-21 04:49:20
Total time 1.1 hours 
loaded inferno and set parent environment
loaded inferno and set parent environment
loaded inferno and set parent environment
loaded inferno and set parent environment
Error in gzfile(file, "rb") : cannot open the connection
Calls: <Anonymous> -> cleanup -> loadNamespace -> readRDS -> gzfile
In addition: Warning message:
In gzfile(file, "rb") :
  cannot open compressed file '/usr/lib/R/library/tools/Meta/nsInfo.rds', probable reason 'Transport endpoint is not connected'
