Log core 17 - Current time: 2024-11-21 03:36:53
Defining model
Building model
Setting data and initial values
Running calculate on model
  [Note] Any error reports that follow may simply reflect missing values in model variables.
Checking model sizes and dimensions
Compiling
  [Note] This may take a minute.
  [Note] Use 'showCompilerOutput = TRUE' to see C++ compilation details.
===== Monitors =====
thin = 1: Bprob, Rmean, Rvar, W
thin2 = 1: K
===== Samplers =====
conjugate sampler (519)
  - Rmean[]  (148 elements)
  - Rrate[]  (148 elements)
  - Bprob[]  (74 elements)
  - Rvar[]  (148 elements)
  - W[1:74] 
categorical sampler (3601)
  - Alpha
  - K[]  (3600 elements)
===== Monitors =====
thin = 1: Bprob, Rmean, Rvar, W
thin2 = 1: K
===== Samplers =====
slice sampler (3601)
  - Alpha
  - K[]  (3600 elements)
conjugate sampler (519)
  - Rmean[]  (148 elements)
  - Rrate[]  (148 elements)
  - Bprob[]  (74 elements)
  - Rvar[]  (148 elements)
  - W[1:74] 
Compiling
  [Note] This may take a minute.
  [Note] Use 'showCompilerOutput = TRUE' to see C++ compilation details.

Setup time 15 mins 

Chain # 17 (chain 1 of 1 for this core)

Datapoints for testing convergence:
 #34 #243 #251 #403 #681 #716 #868 #1262 #1305 #1395 #1512 #1606 #1613 #2090 #2384 #2599 #2748 #2913 #3317 #3537 

Iterations: 3600 
|-------------|-------------|-------------|-------------|
|-------------------------------------------------------|

Current time: 2024-11-21 04:13:53
MCMC time 22 mins 

USED COMPONENTS: 59 OF 74 

rel. MC standard error: 0.0168 to 0.0614
eff. sample size: 265 to 3560
needed thinning: 2 to 21
Diagnostics time 1.7 secs 

Total number of iterations 3600 - required further 163 

Chain # 17 - chunk 2 (chain 1 of 1 for this core): increasing by 164 

Iterations: 164 
|-------------|-------------|-------------|-------------|
|-------------------------------------------------------|

Current time: 2024-11-21 04:14:44
MCMC time 23 mins 

USED COMPONENTS: 57 OF 74 

rel. MC standard error: 0.0167 to 0.06
eff. sample size: 278 to 3580
needed thinning: 2 to 21
Diagnostics time 0.13 secs 

Total number of iterations 3764 - required further 163 

Chain # 17 - chunk 3 (chain 1 of 1 for this core): increasing by 164 

Iterations: 164 
|-------------|-------------|-------------|-------------|
|-------------------------------------------------------|

Current time: 2024-11-21 04:15:33
MCMC time 24 mins 

USED COMPONENTS: 58 OF 74 

rel. MC standard error: 0.0171 to 0.0581
eff. sample size: 296 to 3410
needed thinning: 2 to 20
Diagnostics time 0.18 secs 

Total number of iterations 3928 - required further 155 

Chain # 17 - chunk 4 (chain 1 of 1 for this core): increasing by 156 

Iterations: 156 
|-------------|-------------|-------------|-------------|
|-------------------------------------------------------|

Current time: 2024-11-21 04:16:20
MCMC time 25 mins 

USED COMPONENTS: 57 OF 74 

rel. MC standard error: 0.0168 to 0.0553
eff. sample size: 327 to 3540
needed thinning: 2 to 19
Diagnostics time 0.11 secs 

Total number of iterations 4084 - required further 148 

Chain # 17 - chunk 5 (chain 1 of 1 for this core): increasing by 149 

Iterations: 149 
|-------------|-------------|-------------|-------------|
|-------------------------------------------------------|

Current time: 2024-11-21 04:17:05
MCMC time 25 mins 

USED COMPONENTS: 57 OF 74 

rel. MC standard error: 0.0178 to 0.0676
eff. sample size: 219 to 3170
needed thinning: 3 to 30
Diagnostics time 0.12 secs 

Total number of iterations 4233 - required further 462 

Chain # 17 - chunk 6 (chain 1 of 1 for this core): increasing by 463 

Iterations: 463 
|-------------|-------------|-------------|-------------|
|-------------------------------------------------------|

Current time: 2024-11-21 04:19:29
MCMC time 28 mins 

USED COMPONENTS: 57 OF 74 

rel. MC standard error: 0.016 to 0.109
eff. sample size: 84.8 to 3890
needed thinning: 2 to 84
Diagnostics time 0.3 secs 

Total number of iterations 4696 - required further 3185 

Chain # 17 - chunk 7 (chain 1 of 1 for this core): increasing by 3186 

Iterations: 3186 
|-------------|-------------|-------------|-------------|
|-------------------------------------------------------|

Current time: 2024-11-21 04:35:12
MCMC time 43 mins 

USED COMPONENTS: 58 OF 74 

rel. MC standard error: 0.012 to 0.0949
eff. sample size: 111 to 6970
needed thinning: 2 to 107
Diagnostics time 2.5 secs 

Total number of iterations 7882 - required further 1356 

Chain # 17 - chunk 8 (chain 1 of 1 for this core): increasing by 1357 

Iterations: 1357 
|-------------|-------------|-------------|-------------|
|-------------------------------------------------------|

Current time: 2024-11-21 04:41:55
MCMC time 50 mins 

USED COMPONENTS: 57 OF 74 

rel. MC standard error: 0.0121 to 0.0906
eff. sample size: 122 to 6820
needed thinning: 3 to 114
Diagnostics time 0.67 secs 

Total number of iterations 9239 - required further 884 

Chain # 17 - chunk 9 (chain 1 of 1 for this core): increasing by 885 

Iterations: 885 
|-------------|-------------|-------------|-------------|
|-------------------------------------------------------|

Current time: 2024-11-21 04:46:16
MCMC time 55 mins 

USED COMPONENTS: 58 OF 74 

rel. MC standard error: 0.0113 to 0.0871
eff. sample size: 132 to 7900
needed thinning: 2 to 116
Diagnostics time 0.45 secs 

Total number of iterations 10124 - required further 899 

Chain # 17 - chunk 10 (chain 1 of 1 for this core): increasing by 900 

Iterations: 900 
|-------------|-------------|-------------|-------------|
|-------------------------------------------------------|

Current time: 2024-11-21 04:50:41
MCMC time 59 mins 

USED COMPONENTS: 59 OF 74 

rel. MC standard error: 0.0103 to 0.0843
eff. sample size: 141 to 9420
needed thinning: 2 to 118
Diagnostics time 0.75 secs 

Total number of iterations 11024 - required further 915 

Chain # 17 - chunk 11 (chain 1 of 1 for this core): increasing by 916 

Iterations: 916 
|-------------|-------------|-------------|-------------|
|-------------------------------------------------------|

Current time: 2024-11-21 04:55:10
MCMC time 1.1 hours 

USED COMPONENTS: 58 OF 74 

rel. MC standard error: 0.00961 to 0.0822
eff. sample size: 148 to 10800
needed thinning: 2 to 121
Diagnostics time 0.47 secs 

Total number of iterations 11940 - required further 938 

Chain # 17 - chunk 12 (chain 1 of 1 for this core): increasing by 939 

Iterations: 939 
|-------------|-------------|-------------|-------------|
|-------------------------------------------------------|

Current time: 2024-11-21 04:59:43
MCMC time 1.1 hours 

USED COMPONENTS: 58 OF 74 

rel. MC standard error: 0.00873 to 0.0801
eff. sample size: 156 to 13100
needed thinning: 2 to 124
Diagnostics time 0.48 secs 

Total number of iterations 12879 - required further 961 

Chain # 17 - chunk 13 (chain 1 of 1 for this core): increasing by 962 

Iterations: 962 
|-------------|-------------|-------------|-------------|
|-------------------------------------------------------|

Current time: 2024-11-21 05:04:23
MCMC time 1.2 hours 

USED COMPONENTS: 57 OF 74 

rel. MC standard error: 0.00889 to 0.0777
eff. sample size: 166 to 12600
needed thinning: 2 to 126
Diagnostics time 0.59 secs 

Total number of iterations 13841 - required further 976 

Chain # 17 - chunk 14 (chain 1 of 1 for this core): increasing by 977 

Iterations: 977 
|-------------|-------------|-------------|-------------|
|-------------------------------------------------------|

Current time: 2024-11-21 05:09:08
MCMC time 1.3 hours 

USED COMPONENTS: 57 OF 74 

rel. MC standard error: 0.00902 to 0.0757
eff. sample size: 174 to 12300
needed thinning: 2 to 128
Diagnostics time 1.6 secs 

Total number of iterations 14818 - required further 992 

Chain # 17 - chunk 15 (chain 1 of 1 for this core): increasing by 993 

Iterations: 993 
|-------------|-------------|-------------|-------------|
|-------------------------------------------------------|

Current time: 2024-11-21 05:13:58
MCMC time 1.4 hours 

USED COMPONENTS: 58 OF 74 

rel. MC standard error: 0.00824 to 0.0738
eff. sample size: 184 to 14700
needed thinning: 2 to 130
Diagnostics time 0.51 secs 

Total number of iterations 15811 - required further 1007 

Chain # 17 - chunk 16 (chain 1 of 1 for this core): increasing by 1008 

Iterations: 1008 
|-------------|-------------|-------------|-------------|
|-------------------------------------------------------|

Current time: 2024-11-21 05:18:51
MCMC time 1.5 hours 

USED COMPONENTS: 57 OF 74 

rel. MC standard error: 0.00854 to 0.072
eff. sample size: 193 to 13700
needed thinning: 2 to 131
Diagnostics time 1.3 secs 

Total number of iterations 16819 - required further 1015 

Chain # 17 - chunk 17 (chain 1 of 1 for this core): increasing by 1016 

Iterations: 1016 
|-------------|-------------|-------------|-------------|
|-------------------------------------------------------|

Current time: 2024-11-21 05:23:48
MCMC time 1.5 hours 

USED COMPONENTS: 58 OF 74 

rel. MC standard error: 0.00837 to 0.0704
eff. sample size: 202 to 14300
needed thinning: 2 to 133
Diagnostics time 0.47 secs 

Total number of iterations 17835 - required further 1031 

Chain # 17 - chunk 18 (chain 1 of 1 for this core): increasing by 1032 

Iterations: 1032 
|-------------|-------------|-------------|-------------|
|-------------------------------------------------------|

Current time: 2024-11-21 05:28:49
MCMC time 1.6 hours 

USED COMPONENTS: 57 OF 74 

rel. MC standard error: 0.00753 to 0.0689
eff. sample size: 210 to 17600
needed thinning: 2 to 135
Diagnostics time 0.61 secs 

Total number of iterations 18867 - required further 1046 

Chain # 17 - chunk 19 (chain 1 of 1 for this core): increasing by 1047 

Iterations: 1047 
|-------------|-------------|-------------|-------------|
|-------------------------------------------------------|

Current time: 2024-11-21 05:33:54
MCMC time 1.7 hours 

USED COMPONENTS: 58 OF 74 

rel. MC standard error: 0.00748 to 0.0673
eff. sample size: 221 to 17900
needed thinning: 2 to 136
Diagnostics time 0.65 secs 

Total number of iterations 19914 - required further 1054 

Chain # 17 - chunk 20 (chain 1 of 1 for this core): increasing by 1055 

Iterations: 1055 
|-------------|-------------|-------------|-------------|
|-------------------------------------------------------|

Current time: 2024-11-21 05:39:02
MCMC time 1.8 hours 

USED COMPONENTS: 58 OF 74 

rel. MC standard error: 0.0071 to 0.066
eff. sample size: 230 to 19900
needed thinning: 2 to 137
Diagnostics time 1.4 secs 

Total number of iterations 20969 - required further 1062 

Chain # 17 - chunk 21 (chain 1 of 1 for this core): increasing by 1063 

Iterations: 1063 
|-------------|-------------|-------------|-------------|
|-------------------------------------------------------|

Current time: 2024-11-21 05:44:17
MCMC time 1.9 hours 

USED COMPONENTS: 58 OF 74 

rel. MC standard error: 0.00714 to 0.0645
eff. sample size: 240 to 19600
needed thinning: 2 to 138
Diagnostics time 0.48 secs 

Total number of iterations 22032 - required further 1069 

Chain # 17 - chunk 22 (chain 1 of 1 for this core): increasing by 1070 

Iterations: 1070 
|-------------|-------------|-------------|-------------|
|-------------------------------------------------------|

Current time: 2024-11-21 05:49:37
MCMC time 2 hours 

USED COMPONENTS: 58 OF 74 

rel. MC standard error: 0.00678 to 0.063
eff. sample size: 252 to 21700
needed thinning: 2 to 138
Diagnostics time 0.61 secs 

Total number of iterations 23102 - required further 1069 

Chain # 17 - chunk 23 (chain 1 of 1 for this core): increasing by 1070 

Iterations: 1070 
|-------------|-------------|-------------|-------------|
|-------------------------------------------------------|

Current time: 2024-11-21 05:54:55
MCMC time 2.1 hours 

USED COMPONENTS: 58 OF 74 

rel. MC standard error: 0.00597 to 0.062
eff. sample size: 260 to 28000
needed thinning: 2 to 140
Diagnostics time 0.56 secs 

Total number of iterations 24172 - required further 1085 

Chain # 17 - chunk 24 (chain 1 of 1 for this core): increasing by 1086 

Iterations: 1086 
|-------------|-------------|-------------|-------------|
|-------------------------------------------------------|

Current time: 2024-11-21 06:00:13
MCMC time 2.1 hours 

USED COMPONENTS: 57 OF 74 

rel. MC standard error: 0.00633 to 0.0604
eff. sample size: 274 to 25000
needed thinning: 2 to 139
Diagnostics time 1.3 secs 

Total number of iterations 25258 - required further 1077 

Chain # 17 - chunk 25 (chain 1 of 1 for this core): increasing by 1078 

Iterations: 1078 
|-------------|-------------|-------------|-------------|
|-------------------------------------------------------|

Current time: 2024-11-21 06:05:32
MCMC time 2.2 hours 

USED COMPONENTS: 59 OF 74 

rel. MC standard error: 0.00608 to 0.0595
eff. sample size: 282 to 27000
needed thinning: 2 to 141
Diagnostics time 0.57 secs 

Total number of iterations 26336 - required further 1093 

Chain # 17 - chunk 26 (chain 1 of 1 for this core): increasing by 1094 

Iterations: 1094 
|-------------|-------------|-------------|-------------|
|-------------------------------------------------------|

Current time: 2024-11-21 06:11:05
MCMC time 2.3 hours 

USED COMPONENTS: 59 OF 74 

rel. MC standard error: 0.00615 to 0.0583
eff. sample size: 295 to 26500
needed thinning: 2 to 140
Diagnostics time 0.56 secs 

Total number of iterations 27430 - required further 1085 

Chain # 17 - chunk 27 (chain 1 of 1 for this core): increasing by 1086 

Iterations: 1086 
|-------------|-------------|-------------|-------------|
|-------------------------------------------------------|

Current time: 2024-11-21 06:16:19
MCMC time 2.4 hours 

USED COMPONENTS: 58 OF 74 

rel. MC standard error: 0.00594 to 0.0574
eff. sample size: 303 to 28400
needed thinning: 2 to 141
Diagnostics time 0.61 secs 

Total number of iterations 28516 - required further 1093 

Chain # 17 - chunk 28 (chain 1 of 1 for this core): increasing by 1094 

Iterations: 1094 
|-------------|-------------|-------------|-------------|
|-------------------------------------------------------|

Current time: 2024-11-21 06:21:33
MCMC time 2.5 hours 

USED COMPONENTS: 59 OF 74 

rel. MC standard error: 0.00565 to 0.0562
eff. sample size: 317 to 31300
needed thinning: 2 to 141
Diagnostics time 1.3 secs 

Total number of iterations 29610 - required further 1093 

Chain # 17 - chunk 29 (chain 1 of 1 for this core): increasing by 1094 

Iterations: 1094 
|-------------|-------------|-------------|-------------|
|-------------------------------------------------------|

Current time: 2024-11-21 06:26:52
MCMC time 2.6 hours 

USED COMPONENTS: 58 OF 74 

rel. MC standard error: 0.00595 to 0.0554
eff. sample size: 326 to 28300
needed thinning: 2 to 142
Diagnostics time 0.54 secs 

Total number of iterations 30704 - required further 1100 

Chain # 17 - chunk 30 (chain 1 of 1 for this core): increasing by 1101 

Iterations: 1101 
|-------------|-------------|-------------|-------------|
|-------------------------------------------------------|

Current time: 2024-11-21 06:32:11
MCMC time 2.7 hours 

USED COMPONENTS: 59 OF 74 

rel. MC standard error: 0.00548 to 0.0544
eff. sample size: 337 to 33300
needed thinning: 2 to 142
Diagnostics time 0.56 secs 

Total number of iterations 31805 - required further 1100 

Chain # 17 - chunk 31 (chain 1 of 1 for this core): increasing by 1101 

Iterations: 1101 
|-------------|-------------|-------------|-------------|
|-------------------------------------------------------|

Current time: 2024-11-21 06:37:27
MCMC time 2.8 hours 

USED COMPONENTS: 60 OF 74 

rel. MC standard error: 0.00541 to 0.0537
eff. sample size: 347 to 34100
needed thinning: 2 to 143
Diagnostics time 0.65 secs 

Total number of iterations 32906 - required further 1108 

Chain # 17 - chunk 32 (chain 1 of 1 for this core): increasing by 1109 

Iterations: 1109 
|-------------|-------------|-------------|-------------|
|-------------------------------------------------------|

Current time: 2024-11-21 06:42:44
MCMC time 2.9 hours 

USED COMPONENTS: 59 OF 74 

rel. MC standard error: 0.00574 to 0.0528
eff. sample size: 358 to 30300
needed thinning: 2 to 143
Diagnostics time 1.3 secs 

Total number of iterations 34015 - required further 1108 

Chain # 17 - chunk 33 (chain 1 of 1 for this core): increasing by 1109 

Iterations: 1109 
|-------------|-------------|-------------|-------------|
|-------------------------------------------------------|

Current time: 2024-11-21 06:48:02
MCMC time 2.9 hours 

USED COMPONENTS: 59 OF 74 

rel. MC standard error: 0.00559 to 0.052
eff. sample size: 370 to 32000
needed thinning: 2 to 143
Diagnostics time 0.55 secs 

Total number of iterations 35124 - required further 1108 

Chain # 17 - chunk 34 (chain 1 of 1 for this core): increasing by 1109 

Iterations: 1109 
|-------------|-------------|-------------|-------------|
|-------------------------------------------------------|

Current time: 2024-11-21 06:53:19
MCMC time 3 hours 

USED COMPONENTS: 58 OF 74 

rel. MC standard error: 0.00529 to 0.0512
eff. sample size: 382 to 35700
needed thinning: 2 to 143
Diagnostics time 0.63 secs 

Total number of iterations 36233 - required further 1108 

Chain # 17 - chunk 35 (chain 1 of 1 for this core): increasing by 1109 

Iterations: 1109 
|-------------|-------------|-------------|-------------|
|-------------------------------------------------------|

Current time: 2024-11-21 06:58:39
MCMC time 3.1 hours 

USED COMPONENTS: 58 OF 74 

rel. MC standard error: 0.00523 to 0.0504
eff. sample size: 394 to 36600
needed thinning: 2 to 143
Diagnostics time 0.63 secs 

Total number of iterations 37342 - required further 1108 

Chain # 17 - chunk 36 (chain 1 of 1 for this core): increasing by 1109 

Iterations: 1109 
|-------------|-------------|-------------|-------------|
|-------------------------------------------------------|

Current time: 2024-11-21 07:04:11
MCMC time 3.2 hours 

USED COMPONENTS: 58 OF 74 

rel. MC standard error: 0.00538 to 0.0495
eff. sample size: 408 to 34600
needed thinning: 2 to 142
Diagnostics time 1.6 secs 

Total number of iterations 38451 - required further 0 

Keeping last 60 samples with thinning 142 

Plotting traces and samples.

Current time: 2024-11-21 07:04:15
MCMC + diagnostics time 3.2 hours 

Current time: 2024-11-21 07:04:15
Total time 3.2 hours 
loaded inferno and set parent environment
loaded inferno and set parent environment
loaded inferno and set parent environment
loaded inferno and set parent environment
Error in gzfile(file, "rb") : cannot open the connection
Calls: <Anonymous> -> cleanup -> loadNamespace -> readRDS -> gzfile
In addition: Warning message:
In gzfile(file, "rb") :
  cannot open compressed file '/usr/lib/R/library/tools/Meta/nsInfo.rds', probable reason 'Transport endpoint is not connected'
