Log core 6 - Current time: 2024-11-21 03:36:53
Defining model
Building model
Setting data and initial values
Running calculate on model
  [Note] Any error reports that follow may simply reflect missing values in model variables.
Checking model sizes and dimensions
Compiling
  [Note] This may take a minute.
  [Note] Use 'showCompilerOutput = TRUE' to see C++ compilation details.
===== Monitors =====
thin = 1: Bprob, Rmean, Rvar, W
thin2 = 1: K
===== Samplers =====
conjugate sampler (519)
  - Rmean[]  (148 elements)
  - Rrate[]  (148 elements)
  - Bprob[]  (74 elements)
  - Rvar[]  (148 elements)
  - W[1:74] 
categorical sampler (3601)
  - Alpha
  - K[]  (3600 elements)
===== Monitors =====
thin = 1: Bprob, Rmean, Rvar, W
thin2 = 1: K
===== Samplers =====
slice sampler (3601)
  - Alpha
  - K[]  (3600 elements)
conjugate sampler (519)
  - Rmean[]  (148 elements)
  - Rrate[]  (148 elements)
  - Bprob[]  (74 elements)
  - Rvar[]  (148 elements)
  - W[1:74] 
Compiling
  [Note] This may take a minute.
  [Note] Use 'showCompilerOutput = TRUE' to see C++ compilation details.

Setup time 15 mins 

Chain # 6 (chain 1 of 1 for this core)

Datapoints for testing convergence:
 #156 #273 #288 #590 #723 #1126 #1165 #1422 #1629 #1638 #2114 #2158 #2364 #2612 #2659 #2895 #3016 #3119 #3196 #3316 

Iterations: 3600 
|-------------|-------------|-------------|-------------|
|-------------------------------------------------------|

Current time: 2024-11-21 04:18:02
MCMC time 26 mins 

USED COMPONENTS: 63 OF 74 

rel. MC standard error: 0.0148 to 0.0794
eff. sample size: 159 to 4540
needed thinning: 2 to 35
Diagnostics time 1.6 secs 

Total number of iterations 3600 - required further 272 

Chain # 6 - chunk 2 (chain 1 of 1 for this core): increasing by 273 

Iterations: 273 
|-------------|-------------|-------------|-------------|
|-------------------------------------------------------|

Current time: 2024-11-21 04:19:20
MCMC time 28 mins 

USED COMPONENTS: 63 OF 74 

rel. MC standard error: 0.0171 to 0.0756
eff. sample size: 175 to 3400
needed thinning: 2 to 34
Diagnostics time 0.22 secs 

Total number of iterations 3873 - required further 264 

Chain # 6 - chunk 3 (chain 1 of 1 for this core): increasing by 265 

Iterations: 265 
|-------------|-------------|-------------|-------------|
|-------------------------------------------------------|

Current time: 2024-11-21 04:20:34
MCMC time 29 mins 

USED COMPONENTS: 62 OF 74 

rel. MC standard error: 0.0164 to 0.0731
eff. sample size: 187 to 3720
needed thinning: 2 to 34
Diagnostics time 0.21 secs 

Total number of iterations 4138 - required further 264 

Chain # 6 - chunk 4 (chain 1 of 1 for this core): increasing by 265 

Iterations: 265 
|-------------|-------------|-------------|-------------|
|-------------------------------------------------------|

Current time: 2024-11-21 04:21:48
MCMC time 30 mins 

USED COMPONENTS: 62 OF 74 

rel. MC standard error: 0.0168 to 0.0716
eff. sample size: 195 to 3560
needed thinning: 2 to 34
Diagnostics time 0.16 secs 

Total number of iterations 4403 - required further 264 

Chain # 6 - chunk 5 (chain 1 of 1 for this core): increasing by 265 

Iterations: 265 
|-------------|-------------|-------------|-------------|
|-------------------------------------------------------|

Current time: 2024-11-21 04:23:01
MCMC time 31 mins 

USED COMPONENTS: 62 OF 74 

rel. MC standard error: 0.015 to 0.0677
eff. sample size: 218 to 4420
needed thinning: 2 to 33
Diagnostics time 0.21 secs 

Total number of iterations 4668 - required further 256 

Chain # 6 - chunk 6 (chain 1 of 1 for this core): increasing by 257 

Iterations: 257 
|-------------|-------------|-------------|-------------|
|-------------------------------------------------------|

Current time: 2024-11-21 04:24:13
MCMC time 32 mins 

USED COMPONENTS: 61 OF 74 

rel. MC standard error: 0.0164 to 0.0679
eff. sample size: 217 to 3720
needed thinning: 2 to 35
Diagnostics time 0.31 secs 

Total number of iterations 4925 - required further 272 

Chain # 6 - chunk 7 (chain 1 of 1 for this core): increasing by 273 

Iterations: 273 
|-------------|-------------|-------------|-------------|
|-------------------------------------------------------|

Current time: 2024-11-21 04:25:29
MCMC time 34 mins 

USED COMPONENTS: 61 OF 74 

rel. MC standard error: 0.0144 to 0.0644
eff. sample size: 241 to 4800
needed thinning: 2 to 33
Diagnostics time 0.16 secs 

Total number of iterations 5198 - required further 256 

Chain # 6 - chunk 8 (chain 1 of 1 for this core): increasing by 257 

Iterations: 257 
|-------------|-------------|-------------|-------------|
|-------------------------------------------------------|

Current time: 2024-11-21 04:26:41
MCMC time 35 mins 

USED COMPONENTS: 62 OF 74 

rel. MC standard error: 0.0154 to 0.0651
eff. sample size: 236 to 4200
needed thinning: 2 to 35
Diagnostics time 0.16 secs 

Total number of iterations 5455 - required further 272 

Chain # 6 - chunk 9 (chain 1 of 1 for this core): increasing by 273 

Iterations: 273 
|-------------|-------------|-------------|-------------|
|-------------------------------------------------------|

Current time: 2024-11-21 04:27:57
MCMC time 36 mins 

USED COMPONENTS: 61 OF 74 

rel. MC standard error: 0.0142 to 0.0664
eff. sample size: 227 to 4930
needed thinning: 2 to 38
Diagnostics time 0.16 secs 

Total number of iterations 5728 - required further 295 

Chain # 6 - chunk 10 (chain 1 of 1 for this core): increasing by 296 

Iterations: 296 
|-------------|-------------|-------------|-------------|
|-------------------------------------------------------|

Current time: 2024-11-21 04:29:47
MCMC time 38 mins 

USED COMPONENTS: 61 OF 74 

rel. MC standard error: 0.0119 to 0.0678
eff. sample size: 218 to 7070
needed thinning: 2 to 42
Diagnostics time 0.3 secs 

Total number of iterations 6024 - required further 326 

Chain # 6 - chunk 11 (chain 1 of 1 for this core): increasing by 327 

Iterations: 327 
|-------------|-------------|-------------|-------------|
|-------------------------------------------------------|

Current time: 2024-11-21 04:32:15
MCMC time 40 mins 

USED COMPONENTS: 62 OF 74 

rel. MC standard error: 0.0133 to 0.0678
eff. sample size: 218 to 5620
needed thinning: 2 to 44
Diagnostics time 0.38 secs 

Total number of iterations 6351 - required further 341 

Chain # 6 - chunk 12 (chain 1 of 1 for this core): increasing by 342 

Iterations: 342 
|-------------|-------------|-------------|-------------|
|-------------------------------------------------------|

Current time: 2024-11-21 04:34:49
MCMC time 43 mins 

USED COMPONENTS: 61 OF 74 

rel. MC standard error: 0.0118 to 0.0681
eff. sample size: 215 to 7210
needed thinning: 2 to 47
Diagnostics time 1.3 secs 

Total number of iterations 6693 - required further 365 

Chain # 6 - chunk 13 (chain 1 of 1 for this core): increasing by 366 

Iterations: 366 
|-------------|-------------|-------------|-------------|
|-------------------------------------------------------|

Current time: 2024-11-21 04:37:35
MCMC time 46 mins 

USED COMPONENTS: 62 OF 74 

rel. MC standard error: 0.0116 to 0.0683
eff. sample size: 214 to 7420
needed thinning: 2 to 50
Diagnostics time 0.4 secs 

Total number of iterations 7059 - required further 388 

Chain # 6 - chunk 14 (chain 1 of 1 for this core): increasing by 389 

Iterations: 389 
|-------------|-------------|-------------|-------------|
|-------------------------------------------------------|

Current time: 2024-11-21 04:40:30
MCMC time 49 mins 

USED COMPONENTS: 62 OF 74 

rel. MC standard error: 0.0115 to 0.0688
eff. sample size: 211 to 7520
needed thinning: 2 to 53
Diagnostics time 0.42 secs 

Total number of iterations 7448 - required further 411 

Chain # 6 - chunk 15 (chain 1 of 1 for this core): increasing by 412 

Iterations: 412 
|-------------|-------------|-------------|-------------|
|-------------------------------------------------------|

Current time: 2024-11-21 04:43:35
MCMC time 52 mins 

USED COMPONENTS: 61 OF 74 

rel. MC standard error: 0.0112 to 0.0677
eff. sample size: 218 to 8040
needed thinning: 2 to 54
Diagnostics time 0.43 secs 

Total number of iterations 7860 - required further 419 

Chain # 6 - chunk 16 (chain 1 of 1 for this core): increasing by 420 

Iterations: 420 
|-------------|-------------|-------------|-------------|
|-------------------------------------------------------|

Current time: 2024-11-21 04:46:44
MCMC time 55 mins 

USED COMPONENTS: 61 OF 74 

rel. MC standard error: 0.0113 to 0.0675
eff. sample size: 220 to 7850
needed thinning: 2 to 57
Diagnostics time 0.56 secs 

Total number of iterations 8280 - required further 442 

Chain # 6 - chunk 17 (chain 1 of 1 for this core): increasing by 443 

Iterations: 443 
|-------------|-------------|-------------|-------------|
|-------------------------------------------------------|

Current time: 2024-11-21 04:50:03
MCMC time 58 mins 

USED COMPONENTS: 60 OF 74 

rel. MC standard error: 0.0117 to 0.0675
eff. sample size: 219 to 7320
needed thinning: 2 to 60
Diagnostics time 0.45 secs 

Total number of iterations 8723 - required further 465 

Chain # 6 - chunk 18 (chain 1 of 1 for this core): increasing by 466 

Iterations: 466 
|-------------|-------------|-------------|-------------|
|-------------------------------------------------------|

Current time: 2024-11-21 04:52:46
MCMC time 1 hours 

USED COMPONENTS: 61 OF 74 

rel. MC standard error: 0.0105 to 0.0662
eff. sample size: 228 to 9110
needed thinning: 2 to 61
Diagnostics time 0.27 secs 

Total number of iterations 9189 - required further 473 

Chain # 6 - chunk 19 (chain 1 of 1 for this core): increasing by 474 

Iterations: 474 
|-------------|-------------|-------------|-------------|
|-------------------------------------------------------|

Current time: 2024-11-21 04:54:58
MCMC time 1.1 hours 

USED COMPONENTS: 60 OF 74 

rel. MC standard error: 0.01 to 0.0663
eff. sample size: 228 to 9910
needed thinning: 2 to 64
Diagnostics time 0.28 secs 

Total number of iterations 9663 - required further 496 

Chain # 6 - chunk 20 (chain 1 of 1 for this core): increasing by 497 

Iterations: 497 
|-------------|-------------|-------------|-------------|
|-------------------------------------------------------|

Current time: 2024-11-21 04:57:17
MCMC time 1.1 hours 

USED COMPONENTS: 60 OF 74 

rel. MC standard error: 0.0103 to 0.0649
eff. sample size: 238 to 9430
needed thinning: 2 to 65
Diagnostics time 0.25 secs 

Total number of iterations 10160 - required further 504 

Chain # 6 - chunk 21 (chain 1 of 1 for this core): increasing by 505 

Iterations: 505 
|-------------|-------------|-------------|-------------|
|-------------------------------------------------------|

Current time: 2024-11-21 04:59:38
MCMC time 1.1 hours 

USED COMPONENTS: 62 OF 74 

rel. MC standard error: 0.0101 to 0.0647
eff. sample size: 239 to 9840
needed thinning: 2 to 68
Diagnostics time 0.33 secs 

Total number of iterations 10665 - required further 527 

Chain # 6 - chunk 22 (chain 1 of 1 for this core): increasing by 528 

Iterations: 528 
|-------------|-------------|-------------|-------------|
|-------------------------------------------------------|

Current time: 2024-11-21 05:02:06
MCMC time 1.2 hours 

USED COMPONENTS: 60 OF 74 

rel. MC standard error: 0.00969 to 0.0632
eff. sample size: 250 to 10600
needed thinning: 2 to 68
Diagnostics time 0.26 secs 

Total number of iterations 11193 - required further 527 

Chain # 6 - chunk 23 (chain 1 of 1 for this core): increasing by 528 

Iterations: 528 
|-------------|-------------|-------------|-------------|
|-------------------------------------------------------|

Current time: 2024-11-21 05:04:33
MCMC time 1.2 hours 

USED COMPONENTS: 60 OF 74 

rel. MC standard error: 0.00958 to 0.0627
eff. sample size: 255 to 10900
needed thinning: 2 to 70
Diagnostics time 1.1 secs 

Total number of iterations 11721 - required further 543 

Chain # 6 - chunk 24 (chain 1 of 1 for this core): increasing by 544 

Iterations: 544 
|-------------|-------------|-------------|-------------|
|-------------------------------------------------------|

Current time: 2024-11-21 05:07:06
MCMC time 1.3 hours 

USED COMPONENTS: 61 OF 74 

rel. MC standard error: 0.00959 to 0.0617
eff. sample size: 263 to 10900
needed thinning: 2 to 71
Diagnostics time 0.27 secs 

Total number of iterations 12265 - required further 550 

Chain # 6 - chunk 25 (chain 1 of 1 for this core): increasing by 551 

Iterations: 551 
|-------------|-------------|-------------|-------------|
|-------------------------------------------------------|

Current time: 2024-11-21 05:09:40
MCMC time 1.3 hours 

USED COMPONENTS: 61 OF 74 

rel. MC standard error: 0.00887 to 0.0613
eff. sample size: 266 to 12700
needed thinning: 2 to 73
Diagnostics time 0.27 secs 

Total number of iterations 12816 - required further 566 

Chain # 6 - chunk 26 (chain 1 of 1 for this core): increasing by 567 

Iterations: 567 
|-------------|-------------|-------------|-------------|
|-------------------------------------------------------|

Current time: 2024-11-21 05:12:18
MCMC time 1.3 hours 

USED COMPONENTS: 59 OF 74 

rel. MC standard error: 0.0087 to 0.0606
eff. sample size: 272 to 13200
needed thinning: 2 to 74
Diagnostics time 0.32 secs 

Total number of iterations 13383 - required further 574 

Chain # 6 - chunk 27 (chain 1 of 1 for this core): increasing by 575 

Iterations: 575 
|-------------|-------------|-------------|-------------|
|-------------------------------------------------------|

Current time: 2024-11-21 05:14:59
MCMC time 1.4 hours 

USED COMPONENTS: 59 OF 74 

rel. MC standard error: 0.00874 to 0.0601
eff. sample size: 277 to 13100
needed thinning: 2 to 76
Diagnostics time 0.35 secs 

Total number of iterations 13958 - required further 589 

Chain # 6 - chunk 28 (chain 1 of 1 for this core): increasing by 590 

Iterations: 590 
|-------------|-------------|-------------|-------------|
|-------------------------------------------------------|

Current time: 2024-11-21 05:17:43
MCMC time 1.4 hours 

USED COMPONENTS: 59 OF 74 

rel. MC standard error: 0.00869 to 0.0591
eff. sample size: 286 to 13200
needed thinning: 2 to 77
Diagnostics time 0.34 secs 

Total number of iterations 14548 - required further 597 

Chain # 6 - chunk 29 (chain 1 of 1 for this core): increasing by 598 

Iterations: 598 
|-------------|-------------|-------------|-------------|
|-------------------------------------------------------|

Current time: 2024-11-21 05:20:30
MCMC time 1.5 hours 

USED COMPONENTS: 59 OF 74 

rel. MC standard error: 0.00874 to 0.0582
eff. sample size: 296 to 13100
needed thinning: 2 to 77
Diagnostics time 0.34 secs 

Total number of iterations 15146 - required further 597 

Chain # 6 - chunk 30 (chain 1 of 1 for this core): increasing by 598 

Iterations: 598 
|-------------|-------------|-------------|-------------|
|-------------------------------------------------------|

Current time: 2024-11-21 05:23:17
MCMC time 1.5 hours 

USED COMPONENTS: 59 OF 74 

rel. MC standard error: 0.00794 to 0.0576
eff. sample size: 301 to 15900
needed thinning: 2 to 79
Diagnostics time 0.35 secs 

Total number of iterations 15744 - required further 612 

Chain # 6 - chunk 31 (chain 1 of 1 for this core): increasing by 613 

Iterations: 613 
|-------------|-------------|-------------|-------------|
|-------------------------------------------------------|

Current time: 2024-11-21 05:26:08
MCMC time 1.6 hours 

USED COMPONENTS: 59 OF 74 

rel. MC standard error: 0.00757 to 0.057
eff. sample size: 308 to 17400
needed thinning: 2 to 80
Diagnostics time 0.43 secs 

Total number of iterations 16357 - required further 620 

Chain # 6 - chunk 32 (chain 1 of 1 for this core): increasing by 621 

Iterations: 621 
|-------------|-------------|-------------|-------------|
|-------------------------------------------------------|

Current time: 2024-11-21 05:29:02
MCMC time 1.6 hours 

USED COMPONENTS: 59 OF 74 

rel. MC standard error: 0.00799 to 0.0565
eff. sample size: 313 to 15700
needed thinning: 2 to 82
Diagnostics time 0.35 secs 

Total number of iterations 16978 - required further 636 

Chain # 6 - chunk 33 (chain 1 of 1 for this core): increasing by 637 

Iterations: 637 
|-------------|-------------|-------------|-------------|
|-------------------------------------------------------|

Current time: 2024-11-21 05:32:00
MCMC time 1.7 hours 

USED COMPONENTS: 59 OF 74 

rel. MC standard error: 0.00815 to 0.0557
eff. sample size: 322 to 15100
needed thinning: 2 to 82
Diagnostics time 0.37 secs 

Total number of iterations 17615 - required further 636 

Chain # 6 - chunk 34 (chain 1 of 1 for this core): increasing by 637 

Iterations: 637 
|-------------|-------------|-------------|-------------|
|-------------------------------------------------------|

Current time: 2024-11-21 05:34:58
MCMC time 1.7 hours 

USED COMPONENTS: 60 OF 74 

rel. MC standard error: 0.00776 to 0.0551
eff. sample size: 330 to 16600
needed thinning: 2 to 84
Diagnostics time 0.44 secs 

Total number of iterations 18252 - required further 651 

Chain # 6 - chunk 35 (chain 1 of 1 for this core): increasing by 652 

Iterations: 652 
|-------------|-------------|-------------|-------------|
|-------------------------------------------------------|

Current time: 2024-11-21 05:38:00
MCMC time 1.8 hours 

USED COMPONENTS: 60 OF 74 

rel. MC standard error: 0.00768 to 0.0543
eff. sample size: 339 to 17000
needed thinning: 2 to 84
Diagnostics time 0.35 secs 

Total number of iterations 18904 - required further 651 

Chain # 6 - chunk 36 (chain 1 of 1 for this core): increasing by 652 

Iterations: 652 
|-------------|-------------|-------------|-------------|
|-------------------------------------------------------|

Current time: 2024-11-21 05:41:02
MCMC time 1.8 hours 

USED COMPONENTS: 60 OF 74 

rel. MC standard error: 0.00731 to 0.0537
eff. sample size: 347 to 18700
needed thinning: 2 to 85
Diagnostics time 0.35 secs 

Total number of iterations 19556 - required further 659 

Chain # 6 - chunk 37 (chain 1 of 1 for this core): increasing by 660 

Iterations: 660 
|-------------|-------------|-------------|-------------|
|-------------------------------------------------------|

Current time: 2024-11-21 05:44:07
MCMC time 1.9 hours 

USED COMPONENTS: 60 OF 74 

rel. MC standard error: 0.00715 to 0.0532
eff. sample size: 354 to 19600
needed thinning: 2 to 86
Diagnostics time 1.2 secs 

Total number of iterations 20216 - required further 667 

Chain # 6 - chunk 38 (chain 1 of 1 for this core): increasing by 668 

Iterations: 668 
|-------------|-------------|-------------|-------------|
|-------------------------------------------------------|

Current time: 2024-11-21 05:47:19
MCMC time 1.9 hours 

USED COMPONENTS: 60 OF 74 

rel. MC standard error: 0.00723 to 0.0525
eff. sample size: 362 to 19100
needed thinning: 2 to 87
Diagnostics time 0.38 secs 

Total number of iterations 20884 - required further 674 

Chain # 6 - chunk 39 (chain 1 of 1 for this core): increasing by 675 

Iterations: 675 
|-------------|-------------|-------------|-------------|
|-------------------------------------------------------|

Current time: 2024-11-21 05:50:29
MCMC time 2 hours 

USED COMPONENTS: 60 OF 74 

rel. MC standard error: 0.00682 to 0.0518
eff. sample size: 373 to 21500
needed thinning: 2 to 87
Diagnostics time 0.37 secs 

Total number of iterations 21559 - required further 674 

Chain # 6 - chunk 40 (chain 1 of 1 for this core): increasing by 675 

Iterations: 675 
|-------------|-------------|-------------|-------------|
|-------------------------------------------------------|

Current time: 2024-11-21 05:53:39
MCMC time 2 hours 

USED COMPONENTS: 60 OF 74 

rel. MC standard error: 0.00725 to 0.0511
eff. sample size: 382 to 19000
needed thinning: 2 to 88
Diagnostics time 0.36 secs 

Total number of iterations 22234 - required further 682 

Chain # 6 - chunk 41 (chain 1 of 1 for this core): increasing by 683 

Iterations: 683 
|-------------|-------------|-------------|-------------|
|-------------------------------------------------------|

Current time: 2024-11-21 05:56:50
MCMC time 2.1 hours 

USED COMPONENTS: 59 OF 74 

rel. MC standard error: 0.00663 to 0.0508
eff. sample size: 388 to 22700
needed thinning: 2 to 89
Diagnostics time 0.38 secs 

Total number of iterations 22917 - required further 690 

Chain # 6 - chunk 42 (chain 1 of 1 for this core): increasing by 691 

Iterations: 691 
|-------------|-------------|-------------|-------------|
|-------------------------------------------------------|

Current time: 2024-11-21 06:00:00
MCMC time 2.1 hours 

USED COMPONENTS: 60 OF 74 

rel. MC standard error: 0.00665 to 0.05
eff. sample size: 400 to 22600
needed thinning: 2 to 89
Diagnostics time 0.37 secs 

Total number of iterations 23608 - required further 690 

Chain # 6 - chunk 43 (chain 1 of 1 for this core): increasing by 691 

Iterations: 691 
|-------------|-------------|-------------|-------------|
|-------------------------------------------------------|

Current time: 2024-11-21 06:03:10
MCMC time 2.2 hours 

USED COMPONENTS: 59 OF 74 

rel. MC standard error: 0.00649 to 0.0494
eff. sample size: 410 to 23700
needed thinning: 2 to 89
Diagnostics time 0.39 secs 

Total number of iterations 24299 - required further 0 

Keeping last 60 samples with thinning 89 

Plotting traces and samples.

Current time: 2024-11-21 06:03:12
MCMC + diagnostics time 2.2 hours 

Current time: 2024-11-21 06:03:12
Total time 2.2 hours 
loaded inferno and set parent environment
loaded inferno and set parent environment
loaded inferno and set parent environment
loaded inferno and set parent environment
