Log core 9 - Current time: 2024-11-20 23:30:54
Defining model
Building model
Setting data and initial values
Running calculate on model
  [Note] Any error reports that follow may simply reflect missing values in model variables.
Checking model sizes and dimensions
Compiling
  [Note] This may take a minute.
  [Note] Use 'showCompilerOutput = TRUE' to see C++ compilation details.
===== Monitors =====
thin = 1: Bprob, Rmean, Rvar, W
thin2 = 1: K
===== Samplers =====
conjugate sampler (519)
  - Rmean[]  (148 elements)
  - Rrate[]  (148 elements)
  - Bprob[]  (74 elements)
  - Rvar[]  (148 elements)
  - W[1:74] 
categorical sampler (3301)
  - Alpha
  - K[]  (3300 elements)
===== Monitors =====
thin = 1: Bprob, Rmean, Rvar, W
thin2 = 1: K
===== Samplers =====
slice sampler (3301)
  - Alpha
  - K[]  (3300 elements)
conjugate sampler (519)
  - Rmean[]  (148 elements)
  - Rrate[]  (148 elements)
  - Bprob[]  (74 elements)
  - Rvar[]  (148 elements)
  - W[1:74] 
Compiling
  [Note] This may take a minute.
  [Note] Use 'showCompilerOutput = TRUE' to see C++ compilation details.

Setup time 13 mins 

Chain # 9 (chain 1 of 1 for this core)

Datapoints for testing convergence:
 #292 #372 #398 #679 #690 #701 #713 #1193 #1334 #1476 #1645 #1710 #2021 #2414 #2504 #2523 #2603 #2993 #3223 #3279 

Iterations: 3600 
|-------------|-------------|-------------|-------------|
|-------------------------------------------------------|

Current time: 2024-11-21 00:08:51
MCMC time 25 mins 

USED COMPONENTS: 60 OF 74 

rel. MC standard error: 0.0158 to 0.0862
eff. sample size: 135 to 4020
needed thinning: 2 to 41
Diagnostics time 3.7 secs 

Total number of iterations 3600 - required further 318 

Chain # 9 - chunk 2 (chain 1 of 1 for this core): increasing by 319 

Iterations: 319 
|-------------|-------------|-------------|-------------|
|-------------------------------------------------------|

Current time: 2024-11-21 00:11:07
MCMC time 27 mins 

USED COMPONENTS: 60 OF 74 

rel. MC standard error: 0.0154 to 0.0834
eff. sample size: 144 to 4240
needed thinning: 2 to 41
Diagnostics time 0.3 secs 

Total number of iterations 3919 - required further 318 

Chain # 9 - chunk 3 (chain 1 of 1 for this core): increasing by 319 

Iterations: 319 
|-------------|-------------|-------------|-------------|
|-------------------------------------------------------|

Current time: 2024-11-21 00:13:18
MCMC time 29 mins 

USED COMPONENTS: 61 OF 74 

rel. MC standard error: 0.0132 to 0.0802
eff. sample size: 156 to 5700
needed thinning: 2 to 41
Diagnostics time 0.37 secs 

Total number of iterations 4238 - required further 318 

Chain # 9 - chunk 4 (chain 1 of 1 for this core): increasing by 319 

Iterations: 319 
|-------------|-------------|-------------|-------------|
|-------------------------------------------------------|

Current time: 2024-11-21 00:15:28
MCMC time 31 mins 

USED COMPONENTS: 60 OF 74 

rel. MC standard error: 0.0134 to 0.0787
eff. sample size: 162 to 5560
needed thinning: 2 to 43
Diagnostics time 0.37 secs 

Total number of iterations 4557 - required further 334 

Chain # 9 - chunk 5 (chain 1 of 1 for this core): increasing by 335 

Iterations: 335 
|-------------|-------------|-------------|-------------|
|-------------------------------------------------------|

Current time: 2024-11-21 00:17:46
MCMC time 34 mins 

USED COMPONENTS: 60 OF 74 

rel. MC standard error: 0.0136 to 0.0745
eff. sample size: 180 to 5410
needed thinning: 2 to 41
Diagnostics time 0.38 secs 

Total number of iterations 4892 - required further 318 

Chain # 9 - chunk 6 (chain 1 of 1 for this core): increasing by 319 

Iterations: 319 
|-------------|-------------|-------------|-------------|
|-------------------------------------------------------|

Current time: 2024-11-21 00:19:57
MCMC time 36 mins 

USED COMPONENTS: 60 OF 74 

rel. MC standard error: 0.0128 to 0.074
eff. sample size: 182 to 6130
needed thinning: 2 to 43
Diagnostics time 0.36 secs 

Total number of iterations 5211 - required further 334 

Chain # 9 - chunk 7 (chain 1 of 1 for this core): increasing by 335 

Iterations: 335 
|-------------|-------------|-------------|-------------|
|-------------------------------------------------------|

Current time: 2024-11-21 00:22:02
MCMC time 38 mins 

USED COMPONENTS: 59 OF 74 

rel. MC standard error: 0.0128 to 0.0723
eff. sample size: 192 to 6120
needed thinning: 2 to 44
Diagnostics time 0.17 secs 

Total number of iterations 5546 - required further 341 

Chain # 9 - chunk 8 (chain 1 of 1 for this core): increasing by 342 

Iterations: 342 
|-------------|-------------|-------------|-------------|
|-------------------------------------------------------|

Current time: 2024-11-21 00:23:29
MCMC time 39 mins 

USED COMPONENTS: 59 OF 74 

rel. MC standard error: 0.0127 to 0.0692
eff. sample size: 209 to 6240
needed thinning: 2 to 43
Diagnostics time 0.23 secs 

Total number of iterations 5888 - required further 334 

Chain # 9 - chunk 9 (chain 1 of 1 for this core): increasing by 335 

Iterations: 335 
|-------------|-------------|-------------|-------------|
|-------------------------------------------------------|

Current time: 2024-11-21 00:24:53
MCMC time 41 mins 

USED COMPONENTS: 59 OF 74 

rel. MC standard error: 0.012 to 0.0668
eff. sample size: 224 to 6940
needed thinning: 2 to 42
Diagnostics time 0.23 secs 

Total number of iterations 6223 - required further 326 

Chain # 9 - chunk 10 (chain 1 of 1 for this core): increasing by 327 

Iterations: 327 
|-------------|-------------|-------------|-------------|
|-------------------------------------------------------|

Current time: 2024-11-21 00:26:16
MCMC time 42 mins 

USED COMPONENTS: 59 OF 74 

rel. MC standard error: 0.0112 to 0.0664
eff. sample size: 227 to 7980
needed thinning: 2 to 44
Diagnostics time 0.22 secs 

Total number of iterations 6550 - required further 341 

Chain # 9 - chunk 11 (chain 1 of 1 for this core): increasing by 342 

Iterations: 342 
|-------------|-------------|-------------|-------------|
|-------------------------------------------------------|

Current time: 2024-11-21 00:27:42
MCMC time 44 mins 

USED COMPONENTS: 59 OF 74 

rel. MC standard error: 0.0115 to 0.0637
eff. sample size: 246 to 7520
needed thinning: 2 to 42
Diagnostics time 0.31 secs 

Total number of iterations 6892 - required further 326 

Chain # 9 - chunk 12 (chain 1 of 1 for this core): increasing by 327 

Iterations: 327 
|-------------|-------------|-------------|-------------|
|-------------------------------------------------------|

Current time: 2024-11-21 00:29:05
MCMC time 45 mins 

USED COMPONENTS: 59 OF 74 

rel. MC standard error: 0.0114 to 0.0619
eff. sample size: 261 to 7660
needed thinning: 2 to 42
Diagnostics time 0.23 secs 

Total number of iterations 7219 - required further 326 

Chain # 9 - chunk 13 (chain 1 of 1 for this core): increasing by 327 

Iterations: 327 
|-------------|-------------|-------------|-------------|
|-------------------------------------------------------|

Current time: 2024-11-21 00:30:28
MCMC time 46 mins 

USED COMPONENTS: 60 OF 74 

rel. MC standard error: 0.0112 to 0.0603
eff. sample size: 275 to 7950
needed thinning: 2 to 42
Diagnostics time 0.23 secs 

Total number of iterations 7546 - required further 326 

Chain # 9 - chunk 14 (chain 1 of 1 for this core): increasing by 327 

Iterations: 327 
|-------------|-------------|-------------|-------------|
|-------------------------------------------------------|

Current time: 2024-11-21 00:31:50
MCMC time 48 mins 

USED COMPONENTS: 59 OF 74 

rel. MC standard error: 0.011 to 0.0597
eff. sample size: 280 to 8260
needed thinning: 2 to 43
Diagnostics time 0.18 secs 

Total number of iterations 7873 - required further 334 

Chain # 9 - chunk 15 (chain 1 of 1 for this core): increasing by 335 

Iterations: 335 
|-------------|-------------|-------------|-------------|
|-------------------------------------------------------|

Current time: 2024-11-21 00:33:15
MCMC time 49 mins 

USED COMPONENTS: 59 OF 74 

rel. MC standard error: 0.0105 to 0.0575
eff. sample size: 302 to 9140
needed thinning: 2 to 41
Diagnostics time 0.23 secs 

Total number of iterations 8208 - required further 318 

Chain # 9 - chunk 16 (chain 1 of 1 for this core): increasing by 319 

Iterations: 319 
|-------------|-------------|-------------|-------------|
|-------------------------------------------------------|

Current time: 2024-11-21 00:34:36
MCMC time 51 mins 

USED COMPONENTS: 59 OF 74 

rel. MC standard error: 0.0104 to 0.0575
eff. sample size: 303 to 9250
needed thinning: 2 to 43
Diagnostics time 0.21 secs 

Total number of iterations 8527 - required further 334 

Chain # 9 - chunk 17 (chain 1 of 1 for this core): increasing by 335 

Iterations: 335 
|-------------|-------------|-------------|-------------|
|-------------------------------------------------------|

Current time: 2024-11-21 00:36:02
MCMC time 52 mins 

USED COMPONENTS: 59 OF 74 

rel. MC standard error: 0.00906 to 0.0568
eff. sample size: 310 to 12200
needed thinning: 2 to 43
Diagnostics time 0.23 secs 

Total number of iterations 8862 - required further 334 

Chain # 9 - chunk 18 (chain 1 of 1 for this core): increasing by 335 

Iterations: 335 
|-------------|-------------|-------------|-------------|
|-------------------------------------------------------|

Current time: 2024-11-21 00:37:28
MCMC time 53 mins 

USED COMPONENTS: 59 OF 74 

rel. MC standard error: 0.00993 to 0.0547
eff. sample size: 334 to 10200
needed thinning: 2 to 42
Diagnostics time 0.23 secs 

Total number of iterations 9197 - required further 326 

Chain # 9 - chunk 19 (chain 1 of 1 for this core): increasing by 327 

Iterations: 327 
|-------------|-------------|-------------|-------------|
|-------------------------------------------------------|

Current time: 2024-11-21 00:38:51
MCMC time 55 mins 

USED COMPONENTS: 59 OF 74 

rel. MC standard error: 0.00995 to 0.0554
eff. sample size: 326 to 10100
needed thinning: 2 to 44
Diagnostics time 0.23 secs 

Total number of iterations 9524 - required further 341 

Chain # 9 - chunk 20 (chain 1 of 1 for this core): increasing by 342 

Iterations: 342 
|-------------|-------------|-------------|-------------|
|-------------------------------------------------------|

Current time: 2024-11-21 00:40:17
MCMC time 56 mins 

USED COMPONENTS: 59 OF 74 

rel. MC standard error: 0.00973 to 0.0542
eff. sample size: 340 to 10600
needed thinning: 2 to 44
Diagnostics time 0.23 secs 

Total number of iterations 9866 - required further 341 

Chain # 9 - chunk 21 (chain 1 of 1 for this core): increasing by 342 

Iterations: 342 
|-------------|-------------|-------------|-------------|
|-------------------------------------------------------|

Current time: 2024-11-21 00:41:44
MCMC time 58 mins 

USED COMPONENTS: 59 OF 74 

rel. MC standard error: 0.01 to 0.0527
eff. sample size: 360 to 9980
needed thinning: 2 to 43
Diagnostics time 0.23 secs 

Total number of iterations 10208 - required further 334 

Chain # 9 - chunk 22 (chain 1 of 1 for this core): increasing by 335 

Iterations: 335 
|-------------|-------------|-------------|-------------|
|-------------------------------------------------------|

Current time: 2024-11-21 00:43:08
MCMC time 59 mins 

USED COMPONENTS: 59 OF 74 

rel. MC standard error: 0.00947 to 0.0523
eff. sample size: 366 to 11200
needed thinning: 2 to 44
Diagnostics time 0.32 secs 

Total number of iterations 10543 - required further 341 

Chain # 9 - chunk 23 (chain 1 of 1 for this core): increasing by 342 

Iterations: 342 
|-------------|-------------|-------------|-------------|
|-------------------------------------------------------|

Current time: 2024-11-21 00:44:35
MCMC time 1 hours 

USED COMPONENTS: 60 OF 74 

rel. MC standard error: 0.00908 to 0.0515
eff. sample size: 378 to 12100
needed thinning: 2 to 44
Diagnostics time 0.19 secs 

Total number of iterations 10885 - required further 341 

Chain # 9 - chunk 24 (chain 1 of 1 for this core): increasing by 342 

Iterations: 342 
|-------------|-------------|-------------|-------------|
|-------------------------------------------------------|

Current time: 2024-11-21 00:46:02
MCMC time 1 hours 

USED COMPONENTS: 59 OF 74 

rel. MC standard error: 0.00937 to 0.0503
eff. sample size: 395 to 11400
needed thinning: 2 to 43
Diagnostics time 0.19 secs 

Total number of iterations 11227 - required further 334 

Chain # 9 - chunk 25 (chain 1 of 1 for this core): increasing by 335 

Iterations: 335 
|-------------|-------------|-------------|-------------|
|-------------------------------------------------------|

Current time: 2024-11-21 00:47:27
MCMC time 1.1 hours 

USED COMPONENTS: 59 OF 74 

rel. MC standard error: 0.00908 to 0.0501
eff. sample size: 398 to 12100
needed thinning: 2 to 44
Diagnostics time 0.18 secs 

Total number of iterations 11562 - required further 341 

Chain # 9 - chunk 26 (chain 1 of 1 for this core): increasing by 342 

Iterations: 342 
|-------------|-------------|-------------|-------------|
|-------------------------------------------------------|

Current time: 2024-11-21 00:48:53
MCMC time 1.1 hours 

USED COMPONENTS: 59 OF 74 

rel. MC standard error: 0.0089 to 0.0502
eff. sample size: 397 to 12600
needed thinning: 2 to 45
Diagnostics time 0.23 secs 

Total number of iterations 11904 - required further 349 

Chain # 9 - chunk 27 (chain 1 of 1 for this core): increasing by 350 

Iterations: 350 
|-------------|-------------|-------------|-------------|
|-------------------------------------------------------|

Current time: 2024-11-21 00:50:22
MCMC time 1.1 hours 

USED COMPONENTS: 59 OF 74 

rel. MC standard error: 0.00892 to 0.05
eff. sample size: 399 to 12600
needed thinning: 2 to 47
Diagnostics time 0.22 secs 

Total number of iterations 12254 - required further 365 

Chain # 9 - chunk 28 (chain 1 of 1 for this core): increasing by 366 

Iterations: 366 
|-------------|-------------|-------------|-------------|
|-------------------------------------------------------|

Current time: 2024-11-21 00:51:54
MCMC time 1.1 hours 

USED COMPONENTS: 59 OF 74 

rel. MC standard error: 0.00869 to 0.049
eff. sample size: 416 to 13200
needed thinning: 2 to 46
Diagnostics time 0.24 secs 

Total number of iterations 12620 - required further 0 

Keeping last 60 samples with thinning 46 

Plotting traces and samples.

Current time: 2024-11-21 00:51:55
MCMC + diagnostics time 1.1 hours 

Current time: 2024-11-21 00:51:55
Total time 1.1 hours 
loaded inferno and set parent environment
loaded inferno and set parent environment
loaded inferno and set parent environment
loaded inferno and set parent environment
Error in gzfile(file, "rb") : cannot open the connection
Calls: <Anonymous> -> cleanup -> loadNamespace -> readRDS -> gzfile
In addition: Warning message:
In gzfile(file, "rb") :
  cannot open compressed file '/usr/lib/R/library/tools/Meta/nsInfo.rds', probable reason 'Transport endpoint is not connected'
