Log core 12 - Current time: 2024-11-20 23:30:54
Defining model
Building model
Setting data and initial values
Running calculate on model
  [Note] Any error reports that follow may simply reflect missing values in model variables.
Checking model sizes and dimensions
Compiling
  [Note] This may take a minute.
  [Note] Use 'showCompilerOutput = TRUE' to see C++ compilation details.
===== Monitors =====
thin = 1: Bprob, Rmean, Rvar, W
thin2 = 1: K
===== Samplers =====
conjugate sampler (519)
  - Rmean[]  (148 elements)
  - Rrate[]  (148 elements)
  - Bprob[]  (74 elements)
  - Rvar[]  (148 elements)
  - W[1:74] 
categorical sampler (3301)
  - Alpha
  - K[]  (3300 elements)
===== Monitors =====
thin = 1: Bprob, Rmean, Rvar, W
thin2 = 1: K
===== Samplers =====
slice sampler (3301)
  - Alpha
  - K[]  (3300 elements)
conjugate sampler (519)
  - Rmean[]  (148 elements)
  - Rrate[]  (148 elements)
  - Bprob[]  (74 elements)
  - Rvar[]  (148 elements)
  - W[1:74] 
Compiling
  [Note] This may take a minute.
  [Note] Use 'showCompilerOutput = TRUE' to see C++ compilation details.

Setup time 8 mins 

Chain # 12 (chain 1 of 1 for this core)

Datapoints for testing convergence:
 #43 #49 #383 #837 #1197 #1933 #1947 #2081 #2165 #2264 #2283 #2436 #2513 #2527 #2739 #2806 #2842 #2976 #3216 #3275 

Iterations: 3600 
|-------------|-------------|-------------|-------------|
|-------------------------------------------------------|

Current time: 2024-11-20 23:54:35
MCMC time 16 mins 

USED COMPONENTS: 62 OF 74 

rel. MC standard error: 0.0146 to 0.0522
eff. sample size: 366 to 4680
needed thinning: 2 to 15
Diagnostics time 2.4 secs 

Total number of iterations 3600 - required further 117 

Chain # 12 - chunk 2 (chain 1 of 1 for this core): increasing by 118 

Iterations: 118 
|-------------|-------------|-------------|-------------|
|-------------------------------------------------------|

Current time: 2024-11-20 23:55:09
MCMC time 16 mins 

USED COMPONENTS: 59 OF 74 

rel. MC standard error: 0.0143 to 0.0514
eff. sample size: 379 to 4900
needed thinning: 2 to 15
Diagnostics time 0.082 secs 

Total number of iterations 3718 - required further 117 

Chain # 12 - chunk 3 (chain 1 of 1 for this core): increasing by 118 

Iterations: 118 
|-------------|-------------|-------------|-------------|
|-------------------------------------------------------|

Current time: 2024-11-20 23:55:39
MCMC time 17 mins 

USED COMPONENTS: 60 OF 74 

rel. MC standard error: 0.0134 to 0.0514
eff. sample size: 379 to 5570
needed thinning: 2 to 16
Diagnostics time 0.092 secs 

Total number of iterations 3836 - required further 124 

Chain # 12 - chunk 4 (chain 1 of 1 for this core): increasing by 125 

Iterations: 125 
|-------------|-------------|-------------|-------------|
|-------------------------------------------------------|

Current time: 2024-11-20 23:56:12
MCMC time 17 mins 

USED COMPONENTS: 59 OF 74 

rel. MC standard error: 0.0147 to 0.0496
eff. sample size: 406 to 4620
needed thinning: 2 to 15
Diagnostics time 0.094 secs 

Total number of iterations 3961 - required further 0 

Keeping last 60 samples with thinning 15 

Plotting traces and samples.

Current time: 2024-11-20 23:56:12
MCMC + diagnostics time 17 mins 

Current time: 2024-11-20 23:56:12
Total time 17 mins 
loaded inferno and set parent environment
loaded inferno and set parent environment
loaded inferno and set parent environment
loaded inferno and set parent environment
Error in gzfile(file, "rb") : cannot open the connection
Calls: <Anonymous> -> cleanup -> loadNamespace -> readRDS -> gzfile
In addition: Warning message:
In gzfile(file, "rb") :
  cannot open compressed file '/usr/lib/R/library/tools/Meta/nsInfo.rds', probable reason 'Transport endpoint is not connected'
