Log core 7 - Current time: 2024-11-20 23:30:54
Defining model
Building model
Setting data and initial values
Running calculate on model
  [Note] Any error reports that follow may simply reflect missing values in model variables.
Checking model sizes and dimensions
Compiling
  [Note] This may take a minute.
  [Note] Use 'showCompilerOutput = TRUE' to see C++ compilation details.
===== Monitors =====
thin = 1: Bprob, Rmean, Rvar, W
thin2 = 1: K
===== Samplers =====
conjugate sampler (519)
  - Rmean[]  (148 elements)
  - Rrate[]  (148 elements)
  - Bprob[]  (74 elements)
  - Rvar[]  (148 elements)
  - W[1:74] 
categorical sampler (3301)
  - Alpha
  - K[]  (3300 elements)
===== Monitors =====
thin = 1: Bprob, Rmean, Rvar, W
thin2 = 1: K
===== Samplers =====
slice sampler (3301)
  - Alpha
  - K[]  (3300 elements)
conjugate sampler (519)
  - Rmean[]  (148 elements)
  - Rrate[]  (148 elements)
  - Bprob[]  (74 elements)
  - Rvar[]  (148 elements)
  - W[1:74] 
Compiling
  [Note] This may take a minute.
  [Note] Use 'showCompilerOutput = TRUE' to see C++ compilation details.

Setup time 13 mins 

Chain # 7 (chain 1 of 1 for this core)

Datapoints for testing convergence:
 #648 #714 #819 #1214 #1349 #1391 #1407 #1460 #1867 #2191 #2196 #2248 #2444 #2475 #2523 #2760 #2779 #3150 #3184 #3265 

Iterations: 3600 
|-------------|-------------|-------------|-------------|
|-------------------------------------------------------|

Current time: 2024-11-21 00:06:49
MCMC time 23 mins 

USED COMPONENTS: 62 OF 74 

rel. MC standard error: 0.0153 to 0.0576
eff. sample size: 302 to 4300
needed thinning: 2 to 18
Diagnostics time 2.8 secs 

Total number of iterations 3600 - required further 140 

Chain # 7 - chunk 2 (chain 1 of 1 for this core): increasing by 141 

Iterations: 141 
|-------------|-------------|-------------|-------------|
|-------------------------------------------------------|

Current time: 2024-11-21 00:07:29
MCMC time 23 mins 

USED COMPONENTS: 62 OF 74 

rel. MC standard error: 0.0128 to 0.0559
eff. sample size: 320 to 6060
needed thinning: 1 to 18
Diagnostics time 0.11 secs 

Total number of iterations 3741 - required further 140 

Chain # 7 - chunk 3 (chain 1 of 1 for this core): increasing by 141 

Iterations: 141 
|-------------|-------------|-------------|-------------|
|-------------------------------------------------------|

Current time: 2024-11-21 00:08:04
MCMC time 24 mins 

USED COMPONENTS: 62 OF 74 

rel. MC standard error: 0.0146 to 0.0538
eff. sample size: 346 to 4720
needed thinning: 2 to 17
Diagnostics time 0.27 secs 

Total number of iterations 3882 - required further 132 

Chain # 7 - chunk 4 (chain 1 of 1 for this core): increasing by 133 

Iterations: 133 
|-------------|-------------|-------------|-------------|
|-------------------------------------------------------|

Current time: 2024-11-21 00:08:38
MCMC time 25 mins 

USED COMPONENTS: 63 OF 74 

rel. MC standard error: 0.0144 to 0.0538
eff. sample size: 346 to 4830
needed thinning: 2 to 18
Diagnostics time 0.11 secs 

Total number of iterations 4015 - required further 140 

Chain # 7 - chunk 5 (chain 1 of 1 for this core): increasing by 141 

Iterations: 141 
|-------------|-------------|-------------|-------------|
|-------------------------------------------------------|

Current time: 2024-11-21 00:09:20
MCMC time 25 mins 

USED COMPONENTS: 62 OF 74 

rel. MC standard error: 0.0144 to 0.0544
eff. sample size: 338 to 4800
needed thinning: 2 to 19
Diagnostics time 0.18 secs 

Total number of iterations 4156 - required further 148 

Chain # 7 - chunk 6 (chain 1 of 1 for this core): increasing by 149 

Iterations: 149 
|-------------|-------------|-------------|-------------|
|-------------------------------------------------------|

Current time: 2024-11-21 00:10:26
MCMC time 26 mins 

USED COMPONENTS: 62 OF 74 

rel. MC standard error: 0.0138 to 0.0531
eff. sample size: 355 to 5280
needed thinning: 2 to 19
Diagnostics time 0.3 secs 

Total number of iterations 4305 - required further 148 

Chain # 7 - chunk 7 (chain 1 of 1 for this core): increasing by 149 

Iterations: 149 
|-------------|-------------|-------------|-------------|
|-------------------------------------------------------|

Current time: 2024-11-21 00:11:27
MCMC time 27 mins 

USED COMPONENTS: 62 OF 74 

rel. MC standard error: 0.0137 to 0.053
eff. sample size: 356 to 5350
needed thinning: 2 to 19
Diagnostics time 0.21 secs 

Total number of iterations 4454 - required further 148 

Chain # 7 - chunk 8 (chain 1 of 1 for this core): increasing by 149 

Iterations: 149 
|-------------|-------------|-------------|-------------|
|-------------------------------------------------------|

Current time: 2024-11-21 00:12:29
MCMC time 28 mins 

USED COMPONENTS: 62 OF 74 

rel. MC standard error: 0.0129 to 0.0522
eff. sample size: 368 to 5960
needed thinning: 2 to 19
Diagnostics time 0.21 secs 

Total number of iterations 4603 - required further 148 

Chain # 7 - chunk 9 (chain 1 of 1 for this core): increasing by 149 

Iterations: 149 
|-------------|-------------|-------------|-------------|
|-------------------------------------------------------|

Current time: 2024-11-21 00:13:30
MCMC time 29 mins 

USED COMPONENTS: 62 OF 74 

rel. MC standard error: 0.0132 to 0.0509
eff. sample size: 385 to 5710
needed thinning: 2 to 19
Diagnostics time 0.39 secs 

Total number of iterations 4752 - required further 148 

Chain # 7 - chunk 10 (chain 1 of 1 for this core): increasing by 149 

Iterations: 149 
|-------------|-------------|-------------|-------------|
|-------------------------------------------------------|

Current time: 2024-11-21 00:14:27
MCMC time 30 mins 

USED COMPONENTS: 63 OF 74 

rel. MC standard error: 0.014 to 0.0523
eff. sample size: 366 to 5140
needed thinning: 2 to 21
Diagnostics time 0.21 secs 

Total number of iterations 4901 - required further 163 

Chain # 7 - chunk 11 (chain 1 of 1 for this core): increasing by 164 

Iterations: 164 
|-------------|-------------|-------------|-------------|
|-------------------------------------------------------|

Current time: 2024-11-21 00:15:18
MCMC time 31 mins 

USED COMPONENTS: 63 OF 74 

rel. MC standard error: 0.0136 to 0.0524
eff. sample size: 365 to 5440
needed thinning: 2 to 21
Diagnostics time 0.18 secs 

Total number of iterations 5065 - required further 163 

Chain # 7 - chunk 12 (chain 1 of 1 for this core): increasing by 164 

Iterations: 164 
|-------------|-------------|-------------|-------------|
|-------------------------------------------------------|

Current time: 2024-11-21 00:16:03
MCMC time 32 mins 

USED COMPONENTS: 64 OF 74 

rel. MC standard error: 0.0135 to 0.0507
eff. sample size: 388 to 5530
needed thinning: 2 to 21
Diagnostics time 0.13 secs 

Total number of iterations 5229 - required further 163 

Chain # 7 - chunk 13 (chain 1 of 1 for this core): increasing by 164 

Iterations: 164 
|-------------|-------------|-------------|-------------|
|-------------------------------------------------------|

Current time: 2024-11-21 00:16:45
MCMC time 33 mins 

USED COMPONENTS: 63 OF 74 

rel. MC standard error: 0.0124 to 0.0506
eff. sample size: 390 to 6530
needed thinning: 2 to 21
Diagnostics time 0.15 secs 

Total number of iterations 5393 - required further 163 

Chain # 7 - chunk 14 (chain 1 of 1 for this core): increasing by 164 

Iterations: 164 
|-------------|-------------|-------------|-------------|
|-------------------------------------------------------|

Current time: 2024-11-21 00:17:27
MCMC time 33 mins 

USED COMPONENTS: 64 OF 74 

rel. MC standard error: 0.0131 to 0.0529
eff. sample size: 357 to 5830
needed thinning: 2 to 24
Diagnostics time 0.14 secs 

Total number of iterations 5557 - required further 186 

Chain # 7 - chunk 15 (chain 1 of 1 for this core): increasing by 187 

Iterations: 187 
|-------------|-------------|-------------|-------------|
|-------------------------------------------------------|

Current time: 2024-11-21 00:18:14
MCMC time 34 mins 

USED COMPONENTS: 63 OF 74 

rel. MC standard error: 0.0101 to 0.0585
eff. sample size: 293 to 9750
needed thinning: 1 to 30
Diagnostics time 0.14 secs 

Total number of iterations 5744 - required further 233 

Chain # 7 - chunk 16 (chain 1 of 1 for this core): increasing by 234 

Iterations: 234 
|-------------|-------------|-------------|-------------|
|-------------------------------------------------------|

Current time: 2024-11-21 00:19:13
MCMC time 35 mins 

USED COMPONENTS: 63 OF 74 

rel. MC standard error: 0.0125 to 0.0639
eff. sample size: 245 to 6420
needed thinning: 2 to 37
Diagnostics time 0.19 secs 

Total number of iterations 5978 - required further 317 

Chain # 7 - chunk 17 (chain 1 of 1 for this core): increasing by 318 

Iterations: 318 
|-------------|-------------|-------------|-------------|
|-------------------------------------------------------|

Current time: 2024-11-21 00:20:33
MCMC time 36 mins 

USED COMPONENTS: 63 OF 74 

rel. MC standard error: 0.0123 to 0.0697
eff. sample size: 206 to 6660
needed thinning: 2 to 46
Diagnostics time 0.23 secs 

Total number of iterations 6296 - required further 530 

Chain # 7 - chunk 18 (chain 1 of 1 for this core): increasing by 531 

Iterations: 531 
|-------------|-------------|-------------|-------------|
|-------------------------------------------------------|

Current time: 2024-11-21 00:23:04
MCMC time 39 mins 

USED COMPONENTS: 63 OF 74 

rel. MC standard error: 0.0124 to 0.0732
eff. sample size: 187 to 6540
needed thinning: 2 to 55
Diagnostics time 0.37 secs 

Total number of iterations 6827 - required further 530 

Chain # 7 - chunk 19 (chain 1 of 1 for this core): increasing by 531 

Iterations: 531 
|-------------|-------------|-------------|-------------|
|-------------------------------------------------------|

Current time: 2024-11-21 00:25:49
MCMC time 42 mins 

USED COMPONENTS: 63 OF 74 

rel. MC standard error: 0.0118 to 0.0719
eff. sample size: 194 to 7200
needed thinning: 2 to 57
Diagnostics time 0.34 secs 

Total number of iterations 7358 - required further 442 

Chain # 7 - chunk 20 (chain 1 of 1 for this core): increasing by 443 

Iterations: 443 
|-------------|-------------|-------------|-------------|
|-------------------------------------------------------|

Current time: 2024-11-21 00:27:40
MCMC time 44 mins 

USED COMPONENTS: 63 OF 74 

rel. MC standard error: 0.0113 to 0.071
eff. sample size: 198 to 7900
needed thinning: 2 to 59
Diagnostics time 0.43 secs 

Total number of iterations 7801 - required further 458 

Chain # 7 - chunk 21 (chain 1 of 1 for this core): increasing by 459 

Iterations: 459 
|-------------|-------------|-------------|-------------|
|-------------------------------------------------------|

Current time: 2024-11-21 00:29:36
MCMC time 46 mins 

USED COMPONENTS: 63 OF 74 

rel. MC standard error: 0.0102 to 0.0716
eff. sample size: 195 to 9630
needed thinning: 2 to 64
Diagnostics time 0.36 secs 

Total number of iterations 8260 - required further 496 

Chain # 7 - chunk 22 (chain 1 of 1 for this core): increasing by 497 

Iterations: 497 
|-------------|-------------|-------------|-------------|
|-------------------------------------------------------|

Current time: 2024-11-21 00:31:40
MCMC time 48 mins 

USED COMPONENTS: 63 OF 74 

rel. MC standard error: 0.0113 to 0.0698
eff. sample size: 206 to 7840
needed thinning: 2 to 64
Diagnostics time 0.31 secs 

Total number of iterations 8757 - required further 496 

Chain # 7 - chunk 23 (chain 1 of 1 for this core): increasing by 497 

Iterations: 497 
|-------------|-------------|-------------|-------------|
|-------------------------------------------------------|

Current time: 2024-11-21 00:33:45
MCMC time 50 mins 

USED COMPONENTS: 63 OF 74 

rel. MC standard error: 0.0105 to 0.0691
eff. sample size: 210 to 9110
needed thinning: 2 to 67
Diagnostics time 0.32 secs 

Total number of iterations 9254 - required further 519 

Chain # 7 - chunk 24 (chain 1 of 1 for this core): increasing by 520 

Iterations: 520 
|-------------|-------------|-------------|-------------|
|-------------------------------------------------------|

Current time: 2024-11-21 00:35:59
MCMC time 52 mins 

USED COMPONENTS: 63 OF 74 

rel. MC standard error: 0.01 to 0.0679
eff. sample size: 217 to 9990
needed thinning: 2 to 68
Diagnostics time 0.32 secs 

Total number of iterations 9774 - required further 527 

Chain # 7 - chunk 25 (chain 1 of 1 for this core): increasing by 528 

Iterations: 528 
|-------------|-------------|-------------|-------------|
|-------------------------------------------------------|

Current time: 2024-11-21 00:38:12
MCMC time 54 mins 

USED COMPONENTS: 63 OF 74 

rel. MC standard error: 0.0102 to 0.0668
eff. sample size: 224 to 9700
needed thinning: 2 to 70
Diagnostics time 0.3 secs 

Total number of iterations 10302 - required further 543 

Chain # 7 - chunk 26 (chain 1 of 1 for this core): increasing by 544 

Iterations: 544 
|-------------|-------------|-------------|-------------|
|-------------------------------------------------------|

Current time: 2024-11-21 00:40:27
MCMC time 56 mins 

USED COMPONENTS: 63 OF 74 

rel. MC standard error: 0.00949 to 0.0666
eff. sample size: 226 to 11100
needed thinning: 2 to 73
Diagnostics time 0.35 secs 

Total number of iterations 10846 - required further 566 

Chain # 7 - chunk 27 (chain 1 of 1 for this core): increasing by 567 

Iterations: 567 
|-------------|-------------|-------------|-------------|
|-------------------------------------------------------|

Current time: 2024-11-21 00:42:48
MCMC time 59 mins 

USED COMPONENTS: 64 OF 74 

rel. MC standard error: 0.00985 to 0.0666
eff. sample size: 225 to 10300
needed thinning: 2 to 76
Diagnostics time 0.28 secs 

Total number of iterations 11413 - required further 589 

Chain # 7 - chunk 28 (chain 1 of 1 for this core): increasing by 590 

Iterations: 590 
|-------------|-------------|-------------|-------------|
|-------------------------------------------------------|

Current time: 2024-11-21 00:45:17
MCMC time 1 hours 

USED COMPONENTS: 63 OF 74 

rel. MC standard error: 0.00944 to 0.0662
eff. sample size: 228 to 11200
needed thinning: 2 to 79
Diagnostics time 0.34 secs 

Total number of iterations 12003 - required further 612 

Chain # 7 - chunk 29 (chain 1 of 1 for this core): increasing by 613 

Iterations: 613 
|-------------|-------------|-------------|-------------|
|-------------------------------------------------------|

Current time: 2024-11-21 00:47:52
MCMC time 1.1 hours 

USED COMPONENTS: 64 OF 74 

rel. MC standard error: 0.00906 to 0.0647
eff. sample size: 239 to 12200
needed thinning: 2 to 80
Diagnostics time 0.35 secs 

Total number of iterations 12616 - required further 620 

Chain # 7 - chunk 30 (chain 1 of 1 for this core): increasing by 621 

Iterations: 621 
|-------------|-------------|-------------|-------------|
|-------------------------------------------------------|

Current time: 2024-11-21 00:50:28
MCMC time 1.1 hours 

USED COMPONENTS: 63 OF 74 

rel. MC standard error: 0.0089 to 0.0638
eff. sample size: 246 to 12600
needed thinning: 2 to 81
Diagnostics time 1 secs 

Total number of iterations 13237 - required further 628 

Chain # 7 - chunk 31 (chain 1 of 1 for this core): increasing by 629 

Iterations: 629 
|-------------|-------------|-------------|-------------|
|-------------------------------------------------------|

Current time: 2024-11-21 00:53:08
MCMC time 1.2 hours 

USED COMPONENTS: 63 OF 74 

rel. MC standard error: 0.00851 to 0.0632
eff. sample size: 250 to 13800
needed thinning: 2 to 84
Diagnostics time 0.37 secs 

Total number of iterations 13866 - required further 651 

Chain # 7 - chunk 32 (chain 1 of 1 for this core): increasing by 652 

Iterations: 652 
|-------------|-------------|-------------|-------------|
|-------------------------------------------------------|

Current time: 2024-11-21 00:55:55
MCMC time 1.2 hours 

USED COMPONENTS: 63 OF 74 

rel. MC standard error: 0.00834 to 0.0623
eff. sample size: 257 to 14400
needed thinning: 2 to 85
Diagnostics time 0.36 secs 

Total number of iterations 14518 - required further 659 

Chain # 7 - chunk 33 (chain 1 of 1 for this core): increasing by 660 

Iterations: 660 
|-------------|-------------|-------------|-------------|
|-------------------------------------------------------|

Current time: 2024-11-21 00:58:42
MCMC time 1.2 hours 

USED COMPONENTS: 63 OF 74 

rel. MC standard error: 0.00791 to 0.0607
eff. sample size: 272 to 16000
needed thinning: 2 to 84
Diagnostics time 0.46 secs 

Total number of iterations 15178 - required further 651 

Chain # 7 - chunk 34 (chain 1 of 1 for this core): increasing by 652 

Iterations: 652 
|-------------|-------------|-------------|-------------|
|-------------------------------------------------------|

Current time: 2024-11-21 01:01:27
MCMC time 1.3 hours 

USED COMPONENTS: 63 OF 74 

rel. MC standard error: 0.00781 to 0.0604
eff. sample size: 274 to 16400
needed thinning: 2 to 87
Diagnostics time 0.35 secs 

Total number of iterations 15830 - required further 674 

Chain # 7 - chunk 35 (chain 1 of 1 for this core): increasing by 675 

Iterations: 675 
|-------------|-------------|-------------|-------------|
|-------------------------------------------------------|

Current time: 2024-11-21 01:04:16
MCMC time 1.3 hours 

USED COMPONENTS: 63 OF 74 

rel. MC standard error: 0.0082 to 0.0597
eff. sample size: 280 to 14900
needed thinning: 2 to 89
Diagnostics time 0.46 secs 

Total number of iterations 16505 - required further 690 

Chain # 7 - chunk 36 (chain 1 of 1 for this core): increasing by 691 

Iterations: 691 
|-------------|-------------|-------------|-------------|
|-------------------------------------------------------|

Current time: 2024-11-21 01:07:11
MCMC time 1.4 hours 

USED COMPONENTS: 63 OF 74 

rel. MC standard error: 0.00777 to 0.0591
eff. sample size: 286 to 16600
needed thinning: 2 to 91
Diagnostics time 0.38 secs 

Total number of iterations 17196 - required further 705 

Chain # 7 - chunk 37 (chain 1 of 1 for this core): increasing by 706 

Iterations: 706 
|-------------|-------------|-------------|-------------|
|-------------------------------------------------------|

Current time: 2024-11-21 01:10:11
MCMC time 1.4 hours 

USED COMPONENTS: 63 OF 74 

rel. MC standard error: 0.00752 to 0.0582
eff. sample size: 295 to 17700
needed thinning: 2 to 92
Diagnostics time 0.38 secs 

Total number of iterations 17902 - required further 713 

Chain # 7 - chunk 38 (chain 1 of 1 for this core): increasing by 714 

Iterations: 714 
|-------------|-------------|-------------|-------------|
|-------------------------------------------------------|

Current time: 2024-11-21 01:13:12
MCMC time 1.5 hours 

USED COMPONENTS: 63 OF 74 

rel. MC standard error: 0.00727 to 0.0577
eff. sample size: 301 to 18900
needed thinning: 2 to 93
Diagnostics time 1.1 secs 

Total number of iterations 18616 - required further 721 

Chain # 7 - chunk 39 (chain 1 of 1 for this core): increasing by 722 

Iterations: 722 
|-------------|-------------|-------------|-------------|
|-------------------------------------------------------|

Current time: 2024-11-21 01:16:16
MCMC time 1.5 hours 

USED COMPONENTS: 63 OF 74 

rel. MC standard error: 0.0073 to 0.0576
eff. sample size: 301 to 18800
needed thinning: 2 to 97
Diagnostics time 0.4 secs 

Total number of iterations 19338 - required further 752 

Chain # 7 - chunk 40 (chain 1 of 1 for this core): increasing by 753 

Iterations: 753 
|-------------|-------------|-------------|-------------|
|-------------------------------------------------------|

Current time: 2024-11-21 01:19:27
MCMC time 1.6 hours 

USED COMPONENTS: 63 OF 74 

rel. MC standard error: 0.00703 to 0.0568
eff. sample size: 310 to 20200
needed thinning: 2 to 98
Diagnostics time 0.4 secs 

Total number of iterations 20091 - required further 760 

Chain # 7 - chunk 41 (chain 1 of 1 for this core): increasing by 761 

Iterations: 761 
|-------------|-------------|-------------|-------------|
|-------------------------------------------------------|

Current time: 2024-11-21 01:22:40
MCMC time 1.6 hours 

USED COMPONENTS: 63 OF 74 

rel. MC standard error: 0.00675 to 0.057
eff. sample size: 308 to 21900
needed thinning: 2 to 102
Diagnostics time 1.2 secs 

Total number of iterations 20852 - required further 791 

Chain # 7 - chunk 42 (chain 1 of 1 for this core): increasing by 792 

Iterations: 792 
|-------------|-------------|-------------|-------------|
|-------------------------------------------------------|

Current time: 2024-11-21 01:26:03
MCMC time 1.7 hours 

USED COMPONENTS: 63 OF 74 

rel. MC standard error: 0.00661 to 0.0593
eff. sample size: 284 to 22900
needed thinning: 2 to 115
Diagnostics time 0.42 secs 

Total number of iterations 21644 - required further 891 

Chain # 7 - chunk 43 (chain 1 of 1 for this core): increasing by 892 

Iterations: 892 
|-------------|-------------|-------------|-------------|
|-------------------------------------------------------|

Current time: 2024-11-21 01:29:46
MCMC time 1.8 hours 

USED COMPONENTS: 63 OF 74 

rel. MC standard error: 0.00612 to 0.0599
eff. sample size: 278 to 26700
needed thinning: 2 to 122
Diagnostics time 0.48 secs 

Total number of iterations 22536 - required further 946 

Chain # 7 - chunk 44 (chain 1 of 1 for this core): increasing by 947 

Iterations: 947 
|-------------|-------------|-------------|-------------|
|-------------------------------------------------------|

Current time: 2024-11-21 01:33:43
MCMC time 1.8 hours 

USED COMPONENTS: 64 OF 74 

rel. MC standard error: 0.00685 to 0.0598
eff. sample size: 280 to 21300
needed thinning: 2 to 126
Diagnostics time 0.49 secs 

Total number of iterations 23483 - required further 976 

Chain # 7 - chunk 45 (chain 1 of 1 for this core): increasing by 977 

Iterations: 977 
|-------------|-------------|-------------|-------------|
|-------------------------------------------------------|

Current time: 2024-11-21 01:37:48
MCMC time 1.9 hours 

USED COMPONENTS: 63 OF 74 

rel. MC standard error: 0.0061 to 0.0601
eff. sample size: 277 to 26900
needed thinning: 2 to 133
Diagnostics time 1.2 secs 

Total number of iterations 24460 - required further 1031 

Chain # 7 - chunk 46 (chain 1 of 1 for this core): increasing by 1032 

Iterations: 1032 
|-------------|-------------|-------------|-------------|
|-------------------------------------------------------|

Current time: 2024-11-21 01:42:06
MCMC time 2 hours 

USED COMPONENTS: 63 OF 74 

rel. MC standard error: 0.00593 to 0.0598
eff. sample size: 280 to 28400
needed thinning: 2 to 137
Diagnostics time 0.48 secs 

Total number of iterations 25492 - required further 1062 

Chain # 7 - chunk 47 (chain 1 of 1 for this core): increasing by 1063 

Iterations: 1063 
|-------------|-------------|-------------|-------------|
|-------------------------------------------------------|

Current time: 2024-11-21 01:46:32
MCMC time 2 hours 

USED COMPONENTS: 64 OF 74 

rel. MC standard error: 0.00596 to 0.0589
eff. sample size: 289 to 28100
needed thinning: 2 to 139
Diagnostics time 0.55 secs 

Total number of iterations 26555 - required further 1077 

Chain # 7 - chunk 48 (chain 1 of 1 for this core): increasing by 1078 

Iterations: 1078 
|-------------|-------------|-------------|-------------|
|-------------------------------------------------------|

Current time: 2024-11-21 01:51:03
MCMC time 2.1 hours 

USED COMPONENTS: 63 OF 74 

rel. MC standard error: 0.00596 to 0.0583
eff. sample size: 295 to 28100
needed thinning: 2 to 141
Diagnostics time 0.61 secs 

Total number of iterations 27633 - required further 1093 

Chain # 7 - chunk 49 (chain 1 of 1 for this core): increasing by 1094 

Iterations: 1094 
|-------------|-------------|-------------|-------------|
|-------------------------------------------------------|

Current time: 2024-11-21 01:55:36
MCMC time 2.2 hours 

USED COMPONENTS: 63 OF 74 

rel. MC standard error: 0.00595 to 0.0575
eff. sample size: 303 to 28300
needed thinning: 2 to 143
Diagnostics time 1.2 secs 

Total number of iterations 28727 - required further 1108 

Chain # 7 - chunk 50 (chain 1 of 1 for this core): increasing by 1109 

Iterations: 1109 
|-------------|-------------|-------------|-------------|
|-------------------------------------------------------|

Current time: 2024-11-21 02:00:10
MCMC time 2.3 hours 

USED COMPONENTS: 63 OF 74 

rel. MC standard error: 0.00538 to 0.0572
eff. sample size: 306 to 34600
needed thinning: 2 to 147
Diagnostics time 0.54 secs 

Total number of iterations 29836 - required further 1139 

Chain # 7 - chunk 51 (chain 1 of 1 for this core): increasing by 1140 

Iterations: 1140 
|-------------|-------------|-------------|-------------|
|-------------------------------------------------------|

Current time: 2024-11-21 02:04:51
MCMC time 2.3 hours 

USED COMPONENTS: 63 OF 74 

rel. MC standard error: 0.00549 to 0.0568
eff. sample size: 310 to 33200
needed thinning: 2 to 150
Diagnostics time 1.2 secs 

Total number of iterations 30976 - required further 1162 

Chain # 7 - chunk 52 (chain 1 of 1 for this core): increasing by 1163 

Iterations: 1163 
|-------------|-------------|-------------|-------------|
|-------------------------------------------------------|

Current time: 2024-11-21 02:09:38
MCMC time 2.4 hours 

USED COMPONENTS: 64 OF 74 

rel. MC standard error: 0.00504 to 0.0563
eff. sample size: 316 to 39300
needed thinning: 2 to 153
Diagnostics time 0.56 secs 

Total number of iterations 32139 - required further 1186 

Chain # 7 - chunk 53 (chain 1 of 1 for this core): increasing by 1187 

Iterations: 1187 
|-------------|-------------|-------------|-------------|
|-------------------------------------------------------|

Current time: 2024-11-21 02:14:31
MCMC time 2.5 hours 

USED COMPONENTS: 64 OF 74 

rel. MC standard error: 0.00576 to 0.0556
eff. sample size: 324 to 30200
needed thinning: 2 to 155
Diagnostics time 0.57 secs 

Total number of iterations 33326 - required further 1201 

Chain # 7 - chunk 54 (chain 1 of 1 for this core): increasing by 1202 

Iterations: 1202 
|-------------|-------------|-------------|-------------|
|-------------------------------------------------------|

Current time: 2024-11-21 02:19:27
MCMC time 2.6 hours 

USED COMPONENTS: 63 OF 74 

rel. MC standard error: 0.00559 to 0.0549
eff. sample size: 331 to 32000
needed thinning: 2 to 157
Diagnostics time 0.67 secs 

Total number of iterations 34528 - required further 1217 

Chain # 7 - chunk 55 (chain 1 of 1 for this core): increasing by 1218 

Iterations: 1218 
|-------------|-------------|-------------|-------------|
|-------------------------------------------------------|

Current time: 2024-11-21 02:24:27
MCMC time 2.7 hours 

USED COMPONENTS: 63 OF 74 

rel. MC standard error: 0.0054 to 0.0541
eff. sample size: 342 to 34400
needed thinning: 2 to 157
Diagnostics time 0.57 secs 

Total number of iterations 35746 - required further 1217 

Chain # 7 - chunk 56 (chain 1 of 1 for this core): increasing by 1218 

Iterations: 1218 
|-------------|-------------|-------------|-------------|
|-------------------------------------------------------|

Current time: 2024-11-21 02:29:27
MCMC time 2.8 hours 

USED COMPONENTS: 63 OF 74 

rel. MC standard error: 0.00528 to 0.0531
eff. sample size: 355 to 35800
needed thinning: 2 to 157
Diagnostics time 1.3 secs 

Total number of iterations 36964 - required further 1217 

Chain # 7 - chunk 57 (chain 1 of 1 for this core): increasing by 1218 

Iterations: 1218 
|-------------|-------------|-------------|-------------|
|-------------------------------------------------------|

Current time: 2024-11-21 02:34:29
MCMC time 2.8 hours 

USED COMPONENTS: 63 OF 74 

rel. MC standard error: 0.00543 to 0.0525
eff. sample size: 363 to 33900
needed thinning: 2 to 158
Diagnostics time 0.59 secs 

Total number of iterations 38182 - required further 1224 

Chain # 7 - chunk 58 (chain 1 of 1 for this core): increasing by 1225 

Iterations: 1225 
|-------------|-------------|-------------|-------------|
|-------------------------------------------------------|

Current time: 2024-11-21 02:39:30
MCMC time 2.9 hours 

USED COMPONENTS: 63 OF 74 

rel. MC standard error: 0.00513 to 0.052
eff. sample size: 369 to 37900
needed thinning: 2 to 161
Diagnostics time 0.56 secs 

Total number of iterations 39407 - required further 1248 

Chain # 7 - chunk 59 (chain 1 of 1 for this core): increasing by 1249 

Iterations: 1249 
|-------------|-------------|-------------|-------------|
|-------------------------------------------------------|

Current time: 2024-11-21 02:44:38
MCMC time 3 hours 

USED COMPONENTS: 63 OF 74 

rel. MC standard error: 0.00516 to 0.0514
eff. sample size: 378 to 37500
needed thinning: 2 to 162
Diagnostics time 0.61 secs 

Total number of iterations 40656 - required further 1255 

Chain # 7 - chunk 60 (chain 1 of 1 for this core): increasing by 1256 

Iterations: 1256 
|-------------|-------------|-------------|-------------|
|-------------------------------------------------------|

Current time: 2024-11-21 02:49:48
MCMC time 3.1 hours 

USED COMPONENTS: 63 OF 74 

rel. MC standard error: 0.00503 to 0.0512
eff. sample size: 381 to 39600
needed thinning: 2 to 165
Diagnostics time 0.71 secs 

Total number of iterations 41912 - required further 1279 

Chain # 7 - chunk 61 (chain 1 of 1 for this core): increasing by 1280 

Iterations: 1280 
|-------------|-------------|-------------|-------------|
|-------------------------------------------------------|

Current time: 2024-11-21 02:55:03
MCMC time 3.2 hours 

USED COMPONENTS: 63 OF 74 

rel. MC standard error: 0.00486 to 0.0507
eff. sample size: 389 to 42400
needed thinning: 2 to 167
Diagnostics time 0.65 secs 

Total number of iterations 43192 - required further 1294 

Chain # 7 - chunk 62 (chain 1 of 1 for this core): increasing by 1295 

Iterations: 1295 
|-------------|-------------|-------------|-------------|
|-------------------------------------------------------|

Current time: 2024-11-21 03:00:23
MCMC time 3.3 hours 

USED COMPONENTS: 63 OF 74 

rel. MC standard error: 0.00504 to 0.0502
eff. sample size: 397 to 39400
needed thinning: 2 to 168
Diagnostics time 1.3 secs 

Total number of iterations 44487 - required further 1302 

Chain # 7 - chunk 63 (chain 1 of 1 for this core): increasing by 1303 

Iterations: 1303 
|-------------|-------------|-------------|-------------|
|-------------------------------------------------------|

Current time: 2024-11-21 03:05:44
MCMC time 3.4 hours 

USED COMPONENTS: 63 OF 74 

rel. MC standard error: 0.00466 to 0.0495
eff. sample size: 407 to 46000
needed thinning: 2 to 169
Diagnostics time 0.64 secs 

Total number of iterations 45790 - required further 0 

Keeping last 60 samples with thinning 169 

Plotting traces and samples.

Current time: 2024-11-21 03:05:48
MCMC + diagnostics time 3.4 hours 

Current time: 2024-11-21 03:05:48
Total time 3.4 hours 
loaded inferno and set parent environment
loaded inferno and set parent environment
loaded inferno and set parent environment
loaded inferno and set parent environment
Error in gzfile(file, "rb") : cannot open the connection
Calls: <Anonymous> -> cleanup -> loadNamespace -> readRDS -> gzfile
In addition: Warning message:
In gzfile(file, "rb") :
  cannot open compressed file '/usr/lib/R/library/tools/Meta/nsInfo.rds', probable reason 'Transport endpoint is not connected'
