Log core 3 - Current time: 2024-11-20 23:30:54
Defining model
Building model
Setting data and initial values
Running calculate on model
  [Note] Any error reports that follow may simply reflect missing values in model variables.
Checking model sizes and dimensions
Compiling
  [Note] This may take a minute.
  [Note] Use 'showCompilerOutput = TRUE' to see C++ compilation details.
===== Monitors =====
thin = 1: Bprob, Rmean, Rvar, W
thin2 = 1: K
===== Samplers =====
conjugate sampler (519)
  - Rmean[]  (148 elements)
  - Rrate[]  (148 elements)
  - Bprob[]  (74 elements)
  - Rvar[]  (148 elements)
  - W[1:74] 
categorical sampler (3301)
  - Alpha
  - K[]  (3300 elements)
===== Monitors =====
thin = 1: Bprob, Rmean, Rvar, W
thin2 = 1: K
===== Samplers =====
slice sampler (3301)
  - Alpha
  - K[]  (3300 elements)
conjugate sampler (519)
  - Rmean[]  (148 elements)
  - Rrate[]  (148 elements)
  - Bprob[]  (74 elements)
  - Rvar[]  (148 elements)
  - W[1:74] 
Compiling
  [Note] This may take a minute.
  [Note] Use 'showCompilerOutput = TRUE' to see C++ compilation details.

Setup time 13 mins 

Chain # 3 (chain 1 of 1 for this core)

Datapoints for testing convergence:
 #143 #392 #440 #476 #477 #518 #889 #920 #1153 #1416 #1628 #1739 #2011 #2202 #2264 #2280 #2436 #2455 #2521 #3262 

Iterations: 3600 
|-------------|-------------|-------------|-------------|
|-------------------------------------------------------|

Current time: 2024-11-21 00:07:03
MCMC time 23 mins 

USED COMPONENTS: 59 OF 74 

rel. MC standard error: 0.0168 to 0.0797
eff. sample size: 157 to 3560
needed thinning: 2 to 35
Diagnostics time 2.4 secs 

Total number of iterations 3600 - required further 272 

Chain # 3 - chunk 2 (chain 1 of 1 for this core): increasing by 273 

Iterations: 273 
|-------------|-------------|-------------|-------------|
|-------------------------------------------------------|

Current time: 2024-11-21 00:08:16
MCMC time 24 mins 

USED COMPONENTS: 58 OF 74 

rel. MC standard error: 0.0147 to 0.075
eff. sample size: 178 to 4600
needed thinning: 2 to 33
Diagnostics time 0.21 secs 

Total number of iterations 3873 - required further 256 

Chain # 3 - chunk 3 (chain 1 of 1 for this core): increasing by 257 

Iterations: 257 
|-------------|-------------|-------------|-------------|
|-------------------------------------------------------|

Current time: 2024-11-21 00:09:23
MCMC time 25 mins 

USED COMPONENTS: 58 OF 74 

rel. MC standard error: 0.0147 to 0.0755
eff. sample size: 175 to 4650
needed thinning: 2 to 36
Diagnostics time 0.15 secs 

Total number of iterations 4130 - required further 279 

Chain # 3 - chunk 4 (chain 1 of 1 for this core): increasing by 280 

Iterations: 280 
|-------------|-------------|-------------|-------------|
|-------------------------------------------------------|

Current time: 2024-11-21 00:10:35
MCMC time 26 mins 

USED COMPONENTS: 58 OF 74 

rel. MC standard error: 0.0142 to 0.0712
eff. sample size: 197 to 4930
needed thinning: 2 to 34
Diagnostics time 0.21 secs 

Total number of iterations 4410 - required further 264 

Chain # 3 - chunk 5 (chain 1 of 1 for this core): increasing by 265 

Iterations: 265 
|-------------|-------------|-------------|-------------|
|-------------------------------------------------------|

Current time: 2024-11-21 00:11:44
MCMC time 28 mins 

USED COMPONENTS: 59 OF 74 

rel. MC standard error: 0.0142 to 0.0691
eff. sample size: 209 to 4960
needed thinning: 2 to 34
Diagnostics time 0.15 secs 

Total number of iterations 4675 - required further 264 

Chain # 3 - chunk 6 (chain 1 of 1 for this core): increasing by 265 

Iterations: 265 
|-------------|-------------|-------------|-------------|
|-------------------------------------------------------|

Current time: 2024-11-21 00:12:52
MCMC time 29 mins 

USED COMPONENTS: 60 OF 74 

rel. MC standard error: 0.0135 to 0.0688
eff. sample size: 212 to 5500
needed thinning: 2 to 36
Diagnostics time 0.15 secs 

Total number of iterations 4940 - required further 279 

Chain # 3 - chunk 7 (chain 1 of 1 for this core): increasing by 280 

Iterations: 280 
|-------------|-------------|-------------|-------------|
|-------------------------------------------------------|

Current time: 2024-11-21 00:14:04
MCMC time 30 mins 

USED COMPONENTS: 60 OF 74 

rel. MC standard error: 0.0135 to 0.0646
eff. sample size: 240 to 5490
needed thinning: 2 to 33
Diagnostics time 0.2 secs 

Total number of iterations 5220 - required further 256 

Chain # 3 - chunk 8 (chain 1 of 1 for this core): increasing by 257 

Iterations: 257 
|-------------|-------------|-------------|-------------|
|-------------------------------------------------------|

Current time: 2024-11-21 00:15:28
MCMC time 31 mins 

USED COMPONENTS: 60 OF 74 

rel. MC standard error: 0.0124 to 0.0658
eff. sample size: 231 to 6460
needed thinning: 2 to 36
Diagnostics time 0.31 secs 

Total number of iterations 5477 - required further 279 

Chain # 3 - chunk 9 (chain 1 of 1 for this core): increasing by 280 

Iterations: 280 
|-------------|-------------|-------------|-------------|
|-------------------------------------------------------|

Current time: 2024-11-21 00:17:26
MCMC time 33 mins 

USED COMPONENTS: 60 OF 74 

rel. MC standard error: 0.0131 to 0.0639
eff. sample size: 245 to 5830
needed thinning: 2 to 36
Diagnostics time 0.34 secs 

Total number of iterations 5757 - required further 279 

Chain # 3 - chunk 10 (chain 1 of 1 for this core): increasing by 280 

Iterations: 280 
|-------------|-------------|-------------|-------------|
|-------------------------------------------------------|

Current time: 2024-11-21 00:19:23
MCMC time 35 mins 

USED COMPONENTS: 60 OF 74 

rel. MC standard error: 0.0132 to 0.0586
eff. sample size: 291 to 5760
needed thinning: 2 to 32
Diagnostics time 0.34 secs 

Total number of iterations 6037 - required further 248 

Chain # 3 - chunk 11 (chain 1 of 1 for this core): increasing by 249 

Iterations: 249 
|-------------|-------------|-------------|-------------|
|-------------------------------------------------------|

Current time: 2024-11-21 00:21:08
MCMC time 37 mins 

USED COMPONENTS: 60 OF 74 

rel. MC standard error: 0.0124 to 0.0594
eff. sample size: 283 to 6450
needed thinning: 2 to 34
Diagnostics time 0.25 secs 

Total number of iterations 6286 - required further 264 

Chain # 3 - chunk 12 (chain 1 of 1 for this core): increasing by 265 

Iterations: 265 
|-------------|-------------|-------------|-------------|
|-------------------------------------------------------|

Current time: 2024-11-21 00:22:30
MCMC time 38 mins 

USED COMPONENTS: 60 OF 74 

rel. MC standard error: 0.0122 to 0.0612
eff. sample size: 267 to 6770
needed thinning: 2 to 37
Diagnostics time 0.15 secs 

Total number of iterations 6551 - required further 287 

Chain # 3 - chunk 13 (chain 1 of 1 for this core): increasing by 288 

Iterations: 288 
|-------------|-------------|-------------|-------------|
|-------------------------------------------------------|

Current time: 2024-11-21 00:23:44
MCMC time 40 mins 

USED COMPONENTS: 60 OF 74 

rel. MC standard error: 0.0122 to 0.0584
eff. sample size: 293 to 6690
needed thinning: 2 to 35
Diagnostics time 0.21 secs 

Total number of iterations 6839 - required further 272 

Chain # 3 - chunk 14 (chain 1 of 1 for this core): increasing by 273 

Iterations: 273 
|-------------|-------------|-------------|-------------|
|-------------------------------------------------------|

Current time: 2024-11-21 00:24:54
MCMC time 41 mins 

USED COMPONENTS: 60 OF 74 

rel. MC standard error: 0.011 to 0.0568
eff. sample size: 310 to 8320
needed thinning: 2 to 35
Diagnostics time 0.2 secs 

Total number of iterations 7112 - required further 272 

Chain # 3 - chunk 15 (chain 1 of 1 for this core): increasing by 273 

Iterations: 273 
|-------------|-------------|-------------|-------------|
|-------------------------------------------------------|

Current time: 2024-11-21 00:26:04
MCMC time 42 mins 

USED COMPONENTS: 59 OF 74 

rel. MC standard error: 0.0112 to 0.0548
eff. sample size: 334 to 7960
needed thinning: 2 to 34
Diagnostics time 0.16 secs 

Total number of iterations 7385 - required further 264 

Chain # 3 - chunk 16 (chain 1 of 1 for this core): increasing by 265 

Iterations: 265 
|-------------|-------------|-------------|-------------|
|-------------------------------------------------------|

Current time: 2024-11-21 00:27:12
MCMC time 43 mins 

USED COMPONENTS: 59 OF 74 

rel. MC standard error: 0.0115 to 0.055
eff. sample size: 331 to 7550
needed thinning: 2 to 35
Diagnostics time 0.15 secs 

Total number of iterations 7650 - required further 272 

Chain # 3 - chunk 17 (chain 1 of 1 for this core): increasing by 273 

Iterations: 273 
|-------------|-------------|-------------|-------------|
|-------------------------------------------------------|

Current time: 2024-11-21 00:28:22
MCMC time 44 mins 

USED COMPONENTS: 59 OF 74 

rel. MC standard error: 0.0101 to 0.0527
eff. sample size: 360 to 9840
needed thinning: 2 to 33
Diagnostics time 0.2 secs 

Total number of iterations 7923 - required further 256 

Chain # 3 - chunk 18 (chain 1 of 1 for this core): increasing by 257 

Iterations: 257 
|-------------|-------------|-------------|-------------|
|-------------------------------------------------------|

Current time: 2024-11-21 00:29:28
MCMC time 45 mins 

USED COMPONENTS: 59 OF 74 

rel. MC standard error: 0.0106 to 0.0522
eff. sample size: 367 to 8820
needed thinning: 2 to 34
Diagnostics time 0.2 secs 

Total number of iterations 8180 - required further 264 

Chain # 3 - chunk 19 (chain 1 of 1 for this core): increasing by 265 

Iterations: 265 
|-------------|-------------|-------------|-------------|
|-------------------------------------------------------|

Current time: 2024-11-21 00:30:36
MCMC time 46 mins 

USED COMPONENTS: 59 OF 74 

rel. MC standard error: 0.00945 to 0.0509
eff. sample size: 387 to 11200
needed thinning: 2 to 33
Diagnostics time 0.2 secs 

Total number of iterations 8445 - required further 256 

Chain # 3 - chunk 20 (chain 1 of 1 for this core): increasing by 257 

Iterations: 257 
|-------------|-------------|-------------|-------------|
|-------------------------------------------------------|

Current time: 2024-11-21 00:31:42
MCMC time 48 mins 

USED COMPONENTS: 58 OF 74 

rel. MC standard error: 0.0107 to 0.0522
eff. sample size: 367 to 8790
needed thinning: 2 to 36
Diagnostics time 0.15 secs 

Total number of iterations 8702 - required further 279 

Chain # 3 - chunk 21 (chain 1 of 1 for this core): increasing by 280 

Iterations: 280 
|-------------|-------------|-------------|-------------|
|-------------------------------------------------------|

Current time: 2024-11-21 00:32:53
MCMC time 49 mins 

USED COMPONENTS: 58 OF 74 

rel. MC standard error: 0.00931 to 0.0511
eff. sample size: 383 to 11500
needed thinning: 2 to 36
Diagnostics time 0.21 secs 

Total number of iterations 8982 - required further 279 

Chain # 3 - chunk 22 (chain 1 of 1 for this core): increasing by 280 

Iterations: 280 
|-------------|-------------|-------------|-------------|
|-------------------------------------------------------|

Current time: 2024-11-21 00:34:05
MCMC time 50 mins 

USED COMPONENTS: 58 OF 74 

rel. MC standard error: 0.0104 to 0.052
eff. sample size: 369 to 9290
needed thinning: 2 to 38
Diagnostics time 0.21 secs 

Total number of iterations 9262 - required further 295 

Chain # 3 - chunk 23 (chain 1 of 1 for this core): increasing by 296 

Iterations: 296 
|-------------|-------------|-------------|-------------|
|-------------------------------------------------------|

Current time: 2024-11-21 00:35:21
MCMC time 51 mins 

USED COMPONENTS: 58 OF 74 

rel. MC standard error: 0.0101 to 0.051
eff. sample size: 385 to 9760
needed thinning: 2 to 38
Diagnostics time 0.17 secs 

Total number of iterations 9558 - required further 295 

Chain # 3 - chunk 24 (chain 1 of 1 for this core): increasing by 296 

Iterations: 296 
|-------------|-------------|-------------|-------------|
|-------------------------------------------------------|

Current time: 2024-11-21 00:36:38
MCMC time 52 mins 

USED COMPONENTS: 58 OF 74 

rel. MC standard error: 0.0095 to 0.0502
eff. sample size: 397 to 11100
needed thinning: 2 to 38
Diagnostics time 0.17 secs 

Total number of iterations 9854 - required further 295 

Chain # 3 - chunk 25 (chain 1 of 1 for this core): increasing by 296 

Iterations: 296 
|-------------|-------------|-------------|-------------|
|-------------------------------------------------------|

Current time: 2024-11-21 00:37:57
MCMC time 54 mins 

USED COMPONENTS: 59 OF 74 

rel. MC standard error: 0.0098 to 0.05
eff. sample size: 400 to 10400
needed thinning: 2 to 39
Diagnostics time 0.28 secs 

Total number of iterations 10150 - required further 0 

Keeping last 60 samples with thinning 39 

Plotting traces and samples.

Current time: 2024-11-21 00:37:58
MCMC + diagnostics time 54 mins 

Current time: 2024-11-21 00:37:58
Total time 54 mins 
loaded inferno and set parent environment
loaded inferno and set parent environment
loaded inferno and set parent environment
loaded inferno and set parent environment
Error in gzfile(file, "rb") : cannot open the connection
Calls: <Anonymous> -> cleanup -> loadNamespace -> readRDS -> gzfile
In addition: Warning message:
In gzfile(file, "rb") :
  cannot open compressed file '/usr/lib/R/library/tools/Meta/nsInfo.rds', probable reason 'Transport endpoint is not connected'
