Log core 17 - Current time: 2024-11-20 23:30:54
Defining model
Building model
Setting data and initial values
Running calculate on model
  [Note] Any error reports that follow may simply reflect missing values in model variables.
Checking model sizes and dimensions
Compiling
  [Note] This may take a minute.
  [Note] Use 'showCompilerOutput = TRUE' to see C++ compilation details.
===== Monitors =====
thin = 1: Bprob, Rmean, Rvar, W
thin2 = 1: K
===== Samplers =====
conjugate sampler (519)
  - Rmean[]  (148 elements)
  - Rrate[]  (148 elements)
  - Bprob[]  (74 elements)
  - Rvar[]  (148 elements)
  - W[1:74] 
categorical sampler (3301)
  - Alpha
  - K[]  (3300 elements)
===== Monitors =====
thin = 1: Bprob, Rmean, Rvar, W
thin2 = 1: K
===== Samplers =====
slice sampler (3301)
  - Alpha
  - K[]  (3300 elements)
conjugate sampler (519)
  - Rmean[]  (148 elements)
  - Rrate[]  (148 elements)
  - Bprob[]  (74 elements)
  - Rvar[]  (148 elements)
  - W[1:74] 
Compiling
  [Note] This may take a minute.
  [Note] Use 'showCompilerOutput = TRUE' to see C++ compilation details.

Setup time 7.9 mins 

Chain # 17 (chain 1 of 1 for this core)

Datapoints for testing convergence:
 #7 #313 #465 #515 #518 #526 #576 #625 #874 #963 #964 #1827 #1892 #2358 #2463 #2517 #2518 #2881 #3170 #3177 

Iterations: 3600 
|-------------|-------------|-------------|-------------|
|-------------------------------------------------------|

Current time: 2024-11-20 23:54:28
MCMC time 16 mins 

USED COMPONENTS: 55 OF 74 

rel. MC standard error: 0.0157 to 0.0717
eff. sample size: 195 to 4040
needed thinning: 2 to 28
Diagnostics time 2.5 secs 

Total number of iterations 3600 - required further 217 

Chain # 17 - chunk 2 (chain 1 of 1 for this core): increasing by 218 

Iterations: 218 
|-------------|-------------|-------------|-------------|
|-------------------------------------------------------|

Current time: 2024-11-20 23:55:27
MCMC time 17 mins 

USED COMPONENTS: 55 OF 74 

rel. MC standard error: 0.0142 to 0.0706
eff. sample size: 201 to 4970
needed thinning: 2 to 29
Diagnostics time 0.13 secs 

Total number of iterations 3818 - required further 225 

Chain # 17 - chunk 3 (chain 1 of 1 for this core): increasing by 226 

Iterations: 226 
|-------------|-------------|-------------|-------------|
|-------------------------------------------------------|

Current time: 2024-11-20 23:56:26
MCMC time 18 mins 

USED COMPONENTS: 57 OF 74 

rel. MC standard error: 0.0135 to 0.0688
eff. sample size: 211 to 5480
needed thinning: 2 to 29
Diagnostics time 0.19 secs 

Total number of iterations 4044 - required further 225 

Chain # 17 - chunk 4 (chain 1 of 1 for this core): increasing by 226 

Iterations: 226 
|-------------|-------------|-------------|-------------|
|-------------------------------------------------------|

Current time: 2024-11-20 23:57:25
MCMC time 19 mins 

USED COMPONENTS: 56 OF 74 

rel. MC standard error: 0.0138 to 0.0672
eff. sample size: 221 to 5280
needed thinning: 2 to 29
Diagnostics time 0.14 secs 

Total number of iterations 4270 - required further 225 

Chain # 17 - chunk 5 (chain 1 of 1 for this core): increasing by 226 

Iterations: 226 
|-------------|-------------|-------------|-------------|
|-------------------------------------------------------|

Current time: 2024-11-20 23:58:23
MCMC time 20 mins 

USED COMPONENTS: 56 OF 74 

rel. MC standard error: 0.0125 to 0.0657
eff. sample size: 232 to 6370
needed thinning: 2 to 30
Diagnostics time 0.19 secs 

Total number of iterations 4496 - required further 233 

Chain # 17 - chunk 6 (chain 1 of 1 for this core): increasing by 234 

Iterations: 234 
|-------------|-------------|-------------|-------------|
|-------------------------------------------------------|

Current time: 2024-11-20 23:59:25
MCMC time 21 mins 

USED COMPONENTS: 56 OF 74 

rel. MC standard error: 0.0127 to 0.0635
eff. sample size: 248 to 6170
needed thinning: 2 to 29
Diagnostics time 0.14 secs 

Total number of iterations 4730 - required further 225 

Chain # 17 - chunk 7 (chain 1 of 1 for this core): increasing by 226 

Iterations: 226 
|-------------|-------------|-------------|-------------|
|-------------------------------------------------------|

Current time: 2024-11-21 00:00:24
MCMC time 22 mins 

USED COMPONENTS: 56 OF 74 

rel. MC standard error: 0.0128 to 0.0623
eff. sample size: 257 to 6090
needed thinning: 2 to 29
Diagnostics time 0.14 secs 

Total number of iterations 4956 - required further 225 

Chain # 17 - chunk 8 (chain 1 of 1 for this core): increasing by 226 

Iterations: 226 
|-------------|-------------|-------------|-------------|
|-------------------------------------------------------|

Current time: 2024-11-21 00:01:23
MCMC time 23 mins 

USED COMPONENTS: 56 OF 74 

rel. MC standard error: 0.0115 to 0.0609
eff. sample size: 269 to 7590
needed thinning: 2 to 29
Diagnostics time 0.19 secs 

Total number of iterations 5182 - required further 225 

Chain # 17 - chunk 9 (chain 1 of 1 for this core): increasing by 226 

Iterations: 226 
|-------------|-------------|-------------|-------------|
|-------------------------------------------------------|

Current time: 2024-11-21 00:02:21
MCMC time 24 mins 

USED COMPONENTS: 55 OF 74 

rel. MC standard error: 0.012 to 0.0596
eff. sample size: 281 to 6920
needed thinning: 2 to 29
Diagnostics time 0.19 secs 

Total number of iterations 5408 - required further 225 

Chain # 17 - chunk 10 (chain 1 of 1 for this core): increasing by 226 

Iterations: 226 
|-------------|-------------|-------------|-------------|
|-------------------------------------------------------|

Current time: 2024-11-21 00:03:20
MCMC time 25 mins 

USED COMPONENTS: 55 OF 74 

rel. MC standard error: 0.012 to 0.0581
eff. sample size: 296 to 6940
needed thinning: 2 to 29
Diagnostics time 0.18 secs 

Total number of iterations 5634 - required further 225 

Chain # 17 - chunk 11 (chain 1 of 1 for this core): increasing by 226 

Iterations: 226 
|-------------|-------------|-------------|-------------|
|-------------------------------------------------------|

Current time: 2024-11-21 00:04:19
MCMC time 25 mins 

USED COMPONENTS: 55 OF 74 

rel. MC standard error: 0.0117 to 0.057
eff. sample size: 308 to 7340
needed thinning: 2 to 29
Diagnostics time 0.19 secs 

Total number of iterations 5860 - required further 225 

Chain # 17 - chunk 12 (chain 1 of 1 for this core): increasing by 226 

Iterations: 226 
|-------------|-------------|-------------|-------------|
|-------------------------------------------------------|

Current time: 2024-11-21 00:05:17
MCMC time 26 mins 

USED COMPONENTS: 55 OF 74 

rel. MC standard error: 0.0112 to 0.0557
eff. sample size: 322 to 7930
needed thinning: 2 to 29
Diagnostics time 0.14 secs 

Total number of iterations 6086 - required further 225 

Chain # 17 - chunk 13 (chain 1 of 1 for this core): increasing by 226 

Iterations: 226 
|-------------|-------------|-------------|-------------|
|-------------------------------------------------------|

Current time: 2024-11-21 00:06:16
MCMC time 27 mins 

USED COMPONENTS: 55 OF 74 

rel. MC standard error: 0.0104 to 0.0548
eff. sample size: 333 to 9230
needed thinning: 2 to 29
Diagnostics time 0.19 secs 

Total number of iterations 6312 - required further 225 

Chain # 17 - chunk 14 (chain 1 of 1 for this core): increasing by 226 

Iterations: 226 
|-------------|-------------|-------------|-------------|
|-------------------------------------------------------|

Current time: 2024-11-21 00:07:14
MCMC time 28 mins 

USED COMPONENTS: 55 OF 74 

rel. MC standard error: 0.0113 to 0.0536
eff. sample size: 348 to 7890
needed thinning: 2 to 29
Diagnostics time 0.14 secs 

Total number of iterations 6538 - required further 225 

Chain # 17 - chunk 15 (chain 1 of 1 for this core): increasing by 226 

Iterations: 226 
|-------------|-------------|-------------|-------------|
|-------------------------------------------------------|

Current time: 2024-11-21 00:08:12
MCMC time 29 mins 

USED COMPONENTS: 55 OF 74 

rel. MC standard error: 0.0112 to 0.0527
eff. sample size: 360 to 7950
needed thinning: 2 to 29
Diagnostics time 0.26 secs 

Total number of iterations 6764 - required further 225 

Chain # 17 - chunk 16 (chain 1 of 1 for this core): increasing by 226 

Iterations: 226 
|-------------|-------------|-------------|-------------|
|-------------------------------------------------------|

Current time: 2024-11-21 00:09:11
MCMC time 30 mins 

USED COMPONENTS: 56 OF 74 

rel. MC standard error: 0.0106 to 0.0527
eff. sample size: 360 to 8840
needed thinning: 2 to 30
Diagnostics time 0.14 secs 

Total number of iterations 6990 - required further 233 

Chain # 17 - chunk 17 (chain 1 of 1 for this core): increasing by 234 

Iterations: 234 
|-------------|-------------|-------------|-------------|
|-------------------------------------------------------|

Current time: 2024-11-21 00:10:11
MCMC time 31 mins 

USED COMPONENTS: 56 OF 74 

rel. MC standard error: 0.00977 to 0.0523
eff. sample size: 366 to 10500
needed thinning: 2 to 30
Diagnostics time 0.19 secs 

Total number of iterations 7224 - required further 233 

Chain # 17 - chunk 18 (chain 1 of 1 for this core): increasing by 234 

Iterations: 234 
|-------------|-------------|-------------|-------------|
|-------------------------------------------------------|

Current time: 2024-11-21 00:11:10
MCMC time 32 mins 

USED COMPONENTS: 56 OF 74 

rel. MC standard error: 0.0107 to 0.0524
eff. sample size: 364 to 8750
needed thinning: 2 to 31
Diagnostics time 0.19 secs 

Total number of iterations 7458 - required further 241 

Chain # 17 - chunk 19 (chain 1 of 1 for this core): increasing by 242 

Iterations: 242 
|-------------|-------------|-------------|-------------|
|-------------------------------------------------------|

Current time: 2024-11-21 00:12:12
MCMC time 33 mins 

USED COMPONENTS: 55 OF 74 

rel. MC standard error: 0.0103 to 0.0513
eff. sample size: 381 to 9360
needed thinning: 2 to 31
Diagnostics time 0.15 secs 

Total number of iterations 7700 - required further 241 

Chain # 17 - chunk 20 (chain 1 of 1 for this core): increasing by 242 

Iterations: 242 
|-------------|-------------|-------------|-------------|
|-------------------------------------------------------|

Current time: 2024-11-21 00:13:13
MCMC time 34 mins 

USED COMPONENTS: 55 OF 74 

rel. MC standard error: 0.009 to 0.0506
eff. sample size: 390 to 12300
needed thinning: 1 to 31
Diagnostics time 0.19 secs 

Total number of iterations 7942 - required further 241 

Chain # 17 - chunk 21 (chain 1 of 1 for this core): increasing by 242 

Iterations: 242 
|-------------|-------------|-------------|-------------|
|-------------------------------------------------------|

Current time: 2024-11-21 00:14:14
MCMC time 35 mins 

USED COMPONENTS: 55 OF 74 

rel. MC standard error: 0.00959 to 0.0497
eff. sample size: 404 to 10900
needed thinning: 2 to 31
Diagnostics time 0.19 secs 

Total number of iterations 8184 - required further 0 

Keeping last 60 samples with thinning 31 

Plotting traces and samples.

Current time: 2024-11-21 00:14:15
MCMC + diagnostics time 35 mins 

Current time: 2024-11-21 00:14:15
Total time 35 mins 
loaded inferno and set parent environment
loaded inferno and set parent environment
loaded inferno and set parent environment
loaded inferno and set parent environment
Error in gzfile(file, "rb") : cannot open the connection
Calls: <Anonymous> -> cleanup -> loadNamespace -> readRDS -> gzfile
In addition: Warning message:
In gzfile(file, "rb") :
  cannot open compressed file '/usr/lib/R/library/tools/Meta/nsInfo.rds', probable reason 'Transport endpoint is not connected'
