Log core 2 - Current time: 2024-11-20 23:30:54
Defining model
Building model
Setting data and initial values
Running calculate on model
  [Note] Any error reports that follow may simply reflect missing values in model variables.
Checking model sizes and dimensions
Compiling
  [Note] This may take a minute.
  [Note] Use 'showCompilerOutput = TRUE' to see C++ compilation details.
===== Monitors =====
thin = 1: Bprob, Rmean, Rvar, W
thin2 = 1: K
===== Samplers =====
conjugate sampler (519)
  - Rmean[]  (148 elements)
  - Rrate[]  (148 elements)
  - Bprob[]  (74 elements)
  - Rvar[]  (148 elements)
  - W[1:74] 
categorical sampler (3301)
  - Alpha
  - K[]  (3300 elements)
===== Monitors =====
thin = 1: Bprob, Rmean, Rvar, W
thin2 = 1: K
===== Samplers =====
slice sampler (3301)
  - Alpha
  - K[]  (3300 elements)
conjugate sampler (519)
  - Rmean[]  (148 elements)
  - Rrate[]  (148 elements)
  - Bprob[]  (74 elements)
  - Rvar[]  (148 elements)
  - W[1:74] 
Compiling
  [Note] This may take a minute.
  [Note] Use 'showCompilerOutput = TRUE' to see C++ compilation details.

Setup time 13 mins 

Chain # 2 (chain 1 of 1 for this core)

Datapoints for testing convergence:
 #76 #669 #806 #914 #1018 #1201 #1288 #1342 #1377 #1859 #1966 #2178 #2248 #2428 #2459 #2779 #2807 #2830 #3033 #3227 

Iterations: 3600 
|-------------|-------------|-------------|-------------|
|-------------------------------------------------------|

Current time: 2024-11-21 00:08:50
MCMC time 25 mins 

USED COMPONENTS: 62 OF 74 

rel. MC standard error: 0.0142 to 0.0705
eff. sample size: 201 to 4950
needed thinning: 2 to 27
Diagnostics time 3.6 secs 

Total number of iterations 3600 - required further 210 

Chain # 2 - chunk 2 (chain 1 of 1 for this core): increasing by 211 

Iterations: 211 
|-------------|-------------|-------------|-------------|
|-------------------------------------------------------|

Current time: 2024-11-21 00:09:52
MCMC time 26 mins 

USED COMPONENTS: 62 OF 74 

rel. MC standard error: 0.0143 to 0.0684
eff. sample size: 214 to 4920
needed thinning: 2 to 27
Diagnostics time 0.12 secs 

Total number of iterations 3811 - required further 210 

Chain # 2 - chunk 3 (chain 1 of 1 for this core): increasing by 211 

Iterations: 211 
|-------------|-------------|-------------|-------------|
|-------------------------------------------------------|

Current time: 2024-11-21 00:10:46
MCMC time 27 mins 

USED COMPONENTS: 63 OF 74 

rel. MC standard error: 0.0144 to 0.0668
eff. sample size: 224 to 4790
needed thinning: 2 to 27
Diagnostics time 0.18 secs 

Total number of iterations 4022 - required further 210 

Chain # 2 - chunk 4 (chain 1 of 1 for this core): increasing by 211 

Iterations: 211 
|-------------|-------------|-------------|-------------|
|-------------------------------------------------------|

Current time: 2024-11-21 00:11:40
MCMC time 28 mins 

USED COMPONENTS: 63 OF 74 

rel. MC standard error: 0.0136 to 0.0654
eff. sample size: 234 to 5410
needed thinning: 2 to 28
Diagnostics time 0.18 secs 

Total number of iterations 4233 - required further 217 

Chain # 2 - chunk 5 (chain 1 of 1 for this core): increasing by 218 

Iterations: 218 
|-------------|-------------|-------------|-------------|
|-------------------------------------------------------|

Current time: 2024-11-21 00:12:35
MCMC time 29 mins 

USED COMPONENTS: 62 OF 74 

rel. MC standard error: 0.0136 to 0.0637
eff. sample size: 247 to 5390
needed thinning: 2 to 28
Diagnostics time 0.13 secs 

Total number of iterations 4451 - required further 217 

Chain # 2 - chunk 6 (chain 1 of 1 for this core): increasing by 218 

Iterations: 218 
|-------------|-------------|-------------|-------------|
|-------------------------------------------------------|

Current time: 2024-11-21 00:13:31
MCMC time 29 mins 

USED COMPONENTS: 62 OF 74 

rel. MC standard error: 0.0136 to 0.0628
eff. sample size: 253 to 5410
needed thinning: 2 to 28
Diagnostics time 0.18 secs 

Total number of iterations 4669 - required further 217 

Chain # 2 - chunk 7 (chain 1 of 1 for this core): increasing by 218 

Iterations: 218 
|-------------|-------------|-------------|-------------|
|-------------------------------------------------------|

Current time: 2024-11-21 00:14:26
MCMC time 30 mins 

USED COMPONENTS: 62 OF 74 

rel. MC standard error: 0.0132 to 0.0613
eff. sample size: 266 to 5720
needed thinning: 2 to 28
Diagnostics time 0.18 secs 

Total number of iterations 4887 - required further 217 

Chain # 2 - chunk 8 (chain 1 of 1 for this core): increasing by 218 

Iterations: 218 
|-------------|-------------|-------------|-------------|
|-------------------------------------------------------|

Current time: 2024-11-21 00:15:22
MCMC time 31 mins 

USED COMPONENTS: 62 OF 74 

rel. MC standard error: 0.0125 to 0.0611
eff. sample size: 268 to 6450
needed thinning: 2 to 29
Diagnostics time 0.17 secs 

Total number of iterations 5105 - required further 225 

Chain # 2 - chunk 9 (chain 1 of 1 for this core): increasing by 226 

Iterations: 226 
|-------------|-------------|-------------|-------------|
|-------------------------------------------------------|

Current time: 2024-11-21 00:16:19
MCMC time 32 mins 

USED COMPONENTS: 62 OF 74 

rel. MC standard error: 0.0121 to 0.0592
eff. sample size: 286 to 6830
needed thinning: 2 to 28
Diagnostics time 0.19 secs 

Total number of iterations 5331 - required further 217 

Chain # 2 - chunk 10 (chain 1 of 1 for this core): increasing by 218 

Iterations: 218 
|-------------|-------------|-------------|-------------|
|-------------------------------------------------------|

Current time: 2024-11-21 00:17:15
MCMC time 33 mins 

USED COMPONENTS: 63 OF 74 

rel. MC standard error: 0.0122 to 0.0583
eff. sample size: 294 to 6710
needed thinning: 2 to 29
Diagnostics time 0.13 secs 

Total number of iterations 5549 - required further 225 

Chain # 2 - chunk 11 (chain 1 of 1 for this core): increasing by 226 

Iterations: 226 
|-------------|-------------|-------------|-------------|
|-------------------------------------------------------|

Current time: 2024-11-21 00:18:12
MCMC time 34 mins 

USED COMPONENTS: 62 OF 74 

rel. MC standard error: 0.0124 to 0.0567
eff. sample size: 311 to 6470
needed thinning: 2 to 28
Diagnostics time 0.18 secs 

Total number of iterations 5775 - required further 217 

Chain # 2 - chunk 12 (chain 1 of 1 for this core): increasing by 218 

Iterations: 218 
|-------------|-------------|-------------|-------------|
|-------------------------------------------------------|

Current time: 2024-11-21 00:19:06
MCMC time 35 mins 

USED COMPONENTS: 62 OF 74 

rel. MC standard error: 0.0121 to 0.0558
eff. sample size: 321 to 6820
needed thinning: 2 to 28
Diagnostics time 0.13 secs 

Total number of iterations 5993 - required further 217 

Chain # 2 - chunk 13 (chain 1 of 1 for this core): increasing by 218 

Iterations: 218 
|-------------|-------------|-------------|-------------|
|-------------------------------------------------------|

Current time: 2024-11-21 00:19:58
MCMC time 36 mins 

USED COMPONENTS: 62 OF 74 

rel. MC standard error: 0.012 to 0.0543
eff. sample size: 339 to 6980
needed thinning: 2 to 28
Diagnostics time 0.17 secs 

Total number of iterations 6211 - required further 217 

Chain # 2 - chunk 14 (chain 1 of 1 for this core): increasing by 218 

Iterations: 218 
|-------------|-------------|-------------|-------------|
|-------------------------------------------------------|

Current time: 2024-11-21 00:20:47
MCMC time 37 mins 

USED COMPONENTS: 62 OF 74 

rel. MC standard error: 0.012 to 0.0538
eff. sample size: 346 to 7000
needed thinning: 2 to 28
Diagnostics time 0.13 secs 

Total number of iterations 6429 - required further 217 

Chain # 2 - chunk 15 (chain 1 of 1 for this core): increasing by 218 

Iterations: 218 
|-------------|-------------|-------------|-------------|
|-------------------------------------------------------|

Current time: 2024-11-21 00:21:36
MCMC time 38 mins 

USED COMPONENTS: 62 OF 74 

rel. MC standard error: 0.0115 to 0.0526
eff. sample size: 361 to 7610
needed thinning: 2 to 28
Diagnostics time 0.13 secs 

Total number of iterations 6647 - required further 217 

Chain # 2 - chunk 16 (chain 1 of 1 for this core): increasing by 218 

Iterations: 218 
|-------------|-------------|-------------|-------------|
|-------------------------------------------------------|

Current time: 2024-11-21 00:22:24
MCMC time 38 mins 

USED COMPONENTS: 62 OF 74 

rel. MC standard error: 0.0115 to 0.0519
eff. sample size: 372 to 7610
needed thinning: 2 to 28
Diagnostics time 0.16 secs 

Total number of iterations 6865 - required further 217 

Chain # 2 - chunk 17 (chain 1 of 1 for this core): increasing by 218 

Iterations: 218 
|-------------|-------------|-------------|-------------|
|-------------------------------------------------------|

Current time: 2024-11-21 00:23:13
MCMC time 39 mins 

USED COMPONENTS: 62 OF 74 

rel. MC standard error: 0.0109 to 0.0516
eff. sample size: 376 to 8450
needed thinning: 2 to 29
Diagnostics time 0.13 secs 

Total number of iterations 7083 - required further 225 

Chain # 2 - chunk 18 (chain 1 of 1 for this core): increasing by 226 

Iterations: 226 
|-------------|-------------|-------------|-------------|
|-------------------------------------------------------|

Current time: 2024-11-21 00:24:03
MCMC time 40 mins 

USED COMPONENTS: 62 OF 74 

rel. MC standard error: 0.0104 to 0.0501
eff. sample size: 399 to 9160
needed thinning: 2 to 28
Diagnostics time 0.13 secs 

Total number of iterations 7309 - required further 217 

Chain # 2 - chunk 19 (chain 1 of 1 for this core): increasing by 218 

Iterations: 218 
|-------------|-------------|-------------|-------------|
|-------------------------------------------------------|

Current time: 2024-11-21 00:24:52
MCMC time 41 mins 

USED COMPONENTS: 62 OF 74 

rel. MC standard error: 0.0113 to 0.0493
eff. sample size: 411 to 7780
needed thinning: 2 to 28
Diagnostics time 0.16 secs 

Total number of iterations 7527 - required further 0 

Keeping last 60 samples with thinning 28 

Plotting traces and samples.

Current time: 2024-11-21 00:24:52
MCMC + diagnostics time 41 mins 

Current time: 2024-11-21 00:24:52
Total time 41 mins 
loaded inferno and set parent environment
loaded inferno and set parent environment
loaded inferno and set parent environment
loaded inferno and set parent environment
