Log core 20 - Current time: 2024-11-20 23:30:54
Defining model
Building model
Setting data and initial values
Running calculate on model
  [Note] Any error reports that follow may simply reflect missing values in model variables.
Checking model sizes and dimensions
Compiling
  [Note] This may take a minute.
  [Note] Use 'showCompilerOutput = TRUE' to see C++ compilation details.
===== Monitors =====
thin = 1: Bprob, Rmean, Rvar, W
thin2 = 1: K
===== Samplers =====
conjugate sampler (519)
  - Rmean[]  (148 elements)
  - Rrate[]  (148 elements)
  - Bprob[]  (74 elements)
  - Rvar[]  (148 elements)
  - W[1:74] 
categorical sampler (3301)
  - Alpha
  - K[]  (3300 elements)
===== Monitors =====
thin = 1: Bprob, Rmean, Rvar, W
thin2 = 1: K
===== Samplers =====
slice sampler (3301)
  - Alpha
  - K[]  (3300 elements)
conjugate sampler (519)
  - Rmean[]  (148 elements)
  - Rrate[]  (148 elements)
  - Bprob[]  (74 elements)
  - Rvar[]  (148 elements)
  - W[1:74] 
Compiling
  [Note] This may take a minute.
  [Note] Use 'showCompilerOutput = TRUE' to see C++ compilation details.

Setup time 8 mins 

Chain # 20 (chain 1 of 1 for this core)

Datapoints for testing convergence:
 #158 #499 #595 #893 #1167 #1572 #1744 #1784 #2110 #2218 #2261 #2274 #2337 #2341 #2389 #2419 #2437 #2752 #2775 #3044 

Iterations: 3600 
|-------------|-------------|-------------|-------------|
|-------------------------------------------------------|

Current time: 2024-11-20 23:54:29
MCMC time 16 mins 

USED COMPONENTS: 59 OF 74 

rel. MC standard error: 0.0157 to 0.0694
eff. sample size: 207 to 4030
needed thinning: 2 to 27
Diagnostics time 2.5 secs 

Total number of iterations 3600 - required further 210 

Chain # 20 - chunk 2 (chain 1 of 1 for this core): increasing by 211 

Iterations: 211 
|-------------|-------------|-------------|-------------|
|-------------------------------------------------------|

Current time: 2024-11-20 23:55:27
MCMC time 17 mins 

USED COMPONENTS: 59 OF 74 

rel. MC standard error: 0.0155 to 0.0676
eff. sample size: 219 to 4170
needed thinning: 2 to 27
Diagnostics time 0.12 secs 

Total number of iterations 3811 - required further 210 

Chain # 20 - chunk 3 (chain 1 of 1 for this core): increasing by 211 

Iterations: 211 
|-------------|-------------|-------------|-------------|
|-------------------------------------------------------|

Current time: 2024-11-20 23:56:21
MCMC time 17 mins 

USED COMPONENTS: 58 OF 74 

rel. MC standard error: 0.0152 to 0.0682
eff. sample size: 215 to 4360
needed thinning: 2 to 29
Diagnostics time 0.13 secs 

Total number of iterations 4022 - required further 225 

Chain # 20 - chunk 4 (chain 1 of 1 for this core): increasing by 226 

Iterations: 226 
|-------------|-------------|-------------|-------------|
|-------------------------------------------------------|

Current time: 2024-11-20 23:57:22
MCMC time 18 mins 

USED COMPONENTS: 58 OF 74 

rel. MC standard error: 0.0146 to 0.0694
eff. sample size: 208 to 4660
needed thinning: 2 to 31
Diagnostics time 0.14 secs 

Total number of iterations 4248 - required further 241 

Chain # 20 - chunk 5 (chain 1 of 1 for this core): increasing by 242 

Iterations: 242 
|-------------|-------------|-------------|-------------|
|-------------------------------------------------------|

Current time: 2024-11-20 23:58:24
MCMC time 20 mins 

USED COMPONENTS: 59 OF 74 

rel. MC standard error: 0.0144 to 0.0706
eff. sample size: 201 to 4800
needed thinning: 2 to 34
Diagnostics time 0.2 secs 

Total number of iterations 4490 - required further 264 

Chain # 20 - chunk 6 (chain 1 of 1 for this core): increasing by 265 

Iterations: 265 
|-------------|-------------|-------------|-------------|
|-------------------------------------------------------|

Current time: 2024-11-20 23:59:34
MCMC time 21 mins 

USED COMPONENTS: 59 OF 74 

rel. MC standard error: 0.0139 to 0.069
eff. sample size: 210 to 5170
needed thinning: 2 to 34
Diagnostics time 0.21 secs 

Total number of iterations 4755 - required further 264 

Chain # 20 - chunk 7 (chain 1 of 1 for this core): increasing by 265 

Iterations: 265 
|-------------|-------------|-------------|-------------|
|-------------------------------------------------------|

Current time: 2024-11-21 00:00:43
MCMC time 22 mins 

USED COMPONENTS: 58 OF 74 

rel. MC standard error: 0.0129 to 0.0695
eff. sample size: 207 to 6030
needed thinning: 2 to 37
Diagnostics time 0.16 secs 

Total number of iterations 5020 - required further 287 

Chain # 20 - chunk 8 (chain 1 of 1 for this core): increasing by 288 

Iterations: 288 
|-------------|-------------|-------------|-------------|
|-------------------------------------------------------|

Current time: 2024-11-21 00:01:57
MCMC time 23 mins 

USED COMPONENTS: 59 OF 74 

rel. MC standard error: 0.0129 to 0.0686
eff. sample size: 213 to 5970
needed thinning: 2 to 38
Diagnostics time 0.21 secs 

Total number of iterations 5308 - required further 295 

Chain # 20 - chunk 9 (chain 1 of 1 for this core): increasing by 296 

Iterations: 296 
|-------------|-------------|-------------|-------------|
|-------------------------------------------------------|

Current time: 2024-11-21 00:03:14
MCMC time 24 mins 

USED COMPONENTS: 58 OF 74 

rel. MC standard error: 0.0129 to 0.068
eff. sample size: 217 to 6050
needed thinning: 2 to 39
Diagnostics time 0.22 secs 

Total number of iterations 5604 - required further 303 

Chain # 20 - chunk 10 (chain 1 of 1 for this core): increasing by 304 

Iterations: 304 
|-------------|-------------|-------------|-------------|
|-------------------------------------------------------|

Current time: 2024-11-21 00:04:33
MCMC time 26 mins 

USED COMPONENTS: 58 OF 74 

rel. MC standard error: 0.0134 to 0.0682
eff. sample size: 215 to 5570
needed thinning: 2 to 42
Diagnostics time 0.17 secs 

Total number of iterations 5908 - required further 326 

Chain # 20 - chunk 11 (chain 1 of 1 for this core): increasing by 327 

Iterations: 327 
|-------------|-------------|-------------|-------------|
|-------------------------------------------------------|

Current time: 2024-11-21 00:05:58
MCMC time 27 mins 

USED COMPONENTS: 59 OF 74 

rel. MC standard error: 0.0131 to 0.0677
eff. sample size: 218 to 5800
needed thinning: 2 to 43
Diagnostics time 0.18 secs 

Total number of iterations 6235 - required further 334 

Chain # 20 - chunk 12 (chain 1 of 1 for this core): increasing by 335 

Iterations: 335 
|-------------|-------------|-------------|-------------|
|-------------------------------------------------------|

Current time: 2024-11-21 00:07:24
MCMC time 29 mins 

USED COMPONENTS: 59 OF 74 

rel. MC standard error: 0.0124 to 0.0668
eff. sample size: 224 to 6490
needed thinning: 2 to 44
Diagnostics time 0.23 secs 

Total number of iterations 6570 - required further 341 

Chain # 20 - chunk 13 (chain 1 of 1 for this core): increasing by 342 

Iterations: 342 
|-------------|-------------|-------------|-------------|
|-------------------------------------------------------|

Current time: 2024-11-21 00:08:52
MCMC time 30 mins 

USED COMPONENTS: 59 OF 74 

rel. MC standard error: 0.012 to 0.0656
eff. sample size: 232 to 7000
needed thinning: 2 to 45
Diagnostics time 0.31 secs 

Total number of iterations 6912 - required further 349 

Chain # 20 - chunk 14 (chain 1 of 1 for this core): increasing by 350 

Iterations: 350 
|-------------|-------------|-------------|-------------|
|-------------------------------------------------------|

Current time: 2024-11-21 00:10:22
MCMC time 31 mins 

USED COMPONENTS: 59 OF 74 

rel. MC standard error: 0.0113 to 0.0643
eff. sample size: 242 to 7840
needed thinning: 2 to 46
Diagnostics time 0.24 secs 

Total number of iterations 7262 - required further 357 

Chain # 20 - chunk 15 (chain 1 of 1 for this core): increasing by 358 

Iterations: 358 
|-------------|-------------|-------------|-------------|
|-------------------------------------------------------|

Current time: 2024-11-21 00:11:54
MCMC time 33 mins 

USED COMPONENTS: 58 OF 74 

rel. MC standard error: 0.0116 to 0.0661
eff. sample size: 229 to 7420
needed thinning: 2 to 50
Diagnostics time 0.24 secs 

Total number of iterations 7620 - required further 388 

Chain # 20 - chunk 16 (chain 1 of 1 for this core): increasing by 389 

Iterations: 389 
|-------------|-------------|-------------|-------------|
|-------------------------------------------------------|

Current time: 2024-11-21 00:13:33
MCMC time 35 mins 

USED COMPONENTS: 58 OF 74 

rel. MC standard error: 0.0109 to 0.0647
eff. sample size: 239 to 8340
needed thinning: 2 to 51
Diagnostics time 0.25 secs 

Total number of iterations 8009 - required further 396 

Chain # 20 - chunk 17 (chain 1 of 1 for this core): increasing by 397 

Iterations: 397 
|-------------|-------------|-------------|-------------|
|-------------------------------------------------------|

Current time: 2024-11-21 00:15:14
MCMC time 36 mins 

USED COMPONENTS: 58 OF 74 

rel. MC standard error: 0.0111 to 0.0656
eff. sample size: 233 to 8150
needed thinning: 2 to 55
Diagnostics time 0.27 secs 

Total number of iterations 8406 - required further 427 

Chain # 20 - chunk 18 (chain 1 of 1 for this core): increasing by 428 

Iterations: 428 
|-------------|-------------|-------------|-------------|
|-------------------------------------------------------|

Current time: 2024-11-21 00:17:03
MCMC time 38 mins 

USED COMPONENTS: 59 OF 74 

rel. MC standard error: 0.0107 to 0.0648
eff. sample size: 238 to 8800
needed thinning: 2 to 56
Diagnostics time 0.28 secs 

Total number of iterations 8834 - required further 434 

Chain # 20 - chunk 19 (chain 1 of 1 for this core): increasing by 435 

Iterations: 435 
|-------------|-------------|-------------|-------------|
|-------------------------------------------------------|

Current time: 2024-11-21 00:18:54
MCMC time 40 mins 

USED COMPONENTS: 59 OF 74 

rel. MC standard error: 0.0103 to 0.0645
eff. sample size: 240 to 9360
needed thinning: 2 to 58
Diagnostics time 0.27 secs 

Total number of iterations 9269 - required further 450 

Chain # 20 - chunk 20 (chain 1 of 1 for this core): increasing by 451 

Iterations: 451 
|-------------|-------------|-------------|-------------|
|-------------------------------------------------------|

Current time: 2024-11-21 00:20:48
MCMC time 42 mins 

USED COMPONENTS: 58 OF 74 

rel. MC standard error: 0.0103 to 0.0627
eff. sample size: 255 to 9480
needed thinning: 2 to 58
Diagnostics time 0.27 secs 

Total number of iterations 9720 - required further 450 

Chain # 20 - chunk 21 (chain 1 of 1 for this core): increasing by 451 

Iterations: 451 
|-------------|-------------|-------------|-------------|
|-------------------------------------------------------|

Current time: 2024-11-21 00:22:44
MCMC time 44 mins 

USED COMPONENTS: 58 OF 74 

rel. MC standard error: 0.0096 to 0.0613
eff. sample size: 266 to 10900
needed thinning: 2 to 58
Diagnostics time 0.27 secs 

Total number of iterations 10171 - required further 450 

Chain # 20 - chunk 22 (chain 1 of 1 for this core): increasing by 451 

Iterations: 451 
|-------------|-------------|-------------|-------------|
|-------------------------------------------------------|

Current time: 2024-11-21 00:24:37
MCMC time 46 mins 

USED COMPONENTS: 58 OF 74 

rel. MC standard error: 0.00964 to 0.0606
eff. sample size: 272 to 10800
needed thinning: 2 to 59
Diagnostics time 0.33 secs 

Total number of iterations 10622 - required further 458 

Chain # 20 - chunk 23 (chain 1 of 1 for this core): increasing by 459 

Iterations: 459 
|-------------|-------------|-------------|-------------|
|-------------------------------------------------------|

Current time: 2024-11-21 00:26:33
MCMC time 48 mins 

USED COMPONENTS: 56 OF 74 

rel. MC standard error: 0.00934 to 0.0603
eff. sample size: 275 to 11500
needed thinning: 2 to 61
Diagnostics time 0.27 secs 

Total number of iterations 11081 - required further 473 

Chain # 20 - chunk 24 (chain 1 of 1 for this core): increasing by 474 

Iterations: 474 
|-------------|-------------|-------------|-------------|
|-------------------------------------------------------|

Current time: 2024-11-21 00:28:32
MCMC time 50 mins 

USED COMPONENTS: 59 OF 74 

rel. MC standard error: 0.00952 to 0.0592
eff. sample size: 285 to 11000
needed thinning: 2 to 61
Diagnostics time 0.27 secs 

Total number of iterations 11555 - required further 473 

Chain # 20 - chunk 25 (chain 1 of 1 for this core): increasing by 474 

Iterations: 474 
|-------------|-------------|-------------|-------------|
|-------------------------------------------------------|

Current time: 2024-11-21 00:30:31
MCMC time 52 mins 

USED COMPONENTS: 56 OF 74 

rel. MC standard error: 0.00884 to 0.0578
eff. sample size: 299 to 12800
needed thinning: 2 to 61
Diagnostics time 0.28 secs 

Total number of iterations 12029 - required further 473 

Chain # 20 - chunk 26 (chain 1 of 1 for this core): increasing by 474 

Iterations: 474 
|-------------|-------------|-------------|-------------|
|-------------------------------------------------------|

Current time: 2024-11-21 00:32:30
MCMC time 54 mins 

USED COMPONENTS: 57 OF 74 

rel. MC standard error: 0.00801 to 0.0577
eff. sample size: 300 to 15600
needed thinning: 2 to 63
Diagnostics time 1 secs 

Total number of iterations 12503 - required further 488 

Chain # 20 - chunk 27 (chain 1 of 1 for this core): increasing by 489 

Iterations: 489 
|-------------|-------------|-------------|-------------|
|-------------------------------------------------------|

Current time: 2024-11-21 00:34:33
MCMC time 56 mins 

USED COMPONENTS: 58 OF 74 

rel. MC standard error: 0.00836 to 0.058
eff. sample size: 297 to 14300
needed thinning: 2 to 66
Diagnostics time 0.29 secs 

Total number of iterations 12992 - required further 512 

Chain # 20 - chunk 28 (chain 1 of 1 for this core): increasing by 513 

Iterations: 513 
|-------------|-------------|-------------|-------------|
|-------------------------------------------------------|

Current time: 2024-11-21 00:36:41
MCMC time 58 mins 

USED COMPONENTS: 57 OF 74 

rel. MC standard error: 0.00851 to 0.0575
eff. sample size: 303 to 13800
needed thinning: 2 to 67
Diagnostics time 0.3 secs 

Total number of iterations 13505 - required further 519 

Chain # 20 - chunk 29 (chain 1 of 1 for this core): increasing by 520 

Iterations: 520 
|-------------|-------------|-------------|-------------|
|-------------------------------------------------------|

Current time: 2024-11-21 00:38:51
MCMC time 60 mins 

USED COMPONENTS: 57 OF 74 

rel. MC standard error: 0.00859 to 0.0584
eff. sample size: 293 to 13500
needed thinning: 2 to 72
Diagnostics time 0.32 secs 

Total number of iterations 14025 - required further 558 

Chain # 20 - chunk 30 (chain 1 of 1 for this core): increasing by 559 

Iterations: 559 
|-------------|-------------|-------------|-------------|
|-------------------------------------------------------|

Current time: 2024-11-21 00:41:11
MCMC time 1 hours 

USED COMPONENTS: 57 OF 74 

rel. MC standard error: 0.00825 to 0.0581
eff. sample size: 296 to 14700
needed thinning: 2 to 74
Diagnostics time 0.33 secs 

Total number of iterations 14584 - required further 574 

Chain # 20 - chunk 31 (chain 1 of 1 for this core): increasing by 575 

Iterations: 575 
|-------------|-------------|-------------|-------------|
|-------------------------------------------------------|

Current time: 2024-11-21 00:43:34
MCMC time 1.1 hours 

USED COMPONENTS: 58 OF 74 

rel. MC standard error: 0.00868 to 0.0587
eff. sample size: 290 to 13300
needed thinning: 2 to 79
Diagnostics time 0.39 secs 

Total number of iterations 15159 - required further 612 

Chain # 20 - chunk 32 (chain 1 of 1 for this core): increasing by 613 

Iterations: 613 
|-------------|-------------|-------------|-------------|
|-------------------------------------------------------|

Current time: 2024-11-21 00:46:07
MCMC time 1.1 hours 

USED COMPONENTS: 57 OF 74 

rel. MC standard error: 0.00835 to 0.0584
eff. sample size: 294 to 14400
needed thinning: 2 to 81
Diagnostics time 0.35 secs 

Total number of iterations 15772 - required further 628 

Chain # 20 - chunk 33 (chain 1 of 1 for this core): increasing by 629 

Iterations: 629 
|-------------|-------------|-------------|-------------|
|-------------------------------------------------------|

Current time: 2024-11-21 00:48:43
MCMC time 1.2 hours 

USED COMPONENTS: 58 OF 74 

rel. MC standard error: 0.00762 to 0.0571
eff. sample size: 307 to 17200
needed thinning: 2 to 81
Diagnostics time 0.35 secs 

Total number of iterations 16401 - required further 628 

Chain # 20 - chunk 34 (chain 1 of 1 for this core): increasing by 629 

Iterations: 629 
|-------------|-------------|-------------|-------------|
|-------------------------------------------------------|

Current time: 2024-11-21 00:51:20
MCMC time 1.2 hours 

USED COMPONENTS: 58 OF 74 

rel. MC standard error: 0.00763 to 0.0564
eff. sample size: 315 to 17200
needed thinning: 2 to 82
Diagnostics time 0.43 secs 

Total number of iterations 17030 - required further 636 

Chain # 20 - chunk 35 (chain 1 of 1 for this core): increasing by 637 

Iterations: 637 
|-------------|-------------|-------------|-------------|
|-------------------------------------------------------|

Current time: 2024-11-21 00:53:59
MCMC time 1.3 hours 

USED COMPONENTS: 57 OF 74 

rel. MC standard error: 0.00787 to 0.0556
eff. sample size: 324 to 16200
needed thinning: 2 to 82
Diagnostics time 1 secs 

Total number of iterations 17667 - required further 636 

Chain # 20 - chunk 36 (chain 1 of 1 for this core): increasing by 637 

Iterations: 637 
|-------------|-------------|-------------|-------------|
|-------------------------------------------------------|

Current time: 2024-11-21 00:56:37
MCMC time 1.3 hours 

USED COMPONENTS: 59 OF 74 

rel. MC standard error: 0.00755 to 0.0544
eff. sample size: 337 to 17500
needed thinning: 2 to 82
Diagnostics time 0.34 secs 

Total number of iterations 18304 - required further 636 

Chain # 20 - chunk 37 (chain 1 of 1 for this core): increasing by 637 

Iterations: 637 
|-------------|-------------|-------------|-------------|
|-------------------------------------------------------|

Current time: 2024-11-21 00:59:15
MCMC time 1.3 hours 

USED COMPONENTS: 59 OF 74 

rel. MC standard error: 0.00677 to 0.0544
eff. sample size: 338 to 21800
needed thinning: 2 to 85
Diagnostics time 0.35 secs 

Total number of iterations 18941 - required further 659 

Chain # 20 - chunk 38 (chain 1 of 1 for this core): increasing by 660 

Iterations: 660 
|-------------|-------------|-------------|-------------|
|-------------------------------------------------------|

Current time: 2024-11-21 01:01:59
MCMC time 1.4 hours 

USED COMPONENTS: 60 OF 74 

rel. MC standard error: 0.00724 to 0.0543
eff. sample size: 339 to 19100
needed thinning: 2 to 87
Diagnostics time 1 secs 

Total number of iterations 19601 - required further 674 

Chain # 20 - chunk 39 (chain 1 of 1 for this core): increasing by 675 

Iterations: 675 
|-------------|-------------|-------------|-------------|
|-------------------------------------------------------|

Current time: 2024-11-21 01:04:47
MCMC time 1.4 hours 

USED COMPONENTS: 59 OF 74 

rel. MC standard error: 0.00712 to 0.0534
eff. sample size: 351 to 19800
needed thinning: 2 to 87
Diagnostics time 0.35 secs 

Total number of iterations 20276 - required further 674 

Chain # 20 - chunk 40 (chain 1 of 1 for this core): increasing by 675 

Iterations: 675 
|-------------|-------------|-------------|-------------|
|-------------------------------------------------------|

Current time: 2024-11-21 01:07:34
MCMC time 1.5 hours 

USED COMPONENTS: 59 OF 74 

rel. MC standard error: 0.00693 to 0.0525
eff. sample size: 363 to 20800
needed thinning: 2 to 87
Diagnostics time 0.43 secs 

Total number of iterations 20951 - required further 674 

Chain # 20 - chunk 41 (chain 1 of 1 for this core): increasing by 675 

Iterations: 675 
|-------------|-------------|-------------|-------------|
|-------------------------------------------------------|

Current time: 2024-11-21 01:10:21
MCMC time 1.5 hours 

USED COMPONENTS: 58 OF 74 

rel. MC standard error: 0.00714 to 0.0525
eff. sample size: 362 to 19600
needed thinning: 2 to 90
Diagnostics time 0.37 secs 

Total number of iterations 21626 - required further 698 

Chain # 20 - chunk 42 (chain 1 of 1 for this core): increasing by 699 

Iterations: 699 
|-------------|-------------|-------------|-------------|
|-------------------------------------------------------|

Current time: 2024-11-21 01:13:14
MCMC time 1.6 hours 

USED COMPONENTS: 59 OF 74 

rel. MC standard error: 0.00677 to 0.0523
eff. sample size: 366 to 21800
needed thinning: 2 to 92
Diagnostics time 0.39 secs 

Total number of iterations 22325 - required further 713 

Chain # 20 - chunk 43 (chain 1 of 1 for this core): increasing by 714 

Iterations: 714 
|-------------|-------------|-------------|-------------|
|-------------------------------------------------------|

Current time: 2024-11-21 01:16:11
MCMC time 1.6 hours 

USED COMPONENTS: 59 OF 74 

rel. MC standard error: 0.00636 to 0.0516
eff. sample size: 375 to 24700
needed thinning: 2 to 93
Diagnostics time 0.46 secs 

Total number of iterations 23039 - required further 721 

Chain # 20 - chunk 44 (chain 1 of 1 for this core): increasing by 722 

Iterations: 722 
|-------------|-------------|-------------|-------------|
|-------------------------------------------------------|

Current time: 2024-11-21 01:19:10
MCMC time 1.7 hours 

USED COMPONENTS: 59 OF 74 

rel. MC standard error: 0.00663 to 0.0512
eff. sample size: 381 to 22700
needed thinning: 2 to 94
Diagnostics time 0.48 secs 

Total number of iterations 23761 - required further 729 

Chain # 20 - chunk 45 (chain 1 of 1 for this core): increasing by 730 

Iterations: 730 
|-------------|-------------|-------------|-------------|
|-------------------------------------------------------|

Current time: 2024-11-21 01:22:11
MCMC time 1.7 hours 

USED COMPONENTS: 60 OF 74 

rel. MC standard error: 0.00626 to 0.0505
eff. sample size: 392 to 25500
needed thinning: 2 to 94
Diagnostics time 0.35 secs 

Total number of iterations 24491 - required further 729 

Chain # 20 - chunk 46 (chain 1 of 1 for this core): increasing by 730 

Iterations: 730 
|-------------|-------------|-------------|-------------|
|-------------------------------------------------------|

Current time: 2024-11-21 01:25:12
MCMC time 1.8 hours 

USED COMPONENTS: 58 OF 74 

rel. MC standard error: 0.00654 to 0.0498
eff. sample size: 403 to 23400
needed thinning: 2 to 94
Diagnostics time 0.4 secs 

Total number of iterations 25221 - required further 0 

Keeping last 60 samples with thinning 94 

Plotting traces and samples.

Current time: 2024-11-21 01:25:14
MCMC + diagnostics time 1.8 hours 

Current time: 2024-11-21 01:25:14
Total time 1.8 hours 
loaded inferno and set parent environment
loaded inferno and set parent environment
loaded inferno and set parent environment
loaded inferno and set parent environment
Error in gzfile(file, "rb") : cannot open the connection
Calls: <Anonymous> -> cleanup -> loadNamespace -> readRDS -> gzfile
In addition: Warning message:
In gzfile(file, "rb") :
  cannot open compressed file '/usr/lib/R/library/tools/Meta/nsInfo.rds', probable reason 'Transport endpoint is not connected'
