Log core 14 - Current time: 2024-11-20 23:30:54
Defining model
Building model
Setting data and initial values
Running calculate on model
  [Note] Any error reports that follow may simply reflect missing values in model variables.
Checking model sizes and dimensions
Compiling
  [Note] This may take a minute.
  [Note] Use 'showCompilerOutput = TRUE' to see C++ compilation details.
===== Monitors =====
thin = 1: Bprob, Rmean, Rvar, W
thin2 = 1: K
===== Samplers =====
conjugate sampler (519)
  - Rmean[]  (148 elements)
  - Rrate[]  (148 elements)
  - Bprob[]  (74 elements)
  - Rvar[]  (148 elements)
  - W[1:74] 
categorical sampler (3301)
  - Alpha
  - K[]  (3300 elements)
===== Monitors =====
thin = 1: Bprob, Rmean, Rvar, W
thin2 = 1: K
===== Samplers =====
slice sampler (3301)
  - Alpha
  - K[]  (3300 elements)
conjugate sampler (519)
  - Rmean[]  (148 elements)
  - Rrate[]  (148 elements)
  - Bprob[]  (74 elements)
  - Rvar[]  (148 elements)
  - W[1:74] 
Compiling
  [Note] This may take a minute.
  [Note] Use 'showCompilerOutput = TRUE' to see C++ compilation details.

Setup time 7.9 mins 

Chain # 14 (chain 1 of 1 for this core)

Datapoints for testing convergence:
 #156 #295 #657 #930 #950 #957 #1001 #1382 #1385 #1506 #1737 #1780 #1881 #2126 #2250 #2375 #2488 #2610 #2917 #3261 

Iterations: 3600 
|-------------|-------------|-------------|-------------|
|-------------------------------------------------------|

Current time: 2024-11-20 23:54:41
MCMC time 16 mins 

USED COMPONENTS: 61 OF 74 

rel. MC standard error: 0.0149 to 0.11
eff. sample size: 82.2 to 4490
needed thinning: 2 to 66
Diagnostics time 2.5 secs 

Total number of iterations 3600 - required further 512 

Chain # 14 - chunk 2 (chain 1 of 1 for this core): increasing by 513 

Iterations: 513 
|-------------|-------------|-------------|-------------|
|-------------------------------------------------------|

Current time: 2024-11-20 23:57:00
MCMC time 18 mins 

USED COMPONENTS: 59 OF 74 

rel. MC standard error: 0.0147 to 0.106
eff. sample size: 89 to 4600
needed thinning: 2 to 70
Diagnostics time 0.32 secs 

Total number of iterations 4113 - required further 543 

Chain # 14 - chunk 3 (chain 1 of 1 for this core): increasing by 544 

Iterations: 544 
|-------------|-------------|-------------|-------------|
|-------------------------------------------------------|

Current time: 2024-11-20 23:59:26
MCMC time 21 mins 

USED COMPONENTS: 59 OF 74 

rel. MC standard error: 0.0143 to 0.102
eff. sample size: 95.4 to 4870
needed thinning: 2 to 74
Diagnostics time 0.32 secs 

Total number of iterations 4657 - required further 574 

Chain # 14 - chunk 4 (chain 1 of 1 for this core): increasing by 575 

Iterations: 575 
|-------------|-------------|-------------|-------------|
|-------------------------------------------------------|

Current time: 2024-11-21 00:01:57
MCMC time 23 mins 

USED COMPONENTS: 60 OF 74 

rel. MC standard error: 0.0139 to 0.0982
eff. sample size: 104 to 5200
needed thinning: 2 to 76
Diagnostics time 0.34 secs 

Total number of iterations 5232 - required further 589 

Chain # 14 - chunk 5 (chain 1 of 1 for this core): increasing by 590 

Iterations: 590 
|-------------|-------------|-------------|-------------|
|-------------------------------------------------------|

Current time: 2024-11-21 00:04:32
MCMC time 26 mins 

USED COMPONENTS: 60 OF 74 

rel. MC standard error: 0.0125 to 0.0939
eff. sample size: 113 to 6440
needed thinning: 2 to 78
Diagnostics time 0.36 secs 

Total number of iterations 5822 - required further 605 

Chain # 14 - chunk 6 (chain 1 of 1 for this core): increasing by 606 

Iterations: 606 
|-------------|-------------|-------------|-------------|
|-------------------------------------------------------|

Current time: 2024-11-21 00:07:11
MCMC time 28 mins 

USED COMPONENTS: 59 OF 74 

rel. MC standard error: 0.0116 to 0.094
eff. sample size: 113 to 7430
needed thinning: 2 to 86
Diagnostics time 0.4 secs 

Total number of iterations 6428 - required further 667 

Chain # 14 - chunk 7 (chain 1 of 1 for this core): increasing by 668 

Iterations: 668 
|-------------|-------------|-------------|-------------|
|-------------------------------------------------------|

Current time: 2024-11-21 00:10:05
MCMC time 31 mins 

USED COMPONENTS: 58 OF 74 

rel. MC standard error: 0.0106 to 0.0914
eff. sample size: 120 to 8870
needed thinning: 2 to 89
Diagnostics time 0.37 secs 

Total number of iterations 7096 - required further 690 

Chain # 14 - chunk 8 (chain 1 of 1 for this core): increasing by 691 

Iterations: 691 
|-------------|-------------|-------------|-------------|
|-------------------------------------------------------|

Current time: 2024-11-21 00:13:04
MCMC time 34 mins 

USED COMPONENTS: 60 OF 74 

rel. MC standard error: 0.0106 to 0.0892
eff. sample size: 126 to 8820
needed thinning: 2 to 93
Diagnostics time 0.47 secs 

Total number of iterations 7787 - required further 721 

Chain # 14 - chunk 9 (chain 1 of 1 for this core): increasing by 722 

Iterations: 722 
|-------------|-------------|-------------|-------------|
|-------------------------------------------------------|

Current time: 2024-11-21 00:16:11
MCMC time 37 mins 

USED COMPONENTS: 60 OF 74 

rel. MC standard error: 0.011 to 0.0867
eff. sample size: 133 to 8270
needed thinning: 2 to 96
Diagnostics time 0.38 secs 

Total number of iterations 8509 - required further 744 

Chain # 14 - chunk 10 (chain 1 of 1 for this core): increasing by 745 

Iterations: 745 
|-------------|-------------|-------------|-------------|
|-------------------------------------------------------|

Current time: 2024-11-21 00:19:22
MCMC time 41 mins 

USED COMPONENTS: 59 OF 74 

rel. MC standard error: 0.0101 to 0.0852
eff. sample size: 138 to 9810
needed thinning: 2 to 101
Diagnostics time 0.49 secs 

Total number of iterations 9254 - required further 783 

Chain # 14 - chunk 11 (chain 1 of 1 for this core): increasing by 784 

Iterations: 784 
|-------------|-------------|-------------|-------------|
|-------------------------------------------------------|

Current time: 2024-11-21 00:22:45
MCMC time 44 mins 

USED COMPONENTS: 59 OF 74 

rel. MC standard error: 0.01 to 0.0834
eff. sample size: 144 to 9930
needed thinning: 2 to 105
Diagnostics time 0.42 secs 

Total number of iterations 10038 - required further 814 

Chain # 14 - chunk 12 (chain 1 of 1 for this core): increasing by 815 

Iterations: 815 
|-------------|-------------|-------------|-------------|
|-------------------------------------------------------|

Current time: 2024-11-21 00:26:15
MCMC time 47 mins 

USED COMPONENTS: 59 OF 74 

rel. MC standard error: 0.00947 to 0.0806
eff. sample size: 154 to 11200
needed thinning: 2 to 106
Diagnostics time 1.2 secs 

Total number of iterations 10853 - required further 822 

Chain # 14 - chunk 13 (chain 1 of 1 for this core): increasing by 823 

Iterations: 823 
|-------------|-------------|-------------|-------------|
|-------------------------------------------------------|

Current time: 2024-11-21 00:29:47
MCMC time 51 mins 

USED COMPONENTS: 58 OF 74 

rel. MC standard error: 0.00921 to 0.079
eff. sample size: 160 to 11800
needed thinning: 2 to 110
Diagnostics time 0.43 secs 

Total number of iterations 11676 - required further 853 

Chain # 14 - chunk 14 (chain 1 of 1 for this core): increasing by 854 

Iterations: 854 
|-------------|-------------|-------------|-------------|
|-------------------------------------------------------|

Current time: 2024-11-21 00:33:26
MCMC time 55 mins 

USED COMPONENTS: 58 OF 74 

rel. MC standard error: 0.00875 to 0.0772
eff. sample size: 168 to 13100
needed thinning: 2 to 112
Diagnostics time 0.51 secs 

Total number of iterations 12530 - required further 868 

Chain # 14 - chunk 15 (chain 1 of 1 for this core): increasing by 869 

Iterations: 869 
|-------------|-------------|-------------|-------------|
|-------------------------------------------------------|

Current time: 2024-11-21 00:37:08
MCMC time 58 mins 

USED COMPONENTS: 57 OF 74 

rel. MC standard error: 0.00864 to 0.0754
eff. sample size: 176 to 13400
needed thinning: 2 to 115
Diagnostics time 0.47 secs 

Total number of iterations 13399 - required further 891 

Chain # 14 - chunk 16 (chain 1 of 1 for this core): increasing by 892 

Iterations: 892 
|-------------|-------------|-------------|-------------|
|-------------------------------------------------------|

Current time: 2024-11-21 00:40:57
MCMC time 1 hours 

USED COMPONENTS: 59 OF 74 

rel. MC standard error: 0.0083 to 0.0744
eff. sample size: 181 to 14500
needed thinning: 2 to 119
Diagnostics time 1.2 secs 

Total number of iterations 14291 - required further 922 

Chain # 14 - chunk 17 (chain 1 of 1 for this core): increasing by 923 

Iterations: 923 
|-------------|-------------|-------------|-------------|
|-------------------------------------------------------|

Current time: 2024-11-21 00:44:53
MCMC time 1.1 hours 

USED COMPONENTS: 59 OF 74 

rel. MC standard error: 0.00772 to 0.073
eff. sample size: 187 to 16800
needed thinning: 2 to 122
Diagnostics time 0.47 secs 

Total number of iterations 15214 - required further 946 

Chain # 14 - chunk 18 (chain 1 of 1 for this core): increasing by 947 

Iterations: 947 
|-------------|-------------|-------------|-------------|
|-------------------------------------------------------|

Current time: 2024-11-21 00:48:54
MCMC time 1.2 hours 

USED COMPONENTS: 58 OF 74 

rel. MC standard error: 0.00754 to 0.072
eff. sample size: 193 to 17600
needed thinning: 2 to 126
Diagnostics time 0.47 secs 

Total number of iterations 16161 - required further 976 

Chain # 14 - chunk 19 (chain 1 of 1 for this core): increasing by 977 

Iterations: 977 
|-------------|-------------|-------------|-------------|
|-------------------------------------------------------|

Current time: 2024-11-21 00:53:03
MCMC time 1.2 hours 

USED COMPONENTS: 59 OF 74 

rel. MC standard error: 0.00745 to 0.0703
eff. sample size: 203 to 18000
needed thinning: 2 to 127
Diagnostics time 1.2 secs 

Total number of iterations 17138 - required further 984 

Chain # 14 - chunk 20 (chain 1 of 1 for this core): increasing by 985 

Iterations: 985 
|-------------|-------------|-------------|-------------|
|-------------------------------------------------------|

Current time: 2024-11-21 00:57:10
MCMC time 1.3 hours 

USED COMPONENTS: 60 OF 74 

rel. MC standard error: 0.00741 to 0.0664
eff. sample size: 227 to 18200
needed thinning: 2 to 121
Diagnostics time 0.5 secs 

Total number of iterations 18123 - required further 938 

Chain # 14 - chunk 21 (chain 1 of 1 for this core): increasing by 939 

Iterations: 939 
|-------------|-------------|-------------|-------------|
|-------------------------------------------------------|

Current time: 2024-11-21 01:01:06
MCMC time 1.4 hours 

USED COMPONENTS: 59 OF 74 

rel. MC standard error: 0.00718 to 0.0669
eff. sample size: 224 to 19400
needed thinning: 2 to 128
Diagnostics time 0.5 secs 

Total number of iterations 19062 - required further 992 

Chain # 14 - chunk 22 (chain 1 of 1 for this core): increasing by 993 

Iterations: 993 
|-------------|-------------|-------------|-------------|
|-------------------------------------------------------|

Current time: 2024-11-21 01:05:15
MCMC time 1.4 hours 

USED COMPONENTS: 58 OF 74 

rel. MC standard error: 0.00721 to 0.0653
eff. sample size: 234 to 19300
needed thinning: 2 to 129
Diagnostics time 1.2 secs 

Total number of iterations 20055 - required further 1000 

Chain # 14 - chunk 23 (chain 1 of 1 for this core): increasing by 1001 

Iterations: 1001 
|-------------|-------------|-------------|-------------|
|-------------------------------------------------------|

Current time: 2024-11-21 01:09:27
MCMC time 1.5 hours 

USED COMPONENTS: 59 OF 74 

rel. MC standard error: 0.00678 to 0.0644
eff. sample size: 241 to 21800
needed thinning: 2 to 131
Diagnostics time 0.51 secs 

Total number of iterations 21056 - required further 1015 

Chain # 14 - chunk 24 (chain 1 of 1 for this core): increasing by 1016 

Iterations: 1016 
|-------------|-------------|-------------|-------------|
|-------------------------------------------------------|

Current time: 2024-11-21 01:13:42
MCMC time 1.6 hours 

USED COMPONENTS: 59 OF 74 

rel. MC standard error: 0.00654 to 0.0624
eff. sample size: 257 to 23300
needed thinning: 2 to 129
Diagnostics time 0.57 secs 

Total number of iterations 22072 - required further 1000 

Chain # 14 - chunk 25 (chain 1 of 1 for this core): increasing by 1001 

Iterations: 1001 
|-------------|-------------|-------------|-------------|
|-------------------------------------------------------|

Current time: 2024-11-21 01:17:53
MCMC time 1.7 hours 

USED COMPONENTS: 59 OF 74 

rel. MC standard error: 0.0064 to 0.0623
eff. sample size: 258 to 24400
needed thinning: 2 to 135
Diagnostics time 1.2 secs 

Total number of iterations 23073 - required further 1046 

Chain # 14 - chunk 26 (chain 1 of 1 for this core): increasing by 1047 

Iterations: 1047 
|-------------|-------------|-------------|-------------|
|-------------------------------------------------------|

Current time: 2024-11-21 01:22:17
MCMC time 1.7 hours 

USED COMPONENTS: 57 OF 74 

rel. MC standard error: 0.00654 to 0.0618
eff. sample size: 262 to 23400
needed thinning: 2 to 139
Diagnostics time 1.3 secs 

Total number of iterations 24120 - required further 1077 

Chain # 14 - chunk 27 (chain 1 of 1 for this core): increasing by 1078 

Iterations: 1078 
|-------------|-------------|-------------|-------------|
|-------------------------------------------------------|

Current time: 2024-11-21 01:26:51
MCMC time 1.8 hours 

USED COMPONENTS: 59 OF 74 

rel. MC standard error: 0.00642 to 0.06
eff. sample size: 278 to 24300
needed thinning: 2 to 137
Diagnostics time 0.53 secs 

Total number of iterations 25198 - required further 1062 

Chain # 14 - chunk 28 (chain 1 of 1 for this core): increasing by 1063 

Iterations: 1063 
|-------------|-------------|-------------|-------------|
|-------------------------------------------------------|

Current time: 2024-11-21 01:31:21
MCMC time 1.9 hours 

USED COMPONENTS: 58 OF 74 

rel. MC standard error: 0.00607 to 0.0599
eff. sample size: 279 to 27200
needed thinning: 2 to 142
Diagnostics time 0.54 secs 

Total number of iterations 26261 - required further 1100 

Chain # 14 - chunk 29 (chain 1 of 1 for this core): increasing by 1101 

Iterations: 1101 
|-------------|-------------|-------------|-------------|
|-------------------------------------------------------|

Current time: 2024-11-21 01:36:00
MCMC time 2 hours 

USED COMPONENTS: 58 OF 74 

rel. MC standard error: 0.00575 to 0.0602
eff. sample size: 276 to 30200
needed thinning: 2 to 149
Diagnostics time 0.64 secs 

Total number of iterations 27362 - required further 1155 

Chain # 14 - chunk 30 (chain 1 of 1 for this core): increasing by 1156 

Iterations: 1156 
|-------------|-------------|-------------|-------------|
|-------------------------------------------------------|

Current time: 2024-11-21 01:40:53
MCMC time 2 hours 

USED COMPONENTS: 58 OF 74 

rel. MC standard error: 0.00578 to 0.0589
eff. sample size: 288 to 29900
needed thinning: 2 to 149
Diagnostics time 0.63 secs 

Total number of iterations 28518 - required further 1155 

Chain # 14 - chunk 31 (chain 1 of 1 for this core): increasing by 1156 

Iterations: 1156 
|-------------|-------------|-------------|-------------|
|-------------------------------------------------------|

Current time: 2024-11-21 01:45:46
MCMC time 2.1 hours 

USED COMPONENTS: 59 OF 74 

rel. MC standard error: 0.00557 to 0.0591
eff. sample size: 287 to 32300
needed thinning: 2 to 156
Diagnostics time 1.2 secs 

Total number of iterations 29674 - required further 1209 

Chain # 14 - chunk 32 (chain 1 of 1 for this core): increasing by 1210 

Iterations: 1210 
|-------------|-------------|-------------|-------------|
|-------------------------------------------------------|

Current time: 2024-11-21 01:50:56
MCMC time 2.2 hours 

USED COMPONENTS: 59 OF 74 

rel. MC standard error: 0.00556 to 0.0584
eff. sample size: 293 to 32300
needed thinning: 2 to 158
Diagnostics time 0.64 secs 

Total number of iterations 30884 - required further 1224 

Chain # 14 - chunk 33 (chain 1 of 1 for this core): increasing by 1225 

Iterations: 1225 
|-------------|-------------|-------------|-------------|
|-------------------------------------------------------|

Current time: 2024-11-21 01:56:08
MCMC time 2.3 hours 

USED COMPONENTS: 58 OF 74 

rel. MC standard error: 0.00545 to 0.0581
eff. sample size: 297 to 33700
needed thinning: 2 to 163
Diagnostics time 0.55 secs 

Total number of iterations 32109 - required further 1263 

Chain # 14 - chunk 34 (chain 1 of 1 for this core): increasing by 1264 

Iterations: 1264 
|-------------|-------------|-------------|-------------|
|-------------------------------------------------------|

Current time: 2024-11-21 02:01:22
MCMC time 2.4 hours 

USED COMPONENTS: 59 OF 74 

rel. MC standard error: 0.00499 to 0.0573
eff. sample size: 305 to 40200
needed thinning: 2 to 165
Diagnostics time 1.3 secs 

Total number of iterations 33373 - required further 1279 

Chain # 14 - chunk 35 (chain 1 of 1 for this core): increasing by 1280 

Iterations: 1280 
|-------------|-------------|-------------|-------------|
|-------------------------------------------------------|

Current time: 2024-11-21 02:06:40
MCMC time 2.5 hours 

USED COMPONENTS: 58 OF 74 

rel. MC standard error: 0.00496 to 0.057
eff. sample size: 308 to 40600
needed thinning: 2 to 169
Diagnostics time 0.6 secs 

Total number of iterations 34653 - required further 1310 

Chain # 14 - chunk 36 (chain 1 of 1 for this core): increasing by 1311 

Iterations: 1311 
|-------------|-------------|-------------|-------------|
|-------------------------------------------------------|

Current time: 2024-11-21 02:12:06
MCMC time 2.6 hours 

USED COMPONENTS: 59 OF 74 

rel. MC standard error: 0.00504 to 0.0565
eff. sample size: 314 to 39300
needed thinning: 2 to 173
Diagnostics time 0.65 secs 

Total number of iterations 35964 - required further 1341 

Chain # 14 - chunk 37 (chain 1 of 1 for this core): increasing by 1342 

Iterations: 1342 
|-------------|-------------|-------------|-------------|
|-------------------------------------------------------|

Current time: 2024-11-21 02:17:39
MCMC time 2.6 hours 

USED COMPONENTS: 60 OF 74 

rel. MC standard error: 0.00512 to 0.0548
eff. sample size: 333 to 38200
needed thinning: 2 to 169
Diagnostics time 0.69 secs 

Total number of iterations 37306 - required further 1310 

Chain # 14 - chunk 38 (chain 1 of 1 for this core): increasing by 1311 

Iterations: 1311 
|-------------|-------------|-------------|-------------|
|-------------------------------------------------------|

Current time: 2024-11-21 02:23:04
MCMC time 2.7 hours 

USED COMPONENTS: 58 OF 74 

rel. MC standard error: 0.00508 to 0.0545
eff. sample size: 337 to 38800
needed thinning: 2 to 172
Diagnostics time 1.3 secs 

Total number of iterations 38617 - required further 1333 

Chain # 14 - chunk 39 (chain 1 of 1 for this core): increasing by 1334 

Iterations: 1334 
|-------------|-------------|-------------|-------------|
|-------------------------------------------------------|

Current time: 2024-11-21 02:28:36
MCMC time 2.8 hours 

USED COMPONENTS: 58 OF 74 

rel. MC standard error: 0.00469 to 0.0532
eff. sample size: 354 to 45500
needed thinning: 2 to 170
Diagnostics time 0.63 secs 

Total number of iterations 39951 - required further 1317 

Chain # 14 - chunk 40 (chain 1 of 1 for this core): increasing by 1318 

Iterations: 1318 
|-------------|-------------|-------------|-------------|
|-------------------------------------------------------|

Current time: 2024-11-21 02:34:03
MCMC time 2.9 hours 

USED COMPONENTS: 58 OF 74 

rel. MC standard error: 0.00493 to 0.0535
eff. sample size: 350 to 41200
needed thinning: 2 to 178
Diagnostics time 0.66 secs 

Total number of iterations 41269 - required further 1379 

Chain # 14 - chunk 41 (chain 1 of 1 for this core): increasing by 1380 

Iterations: 1380 
|-------------|-------------|-------------|-------------|
|-------------------------------------------------------|

Current time: 2024-11-21 02:39:45
MCMC time 3 hours 

USED COMPONENTS: 58 OF 74 

rel. MC standard error: 0.00462 to 0.0534
eff. sample size: 351 to 46800
needed thinning: 2 to 183
Diagnostics time 1.3 secs 

Total number of iterations 42649 - required further 1418 

Chain # 14 - chunk 42 (chain 1 of 1 for this core): increasing by 1419 

Iterations: 1419 
|-------------|-------------|-------------|-------------|
|-------------------------------------------------------|

Current time: 2024-11-21 02:45:38
MCMC time 3.1 hours 

USED COMPONENTS: 58 OF 74 

rel. MC standard error: 0.00459 to 0.0527
eff. sample size: 360 to 47500
needed thinning: 2 to 184
Diagnostics time 0.64 secs 

Total number of iterations 44068 - required further 1426 

Chain # 14 - chunk 43 (chain 1 of 1 for this core): increasing by 1427 

Iterations: 1427 
|-------------|-------------|-------------|-------------|
|-------------------------------------------------------|

Current time: 2024-11-21 02:51:32
MCMC time 3.2 hours 

USED COMPONENTS: 57 OF 74 

rel. MC standard error: 0.00457 to 0.0529
eff. sample size: 357 to 47800
needed thinning: 2 to 192
Diagnostics time 0.68 secs 

Total number of iterations 45495 - required further 1488 

Chain # 14 - chunk 44 (chain 1 of 1 for this core): increasing by 1489 

Iterations: 1489 
|-------------|-------------|-------------|-------------|
|-------------------------------------------------------|

Current time: 2024-11-21 02:57:42
MCMC time 3.3 hours 

USED COMPONENTS: 58 OF 74 

rel. MC standard error: 0.00466 to 0.052
eff. sample size: 370 to 46100
needed thinning: 2 to 191
Diagnostics time 0.65 secs 

Total number of iterations 46984 - required further 1480 

Chain # 14 - chunk 45 (chain 1 of 1 for this core): increasing by 1481 

Iterations: 1481 
|-------------|-------------|-------------|-------------|
|-------------------------------------------------------|

Current time: 2024-11-21 03:03:49
MCMC time 3.4 hours 

USED COMPONENTS: 58 OF 74 

rel. MC standard error: 0.00421 to 0.0523
eff. sample size: 365 to 56600
needed thinning: 2 to 200
Diagnostics time 0.73 secs 

Total number of iterations 48465 - required further 1550 

Chain # 14 - chunk 46 (chain 1 of 1 for this core): increasing by 1551 

Iterations: 1551 
|-------------|-------------|-------------|-------------|
|-------------------------------------------------------|

Current time: 2024-11-21 03:10:20
MCMC time 3.5 hours 

USED COMPONENTS: 57 OF 74 

rel. MC standard error: 0.00432 to 0.0511
eff. sample size: 383 to 53700
needed thinning: 2 to 197
Diagnostics time 1.3 secs 

Total number of iterations 50016 - required further 1526 

Chain # 14 - chunk 47 (chain 1 of 1 for this core): increasing by 1527 

Iterations: 1527 
|-------------|-------------|-------------|-------------|
|-------------------------------------------------------|

Current time: 2024-11-21 03:16:43
MCMC time 3.6 hours 

USED COMPONENTS: 57 OF 74 

rel. MC standard error: 0.00439 to 0.051
eff. sample size: 384 to 52000
needed thinning: 2 to 202
Diagnostics time 0.8 secs 

Total number of iterations 51543 - required further 1565 

Chain # 14 - chunk 48 (chain 1 of 1 for this core): increasing by 1566 

Iterations: 1566 
|-------------|-------------|-------------|-------------|
|-------------------------------------------------------|

Current time: 2024-11-21 03:23:15
MCMC time 3.7 hours 

USED COMPONENTS: 57 OF 74 

rel. MC standard error: 0.00441 to 0.0507
eff. sample size: 390 to 51400
needed thinning: 2 to 205
Diagnostics time 1.4 secs 

Total number of iterations 53109 - required further 1588 

Chain # 14 - chunk 49 (chain 1 of 1 for this core): increasing by 1589 

Iterations: 1589 
|-------------|-------------|-------------|-------------|
|-------------------------------------------------------|

Current time: 2024-11-21 03:29:53
MCMC time 3.9 hours 

USED COMPONENTS: 57 OF 74 

rel. MC standard error: 0.00398 to 0.0502
eff. sample size: 397 to 63000
needed thinning: 2 to 207
Diagnostics time 0.83 secs 

Total number of iterations 54698 - required further 1604 

Chain # 14 - chunk 50 (chain 1 of 1 for this core): increasing by 1605 

Iterations: 1605 
|-------------|-------------|-------------|-------------|
|-------------------------------------------------------|

Current time: 2024-11-21 03:36:35
MCMC time 4 hours 

USED COMPONENTS: 58 OF 74 

rel. MC standard error: 0.00418 to 0.05
eff. sample size: 400 to 57300
needed thinning: 2 to 211
Diagnostics time 1.5 secs 

Total number of iterations 56303 - required further 0 

Keeping last 60 samples with thinning 211 

Plotting traces and samples.

Current time: 2024-11-21 03:36:40
MCMC + diagnostics time 4 hours 

Current time: 2024-11-21 03:36:40
Total time 4 hours 
loaded inferno and set parent environment
loaded inferno and set parent environment
loaded inferno and set parent environment
loaded inferno and set parent environment
Error in gzfile(file, "rb") : cannot open the connection
Calls: <Anonymous> -> cleanup -> loadNamespace -> readRDS -> gzfile
In addition: Warning message:
In gzfile(file, "rb") :
  cannot open compressed file '/usr/lib/R/library/tools/Meta/nsInfo.rds', probable reason 'Transport endpoint is not connected'
