Log core 5 - Current time: 2024-11-20 23:30:54
Defining model
Building model
Setting data and initial values
Running calculate on model
  [Note] Any error reports that follow may simply reflect missing values in model variables.
Checking model sizes and dimensions
Compiling
  [Note] This may take a minute.
  [Note] Use 'showCompilerOutput = TRUE' to see C++ compilation details.
===== Monitors =====
thin = 1: Bprob, Rmean, Rvar, W
thin2 = 1: K
===== Samplers =====
conjugate sampler (519)
  - Rmean[]  (148 elements)
  - Rrate[]  (148 elements)
  - Bprob[]  (74 elements)
  - Rvar[]  (148 elements)
  - W[1:74] 
categorical sampler (3301)
  - Alpha
  - K[]  (3300 elements)
===== Monitors =====
thin = 1: Bprob, Rmean, Rvar, W
thin2 = 1: K
===== Samplers =====
slice sampler (3301)
  - Alpha
  - K[]  (3300 elements)
conjugate sampler (519)
  - Rmean[]  (148 elements)
  - Rrate[]  (148 elements)
  - Bprob[]  (74 elements)
  - Rvar[]  (148 elements)
  - W[1:74] 
Compiling
  [Note] This may take a minute.
  [Note] Use 'showCompilerOutput = TRUE' to see C++ compilation details.

Setup time 13 mins 

Chain # 5 (chain 1 of 1 for this core)

Datapoints for testing convergence:
 #64 #651 #999 #1078 #1095 #1501 #1541 #1576 #1786 #1978 #2032 #2130 #2191 #2295 #2325 #2331 #2412 #2493 #2861 #3125 

Iterations: 3600 
|-------------|-------------|-------------|-------------|
|-------------------------------------------------------|

Current time: 2024-11-21 00:09:03
MCMC time 25 mins 

USED COMPONENTS: 64 OF 74 

rel. MC standard error: 0.0155 to 0.0443
eff. sample size: 510 to 4140
needed thinning: 2 to 11
Diagnostics time 2.3 secs 

Total number of iterations 3600 - required further 0 

Keeping last 60 samples with thinning 11 

Plotting traces and samples.

Current time: 2024-11-21 00:09:06
MCMC + diagnostics time 25 mins 

Current time: 2024-11-21 00:09:06
Total time 25 mins 
loaded inferno and set parent environment
loaded inferno and set parent environment
loaded inferno and set parent environment
loaded inferno and set parent environment
