Log core 15 - Current time: 2024-11-20 23:30:54
Defining model
Building model
Setting data and initial values
Running calculate on model
  [Note] Any error reports that follow may simply reflect missing values in model variables.
Checking model sizes and dimensions
Compiling
  [Note] This may take a minute.
  [Note] Use 'showCompilerOutput = TRUE' to see C++ compilation details.
===== Monitors =====
thin = 1: Bprob, Rmean, Rvar, W
thin2 = 1: K
===== Samplers =====
conjugate sampler (519)
  - Rmean[]  (148 elements)
  - Rrate[]  (148 elements)
  - Bprob[]  (74 elements)
  - Rvar[]  (148 elements)
  - W[1:74] 
categorical sampler (3301)
  - Alpha
  - K[]  (3300 elements)
===== Monitors =====
thin = 1: Bprob, Rmean, Rvar, W
thin2 = 1: K
===== Samplers =====
slice sampler (3301)
  - Alpha
  - K[]  (3300 elements)
conjugate sampler (519)
  - Rmean[]  (148 elements)
  - Rrate[]  (148 elements)
  - Bprob[]  (74 elements)
  - Rvar[]  (148 elements)
  - W[1:74] 
Compiling
  [Note] This may take a minute.
  [Note] Use 'showCompilerOutput = TRUE' to see C++ compilation details.

Setup time 7.8 mins 

Chain # 15 (chain 1 of 1 for this core)

Datapoints for testing convergence:
 #94 #325 #479 #531 #953 #1005 #1213 #1246 #1266 #1305 #1730 #1944 #2062 #2139 #2162 #2180 #2396 #2963 #3096 #3128 

Iterations: 3600 
|-------------|-------------|-------------|-------------|
|-------------------------------------------------------|

Current time: 2024-11-20 23:54:19
MCMC time 16 mins 

USED COMPONENTS: 61 OF 74 

rel. MC standard error: 0.0154 to 0.0717
eff. sample size: 194 to 4190
needed thinning: 2 to 28
Diagnostics time 2.4 secs 

Total number of iterations 3600 - required further 217 

Chain # 15 - chunk 2 (chain 1 of 1 for this core): increasing by 218 

Iterations: 218 
|-------------|-------------|-------------|-------------|
|-------------------------------------------------------|

Current time: 2024-11-20 23:55:19
MCMC time 17 mins 

USED COMPONENTS: 59 OF 74 

rel. MC standard error: 0.0157 to 0.0701
eff. sample size: 204 to 4050
needed thinning: 2 to 29
Diagnostics time 0.13 secs 

Total number of iterations 3818 - required further 225 

Chain # 15 - chunk 3 (chain 1 of 1 for this core): increasing by 226 

Iterations: 226 
|-------------|-------------|-------------|-------------|
|-------------------------------------------------------|

Current time: 2024-11-20 23:56:17
MCMC time 18 mins 

USED COMPONENTS: 59 OF 74 

rel. MC standard error: 0.0151 to 0.0683
eff. sample size: 214 to 4360
needed thinning: 2 to 29
Diagnostics time 0.19 secs 

Total number of iterations 4044 - required further 225 

Chain # 15 - chunk 4 (chain 1 of 1 for this core): increasing by 226 

Iterations: 226 
|-------------|-------------|-------------|-------------|
|-------------------------------------------------------|

Current time: 2024-11-20 23:57:16
MCMC time 19 mins 

USED COMPONENTS: 60 OF 74 

rel. MC standard error: 0.0147 to 0.0672
eff. sample size: 222 to 4630
needed thinning: 2 to 29
Diagnostics time 0.14 secs 

Total number of iterations 4270 - required further 225 

Chain # 15 - chunk 5 (chain 1 of 1 for this core): increasing by 226 

Iterations: 226 
|-------------|-------------|-------------|-------------|
|-------------------------------------------------------|

Current time: 2024-11-20 23:58:15
MCMC time 20 mins 

USED COMPONENTS: 59 OF 74 

rel. MC standard error: 0.014 to 0.0669
eff. sample size: 224 to 5070
needed thinning: 2 to 31
Diagnostics time 0.19 secs 

Total number of iterations 4496 - required further 241 

Chain # 15 - chunk 6 (chain 1 of 1 for this core): increasing by 242 

Iterations: 242 
|-------------|-------------|-------------|-------------|
|-------------------------------------------------------|

Current time: 2024-11-20 23:59:17
MCMC time 21 mins 

USED COMPONENTS: 59 OF 74 

rel. MC standard error: 0.0142 to 0.0649
eff. sample size: 237 to 4930
needed thinning: 2 to 30
Diagnostics time 0.14 secs 

Total number of iterations 4738 - required further 233 

Chain # 15 - chunk 7 (chain 1 of 1 for this core): increasing by 234 

Iterations: 234 
|-------------|-------------|-------------|-------------|
|-------------------------------------------------------|

Current time: 2024-11-21 00:00:17
MCMC time 22 mins 

USED COMPONENTS: 59 OF 74 

rel. MC standard error: 0.013 to 0.063
eff. sample size: 252 to 5900
needed thinning: 2 to 30
Diagnostics time 0.14 secs 

Total number of iterations 4972 - required further 233 

Chain # 15 - chunk 8 (chain 1 of 1 for this core): increasing by 234 

Iterations: 234 
|-------------|-------------|-------------|-------------|
|-------------------------------------------------------|

Current time: 2024-11-21 00:01:17
MCMC time 23 mins 

USED COMPONENTS: 59 OF 74 

rel. MC standard error: 0.013 to 0.0622
eff. sample size: 258 to 5910
needed thinning: 2 to 31
Diagnostics time 0.19 secs 

Total number of iterations 5206 - required further 241 

Chain # 15 - chunk 9 (chain 1 of 1 for this core): increasing by 242 

Iterations: 242 
|-------------|-------------|-------------|-------------|
|-------------------------------------------------------|

Current time: 2024-11-21 00:02:19
MCMC time 24 mins 

USED COMPONENTS: 59 OF 74 

rel. MC standard error: 0.0122 to 0.0606
eff. sample size: 273 to 6740
needed thinning: 2 to 30
Diagnostics time 0.19 secs 

Total number of iterations 5448 - required further 233 

Chain # 15 - chunk 10 (chain 1 of 1 for this core): increasing by 234 

Iterations: 234 
|-------------|-------------|-------------|-------------|
|-------------------------------------------------------|

Current time: 2024-11-21 00:03:19
MCMC time 25 mins 

USED COMPONENTS: 59 OF 74 

rel. MC standard error: 0.0129 to 0.059
eff. sample size: 287 to 6030
needed thinning: 2 to 30
Diagnostics time 0.2 secs 

Total number of iterations 5682 - required further 233 

Chain # 15 - chunk 11 (chain 1 of 1 for this core): increasing by 234 

Iterations: 234 
|-------------|-------------|-------------|-------------|
|-------------------------------------------------------|

Current time: 2024-11-21 00:04:19
MCMC time 26 mins 

USED COMPONENTS: 59 OF 74 

rel. MC standard error: 0.0119 to 0.0569
eff. sample size: 309 to 7010
needed thinning: 2 to 29
Diagnostics time 0.14 secs 

Total number of iterations 5916 - required further 225 

Chain # 15 - chunk 12 (chain 1 of 1 for this core): increasing by 226 

Iterations: 226 
|-------------|-------------|-------------|-------------|
|-------------------------------------------------------|

Current time: 2024-11-21 00:05:17
MCMC time 27 mins 

USED COMPONENTS: 59 OF 74 

rel. MC standard error: 0.012 to 0.0567
eff. sample size: 311 to 6980
needed thinning: 2 to 30
Diagnostics time 0.19 secs 

Total number of iterations 6142 - required further 233 

Chain # 15 - chunk 13 (chain 1 of 1 for this core): increasing by 234 

Iterations: 234 
|-------------|-------------|-------------|-------------|
|-------------------------------------------------------|

Current time: 2024-11-21 00:06:17
MCMC time 28 mins 

USED COMPONENTS: 59 OF 74 

rel. MC standard error: 0.0112 to 0.0557
eff. sample size: 322 to 7980
needed thinning: 2 to 30
Diagnostics time 0.14 secs 

Total number of iterations 6376 - required further 233 

Chain # 15 - chunk 14 (chain 1 of 1 for this core): increasing by 234 

Iterations: 234 
|-------------|-------------|-------------|-------------|
|-------------------------------------------------------|

Current time: 2024-11-21 00:07:17
MCMC time 29 mins 

USED COMPONENTS: 59 OF 74 

rel. MC standard error: 0.00993 to 0.0544
eff. sample size: 338 to 10100
needed thinning: 1 to 30
Diagnostics time 0.14 secs 

Total number of iterations 6610 - required further 233 

Chain # 15 - chunk 15 (chain 1 of 1 for this core): increasing by 234 

Iterations: 234 
|-------------|-------------|-------------|-------------|
|-------------------------------------------------------|

Current time: 2024-11-21 00:08:17
MCMC time 30 mins 

USED COMPONENTS: 59 OF 74 

rel. MC standard error: 0.0106 to 0.054
eff. sample size: 344 to 8960
needed thinning: 2 to 30
Diagnostics time 0.26 secs 

Total number of iterations 6844 - required further 233 

Chain # 15 - chunk 16 (chain 1 of 1 for this core): increasing by 234 

Iterations: 234 
|-------------|-------------|-------------|-------------|
|-------------------------------------------------------|

Current time: 2024-11-21 00:09:16
MCMC time 31 mins 

USED COMPONENTS: 59 OF 74 

rel. MC standard error: 0.0112 to 0.0541
eff. sample size: 342 to 8020
needed thinning: 2 to 32
Diagnostics time 0.14 secs 

Total number of iterations 7078 - required further 248 

Chain # 15 - chunk 17 (chain 1 of 1 for this core): increasing by 249 

Iterations: 249 
|-------------|-------------|-------------|-------------|
|-------------------------------------------------------|

Current time: 2024-11-21 00:10:19
MCMC time 32 mins 

USED COMPONENTS: 59 OF 74 

rel. MC standard error: 0.0103 to 0.0525
eff. sample size: 362 to 9390
needed thinning: 2 to 31
Diagnostics time 0.2 secs 

Total number of iterations 7327 - required further 241 

Chain # 15 - chunk 18 (chain 1 of 1 for this core): increasing by 242 

Iterations: 242 
|-------------|-------------|-------------|-------------|
|-------------------------------------------------------|

Current time: 2024-11-21 00:11:21
MCMC time 33 mins 

USED COMPONENTS: 59 OF 74 

rel. MC standard error: 0.0101 to 0.0529
eff. sample size: 358 to 9830
needed thinning: 2 to 32
Diagnostics time 0.14 secs 

Total number of iterations 7569 - required further 248 

Chain # 15 - chunk 19 (chain 1 of 1 for this core): increasing by 249 

Iterations: 249 
|-------------|-------------|-------------|-------------|
|-------------------------------------------------------|

Current time: 2024-11-21 00:12:24
MCMC time 34 mins 

USED COMPONENTS: 59 OF 74 

rel. MC standard error: 0.00955 to 0.0513
eff. sample size: 380 to 11000
needed thinning: 2 to 31
Diagnostics time 0.15 secs 

Total number of iterations 7818 - required further 241 

Chain # 15 - chunk 20 (chain 1 of 1 for this core): increasing by 242 

Iterations: 242 
|-------------|-------------|-------------|-------------|
|-------------------------------------------------------|

Current time: 2024-11-21 00:13:25
MCMC time 35 mins 

USED COMPONENTS: 59 OF 74 

rel. MC standard error: 0.0107 to 0.0503
eff. sample size: 395 to 8740
needed thinning: 2 to 31
Diagnostics time 0.19 secs 

Total number of iterations 8060 - required further 241 

Chain # 15 - chunk 21 (chain 1 of 1 for this core): increasing by 242 

Iterations: 242 
|-------------|-------------|-------------|-------------|
|-------------------------------------------------------|

Current time: 2024-11-21 00:14:26
MCMC time 36 mins 

USED COMPONENTS: 59 OF 74 

rel. MC standard error: 0.00903 to 0.0503
eff. sample size: 395 to 12300
needed thinning: 2 to 32
Diagnostics time 0.19 secs 

Total number of iterations 8302 - required further 248 

Chain # 15 - chunk 22 (chain 1 of 1 for this core): increasing by 249 

Iterations: 249 
|-------------|-------------|-------------|-------------|
|-------------------------------------------------------|

Current time: 2024-11-21 00:15:29
MCMC time 37 mins 

USED COMPONENTS: 59 OF 74 

rel. MC standard error: 0.00937 to 0.0498
eff. sample size: 404 to 11400
needed thinning: 2 to 32
Diagnostics time 0.19 secs 

Total number of iterations 8551 - required further 0 

Keeping last 60 samples with thinning 32 

Plotting traces and samples.

Current time: 2024-11-21 00:15:30
MCMC + diagnostics time 37 mins 

Current time: 2024-11-21 00:15:30
Total time 37 mins 
loaded inferno and set parent environment
loaded inferno and set parent environment
loaded inferno and set parent environment
loaded inferno and set parent environment
Error in gzfile(file, "rb") : cannot open the connection
Calls: <Anonymous> -> cleanup -> loadNamespace -> readRDS -> gzfile
In addition: Warning message:
In gzfile(file, "rb") :
  cannot open compressed file '/usr/lib/R/library/tools/Meta/nsInfo.rds', probable reason 'Transport endpoint is not connected'
