Log core 14 - Current time: 2024-11-21 10:08:55
Defining model
Building model
Setting data and initial values
Running calculate on model
  [Note] Any error reports that follow may simply reflect missing values in model variables.
Checking model sizes and dimensions
Compiling
  [Note] This may take a minute.
  [Note] Use 'showCompilerOutput = TRUE' to see C++ compilation details.
===== Monitors =====
thin = 1: Bprob, Rmean, Rvar, W
thin2 = 1: K
===== Samplers =====
conjugate sampler (519)
  - Rmean[]  (148 elements)
  - Rrate[]  (148 elements)
  - Bprob[]  (74 elements)
  - Rvar[]  (148 elements)
  - W[1:74] 
categorical sampler (3901)
  - Alpha
  - K[]  (3900 elements)
===== Monitors =====
thin = 1: Bprob, Rmean, Rvar, W
thin2 = 1: K
===== Samplers =====
slice sampler (3901)
  - Alpha
  - K[]  (3900 elements)
conjugate sampler (519)
  - Rmean[]  (148 elements)
  - Rrate[]  (148 elements)
  - Bprob[]  (74 elements)
  - Rvar[]  (148 elements)
  - W[1:74] 
Compiling
  [Note] This may take a minute.
  [Note] Use 'showCompilerOutput = TRUE' to see C++ compilation details.

Setup time 10 mins 

Chain # 14 (chain 1 of 1 for this core)

Datapoints for testing convergence:
 #110 #314 #608 #657 #905 #1000 #1045 #1106 #1812 #1892 #1922 #1937 #1952 #1993 #2174 #2246 #3303 #3426 #3553 #3877 

Iterations: 3600 
|-------------|-------------|-------------|-------------|
|-------------------------------------------------------|

Current time: 2024-11-21 10:37:56
MCMC time 19 mins 

USED COMPONENTS: 61 OF 74 

rel. MC standard error: 0.0137 to 0.0725
eff. sample size: 190 to 5330
needed thinning: 2 to 29
Diagnostics time 1.7 secs 

Total number of iterations 3600 - required further 225 

Chain # 14 - chunk 2 (chain 1 of 1 for this core): increasing by 226 

Iterations: 226 
|-------------|-------------|-------------|-------------|
|-------------------------------------------------------|

Current time: 2024-11-21 10:39:09
MCMC time 20 mins 

USED COMPONENTS: 61 OF 74 

rel. MC standard error: 0.0133 to 0.0701
eff. sample size: 203 to 5660
needed thinning: 2 to 29
Diagnostics time 1.1 secs 

Total number of iterations 3826 - required further 225 

Chain # 14 - chunk 3 (chain 1 of 1 for this core): increasing by 226 

Iterations: 226 
|-------------|-------------|-------------|-------------|
|-------------------------------------------------------|

Current time: 2024-11-21 10:40:20
MCMC time 21 mins 

USED COMPONENTS: 61 OF 74 

rel. MC standard error: 0.0145 to 0.068
eff. sample size: 216 to 4780
needed thinning: 2 to 29
Diagnostics time 0.14 secs 

Total number of iterations 4052 - required further 225 

Chain # 14 - chunk 4 (chain 1 of 1 for this core): increasing by 226 

Iterations: 226 
|-------------|-------------|-------------|-------------|
|-------------------------------------------------------|

Current time: 2024-11-21 10:41:32
MCMC time 23 mins 

USED COMPONENTS: 61 OF 74 

rel. MC standard error: 0.0143 to 0.0673
eff. sample size: 221 to 4880
needed thinning: 2 to 30
Diagnostics time 0.16 secs 

Total number of iterations 4278 - required further 233 

Chain # 14 - chunk 5 (chain 1 of 1 for this core): increasing by 234 

Iterations: 234 
|-------------|-------------|-------------|-------------|
|-------------------------------------------------------|

Current time: 2024-11-21 10:42:46
MCMC time 24 mins 

USED COMPONENTS: 61 OF 74 

rel. MC standard error: 0.0134 to 0.0653
eff. sample size: 235 to 5540
needed thinning: 2 to 29
Diagnostics time 0.2 secs 

Total number of iterations 4512 - required further 225 

Chain # 14 - chunk 6 (chain 1 of 1 for this core): increasing by 226 

Iterations: 226 
|-------------|-------------|-------------|-------------|
|-------------------------------------------------------|

Current time: 2024-11-21 10:43:57
MCMC time 25 mins 

USED COMPONENTS: 61 OF 74 

rel. MC standard error: 0.0136 to 0.0629
eff. sample size: 253 to 5400
needed thinning: 2 to 29
Diagnostics time 0.14 secs 

Total number of iterations 4738 - required further 225 

Chain # 14 - chunk 7 (chain 1 of 1 for this core): increasing by 226 

Iterations: 226 
|-------------|-------------|-------------|-------------|
|-------------------------------------------------------|

Current time: 2024-11-21 10:45:08
MCMC time 26 mins 

USED COMPONENTS: 61 OF 74 

rel. MC standard error: 0.0133 to 0.0621
eff. sample size: 259 to 5680
needed thinning: 2 to 29
Diagnostics time 0.22 secs 

Total number of iterations 4964 - required further 225 

Chain # 14 - chunk 8 (chain 1 of 1 for this core): increasing by 226 

Iterations: 226 
|-------------|-------------|-------------|-------------|
|-------------------------------------------------------|

Current time: 2024-11-21 10:46:20
MCMC time 27 mins 

USED COMPONENTS: 61 OF 74 

rel. MC standard error: 0.0125 to 0.0605
eff. sample size: 273 to 6370
needed thinning: 2 to 29
Diagnostics time 0.14 secs 

Total number of iterations 5190 - required further 225 

Chain # 14 - chunk 9 (chain 1 of 1 for this core): increasing by 226 

Iterations: 226 
|-------------|-------------|-------------|-------------|
|-------------------------------------------------------|

Current time: 2024-11-21 10:47:30
MCMC time 28 mins 

USED COMPONENTS: 61 OF 74 

rel. MC standard error: 0.0125 to 0.0603
eff. sample size: 275 to 6440
needed thinning: 2 to 30
Diagnostics time 0.14 secs 

Total number of iterations 5416 - required further 233 

Chain # 14 - chunk 10 (chain 1 of 1 for this core): increasing by 234 

Iterations: 234 
|-------------|-------------|-------------|-------------|
|-------------------------------------------------------|

Current time: 2024-11-21 10:48:42
MCMC time 30 mins 

USED COMPONENTS: 61 OF 74 

rel. MC standard error: 0.0124 to 0.0585
eff. sample size: 292 to 6540
needed thinning: 2 to 30
Diagnostics time 0.14 secs 

Total number of iterations 5650 - required further 233 

Chain # 14 - chunk 11 (chain 1 of 1 for this core): increasing by 234 

Iterations: 234 
|-------------|-------------|-------------|-------------|
|-------------------------------------------------------|

Current time: 2024-11-21 10:49:54
MCMC time 31 mins 

USED COMPONENTS: 61 OF 74 

rel. MC standard error: 0.0127 to 0.0569
eff. sample size: 309 to 6220
needed thinning: 2 to 29
Diagnostics time 0.14 secs 

Total number of iterations 5884 - required further 225 

Chain # 14 - chunk 12 (chain 1 of 1 for this core): increasing by 226 

Iterations: 226 
|-------------|-------------|-------------|-------------|
|-------------------------------------------------------|

Current time: 2024-11-21 10:51:06
MCMC time 32 mins 

USED COMPONENTS: 61 OF 74 

rel. MC standard error: 0.0123 to 0.0566
eff. sample size: 312 to 6580
needed thinning: 2 to 30
Diagnostics time 0.2 secs 

Total number of iterations 6110 - required further 233 

Chain # 14 - chunk 13 (chain 1 of 1 for this core): increasing by 234 

Iterations: 234 
|-------------|-------------|-------------|-------------|
|-------------------------------------------------------|

Current time: 2024-11-21 10:52:20
MCMC time 33 mins 

USED COMPONENTS: 61 OF 74 

rel. MC standard error: 0.0115 to 0.0556
eff. sample size: 324 to 7570
needed thinning: 2 to 30
Diagnostics time 0.14 secs 

Total number of iterations 6344 - required further 233 

Chain # 14 - chunk 14 (chain 1 of 1 for this core): increasing by 234 

Iterations: 234 
|-------------|-------------|-------------|-------------|
|-------------------------------------------------------|

Current time: 2024-11-21 10:53:33
MCMC time 35 mins 

USED COMPONENTS: 61 OF 74 

rel. MC standard error: 0.0114 to 0.0544
eff. sample size: 338 to 7760
needed thinning: 2 to 30
Diagnostics time 0.2 secs 

Total number of iterations 6578 - required further 233 

Chain # 14 - chunk 15 (chain 1 of 1 for this core): increasing by 234 

Iterations: 234 
|-------------|-------------|-------------|-------------|
|-------------------------------------------------------|

Current time: 2024-11-21 10:54:45
MCMC time 36 mins 

USED COMPONENTS: 62 OF 74 

rel. MC standard error: 0.0116 to 0.0528
eff. sample size: 359 to 7470
needed thinning: 2 to 29
Diagnostics time 0.14 secs 

Total number of iterations 6812 - required further 225 

Chain # 14 - chunk 16 (chain 1 of 1 for this core): increasing by 226 

Iterations: 226 
|-------------|-------------|-------------|-------------|
|-------------------------------------------------------|

Current time: 2024-11-21 10:55:57
MCMC time 37 mins 

USED COMPONENTS: 62 OF 74 

rel. MC standard error: 0.0111 to 0.0526
eff. sample size: 361 to 8130
needed thinning: 2 to 30
Diagnostics time 0.2 secs 

Total number of iterations 7038 - required further 233 

Chain # 14 - chunk 17 (chain 1 of 1 for this core): increasing by 234 

Iterations: 234 
|-------------|-------------|-------------|-------------|
|-------------------------------------------------------|

Current time: 2024-11-21 10:57:10
MCMC time 38 mins 

USED COMPONENTS: 61 OF 74 

rel. MC standard error: 0.0112 to 0.0512
eff. sample size: 381 to 7960
needed thinning: 2 to 29
Diagnostics time 0.14 secs 

Total number of iterations 7272 - required further 225 

Chain # 14 - chunk 18 (chain 1 of 1 for this core): increasing by 226 

Iterations: 226 
|-------------|-------------|-------------|-------------|
|-------------------------------------------------------|

Current time: 2024-11-21 10:58:19
MCMC time 39 mins 

USED COMPONENTS: 61 OF 74 

rel. MC standard error: 0.011 to 0.0533
eff. sample size: 352 to 8240
needed thinning: 2 to 32
Diagnostics time 0.14 secs 

Total number of iterations 7498 - required further 248 

Chain # 14 - chunk 19 (chain 1 of 1 for this core): increasing by 249 

Iterations: 249 
|-------------|-------------|-------------|-------------|
|-------------------------------------------------------|

Current time: 2024-11-21 10:59:35
MCMC time 41 mins 

USED COMPONENTS: 61 OF 74 

rel. MC standard error: 0.0115 to 0.0525
eff. sample size: 362 to 7520
needed thinning: 2 to 33
Diagnostics time 0.2 secs 

Total number of iterations 7747 - required further 256 

Chain # 14 - chunk 20 (chain 1 of 1 for this core): increasing by 257 

Iterations: 257 
|-------------|-------------|-------------|-------------|
|-------------------------------------------------------|

Current time: 2024-11-21 11:00:54
MCMC time 42 mins 

USED COMPONENTS: 62 OF 74 

rel. MC standard error: 0.0106 to 0.0531
eff. sample size: 355 to 8920
needed thinning: 2 to 34
Diagnostics time 0.16 secs 

Total number of iterations 8004 - required further 264 

Chain # 14 - chunk 21 (chain 1 of 1 for this core): increasing by 265 

Iterations: 265 
|-------------|-------------|-------------|-------------|
|-------------------------------------------------------|

Current time: 2024-11-21 11:02:19
MCMC time 43 mins 

USED COMPONENTS: 61 OF 74 

rel. MC standard error: 0.00989 to 0.0516
eff. sample size: 375 to 10200
needed thinning: 2 to 34
Diagnostics time 0.26 secs 

Total number of iterations 8269 - required further 264 

Chain # 14 - chunk 22 (chain 1 of 1 for this core): increasing by 265 

Iterations: 265 
|-------------|-------------|-------------|-------------|
|-------------------------------------------------------|

Current time: 2024-11-21 11:03:45
MCMC time 45 mins 

USED COMPONENTS: 61 OF 74 

rel. MC standard error: 0.0102 to 0.0509
eff. sample size: 386 to 9680
needed thinning: 2 to 34
Diagnostics time 0.15 secs 

Total number of iterations 8534 - required further 264 

Chain # 14 - chunk 23 (chain 1 of 1 for this core): increasing by 265 

Iterations: 265 
|-------------|-------------|-------------|-------------|
|-------------------------------------------------------|

Current time: 2024-11-21 11:05:09
MCMC time 46 mins 

USED COMPONENTS: 61 OF 74 

rel. MC standard error: 0.0103 to 0.0501
eff. sample size: 399 to 9510
needed thinning: 2 to 34
Diagnostics time 0.15 secs 

Total number of iterations 8799 - required further 264 

Chain # 14 - chunk 24 (chain 1 of 1 for this core): increasing by 265 

Iterations: 265 
|-------------|-------------|-------------|-------------|
|-------------------------------------------------------|

Current time: 2024-11-21 11:06:30
MCMC time 48 mins 

USED COMPONENTS: 61 OF 74 

rel. MC standard error: 0.00966 to 0.0511
eff. sample size: 383 to 10700
needed thinning: 2 to 36
Diagnostics time 0.16 secs 

Total number of iterations 9064 - required further 279 

Chain # 14 - chunk 25 (chain 1 of 1 for this core): increasing by 280 

Iterations: 280 
|-------------|-------------|-------------|-------------|
|-------------------------------------------------------|

Current time: 2024-11-21 11:07:56
MCMC time 49 mins 

USED COMPONENTS: 61 OF 74 

rel. MC standard error: 0.00995 to 0.0503
eff. sample size: 396 to 10100
needed thinning: 2 to 36
Diagnostics time 0.22 secs 

Total number of iterations 9344 - required further 279 

Chain # 14 - chunk 26 (chain 1 of 1 for this core): increasing by 280 

Iterations: 280 
|-------------|-------------|-------------|-------------|
|-------------------------------------------------------|

Current time: 2024-11-21 11:09:22
MCMC time 50 mins 

USED COMPONENTS: 61 OF 74 

rel. MC standard error: 0.00947 to 0.0479
eff. sample size: 436 to 11100
needed thinning: 2 to 34
Diagnostics time 0.16 secs 

Total number of iterations 9624 - required further 0 

Keeping last 60 samples with thinning 34 

Plotting traces and samples.

Current time: 2024-11-21 11:09:23
MCMC + diagnostics time 50 mins 

Current time: 2024-11-21 11:09:23
Total time 50 mins 
loaded inferno and set parent environment
loaded inferno and set parent environment
loaded inferno and set parent environment
loaded inferno and set parent environment
Error in gzfile(file, "rb") : cannot open the connection
Calls: <Anonymous> -> cleanup -> loadNamespace -> readRDS -> gzfile
In addition: Warning message:
In gzfile(file, "rb") :
  cannot open compressed file '/usr/lib/R/library/tools/Meta/nsInfo.rds', probable reason 'Transport endpoint is not connected'
