Log core 6 - Current time: 2024-11-21 10:08:55
Defining model
Building model
Setting data and initial values
Running calculate on model
  [Note] Any error reports that follow may simply reflect missing values in model variables.
Checking model sizes and dimensions
Compiling
  [Note] This may take a minute.
  [Note] Use 'showCompilerOutput = TRUE' to see C++ compilation details.
===== Monitors =====
thin = 1: Bprob, Rmean, Rvar, W
thin2 = 1: K
===== Samplers =====
conjugate sampler (519)
  - Rmean[]  (148 elements)
  - Rrate[]  (148 elements)
  - Bprob[]  (74 elements)
  - Rvar[]  (148 elements)
  - W[1:74] 
categorical sampler (3901)
  - Alpha
  - K[]  (3900 elements)
===== Monitors =====
thin = 1: Bprob, Rmean, Rvar, W
thin2 = 1: K
===== Samplers =====
slice sampler (3901)
  - Alpha
  - K[]  (3900 elements)
conjugate sampler (519)
  - Rmean[]  (148 elements)
  - Rrate[]  (148 elements)
  - Bprob[]  (74 elements)
  - Rvar[]  (148 elements)
  - W[1:74] 
Compiling
  [Note] This may take a minute.
  [Note] Use 'showCompilerOutput = TRUE' to see C++ compilation details.

Setup time 16 mins 

Chain # 6 (chain 1 of 1 for this core)

Datapoints for testing convergence:
 #239 #743 #789 #851 #1023 #1503 #1694 #2114 #2330 #2340 #2431 #2593 #2612 #2863 #2914 #3087 #3202 #3427 #3536 #3785 

Iterations: 3600 
|-------------|-------------|-------------|-------------|
|-------------------------------------------------------|

Current time: 2024-11-21 10:54:16
MCMC time 29 mins 

USED COMPONENTS: 60 OF 74 

rel. MC standard error: 0.0152 to 0.114
eff. sample size: 76.5 to 4330
needed thinning: 2 to 71
Diagnostics time 2.9 secs 

Total number of iterations 3600 - required further 589 

Chain # 6 - chunk 2 (chain 1 of 1 for this core): increasing by 590 

Iterations: 590 
|-------------|-------------|-------------|-------------|
|-------------------------------------------------------|

Current time: 2024-11-21 10:58:52
MCMC time 34 mins 

USED COMPONENTS: 60 OF 74 

rel. MC standard error: 0.0149 to 0.11
eff. sample size: 83.1 to 4500
needed thinning: 2 to 76
Diagnostics time 1.6 secs 

Total number of iterations 4190 - required further 589 

Chain # 6 - chunk 3 (chain 1 of 1 for this core): increasing by 590 

Iterations: 590 
|-------------|-------------|-------------|-------------|
|-------------------------------------------------------|

Current time: 2024-11-21 11:02:36
MCMC time 37 mins 

USED COMPONENTS: 60 OF 74 

rel. MC standard error: 0.0141 to 0.107
eff. sample size: 87.9 to 5040
needed thinning: 2 to 82
Diagnostics time 0.57 secs 

Total number of iterations 4780 - required further 636 

Chain # 6 - chunk 4 (chain 1 of 1 for this core): increasing by 637 

Iterations: 637 
|-------------|-------------|-------------|-------------|
|-------------------------------------------------------|

Current time: 2024-11-21 11:06:53
MCMC time 42 mins 

USED COMPONENTS: 60 OF 74 

rel. MC standard error: 0.0123 to 0.102
eff. sample size: 96 to 6620
needed thinning: 2 to 85
Diagnostics time 0.62 secs 

Total number of iterations 5417 - required further 659 

Chain # 6 - chunk 5 (chain 1 of 1 for this core): increasing by 660 

Iterations: 660 
|-------------|-------------|-------------|-------------|
|-------------------------------------------------------|

Current time: 2024-11-21 11:10:49
MCMC time 46 mins 

USED COMPONENTS: 60 OF 74 

rel. MC standard error: 0.0116 to 0.0989
eff. sample size: 102 to 7380
needed thinning: 2 to 90
Diagnostics time 0.36 secs 

Total number of iterations 6077 - required further 698 

Chain # 6 - chunk 6 (chain 1 of 1 for this core): increasing by 699 

Iterations: 699 
|-------------|-------------|-------------|-------------|
|-------------------------------------------------------|

Current time: 2024-11-21 11:15:42
MCMC time 51 mins 

USED COMPONENTS: 60 OF 74 

rel. MC standard error: 0.0107 to 0.0956
eff. sample size: 109 to 8670
needed thinning: 2 to 93
Diagnostics time 0.35 secs 

Total number of iterations 6776 - required further 721 

Chain # 6 - chunk 7 (chain 1 of 1 for this core): increasing by 722 

Iterations: 722 
|-------------|-------------|-------------|-------------|
|-------------------------------------------------------|

Current time: 2024-11-21 11:20:43
MCMC time 56 mins 

USED COMPONENTS: 60 OF 74 

rel. MC standard error: 0.0115 to 0.0924
eff. sample size: 117 to 7600
needed thinning: 2 to 96
Diagnostics time 0.72 secs 

Total number of iterations 7498 - required further 744 

Chain # 6 - chunk 8 (chain 1 of 1 for this core): increasing by 745 

Iterations: 745 
|-------------|-------------|-------------|-------------|
|-------------------------------------------------------|

Current time: 2024-11-21 11:25:48
MCMC time 1 hours 

USED COMPONENTS: 59 OF 74 

rel. MC standard error: 0.0102 to 0.0897
eff. sample size: 124 to 9580
needed thinning: 2 to 100
Diagnostics time 0.42 secs 

Total number of iterations 8243 - required further 775 

Chain # 6 - chunk 9 (chain 1 of 1 for this core): increasing by 776 

Iterations: 776 
|-------------|-------------|-------------|-------------|
|-------------------------------------------------------|

Current time: 2024-11-21 11:30:16
MCMC time 1.1 hours 

USED COMPONENTS: 59 OF 74 

rel. MC standard error: 0.0101 to 0.0868
eff. sample size: 133 to 9860
needed thinning: 2 to 102
Diagnostics time 0.5 secs 

Total number of iterations 9019 - required further 791 

Chain # 6 - chunk 10 (chain 1 of 1 for this core): increasing by 792 

Iterations: 792 
|-------------|-------------|-------------|-------------|
|-------------------------------------------------------|

Current time: 2024-11-21 11:34:07
MCMC time 1.1 hours 

USED COMPONENTS: 60 OF 74 

rel. MC standard error: 0.0096 to 0.0845
eff. sample size: 140 to 10900
needed thinning: 2 to 106
Diagnostics time 0.43 secs 

Total number of iterations 9811 - required further 822 

Chain # 6 - chunk 11 (chain 1 of 1 for this core): increasing by 823 

Iterations: 823 
|-------------|-------------|-------------|-------------|
|-------------------------------------------------------|

Current time: 2024-11-21 11:38:12
MCMC time 1.2 hours 

USED COMPONENTS: 59 OF 74 

rel. MC standard error: 0.00921 to 0.0825
eff. sample size: 147 to 11800
needed thinning: 2 to 109
Diagnostics time 1.2 secs 

Total number of iterations 10634 - required further 845 

Chain # 6 - chunk 12 (chain 1 of 1 for this core): increasing by 846 

Iterations: 846 
|-------------|-------------|-------------|-------------|
|-------------------------------------------------------|

Current time: 2024-11-21 11:42:19
MCMC time 1.3 hours 

USED COMPONENTS: 60 OF 74 

rel. MC standard error: 0.00905 to 0.0801
eff. sample size: 156 to 12200
needed thinning: 2 to 111
Diagnostics time 0.46 secs 

Total number of iterations 11480 - required further 860 

Chain # 6 - chunk 13 (chain 1 of 1 for this core): increasing by 861 

Iterations: 861 
|-------------|-------------|-------------|-------------|
|-------------------------------------------------------|

Current time: 2024-11-21 11:46:27
MCMC time 1.4 hours 

USED COMPONENTS: 59 OF 74 

rel. MC standard error: 0.00835 to 0.0775
eff. sample size: 167 to 14300
needed thinning: 2 to 112
Diagnostics time 0.45 secs 

Total number of iterations 12341 - required further 868 

Chain # 6 - chunk 14 (chain 1 of 1 for this core): increasing by 869 

Iterations: 869 
|-------------|-------------|-------------|-------------|
|-------------------------------------------------------|

Current time: 2024-11-21 11:50:38
MCMC time 1.4 hours 

USED COMPONENTS: 60 OF 74 

rel. MC standard error: 0.00795 to 0.0761
eff. sample size: 173 to 15800
needed thinning: 2 to 115
Diagnostics time 0.54 secs 

Total number of iterations 13210 - required further 891 

Chain # 6 - chunk 15 (chain 1 of 1 for this core): increasing by 892 

Iterations: 892 
|-------------|-------------|-------------|-------------|
|-------------------------------------------------------|

Current time: 2024-11-21 11:54:59
MCMC time 1.5 hours 

USED COMPONENTS: 60 OF 74 

rel. MC standard error: 0.00798 to 0.0734
eff. sample size: 186 to 15700
needed thinning: 2 to 115
Diagnostics time 1.2 secs 

Total number of iterations 14102 - required further 891 

Chain # 6 - chunk 16 (chain 1 of 1 for this core): increasing by 892 

Iterations: 892 
|-------------|-------------|-------------|-------------|
|-------------------------------------------------------|

Current time: 2024-11-21 11:59:19
MCMC time 1.6 hours 

USED COMPONENTS: 59 OF 74 

rel. MC standard error: 0.00817 to 0.0723
eff. sample size: 191 to 15000
needed thinning: 2 to 118
Diagnostics time 0.47 secs 

Total number of iterations 14994 - required further 915 

Chain # 6 - chunk 17 (chain 1 of 1 for this core): increasing by 916 

Iterations: 916 
|-------------|-------------|-------------|-------------|
|-------------------------------------------------------|

Current time: 2024-11-21 12:03:44
MCMC time 1.6 hours 

USED COMPONENTS: 59 OF 74 

rel. MC standard error: 0.00792 to 0.0701
eff. sample size: 203 to 15900
needed thinning: 2 to 118
Diagnostics time 0.47 secs 

Total number of iterations 15910 - required further 915 

Chain # 6 - chunk 18 (chain 1 of 1 for this core): increasing by 916 

Iterations: 916 
|-------------|-------------|-------------|-------------|
|-------------------------------------------------------|

Current time: 2024-11-21 12:08:10
MCMC time 1.7 hours 

USED COMPONENTS: 59 OF 74 

rel. MC standard error: 0.00758 to 0.0689
eff. sample size: 210 to 17400
needed thinning: 2 to 120
Diagnostics time 0.57 secs 

Total number of iterations 16826 - required further 930 

Chain # 6 - chunk 19 (chain 1 of 1 for this core): increasing by 931 

Iterations: 931 
|-------------|-------------|-------------|-------------|
|-------------------------------------------------------|

Current time: 2024-11-21 12:12:40
MCMC time 1.8 hours 

USED COMPONENTS: 60 OF 74 

rel. MC standard error: 0.00711 to 0.067
eff. sample size: 223 to 19800
needed thinning: 2 to 120
Diagnostics time 0.49 secs 

Total number of iterations 17757 - required further 930 

Chain # 6 - chunk 20 (chain 1 of 1 for this core): increasing by 931 

Iterations: 931 
|-------------|-------------|-------------|-------------|
|-------------------------------------------------------|

Current time: 2024-11-21 12:17:08
MCMC time 1.9 hours 

USED COMPONENTS: 59 OF 74 

rel. MC standard error: 0.00691 to 0.0655
eff. sample size: 233 to 21000
needed thinning: 2 to 121
Diagnostics time 0.46 secs 

Total number of iterations 18688 - required further 938 

Chain # 6 - chunk 21 (chain 1 of 1 for this core): increasing by 939 

Iterations: 939 
|-------------|-------------|-------------|-------------|
|-------------------------------------------------------|

Current time: 2024-11-21 12:21:38
MCMC time 1.9 hours 

USED COMPONENTS: 59 OF 74 

rel. MC standard error: 0.00715 to 0.0646
eff. sample size: 239 to 19500
needed thinning: 2 to 123
Diagnostics time 0.57 secs 

Total number of iterations 19627 - required further 953 

Chain # 6 - chunk 22 (chain 1 of 1 for this core): increasing by 954 

Iterations: 954 
|-------------|-------------|-------------|-------------|
|-------------------------------------------------------|

Current time: 2024-11-21 12:26:15
MCMC time 2 hours 

USED COMPONENTS: 59 OF 74 

rel. MC standard error: 0.00691 to 0.063
eff. sample size: 252 to 21000
needed thinning: 2 to 123
Diagnostics time 1.5 secs 

Total number of iterations 20581 - required further 953 

Chain # 6 - chunk 23 (chain 1 of 1 for this core): increasing by 954 

Iterations: 954 
|-------------|-------------|-------------|-------------|
|-------------------------------------------------------|

Current time: 2024-11-21 12:30:55
MCMC time 2.1 hours 

USED COMPONENTS: 59 OF 74 

rel. MC standard error: 0.00649 to 0.0617
eff. sample size: 262 to 23800
needed thinning: 2 to 124
Diagnostics time 0.5 secs 

Total number of iterations 21535 - required further 961 

Chain # 6 - chunk 24 (chain 1 of 1 for this core): increasing by 962 

Iterations: 962 
|-------------|-------------|-------------|-------------|
|-------------------------------------------------------|

Current time: 2024-11-21 12:35:32
MCMC time 2.2 hours 

USED COMPONENTS: 59 OF 74 

rel. MC standard error: 0.00649 to 0.0611
eff. sample size: 268 to 23800
needed thinning: 2 to 127
Diagnostics time 0.49 secs 

Total number of iterations 22497 - required further 984 

Chain # 6 - chunk 25 (chain 1 of 1 for this core): increasing by 985 

Iterations: 985 
|-------------|-------------|-------------|-------------|
|-------------------------------------------------------|

Current time: 2024-11-21 12:40:14
MCMC time 2.3 hours 

USED COMPONENTS: 59 OF 74 

rel. MC standard error: 0.00646 to 0.0595
eff. sample size: 283 to 24000
needed thinning: 2 to 125
Diagnostics time 1.2 secs 

Total number of iterations 23482 - required further 969 

Chain # 6 - chunk 26 (chain 1 of 1 for this core): increasing by 970 

Iterations: 970 
|-------------|-------------|-------------|-------------|
|-------------------------------------------------------|

Current time: 2024-11-21 12:44:54
MCMC time 2.3 hours 

USED COMPONENTS: 59 OF 74 

rel. MC standard error: 0.00652 to 0.0582
eff. sample size: 295 to 23500
needed thinning: 2 to 125
Diagnostics time 0.48 secs 

Total number of iterations 24452 - required further 969 

Chain # 6 - chunk 27 (chain 1 of 1 for this core): increasing by 970 

Iterations: 970 
|-------------|-------------|-------------|-------------|
|-------------------------------------------------------|

Current time: 2024-11-21 12:49:33
MCMC time 2.4 hours 

USED COMPONENTS: 59 OF 74 

rel. MC standard error: 0.00628 to 0.0575
eff. sample size: 302 to 25300
needed thinning: 2 to 127
Diagnostics time 0.5 secs 

Total number of iterations 25422 - required further 984 

Chain # 6 - chunk 28 (chain 1 of 1 for this core): increasing by 985 

Iterations: 985 
|-------------|-------------|-------------|-------------|
|-------------------------------------------------------|

Current time: 2024-11-21 12:54:17
MCMC time 2.5 hours 

USED COMPONENTS: 59 OF 74 

rel. MC standard error: 0.00639 to 0.0566
eff. sample size: 312 to 24500
needed thinning: 2 to 128
Diagnostics time 0.56 secs 

Total number of iterations 26407 - required further 992 

Chain # 6 - chunk 29 (chain 1 of 1 for this core): increasing by 993 

Iterations: 993 
|-------------|-------------|-------------|-------------|
|-------------------------------------------------------|

Current time: 2024-11-21 12:59:03
MCMC time 2.6 hours 

USED COMPONENTS: 59 OF 74 

rel. MC standard error: 0.00607 to 0.0553
eff. sample size: 327 to 27200
needed thinning: 2 to 126
Diagnostics time 1.4 secs 

Total number of iterations 27400 - required further 976 

Chain # 6 - chunk 30 (chain 1 of 1 for this core): increasing by 977 

Iterations: 977 
|-------------|-------------|-------------|-------------|
|-------------------------------------------------------|

Current time: 2024-11-21 13:03:44
MCMC time 2.6 hours 

USED COMPONENTS: 59 OF 74 

rel. MC standard error: 0.00562 to 0.0543
eff. sample size: 339 to 31600
needed thinning: 2 to 126
Diagnostics time 0.49 secs 

Total number of iterations 28377 - required further 976 

Chain # 6 - chunk 31 (chain 1 of 1 for this core): increasing by 977 

Iterations: 977 
|-------------|-------------|-------------|-------------|
|-------------------------------------------------------|

Current time: 2024-11-21 13:08:22
MCMC time 2.7 hours 

USED COMPONENTS: 59 OF 74 

rel. MC standard error: 0.0059 to 0.0535
eff. sample size: 350 to 28800
needed thinning: 2 to 126
Diagnostics time 0.49 secs 

Total number of iterations 29354 - required further 976 

Chain # 6 - chunk 32 (chain 1 of 1 for this core): increasing by 977 

Iterations: 977 
|-------------|-------------|-------------|-------------|
|-------------------------------------------------------|

Current time: 2024-11-21 13:12:59
MCMC time 2.8 hours 

USED COMPONENTS: 59 OF 74 

rel. MC standard error: 0.00579 to 0.0529
eff. sample size: 358 to 29900
needed thinning: 2 to 128
Diagnostics time 1.2 secs 

Total number of iterations 30331 - required further 992 

Chain # 6 - chunk 33 (chain 1 of 1 for this core): increasing by 993 

Iterations: 993 
|-------------|-------------|-------------|-------------|
|-------------------------------------------------------|

Current time: 2024-11-21 13:17:43
MCMC time 2.9 hours 

USED COMPONENTS: 59 OF 74 

rel. MC standard error: 0.00554 to 0.0523
eff. sample size: 366 to 32600
needed thinning: 2 to 129
Diagnostics time 0.5 secs 

Total number of iterations 31324 - required further 1000 

Chain # 6 - chunk 34 (chain 1 of 1 for this core): increasing by 1001 

Iterations: 1001 
|-------------|-------------|-------------|-------------|
|-------------------------------------------------------|

Current time: 2024-11-21 13:22:29
MCMC time 3 hours 

USED COMPONENTS: 59 OF 74 

rel. MC standard error: 0.00529 to 0.0512
eff. sample size: 381 to 35800
needed thinning: 2 to 128
Diagnostics time 0.59 secs 

Total number of iterations 32325 - required further 992 

Chain # 6 - chunk 35 (chain 1 of 1 for this core): increasing by 993 

Iterations: 993 
|-------------|-------------|-------------|-------------|
|-------------------------------------------------------|

Current time: 2024-11-21 13:27:12
MCMC time 3 hours 

USED COMPONENTS: 59 OF 74 

rel. MC standard error: 0.00534 to 0.0501
eff. sample size: 399 to 35000
needed thinning: 2 to 126
Diagnostics time 0.53 secs 

Total number of iterations 33318 - required further 976 

Chain # 6 - chunk 36 (chain 1 of 1 for this core): increasing by 977 

Iterations: 977 
|-------------|-------------|-------------|-------------|
|-------------------------------------------------------|

Current time: 2024-11-21 13:31:51
MCMC time 3.1 hours 

USED COMPONENTS: 59 OF 74 

rel. MC standard error: 0.00529 to 0.0495
eff. sample size: 409 to 35700
needed thinning: 2 to 126
Diagnostics time 1.2 secs 

Total number of iterations 34295 - required further 0 

Keeping last 60 samples with thinning 126 

Plotting traces and samples.

Current time: 2024-11-21 13:31:54
MCMC + diagnostics time 3.1 hours 

Current time: 2024-11-21 13:31:54
Total time 3.1 hours 
loaded inferno and set parent environment
loaded inferno and set parent environment
loaded inferno and set parent environment
loaded inferno and set parent environment
Error in gzfile(file, "rb") : cannot open the connection
Calls: <Anonymous> -> cleanup -> loadNamespace -> readRDS -> gzfile
In addition: Warning message:
In gzfile(file, "rb") :
  cannot open compressed file '/usr/lib/R/library/tools/Meta/nsInfo.rds', probable reason 'Transport endpoint is not connected'
