Log core 8 - Current time: 2024-11-21 10:08:55
Defining model
Building model
Setting data and initial values
Running calculate on model
  [Note] Any error reports that follow may simply reflect missing values in model variables.
Checking model sizes and dimensions
Compiling
  [Note] This may take a minute.
  [Note] Use 'showCompilerOutput = TRUE' to see C++ compilation details.
===== Monitors =====
thin = 1: Bprob, Rmean, Rvar, W
thin2 = 1: K
===== Samplers =====
conjugate sampler (519)
  - Rmean[]  (148 elements)
  - Rrate[]  (148 elements)
  - Bprob[]  (74 elements)
  - Rvar[]  (148 elements)
  - W[1:74] 
categorical sampler (3901)
  - Alpha
  - K[]  (3900 elements)
===== Monitors =====
thin = 1: Bprob, Rmean, Rvar, W
thin2 = 1: K
===== Samplers =====
slice sampler (3901)
  - Alpha
  - K[]  (3900 elements)
conjugate sampler (519)
  - Rmean[]  (148 elements)
  - Rrate[]  (148 elements)
  - Bprob[]  (74 elements)
  - Rvar[]  (148 elements)
  - W[1:74] 
Compiling
  [Note] This may take a minute.
  [Note] Use 'showCompilerOutput = TRUE' to see C++ compilation details.

Setup time 15 mins 

Chain # 8 (chain 1 of 1 for this core)

Datapoints for testing convergence:
 #4 #238 #1159 #1170 #1269 #1596 #1710 #1729 #1794 #1819 #2027 #2331 #2535 #2650 #2836 #2901 #2951 #3469 #3483 #3754 

Iterations: 3600 
|-------------|-------------|-------------|-------------|
|-------------------------------------------------------|

Current time: 2024-11-21 10:51:51
MCMC time 28 mins 

USED COMPONENTS: 64 OF 74 

rel. MC standard error: 0.0153 to 0.0712
eff. sample size: 197 to 4290
needed thinning: 2 to 28
Diagnostics time 3.1 secs 

Total number of iterations 3600 - required further 217 

Chain # 8 - chunk 2 (chain 1 of 1 for this core): increasing by 218 

Iterations: 218 
|-------------|-------------|-------------|-------------|
|-------------------------------------------------------|

Current time: 2024-11-21 10:53:41
MCMC time 30 mins 

USED COMPONENTS: 64 OF 74 

rel. MC standard error: 0.0157 to 0.069
eff. sample size: 210 to 4050
needed thinning: 2 to 28
Diagnostics time 1.3 secs 

Total number of iterations 3818 - required further 217 

Chain # 8 - chunk 3 (chain 1 of 1 for this core): increasing by 218 

Iterations: 218 
|-------------|-------------|-------------|-------------|
|-------------------------------------------------------|

Current time: 2024-11-21 10:55:17
MCMC time 31 mins 

USED COMPONENTS: 64 OF 74 

rel. MC standard error: 0.0161 to 0.0681
eff. sample size: 216 to 3850
needed thinning: 2 to 29
Diagnostics time 0.13 secs 

Total number of iterations 4036 - required further 225 

Chain # 8 - chunk 4 (chain 1 of 1 for this core): increasing by 226 

Iterations: 226 
|-------------|-------------|-------------|-------------|
|-------------------------------------------------------|

Current time: 2024-11-21 10:56:47
MCMC time 33 mins 

USED COMPONENTS: 64 OF 74 

rel. MC standard error: 0.0131 to 0.0651
eff. sample size: 236 to 5790
needed thinning: 2 to 28
Diagnostics time 0.14 secs 

Total number of iterations 4262 - required further 217 

Chain # 8 - chunk 5 (chain 1 of 1 for this core): increasing by 218 

Iterations: 218 
|-------------|-------------|-------------|-------------|
|-------------------------------------------------------|

Current time: 2024-11-21 10:58:05
MCMC time 34 mins 

USED COMPONENTS: 64 OF 74 

rel. MC standard error: 0.0132 to 0.0632
eff. sample size: 251 to 5740
needed thinning: 2 to 27
Diagnostics time 0.19 secs 

Total number of iterations 4480 - required further 210 

Chain # 8 - chunk 6 (chain 1 of 1 for this core): increasing by 211 

Iterations: 211 
|-------------|-------------|-------------|-------------|
|-------------------------------------------------------|

Current time: 2024-11-21 10:59:10
MCMC time 35 mins 

USED COMPONENTS: 64 OF 74 

rel. MC standard error: 0.0125 to 0.0622
eff. sample size: 258 to 6390
needed thinning: 2 to 28
Diagnostics time 0.13 secs 

Total number of iterations 4691 - required further 217 

Chain # 8 - chunk 7 (chain 1 of 1 for this core): increasing by 218 

Iterations: 218 
|-------------|-------------|-------------|-------------|
|-------------------------------------------------------|

Current time: 2024-11-21 11:00:49
MCMC time 37 mins 

USED COMPONENTS: 63 OF 74 

rel. MC standard error: 0.0141 to 0.0604
eff. sample size: 274 to 5030
needed thinning: 2 to 27
Diagnostics time 0.31 secs 

Total number of iterations 4909 - required further 210 

Chain # 8 - chunk 8 (chain 1 of 1 for this core): increasing by 211 

Iterations: 211 
|-------------|-------------|-------------|-------------|
|-------------------------------------------------------|

Current time: 2024-11-21 11:02:21
MCMC time 38 mins 

USED COMPONENTS: 63 OF 74 

rel. MC standard error: 0.0133 to 0.0595
eff. sample size: 283 to 5620
needed thinning: 2 to 28
Diagnostics time 0.13 secs 

Total number of iterations 5120 - required further 217 

Chain # 8 - chunk 9 (chain 1 of 1 for this core): increasing by 218 

Iterations: 218 
|-------------|-------------|-------------|-------------|
|-------------------------------------------------------|

Current time: 2024-11-21 11:03:52
MCMC time 40 mins 

USED COMPONENTS: 63 OF 74 

rel. MC standard error: 0.0132 to 0.0579
eff. sample size: 299 to 5770
needed thinning: 2 to 27
Diagnostics time 0.23 secs 

Total number of iterations 5338 - required further 210 

Chain # 8 - chunk 10 (chain 1 of 1 for this core): increasing by 211 

Iterations: 211 
|-------------|-------------|-------------|-------------|
|-------------------------------------------------------|

Current time: 2024-11-21 11:05:24
MCMC time 41 mins 

USED COMPONENTS: 63 OF 74 

rel. MC standard error: 0.0123 to 0.0575
eff. sample size: 302 to 6610
needed thinning: 2 to 28
Diagnostics time 0.3 secs 

Total number of iterations 5549 - required further 217 

Chain # 8 - chunk 11 (chain 1 of 1 for this core): increasing by 218 

Iterations: 218 
|-------------|-------------|-------------|-------------|
|-------------------------------------------------------|

Current time: 2024-11-21 11:07:02
MCMC time 43 mins 

USED COMPONENTS: 63 OF 74 

rel. MC standard error: 0.0127 to 0.0554
eff. sample size: 326 to 6190
needed thinning: 2 to 27
Diagnostics time 0.2 secs 

Total number of iterations 5767 - required further 210 

Chain # 8 - chunk 12 (chain 1 of 1 for this core): increasing by 211 

Iterations: 211 
|-------------|-------------|-------------|-------------|
|-------------------------------------------------------|

Current time: 2024-11-21 11:08:13
MCMC time 44 mins 

USED COMPONENTS: 63 OF 74 

rel. MC standard error: 0.0116 to 0.0546
eff. sample size: 336 to 7380
needed thinning: 2 to 27
Diagnostics time 0.19 secs 

Total number of iterations 5978 - required further 210 

Chain # 8 - chunk 13 (chain 1 of 1 for this core): increasing by 211 

Iterations: 211 
|-------------|-------------|-------------|-------------|
|-------------------------------------------------------|

Current time: 2024-11-21 11:09:15
MCMC time 45 mins 

USED COMPONENTS: 64 OF 74 

rel. MC standard error: 0.0122 to 0.0536
eff. sample size: 349 to 6670
needed thinning: 2 to 27
Diagnostics time 0.13 secs 

Total number of iterations 6189 - required further 210 

Chain # 8 - chunk 14 (chain 1 of 1 for this core): increasing by 211 

Iterations: 211 
|-------------|-------------|-------------|-------------|
|-------------------------------------------------------|

Current time: 2024-11-21 11:10:39
MCMC time 47 mins 

USED COMPONENTS: 64 OF 74 

rel. MC standard error: 0.0121 to 0.0533
eff. sample size: 353 to 6840
needed thinning: 2 to 28
Diagnostics time 0.22 secs 

Total number of iterations 6400 - required further 217 

Chain # 8 - chunk 15 (chain 1 of 1 for this core): increasing by 218 

Iterations: 218 
|-------------|-------------|-------------|-------------|
|-------------------------------------------------------|

Current time: 2024-11-21 11:11:59
MCMC time 48 mins 

USED COMPONENTS: 64 OF 74 

rel. MC standard error: 0.0117 to 0.0517
eff. sample size: 375 to 7330
needed thinning: 2 to 27
Diagnostics time 0.13 secs 

Total number of iterations 6618 - required further 210 

Chain # 8 - chunk 16 (chain 1 of 1 for this core): increasing by 211 

Iterations: 211 
|-------------|-------------|-------------|-------------|
|-------------------------------------------------------|

Current time: 2024-11-21 11:13:38
MCMC time 50 mins 

USED COMPONENTS: 64 OF 74 

rel. MC standard error: 0.0119 to 0.0519
eff. sample size: 371 to 7000
needed thinning: 2 to 28
Diagnostics time 0.22 secs 

Total number of iterations 6829 - required further 217 

Chain # 8 - chunk 17 (chain 1 of 1 for this core): increasing by 218 

Iterations: 218 
|-------------|-------------|-------------|-------------|
|-------------------------------------------------------|

Current time: 2024-11-21 11:14:50
MCMC time 51 mins 

USED COMPONENTS: 64 OF 74 

rel. MC standard error: 0.0118 to 0.0519
eff. sample size: 372 to 7130
needed thinning: 2 to 29
Diagnostics time 0.19 secs 

Total number of iterations 7047 - required further 225 

Chain # 8 - chunk 18 (chain 1 of 1 for this core): increasing by 226 

Iterations: 226 
|-------------|-------------|-------------|-------------|
|-------------------------------------------------------|

Current time: 2024-11-21 11:15:57
MCMC time 52 mins 

USED COMPONENTS: 63 OF 74 

rel. MC standard error: 0.0112 to 0.053
eff. sample size: 356 to 8030
needed thinning: 2 to 31
Diagnostics time 0.14 secs 

Total number of iterations 7273 - required further 241 

Chain # 8 - chunk 19 (chain 1 of 1 for this core): increasing by 242 

Iterations: 242 
|-------------|-------------|-------------|-------------|
|-------------------------------------------------------|

Current time: 2024-11-21 11:17:08
MCMC time 53 mins 

USED COMPONENTS: 63 OF 74 

rel. MC standard error: 0.0114 to 0.0523
eff. sample size: 365 to 7700
needed thinning: 2 to 31
Diagnostics time 0.2 secs 

Total number of iterations 7515 - required further 241 

Chain # 8 - chunk 20 (chain 1 of 1 for this core): increasing by 242 

Iterations: 242 
|-------------|-------------|-------------|-------------|
|-------------------------------------------------------|

Current time: 2024-11-21 11:18:19
MCMC time 54 mins 

USED COMPONENTS: 63 OF 74 

rel. MC standard error: 0.0115 to 0.0516
eff. sample size: 375 to 7580
needed thinning: 2 to 32
Diagnostics time 0.2 secs 

Total number of iterations 7757 - required further 248 

Chain # 8 - chunk 21 (chain 1 of 1 for this core): increasing by 249 

Iterations: 249 
|-------------|-------------|-------------|-------------|
|-------------------------------------------------------|

Current time: 2024-11-21 11:20:14
MCMC time 56 mins 

USED COMPONENTS: 64 OF 74 

rel. MC standard error: 0.0108 to 0.051
eff. sample size: 384 to 8510
needed thinning: 2 to 32
Diagnostics time 0.26 secs 

Total number of iterations 8006 - required further 248 

Chain # 8 - chunk 22 (chain 1 of 1 for this core): increasing by 249 

Iterations: 249 
|-------------|-------------|-------------|-------------|
|-------------------------------------------------------|

Current time: 2024-11-21 11:22:01
MCMC time 58 mins 

USED COMPONENTS: 64 OF 74 

rel. MC standard error: 0.0105 to 0.0527
eff. sample size: 361 to 9160
needed thinning: 2 to 35
Diagnostics time 0.2 secs 

Total number of iterations 8255 - required further 272 

Chain # 8 - chunk 23 (chain 1 of 1 for this core): increasing by 273 

Iterations: 273 
|-------------|-------------|-------------|-------------|
|-------------------------------------------------------|

Current time: 2024-11-21 11:23:31
MCMC time 59 mins 

USED COMPONENTS: 64 OF 74 

rel. MC standard error: 0.0109 to 0.0541
eff. sample size: 341 to 8360
needed thinning: 2 to 38
Diagnostics time 0.21 secs 

Total number of iterations 8528 - required further 295 

Chain # 8 - chunk 24 (chain 1 of 1 for this core): increasing by 296 

Iterations: 296 
|-------------|-------------|-------------|-------------|
|-------------------------------------------------------|

Current time: 2024-11-21 11:25:14
MCMC time 1 hours 

USED COMPONENTS: 63 OF 74 

rel. MC standard error: 0.0106 to 0.0551
eff. sample size: 329 to 8860
needed thinning: 2 to 41
Diagnostics time 0.22 secs 

Total number of iterations 8824 - required further 318 

Chain # 8 - chunk 25 (chain 1 of 1 for this core): increasing by 319 

Iterations: 319 
|-------------|-------------|-------------|-------------|
|-------------------------------------------------------|

Current time: 2024-11-21 11:27:09
MCMC time 1.1 hours 

USED COMPONENTS: 63 OF 74 

rel. MC standard error: 0.0104 to 0.0571
eff. sample size: 306 to 9320
needed thinning: 2 to 45
Diagnostics time 0.38 secs 

Total number of iterations 9143 - required further 349 

Chain # 8 - chunk 26 (chain 1 of 1 for this core): increasing by 350 

Iterations: 350 
|-------------|-------------|-------------|-------------|
|-------------------------------------------------------|

Current time: 2024-11-21 11:29:28
MCMC time 1.1 hours 

USED COMPONENTS: 64 OF 74 

rel. MC standard error: 0.0103 to 0.0583
eff. sample size: 294 to 9340
needed thinning: 2 to 49
Diagnostics time 0.19 secs 

Total number of iterations 9493 - required further 380 

Chain # 8 - chunk 27 (chain 1 of 1 for this core): increasing by 381 

Iterations: 381 
|-------------|-------------|-------------|-------------|
|-------------------------------------------------------|

Current time: 2024-11-21 11:31:19
MCMC time 1.1 hours 

USED COMPONENTS: 64 OF 74 

rel. MC standard error: 0.00979 to 0.0585
eff. sample size: 292 to 10400
needed thinning: 2 to 51
Diagnostics time 0.26 secs 

Total number of iterations 9874 - required further 396 

Chain # 8 - chunk 28 (chain 1 of 1 for this core): increasing by 397 

Iterations: 397 
|-------------|-------------|-------------|-------------|
|-------------------------------------------------------|

Current time: 2024-11-21 11:33:20
MCMC time 1.2 hours 

USED COMPONENTS: 65 OF 74 

rel. MC standard error: 0.00953 to 0.058
eff. sample size: 297 to 11000
needed thinning: 2 to 52
Diagnostics time 0.27 secs 

Total number of iterations 10271 - required further 403 

Chain # 8 - chunk 29 (chain 1 of 1 for this core): increasing by 404 

Iterations: 404 
|-------------|-------------|-------------|-------------|
|-------------------------------------------------------|

Current time: 2024-11-21 11:35:18
MCMC time 1.2 hours 

USED COMPONENTS: 64 OF 74 

rel. MC standard error: 0.00972 to 0.0576
eff. sample size: 302 to 10600
needed thinning: 2 to 54
Diagnostics time 0.21 secs 

Total number of iterations 10675 - required further 419 

Chain # 8 - chunk 30 (chain 1 of 1 for this core): increasing by 420 

Iterations: 420 
|-------------|-------------|-------------|-------------|
|-------------------------------------------------------|

Current time: 2024-11-21 11:37:21
MCMC time 1.2 hours 

USED COMPONENTS: 64 OF 74 

rel. MC standard error: 0.00921 to 0.0573
eff. sample size: 304 to 11800
needed thinning: 2 to 55
Diagnostics time 0.22 secs 

Total number of iterations 11095 - required further 427 

Chain # 8 - chunk 31 (chain 1 of 1 for this core): increasing by 428 

Iterations: 428 
|-------------|-------------|-------------|-------------|
|-------------------------------------------------------|

Current time: 2024-11-21 11:39:25
MCMC time 1.3 hours 

USED COMPONENTS: 65 OF 74 

rel. MC standard error: 0.00937 to 0.057
eff. sample size: 307 to 11400
needed thinning: 2 to 57
Diagnostics time 0.27 secs 

Total number of iterations 11523 - required further 442 

Chain # 8 - chunk 32 (chain 1 of 1 for this core): increasing by 443 

Iterations: 443 
|-------------|-------------|-------------|-------------|
|-------------------------------------------------------|

Current time: 2024-11-21 11:41:33
MCMC time 1.3 hours 

USED COMPONENTS: 65 OF 74 

rel. MC standard error: 0.00941 to 0.0569
eff. sample size: 308 to 11300
needed thinning: 2 to 59
Diagnostics time 0.35 secs 

Total number of iterations 11966 - required further 458 

Chain # 8 - chunk 33 (chain 1 of 1 for this core): increasing by 459 

Iterations: 459 
|-------------|-------------|-------------|-------------|
|-------------------------------------------------------|

Current time: 2024-11-21 11:43:46
MCMC time 1.3 hours 

USED COMPONENTS: 65 OF 74 

rel. MC standard error: 0.00904 to 0.0566
eff. sample size: 312 to 12200
needed thinning: 2 to 60
Diagnostics time 0.29 secs 

Total number of iterations 12425 - required further 465 

Chain # 8 - chunk 34 (chain 1 of 1 for this core): increasing by 466 

Iterations: 466 
|-------------|-------------|-------------|-------------|
|-------------------------------------------------------|

Current time: 2024-11-21 11:46:01
MCMC time 1.4 hours 

USED COMPONENTS: 65 OF 74 

rel. MC standard error: 0.00857 to 0.0559
eff. sample size: 320 to 13600
needed thinning: 2 to 61
Diagnostics time 0.29 secs 

Total number of iterations 12891 - required further 473 

Chain # 8 - chunk 35 (chain 1 of 1 for this core): increasing by 474 

Iterations: 474 
|-------------|-------------|-------------|-------------|
|-------------------------------------------------------|

Current time: 2024-11-21 11:48:18
MCMC time 1.4 hours 

USED COMPONENTS: 65 OF 74 

rel. MC standard error: 0.00813 to 0.055
eff. sample size: 330 to 15100
needed thinning: 2 to 61
Diagnostics time 0.29 secs 

Total number of iterations 13365 - required further 473 

Chain # 8 - chunk 36 (chain 1 of 1 for this core): increasing by 474 

Iterations: 474 
|-------------|-------------|-------------|-------------|
|-------------------------------------------------------|

Current time: 2024-11-21 11:50:35
MCMC time 1.4 hours 

USED COMPONENTS: 65 OF 74 

rel. MC standard error: 0.00835 to 0.0545
eff. sample size: 337 to 14300
needed thinning: 2 to 62
Diagnostics time 0.29 secs 

Total number of iterations 13839 - required further 481 

Chain # 8 - chunk 37 (chain 1 of 1 for this core): increasing by 482 

Iterations: 482 
|-------------|-------------|-------------|-------------|
|-------------------------------------------------------|

Current time: 2024-11-21 11:52:57
MCMC time 1.5 hours 

USED COMPONENTS: 63 OF 74 

rel. MC standard error: 0.00767 to 0.0541
eff. sample size: 342 to 17000
needed thinning: 2 to 63
Diagnostics time 0.28 secs 

Total number of iterations 14321 - required further 488 

Chain # 8 - chunk 38 (chain 1 of 1 for this core): increasing by 489 

Iterations: 489 
|-------------|-------------|-------------|-------------|
|-------------------------------------------------------|

Current time: 2024-11-21 11:55:19
MCMC time 1.5 hours 

USED COMPONENTS: 65 OF 74 

rel. MC standard error: 0.00786 to 0.0535
eff. sample size: 350 to 16200
needed thinning: 2 to 64
Diagnostics time 0.3 secs 

Total number of iterations 14810 - required further 496 

Chain # 8 - chunk 39 (chain 1 of 1 for this core): increasing by 497 

Iterations: 497 
|-------------|-------------|-------------|-------------|
|-------------------------------------------------------|

Current time: 2024-11-21 11:57:42
MCMC time 1.6 hours 

USED COMPONENTS: 66 OF 74 

rel. MC standard error: 0.00819 to 0.053
eff. sample size: 356 to 14900
needed thinning: 2 to 65
Diagnostics time 0.3 secs 

Total number of iterations 15307 - required further 504 

Chain # 8 - chunk 40 (chain 1 of 1 for this core): increasing by 505 

Iterations: 505 
|-------------|-------------|-------------|-------------|
|-------------------------------------------------------|

Current time: 2024-11-21 12:00:08
MCMC time 1.6 hours 

USED COMPONENTS: 66 OF 74 

rel. MC standard error: 0.00798 to 0.0523
eff. sample size: 365 to 15700
needed thinning: 2 to 65
Diagnostics time 0.3 secs 

Total number of iterations 15812 - required further 504 

Chain # 8 - chunk 41 (chain 1 of 1 for this core): increasing by 505 

Iterations: 505 
|-------------|-------------|-------------|-------------|
|-------------------------------------------------------|

Current time: 2024-11-21 12:02:34
MCMC time 1.6 hours 

USED COMPONENTS: 65 OF 74 

rel. MC standard error: 0.00749 to 0.0518
eff. sample size: 372 to 17800
needed thinning: 2 to 66
Diagnostics time 0.34 secs 

Total number of iterations 16317 - required further 512 

Chain # 8 - chunk 42 (chain 1 of 1 for this core): increasing by 513 

Iterations: 513 
|-------------|-------------|-------------|-------------|
|-------------------------------------------------------|

Current time: 2024-11-21 12:05:01
MCMC time 1.7 hours 

USED COMPONENTS: 65 OF 74 

rel. MC standard error: 0.00775 to 0.0514
eff. sample size: 379 to 16600
needed thinning: 2 to 67
Diagnostics time 0.4 secs 

Total number of iterations 16830 - required further 519 

Chain # 8 - chunk 43 (chain 1 of 1 for this core): increasing by 520 

Iterations: 520 
|-------------|-------------|-------------|-------------|
|-------------------------------------------------------|

Current time: 2024-11-21 12:07:31
MCMC time 1.7 hours 

USED COMPONENTS: 65 OF 74 

rel. MC standard error: 0.00749 to 0.0506
eff. sample size: 390 to 17800
needed thinning: 2 to 67
Diagnostics time 0.31 secs 

Total number of iterations 17350 - required further 519 

Chain # 8 - chunk 44 (chain 1 of 1 for this core): increasing by 520 

Iterations: 520 
|-------------|-------------|-------------|-------------|
|-------------------------------------------------------|

Current time: 2024-11-21 12:10:00
MCMC time 1.8 hours 

USED COMPONENTS: 64 OF 74 

rel. MC standard error: 0.00705 to 0.05
eff. sample size: 400 to 20100
needed thinning: 2 to 68
Diagnostics time 0.3 secs 

Total number of iterations 17870 - required further 527 

Chain # 8 - chunk 45 (chain 1 of 1 for this core): increasing by 528 

Iterations: 528 
|-------------|-------------|-------------|-------------|
|-------------------------------------------------------|

Current time: 2024-11-21 12:12:32
MCMC time 1.8 hours 

USED COMPONENTS: 64 OF 74 

rel. MC standard error: 0.0073 to 0.0492
eff. sample size: 413 to 18700
needed thinning: 2 to 67
Diagnostics time 0.33 secs 

Total number of iterations 18398 - required further 0 

Keeping last 60 samples with thinning 67 

Plotting traces and samples.

Current time: 2024-11-21 12:12:34
MCMC + diagnostics time 1.8 hours 

Current time: 2024-11-21 12:12:34
Total time 1.8 hours 
loaded inferno and set parent environment
loaded inferno and set parent environment
loaded inferno and set parent environment
loaded inferno and set parent environment
Error in gzfile(file, "rb") : cannot open the connection
Calls: <Anonymous> -> cleanup -> loadNamespace -> readRDS -> gzfile
In addition: Warning message:
In gzfile(file, "rb") :
  cannot open compressed file '/usr/lib/R/library/tools/Meta/nsInfo.rds', probable reason 'Transport endpoint is not connected'
