Log core 9 - Current time: 2024-11-21 10:08:55
Defining model
Building model
Setting data and initial values
Running calculate on model
  [Note] Any error reports that follow may simply reflect missing values in model variables.
Checking model sizes and dimensions
Compiling
  [Note] This may take a minute.
  [Note] Use 'showCompilerOutput = TRUE' to see C++ compilation details.
===== Monitors =====
thin = 1: Bprob, Rmean, Rvar, W
thin2 = 1: K
===== Samplers =====
conjugate sampler (519)
  - Rmean[]  (148 elements)
  - Rrate[]  (148 elements)
  - Bprob[]  (74 elements)
  - Rvar[]  (148 elements)
  - W[1:74] 
categorical sampler (3901)
  - Alpha
  - K[]  (3900 elements)
===== Monitors =====
thin = 1: Bprob, Rmean, Rvar, W
thin2 = 1: K
===== Samplers =====
slice sampler (3901)
  - Alpha
  - K[]  (3900 elements)
conjugate sampler (519)
  - Rmean[]  (148 elements)
  - Rrate[]  (148 elements)
  - Bprob[]  (74 elements)
  - Rvar[]  (148 elements)
  - W[1:74] 
Compiling
  [Note] This may take a minute.
  [Note] Use 'showCompilerOutput = TRUE' to see C++ compilation details.

Setup time 10 mins 

Chain # 9 (chain 1 of 1 for this core)

Datapoints for testing convergence:
 #194 #873 #1097 #1316 #1471 #1618 #1687 #1706 #2155 #2200 #2386 #2412 #2414 #2634 #2889 #3120 #3206 #3251 #3369 #3895 

Iterations: 3600 
|-------------|-------------|-------------|-------------|
|-------------------------------------------------------|

Current time: 2024-11-21 10:37:26
MCMC time 18 mins 

USED COMPONENTS: 64 OF 74 

rel. MC standard error: 0.0162 to 0.0729
eff. sample size: 188 to 3820
needed thinning: 2 to 29
Diagnostics time 1.7 secs 

Total number of iterations 3600 - required further 225 

Chain # 9 - chunk 2 (chain 1 of 1 for this core): increasing by 226 

Iterations: 226 
|-------------|-------------|-------------|-------------|
|-------------------------------------------------------|

Current time: 2024-11-21 10:38:37
MCMC time 20 mins 

USED COMPONENTS: 62 OF 74 

rel. MC standard error: 0.0134 to 0.071
eff. sample size: 198 to 5600
needed thinning: 2 to 29
Diagnostics time 1.1 secs 

Total number of iterations 3826 - required further 225 

Chain # 9 - chunk 3 (chain 1 of 1 for this core): increasing by 226 

Iterations: 226 
|-------------|-------------|-------------|-------------|
|-------------------------------------------------------|

Current time: 2024-11-21 10:39:46
MCMC time 21 mins 

USED COMPONENTS: 61 OF 74 

rel. MC standard error: 0.0145 to 0.0686
eff. sample size: 213 to 4730
needed thinning: 2 to 29
Diagnostics time 0.14 secs 

Total number of iterations 4052 - required further 225 

Chain # 9 - chunk 4 (chain 1 of 1 for this core): increasing by 226 

Iterations: 226 
|-------------|-------------|-------------|-------------|
|-------------------------------------------------------|

Current time: 2024-11-21 10:40:55
MCMC time 22 mins 

USED COMPONENTS: 61 OF 74 

rel. MC standard error: 0.0153 to 0.0677
eff. sample size: 218 to 4250
needed thinning: 2 to 30
Diagnostics time 0.14 secs 

Total number of iterations 4278 - required further 233 

Chain # 9 - chunk 5 (chain 1 of 1 for this core): increasing by 234 

Iterations: 234 
|-------------|-------------|-------------|-------------|
|-------------------------------------------------------|

Current time: 2024-11-21 10:42:07
MCMC time 23 mins 

USED COMPONENTS: 61 OF 74 

rel. MC standard error: 0.0147 to 0.0648
eff. sample size: 238 to 4610
needed thinning: 2 to 29
Diagnostics time 0.2 secs 

Total number of iterations 4512 - required further 225 

Chain # 9 - chunk 6 (chain 1 of 1 for this core): increasing by 226 

Iterations: 226 
|-------------|-------------|-------------|-------------|
|-------------------------------------------------------|

Current time: 2024-11-21 10:43:15
MCMC time 24 mins 

USED COMPONENTS: 61 OF 74 

rel. MC standard error: 0.0147 to 0.0633
eff. sample size: 250 to 4650
needed thinning: 2 to 29
Diagnostics time 0.14 secs 

Total number of iterations 4738 - required further 225 

Chain # 9 - chunk 7 (chain 1 of 1 for this core): increasing by 226 

Iterations: 226 
|-------------|-------------|-------------|-------------|
|-------------------------------------------------------|

Current time: 2024-11-21 10:44:22
MCMC time 25 mins 

USED COMPONENTS: 61 OF 74 

rel. MC standard error: 0.0127 to 0.0629
eff. sample size: 253 to 6210
needed thinning: 2 to 30
Diagnostics time 0.2 secs 

Total number of iterations 4964 - required further 233 

Chain # 9 - chunk 8 (chain 1 of 1 for this core): increasing by 234 

Iterations: 234 
|-------------|-------------|-------------|-------------|
|-------------------------------------------------------|

Current time: 2024-11-21 10:45:34
MCMC time 27 mins 

USED COMPONENTS: 61 OF 74 

rel. MC standard error: 0.0124 to 0.0661
eff. sample size: 229 to 6510
needed thinning: 2 to 35
Diagnostics time 0.14 secs 

Total number of iterations 5198 - required further 272 

Chain # 9 - chunk 9 (chain 1 of 1 for this core): increasing by 273 

Iterations: 273 
|-------------|-------------|-------------|-------------|
|-------------------------------------------------------|

Current time: 2024-11-21 10:46:57
MCMC time 28 mins 

USED COMPONENTS: 61 OF 74 

rel. MC standard error: 0.013 to 0.0648
eff. sample size: 238 to 5890
needed thinning: 2 to 35
Diagnostics time 0.16 secs 

Total number of iterations 5471 - required further 272 

Chain # 9 - chunk 10 (chain 1 of 1 for this core): increasing by 273 

Iterations: 273 
|-------------|-------------|-------------|-------------|
|-------------------------------------------------------|

Current time: 2024-11-21 10:48:19
MCMC time 29 mins 

USED COMPONENTS: 62 OF 74 

rel. MC standard error: 0.0141 to 0.0639
eff. sample size: 245 to 5040
needed thinning: 2 to 36
Diagnostics time 0.16 secs 

Total number of iterations 5744 - required further 279 

Chain # 9 - chunk 11 (chain 1 of 1 for this core): increasing by 280 

Iterations: 280 
|-------------|-------------|-------------|-------------|
|-------------------------------------------------------|

Current time: 2024-11-21 10:49:44
MCMC time 31 mins 

USED COMPONENTS: 62 OF 74 

rel. MC standard error: 0.0117 to 0.0669
eff. sample size: 223 to 7360
needed thinning: 2 to 41
Diagnostics time 0.22 secs 

Total number of iterations 6024 - required further 318 

Chain # 9 - chunk 12 (chain 1 of 1 for this core): increasing by 319 

Iterations: 319 
|-------------|-------------|-------------|-------------|
|-------------------------------------------------------|

Current time: 2024-11-21 10:51:21
MCMC time 32 mins 

USED COMPONENTS: 62 OF 74 

rel. MC standard error: 0.0111 to 0.0663
eff. sample size: 228 to 8120
needed thinning: 2 to 42
Diagnostics time 0.18 secs 

Total number of iterations 6343 - required further 326 

Chain # 9 - chunk 13 (chain 1 of 1 for this core): increasing by 327 

Iterations: 327 
|-------------|-------------|-------------|-------------|
|-------------------------------------------------------|

Current time: 2024-11-21 10:53:01
MCMC time 34 mins 

USED COMPONENTS: 62 OF 74 

rel. MC standard error: 0.011 to 0.0662
eff. sample size: 228 to 8290
needed thinning: 2 to 44
Diagnostics time 0.24 secs 

Total number of iterations 6670 - required further 341 

Chain # 9 - chunk 14 (chain 1 of 1 for this core): increasing by 342 

Iterations: 342 
|-------------|-------------|-------------|-------------|
|-------------------------------------------------------|

Current time: 2024-11-21 10:54:45
MCMC time 36 mins 

USED COMPONENTS: 62 OF 74 

rel. MC standard error: 0.0114 to 0.064
eff. sample size: 244 to 7740
needed thinning: 2 to 44
Diagnostics time 0.24 secs 

Total number of iterations 7012 - required further 341 

Chain # 9 - chunk 15 (chain 1 of 1 for this core): increasing by 342 

Iterations: 342 
|-------------|-------------|-------------|-------------|
|-------------------------------------------------------|

Current time: 2024-11-21 10:56:30
MCMC time 37 mins 

USED COMPONENTS: 62 OF 74 

rel. MC standard error: 0.011 to 0.0619
eff. sample size: 261 to 8280
needed thinning: 2 to 43
Diagnostics time 0.25 secs 

Total number of iterations 7354 - required further 334 

Chain # 9 - chunk 16 (chain 1 of 1 for this core): increasing by 335 

Iterations: 335 
|-------------|-------------|-------------|-------------|
|-------------------------------------------------------|

Current time: 2024-11-21 10:58:11
MCMC time 39 mins 

USED COMPONENTS: 60 OF 74 

rel. MC standard error: 0.0104 to 0.0606
eff. sample size: 272 to 9270
needed thinning: 2 to 43
Diagnostics time 0.24 secs 

Total number of iterations 7689 - required further 334 

Chain # 9 - chunk 17 (chain 1 of 1 for this core): increasing by 335 

Iterations: 335 
|-------------|-------------|-------------|-------------|
|-------------------------------------------------------|

Current time: 2024-11-21 10:59:52
MCMC time 41 mins 

USED COMPONENTS: 60 OF 74 

rel. MC standard error: 0.00984 to 0.0585
eff. sample size: 292 to 10300
needed thinning: 2 to 42
Diagnostics time 0.24 secs 

Total number of iterations 8024 - required further 326 

Chain # 9 - chunk 18 (chain 1 of 1 for this core): increasing by 327 

Iterations: 327 
|-------------|-------------|-------------|-------------|
|-------------------------------------------------------|

Current time: 2024-11-21 11:01:31
MCMC time 42 mins 

USED COMPONENTS: 61 OF 74 

rel. MC standard error: 0.00891 to 0.0577
eff. sample size: 300 to 12600
needed thinning: 1 to 42
Diagnostics time 0.24 secs 

Total number of iterations 8351 - required further 326 

Chain # 9 - chunk 19 (chain 1 of 1 for this core): increasing by 327 

Iterations: 327 
|-------------|-------------|-------------|-------------|
|-------------------------------------------------------|

Current time: 2024-11-21 11:03:09
MCMC time 44 mins 

USED COMPONENTS: 60 OF 74 

rel. MC standard error: 0.0105 to 0.0575
eff. sample size: 302 to 9120
needed thinning: 2 to 44
Diagnostics time 0.19 secs 

Total number of iterations 8678 - required further 341 

Chain # 9 - chunk 20 (chain 1 of 1 for this core): increasing by 342 

Iterations: 342 
|-------------|-------------|-------------|-------------|
|-------------------------------------------------------|

Current time: 2024-11-21 11:04:53
MCMC time 46 mins 

USED COMPONENTS: 60 OF 74 

rel. MC standard error: 0.0101 to 0.0554
eff. sample size: 326 to 9860
needed thinning: 2 to 42
Diagnostics time 0.25 secs 

Total number of iterations 9020 - required further 326 

Chain # 9 - chunk 21 (chain 1 of 1 for this core): increasing by 327 

Iterations: 327 
|-------------|-------------|-------------|-------------|
|-------------------------------------------------------|

Current time: 2024-11-21 11:06:31
MCMC time 47 mins 

USED COMPONENTS: 60 OF 74 

rel. MC standard error: 0.00865 to 0.0553
eff. sample size: 327 to 13400
needed thinning: 2 to 43
Diagnostics time 0.24 secs 

Total number of iterations 9347 - required further 334 

Chain # 9 - chunk 22 (chain 1 of 1 for this core): increasing by 335 

Iterations: 335 
|-------------|-------------|-------------|-------------|
|-------------------------------------------------------|

Current time: 2024-11-21 11:08:13
MCMC time 49 mins 

USED COMPONENTS: 61 OF 74 

rel. MC standard error: 0.0101 to 0.0545
eff. sample size: 336 to 9770
needed thinning: 2 to 44
Diagnostics time 0.19 secs 

Total number of iterations 9682 - required further 341 

Chain # 9 - chunk 23 (chain 1 of 1 for this core): increasing by 342 

Iterations: 342 
|-------------|-------------|-------------|-------------|
|-------------------------------------------------------|

Current time: 2024-11-21 11:09:58
MCMC time 51 mins 

USED COMPONENTS: 60 OF 74 

rel. MC standard error: 0.00986 to 0.0558
eff. sample size: 321 to 10300
needed thinning: 2 to 47
Diagnostics time 0.32 secs 

Total number of iterations 10024 - required further 365 

Chain # 9 - chunk 24 (chain 1 of 1 for this core): increasing by 366 

Iterations: 366 
|-------------|-------------|-------------|-------------|
|-------------------------------------------------------|

Current time: 2024-11-21 11:11:47
MCMC time 53 mins 

USED COMPONENTS: 60 OF 74 

rel. MC standard error: 0.00959 to 0.0548
eff. sample size: 333 to 10900
needed thinning: 2 to 47
Diagnostics time 0.26 secs 

Total number of iterations 10390 - required further 365 

Chain # 9 - chunk 25 (chain 1 of 1 for this core): increasing by 366 

Iterations: 366 
|-------------|-------------|-------------|-------------|
|-------------------------------------------------------|

Current time: 2024-11-21 11:13:36
MCMC time 55 mins 

USED COMPONENTS: 60 OF 74 

rel. MC standard error: 0.00932 to 0.0539
eff. sample size: 344 to 11500
needed thinning: 2 to 47
Diagnostics time 0.2 secs 

Total number of iterations 10756 - required further 365 

Chain # 9 - chunk 26 (chain 1 of 1 for this core): increasing by 366 

Iterations: 366 
|-------------|-------------|-------------|-------------|
|-------------------------------------------------------|

Current time: 2024-11-21 11:15:25
MCMC time 56 mins 

USED COMPONENTS: 60 OF 74 

rel. MC standard error: 0.00925 to 0.0541
eff. sample size: 342 to 11700
needed thinning: 2 to 49
Diagnostics time 0.25 secs 

Total number of iterations 11122 - required further 380 

Chain # 9 - chunk 27 (chain 1 of 1 for this core): increasing by 381 

Iterations: 381 
|-------------|-------------|-------------|-------------|
|-------------------------------------------------------|

Current time: 2024-11-21 11:17:18
MCMC time 58 mins 

USED COMPONENTS: 60 OF 74 

rel. MC standard error: 0.00923 to 0.0539
eff. sample size: 345 to 11700
needed thinning: 2 to 51
Diagnostics time 0.26 secs 

Total number of iterations 11503 - required further 396 

Chain # 9 - chunk 28 (chain 1 of 1 for this core): increasing by 397 

Iterations: 397 
|-------------|-------------|-------------|-------------|
|-------------------------------------------------------|

Current time: 2024-11-21 11:19:17
MCMC time 1 hours 

USED COMPONENTS: 60 OF 74 

rel. MC standard error: 0.00874 to 0.0525
eff. sample size: 363 to 13100
needed thinning: 2 to 50
Diagnostics time 0.27 secs 

Total number of iterations 11900 - required further 388 

Chain # 9 - chunk 29 (chain 1 of 1 for this core): increasing by 389 

Iterations: 389 
|-------------|-------------|-------------|-------------|
|-------------------------------------------------------|

Current time: 2024-11-21 11:21:15
MCMC time 1 hours 

USED COMPONENTS: 60 OF 74 

rel. MC standard error: 0.00836 to 0.0515
eff. sample size: 377 to 14300
needed thinning: 2 to 49
Diagnostics time 0.26 secs 

Total number of iterations 12289 - required further 380 

Chain # 9 - chunk 30 (chain 1 of 1 for this core): increasing by 381 

Iterations: 381 
|-------------|-------------|-------------|-------------|
|-------------------------------------------------------|

Current time: 2024-11-21 11:23:09
MCMC time 1.1 hours 

USED COMPONENTS: 62 OF 74 

rel. MC standard error: 0.00868 to 0.0502
eff. sample size: 397 to 13300
needed thinning: 2 to 48
Diagnostics time 0.26 secs 

Total number of iterations 12670 - required further 372 

Chain # 9 - chunk 31 (chain 1 of 1 for this core): increasing by 373 

Iterations: 373 
|-------------|-------------|-------------|-------------|
|-------------------------------------------------------|

Current time: 2024-11-21 11:25:00
MCMC time 1.1 hours 

USED COMPONENTS: 60 OF 74 

rel. MC standard error: 0.0084 to 0.0507
eff. sample size: 389 to 14200
needed thinning: 2 to 51
Diagnostics time 0.25 secs 

Total number of iterations 13043 - required further 396 

Chain # 9 - chunk 32 (chain 1 of 1 for this core): increasing by 397 

Iterations: 397 
|-------------|-------------|-------------|-------------|
|-------------------------------------------------------|

Current time: 2024-11-21 11:26:59
MCMC time 1.1 hours 

USED COMPONENTS: 60 OF 74 

rel. MC standard error: 0.00809 to 0.0491
eff. sample size: 415 to 15300
needed thinning: 2 to 49
Diagnostics time 0.21 secs 

Total number of iterations 13440 - required further 0 

Keeping last 60 samples with thinning 49 

Plotting traces and samples.

Current time: 2024-11-21 11:27:00
MCMC + diagnostics time 1.1 hours 

Current time: 2024-11-21 11:27:00
Total time 1.1 hours 
loaded inferno and set parent environment
loaded inferno and set parent environment
loaded inferno and set parent environment
loaded inferno and set parent environment
Error in gzfile(file, "rb") : cannot open the connection
Calls: <Anonymous> -> cleanup -> loadNamespace -> readRDS -> gzfile
In addition: Warning message:
In gzfile(file, "rb") :
  cannot open compressed file '/usr/lib/R/library/tools/Meta/nsInfo.rds', probable reason 'Transport endpoint is not connected'
