Log core 11 - Current time: 2024-11-21 10:08:55
Defining model
Building model
Setting data and initial values
Running calculate on model
  [Note] Any error reports that follow may simply reflect missing values in model variables.
Checking model sizes and dimensions
Compiling
  [Note] This may take a minute.
  [Note] Use 'showCompilerOutput = TRUE' to see C++ compilation details.
===== Monitors =====
thin = 1: Bprob, Rmean, Rvar, W
thin2 = 1: K
===== Samplers =====
conjugate sampler (519)
  - Rmean[]  (148 elements)
  - Rrate[]  (148 elements)
  - Bprob[]  (74 elements)
  - Rvar[]  (148 elements)
  - W[1:74] 
categorical sampler (3901)
  - Alpha
  - K[]  (3900 elements)
===== Monitors =====
thin = 1: Bprob, Rmean, Rvar, W
thin2 = 1: K
===== Samplers =====
slice sampler (3901)
  - Alpha
  - K[]  (3900 elements)
conjugate sampler (519)
  - Rmean[]  (148 elements)
  - Rrate[]  (148 elements)
  - Bprob[]  (74 elements)
  - Rvar[]  (148 elements)
  - W[1:74] 
Compiling
  [Note] This may take a minute.
  [Note] Use 'showCompilerOutput = TRUE' to see C++ compilation details.

Setup time 16 mins 

Chain # 11 (chain 1 of 1 for this core)

Datapoints for testing convergence:
 #12 #501 #917 #1041 #1155 #1373 #1516 #1557 #1629 #1749 #2164 #2330 #2339 #2346 #2391 #2508 #2536 #3473 #3676 #3796 

Iterations: 3600 
|-------------|-------------|-------------|-------------|
|-------------------------------------------------------|

Current time: 2024-11-21 10:53:56
MCMC time 29 mins 

USED COMPONENTS: 62 OF 74 

rel. MC standard error: 0.0182 to 0.0509
eff. sample size: 387 to 3010
needed thinning: 2 to 14
Diagnostics time 3 secs 

Total number of iterations 3600 - required further 109 

Chain # 11 - chunk 2 (chain 1 of 1 for this core): increasing by 110 

Iterations: 110 
|-------------|-------------|-------------|-------------|
|-------------------------------------------------------|

Current time: 2024-11-21 10:54:54
MCMC time 30 mins 

USED COMPONENTS: 61 OF 74 

rel. MC standard error: 0.018 to 0.0501
eff. sample size: 399 to 3100
needed thinning: 2 to 14
Diagnostics time 0.14 secs 

Total number of iterations 3710 - required further 109 

Chain # 11 - chunk 3 (chain 1 of 1 for this core): increasing by 110 

Iterations: 110 
|-------------|-------------|-------------|-------------|
|-------------------------------------------------------|

Current time: 2024-11-21 10:55:49
MCMC time 30 mins 

USED COMPONENTS: 61 OF 74 

rel. MC standard error: 0.016 to 0.05
eff. sample size: 400 to 3900
needed thinning: 2 to 15
Diagnostics time 0.14 secs 

Total number of iterations 3820 - required further 117 

Chain # 11 - chunk 4 (chain 1 of 1 for this core): increasing by 118 

Iterations: 118 
|-------------|-------------|-------------|-------------|
|-------------------------------------------------------|

Current time: 2024-11-21 10:56:47
MCMC time 31 mins 

USED COMPONENTS: 61 OF 74 

rel. MC standard error: 0.0167 to 0.0475
eff. sample size: 442 to 3600
needed thinning: 2 to 14
Diagnostics time 0.15 secs 

Total number of iterations 3938 - required further 0 

Keeping last 60 samples with thinning 14 

Plotting traces and samples.

Current time: 2024-11-21 10:56:48
MCMC + diagnostics time 31 mins 

Current time: 2024-11-21 10:56:48
Total time 31 mins 
loaded inferno and set parent environment
loaded inferno and set parent environment
loaded inferno and set parent environment
loaded inferno and set parent environment
Error in gzfile(file, "rb") : cannot open the connection
Calls: <Anonymous> ... loadNamespace -> lazyLoad -> lazyLoadDBexec -> readRDS -> gzfile
In addition: Warning message:
In gzfile(file, "rb") :
  cannot open compressed file '/usr/lib/R/library/tools/R/sysdata.rdx', probable reason 'Transport endpoint is not connected'
