Log core 18 - Current time: 2024-11-21 10:08:55
Defining model
Building model
Setting data and initial values
Running calculate on model
  [Note] Any error reports that follow may simply reflect missing values in model variables.
Checking model sizes and dimensions
Compiling
  [Note] This may take a minute.
  [Note] Use 'showCompilerOutput = TRUE' to see C++ compilation details.
===== Monitors =====
thin = 1: Bprob, Rmean, Rvar, W
thin2 = 1: K
===== Samplers =====
conjugate sampler (519)
  - Rmean[]  (148 elements)
  - Rrate[]  (148 elements)
  - Bprob[]  (74 elements)
  - Rvar[]  (148 elements)
  - W[1:74] 
categorical sampler (3901)
  - Alpha
  - K[]  (3900 elements)
===== Monitors =====
thin = 1: Bprob, Rmean, Rvar, W
thin2 = 1: K
===== Samplers =====
slice sampler (3901)
  - Alpha
  - K[]  (3900 elements)
conjugate sampler (519)
  - Rmean[]  (148 elements)
  - Rrate[]  (148 elements)
  - Bprob[]  (74 elements)
  - Rvar[]  (148 elements)
  - W[1:74] 
Compiling
  [Note] This may take a minute.
  [Note] Use 'showCompilerOutput = TRUE' to see C++ compilation details.

Setup time 10 mins 

Chain # 18 (chain 1 of 1 for this core)

Datapoints for testing convergence:
 #178 #245 #267 #291 #486 #639 #839 #841 #1054 #1660 #1874 #2220 #2680 #2774 #3140 #3293 #3596 #3661 #3723 #3775 

Iterations: 3600 
|-------------|-------------|-------------|-------------|
|-------------------------------------------------------|

Current time: 2024-11-21 10:37:56
MCMC time 19 mins 

USED COMPONENTS: 61 OF 74 

rel. MC standard error: 0.0131 to 0.0726
eff. sample size: 189 to 5820
needed thinning: 1 to 29
Diagnostics time 1.8 secs 

Total number of iterations 3600 - required further 225 

Chain # 18 - chunk 2 (chain 1 of 1 for this core): increasing by 226 

Iterations: 226 
|-------------|-------------|-------------|-------------|
|-------------------------------------------------------|

Current time: 2024-11-21 10:39:09
MCMC time 20 mins 

USED COMPONENTS: 61 OF 74 

rel. MC standard error: 0.0142 to 0.0728
eff. sample size: 189 to 4940
needed thinning: 2 to 31
Diagnostics time 1.1 secs 

Total number of iterations 3826 - required further 241 

Chain # 18 - chunk 3 (chain 1 of 1 for this core): increasing by 242 

Iterations: 242 
|-------------|-------------|-------------|-------------|
|-------------------------------------------------------|

Current time: 2024-11-21 10:40:25
MCMC time 21 mins 

USED COMPONENTS: 61 OF 74 

rel. MC standard error: 0.0134 to 0.0708
eff. sample size: 199 to 5600
needed thinning: 2 to 31
Diagnostics time 0.15 secs 

Total number of iterations 4068 - required further 241 

Chain # 18 - chunk 4 (chain 1 of 1 for this core): increasing by 242 

Iterations: 242 
|-------------|-------------|-------------|-------------|
|-------------------------------------------------------|

Current time: 2024-11-21 10:41:43
MCMC time 23 mins 

USED COMPONENTS: 62 OF 74 

rel. MC standard error: 0.0118 to 0.0687
eff. sample size: 212 to 7140
needed thinning: 1 to 31
Diagnostics time 0.14 secs 

Total number of iterations 4310 - required further 241 

Chain # 18 - chunk 5 (chain 1 of 1 for this core): increasing by 242 

Iterations: 242 
|-------------|-------------|-------------|-------------|
|-------------------------------------------------------|

Current time: 2024-11-21 10:42:58
MCMC time 24 mins 

USED COMPONENTS: 61 OF 74 

rel. MC standard error: 0.0128 to 0.0665
eff. sample size: 226 to 6140
needed thinning: 2 to 31
Diagnostics time 0.14 secs 

Total number of iterations 4552 - required further 241 

Chain # 18 - chunk 6 (chain 1 of 1 for this core): increasing by 242 

Iterations: 242 
|-------------|-------------|-------------|-------------|
|-------------------------------------------------------|

Current time: 2024-11-21 10:44:16
MCMC time 25 mins 

USED COMPONENTS: 61 OF 74 

rel. MC standard error: 0.0132 to 0.0679
eff. sample size: 217 to 5730
needed thinning: 2 to 34
Diagnostics time 0.14 secs 

Total number of iterations 4794 - required further 264 

Chain # 18 - chunk 7 (chain 1 of 1 for this core): increasing by 265 

Iterations: 265 
|-------------|-------------|-------------|-------------|
|-------------------------------------------------------|

Current time: 2024-11-21 10:45:38
MCMC time 27 mins 

USED COMPONENTS: 61 OF 74 

rel. MC standard error: 0.0117 to 0.0649
eff. sample size: 237 to 7320
needed thinning: 2 to 32
Diagnostics time 0.21 secs 

Total number of iterations 5059 - required further 248 

Chain # 18 - chunk 8 (chain 1 of 1 for this core): increasing by 249 

Iterations: 249 
|-------------|-------------|-------------|-------------|
|-------------------------------------------------------|

Current time: 2024-11-21 10:46:57
MCMC time 28 mins 

USED COMPONENTS: 61 OF 74 

rel. MC standard error: 0.0116 to 0.0675
eff. sample size: 220 to 7460
needed thinning: 2 to 37
Diagnostics time 0.15 secs 

Total number of iterations 5308 - required further 287 

Chain # 18 - chunk 9 (chain 1 of 1 for this core): increasing by 288 

Iterations: 288 
|-------------|-------------|-------------|-------------|
|-------------------------------------------------------|

Current time: 2024-11-21 10:48:27
MCMC time 29 mins 

USED COMPONENTS: 61 OF 74 

rel. MC standard error: 0.0117 to 0.0661
eff. sample size: 229 to 7290
needed thinning: 2 to 37
Diagnostics time 0.23 secs 

Total number of iterations 5596 - required further 287 

Chain # 18 - chunk 10 (chain 1 of 1 for this core): increasing by 288 

Iterations: 288 
|-------------|-------------|-------------|-------------|
|-------------------------------------------------------|

Current time: 2024-11-21 10:49:58
MCMC time 31 mins 

USED COMPONENTS: 61 OF 74 

rel. MC standard error: 0.0104 to 0.0648
eff. sample size: 238 to 9330
needed thinning: 1 to 38
Diagnostics time 0.17 secs 

Total number of iterations 5884 - required further 295 

Chain # 18 - chunk 11 (chain 1 of 1 for this core): increasing by 296 

Iterations: 296 
|-------------|-------------|-------------|-------------|
|-------------------------------------------------------|

Current time: 2024-11-21 10:51:33
MCMC time 33 mins 

USED COMPONENTS: 61 OF 74 

rel. MC standard error: 0.0101 to 0.0629
eff. sample size: 252 to 9730
needed thinning: 1 to 37
Diagnostics time 0.17 secs 

Total number of iterations 6180 - required further 287 

Chain # 18 - chunk 12 (chain 1 of 1 for this core): increasing by 288 

Iterations: 288 
|-------------|-------------|-------------|-------------|
|-------------------------------------------------------|

Current time: 2024-11-21 10:53:01
MCMC time 34 mins 

USED COMPONENTS: 61 OF 74 

rel. MC standard error: 0.00933 to 0.0619
eff. sample size: 261 to 11500
needed thinning: 1 to 38
Diagnostics time 0.22 secs 

Total number of iterations 6468 - required further 295 

Chain # 18 - chunk 13 (chain 1 of 1 for this core): increasing by 296 

Iterations: 296 
|-------------|-------------|-------------|-------------|
|-------------------------------------------------------|

Current time: 2024-11-21 10:54:32
MCMC time 36 mins 

USED COMPONENTS: 61 OF 74 

rel. MC standard error: 0.011 to 0.0599
eff. sample size: 279 to 8290
needed thinning: 2 to 37
Diagnostics time 0.17 secs 

Total number of iterations 6764 - required further 287 

Chain # 18 - chunk 14 (chain 1 of 1 for this core): increasing by 288 

Iterations: 288 
|-------------|-------------|-------------|-------------|
|-------------------------------------------------------|

Current time: 2024-11-21 10:56:01
MCMC time 37 mins 

USED COMPONENTS: 61 OF 74 

rel. MC standard error: 0.0098 to 0.0591
eff. sample size: 287 to 10400
needed thinning: 2 to 37
Diagnostics time 0.16 secs 

Total number of iterations 7052 - required further 287 

Chain # 18 - chunk 15 (chain 1 of 1 for this core): increasing by 288 

Iterations: 288 
|-------------|-------------|-------------|-------------|
|-------------------------------------------------------|

Current time: 2024-11-21 10:57:44
MCMC time 39 mins 

USED COMPONENTS: 62 OF 74 

rel. MC standard error: 0.0107 to 0.0596
eff. sample size: 282 to 8780
needed thinning: 2 to 40
Diagnostics time 0.27 secs 

Total number of iterations 7340 - required further 310 

Chain # 18 - chunk 16 (chain 1 of 1 for this core): increasing by 311 

Iterations: 311 
|-------------|-------------|-------------|-------------|
|-------------------------------------------------------|

Current time: 2024-11-21 10:59:53
MCMC time 41 mins 

USED COMPONENTS: 61 OF 74 

rel. MC standard error: 0.00959 to 0.0589
eff. sample size: 288 to 10900
needed thinning: 2 to 40
Diagnostics time 0.23 secs 

Total number of iterations 7651 - required further 310 

Chain # 18 - chunk 17 (chain 1 of 1 for this core): increasing by 311 

Iterations: 311 
|-------------|-------------|-------------|-------------|
|-------------------------------------------------------|

Current time: 2024-11-21 11:01:32
MCMC time 43 mins 

USED COMPONENTS: 61 OF 74 

rel. MC standard error: 0.00963 to 0.0585
eff. sample size: 293 to 10800
needed thinning: 2 to 41
Diagnostics time 0.23 secs 

Total number of iterations 7962 - required further 318 

Chain # 18 - chunk 18 (chain 1 of 1 for this core): increasing by 319 

Iterations: 319 
|-------------|-------------|-------------|-------------|
|-------------------------------------------------------|

Current time: 2024-11-21 11:03:11
MCMC time 44 mins 

USED COMPONENTS: 61 OF 74 

rel. MC standard error: 0.00936 to 0.0585
eff. sample size: 293 to 11400
needed thinning: 2 to 43
Diagnostics time 0.23 secs 

Total number of iterations 8281 - required further 334 

Chain # 18 - chunk 19 (chain 1 of 1 for this core): increasing by 335 

Iterations: 335 
|-------------|-------------|-------------|-------------|
|-------------------------------------------------------|

Current time: 2024-11-21 11:04:53
MCMC time 46 mins 

USED COMPONENTS: 60 OF 74 

rel. MC standard error: 0.00938 to 0.0581
eff. sample size: 297 to 11400
needed thinning: 2 to 44
Diagnostics time 0.24 secs 

Total number of iterations 8616 - required further 341 

Chain # 18 - chunk 20 (chain 1 of 1 for this core): increasing by 342 

Iterations: 342 
|-------------|-------------|-------------|-------------|
|-------------------------------------------------------|

Current time: 2024-11-21 11:06:38
MCMC time 48 mins 

USED COMPONENTS: 59 OF 74 

rel. MC standard error: 0.00902 to 0.0597
eff. sample size: 281 to 12300
needed thinning: 2 to 48
Diagnostics time 0.19 secs 

Total number of iterations 8958 - required further 372 

Chain # 18 - chunk 21 (chain 1 of 1 for this core): increasing by 373 

Iterations: 373 
|-------------|-------------|-------------|-------------|
|-------------------------------------------------------|

Current time: 2024-11-21 11:08:32
MCMC time 50 mins 

USED COMPONENTS: 59 OF 74 

rel. MC standard error: 0.00882 to 0.0623
eff. sample size: 258 to 12900
needed thinning: 2 to 55
Diagnostics time 0.21 secs 

Total number of iterations 9331 - required further 427 

Chain # 18 - chunk 22 (chain 1 of 1 for this core): increasing by 428 

Iterations: 428 
|-------------|-------------|-------------|-------------|
|-------------------------------------------------------|

Current time: 2024-11-21 11:10:41
MCMC time 52 mins 

USED COMPONENTS: 59 OF 74 

rel. MC standard error: 0.00795 to 0.0639
eff. sample size: 245 to 15800
needed thinning: 1 to 60
Diagnostics time 0.36 secs 

Total number of iterations 9759 - required further 465 

Chain # 18 - chunk 23 (chain 1 of 1 for this core): increasing by 466 

Iterations: 466 
|-------------|-------------|-------------|-------------|
|-------------------------------------------------------|

Current time: 2024-11-21 11:13:02
MCMC time 54 mins 

USED COMPONENTS: 59 OF 74 

rel. MC standard error: 0.00849 to 0.0669
eff. sample size: 224 to 13900
needed thinning: 2 to 69
Diagnostics time 0.3 secs 

Total number of iterations 10225 - required further 535 

Chain # 18 - chunk 24 (chain 1 of 1 for this core): increasing by 536 

Iterations: 536 
|-------------|-------------|-------------|-------------|
|-------------------------------------------------------|

Current time: 2024-11-21 11:15:44
MCMC time 57 mins 

USED COMPONENTS: 59 OF 74 

rel. MC standard error: 0.00821 to 0.0679
eff. sample size: 217 to 14800
needed thinning: 2 to 75
Diagnostics time 0.33 secs 

Total number of iterations 10761 - required further 581 

Chain # 18 - chunk 25 (chain 1 of 1 for this core): increasing by 582 

Iterations: 582 
|-------------|-------------|-------------|-------------|
|-------------------------------------------------------|

Current time: 2024-11-21 11:18:39
MCMC time 60 mins 

USED COMPONENTS: 59 OF 74 

rel. MC standard error: 0.0082 to 0.0691
eff. sample size: 210 to 14900
needed thinning: 2 to 82
Diagnostics time 0.33 secs 

Total number of iterations 11343 - required further 636 

Chain # 18 - chunk 26 (chain 1 of 1 for this core): increasing by 637 

Iterations: 637 
|-------------|-------------|-------------|-------------|
|-------------------------------------------------------|

Current time: 2024-11-21 11:21:50
MCMC time 1 hours 

USED COMPONENTS: 61 OF 74 

rel. MC standard error: 0.0084 to 0.0683
eff. sample size: 215 to 14200
needed thinning: 2 to 84
Diagnostics time 0.32 secs 

Total number of iterations 11980 - required further 651 

Chain # 18 - chunk 27 (chain 1 of 1 for this core): increasing by 652 

Iterations: 652 
|-------------|-------------|-------------|-------------|
|-------------------------------------------------------|

Current time: 2024-11-21 11:25:05
MCMC time 1.1 hours 

USED COMPONENTS: 60 OF 74 

rel. MC standard error: 0.00828 to 0.0661
eff. sample size: 229 to 14600
needed thinning: 2 to 83
Diagnostics time 0.33 secs 

Total number of iterations 12632 - required further 643 

Chain # 18 - chunk 28 (chain 1 of 1 for this core): increasing by 644 

Iterations: 644 
|-------------|-------------|-------------|-------------|
|-------------------------------------------------------|

Current time: 2024-11-21 11:28:18
MCMC time 1.2 hours 

USED COMPONENTS: 60 OF 74 

rel. MC standard error: 0.00752 to 0.0654
eff. sample size: 234 to 17700
needed thinning: 2 to 86
Diagnostics time 0.36 secs 

Total number of iterations 13276 - required further 667 

Chain # 18 - chunk 29 (chain 1 of 1 for this core): increasing by 668 

Iterations: 668 
|-------------|-------------|-------------|-------------|
|-------------------------------------------------------|

Current time: 2024-11-21 11:31:36
MCMC time 1.2 hours 

USED COMPONENTS: 60 OF 74 

rel. MC standard error: 0.00752 to 0.0647
eff. sample size: 239 to 17700
needed thinning: 2 to 88
Diagnostics time 0.36 secs 

Total number of iterations 13944 - required further 682 

Chain # 18 - chunk 30 (chain 1 of 1 for this core): increasing by 683 

Iterations: 683 
|-------------|-------------|-------------|-------------|
|-------------------------------------------------------|

Current time: 2024-11-21 11:34:57
MCMC time 1.3 hours 

USED COMPONENTS: 61 OF 74 

rel. MC standard error: 0.00741 to 0.0629
eff. sample size: 253 to 18200
needed thinning: 2 to 87
Diagnostics time 0.44 secs 

Total number of iterations 14627 - required further 674 

Chain # 18 - chunk 31 (chain 1 of 1 for this core): increasing by 675 

Iterations: 675 
|-------------|-------------|-------------|-------------|
|-------------------------------------------------------|

Current time: 2024-11-21 11:38:17
MCMC time 1.3 hours 

USED COMPONENTS: 60 OF 74 

rel. MC standard error: 0.00733 to 0.0612
eff. sample size: 267 to 18600
needed thinning: 2 to 87
Diagnostics time 0.36 secs 

Total number of iterations 15302 - required further 674 

Chain # 18 - chunk 32 (chain 1 of 1 for this core): increasing by 675 

Iterations: 675 
|-------------|-------------|-------------|-------------|
|-------------------------------------------------------|

Current time: 2024-11-21 11:41:35
MCMC time 1.4 hours 

USED COMPONENTS: 61 OF 74 

rel. MC standard error: 0.00676 to 0.0606
eff. sample size: 272 to 21900
needed thinning: 2 to 89
Diagnostics time 0.36 secs 

Total number of iterations 15977 - required further 690 

Chain # 18 - chunk 33 (chain 1 of 1 for this core): increasing by 691 

Iterations: 691 
|-------------|-------------|-------------|-------------|
|-------------------------------------------------------|

Current time: 2024-11-21 11:44:57
MCMC time 1.4 hours 

USED COMPONENTS: 60 OF 74 

rel. MC standard error: 0.0065 to 0.0597
eff. sample size: 280 to 23700
needed thinning: 2 to 90
Diagnostics time 1.1 secs 

Total number of iterations 16668 - required further 698 

Chain # 18 - chunk 34 (chain 1 of 1 for this core): increasing by 699 

Iterations: 699 
|-------------|-------------|-------------|-------------|
|-------------------------------------------------------|

Current time: 2024-11-21 11:48:23
MCMC time 1.5 hours 

USED COMPONENTS: 60 OF 74 

rel. MC standard error: 0.00573 to 0.0586
eff. sample size: 291 to 30400
needed thinning: 1 to 90
Diagnostics time 0.37 secs 

Total number of iterations 17367 - required further 698 

Chain # 18 - chunk 35 (chain 1 of 1 for this core): increasing by 699 

Iterations: 699 
|-------------|-------------|-------------|-------------|
|-------------------------------------------------------|

Current time: 2024-11-21 11:51:47
MCMC time 1.5 hours 

USED COMPONENTS: 60 OF 74 

rel. MC standard error: 0.00679 to 0.0577
eff. sample size: 301 to 21700
needed thinning: 2 to 91
Diagnostics time 0.39 secs 

Total number of iterations 18066 - required further 705 

Chain # 18 - chunk 36 (chain 1 of 1 for this core): increasing by 706 

Iterations: 706 
|-------------|-------------|-------------|-------------|
|-------------------------------------------------------|

Current time: 2024-11-21 11:55:12
MCMC time 1.6 hours 

USED COMPONENTS: 61 OF 74 

rel. MC standard error: 0.00645 to 0.0575
eff. sample size: 303 to 24000
needed thinning: 2 to 94
Diagnostics time 0.39 secs 

Total number of iterations 18772 - required further 729 

Chain # 18 - chunk 37 (chain 1 of 1 for this core): increasing by 730 

Iterations: 730 
|-------------|-------------|-------------|-------------|
|-------------------------------------------------------|

Current time: 2024-11-21 11:58:45
MCMC time 1.7 hours 

USED COMPONENTS: 60 OF 74 

rel. MC standard error: 0.00607 to 0.0556
eff. sample size: 324 to 27200
needed thinning: 2 to 91
Diagnostics time 0.43 secs 

Total number of iterations 19502 - required further 705 

Chain # 18 - chunk 38 (chain 1 of 1 for this core): increasing by 706 

Iterations: 706 
|-------------|-------------|-------------|-------------|
|-------------------------------------------------------|

Current time: 2024-11-21 12:02:13
MCMC time 1.7 hours 

USED COMPONENTS: 61 OF 74 

rel. MC standard error: 0.00641 to 0.055
eff. sample size: 331 to 24300
needed thinning: 2 to 92
Diagnostics time 0.37 secs 

Total number of iterations 20208 - required further 713 

Chain # 18 - chunk 39 (chain 1 of 1 for this core): increasing by 714 

Iterations: 714 
|-------------|-------------|-------------|-------------|
|-------------------------------------------------------|

Current time: 2024-11-21 12:05:44
MCMC time 1.8 hours 

USED COMPONENTS: 60 OF 74 

rel. MC standard error: 0.00653 to 0.0546
eff. sample size: 335 to 23400
needed thinning: 2 to 94
Diagnostics time 0.47 secs 

Total number of iterations 20922 - required further 729 

Chain # 18 - chunk 40 (chain 1 of 1 for this core): increasing by 730 

Iterations: 730 
|-------------|-------------|-------------|-------------|
|-------------------------------------------------------|

Current time: 2024-11-21 12:09:20
MCMC time 1.8 hours 

USED COMPONENTS: 60 OF 74 

rel. MC standard error: 0.00605 to 0.0538
eff. sample size: 346 to 27300
needed thinning: 2 to 94
Diagnostics time 0.42 secs 

Total number of iterations 21652 - required further 729 

Chain # 18 - chunk 41 (chain 1 of 1 for this core): increasing by 730 

Iterations: 730 
|-------------|-------------|-------------|-------------|
|-------------------------------------------------------|

Current time: 2024-11-21 12:12:55
MCMC time 1.9 hours 

USED COMPONENTS: 60 OF 74 

rel. MC standard error: 0.00565 to 0.0527
eff. sample size: 360 to 31300
needed thinning: 2 to 94
Diagnostics time 0.4 secs 

Total number of iterations 22382 - required further 729 

Chain # 18 - chunk 42 (chain 1 of 1 for this core): increasing by 730 

Iterations: 730 
|-------------|-------------|-------------|-------------|
|-------------------------------------------------------|

Current time: 2024-11-21 12:16:29
MCMC time 2 hours 

USED COMPONENTS: 60 OF 74 

rel. MC standard error: 0.00602 to 0.0517
eff. sample size: 374 to 27600
needed thinning: 2 to 93
Diagnostics time 0.39 secs 

Total number of iterations 23112 - required further 721 

Chain # 18 - chunk 43 (chain 1 of 1 for this core): increasing by 722 

Iterations: 722 
|-------------|-------------|-------------|-------------|
|-------------------------------------------------------|

Current time: 2024-11-21 12:20:00
MCMC time 2 hours 

USED COMPONENTS: 61 OF 74 

rel. MC standard error: 0.00564 to 0.051
eff. sample size: 384 to 31500
needed thinning: 2 to 94
Diagnostics time 0.47 secs 

Total number of iterations 23834 - required further 729 

Chain # 18 - chunk 44 (chain 1 of 1 for this core): increasing by 730 

Iterations: 730 
|-------------|-------------|-------------|-------------|
|-------------------------------------------------------|

Current time: 2024-11-21 12:23:41
MCMC time 2.1 hours 

USED COMPONENTS: 61 OF 74 

rel. MC standard error: 0.00571 to 0.0501
eff. sample size: 398 to 30700
needed thinning: 2 to 93
Diagnostics time 1.5 secs 

Total number of iterations 24564 - required further 721 

Chain # 18 - chunk 45 (chain 1 of 1 for this core): increasing by 722 

Iterations: 722 
|-------------|-------------|-------------|-------------|
|-------------------------------------------------------|

Current time: 2024-11-21 12:27:23
MCMC time 2.1 hours 

USED COMPONENTS: 61 OF 74 

rel. MC standard error: 0.00551 to 0.0502
eff. sample size: 397 to 33000
needed thinning: 2 to 96
Diagnostics time 0.52 secs 

Total number of iterations 25286 - required further 744 

Chain # 18 - chunk 46 (chain 1 of 1 for this core): increasing by 745 

Iterations: 745 
|-------------|-------------|-------------|-------------|
|-------------------------------------------------------|

Current time: 2024-11-21 12:31:06
MCMC time 2.2 hours 

USED COMPONENTS: 61 OF 74 

rel. MC standard error: 0.00536 to 0.0487
eff. sample size: 421 to 34800
needed thinning: 2 to 93
Diagnostics time 0.43 secs 

Total number of iterations 26031 - required further 0 

Keeping last 60 samples with thinning 93 

Plotting traces and samples.

Current time: 2024-11-21 12:31:09
MCMC + diagnostics time 2.2 hours 

Current time: 2024-11-21 12:31:09
Total time 2.2 hours 
loaded inferno and set parent environment
loaded inferno and set parent environment
loaded inferno and set parent environment
loaded inferno and set parent environment
Error in gzfile(file, "rb") : cannot open the connection
Calls: <Anonymous> -> cleanup -> loadNamespace -> readRDS -> gzfile
In addition: Warning message:
In gzfile(file, "rb") :
  cannot open compressed file '/usr/lib/R/library/tools/Meta/nsInfo.rds', probable reason 'Transport endpoint is not connected'
