Log core 4 - Current time: 2024-11-21 10:08:55
Defining model
Building model
Setting data and initial values
Running calculate on model
  [Note] Any error reports that follow may simply reflect missing values in model variables.
Checking model sizes and dimensions
Compiling
  [Note] This may take a minute.
  [Note] Use 'showCompilerOutput = TRUE' to see C++ compilation details.
===== Monitors =====
thin = 1: Bprob, Rmean, Rvar, W
thin2 = 1: K
===== Samplers =====
conjugate sampler (519)
  - Rmean[]  (148 elements)
  - Rrate[]  (148 elements)
  - Bprob[]  (74 elements)
  - Rvar[]  (148 elements)
  - W[1:74] 
categorical sampler (3901)
  - Alpha
  - K[]  (3900 elements)
===== Monitors =====
thin = 1: Bprob, Rmean, Rvar, W
thin2 = 1: K
===== Samplers =====
slice sampler (3901)
  - Alpha
  - K[]  (3900 elements)
conjugate sampler (519)
  - Rmean[]  (148 elements)
  - Rrate[]  (148 elements)
  - Bprob[]  (74 elements)
  - Rvar[]  (148 elements)
  - W[1:74] 
Compiling
  [Note] This may take a minute.
  [Note] Use 'showCompilerOutput = TRUE' to see C++ compilation details.

Setup time 16 mins 

Chain # 4 (chain 1 of 1 for this core)

Datapoints for testing convergence:
 #87 #181 #670 #838 #927 #1086 #1133 #1140 #1330 #1507 #1582 #1770 #2062 #2202 #2669 #2945 #3151 #3633 #3755 #3870 

Iterations: 3600 
|-------------|-------------|-------------|-------------|
|-------------------------------------------------------|

Current time: 2024-11-21 10:53:27
MCMC time 28 mins 

USED COMPONENTS: 64 OF 74 

rel. MC standard error: 0.0162 to 0.0711
eff. sample size: 198 to 3830
needed thinning: 2 to 28
Diagnostics time 3 secs 

Total number of iterations 3600 - required further 217 

Chain # 4 - chunk 2 (chain 1 of 1 for this core): increasing by 218 

Iterations: 218 
|-------------|-------------|-------------|-------------|
|-------------------------------------------------------|

Current time: 2024-11-21 10:55:16
MCMC time 30 mins 

USED COMPONENTS: 62 OF 74 

rel. MC standard error: 0.0156 to 0.0699
eff. sample size: 205 to 4110
needed thinning: 2 to 28
Diagnostics time 1.3 secs 

Total number of iterations 3818 - required further 217 

Chain # 4 - chunk 3 (chain 1 of 1 for this core): increasing by 218 

Iterations: 218 
|-------------|-------------|-------------|-------------|
|-------------------------------------------------------|

Current time: 2024-11-21 10:57:02
MCMC time 32 mins 

USED COMPONENTS: 64 OF 74 

rel. MC standard error: 0.0141 to 0.0706
eff. sample size: 201 to 5020
needed thinning: 2 to 31
Diagnostics time 0.22 secs 

Total number of iterations 4036 - required further 241 

Chain # 4 - chunk 4 (chain 1 of 1 for this core): increasing by 242 

Iterations: 242 
|-------------|-------------|-------------|-------------|
|-------------------------------------------------------|

Current time: 2024-11-21 10:58:57
MCMC time 34 mins 

USED COMPONENTS: 63 OF 74 

rel. MC standard error: 0.0149 to 0.0693
eff. sample size: 208 to 4510
needed thinning: 2 to 31
Diagnostics time 0.2 secs 

Total number of iterations 4278 - required further 241 

Chain # 4 - chunk 5 (chain 1 of 1 for this core): increasing by 242 

Iterations: 242 
|-------------|-------------|-------------|-------------|
|-------------------------------------------------------|

Current time: 2024-11-21 11:00:45
MCMC time 36 mins 

USED COMPONENTS: 63 OF 74 

rel. MC standard error: 0.0147 to 0.0689
eff. sample size: 211 to 4630
needed thinning: 2 to 33
Diagnostics time 0.32 secs 

Total number of iterations 4520 - required further 256 

Chain # 4 - chunk 6 (chain 1 of 1 for this core): increasing by 257 

Iterations: 257 
|-------------|-------------|-------------|-------------|
|-------------------------------------------------------|

Current time: 2024-11-21 11:02:22
MCMC time 37 mins 

USED COMPONENTS: 62 OF 74 

rel. MC standard error: 0.0139 to 0.0678
eff. sample size: 218 to 5140
needed thinning: 2 to 33
Diagnostics time 0.15 secs 

Total number of iterations 4777 - required further 256 

Chain # 4 - chunk 7 (chain 1 of 1 for this core): increasing by 257 

Iterations: 257 
|-------------|-------------|-------------|-------------|
|-------------------------------------------------------|

Current time: 2024-11-21 11:03:39
MCMC time 39 mins 

USED COMPONENTS: 62 OF 74 

rel. MC standard error: 0.0127 to 0.0661
eff. sample size: 229 to 6180
needed thinning: 2 to 34
Diagnostics time 0.21 secs 

Total number of iterations 5034 - required further 264 

Chain # 4 - chunk 8 (chain 1 of 1 for this core): increasing by 265 

Iterations: 265 
|-------------|-------------|-------------|-------------|
|-------------------------------------------------------|

Current time: 2024-11-21 11:05:23
MCMC time 40 mins 

USED COMPONENTS: 62 OF 74 

rel. MC standard error: 0.0133 to 0.0658
eff. sample size: 231 to 5680
needed thinning: 2 to 35
Diagnostics time 0.15 secs 

Total number of iterations 5299 - required further 272 

Chain # 4 - chunk 9 (chain 1 of 1 for this core): increasing by 273 

Iterations: 273 
|-------------|-------------|-------------|-------------|
|-------------------------------------------------------|

Current time: 2024-11-21 11:07:03
MCMC time 42 mins 

USED COMPONENTS: 63 OF 74 

rel. MC standard error: 0.0129 to 0.0638
eff. sample size: 246 to 6030
needed thinning: 2 to 35
Diagnostics time 0.21 secs 

Total number of iterations 5572 - required further 272 

Chain # 4 - chunk 10 (chain 1 of 1 for this core): increasing by 273 

Iterations: 273 
|-------------|-------------|-------------|-------------|
|-------------------------------------------------------|

Current time: 2024-11-21 11:08:37
MCMC time 44 mins 

USED COMPONENTS: 63 OF 74 

rel. MC standard error: 0.0123 to 0.0627
eff. sample size: 255 to 6600
needed thinning: 2 to 35
Diagnostics time 0.16 secs 

Total number of iterations 5845 - required further 272 

Chain # 4 - chunk 11 (chain 1 of 1 for this core): increasing by 273 

Iterations: 273 
|-------------|-------------|-------------|-------------|
|-------------------------------------------------------|

Current time: 2024-11-21 11:09:57
MCMC time 45 mins 

USED COMPONENTS: 62 OF 74 

rel. MC standard error: 0.0123 to 0.0617
eff. sample size: 263 to 6560
needed thinning: 2 to 35
Diagnostics time 0.21 secs 

Total number of iterations 6118 - required further 272 

Chain # 4 - chunk 12 (chain 1 of 1 for this core): increasing by 273 

Iterations: 273 
|-------------|-------------|-------------|-------------|
|-------------------------------------------------------|

Current time: 2024-11-21 11:11:50
MCMC time 47 mins 

USED COMPONENTS: 63 OF 74 

rel. MC standard error: 0.0114 to 0.0607
eff. sample size: 271 to 7710
needed thinning: 2 to 36
Diagnostics time 0.16 secs 

Total number of iterations 6391 - required further 279 

Chain # 4 - chunk 13 (chain 1 of 1 for this core): increasing by 280 

Iterations: 280 
|-------------|-------------|-------------|-------------|
|-------------------------------------------------------|

Current time: 2024-11-21 11:13:57
MCMC time 49 mins 

USED COMPONENTS: 62 OF 74 

rel. MC standard error: 0.0119 to 0.0601
eff. sample size: 277 to 7070
needed thinning: 2 to 37
Diagnostics time 0.27 secs 

Total number of iterations 6671 - required further 287 

Chain # 4 - chunk 14 (chain 1 of 1 for this core): increasing by 288 

Iterations: 288 
|-------------|-------------|-------------|-------------|
|-------------------------------------------------------|

Current time: 2024-11-21 11:16:13
MCMC time 51 mins 

USED COMPONENTS: 62 OF 74 

rel. MC standard error: 0.0116 to 0.0602
eff. sample size: 276 to 7490
needed thinning: 2 to 38
Diagnostics time 0.35 secs 

Total number of iterations 6959 - required further 295 

Chain # 4 - chunk 15 (chain 1 of 1 for this core): increasing by 296 

Iterations: 296 
|-------------|-------------|-------------|-------------|
|-------------------------------------------------------|

Current time: 2024-11-21 11:18:19
MCMC time 53 mins 

USED COMPONENTS: 62 OF 74 

rel. MC standard error: 0.0114 to 0.0586
eff. sample size: 291 to 7710
needed thinning: 2 to 38
Diagnostics time 0.17 secs 

Total number of iterations 7255 - required further 295 

Chain # 4 - chunk 16 (chain 1 of 1 for this core): increasing by 296 

Iterations: 296 
|-------------|-------------|-------------|-------------|
|-------------------------------------------------------|

Current time: 2024-11-21 11:19:47
MCMC time 55 mins 

USED COMPONENTS: 62 OF 74 

rel. MC standard error: 0.0107 to 0.0575
eff. sample size: 303 to 8730
needed thinning: 2 to 38
Diagnostics time 0.16 secs 

Total number of iterations 7551 - required further 295 

Chain # 4 - chunk 17 (chain 1 of 1 for this core): increasing by 296 

Iterations: 296 
|-------------|-------------|-------------|-------------|
|-------------------------------------------------------|

Current time: 2024-11-21 11:21:14
MCMC time 56 mins 

USED COMPONENTS: 62 OF 74 

rel. MC standard error: 0.0107 to 0.0579
eff. sample size: 298 to 8770
needed thinning: 2 to 40
Diagnostics time 0.22 secs 

Total number of iterations 7847 - required further 310 

Chain # 4 - chunk 18 (chain 1 of 1 for this core): increasing by 311 

Iterations: 311 
|-------------|-------------|-------------|-------------|
|-------------------------------------------------------|

Current time: 2024-11-21 11:23:20
MCMC time 58 mins 

USED COMPONENTS: 62 OF 74 

rel. MC standard error: 0.0101 to 0.0573
eff. sample size: 304 to 9860
needed thinning: 2 to 41
Diagnostics time 0.22 secs 

Total number of iterations 8158 - required further 318 

Chain # 4 - chunk 19 (chain 1 of 1 for this core): increasing by 319 

Iterations: 319 
|-------------|-------------|-------------|-------------|
|-------------------------------------------------------|

Current time: 2024-11-21 11:25:20
MCMC time 1 hours 

USED COMPONENTS: 62 OF 74 

rel. MC standard error: 0.0107 to 0.056
eff. sample size: 319 to 8810
needed thinning: 2 to 40
Diagnostics time 0.23 secs 

Total number of iterations 8477 - required further 310 

Chain # 4 - chunk 20 (chain 1 of 1 for this core): increasing by 311 

Iterations: 311 
|-------------|-------------|-------------|-------------|
|-------------------------------------------------------|

Current time: 2024-11-21 11:27:14
MCMC time 1 hours 

USED COMPONENTS: 63 OF 74 

rel. MC standard error: 0.00974 to 0.0546
eff. sample size: 336 to 10500
needed thinning: 2 to 40
Diagnostics time 0.23 secs 

Total number of iterations 8788 - required further 310 

Chain # 4 - chunk 21 (chain 1 of 1 for this core): increasing by 311 

Iterations: 311 
|-------------|-------------|-------------|-------------|
|-------------------------------------------------------|

Current time: 2024-11-21 11:28:50
MCMC time 1.1 hours 

USED COMPONENTS: 62 OF 74 

rel. MC standard error: 0.0102 to 0.0543
eff. sample size: 339 to 9550
needed thinning: 2 to 41
Diagnostics time 0.17 secs 

Total number of iterations 9099 - required further 318 

Chain # 4 - chunk 22 (chain 1 of 1 for this core): increasing by 319 

Iterations: 319 
|-------------|-------------|-------------|-------------|
|-------------------------------------------------------|

Current time: 2024-11-21 11:30:23
MCMC time 1.1 hours 

USED COMPONENTS: 62 OF 74 

rel. MC standard error: 0.00993 to 0.0538
eff. sample size: 346 to 10100
needed thinning: 2 to 41
Diagnostics time 0.23 secs 

Total number of iterations 9418 - required further 318 

Chain # 4 - chunk 23 (chain 1 of 1 for this core): increasing by 319 

Iterations: 319 
|-------------|-------------|-------------|-------------|
|-------------------------------------------------------|

Current time: 2024-11-21 11:31:56
MCMC time 1.1 hours 

USED COMPONENTS: 63 OF 74 

rel. MC standard error: 0.00996 to 0.0527
eff. sample size: 360 to 10100
needed thinning: 2 to 41
Diagnostics time 0.32 secs 

Total number of iterations 9737 - required further 318 

Chain # 4 - chunk 24 (chain 1 of 1 for this core): increasing by 319 

Iterations: 319 
|-------------|-------------|-------------|-------------|
|-------------------------------------------------------|

Current time: 2024-11-21 11:33:30
MCMC time 1.1 hours 

USED COMPONENTS: 62 OF 74 

rel. MC standard error: 0.00906 to 0.0526
eff. sample size: 362 to 12200
needed thinning: 2 to 42
Diagnostics time 0.18 secs 

Total number of iterations 10056 - required further 326 

Chain # 4 - chunk 25 (chain 1 of 1 for this core): increasing by 327 

Iterations: 327 
|-------------|-------------|-------------|-------------|
|-------------------------------------------------------|

Current time: 2024-11-21 11:35:05
MCMC time 1.2 hours 

USED COMPONENTS: 62 OF 74 

rel. MC standard error: 0.00933 to 0.0519
eff. sample size: 372 to 11500
needed thinning: 2 to 42
Diagnostics time 0.24 secs 

Total number of iterations 10383 - required further 326 

Chain # 4 - chunk 26 (chain 1 of 1 for this core): increasing by 327 

Iterations: 327 
|-------------|-------------|-------------|-------------|
|-------------------------------------------------------|

Current time: 2024-11-21 11:36:39
MCMC time 1.2 hours 

USED COMPONENTS: 62 OF 74 

rel. MC standard error: 0.00972 to 0.0513
eff. sample size: 380 to 10600
needed thinning: 2 to 43
Diagnostics time 0.18 secs 

Total number of iterations 10710 - required further 334 

Chain # 4 - chunk 27 (chain 1 of 1 for this core): increasing by 335 

Iterations: 335 
|-------------|-------------|-------------|-------------|
|-------------------------------------------------------|

Current time: 2024-11-21 11:38:17
MCMC time 1.2 hours 

USED COMPONENTS: 62 OF 74 

rel. MC standard error: 0.00965 to 0.0506
eff. sample size: 390 to 10700
needed thinning: 2 to 43
Diagnostics time 0.18 secs 

Total number of iterations 11045 - required further 334 

Chain # 4 - chunk 28 (chain 1 of 1 for this core): increasing by 335 

Iterations: 335 
|-------------|-------------|-------------|-------------|
|-------------------------------------------------------|

Current time: 2024-11-21 11:39:53
MCMC time 1.2 hours 

USED COMPONENTS: 62 OF 74 

rel. MC standard error: 0.00914 to 0.0497
eff. sample size: 405 to 12000
needed thinning: 2 to 43
Diagnostics time 0.23 secs 

Total number of iterations 11380 - required further 0 

Keeping last 60 samples with thinning 43 

Plotting traces and samples.

Current time: 2024-11-21 11:39:54
MCMC + diagnostics time 1.2 hours 

Current time: 2024-11-21 11:39:54
Total time 1.2 hours 
loaded inferno and set parent environment
loaded inferno and set parent environment
loaded inferno and set parent environment
loaded inferno and set parent environment
Error in gzfile(file, "rb") : cannot open the connection
Calls: <Anonymous> -> cleanup -> loadNamespace -> readRDS -> gzfile
In addition: Warning message:
In gzfile(file, "rb") :
  cannot open compressed file '/usr/lib/R/library/tools/Meta/nsInfo.rds', probable reason 'Transport endpoint is not connected'
