Log core 1 - Current time: 2024-11-21 10:08:55
Defining model
Building model
Setting data and initial values
Running calculate on model
  [Note] Any error reports that follow may simply reflect missing values in model variables.
Checking model sizes and dimensions
Compiling
  [Note] This may take a minute.
  [Note] Use 'showCompilerOutput = TRUE' to see C++ compilation details.
===== Monitors =====
thin = 1: Bprob, Rmean, Rvar, W
thin2 = 1: K
===== Samplers =====
conjugate sampler (519)
  - Rmean[]  (148 elements)
  - Rrate[]  (148 elements)
  - Bprob[]  (74 elements)
  - Rvar[]  (148 elements)
  - W[1:74] 
categorical sampler (3901)
  - Alpha
  - K[]  (3900 elements)
===== Monitors =====
thin = 1: Bprob, Rmean, Rvar, W
thin2 = 1: K
===== Samplers =====
slice sampler (3901)
  - Alpha
  - K[]  (3900 elements)
conjugate sampler (519)
  - Rmean[]  (148 elements)
  - Rrate[]  (148 elements)
  - Bprob[]  (74 elements)
  - Rvar[]  (148 elements)
  - W[1:74] 
Compiling
  [Note] This may take a minute.
  [Note] Use 'showCompilerOutput = TRUE' to see C++ compilation details.

Setup time 16 mins 

Chain # 1 (chain 1 of 1 for this core)

Datapoints for testing convergence:
 #337 #556 #568 #774 #935 #1259 #1374 #1460 #1593 #1894 #1946 #2405 #2557 #2560 #2662 #2772 #2863 #3318 #3560 #3870 

Iterations: 3600 
|-------------|-------------|-------------|-------------|
|-------------------------------------------------------|

Current time: 2024-11-21 10:53:03
MCMC time 28 mins 

USED COMPONENTS: 59 OF 74 

rel. MC standard error: 0.0146 to 0.0833
eff. sample size: 144 to 4710
needed thinning: 2 to 38
Diagnostics time 3 secs 

Total number of iterations 3600 - required further 295 

Chain # 1 - chunk 2 (chain 1 of 1 for this core): increasing by 296 

Iterations: 296 
|-------------|-------------|-------------|-------------|
|-------------------------------------------------------|

Current time: 2024-11-21 10:55:23
MCMC time 30 mins 

USED COMPONENTS: 58 OF 74 

rel. MC standard error: 0.0136 to 0.0822
eff. sample size: 148 to 5370
needed thinning: 2 to 40
Diagnostics time 1.2 secs 

Total number of iterations 3896 - required further 310 

Chain # 1 - chunk 3 (chain 1 of 1 for this core): increasing by 311 

Iterations: 311 
|-------------|-------------|-------------|-------------|
|-------------------------------------------------------|

Current time: 2024-11-21 10:57:47
MCMC time 33 mins 

USED COMPONENTS: 59 OF 74 

rel. MC standard error: 0.0127 to 0.0824
eff. sample size: 147 to 6200
needed thinning: 2 to 43
Diagnostics time 0.3 secs 

Total number of iterations 4207 - required further 334 

Chain # 1 - chunk 4 (chain 1 of 1 for this core): increasing by 335 

Iterations: 335 
|-------------|-------------|-------------|-------------|
|-------------------------------------------------------|

Current time: 2024-11-21 11:00:01
MCMC time 35 mins 

USED COMPONENTS: 58 OF 74 

rel. MC standard error: 0.0146 to 0.0768
eff. sample size: 170 to 4690
needed thinning: 2 to 41
Diagnostics time 0.4 secs 

Total number of iterations 4542 - required further 318 

Chain # 1 - chunk 5 (chain 1 of 1 for this core): increasing by 319 

Iterations: 319 
|-------------|-------------|-------------|-------------|
|-------------------------------------------------------|

Current time: 2024-11-21 11:02:36
MCMC time 37 mins 

USED COMPONENTS: 58 OF 74 

rel. MC standard error: 0.013 to 0.0744
eff. sample size: 181 to 5950
needed thinning: 2 to 41
Diagnostics time 0.31 secs 

Total number of iterations 4861 - required further 318 

Chain # 1 - chunk 6 (chain 1 of 1 for this core): increasing by 319 

Iterations: 319 
|-------------|-------------|-------------|-------------|
|-------------------------------------------------------|

Current time: 2024-11-21 11:04:57
MCMC time 40 mins 

USED COMPONENTS: 59 OF 74 

rel. MC standard error: 0.0132 to 0.0732
eff. sample size: 186 to 5730
needed thinning: 2 to 42
Diagnostics time 0.18 secs 

Total number of iterations 5180 - required further 326 

Chain # 1 - chunk 7 (chain 1 of 1 for this core): increasing by 327 

Iterations: 327 
|-------------|-------------|-------------|-------------|
|-------------------------------------------------------|

Current time: 2024-11-21 11:07:23
MCMC time 42 mins 

USED COMPONENTS: 58 OF 74 

rel. MC standard error: 0.0121 to 0.0743
eff. sample size: 181 to 6870
needed thinning: 2 to 46
Diagnostics time 0.39 secs 

Total number of iterations 5507 - required further 357 

Chain # 1 - chunk 8 (chain 1 of 1 for this core): increasing by 358 

Iterations: 358 
|-------------|-------------|-------------|-------------|
|-------------------------------------------------------|

Current time: 2024-11-21 11:10:15
MCMC time 45 mins 

USED COMPONENTS: 59 OF 74 

rel. MC standard error: 0.0111 to 0.0681
eff. sample size: 215 to 8180
needed thinning: 2 to 41
Diagnostics time 0.33 secs 

Total number of iterations 5865 - required further 318 

Chain # 1 - chunk 9 (chain 1 of 1 for this core): increasing by 319 

Iterations: 319 
|-------------|-------------|-------------|-------------|
|-------------------------------------------------------|

Current time: 2024-11-21 11:12:30
MCMC time 47 mins 

USED COMPONENTS: 60 OF 74 

rel. MC standard error: 0.0116 to 0.0675
eff. sample size: 220 to 7420
needed thinning: 2 to 43
Diagnostics time 0.17 secs 

Total number of iterations 6184 - required further 334 

Chain # 1 - chunk 10 (chain 1 of 1 for this core): increasing by 335 

Iterations: 335 
|-------------|-------------|-------------|-------------|
|-------------------------------------------------------|

Current time: 2024-11-21 11:14:13
MCMC time 49 mins 

USED COMPONENTS: 59 OF 74 

rel. MC standard error: 0.0109 to 0.0675
eff. sample size: 220 to 8360
needed thinning: 2 to 45
Diagnostics time 0.38 secs 

Total number of iterations 6519 - required further 349 

Chain # 1 - chunk 11 (chain 1 of 1 for this core): increasing by 350 

Iterations: 350 
|-------------|-------------|-------------|-------------|
|-------------------------------------------------------|

Current time: 2024-11-21 11:17:02
MCMC time 52 mins 

USED COMPONENTS: 59 OF 74 

rel. MC standard error: 0.0102 to 0.0655
eff. sample size: 233 to 9640
needed thinning: 2 to 45
Diagnostics time 0.39 secs 

Total number of iterations 6869 - required further 349 

Chain # 1 - chunk 12 (chain 1 of 1 for this core): increasing by 350 

Iterations: 350 
|-------------|-------------|-------------|-------------|
|-------------------------------------------------------|

Current time: 2024-11-21 11:19:24
MCMC time 54 mins 

USED COMPONENTS: 59 OF 74 

rel. MC standard error: 0.0105 to 0.0627
eff. sample size: 254 to 9140
needed thinning: 2 to 43
Diagnostics time 0.39 secs 

Total number of iterations 7219 - required further 334 

Chain # 1 - chunk 13 (chain 1 of 1 for this core): increasing by 335 

Iterations: 335 
|-------------|-------------|-------------|-------------|
|-------------------------------------------------------|

Current time: 2024-11-21 11:21:47
MCMC time 57 mins 

USED COMPONENTS: 59 OF 74 

rel. MC standard error: 0.0109 to 0.0611
eff. sample size: 268 to 8420
needed thinning: 2 to 43
Diagnostics time 0.18 secs 

Total number of iterations 7554 - required further 334 

Chain # 1 - chunk 14 (chain 1 of 1 for this core): increasing by 335 

Iterations: 335 
|-------------|-------------|-------------|-------------|
|-------------------------------------------------------|

Current time: 2024-11-21 11:23:37
MCMC time 58 mins 

USED COMPONENTS: 59 OF 74 

rel. MC standard error: 0.0101 to 0.0632
eff. sample size: 250 to 9880
needed thinning: 2 to 48
Diagnostics time 0.25 secs 

Total number of iterations 7889 - required further 372 

Chain # 1 - chunk 15 (chain 1 of 1 for this core): increasing by 373 

Iterations: 373 
|-------------|-------------|-------------|-------------|
|-------------------------------------------------------|

Current time: 2024-11-21 11:25:55
MCMC time 1 hours 

USED COMPONENTS: 58 OF 74 

rel. MC standard error: 0.00989 to 0.0586
eff. sample size: 291 to 10200
needed thinning: 2 to 43
Diagnostics time 0.2 secs 

Total number of iterations 8262 - required further 334 

Chain # 1 - chunk 16 (chain 1 of 1 for this core): increasing by 335 

Iterations: 335 
|-------------|-------------|-------------|-------------|
|-------------------------------------------------------|

Current time: 2024-11-21 11:28:02
MCMC time 1 hours 

USED COMPONENTS: 60 OF 74 

rel. MC standard error: 0.0104 to 0.0598
eff. sample size: 280 to 9260
needed thinning: 2 to 47
Diagnostics time 0.18 secs 

Total number of iterations 8597 - required further 365 

Chain # 1 - chunk 17 (chain 1 of 1 for this core): increasing by 366 

Iterations: 366 
|-------------|-------------|-------------|-------------|
|-------------------------------------------------------|

Current time: 2024-11-21 11:29:52
MCMC time 1.1 hours 

USED COMPONENTS: 59 OF 74 

rel. MC standard error: 0.00981 to 0.0579
eff. sample size: 298 to 10400
needed thinning: 2 to 46
Diagnostics time 0.24 secs 

Total number of iterations 8963 - required further 357 

Chain # 1 - chunk 18 (chain 1 of 1 for this core): increasing by 358 

Iterations: 358 
|-------------|-------------|-------------|-------------|
|-------------------------------------------------------|

Current time: 2024-11-21 11:31:37
MCMC time 1.1 hours 

USED COMPONENTS: 59 OF 74 

rel. MC standard error: 0.00974 to 0.0551
eff. sample size: 329 to 10500
needed thinning: 2 to 43
Diagnostics time 0.24 secs 

Total number of iterations 9321 - required further 334 

Chain # 1 - chunk 19 (chain 1 of 1 for this core): increasing by 335 

Iterations: 335 
|-------------|-------------|-------------|-------------|
|-------------------------------------------------------|

Current time: 2024-11-21 11:33:56
MCMC time 1.1 hours 

USED COMPONENTS: 59 OF 74 

rel. MC standard error: 0.00984 to 0.0551
eff. sample size: 330 to 10300
needed thinning: 2 to 44
Diagnostics time 0.48 secs 

Total number of iterations 9656 - required further 341 

Chain # 1 - chunk 20 (chain 1 of 1 for this core): increasing by 342 

Iterations: 342 
|-------------|-------------|-------------|-------------|
|-------------------------------------------------------|

Current time: 2024-11-21 11:35:48
MCMC time 1.2 hours 

USED COMPONENTS: 61 OF 74 

rel. MC standard error: 0.00903 to 0.0558
eff. sample size: 321 to 12300
needed thinning: 2 to 47
Diagnostics time 0.24 secs 

Total number of iterations 9998 - required further 365 

Chain # 1 - chunk 21 (chain 1 of 1 for this core): increasing by 366 

Iterations: 366 
|-------------|-------------|-------------|-------------|
|-------------------------------------------------------|

Current time: 2024-11-21 11:37:35
MCMC time 1.2 hours 

USED COMPONENTS: 59 OF 74 

rel. MC standard error: 0.00873 to 0.0517
eff. sample size: 374 to 13100
needed thinning: 2 to 42
Diagnostics time 0.2 secs 

Total number of iterations 10364 - required further 326 

Chain # 1 - chunk 22 (chain 1 of 1 for this core): increasing by 327 

Iterations: 327 
|-------------|-------------|-------------|-------------|
|-------------------------------------------------------|

Current time: 2024-11-21 11:39:10
MCMC time 1.2 hours 

USED COMPONENTS: 60 OF 74 

rel. MC standard error: 0.00954 to 0.0525
eff. sample size: 363 to 11000
needed thinning: 2 to 45
Diagnostics time 0.23 secs 

Total number of iterations 10691 - required further 349 

Chain # 1 - chunk 23 (chain 1 of 1 for this core): increasing by 350 

Iterations: 350 
|-------------|-------------|-------------|-------------|
|-------------------------------------------------------|

Current time: 2024-11-21 11:40:54
MCMC time 1.3 hours 

USED COMPONENTS: 59 OF 74 

rel. MC standard error: 0.00935 to 0.0523
eff. sample size: 365 to 11400
needed thinning: 2 to 46
Diagnostics time 0.24 secs 

Total number of iterations 11041 - required further 357 

Chain # 1 - chunk 24 (chain 1 of 1 for this core): increasing by 358 

Iterations: 358 
|-------------|-------------|-------------|-------------|
|-------------------------------------------------------|

Current time: 2024-11-21 11:42:40
MCMC time 1.3 hours 

USED COMPONENTS: 58 OF 74 

rel. MC standard error: 0.00855 to 0.0494
eff. sample size: 411 to 13700
needed thinning: 2 to 42
Diagnostics time 0.25 secs 

Total number of iterations 11399 - required further 0 

Keeping last 60 samples with thinning 42 

Plotting traces and samples.

Current time: 2024-11-21 11:42:41
MCMC + diagnostics time 1.3 hours 

Current time: 2024-11-21 11:42:41
Total time 1.3 hours 
loaded inferno and set parent environment
loaded inferno and set parent environment
loaded inferno and set parent environment
loaded inferno and set parent environment
Error in gzfile(file, "rb") : cannot open the connection
Calls: <Anonymous> -> cleanup -> loadNamespace -> readRDS -> gzfile
In addition: Warning message:
In gzfile(file, "rb") :
  cannot open compressed file '/usr/lib/R/library/tools/Meta/nsInfo.rds', probable reason 'Transport endpoint is not connected'
