Log core 13 - Current time: 2024-11-21 10:08:55
Defining model
Building model
Setting data and initial values
Running calculate on model
  [Note] Any error reports that follow may simply reflect missing values in model variables.
Checking model sizes and dimensions
Compiling
  [Note] This may take a minute.
  [Note] Use 'showCompilerOutput = TRUE' to see C++ compilation details.
===== Monitors =====
thin = 1: Bprob, Rmean, Rvar, W
thin2 = 1: K
===== Samplers =====
conjugate sampler (519)
  - Rmean[]  (148 elements)
  - Rrate[]  (148 elements)
  - Bprob[]  (74 elements)
  - Rvar[]  (148 elements)
  - W[1:74] 
categorical sampler (3901)
  - Alpha
  - K[]  (3900 elements)
===== Monitors =====
thin = 1: Bprob, Rmean, Rvar, W
thin2 = 1: K
===== Samplers =====
slice sampler (3901)
  - Alpha
  - K[]  (3900 elements)
conjugate sampler (519)
  - Rmean[]  (148 elements)
  - Rrate[]  (148 elements)
  - Bprob[]  (74 elements)
  - Rvar[]  (148 elements)
  - W[1:74] 
Compiling
  [Note] This may take a minute.
  [Note] Use 'showCompilerOutput = TRUE' to see C++ compilation details.

Setup time 10 mins 

Chain # 13 (chain 1 of 1 for this core)

Datapoints for testing convergence:
 #311 #793 #930 #1002 #1079 #1598 #1685 #2061 #2124 #2137 #2362 #2386 #2393 #2547 #3090 #3261 #3364 #3457 #3496 #3622 

Iterations: 3600 
|-------------|-------------|-------------|-------------|
|-------------------------------------------------------|

Current time: 2024-11-21 10:37:38
MCMC time 19 mins 

USED COMPONENTS: 60 OF 74 

rel. MC standard error: 0.0154 to 0.0766
eff. sample size: 171 to 4190
needed thinning: 2 to 32
Diagnostics time 1.8 secs 

Total number of iterations 3600 - required further 248 

Chain # 13 - chunk 2 (chain 1 of 1 for this core): increasing by 249 

Iterations: 249 
|-------------|-------------|-------------|-------------|
|-------------------------------------------------------|

Current time: 2024-11-21 10:38:57
MCMC time 20 mins 

USED COMPONENTS: 61 OF 74 

rel. MC standard error: 0.0149 to 0.0756
eff. sample size: 175 to 4530
needed thinning: 2 to 33
Diagnostics time 1.1 secs 

Total number of iterations 3849 - required further 256 

Chain # 13 - chunk 3 (chain 1 of 1 for this core): increasing by 257 

Iterations: 257 
|-------------|-------------|-------------|-------------|
|-------------------------------------------------------|

Current time: 2024-11-21 10:40:16
MCMC time 21 mins 

USED COMPONENTS: 59 OF 74 

rel. MC standard error: 0.0143 to 0.0743
eff. sample size: 181 to 4910
needed thinning: 2 to 35
Diagnostics time 0.15 secs 

Total number of iterations 4106 - required further 272 

Chain # 13 - chunk 4 (chain 1 of 1 for this core): increasing by 273 

Iterations: 273 
|-------------|-------------|-------------|-------------|
|-------------------------------------------------------|

Current time: 2024-11-21 10:41:40
MCMC time 23 mins 

USED COMPONENTS: 60 OF 74 

rel. MC standard error: 0.0128 to 0.0714
eff. sample size: 196 to 6100
needed thinning: 2 to 34
Diagnostics time 0.22 secs 

Total number of iterations 4379 - required further 264 

Chain # 13 - chunk 5 (chain 1 of 1 for this core): increasing by 265 

Iterations: 265 
|-------------|-------------|-------------|-------------|
|-------------------------------------------------------|

Current time: 2024-11-21 10:43:06
MCMC time 24 mins 

USED COMPONENTS: 61 OF 74 

rel. MC standard error: 0.0128 to 0.0697
eff. sample size: 206 to 6110
needed thinning: 2 to 34
Diagnostics time 0.16 secs 

Total number of iterations 4644 - required further 264 

Chain # 13 - chunk 6 (chain 1 of 1 for this core): increasing by 265 

Iterations: 265 
|-------------|-------------|-------------|-------------|
|-------------------------------------------------------|

Current time: 2024-11-21 10:44:28
MCMC time 25 mins 

USED COMPONENTS: 60 OF 74 

rel. MC standard error: 0.0134 to 0.0677
eff. sample size: 218 to 5580
needed thinning: 2 to 34
Diagnostics time 0.15 secs 

Total number of iterations 4909 - required further 264 

Chain # 13 - chunk 7 (chain 1 of 1 for this core): increasing by 265 

Iterations: 265 
|-------------|-------------|-------------|-------------|
|-------------------------------------------------------|

Current time: 2024-11-21 10:45:49
MCMC time 27 mins 

USED COMPONENTS: 60 OF 74 

rel. MC standard error: 0.0131 to 0.0659
eff. sample size: 230 to 5840
needed thinning: 2 to 34
Diagnostics time 0.16 secs 

Total number of iterations 5174 - required further 264 

Chain # 13 - chunk 8 (chain 1 of 1 for this core): increasing by 265 

Iterations: 265 
|-------------|-------------|-------------|-------------|
|-------------------------------------------------------|

Current time: 2024-11-21 10:47:10
MCMC time 28 mins 

USED COMPONENTS: 61 OF 74 

rel. MC standard error: 0.0128 to 0.0645
eff. sample size: 240 to 6080
needed thinning: 2 to 34
Diagnostics time 0.15 secs 

Total number of iterations 5439 - required further 264 

Chain # 13 - chunk 9 (chain 1 of 1 for this core): increasing by 265 

Iterations: 265 
|-------------|-------------|-------------|-------------|
|-------------------------------------------------------|

Current time: 2024-11-21 10:48:32
MCMC time 29 mins 

USED COMPONENTS: 60 OF 74 

rel. MC standard error: 0.0113 to 0.0626
eff. sample size: 255 to 7850
needed thinning: 2 to 34
Diagnostics time 0.16 secs 

Total number of iterations 5704 - required further 264 

Chain # 13 - chunk 10 (chain 1 of 1 for this core): increasing by 265 

Iterations: 265 
|-------------|-------------|-------------|-------------|
|-------------------------------------------------------|

Current time: 2024-11-21 10:49:53
MCMC time 31 mins 

USED COMPONENTS: 61 OF 74 

rel. MC standard error: 0.0108 to 0.0624
eff. sample size: 257 to 8590
needed thinning: 2 to 35
Diagnostics time 0.21 secs 

Total number of iterations 5969 - required further 272 

Chain # 13 - chunk 11 (chain 1 of 1 for this core): increasing by 273 

Iterations: 273 
|-------------|-------------|-------------|-------------|
|-------------------------------------------------------|

Current time: 2024-11-21 10:51:18
MCMC time 32 mins 

USED COMPONENTS: 61 OF 74 

rel. MC standard error: 0.0111 to 0.061
eff. sample size: 269 to 8050
needed thinning: 2 to 35
Diagnostics time 0.16 secs 

Total number of iterations 6242 - required further 272 

Chain # 13 - chunk 12 (chain 1 of 1 for this core): increasing by 273 

Iterations: 273 
|-------------|-------------|-------------|-------------|
|-------------------------------------------------------|

Current time: 2024-11-21 10:52:44
MCMC time 34 mins 

USED COMPONENTS: 60 OF 74 

rel. MC standard error: 0.012 to 0.0597
eff. sample size: 280 to 6980
needed thinning: 2 to 35
Diagnostics time 0.21 secs 

Total number of iterations 6515 - required further 272 

Chain # 13 - chunk 13 (chain 1 of 1 for this core): increasing by 273 

Iterations: 273 
|-------------|-------------|-------------|-------------|
|-------------------------------------------------------|

Current time: 2024-11-21 10:54:08
MCMC time 35 mins 

USED COMPONENTS: 60 OF 74 

rel. MC standard error: 0.0113 to 0.0588
eff. sample size: 289 to 7780
needed thinning: 2 to 36
Diagnostics time 0.22 secs 

Total number of iterations 6788 - required further 279 

Chain # 13 - chunk 14 (chain 1 of 1 for this core): increasing by 280 

Iterations: 280 
|-------------|-------------|-------------|-------------|
|-------------------------------------------------------|

Current time: 2024-11-21 10:55:35
MCMC time 37 mins 

USED COMPONENTS: 60 OF 74 

rel. MC standard error: 0.0101 to 0.0587
eff. sample size: 290 to 9740
needed thinning: 2 to 37
Diagnostics time 0.17 secs 

Total number of iterations 7068 - required further 287 

Chain # 13 - chunk 15 (chain 1 of 1 for this core): increasing by 288 

Iterations: 288 
|-------------|-------------|-------------|-------------|
|-------------------------------------------------------|

Current time: 2024-11-21 10:57:03
MCMC time 38 mins 

USED COMPONENTS: 60 OF 74 

rel. MC standard error: 0.0109 to 0.0578
eff. sample size: 299 to 8470
needed thinning: 2 to 37
Diagnostics time 0.22 secs 

Total number of iterations 7356 - required further 287 

Chain # 13 - chunk 16 (chain 1 of 1 for this core): increasing by 288 

Iterations: 288 
|-------------|-------------|-------------|-------------|
|-------------------------------------------------------|

Current time: 2024-11-21 10:58:31
MCMC time 39 mins 

USED COMPONENTS: 61 OF 74 

rel. MC standard error: 0.0106 to 0.0558
eff. sample size: 321 to 8960
needed thinning: 2 to 36
Diagnostics time 0.22 secs 

Total number of iterations 7644 - required further 279 

Chain # 13 - chunk 17 (chain 1 of 1 for this core): increasing by 280 

Iterations: 280 
|-------------|-------------|-------------|-------------|
|-------------------------------------------------------|

Current time: 2024-11-21 10:59:56
MCMC time 41 mins 

USED COMPONENTS: 59 OF 74 

rel. MC standard error: 0.0109 to 0.0552
eff. sample size: 328 to 8460
needed thinning: 2 to 37
Diagnostics time 0.22 secs 

Total number of iterations 7924 - required further 287 

Chain # 13 - chunk 18 (chain 1 of 1 for this core): increasing by 288 

Iterations: 288 
|-------------|-------------|-------------|-------------|
|-------------------------------------------------------|

Current time: 2024-11-21 11:01:23
MCMC time 42 mins 

USED COMPONENTS: 59 OF 74 

rel. MC standard error: 0.00954 to 0.0543
eff. sample size: 340 to 11000
needed thinning: 2 to 37
Diagnostics time 0.22 secs 

Total number of iterations 8212 - required further 287 

Chain # 13 - chunk 19 (chain 1 of 1 for this core): increasing by 288 

Iterations: 288 
|-------------|-------------|-------------|-------------|
|-------------------------------------------------------|

Current time: 2024-11-21 11:02:50
MCMC time 44 mins 

USED COMPONENTS: 60 OF 74 

rel. MC standard error: 0.00975 to 0.0528
eff. sample size: 358 to 10500
needed thinning: 2 to 36
Diagnostics time 0.17 secs 

Total number of iterations 8500 - required further 279 

Chain # 13 - chunk 20 (chain 1 of 1 for this core): increasing by 280 

Iterations: 280 
|-------------|-------------|-------------|-------------|
|-------------------------------------------------------|

Current time: 2024-11-21 11:04:16
MCMC time 45 mins 

USED COMPONENTS: 60 OF 74 

rel. MC standard error: 0.00963 to 0.0528
eff. sample size: 359 to 10800
needed thinning: 2 to 37
Diagnostics time 0.23 secs 

Total number of iterations 8780 - required further 287 

Chain # 13 - chunk 21 (chain 1 of 1 for this core): increasing by 288 

Iterations: 288 
|-------------|-------------|-------------|-------------|
|-------------------------------------------------------|

Current time: 2024-11-21 11:05:44
MCMC time 47 mins 

USED COMPONENTS: 60 OF 74 

rel. MC standard error: 0.00918 to 0.0587
eff. sample size: 290 to 11900
needed thinning: 2 to 47
Diagnostics time 0.17 secs 

Total number of iterations 9068 - required further 365 

Chain # 13 - chunk 22 (chain 1 of 1 for this core): increasing by 366 

Iterations: 366 
|-------------|-------------|-------------|-------------|
|-------------------------------------------------------|

Current time: 2024-11-21 11:07:34
MCMC time 49 mins 

USED COMPONENTS: 59 OF 74 

rel. MC standard error: 0.00887 to 0.0816
eff. sample size: 150 to 12700
needed thinning: 2 to 95
Diagnostics time 0.26 secs 

Total number of iterations 9434 - required further 2694 

Chain # 13 - chunk 23 (chain 1 of 1 for this core): increasing by 2695 

Iterations: 2695 
|-------------|-------------|-------------|-------------|
|-------------------------------------------------------|

Current time: 2024-11-21 11:21:01
MCMC time 1 hours 

USED COMPONENTS: 59 OF 74 

rel. MC standard error: 0.00838 to 0.085
eff. sample size: 138 to 14300
needed thinning: 2 to 132
Diagnostics time 1.3 secs 

Total number of iterations 12129 - required further 2182 

Chain # 13 - chunk 24 (chain 1 of 1 for this core): increasing by 2183 

Iterations: 2183 
|-------------|-------------|-------------|-------------|
|-------------------------------------------------------|

Current time: 2024-11-21 11:31:48
MCMC time 1.2 hours 

USED COMPONENTS: 59 OF 74 

rel. MC standard error: 0.00741 to 0.0805
eff. sample size: 154 to 18200
needed thinning: 2 to 140
Diagnostics time 1.1 secs 

Total number of iterations 14312 - required further 1085 

Chain # 13 - chunk 25 (chain 1 of 1 for this core): increasing by 1086 

Iterations: 1086 
|-------------|-------------|-------------|-------------|
|-------------------------------------------------------|

Current time: 2024-11-21 11:37:07
MCMC time 1.3 hours 

USED COMPONENTS: 60 OF 74 

rel. MC standard error: 0.00759 to 0.0787
eff. sample size: 161 to 17300
needed thinning: 2 to 144
Diagnostics time 0.56 secs 

Total number of iterations 15398 - required further 1116 

Chain # 13 - chunk 26 (chain 1 of 1 for this core): increasing by 1117 

Iterations: 1117 
|-------------|-------------|-------------|-------------|
|-------------------------------------------------------|

Current time: 2024-11-21 11:42:36
MCMC time 1.4 hours 

USED COMPONENTS: 60 OF 74 

rel. MC standard error: 0.00739 to 0.0766
eff. sample size: 171 to 18300
needed thinning: 2 to 146
Diagnostics time 0.61 secs 

Total number of iterations 16515 - required further 1131 

Chain # 13 - chunk 27 (chain 1 of 1 for this core): increasing by 1132 

Iterations: 1132 
|-------------|-------------|-------------|-------------|
|-------------------------------------------------------|

Current time: 2024-11-21 11:48:05
MCMC time 1.5 hours 

USED COMPONENTS: 60 OF 74 

rel. MC standard error: 0.00691 to 0.0745
eff. sample size: 180 to 20900
needed thinning: 2 to 147
Diagnostics time 1.4 secs 

Total number of iterations 17647 - required further 1139 

Chain # 13 - chunk 28 (chain 1 of 1 for this core): increasing by 1140 

Iterations: 1140 
|-------------|-------------|-------------|-------------|
|-------------------------------------------------------|

Current time: 2024-11-21 11:53:39
MCMC time 1.6 hours 

USED COMPONENTS: 60 OF 74 

rel. MC standard error: 0.00664 to 0.073
eff. sample size: 187 to 22700
needed thinning: 2 to 151
Diagnostics time 0.55 secs 

Total number of iterations 18787 - required further 1170 

Chain # 13 - chunk 29 (chain 1 of 1 for this core): increasing by 1171 

Iterations: 1171 
|-------------|-------------|-------------|-------------|
|-------------------------------------------------------|

Current time: 2024-11-21 11:59:22
MCMC time 1.7 hours 

USED COMPONENTS: 60 OF 74 

rel. MC standard error: 0.00635 to 0.0712
eff. sample size: 198 to 24800
needed thinning: 2 to 152
Diagnostics time 1.3 secs 

Total number of iterations 19958 - required further 1178 

Chain # 13 - chunk 30 (chain 1 of 1 for this core): increasing by 1179 

Iterations: 1179 
|-------------|-------------|-------------|-------------|
|-------------------------------------------------------|

Current time: 2024-11-21 12:05:09
MCMC time 1.8 hours 

USED COMPONENTS: 60 OF 74 

rel. MC standard error: 0.00626 to 0.0698
eff. sample size: 205 to 25600
needed thinning: 2 to 155
Diagnostics time 0.63 secs 

Total number of iterations 21137 - required further 1201 

Chain # 13 - chunk 31 (chain 1 of 1 for this core): increasing by 1202 

Iterations: 1202 
|-------------|-------------|-------------|-------------|
|-------------------------------------------------------|

Current time: 2024-11-21 12:10:59
MCMC time 1.9 hours 

USED COMPONENTS: 60 OF 74 

rel. MC standard error: 0.00646 to 0.0686
eff. sample size: 212 to 24000
needed thinning: 2 to 158
Diagnostics time 1.4 secs 

Total number of iterations 22339 - required further 1224 

Chain # 13 - chunk 32 (chain 1 of 1 for this core): increasing by 1225 

Iterations: 1225 
|-------------|-------------|-------------|-------------|
|-------------------------------------------------------|

Current time: 2024-11-21 12:16:56
MCMC time 2 hours 

USED COMPONENTS: 61 OF 74 

rel. MC standard error: 0.00638 to 0.0671
eff. sample size: 222 to 24600
needed thinning: 2 to 159
Diagnostics time 0.6 secs 

Total number of iterations 23564 - required further 1232 

Chain # 13 - chunk 33 (chain 1 of 1 for this core): increasing by 1233 

Iterations: 1233 
|-------------|-------------|-------------|-------------|
|-------------------------------------------------------|

Current time: 2024-11-21 12:22:54
MCMC time 2.1 hours 

USED COMPONENTS: 61 OF 74 

rel. MC standard error: 0.00585 to 0.066
eff. sample size: 230 to 29200
needed thinning: 2 to 163
Diagnostics time 0.61 secs 

Total number of iterations 24797 - required further 1263 

Chain # 13 - chunk 34 (chain 1 of 1 for this core): increasing by 1264 

Iterations: 1264 
|-------------|-------------|-------------|-------------|
|-------------------------------------------------------|

Current time: 2024-11-21 12:29:00
MCMC time 2.2 hours 

USED COMPONENTS: 61 OF 74 

rel. MC standard error: 0.00597 to 0.0645
eff. sample size: 240 to 28100
needed thinning: 2 to 163
Diagnostics time 1.3 secs 

Total number of iterations 26061 - required further 1263 

Chain # 13 - chunk 35 (chain 1 of 1 for this core): increasing by 1264 

Iterations: 1264 
|-------------|-------------|-------------|-------------|
|-------------------------------------------------------|

Current time: 2024-11-21 12:35:07
MCMC time 2.3 hours 

USED COMPONENTS: 61 OF 74 

rel. MC standard error: 0.00583 to 0.0634
eff. sample size: 249 to 29400
needed thinning: 2 to 165
Diagnostics time 0.59 secs 

Total number of iterations 27325 - required further 1279 

Chain # 13 - chunk 36 (chain 1 of 1 for this core): increasing by 1280 

Iterations: 1280 
|-------------|-------------|-------------|-------------|
|-------------------------------------------------------|

Current time: 2024-11-21 12:41:17
MCMC time 2.4 hours 

USED COMPONENTS: 61 OF 74 

rel. MC standard error: 0.00514 to 0.0623
eff. sample size: 258 to 37900
needed thinning: 2 to 167
Diagnostics time 0.6 secs 

Total number of iterations 28605 - required further 1294 

Chain # 13 - chunk 37 (chain 1 of 1 for this core): increasing by 1295 

Iterations: 1295 
|-------------|-------------|-------------|-------------|
|-------------------------------------------------------|

Current time: 2024-11-21 12:47:32
MCMC time 2.5 hours 

USED COMPONENTS: 61 OF 74 

rel. MC standard error: 0.00548 to 0.0611
eff. sample size: 268 to 33300
needed thinning: 2 to 168
Diagnostics time 0.58 secs 

Total number of iterations 29900 - required further 1302 

Chain # 13 - chunk 38 (chain 1 of 1 for this core): increasing by 1303 

Iterations: 1303 
|-------------|-------------|-------------|-------------|
|-------------------------------------------------------|

Current time: 2024-11-21 12:53:49
MCMC time 2.6 hours 

USED COMPONENTS: 61 OF 74 

rel. MC standard error: 0.00543 to 0.06
eff. sample size: 278 to 33900
needed thinning: 2 to 169
Diagnostics time 0.71 secs 

Total number of iterations 31203 - required further 1310 

Chain # 13 - chunk 39 (chain 1 of 1 for this core): increasing by 1311 

Iterations: 1311 
|-------------|-------------|-------------|-------------|
|-------------------------------------------------------|

Current time: 2024-11-21 13:00:09
MCMC time 2.7 hours 

USED COMPONENTS: 61 OF 74 

rel. MC standard error: 0.00529 to 0.059
eff. sample size: 287 to 35800
needed thinning: 2 to 170
Diagnostics time 0.61 secs 

Total number of iterations 32514 - required further 1317 

Chain # 13 - chunk 40 (chain 1 of 1 for this core): increasing by 1318 

Iterations: 1318 
|-------------|-------------|-------------|-------------|
|-------------------------------------------------------|

Current time: 2024-11-21 13:06:30
MCMC time 2.8 hours 

USED COMPONENTS: 61 OF 74 

rel. MC standard error: 0.0054 to 0.058
eff. sample size: 298 to 34300
needed thinning: 2 to 171
Diagnostics time 1.3 secs 

Total number of iterations 33832 - required further 1325 

Chain # 13 - chunk 41 (chain 1 of 1 for this core): increasing by 1326 

Iterations: 1326 
|-------------|-------------|-------------|-------------|
|-------------------------------------------------------|

Current time: 2024-11-21 13:12:54
MCMC time 2.9 hours 

USED COMPONENTS: 61 OF 74 

rel. MC standard error: 0.00518 to 0.0569
eff. sample size: 308 to 37300
needed thinning: 2 to 171
Diagnostics time 0.74 secs 

Total number of iterations 35158 - required further 1325 

Chain # 13 - chunk 42 (chain 1 of 1 for this core): increasing by 1326 

Iterations: 1326 
|-------------|-------------|-------------|-------------|
|-------------------------------------------------------|

Current time: 2024-11-21 13:19:20
MCMC time 3 hours 

USED COMPONENTS: 61 OF 74 

rel. MC standard error: 0.00507 to 0.0561
eff. sample size: 317 to 38900
needed thinning: 2 to 173
Diagnostics time 1.3 secs 

Total number of iterations 36484 - required further 1341 

Chain # 13 - chunk 43 (chain 1 of 1 for this core): increasing by 1342 

Iterations: 1342 
|-------------|-------------|-------------|-------------|
|-------------------------------------------------------|

Current time: 2024-11-21 13:25:49
MCMC time 3.1 hours 

USED COMPONENTS: 61 OF 74 

rel. MC standard error: 0.00487 to 0.0552
eff. sample size: 328 to 42100
needed thinning: 2 to 174
Diagnostics time 1.3 secs 

Total number of iterations 37826 - required further 1348 

Chain # 13 - chunk 44 (chain 1 of 1 for this core): increasing by 1349 

Iterations: 1349 
|-------------|-------------|-------------|-------------|
|-------------------------------------------------------|

Current time: 2024-11-21 13:32:19
MCMC time 3.2 hours 

USED COMPONENTS: 61 OF 74 

rel. MC standard error: 0.00466 to 0.0544
eff. sample size: 338 to 46000
needed thinning: 2 to 174
Diagnostics time 0.66 secs 

Total number of iterations 39175 - required further 1348 

Chain # 13 - chunk 45 (chain 1 of 1 for this core): increasing by 1349 

Iterations: 1349 
|-------------|-------------|-------------|-------------|
|-------------------------------------------------------|

Current time: 2024-11-21 13:39:00
MCMC time 3.3 hours 

USED COMPONENTS: 61 OF 74 

rel. MC standard error: 0.00461 to 0.0536
eff. sample size: 349 to 47000
needed thinning: 2 to 175
Diagnostics time 1.7 secs 

Total number of iterations 40524 - required further 1356 

Chain # 13 - chunk 46 (chain 1 of 1 for this core): increasing by 1357 

Iterations: 1357 
|-------------|-------------|-------------|-------------|
|-------------------------------------------------------|

Current time: 2024-11-21 13:45:35
MCMC time 3.4 hours 

USED COMPONENTS: 61 OF 74 

rel. MC standard error: 0.00492 to 0.0526
eff. sample size: 361 to 41300
needed thinning: 2 to 175
Diagnostics time 0.73 secs 

Total number of iterations 41881 - required further 1356 

Chain # 13 - chunk 47 (chain 1 of 1 for this core): increasing by 1357 

Iterations: 1357 
|-------------|-------------|-------------|-------------|
|-------------------------------------------------------|

Current time: 2024-11-21 13:52:08
MCMC time 3.6 hours 

USED COMPONENTS: 61 OF 74 

rel. MC standard error: 0.00474 to 0.052
eff. sample size: 370 to 44500
needed thinning: 2 to 176
Diagnostics time 0.65 secs 

Total number of iterations 43238 - required further 1364 

Chain # 13 - chunk 48 (chain 1 of 1 for this core): increasing by 1365 

Iterations: 1365 
|-------------|-------------|-------------|-------------|
|-------------------------------------------------------|

Current time: 2024-11-21 13:58:43
MCMC time 3.7 hours 

USED COMPONENTS: 61 OF 74 

rel. MC standard error: 0.00464 to 0.0512
eff. sample size: 381 to 46400
needed thinning: 2 to 176
Diagnostics time 0.76 secs 

Total number of iterations 44603 - required further 1364 

Chain # 13 - chunk 49 (chain 1 of 1 for this core): increasing by 1365 

Iterations: 1365 
|-------------|-------------|-------------|-------------|
|-------------------------------------------------------|

Current time: 2024-11-21 14:05:14
MCMC time 3.8 hours 

USED COMPONENTS: 61 OF 74 

rel. MC standard error: 0.00469 to 0.0506
eff. sample size: 391 to 45400
needed thinning: 2 to 177
Diagnostics time 0.84 secs 

Total number of iterations 45968 - required further 1372 

Chain # 13 - chunk 50 (chain 1 of 1 for this core): increasing by 1373 

Iterations: 1373 
|-------------|-------------|-------------|-------------|
|-------------------------------------------------------|

Current time: 2024-11-21 14:11:48
MCMC time 3.9 hours 

USED COMPONENTS: 61 OF 74 

rel. MC standard error: 0.00438 to 0.0496
eff. sample size: 406 to 52200
needed thinning: 2 to 176
Diagnostics time 1.6 secs 

Total number of iterations 47341 - required further 0 

Keeping last 60 samples with thinning 176 

Plotting traces and samples.

Current time: 2024-11-21 14:11:52
MCMC + diagnostics time 3.9 hours 

Current time: 2024-11-21 14:11:52
Total time 3.9 hours 
loaded inferno and set parent environment
loaded inferno and set parent environment
loaded inferno and set parent environment
loaded inferno and set parent environment
Error in gzfile(file, "rb") : cannot open the connection
Calls: <Anonymous> -> cleanup -> loadNamespace -> readRDS -> gzfile
In addition: Warning message:
In gzfile(file, "rb") :
  cannot open compressed file '/usr/lib/R/library/tools/Meta/nsInfo.rds', probable reason 'Transport endpoint is not connected'
