Log core 5 - Current time: 2024-11-21 10:08:55
Defining model
Building model
Setting data and initial values
Running calculate on model
  [Note] Any error reports that follow may simply reflect missing values in model variables.
Checking model sizes and dimensions
Compiling
  [Note] This may take a minute.
  [Note] Use 'showCompilerOutput = TRUE' to see C++ compilation details.
===== Monitors =====
thin = 1: Bprob, Rmean, Rvar, W
thin2 = 1: K
===== Samplers =====
conjugate sampler (519)
  - Rmean[]  (148 elements)
  - Rrate[]  (148 elements)
  - Bprob[]  (74 elements)
  - Rvar[]  (148 elements)
  - W[1:74] 
categorical sampler (3901)
  - Alpha
  - K[]  (3900 elements)
===== Monitors =====
thin = 1: Bprob, Rmean, Rvar, W
thin2 = 1: K
===== Samplers =====
slice sampler (3901)
  - Alpha
  - K[]  (3900 elements)
conjugate sampler (519)
  - Rmean[]  (148 elements)
  - Rrate[]  (148 elements)
  - Bprob[]  (74 elements)
  - Rvar[]  (148 elements)
  - W[1:74] 
Compiling
  [Note] This may take a minute.
  [Note] Use 'showCompilerOutput = TRUE' to see C++ compilation details.

Setup time 16 mins 

Chain # 5 (chain 1 of 1 for this core)

Datapoints for testing convergence:
 #268 #377 #602 #705 #719 #871 #1400 #1622 #1640 #2123 #2160 #2189 #2191 #2219 #2666 #2698 #2798 #3025 #3477 #3669 

Iterations: 3600 
|-------------|-------------|-------------|-------------|
|-------------------------------------------------------|

Current time: 2024-11-21 10:53:41
MCMC time 29 mins 

USED COMPONENTS: 65 OF 74 

rel. MC standard error: 0.0131 to 0.0526
eff. sample size: 362 to 5850
needed thinning: 1 to 15
Diagnostics time 2.9 secs 

Total number of iterations 3600 - required further 117 

Chain # 5 - chunk 2 (chain 1 of 1 for this core): increasing by 118 

Iterations: 118 
|-------------|-------------|-------------|-------------|
|-------------------------------------------------------|

Current time: 2024-11-21 10:54:42
MCMC time 30 mins 

USED COMPONENTS: 64 OF 74 

rel. MC standard error: 0.0128 to 0.0515
eff. sample size: 377 to 6100
needed thinning: 1 to 15
Diagnostics time 0.15 secs 

Total number of iterations 3718 - required further 117 

Chain # 5 - chunk 3 (chain 1 of 1 for this core): increasing by 118 

Iterations: 118 
|-------------|-------------|-------------|-------------|
|-------------------------------------------------------|

Current time: 2024-11-21 10:55:40
MCMC time 31 mins 

USED COMPONENTS: 64 OF 74 

rel. MC standard error: 0.0135 to 0.05
eff. sample size: 399 to 5470
needed thinning: 2 to 15
Diagnostics time 0.15 secs 

Total number of iterations 3836 - required further 117 

Chain # 5 - chunk 4 (chain 1 of 1 for this core): increasing by 118 

Iterations: 118 
|-------------|-------------|-------------|-------------|
|-------------------------------------------------------|

Current time: 2024-11-21 10:56:36
MCMC time 32 mins 

USED COMPONENTS: 64 OF 74 

rel. MC standard error: 0.0144 to 0.0489
eff. sample size: 418 to 4840
needed thinning: 2 to 15
Diagnostics time 0.089 secs 

Total number of iterations 3954 - required further 0 

Keeping last 60 samples with thinning 15 

Plotting traces and samples.

Current time: 2024-11-21 10:56:36
MCMC + diagnostics time 32 mins 

Current time: 2024-11-21 10:56:36
Total time 32 mins 
loaded inferno and set parent environment
loaded inferno and set parent environment
loaded inferno and set parent environment
loaded inferno and set parent environment
Error in gzfile(file, "rb") : cannot open the connection
Calls: <Anonymous> -> cleanup -> loadNamespace -> readRDS -> gzfile
In addition: Warning message:
In gzfile(file, "rb") :
  cannot open compressed file '/usr/lib/R/library/tools/Meta/nsInfo.rds', probable reason 'Transport endpoint is not connected'
