Log core 10 - Current time: 2024-11-21 10:08:55
Defining model
Building model
Setting data and initial values
Running calculate on model
  [Note] Any error reports that follow may simply reflect missing values in model variables.
Checking model sizes and dimensions
Compiling
  [Note] This may take a minute.
  [Note] Use 'showCompilerOutput = TRUE' to see C++ compilation details.
===== Monitors =====
thin = 1: Bprob, Rmean, Rvar, W
thin2 = 1: K
===== Samplers =====
conjugate sampler (519)
  - Rmean[]  (148 elements)
  - Rrate[]  (148 elements)
  - Bprob[]  (74 elements)
  - Rvar[]  (148 elements)
  - W[1:74] 
categorical sampler (3901)
  - Alpha
  - K[]  (3900 elements)
===== Monitors =====
thin = 1: Bprob, Rmean, Rvar, W
thin2 = 1: K
===== Samplers =====
slice sampler (3901)
  - Alpha
  - K[]  (3900 elements)
conjugate sampler (519)
  - Rmean[]  (148 elements)
  - Rrate[]  (148 elements)
  - Bprob[]  (74 elements)
  - Rvar[]  (148 elements)
  - W[1:74] 
Compiling
  [Note] This may take a minute.
  [Note] Use 'showCompilerOutput = TRUE' to see C++ compilation details.

Setup time 10 mins 

Chain # 10 (chain 1 of 1 for this core)

Datapoints for testing convergence:
 #215 #253 #565 #924 #989 #1323 #1332 #1662 #1672 #2070 #2166 #2232 #2248 #2689 #2710 #2901 #3536 #3592 #3662 #3809 

Iterations: 3600 
|-------------|-------------|-------------|-------------|
|-------------------------------------------------------|

Current time: 2024-11-21 10:37:27
MCMC time 18 mins 

USED COMPONENTS: 61 OF 74 

rel. MC standard error: 0.0156 to 0.0836
eff. sample size: 143 to 4120
needed thinning: 2 to 38
Diagnostics time 1.8 secs 

Total number of iterations 3600 - required further 295 

Chain # 10 - chunk 2 (chain 1 of 1 for this core): increasing by 296 

Iterations: 296 
|-------------|-------------|-------------|-------------|
|-------------------------------------------------------|

Current time: 2024-11-21 10:39:01
MCMC time 20 mins 

USED COMPONENTS: 59 OF 74 

rel. MC standard error: 0.0147 to 0.0801
eff. sample size: 156 to 4600
needed thinning: 2 to 38
Diagnostics time 1.1 secs 

Total number of iterations 3896 - required further 295 

Chain # 10 - chunk 3 (chain 1 of 1 for this core): increasing by 296 

Iterations: 296 
|-------------|-------------|-------------|-------------|
|-------------------------------------------------------|

Current time: 2024-11-21 10:40:32
MCMC time 22 mins 

USED COMPONENTS: 59 OF 74 

rel. MC standard error: 0.014 to 0.0797
eff. sample size: 158 to 5080
needed thinning: 2 to 40
Diagnostics time 0.17 secs 

Total number of iterations 4192 - required further 310 

Chain # 10 - chunk 4 (chain 1 of 1 for this core): increasing by 311 

Iterations: 311 
|-------------|-------------|-------------|-------------|
|-------------------------------------------------------|

Current time: 2024-11-21 10:42:08
MCMC time 23 mins 

USED COMPONENTS: 58 OF 74 

rel. MC standard error: 0.014 to 0.0757
eff. sample size: 175 to 5110
needed thinning: 2 to 39
Diagnostics time 0.24 secs 

Total number of iterations 4503 - required further 303 

Chain # 10 - chunk 5 (chain 1 of 1 for this core): increasing by 304 

Iterations: 304 
|-------------|-------------|-------------|-------------|
|-------------------------------------------------------|

Current time: 2024-11-21 10:43:42
MCMC time 25 mins 

USED COMPONENTS: 58 OF 74 

rel. MC standard error: 0.0137 to 0.0743
eff. sample size: 181 to 5310
needed thinning: 2 to 40
Diagnostics time 0.17 secs 

Total number of iterations 4807 - required further 310 

Chain # 10 - chunk 6 (chain 1 of 1 for this core): increasing by 311 

Iterations: 311 
|-------------|-------------|-------------|-------------|
|-------------------------------------------------------|

Current time: 2024-11-21 10:45:19
MCMC time 26 mins 

USED COMPONENTS: 58 OF 74 

rel. MC standard error: 0.0127 to 0.0709
eff. sample size: 199 to 6210
needed thinning: 2 to 39
Diagnostics time 0.23 secs 

Total number of iterations 5118 - required further 303 

Chain # 10 - chunk 7 (chain 1 of 1 for this core): increasing by 304 

Iterations: 304 
|-------------|-------------|-------------|-------------|
|-------------------------------------------------------|

Current time: 2024-11-21 10:46:54
MCMC time 28 mins 

USED COMPONENTS: 58 OF 74 

rel. MC standard error: 0.0129 to 0.0709
eff. sample size: 199 to 5990
needed thinning: 2 to 41
Diagnostics time 0.17 secs 

Total number of iterations 5422 - required further 318 

Chain # 10 - chunk 8 (chain 1 of 1 for this core): increasing by 319 

Iterations: 319 
|-------------|-------------|-------------|-------------|
|-------------------------------------------------------|

Current time: 2024-11-21 10:48:33
MCMC time 30 mins 

USED COMPONENTS: 57 OF 74 

rel. MC standard error: 0.0125 to 0.0687
eff. sample size: 212 to 6360
needed thinning: 2 to 41
Diagnostics time 0.18 secs 

Total number of iterations 5741 - required further 318 

Chain # 10 - chunk 9 (chain 1 of 1 for this core): increasing by 319 

Iterations: 319 
|-------------|-------------|-------------|-------------|
|-------------------------------------------------------|

Current time: 2024-11-21 10:50:11
MCMC time 31 mins 

USED COMPONENTS: 57 OF 74 

rel. MC standard error: 0.0118 to 0.0656
eff. sample size: 232 to 7220
needed thinning: 2 to 40
Diagnostics time 0.24 secs 

Total number of iterations 6060 - required further 310 

Chain # 10 - chunk 10 (chain 1 of 1 for this core): increasing by 311 

Iterations: 311 
|-------------|-------------|-------------|-------------|
|-------------------------------------------------------|

Current time: 2024-11-21 10:51:48
MCMC time 33 mins 

USED COMPONENTS: 57 OF 74 

rel. MC standard error: 0.0124 to 0.0638
eff. sample size: 246 to 6520
needed thinning: 2 to 39
Diagnostics time 0.23 secs 

Total number of iterations 6371 - required further 303 

Chain # 10 - chunk 11 (chain 1 of 1 for this core): increasing by 304 

Iterations: 304 
|-------------|-------------|-------------|-------------|
|-------------------------------------------------------|

Current time: 2024-11-21 10:53:21
MCMC time 34 mins 

USED COMPONENTS: 57 OF 74 

rel. MC standard error: 0.0112 to 0.0637
eff. sample size: 246 to 7970
needed thinning: 2 to 41
Diagnostics time 0.18 secs 

Total number of iterations 6675 - required further 318 

Chain # 10 - chunk 12 (chain 1 of 1 for this core): increasing by 319 

Iterations: 319 
|-------------|-------------|-------------|-------------|
|-------------------------------------------------------|

Current time: 2024-11-21 10:54:59
MCMC time 36 mins 

USED COMPONENTS: 57 OF 74 

rel. MC standard error: 0.0115 to 0.0623
eff. sample size: 258 to 7510
needed thinning: 2 to 41
Diagnostics time 0.23 secs 

Total number of iterations 6994 - required further 318 

Chain # 10 - chunk 13 (chain 1 of 1 for this core): increasing by 319 

Iterations: 319 
|-------------|-------------|-------------|-------------|
|-------------------------------------------------------|

Current time: 2024-11-21 10:56:37
MCMC time 38 mins 

USED COMPONENTS: 57 OF 74 

rel. MC standard error: 0.0116 to 0.0611
eff. sample size: 268 to 7400
needed thinning: 2 to 41
Diagnostics time 0.23 secs 

Total number of iterations 7313 - required further 318 

Chain # 10 - chunk 14 (chain 1 of 1 for this core): increasing by 319 

Iterations: 319 
|-------------|-------------|-------------|-------------|
|-------------------------------------------------------|

Current time: 2024-11-21 10:58:14
MCMC time 39 mins 

USED COMPONENTS: 57 OF 74 

rel. MC standard error: 0.0116 to 0.0619
eff. sample size: 261 to 7380
needed thinning: 2 to 44
Diagnostics time 0.23 secs 

Total number of iterations 7632 - required further 341 

Chain # 10 - chunk 15 (chain 1 of 1 for this core): increasing by 342 

Iterations: 342 
|-------------|-------------|-------------|-------------|
|-------------------------------------------------------|

Current time: 2024-11-21 10:59:57
MCMC time 41 mins 

USED COMPONENTS: 57 OF 74 

rel. MC standard error: 0.0105 to 0.0602
eff. sample size: 276 to 9110
needed thinning: 2 to 44
Diagnostics time 0.23 secs 

Total number of iterations 7974 - required further 341 

Chain # 10 - chunk 16 (chain 1 of 1 for this core): increasing by 342 

Iterations: 342 
|-------------|-------------|-------------|-------------|
|-------------------------------------------------------|

Current time: 2024-11-21 11:01:47
MCMC time 43 mins 

USED COMPONENTS: 57 OF 74 

rel. MC standard error: 0.0112 to 0.0601
eff. sample size: 277 to 7990
needed thinning: 2 to 46
Diagnostics time 0.2 secs 

Total number of iterations 8316 - required further 357 

Chain # 10 - chunk 17 (chain 1 of 1 for this core): increasing by 358 

Iterations: 358 
|-------------|-------------|-------------|-------------|
|-------------------------------------------------------|

Current time: 2024-11-21 11:03:39
MCMC time 45 mins 

USED COMPONENTS: 57 OF 74 

rel. MC standard error: 0.0103 to 0.0575
eff. sample size: 302 to 9420
needed thinning: 2 to 44
Diagnostics time 0.49 secs 

Total number of iterations 8674 - required further 341 

Chain # 10 - chunk 18 (chain 1 of 1 for this core): increasing by 342 

Iterations: 342 
|-------------|-------------|-------------|-------------|
|-------------------------------------------------------|

Current time: 2024-11-21 11:05:23
MCMC time 46 mins 

USED COMPONENTS: 58 OF 74 

rel. MC standard error: 0.0101 to 0.0585
eff. sample size: 292 to 9750
needed thinning: 2 to 47
Diagnostics time 0.19 secs 

Total number of iterations 9016 - required further 365 

Chain # 10 - chunk 19 (chain 1 of 1 for this core): increasing by 366 

Iterations: 366 
|-------------|-------------|-------------|-------------|
|-------------------------------------------------------|

Current time: 2024-11-21 11:07:15
MCMC time 48 mins 

USED COMPONENTS: 57 OF 74 

rel. MC standard error: 0.0103 to 0.0558
eff. sample size: 322 to 9420
needed thinning: 2 to 44
Diagnostics time 0.2 secs 

Total number of iterations 9382 - required further 341 

Chain # 10 - chunk 20 (chain 1 of 1 for this core): increasing by 342 

Iterations: 342 
|-------------|-------------|-------------|-------------|
|-------------------------------------------------------|

Current time: 2024-11-21 11:08:58
MCMC time 50 mins 

USED COMPONENTS: 57 OF 74 

rel. MC standard error: 0.01 to 0.0584
eff. sample size: 294 to 9950
needed thinning: 2 to 50
Diagnostics time 0.33 secs 

Total number of iterations 9724 - required further 388 

Chain # 10 - chunk 21 (chain 1 of 1 for this core): increasing by 389 

Iterations: 389 
|-------------|-------------|-------------|-------------|
|-------------------------------------------------------|

Current time: 2024-11-21 11:10:54
MCMC time 52 mins 

USED COMPONENTS: 57 OF 74 

rel. MC standard error: 0.0101 to 0.0565
eff. sample size: 313 to 9830
needed thinning: 2 to 49
Diagnostics time 0.27 secs 

Total number of iterations 10113 - required further 380 

Chain # 10 - chunk 22 (chain 1 of 1 for this core): increasing by 381 

Iterations: 381 
|-------------|-------------|-------------|-------------|
|-------------------------------------------------------|

Current time: 2024-11-21 11:12:46
MCMC time 54 mins 

USED COMPONENTS: 57 OF 74 

rel. MC standard error: 0.0098 to 0.0563
eff. sample size: 315 to 10400
needed thinning: 2 to 50
Diagnostics time 0.21 secs 

Total number of iterations 10494 - required further 388 

Chain # 10 - chunk 23 (chain 1 of 1 for this core): increasing by 389 

Iterations: 389 
|-------------|-------------|-------------|-------------|
|-------------------------------------------------------|

Current time: 2024-11-21 11:14:41
MCMC time 56 mins 

USED COMPONENTS: 58 OF 74 

rel. MC standard error: 0.00994 to 0.0557
eff. sample size: 323 to 10100
needed thinning: 2 to 51
Diagnostics time 0.21 secs 

Total number of iterations 10883 - required further 396 

Chain # 10 - chunk 24 (chain 1 of 1 for this core): increasing by 397 

Iterations: 397 
|-------------|-------------|-------------|-------------|
|-------------------------------------------------------|

Current time: 2024-11-21 11:16:39
MCMC time 58 mins 

USED COMPONENTS: 58 OF 74 

rel. MC standard error: 0.00925 to 0.0542
eff. sample size: 340 to 11700
needed thinning: 2 to 50
Diagnostics time 0.26 secs 

Total number of iterations 11280 - required further 388 

Chain # 10 - chunk 25 (chain 1 of 1 for this core): increasing by 389 

Iterations: 389 
|-------------|-------------|-------------|-------------|
|-------------------------------------------------------|

Current time: 2024-11-21 11:18:34
MCMC time 60 mins 

USED COMPONENTS: 58 OF 74 

rel. MC standard error: 0.00944 to 0.053
eff. sample size: 356 to 11200
needed thinning: 2 to 50
Diagnostics time 0.2 secs 

Total number of iterations 11669 - required further 388 

Chain # 10 - chunk 26 (chain 1 of 1 for this core): increasing by 389 

Iterations: 389 
|-------------|-------------|-------------|-------------|
|-------------------------------------------------------|

Current time: 2024-11-21 11:20:31
MCMC time 1 hours 

USED COMPONENTS: 58 OF 74 

rel. MC standard error: 0.00902 to 0.0538
eff. sample size: 345 to 12300
needed thinning: 2 to 53
Diagnostics time 0.26 secs 

Total number of iterations 12058 - required further 411 

Chain # 10 - chunk 27 (chain 1 of 1 for this core): increasing by 412 

Iterations: 412 
|-------------|-------------|-------------|-------------|
|-------------------------------------------------------|

Current time: 2024-11-21 11:22:34
MCMC time 1.1 hours 

USED COMPONENTS: 58 OF 74 

rel. MC standard error: 0.00891 to 0.052
eff. sample size: 370 to 12600
needed thinning: 2 to 51
Diagnostics time 0.27 secs 

Total number of iterations 12470 - required further 396 

Chain # 10 - chunk 28 (chain 1 of 1 for this core): increasing by 397 

Iterations: 397 
|-------------|-------------|-------------|-------------|
|-------------------------------------------------------|

Current time: 2024-11-21 11:24:33
MCMC time 1.1 hours 

USED COMPONENTS: 58 OF 74 

rel. MC standard error: 0.00917 to 0.0523
eff. sample size: 366 to 11900
needed thinning: 2 to 53
Diagnostics time 0.28 secs 

Total number of iterations 12867 - required further 411 

Chain # 10 - chunk 29 (chain 1 of 1 for this core): increasing by 412 

Iterations: 412 
|-------------|-------------|-------------|-------------|
|-------------------------------------------------------|

Current time: 2024-11-21 11:26:36
MCMC time 1.1 hours 

USED COMPONENTS: 58 OF 74 

rel. MC standard error: 0.00851 to 0.0516
eff. sample size: 376 to 13800
needed thinning: 2 to 54
Diagnostics time 0.28 secs 

Total number of iterations 13279 - required further 419 

Chain # 10 - chunk 30 (chain 1 of 1 for this core): increasing by 420 

Iterations: 420 
|-------------|-------------|-------------|-------------|
|-------------------------------------------------------|

Current time: 2024-11-21 11:28:41
MCMC time 1.2 hours 

USED COMPONENTS: 58 OF 74 

rel. MC standard error: 0.00843 to 0.0484
eff. sample size: 426 to 14100
needed thinning: 2 to 49
Diagnostics time 0.23 secs 

Total number of iterations 13699 - required further 0 

Keeping last 60 samples with thinning 49 

Plotting traces and samples.

Current time: 2024-11-21 11:28:42
MCMC + diagnostics time 1.2 hours 

Current time: 2024-11-21 11:28:42
Total time 1.2 hours 
loaded inferno and set parent environment
loaded inferno and set parent environment
loaded inferno and set parent environment
loaded inferno and set parent environment
Error in gzfile(file, "rb") : cannot open the connection
Calls: <Anonymous> -> cleanup -> loadNamespace -> readRDS -> gzfile
In addition: Warning message:
In gzfile(file, "rb") :
  cannot open compressed file '/usr/lib/R/library/tools/Meta/nsInfo.rds', probable reason 'Transport endpoint is not connected'
