Log core 17 - Current time: 2024-11-21 10:08:55
Defining model
Building model
Setting data and initial values
Running calculate on model
  [Note] Any error reports that follow may simply reflect missing values in model variables.
Checking model sizes and dimensions
Compiling
  [Note] This may take a minute.
  [Note] Use 'showCompilerOutput = TRUE' to see C++ compilation details.
===== Monitors =====
thin = 1: Bprob, Rmean, Rvar, W
thin2 = 1: K
===== Samplers =====
conjugate sampler (519)
  - Rmean[]  (148 elements)
  - Rrate[]  (148 elements)
  - Bprob[]  (74 elements)
  - Rvar[]  (148 elements)
  - W[1:74] 
categorical sampler (3901)
  - Alpha
  - K[]  (3900 elements)
===== Monitors =====
thin = 1: Bprob, Rmean, Rvar, W
thin2 = 1: K
===== Samplers =====
slice sampler (3901)
  - Alpha
  - K[]  (3900 elements)
conjugate sampler (519)
  - Rmean[]  (148 elements)
  - Rrate[]  (148 elements)
  - Bprob[]  (74 elements)
  - Rvar[]  (148 elements)
  - W[1:74] 
Compiling
  [Note] This may take a minute.
  [Note] Use 'showCompilerOutput = TRUE' to see C++ compilation details.

Setup time 10 mins 

Chain # 17 (chain 1 of 1 for this core)

Datapoints for testing convergence:
 #159 #542 #654 #656 #961 #1072 #1093 #1485 #1543 #1681 #1721 #1968 #2135 #2772 #2903 #2910 #3293 #3395 #3671 #3883 

Iterations: 3600 
|-------------|-------------|-------------|-------------|
|-------------------------------------------------------|

Current time: 2024-11-21 10:37:34
MCMC time 19 mins 

USED COMPONENTS: 58 OF 74 

rel. MC standard error: 0.0173 to 0.0834
eff. sample size: 144 to 3350
needed thinning: 2 to 38
Diagnostics time 1.7 secs 

Total number of iterations 3600 - required further 295 

Chain # 17 - chunk 2 (chain 1 of 1 for this core): increasing by 296 

Iterations: 296 
|-------------|-------------|-------------|-------------|
|-------------------------------------------------------|

Current time: 2024-11-21 10:39:09
MCMC time 20 mins 

USED COMPONENTS: 59 OF 74 

rel. MC standard error: 0.016 to 0.0789
eff. sample size: 160 to 3890
needed thinning: 2 to 37
Diagnostics time 1.1 secs 

Total number of iterations 3896 - required further 287 

Chain # 17 - chunk 3 (chain 1 of 1 for this core): increasing by 288 

Iterations: 288 
|-------------|-------------|-------------|-------------|
|-------------------------------------------------------|

Current time: 2024-11-21 10:40:39
MCMC time 22 mins 

USED COMPONENTS: 58 OF 74 

rel. MC standard error: 0.0157 to 0.0786
eff. sample size: 162 to 4070
needed thinning: 2 to 39
Diagnostics time 0.17 secs 

Total number of iterations 4184 - required further 303 

Chain # 17 - chunk 4 (chain 1 of 1 for this core): increasing by 304 

Iterations: 304 
|-------------|-------------|-------------|-------------|
|-------------------------------------------------------|

Current time: 2024-11-21 10:42:13
MCMC time 23 mins 

USED COMPONENTS: 58 OF 74 

rel. MC standard error: 0.0156 to 0.0741
eff. sample size: 182 to 4090
needed thinning: 2 to 37
Diagnostics time 0.24 secs 

Total number of iterations 4488 - required further 287 

Chain # 17 - chunk 5 (chain 1 of 1 for this core): increasing by 288 

Iterations: 288 
|-------------|-------------|-------------|-------------|
|-------------------------------------------------------|

Current time: 2024-11-21 10:43:42
MCMC time 25 mins 

USED COMPONENTS: 58 OF 74 

rel. MC standard error: 0.0148 to 0.0708
eff. sample size: 199 to 4570
needed thinning: 2 to 36
Diagnostics time 0.16 secs 

Total number of iterations 4776 - required further 279 

Chain # 17 - chunk 6 (chain 1 of 1 for this core): increasing by 280 

Iterations: 280 
|-------------|-------------|-------------|-------------|
|-------------------------------------------------------|

Current time: 2024-11-21 10:45:08
MCMC time 26 mins 

USED COMPONENTS: 59 OF 74 

rel. MC standard error: 0.0146 to 0.0705
eff. sample size: 201 to 4710
needed thinning: 2 to 38
Diagnostics time 0.23 secs 

Total number of iterations 5056 - required further 295 

Chain # 17 - chunk 7 (chain 1 of 1 for this core): increasing by 296 

Iterations: 296 
|-------------|-------------|-------------|-------------|
|-------------------------------------------------------|

Current time: 2024-11-21 10:46:39
MCMC time 28 mins 

USED COMPONENTS: 58 OF 74 

rel. MC standard error: 0.0134 to 0.072
eff. sample size: 193 to 5550
needed thinning: 2 to 42
Diagnostics time 0.17 secs 

Total number of iterations 5352 - required further 326 

Chain # 17 - chunk 8 (chain 1 of 1 for this core): increasing by 327 

Iterations: 327 
|-------------|-------------|-------------|-------------|
|-------------------------------------------------------|

Current time: 2024-11-21 10:48:20
MCMC time 29 mins 

USED COMPONENTS: 58 OF 74 

rel. MC standard error: 0.0138 to 0.0691
eff. sample size: 209 to 5280
needed thinning: 2 to 41
Diagnostics time 0.24 secs 

Total number of iterations 5679 - required further 318 

Chain # 17 - chunk 9 (chain 1 of 1 for this core): increasing by 319 

Iterations: 319 
|-------------|-------------|-------------|-------------|
|-------------------------------------------------------|

Current time: 2024-11-21 10:49:57
MCMC time 31 mins 

USED COMPONENTS: 58 OF 74 

rel. MC standard error: 0.0132 to 0.0668
eff. sample size: 224 to 5730
needed thinning: 2 to 41
Diagnostics time 0.24 secs 

Total number of iterations 5998 - required further 318 

Chain # 17 - chunk 10 (chain 1 of 1 for this core): increasing by 319 

Iterations: 319 
|-------------|-------------|-------------|-------------|
|-------------------------------------------------------|

Current time: 2024-11-21 10:51:35
MCMC time 33 mins 

USED COMPONENTS: 58 OF 74 

rel. MC standard error: 0.0128 to 0.0656
eff. sample size: 233 to 6120
needed thinning: 2 to 41
Diagnostics time 0.18 secs 

Total number of iterations 6317 - required further 318 

Chain # 17 - chunk 11 (chain 1 of 1 for this core): increasing by 319 

Iterations: 319 
|-------------|-------------|-------------|-------------|
|-------------------------------------------------------|

Current time: 2024-11-21 10:53:17
MCMC time 34 mins 

USED COMPONENTS: 58 OF 74 

rel. MC standard error: 0.0129 to 0.0635
eff. sample size: 248 to 6040
needed thinning: 2 to 41
Diagnostics time 0.17 secs 

Total number of iterations 6636 - required further 318 

Chain # 17 - chunk 12 (chain 1 of 1 for this core): increasing by 319 

Iterations: 319 
|-------------|-------------|-------------|-------------|
|-------------------------------------------------------|

Current time: 2024-11-21 10:54:57
MCMC time 36 mins 

USED COMPONENTS: 58 OF 74 

rel. MC standard error: 0.0113 to 0.0627
eff. sample size: 254 to 7820
needed thinning: 2 to 42
Diagnostics time 0.24 secs 

Total number of iterations 6955 - required further 326 

Chain # 17 - chunk 13 (chain 1 of 1 for this core): increasing by 327 

Iterations: 327 
|-------------|-------------|-------------|-------------|
|-------------------------------------------------------|

Current time: 2024-11-21 10:56:39
MCMC time 38 mins 

USED COMPONENTS: 60 OF 74 

rel. MC standard error: 0.0119 to 0.0608
eff. sample size: 271 to 7040
needed thinning: 2 to 41
Diagnostics time 0.24 secs 

Total number of iterations 7282 - required further 318 

Chain # 17 - chunk 14 (chain 1 of 1 for this core): increasing by 319 

Iterations: 319 
|-------------|-------------|-------------|-------------|
|-------------------------------------------------------|

Current time: 2024-11-21 10:58:16
MCMC time 39 mins 

USED COMPONENTS: 59 OF 74 

rel. MC standard error: 0.011 to 0.0603
eff. sample size: 275 to 8200
needed thinning: 2 to 42
Diagnostics time 0.23 secs 

Total number of iterations 7601 - required further 326 

Chain # 17 - chunk 15 (chain 1 of 1 for this core): increasing by 327 

Iterations: 327 
|-------------|-------------|-------------|-------------|
|-------------------------------------------------------|

Current time: 2024-11-21 10:59:57
MCMC time 41 mins 

USED COMPONENTS: 58 OF 74 

rel. MC standard error: 0.011 to 0.0611
eff. sample size: 268 to 8200
needed thinning: 2 to 45
Diagnostics time 0.23 secs 

Total number of iterations 7928 - required further 349 

Chain # 17 - chunk 16 (chain 1 of 1 for this core): increasing by 350 

Iterations: 350 
|-------------|-------------|-------------|-------------|
|-------------------------------------------------------|

Current time: 2024-11-21 11:01:45
MCMC time 43 mins 

USED COMPONENTS: 59 OF 74 

rel. MC standard error: 0.0107 to 0.0575
eff. sample size: 303 to 8770
needed thinning: 2 to 42
Diagnostics time 0.25 secs 

Total number of iterations 8278 - required further 326 

Chain # 17 - chunk 17 (chain 1 of 1 for this core): increasing by 327 

Iterations: 327 
|-------------|-------------|-------------|-------------|
|-------------------------------------------------------|

Current time: 2024-11-21 11:03:24
MCMC time 45 mins 

USED COMPONENTS: 61 OF 74 

rel. MC standard error: 0.0111 to 0.0558
eff. sample size: 321 to 8040
needed thinning: 2 to 41
Diagnostics time 0.18 secs 

Total number of iterations 8605 - required further 318 

Chain # 17 - chunk 18 (chain 1 of 1 for this core): increasing by 319 

Iterations: 319 
|-------------|-------------|-------------|-------------|
|-------------------------------------------------------|

Current time: 2024-11-21 11:05:12
MCMC time 46 mins 

USED COMPONENTS: 59 OF 74 

rel. MC standard error: 0.0101 to 0.0562
eff. sample size: 317 to 9730
needed thinning: 2 to 43
Diagnostics time 0.18 secs 

Total number of iterations 8924 - required further 334 

Chain # 17 - chunk 19 (chain 1 of 1 for this core): increasing by 335 

Iterations: 335 
|-------------|-------------|-------------|-------------|
|-------------------------------------------------------|

Current time: 2024-11-21 11:07:00
MCMC time 48 mins 

USED COMPONENTS: 58 OF 74 

rel. MC standard error: 0.0106 to 0.056
eff. sample size: 319 to 8870
needed thinning: 2 to 44
Diagnostics time 0.24 secs 

Total number of iterations 9259 - required further 341 

Chain # 17 - chunk 20 (chain 1 of 1 for this core): increasing by 342 

Iterations: 342 
|-------------|-------------|-------------|-------------|
|-------------------------------------------------------|

Current time: 2024-11-21 11:09:10
MCMC time 50 mins 

USED COMPONENTS: 58 OF 74 

rel. MC standard error: 0.0101 to 0.0538
eff. sample size: 345 to 9770
needed thinning: 2 to 42
Diagnostics time 0.37 secs 

Total number of iterations 9601 - required further 326 

Chain # 17 - chunk 21 (chain 1 of 1 for this core): increasing by 327 

Iterations: 327 
|-------------|-------------|-------------|-------------|
|-------------------------------------------------------|

Current time: 2024-11-21 11:11:06
MCMC time 52 mins 

USED COMPONENTS: 58 OF 74 

rel. MC standard error: 0.0103 to 0.0529
eff. sample size: 358 to 9470
needed thinning: 2 to 42
Diagnostics time 0.37 secs 

Total number of iterations 9928 - required further 326 

Chain # 17 - chunk 22 (chain 1 of 1 for this core): increasing by 327 

Iterations: 327 
|-------------|-------------|-------------|-------------|
|-------------------------------------------------------|

Current time: 2024-11-21 11:13:12
MCMC time 54 mins 

USED COMPONENTS: 58 OF 74 

rel. MC standard error: 0.00979 to 0.0524
eff. sample size: 364 to 10400
needed thinning: 2 to 43
Diagnostics time 0.54 secs 

Total number of iterations 10255 - required further 334 

Chain # 17 - chunk 23 (chain 1 of 1 for this core): increasing by 335 

Iterations: 335 
|-------------|-------------|-------------|-------------|
|-------------------------------------------------------|

Current time: 2024-11-21 11:15:20
MCMC time 56 mins 

USED COMPONENTS: 58 OF 74 

rel. MC standard error: 0.0096 to 0.0519
eff. sample size: 372 to 10800
needed thinning: 2 to 43
Diagnostics time 0.22 secs 

Total number of iterations 10590 - required further 334 

Chain # 17 - chunk 24 (chain 1 of 1 for this core): increasing by 335 

Iterations: 335 
|-------------|-------------|-------------|-------------|
|-------------------------------------------------------|

Current time: 2024-11-21 11:17:24
MCMC time 59 mins 

USED COMPONENTS: 58 OF 74 

rel. MC standard error: 0.00921 to 0.0512
eff. sample size: 381 to 11800
needed thinning: 2 to 43
Diagnostics time 0.3 secs 

Total number of iterations 10925 - required further 334 

Chain # 17 - chunk 25 (chain 1 of 1 for this core): increasing by 335 

Iterations: 335 
|-------------|-------------|-------------|-------------|
|-------------------------------------------------------|

Current time: 2024-11-21 11:19:36
MCMC time 1 hours 

USED COMPONENTS: 58 OF 74 

rel. MC standard error: 0.00936 to 0.0522
eff. sample size: 366 to 11400
needed thinning: 2 to 47
Diagnostics time 0.36 secs 

Total number of iterations 11260 - required further 365 

Chain # 17 - chunk 26 (chain 1 of 1 for this core): increasing by 366 

Iterations: 366 
|-------------|-------------|-------------|-------------|
|-------------------------------------------------------|

Current time: 2024-11-21 11:21:40
MCMC time 1 hours 

USED COMPONENTS: 58 OF 74 

rel. MC standard error: 0.00922 to 0.0506
eff. sample size: 391 to 11800
needed thinning: 2 to 45
Diagnostics time 0.26 secs 

Total number of iterations 11626 - required further 349 

Chain # 17 - chunk 27 (chain 1 of 1 for this core): increasing by 350 

Iterations: 350 
|-------------|-------------|-------------|-------------|
|-------------------------------------------------------|

Current time: 2024-11-21 11:23:48
MCMC time 1.1 hours 

USED COMPONENTS: 57 OF 74 

rel. MC standard error: 0.00913 to 0.0513
eff. sample size: 380 to 12000
needed thinning: 2 to 48
Diagnostics time 0.2 secs 

Total number of iterations 11976 - required further 372 

Chain # 17 - chunk 28 (chain 1 of 1 for this core): increasing by 373 

Iterations: 373 
|-------------|-------------|-------------|-------------|
|-------------------------------------------------------|

Current time: 2024-11-21 11:25:57
MCMC time 1.1 hours 

USED COMPONENTS: 57 OF 74 

rel. MC standard error: 0.00929 to 0.0507
eff. sample size: 390 to 11600
needed thinning: 2 to 48
Diagnostics time 0.25 secs 

Total number of iterations 12349 - required further 372 

Chain # 17 - chunk 29 (chain 1 of 1 for this core): increasing by 373 

Iterations: 373 
|-------------|-------------|-------------|-------------|
|-------------------------------------------------------|

Current time: 2024-11-21 11:27:59
MCMC time 1.2 hours 

USED COMPONENTS: 57 OF 74 

rel. MC standard error: 0.00885 to 0.0506
eff. sample size: 391 to 12800
needed thinning: 2 to 49
Diagnostics time 0.25 secs 

Total number of iterations 12722 - required further 380 

Chain # 17 - chunk 30 (chain 1 of 1 for this core): increasing by 381 

Iterations: 381 
|-------------|-------------|-------------|-------------|
|-------------------------------------------------------|

Current time: 2024-11-21 11:29:53
MCMC time 1.2 hours 

USED COMPONENTS: 57 OF 74 

rel. MC standard error: 0.00867 to 0.0513
eff. sample size: 380 to 13300
needed thinning: 2 to 52
Diagnostics time 0.21 secs 

Total number of iterations 13103 - required further 403 

Chain # 17 - chunk 31 (chain 1 of 1 for this core): increasing by 404 

Iterations: 404 
|-------------|-------------|-------------|-------------|
|-------------------------------------------------------|

Current time: 2024-11-21 11:31:52
MCMC time 1.2 hours 

USED COMPONENTS: 57 OF 74 

rel. MC standard error: 0.00847 to 0.0504
eff. sample size: 394 to 13900
needed thinning: 2 to 52
Diagnostics time 0.22 secs 

Total number of iterations 13507 - required further 403 

Chain # 17 - chunk 32 (chain 1 of 1 for this core): increasing by 404 

Iterations: 404 
|-------------|-------------|-------------|-------------|
|-------------------------------------------------------|

Current time: 2024-11-21 11:33:56
MCMC time 1.3 hours 

USED COMPONENTS: 57 OF 74 

rel. MC standard error: 0.00846 to 0.0487
eff. sample size: 422 to 14000
needed thinning: 2 to 50
Diagnostics time 0.27 secs 

Total number of iterations 13911 - required further 0 

Keeping last 60 samples with thinning 50 

Plotting traces and samples.

Current time: 2024-11-21 11:33:57
MCMC + diagnostics time 1.3 hours 

Current time: 2024-11-21 11:33:57
Total time 1.3 hours 
loaded inferno and set parent environment
loaded inferno and set parent environment
loaded inferno and set parent environment
loaded inferno and set parent environment
Error in gzfile(file, "rb") : cannot open the connection
Calls: <Anonymous> -> cleanup -> loadNamespace -> readRDS -> gzfile
In addition: Warning message:
In gzfile(file, "rb") :
  cannot open compressed file '/usr/lib/R/library/tools/Meta/nsInfo.rds', probable reason 'Transport endpoint is not connected'
