Log core 12 - Current time: 2024-11-21 10:08:55
Defining model
Building model
Setting data and initial values
Running calculate on model
  [Note] Any error reports that follow may simply reflect missing values in model variables.
Checking model sizes and dimensions
Compiling
  [Note] This may take a minute.
  [Note] Use 'showCompilerOutput = TRUE' to see C++ compilation details.
===== Monitors =====
thin = 1: Bprob, Rmean, Rvar, W
thin2 = 1: K
===== Samplers =====
conjugate sampler (519)
  - Rmean[]  (148 elements)
  - Rrate[]  (148 elements)
  - Bprob[]  (74 elements)
  - Rvar[]  (148 elements)
  - W[1:74] 
categorical sampler (3901)
  - Alpha
  - K[]  (3900 elements)
===== Monitors =====
thin = 1: Bprob, Rmean, Rvar, W
thin2 = 1: K
===== Samplers =====
slice sampler (3901)
  - Alpha
  - K[]  (3900 elements)
conjugate sampler (519)
  - Rmean[]  (148 elements)
  - Rrate[]  (148 elements)
  - Bprob[]  (74 elements)
  - Rvar[]  (148 elements)
  - W[1:74] 
Compiling
  [Note] This may take a minute.
  [Note] Use 'showCompilerOutput = TRUE' to see C++ compilation details.

Setup time 16 mins 

Chain # 12 (chain 1 of 1 for this core)

Datapoints for testing convergence:
 #230 #235 #544 #653 #680 #755 #997 #1260 #1422 #2026 #2048 #2206 #2336 #2734 #3342 #3483 #3488 #3604 #3669 #3747 

Iterations: 3600 
|-------------|-------------|-------------|-------------|
|-------------------------------------------------------|

Current time: 2024-11-21 10:54:08
MCMC time 29 mins 

USED COMPONENTS: 63 OF 74 

rel. MC standard error: 0.0142 to 0.0643
eff. sample size: 242 to 4950
needed thinning: 2 to 23
Diagnostics time 3 secs 

Total number of iterations 3600 - required further 179 

Chain # 12 - chunk 2 (chain 1 of 1 for this core): increasing by 180 

Iterations: 180 
|-------------|-------------|-------------|-------------|
|-------------------------------------------------------|

Current time: 2024-11-21 10:55:39
MCMC time 31 mins 

USED COMPONENTS: 61 OF 74 

rel. MC standard error: 0.0145 to 0.064
eff. sample size: 244 to 4730
needed thinning: 2 to 24
Diagnostics time 1.3 secs 

Total number of iterations 3780 - required further 186 

Chain # 12 - chunk 3 (chain 1 of 1 for this core): increasing by 187 

Iterations: 187 
|-------------|-------------|-------------|-------------|
|-------------------------------------------------------|

Current time: 2024-11-21 10:57:09
MCMC time 32 mins 

USED COMPONENTS: 61 OF 74 

rel. MC standard error: 0.0137 to 0.0654
eff. sample size: 233 to 5340
needed thinning: 2 to 26
Diagnostics time 0.2 secs 

Total number of iterations 3967 - required further 202 

Chain # 12 - chunk 4 (chain 1 of 1 for this core): increasing by 203 

Iterations: 203 
|-------------|-------------|-------------|-------------|
|-------------------------------------------------------|

Current time: 2024-11-21 10:58:42
MCMC time 34 mins 

USED COMPONENTS: 61 OF 74 

rel. MC standard error: 0.012 to 0.0649
eff. sample size: 237 to 6900
needed thinning: 1 to 27
Diagnostics time 0.23 secs 

Total number of iterations 4170 - required further 210 

Chain # 12 - chunk 5 (chain 1 of 1 for this core): increasing by 211 

Iterations: 211 
|-------------|-------------|-------------|-------------|
|-------------------------------------------------------|

Current time: 2024-11-21 11:00:25
MCMC time 35 mins 

USED COMPONENTS: 61 OF 74 

rel. MC standard error: 0.0121 to 0.0669
eff. sample size: 223 to 6870
needed thinning: 1 to 30
Diagnostics time 0.32 secs 

Total number of iterations 4381 - required further 233 

Chain # 12 - chunk 6 (chain 1 of 1 for this core): increasing by 234 

Iterations: 234 
|-------------|-------------|-------------|-------------|
|-------------------------------------------------------|

Current time: 2024-11-21 11:01:55
MCMC time 37 mins 

USED COMPONENTS: 61 OF 74 

rel. MC standard error: 0.0113 to 0.0634
eff. sample size: 249 to 7840
needed thinning: 1 to 28
Diagnostics time 0.14 secs 

Total number of iterations 4615 - required further 217 

Chain # 12 - chunk 7 (chain 1 of 1 for this core): increasing by 218 

Iterations: 218 
|-------------|-------------|-------------|-------------|
|-------------------------------------------------------|

Current time: 2024-11-21 11:03:24
MCMC time 38 mins 

USED COMPONENTS: 61 OF 74 

rel. MC standard error: 0.0116 to 0.0608
eff. sample size: 271 to 7390
needed thinning: 1 to 27
Diagnostics time 0.23 secs 

Total number of iterations 4833 - required further 210 

Chain # 12 - chunk 8 (chain 1 of 1 for this core): increasing by 211 

Iterations: 211 
|-------------|-------------|-------------|-------------|
|-------------------------------------------------------|

Current time: 2024-11-21 11:04:59
MCMC time 40 mins 

USED COMPONENTS: 61 OF 74 

rel. MC standard error: 0.0126 to 0.0589
eff. sample size: 288 to 6300
needed thinning: 2 to 27
Diagnostics time 0.31 secs 

Total number of iterations 5044 - required further 210 

Chain # 12 - chunk 9 (chain 1 of 1 for this core): increasing by 211 

Iterations: 211 
|-------------|-------------|-------------|-------------|
|-------------------------------------------------------|

Current time: 2024-11-21 11:06:34
MCMC time 41 mins 

USED COMPONENTS: 61 OF 74 

rel. MC standard error: 0.0122 to 0.0596
eff. sample size: 281 to 6770
needed thinning: 2 to 29
Diagnostics time 0.23 secs 

Total number of iterations 5255 - required further 225 

Chain # 12 - chunk 10 (chain 1 of 1 for this core): increasing by 226 

Iterations: 226 
|-------------|-------------|-------------|-------------|
|-------------------------------------------------------|

Current time: 2024-11-21 11:08:10
MCMC time 43 mins 

USED COMPONENTS: 61 OF 74 

rel. MC standard error: 0.0121 to 0.0605
eff. sample size: 273 to 6860
needed thinning: 2 to 31
Diagnostics time 0.32 secs 

Total number of iterations 5481 - required further 241 

Chain # 12 - chunk 11 (chain 1 of 1 for this core): increasing by 242 

Iterations: 242 
|-------------|-------------|-------------|-------------|
|-------------------------------------------------------|

Current time: 2024-11-21 11:10:07
MCMC time 45 mins 

USED COMPONENTS: 62 OF 74 

rel. MC standard error: 0.0107 to 0.0593
eff. sample size: 284 to 8670
needed thinning: 1 to 31
Diagnostics time 0.25 secs 

Total number of iterations 5723 - required further 241 

Chain # 12 - chunk 12 (chain 1 of 1 for this core): increasing by 242 

Iterations: 242 
|-------------|-------------|-------------|-------------|
|-------------------------------------------------------|

Current time: 2024-11-21 11:11:55
MCMC time 47 mins 

USED COMPONENTS: 61 OF 74 

rel. MC standard error: 0.0116 to 0.0586
eff. sample size: 292 to 7430
needed thinning: 2 to 31
Diagnostics time 0.26 secs 

Total number of iterations 5965 - required further 241 

Chain # 12 - chunk 13 (chain 1 of 1 for this core): increasing by 242 

Iterations: 242 
|-------------|-------------|-------------|-------------|
|-------------------------------------------------------|

Current time: 2024-11-21 11:13:09
MCMC time 48 mins 

USED COMPONENTS: 61 OF 74 

rel. MC standard error: 0.0113 to 0.0576
eff. sample size: 301 to 7780
needed thinning: 2 to 31
Diagnostics time 0.15 secs 

Total number of iterations 6207 - required further 241 

Chain # 12 - chunk 14 (chain 1 of 1 for this core): increasing by 242 

Iterations: 242 
|-------------|-------------|-------------|-------------|
|-------------------------------------------------------|

Current time: 2024-11-21 11:14:34
MCMC time 49 mins 

USED COMPONENTS: 62 OF 74 

rel. MC standard error: 0.0119 to 0.0534
eff. sample size: 350 to 7010
needed thinning: 2 to 28
Diagnostics time 0.25 secs 

Total number of iterations 6449 - required further 217 

Chain # 12 - chunk 15 (chain 1 of 1 for this core): increasing by 218 

Iterations: 218 
|-------------|-------------|-------------|-------------|
|-------------------------------------------------------|

Current time: 2024-11-21 11:16:19
MCMC time 51 mins 

USED COMPONENTS: 61 OF 74 

rel. MC standard error: 0.011 to 0.0558
eff. sample size: 321 to 8320
needed thinning: 2 to 32
Diagnostics time 0.23 secs 

Total number of iterations 6667 - required further 248 

Chain # 12 - chunk 16 (chain 1 of 1 for this core): increasing by 249 

Iterations: 249 
|-------------|-------------|-------------|-------------|
|-------------------------------------------------------|

Current time: 2024-11-21 11:18:19
MCMC time 53 mins 

USED COMPONENTS: 61 OF 74 

rel. MC standard error: 0.011 to 0.0538
eff. sample size: 346 to 8330
needed thinning: 2 to 31
Diagnostics time 0.26 secs 

Total number of iterations 6916 - required further 241 

Chain # 12 - chunk 17 (chain 1 of 1 for this core): increasing by 242 

Iterations: 242 
|-------------|-------------|-------------|-------------|
|-------------------------------------------------------|

Current time: 2024-11-21 11:19:51
MCMC time 55 mins 

USED COMPONENTS: 61 OF 74 

rel. MC standard error: 0.0112 to 0.0567
eff. sample size: 311 to 8000
needed thinning: 2 to 35
Diagnostics time 0.15 secs 

Total number of iterations 7158 - required further 272 

Chain # 12 - chunk 18 (chain 1 of 1 for this core): increasing by 273 

Iterations: 273 
|-------------|-------------|-------------|-------------|
|-------------------------------------------------------|

Current time: 2024-11-21 11:21:11
MCMC time 56 mins 

USED COMPONENTS: 61 OF 74 

rel. MC standard error: 0.0105 to 0.054
eff. sample size: 343 to 9020
needed thinning: 2 to 33
Diagnostics time 0.21 secs 

Total number of iterations 7431 - required further 256 

Chain # 12 - chunk 19 (chain 1 of 1 for this core): increasing by 257 

Iterations: 257 
|-------------|-------------|-------------|-------------|
|-------------------------------------------------------|

Current time: 2024-11-21 11:23:10
MCMC time 58 mins 

USED COMPONENTS: 62 OF 74 

rel. MC standard error: 0.0102 to 0.0532
eff. sample size: 353 to 9550
needed thinning: 2 to 33
Diagnostics time 0.26 secs 

Total number of iterations 7688 - required further 256 

Chain # 12 - chunk 20 (chain 1 of 1 for this core): increasing by 257 

Iterations: 257 
|-------------|-------------|-------------|-------------|
|-------------------------------------------------------|

Current time: 2024-11-21 11:24:39
MCMC time 60 mins 

USED COMPONENTS: 61 OF 74 

rel. MC standard error: 0.0111 to 0.0539
eff. sample size: 345 to 8060
needed thinning: 2 to 35
Diagnostics time 0.27 secs 

Total number of iterations 7945 - required further 272 

Chain # 12 - chunk 21 (chain 1 of 1 for this core): increasing by 273 

Iterations: 273 
|-------------|-------------|-------------|-------------|
|-------------------------------------------------------|

Current time: 2024-11-21 11:26:51
MCMC time 1 hours 

USED COMPONENTS: 61 OF 74 

rel. MC standard error: 0.0102 to 0.0506
eff. sample size: 390 to 9520
needed thinning: 2 to 32
Diagnostics time 0.34 secs 

Total number of iterations 8218 - required further 248 

Chain # 12 - chunk 22 (chain 1 of 1 for this core): increasing by 249 

Iterations: 249 
|-------------|-------------|-------------|-------------|
|-------------------------------------------------------|

Current time: 2024-11-21 11:28:31
MCMC time 1.1 hours 

USED COMPONENTS: 61 OF 74 

rel. MC standard error: 0.0102 to 0.0507
eff. sample size: 389 to 9570
needed thinning: 2 to 33
Diagnostics time 0.33 secs 

Total number of iterations 8467 - required further 256 

Chain # 12 - chunk 23 (chain 1 of 1 for this core): increasing by 257 

Iterations: 257 
|-------------|-------------|-------------|-------------|
|-------------------------------------------------------|

Current time: 2024-11-21 11:30:28
MCMC time 1.1 hours 

USED COMPONENTS: 61 OF 74 

rel. MC standard error: 0.0102 to 0.0508
eff. sample size: 388 to 9630
needed thinning: 2 to 34
Diagnostics time 0.27 secs 

Total number of iterations 8724 - required further 264 

Chain # 12 - chunk 24 (chain 1 of 1 for this core): increasing by 265 

Iterations: 265 
|-------------|-------------|-------------|-------------|
|-------------------------------------------------------|

Current time: 2024-11-21 11:32:25
MCMC time 1.1 hours 

USED COMPONENTS: 61 OF 74 

rel. MC standard error: 0.0107 to 0.0514
eff. sample size: 379 to 8730
needed thinning: 2 to 36
Diagnostics time 0.22 secs 

Total number of iterations 8989 - required further 279 

Chain # 12 - chunk 25 (chain 1 of 1 for this core): increasing by 280 

Iterations: 280 
|-------------|-------------|-------------|-------------|
|-------------------------------------------------------|

Current time: 2024-11-21 11:34:02
MCMC time 1.1 hours 

USED COMPONENTS: 61 OF 74 

rel. MC standard error: 0.00932 to 0.0517
eff. sample size: 374 to 11500
needed thinning: 2 to 38
Diagnostics time 0.16 secs 

Total number of iterations 9269 - required further 295 

Chain # 12 - chunk 26 (chain 1 of 1 for this core): increasing by 296 

Iterations: 296 
|-------------|-------------|-------------|-------------|
|-------------------------------------------------------|

Current time: 2024-11-21 11:35:29
MCMC time 1.2 hours 

USED COMPONENTS: 61 OF 74 

rel. MC standard error: 0.0095 to 0.0506
eff. sample size: 390 to 11100
needed thinning: 2 to 37
Diagnostics time 0.23 secs 

Total number of iterations 9565 - required further 287 

Chain # 12 - chunk 27 (chain 1 of 1 for this core): increasing by 288 

Iterations: 288 
|-------------|-------------|-------------|-------------|
|-------------------------------------------------------|

Current time: 2024-11-21 11:36:53
MCMC time 1.2 hours 

USED COMPONENTS: 61 OF 74 

rel. MC standard error: 0.00891 to 0.0501
eff. sample size: 398 to 12600
needed thinning: 2 to 38
Diagnostics time 0.17 secs 

Total number of iterations 9853 - required further 295 

Chain # 12 - chunk 28 (chain 1 of 1 for this core): increasing by 296 

Iterations: 296 
|-------------|-------------|-------------|-------------|
|-------------------------------------------------------|

Current time: 2024-11-21 11:38:20
MCMC time 1.2 hours 

USED COMPONENTS: 61 OF 74 

rel. MC standard error: 0.00865 to 0.0487
eff. sample size: 422 to 13400
needed thinning: 2 to 37
Diagnostics time 0.17 secs 

Total number of iterations 10149 - required further 0 

Keeping last 60 samples with thinning 37 

Plotting traces and samples.

Current time: 2024-11-21 11:38:21
MCMC + diagnostics time 1.2 hours 

Current time: 2024-11-21 11:38:21
Total time 1.2 hours 
loaded inferno and set parent environment
loaded inferno and set parent environment
loaded inferno and set parent environment
loaded inferno and set parent environment
