Log core 3 - Current time: 2024-11-25 10:20:10
Defining model
Building model
Setting data and initial values
Running calculate on model
  [Note] Any error reports that follow may simply reflect missing values in model variables.
Checking model sizes and dimensions
Compiling
  [Note] This may take a minute.
  [Note] Use 'showCompilerOutput = TRUE' to see C++ compilation details.
===== Monitors =====
thin = 1: Bprob, Rmean, Rvar, W
thin2 = 1: K
===== Samplers =====
conjugate sampler (519)
  - Rmean[]  (148 elements)
  - Rrate[]  (148 elements)
  - Bprob[]  (74 elements)
  - Rvar[]  (148 elements)
  - W[1:74] 
categorical sampler (151)
  - Alpha
  - K[]  (150 elements)
===== Monitors =====
thin = 1: Bprob, Rmean, Rvar, W
thin2 = 1: K
===== Samplers =====
slice sampler (151)
  - Alpha
  - K[]  (150 elements)
conjugate sampler (519)
  - Rmean[]  (148 elements)
  - Rrate[]  (148 elements)
  - Bprob[]  (74 elements)
  - Rvar[]  (148 elements)
  - W[1:74] 
Compiling
  [Note] This may take a minute.
  [Note] Use 'showCompilerOutput = TRUE' to see C++ compilation details.

Setup time 1.7 mins 

Chain # 9 (chain 1 of 4 for this core)

Datapoints for testing convergence:
 #10 #11 #18 #33 #39 #41 #46 #64 #69 #72 #75 #81 #84 #105 #124 #125 #127 #132 #134 #144 

Iterations: 3600 
|-------------|-------------|-------------|-------------|
|-------------------------------------------------------|

Current time: 2024-11-25 10:23:02
MCMC time 1.1 mins 

USED COMPONENTS: 27 OF 74 

rel. MC standard error: 0.0154 to 0.0836
eff. sample size: 143 to 4240
needed thinning: 2 to 38
Diagnostics time 3.8 secs 

Total number of iterations 3600 - required further 295 

Chain # 9 - chunk 2 (chain 1 of 4 for this core): increasing by 296 

Iterations: 296 
|-------------|-------------|-------------|-------------|
|-------------------------------------------------------|

Current time: 2024-11-25 10:23:13
MCMC time 1.3 mins 

USED COMPONENTS: 28 OF 74 

rel. MC standard error: 0.0159 to 0.0831
eff. sample size: 145 to 3960
needed thinning: 2 to 41
Diagnostics time 0.27 secs 

Total number of iterations 3896 - required further 318 

Chain # 9 - chunk 3 (chain 1 of 4 for this core): increasing by 319 

Iterations: 319 
|-------------|-------------|-------------|-------------|
|-------------------------------------------------------|

Current time: 2024-11-25 10:23:19
MCMC time 1.4 mins 

USED COMPONENTS: 26 OF 74 

rel. MC standard error: 0.0153 to 0.0827
eff. sample size: 146 to 4290
needed thinning: 2 to 44
Diagnostics time 0.23 secs 

Total number of iterations 4215 - required further 341 

Chain # 9 - chunk 4 (chain 1 of 4 for this core): increasing by 342 

Iterations: 342 
|-------------|-------------|-------------|-------------|
|-------------------------------------------------------|

Current time: 2024-11-25 10:23:26
MCMC time 1.5 mins 

USED COMPONENTS: 26 OF 74 

rel. MC standard error: 0.0145 to 0.0792
eff. sample size: 160 to 4750
needed thinning: 2 to 43
Diagnostics time 0.27 secs 

Total number of iterations 4557 - required further 334 

Chain # 9 - chunk 5 (chain 1 of 4 for this core): increasing by 335 

Iterations: 335 
|-------------|-------------|-------------|-------------|
|-------------------------------------------------------|

Current time: 2024-11-25 10:23:32
MCMC time 1.6 mins 

USED COMPONENTS: 27 OF 74 

rel. MC standard error: 0.0134 to 0.0762
eff. sample size: 172 to 5580
needed thinning: 2 to 43
Diagnostics time 0.33 secs 

Total number of iterations 4892 - required further 334 

Chain # 9 - chunk 6 (chain 1 of 4 for this core): increasing by 335 

Iterations: 335 
|-------------|-------------|-------------|-------------|
|-------------------------------------------------------|

Current time: 2024-11-25 10:23:39
MCMC time 1.7 mins 

USED COMPONENTS: 28 OF 74 

rel. MC standard error: 0.0132 to 0.0771
eff. sample size: 168 to 5720
needed thinning: 2 to 47
Diagnostics time 0.27 secs 

Total number of iterations 5227 - required further 365 

Chain # 9 - chunk 7 (chain 1 of 4 for this core): increasing by 366 

Iterations: 366 
|-------------|-------------|-------------|-------------|
|-------------------------------------------------------|

Current time: 2024-11-25 10:23:46
MCMC time 1.9 mins 

USED COMPONENTS: 29 OF 74 

rel. MC standard error: 0.0112 to 0.0748
eff. sample size: 179 to 7920
needed thinning: 2 to 47
Diagnostics time 0.31 secs 

Total number of iterations 5593 - required further 365 

Chain # 9 - chunk 8 (chain 1 of 4 for this core): increasing by 366 

Iterations: 366 
|-------------|-------------|-------------|-------------|
|-------------------------------------------------------|

Current time: 2024-11-25 10:23:53
MCMC time 2 mins 

USED COMPONENTS: 29 OF 74 

rel. MC standard error: 0.0125 to 0.073
eff. sample size: 188 to 6370
needed thinning: 2 to 48
Diagnostics time 0.92 secs 

Total number of iterations 5959 - required further 372 

Chain # 9 - chunk 9 (chain 1 of 4 for this core): increasing by 373 

Iterations: 373 
|-------------|-------------|-------------|-------------|
|-------------------------------------------------------|

Current time: 2024-11-25 10:24:01
MCMC time 2.1 mins 

USED COMPONENTS: 27 OF 74 

rel. MC standard error: 0.0124 to 0.0729
eff. sample size: 188 to 6550
needed thinning: 2 to 51
Diagnostics time 0.28 secs 

Total number of iterations 6332 - required further 396 

Chain # 9 - chunk 10 (chain 1 of 4 for this core): increasing by 397 

Iterations: 397 
|-------------|-------------|-------------|-------------|
|-------------------------------------------------------|

Current time: 2024-11-25 10:24:09
MCMC time 2.2 mins 

USED COMPONENTS: 27 OF 74 

rel. MC standard error: 0.0128 to 0.0719
eff. sample size: 193 to 6090
needed thinning: 2 to 53
Diagnostics time 0.32 secs 

Total number of iterations 6729 - required further 411 

Chain # 9 - chunk 11 (chain 1 of 4 for this core): increasing by 412 

Iterations: 412 
|-------------|-------------|-------------|-------------|
|-------------------------------------------------------|

Current time: 2024-11-25 10:24:17
MCMC time 2.4 mins 

USED COMPONENTS: 27 OF 74 

rel. MC standard error: 0.0125 to 0.0691
eff. sample size: 209 to 6380
needed thinning: 2 to 52
Diagnostics time 0.33 secs 

Total number of iterations 7141 - required further 403 

Chain # 9 - chunk 12 (chain 1 of 4 for this core): increasing by 404 

Iterations: 404 
|-------------|-------------|-------------|-------------|
|-------------------------------------------------------|

Current time: 2024-11-25 10:24:25
MCMC time 2.5 mins 

USED COMPONENTS: 26 OF 74 

rel. MC standard error: 0.0122 to 0.0696
eff. sample size: 206 to 6760
needed thinning: 2 to 55
Diagnostics time 0.34 secs 

Total number of iterations 7545 - required further 427 

Chain # 9 - chunk 13 (chain 1 of 4 for this core): increasing by 428 

Iterations: 428 
|-------------|-------------|-------------|-------------|
|-------------------------------------------------------|

Current time: 2024-11-25 10:24:33
MCMC time 2.6 mins 

USED COMPONENTS: 26 OF 74 

rel. MC standard error: 0.0125 to 0.069
eff. sample size: 210 to 6420
needed thinning: 2 to 57
Diagnostics time 0.93 secs 

Total number of iterations 7973 - required further 442 

Chain # 9 - chunk 14 (chain 1 of 4 for this core): increasing by 443 

Iterations: 443 
|-------------|-------------|-------------|-------------|
|-------------------------------------------------------|

Current time: 2024-11-25 10:24:42
MCMC time 2.8 mins 

USED COMPONENTS: 27 OF 74 

rel. MC standard error: 0.0117 to 0.0667
eff. sample size: 224 to 7310
needed thinning: 2 to 57
Diagnostics time 0.3 secs 

Total number of iterations 8416 - required further 442 

Chain # 9 - chunk 15 (chain 1 of 4 for this core): increasing by 443 

Iterations: 443 
|-------------|-------------|-------------|-------------|
|-------------------------------------------------------|

Current time: 2024-11-25 10:24:51
MCMC time 2.9 mins 

USED COMPONENTS: 25 OF 74 

rel. MC standard error: 0.0113 to 0.067
eff. sample size: 223 to 7850
needed thinning: 2 to 60
Diagnostics time 0.36 secs 

Total number of iterations 8859 - required further 465 

Chain # 9 - chunk 16 (chain 1 of 4 for this core): increasing by 466 

Iterations: 466 
|-------------|-------------|-------------|-------------|
|-------------------------------------------------------|

Current time: 2024-11-25 10:25:00
MCMC time 3.1 mins 

USED COMPONENTS: 23 OF 74 

rel. MC standard error: 0.0132 to 0.0639
eff. sample size: 245 to 5780
needed thinning: 3 to 58
Diagnostics time 0.33 secs 

Total number of iterations 9325 - required further 450 

Chain # 9 - chunk 17 (chain 1 of 4 for this core): increasing by 451 

Iterations: 451 
|-------------|-------------|-------------|-------------|
|-------------------------------------------------------|

Current time: 2024-11-25 10:25:09
MCMC time 3.2 mins 

USED COMPONENTS: 23 OF 74 

rel. MC standard error: 0.0131 to 0.0641
eff. sample size: 243 to 5820
needed thinning: 3 to 61
Diagnostics time 0.36 secs 

Total number of iterations 9776 - required further 473 

Chain # 9 - chunk 18 (chain 1 of 4 for this core): increasing by 474 

Iterations: 474 
|-------------|-------------|-------------|-------------|
|-------------------------------------------------------|

Current time: 2024-11-25 10:25:18
MCMC time 3.4 mins 

USED COMPONENTS: 25 OF 74 

rel. MC standard error: 0.0111 to 0.0624
eff. sample size: 256 to 8100
needed thinning: 2 to 60
Diagnostics time 0.37 secs 

Total number of iterations 10250 - required further 465 

Chain # 9 - chunk 19 (chain 1 of 4 for this core): increasing by 466 

Iterations: 466 
|-------------|-------------|-------------|-------------|
|-------------------------------------------------------|

Current time: 2024-11-25 10:25:27
MCMC time 3.5 mins 

USED COMPONENTS: 22 OF 74 

rel. MC standard error: 0.0117 to 0.0616
eff. sample size: 264 to 7250
needed thinning: 3 to 61
Diagnostics time 0.37 secs 

Total number of iterations 10716 - required further 473 

Chain # 9 - chunk 20 (chain 1 of 4 for this core): increasing by 474 

Iterations: 474 
|-------------|-------------|-------------|-------------|
|-------------------------------------------------------|

Current time: 2024-11-25 10:25:36
MCMC time 3.7 mins 

USED COMPONENTS: 23 OF 74 

rel. MC standard error: 0.012 to 0.06
eff. sample size: 278 to 6890
needed thinning: 3 to 61
Diagnostics time 0.43 secs 

Total number of iterations 11190 - required further 473 

Chain # 9 - chunk 21 (chain 1 of 4 for this core): increasing by 474 

Iterations: 474 
|-------------|-------------|-------------|-------------|
|-------------------------------------------------------|

Current time: 2024-11-25 10:25:45
MCMC time 3.8 mins 

USED COMPONENTS: 23 OF 74 

rel. MC standard error: 0.0119 to 0.0611
eff. sample size: 268 to 7040
needed thinning: 3 to 66
Diagnostics time 0.9 secs 

Total number of iterations 11664 - required further 512 

Chain # 9 - chunk 22 (chain 1 of 4 for this core): increasing by 513 

Iterations: 513 
|-------------|-------------|-------------|-------------|
|-------------------------------------------------------|

Current time: 2024-11-25 10:25:56
MCMC time 4 mins 

USED COMPONENTS: 23 OF 74 

rel. MC standard error: 0.0115 to 0.058
eff. sample size: 297 to 7500
needed thinning: 3 to 62
Diagnostics time 0.38 secs 

Total number of iterations 12177 - required further 481 

Chain # 9 - chunk 23 (chain 1 of 4 for this core): increasing by 482 

Iterations: 482 
|-------------|-------------|-------------|-------------|
|-------------------------------------------------------|

Current time: 2024-11-25 10:26:05
MCMC time 4.2 mins 

USED COMPONENTS: 23 OF 74 

rel. MC standard error: 0.0109 to 0.0586
eff. sample size: 291 to 8410
needed thinning: 3 to 66
Diagnostics time 0.4 secs 

Total number of iterations 12659 - required further 512 

Chain # 9 - chunk 24 (chain 1 of 4 for this core): increasing by 513 

Iterations: 513 
|-------------|-------------|-------------|-------------|
|-------------------------------------------------------|

Current time: 2024-11-25 10:26:15
MCMC time 4.3 mins 

USED COMPONENTS: 26 OF 74 

rel. MC standard error: 0.0111 to 0.0573
eff. sample size: 304 to 8060
needed thinning: 3 to 65
Diagnostics time 0.41 secs 

Total number of iterations 13172 - required further 504 

Chain # 9 - chunk 25 (chain 1 of 4 for this core): increasing by 505 

Iterations: 505 
|-------------|-------------|-------------|-------------|
|-------------------------------------------------------|

Current time: 2024-11-25 10:26:25
MCMC time 4.5 mins 

USED COMPONENTS: 26 OF 74 

rel. MC standard error: 0.0109 to 0.0597
eff. sample size: 280 to 8400
needed thinning: 3 to 74
Diagnostics time 0.43 secs 

Total number of iterations 13677 - required further 574 

Chain # 9 - chunk 26 (chain 1 of 4 for this core): increasing by 575 

Iterations: 575 
|-------------|-------------|-------------|-------------|
|-------------------------------------------------------|

Current time: 2024-11-25 10:26:36
MCMC time 4.7 mins 

USED COMPONENTS: 26 OF 74 

rel. MC standard error: 0.0102 to 0.058
eff. sample size: 297 to 9530
needed thinning: 3 to 72
Diagnostics time 1.1 secs 

Total number of iterations 14252 - required further 558 

Chain # 9 - chunk 27 (chain 1 of 4 for this core): increasing by 559 

Iterations: 559 
|-------------|-------------|-------------|-------------|
|-------------------------------------------------------|

Current time: 2024-11-25 10:26:48
MCMC time 4.9 mins 

USED COMPONENTS: 24 OF 74 

rel. MC standard error: 0.00517 to 0.0568
eff. sample size: 310 to 37500
needed thinning: 1 to 72
Diagnostics time 0.43 secs 

Total number of iterations 14811 - required further 558 

Chain # 9 - chunk 28 (chain 1 of 4 for this core): increasing by 559 

Iterations: 559 
|-------------|-------------|-------------|-------------|
|-------------------------------------------------------|

Current time: 2024-11-25 10:26:58
MCMC time 5.1 mins 

USED COMPONENTS: 23 OF 74 

rel. MC standard error: 0.0102 to 0.0544
eff. sample size: 338 to 9670
needed thinning: 3 to 69
Diagnostics time 0.44 secs 

Total number of iterations 15370 - required further 535 

Chain # 9 - chunk 29 (chain 1 of 4 for this core): increasing by 536 

Iterations: 536 
|-------------|-------------|-------------|-------------|
|-------------------------------------------------------|

Current time: 2024-11-25 10:27:09
MCMC time 5.2 mins 

USED COMPONENTS: 24 OF 74 

rel. MC standard error: 0.00994 to 0.0537
eff. sample size: 347 to 10100
needed thinning: 3 to 69
Diagnostics time 0.44 secs 

Total number of iterations 15906 - required further 535 

Chain # 9 - chunk 30 (chain 1 of 4 for this core): increasing by 536 

Iterations: 536 
|-------------|-------------|-------------|-------------|
|-------------------------------------------------------|

Current time: 2024-11-25 10:27:19
MCMC time 5.4 mins 

USED COMPONENTS: 26 OF 74 

rel. MC standard error: 0.00976 to 0.055
eff. sample size: 330 to 10500
needed thinning: 3 to 75
Diagnostics time 0.4 secs 

Total number of iterations 16442 - required further 581 

Chain # 9 - chunk 31 (chain 1 of 4 for this core): increasing by 582 

Iterations: 582 
|-------------|-------------|-------------|-------------|
|-------------------------------------------------------|

Current time: 2024-11-25 10:27:31
MCMC time 5.6 mins 

USED COMPONENTS: 23 OF 74 

rel. MC standard error: 0.0096 to 0.0545
eff. sample size: 336 to 10900
needed thinning: 3 to 76
Diagnostics time 0.47 secs 

Total number of iterations 17024 - required further 589 

Chain # 9 - chunk 32 (chain 1 of 4 for this core): increasing by 590 

Iterations: 590 
|-------------|-------------|-------------|-------------|
|-------------------------------------------------------|

Current time: 2024-11-25 10:27:42
MCMC time 5.8 mins 

USED COMPONENTS: 23 OF 74 

rel. MC standard error: 0.00914 to 0.0529
eff. sample size: 357 to 12000
needed thinning: 3 to 74
Diagnostics time 0.55 secs 

Total number of iterations 17614 - required further 574 

Chain # 9 - chunk 33 (chain 1 of 4 for this core): increasing by 575 

Iterations: 575 
|-------------|-------------|-------------|-------------|
|-------------------------------------------------------|

Current time: 2024-11-25 10:27:54
MCMC time 6 mins 

USED COMPONENTS: 23 OF 74 

rel. MC standard error: 0.00998 to 0.0531
eff. sample size: 355 to 10000
needed thinning: 3 to 77
Diagnostics time 0.42 secs 

Total number of iterations 18189 - required further 597 

Chain # 9 - chunk 34 (chain 1 of 4 for this core): increasing by 598 

Iterations: 598 
|-------------|-------------|-------------|-------------|
|-------------------------------------------------------|

Current time: 2024-11-25 10:28:06
MCMC time 6.2 mins 

USED COMPONENTS: 23 OF 74 

rel. MC standard error: 0.0102 to 0.0527
eff. sample size: 360 to 9600
needed thinning: 3 to 79
Diagnostics time 0.49 secs 

Total number of iterations 18787 - required further 612 

Chain # 9 - chunk 35 (chain 1 of 4 for this core): increasing by 613 

Iterations: 613 
|-------------|-------------|-------------|-------------|
|-------------------------------------------------------|

Current time: 2024-11-25 10:28:18
MCMC time 6.4 mins 

USED COMPONENTS: 23 OF 74 

rel. MC standard error: 0.0101 to 0.052
eff. sample size: 369 to 9840
needed thinning: 3 to 79
Diagnostics time 0.99 secs 

Total number of iterations 19400 - required further 612 

Chain # 9 - chunk 36 (chain 1 of 4 for this core): increasing by 613 

Iterations: 613 
|-------------|-------------|-------------|-------------|
|-------------------------------------------------------|

Current time: 2024-11-25 10:28:30
MCMC time 6.6 mins 

USED COMPONENTS: 23 OF 74 

rel. MC standard error: 0.00995 to 0.0517
eff. sample size: 374 to 10100
needed thinning: 3 to 81
Diagnostics time 1.1 secs 

Total number of iterations 20013 - required further 628 

Chain # 9 - chunk 37 (chain 1 of 4 for this core): increasing by 629 

Iterations: 629 
|-------------|-------------|-------------|-------------|
|-------------------------------------------------------|

Current time: 2024-11-25 10:28:43
MCMC time 6.8 mins 

USED COMPONENTS: 24 OF 74 

rel. MC standard error: 0.00979 to 0.0513
eff. sample size: 380 to 10400
needed thinning: 3 to 82
Diagnostics time 0.49 secs 

Total number of iterations 20642 - required further 636 

Chain # 9 - chunk 38 (chain 1 of 4 for this core): increasing by 637 

Iterations: 637 
|-------------|-------------|-------------|-------------|
|-------------------------------------------------------|

Current time: 2024-11-25 10:28:55
MCMC time 7 mins 

USED COMPONENTS: 24 OF 74 

rel. MC standard error: 0.00963 to 0.0501
eff. sample size: 398 to 10800
needed thinning: 3 to 81
Diagnostics time 0.55 secs 

Total number of iterations 21279 - required further 628 

Chain # 9 - chunk 39 (chain 1 of 4 for this core): increasing by 629 

Iterations: 629 
|-------------|-------------|-------------|-------------|
|-------------------------------------------------------|

Current time: 2024-11-25 10:29:08
MCMC time 7.2 mins 

USED COMPONENTS: 25 OF 74 

rel. MC standard error: 0.00938 to 0.0504
eff. sample size: 393 to 11400
needed thinning: 3 to 84
Diagnostics time 0.47 secs 

Total number of iterations 21908 - required further 651 

Chain # 9 - chunk 40 (chain 1 of 4 for this core): increasing by 652 

Iterations: 652 
|-------------|-------------|-------------|-------------|
|-------------------------------------------------------|

Current time: 2024-11-25 10:29:20
MCMC time 7.4 mins 

USED COMPONENTS: 24 OF 74 

rel. MC standard error: 0.00924 to 0.0494
eff. sample size: 409 to 11700
needed thinning: 3 to 83
Diagnostics time 0.52 secs 

Total number of iterations 22560 - required further 0 

Keeping last 60 samples with thinning 83 

Plotting traces and samples.

Current time: 2024-11-25 10:29:24
MCMC + diagnostics time 7.5 mins 

Chain # 10 (chain 2 of 4 for this core)

Datapoints for testing convergence:
 #7 #8 #10 #22 #24 #29 #37 #38 #42 #59 #83 #89 #94 #99 #100 #114 #120 #121 #124 #147 

Iterations: 3600 
|-------------|-------------|-------------|-------------|
|-------------------------------------------------------|

Current time: 2024-11-25 10:30:30
MCMC time 8.6 mins 

USED COMPONENTS: 28 OF 74 

rel. MC standard error: 0.0179 to 0.085
eff. sample size: 138 to 3100
needed thinning: 2 to 40
Diagnostics time 2.8 secs 

Total number of iterations 3600 - required further 310 

Chain # 10 - chunk 2 (chain 2 of 4 for this core): increasing by 311 

Iterations: 311 
|-------------|-------------|-------------|-------------|
|-------------------------------------------------------|

Current time: 2024-11-25 10:30:40
MCMC time 8.8 mins 

USED COMPONENTS: 27 OF 74 

rel. MC standard error: 0.0166 to 0.0834
eff. sample size: 144 to 3650
needed thinning: 2 to 41
Diagnostics time 0.32 secs 

Total number of iterations 3911 - required further 318 

Chain # 10 - chunk 3 (chain 2 of 4 for this core): increasing by 319 

Iterations: 319 
|-------------|-------------|-------------|-------------|
|-------------------------------------------------------|

Current time: 2024-11-25 10:30:46
MCMC time 8.9 mins 

USED COMPONENTS: 27 OF 74 

rel. MC standard error: 0.0167 to 0.0827
eff. sample size: 146 to 3600
needed thinning: 2 to 44
Diagnostics time 0.32 secs 

Total number of iterations 4230 - required further 341 

Chain # 10 - chunk 4 (chain 2 of 4 for this core): increasing by 342 

Iterations: 342 
|-------------|-------------|-------------|-------------|
|-------------------------------------------------------|

Current time: 2024-11-25 10:30:53
MCMC time 9 mins 

USED COMPONENTS: 27 OF 74 

rel. MC standard error: 0.0156 to 0.0805
eff. sample size: 154 to 4110
needed thinning: 2 to 45
Diagnostics time 0.35 secs 

Total number of iterations 4572 - required further 349 

Chain # 10 - chunk 5 (chain 2 of 4 for this core): increasing by 350 

Iterations: 350 
|-------------|-------------|-------------|-------------|
|-------------------------------------------------------|

Current time: 2024-11-25 10:31:00
MCMC time 9.1 mins 

USED COMPONENTS: 25 OF 74 

rel. MC standard error: 0.0141 to 0.0793
eff. sample size: 159 to 5030
needed thinning: 2 to 47
Diagnostics time 0.34 secs 

Total number of iterations 4922 - required further 365 

Chain # 10 - chunk 6 (chain 2 of 4 for this core): increasing by 366 

Iterations: 366 
|-------------|-------------|-------------|-------------|
|-------------------------------------------------------|

Current time: 2024-11-25 10:31:07
MCMC time 9.2 mins 

USED COMPONENTS: 26 OF 74 

rel. MC standard error: 0.0141 to 0.0778
eff. sample size: 165 to 5050
needed thinning: 2 to 49
Diagnostics time 0.4 secs 

Total number of iterations 5288 - required further 380 

Chain # 10 - chunk 7 (chain 2 of 4 for this core): increasing by 381 

Iterations: 381 
|-------------|-------------|-------------|-------------|
|-------------------------------------------------------|

Current time: 2024-11-25 10:31:15
MCMC time 9.3 mins 

USED COMPONENTS: 26 OF 74 

rel. MC standard error: 0.0131 to 0.077
eff. sample size: 169 to 5870
needed thinning: 2 to 51
Diagnostics time 1 secs 

Total number of iterations 5669 - required further 396 

Chain # 10 - chunk 8 (chain 2 of 4 for this core): increasing by 397 

Iterations: 397 
|-------------|-------------|-------------|-------------|
|-------------------------------------------------------|

Current time: 2024-11-25 10:31:23
MCMC time 9.5 mins 

USED COMPONENTS: 24 OF 74 

rel. MC standard error: 0.0131 to 0.075
eff. sample size: 178 to 5820
needed thinning: 2 to 52
Diagnostics time 0.28 secs 

Total number of iterations 6066 - required further 403 

Chain # 10 - chunk 9 (chain 2 of 4 for this core): increasing by 404 

Iterations: 404 
|-------------|-------------|-------------|-------------|
|-------------------------------------------------------|

Current time: 2024-11-25 10:31:31
MCMC time 9.6 mins 

USED COMPONENTS: 24 OF 74 

rel. MC standard error: 0.0129 to 0.0736
eff. sample size: 184 to 6010
needed thinning: 2 to 53
Diagnostics time 0.3 secs 

Total number of iterations 6470 - required further 411 

Chain # 10 - chunk 10 (chain 2 of 4 for this core): increasing by 412 

Iterations: 412 
|-------------|-------------|-------------|-------------|
|-------------------------------------------------------|

Current time: 2024-11-25 10:31:39
MCMC time 9.7 mins 

USED COMPONENTS: 27 OF 74 

rel. MC standard error: 0.0106 to 0.0704
eff. sample size: 202 to 8820
needed thinning: 2 to 52
Diagnostics time 0.31 secs 

Total number of iterations 6882 - required further 403 

Chain # 10 - chunk 11 (chain 2 of 4 for this core): increasing by 404 

Iterations: 404 
|-------------|-------------|-------------|-------------|
|-------------------------------------------------------|

Current time: 2024-11-25 10:31:46
MCMC time 9.9 mins 

USED COMPONENTS: 27 OF 74 

rel. MC standard error: 0.0116 to 0.0708
eff. sample size: 200 to 7440
needed thinning: 2 to 55
Diagnostics time 0.32 secs 

Total number of iterations 7286 - required further 427 

Chain # 10 - chunk 12 (chain 2 of 4 for this core): increasing by 428 

Iterations: 428 
|-------------|-------------|-------------|-------------|
|-------------------------------------------------------|

Current time: 2024-11-25 10:31:55
MCMC time 10 mins 

USED COMPONENTS: 24 OF 74 

rel. MC standard error: 0.0112 to 0.0686
eff. sample size: 213 to 8040
needed thinning: 2 to 55
Diagnostics time 0.33 secs 

Total number of iterations 7714 - required further 427 

Chain # 10 - chunk 13 (chain 2 of 4 for this core): increasing by 428 

Iterations: 428 
|-------------|-------------|-------------|-------------|
|-------------------------------------------------------|

Current time: 2024-11-25 10:32:03
MCMC time 10 mins 

USED COMPONENTS: 24 OF 74 

rel. MC standard error: 0.0111 to 0.0669
eff. sample size: 224 to 8140
needed thinning: 2 to 55
Diagnostics time 0.37 secs 

Total number of iterations 8142 - required further 427 

Chain # 10 - chunk 14 (chain 2 of 4 for this core): increasing by 428 

Iterations: 428 
|-------------|-------------|-------------|-------------|
|-------------------------------------------------------|

Current time: 2024-11-25 10:32:11
MCMC time 10 mins 

USED COMPONENTS: 25 OF 74 

rel. MC standard error: 0.0112 to 0.0658
eff. sample size: 231 to 7950
needed thinning: 2 to 56
Diagnostics time 0.3 secs 

Total number of iterations 8570 - required further 434 

Chain # 10 - chunk 15 (chain 2 of 4 for this core): increasing by 435 

Iterations: 435 
|-------------|-------------|-------------|-------------|
|-------------------------------------------------------|

Current time: 2024-11-25 10:32:19
MCMC time 10 mins 

USED COMPONENTS: 23 OF 74 

rel. MC standard error: 0.011 to 0.0648
eff. sample size: 238 to 8200
needed thinning: 2 to 57
Diagnostics time 0.34 secs 

Total number of iterations 9005 - required further 442 

Chain # 10 - chunk 16 (chain 2 of 4 for this core): increasing by 443 

Iterations: 443 
|-------------|-------------|-------------|-------------|
|-------------------------------------------------------|

Current time: 2024-11-25 10:32:28
MCMC time 11 mins 

USED COMPONENTS: 24 OF 74 

rel. MC standard error: 0.0107 to 0.0637
eff. sample size: 246 to 8790
needed thinning: 2 to 58
Diagnostics time 0.33 secs 

Total number of iterations 9448 - required further 450 

Chain # 10 - chunk 17 (chain 2 of 4 for this core): increasing by 451 

Iterations: 451 
|-------------|-------------|-------------|-------------|
|-------------------------------------------------------|

Current time: 2024-11-25 10:32:37
MCMC time 11 mins 

USED COMPONENTS: 25 OF 74 

rel. MC standard error: 0.00981 to 0.062
eff. sample size: 260 to 10400
needed thinning: 2 to 58
Diagnostics time 0.36 secs 

Total number of iterations 9899 - required further 450 

Chain # 10 - chunk 18 (chain 2 of 4 for this core): increasing by 451 

Iterations: 451 
|-------------|-------------|-------------|-------------|
|-------------------------------------------------------|

Current time: 2024-11-25 10:32:45
MCMC time 11 mins 

USED COMPONENTS: 25 OF 74 

rel. MC standard error: 0.00991 to 0.0613
eff. sample size: 266 to 10200
needed thinning: 2 to 59
Diagnostics time 0.31 secs 

Total number of iterations 10350 - required further 458 

Chain # 10 - chunk 19 (chain 2 of 4 for this core): increasing by 459 

Iterations: 459 
|-------------|-------------|-------------|-------------|
|-------------------------------------------------------|

Current time: 2024-11-25 10:32:54
MCMC time 11 mins 

USED COMPONENTS: 25 OF 74 

rel. MC standard error: 0.00999 to 0.0606
eff. sample size: 272 to 10000
needed thinning: 2 to 60
Diagnostics time 0.39 secs 

Total number of iterations 10809 - required further 465 

Chain # 10 - chunk 20 (chain 2 of 4 for this core): increasing by 466 

Iterations: 466 
|-------------|-------------|-------------|-------------|
|-------------------------------------------------------|

Current time: 2024-11-25 10:33:03
MCMC time 11 mins 

USED COMPONENTS: 25 OF 74 

rel. MC standard error: 0.00959 to 0.0606
eff. sample size: 272 to 10900
needed thinning: 2 to 63
Diagnostics time 0.37 secs 

Total number of iterations 11275 - required further 488 

Chain # 10 - chunk 21 (chain 2 of 4 for this core): increasing by 489 

Iterations: 489 
|-------------|-------------|-------------|-------------|
|-------------------------------------------------------|

Current time: 2024-11-25 10:33:13
MCMC time 11 mins 

USED COMPONENTS: 25 OF 74 

rel. MC standard error: 0.0092 to 0.0592
eff. sample size: 286 to 11800
needed thinning: 2 to 62
Diagnostics time 0.36 secs 

Total number of iterations 11764 - required further 481 

Chain # 10 - chunk 22 (chain 2 of 4 for this core): increasing by 482 

Iterations: 482 
|-------------|-------------|-------------|-------------|
|-------------------------------------------------------|

Current time: 2024-11-25 10:33:22
MCMC time 11 mins 

USED COMPONENTS: 26 OF 74 

rel. MC standard error: 0.00999 to 0.0589
eff. sample size: 289 to 10000
needed thinning: 2 to 64
Diagnostics time 0.93 secs 

Total number of iterations 12246 - required further 496 

Chain # 10 - chunk 23 (chain 2 of 4 for this core): increasing by 497 

Iterations: 497 
|-------------|-------------|-------------|-------------|
|-------------------------------------------------------|

Current time: 2024-11-25 10:33:32
MCMC time 12 mins 

USED COMPONENTS: 25 OF 74 

rel. MC standard error: 0.00993 to 0.0585
eff. sample size: 292 to 10100
needed thinning: 2 to 66
Diagnostics time 0.36 secs 

Total number of iterations 12743 - required further 512 

Chain # 10 - chunk 24 (chain 2 of 4 for this core): increasing by 513 

Iterations: 513 
|-------------|-------------|-------------|-------------|
|-------------------------------------------------------|

Current time: 2024-11-25 10:33:42
MCMC time 12 mins 

USED COMPONENTS: 25 OF 74 

rel. MC standard error: 0.00877 to 0.0567
eff. sample size: 311 to 13000
needed thinning: 2 to 64
Diagnostics time 0.39 secs 

Total number of iterations 13256 - required further 496 

Chain # 10 - chunk 25 (chain 2 of 4 for this core): increasing by 497 

Iterations: 497 
|-------------|-------------|-------------|-------------|
|-------------------------------------------------------|

Current time: 2024-11-25 10:33:51
MCMC time 12 mins 

USED COMPONENTS: 26 OF 74 

rel. MC standard error: 0.00874 to 0.0553
eff. sample size: 327 to 13100
needed thinning: 2 to 64
Diagnostics time 0.37 secs 

Total number of iterations 13753 - required further 496 

Chain # 10 - chunk 26 (chain 2 of 4 for this core): increasing by 497 

Iterations: 497 
|-------------|-------------|-------------|-------------|
|-------------------------------------------------------|

Current time: 2024-11-25 10:34:01
MCMC time 12 mins 

USED COMPONENTS: 24 OF 74 

rel. MC standard error: 0.00931 to 0.0552
eff. sample size: 329 to 11500
needed thinning: 2 to 66
Diagnostics time 0.38 secs 

Total number of iterations 14250 - required further 512 

Chain # 10 - chunk 27 (chain 2 of 4 for this core): increasing by 513 

Iterations: 513 
|-------------|-------------|-------------|-------------|
|-------------------------------------------------------|

Current time: 2024-11-25 10:34:11
MCMC time 12 mins 

USED COMPONENTS: 23 OF 74 

rel. MC standard error: 0.00893 to 0.0548
eff. sample size: 333 to 12600
needed thinning: 2 to 67
Diagnostics time 0.43 secs 

Total number of iterations 14763 - required further 519 

Chain # 10 - chunk 28 (chain 2 of 4 for this core): increasing by 520 

Iterations: 520 
|-------------|-------------|-------------|-------------|
|-------------------------------------------------------|

Current time: 2024-11-25 10:34:20
MCMC time 12 mins 

USED COMPONENTS: 24 OF 74 

rel. MC standard error: 0.00901 to 0.0544
eff. sample size: 338 to 12300
needed thinning: 2 to 68
Diagnostics time 0.42 secs 

Total number of iterations 15283 - required further 527 

Chain # 10 - chunk 29 (chain 2 of 4 for this core): increasing by 528 

Iterations: 528 
|-------------|-------------|-------------|-------------|
|-------------------------------------------------------|

Current time: 2024-11-25 10:34:31
MCMC time 13 mins 

USED COMPONENTS: 24 OF 74 

rel. MC standard error: 0.00819 to 0.0539
eff. sample size: 344 to 14900
needed thinning: 2 to 69
Diagnostics time 0.41 secs 

Total number of iterations 15811 - required further 535 

Chain # 10 - chunk 30 (chain 2 of 4 for this core): increasing by 536 

Iterations: 536 
|-------------|-------------|-------------|-------------|
|-------------------------------------------------------|

Current time: 2024-11-25 10:34:41
MCMC time 13 mins 

USED COMPONENTS: 22 OF 74 

rel. MC standard error: 0.00838 to 0.0537
eff. sample size: 347 to 14300
needed thinning: 2 to 71
Diagnostics time 1 secs 

Total number of iterations 16347 - required further 550 

Chain # 10 - chunk 31 (chain 2 of 4 for this core): increasing by 551 

Iterations: 551 
|-------------|-------------|-------------|-------------|
|-------------------------------------------------------|

Current time: 2024-11-25 10:34:52
MCMC time 13 mins 

USED COMPONENTS: 24 OF 74 

rel. MC standard error: 0.00793 to 0.0535
eff. sample size: 350 to 15900
needed thinning: 2 to 73
Diagnostics time 0.36 secs 

Total number of iterations 16898 - required further 566 

Chain # 10 - chunk 32 (chain 2 of 4 for this core): increasing by 567 

Iterations: 567 
|-------------|-------------|-------------|-------------|
|-------------------------------------------------------|

Current time: 2024-11-25 10:35:03
MCMC time 13 mins 

USED COMPONENTS: 23 OF 74 

rel. MC standard error: 0.00786 to 0.0539
eff. sample size: 345 to 16200
needed thinning: 2 to 77
Diagnostics time 0.42 secs 

Total number of iterations 17465 - required further 597 

Chain # 10 - chunk 33 (chain 2 of 4 for this core): increasing by 598 

Iterations: 598 
|-------------|-------------|-------------|-------------|
|-------------------------------------------------------|

Current time: 2024-11-25 10:35:14
MCMC time 13 mins 

USED COMPONENTS: 22 OF 74 

rel. MC standard error: 0.00782 to 0.0536
eff. sample size: 347 to 16400
needed thinning: 2 to 78
Diagnostics time 0.4 secs 

Total number of iterations 18063 - required further 605 

Chain # 10 - chunk 34 (chain 2 of 4 for this core): increasing by 606 

Iterations: 606 
|-------------|-------------|-------------|-------------|
|-------------------------------------------------------|

Current time: 2024-11-25 10:35:25
MCMC time 14 mins 

USED COMPONENTS: 23 OF 74 

rel. MC standard error: 0.00777 to 0.0531
eff. sample size: 355 to 16600
needed thinning: 2 to 79
Diagnostics time 0.45 secs 

Total number of iterations 18669 - required further 612 

Chain # 10 - chunk 35 (chain 2 of 4 for this core): increasing by 613 

Iterations: 613 
|-------------|-------------|-------------|-------------|
|-------------------------------------------------------|

Current time: 2024-11-25 10:35:38
MCMC time 14 mins 

USED COMPONENTS: 23 OF 74 

rel. MC standard error: 0.00806 to 0.0517
eff. sample size: 374 to 15400
needed thinning: 2 to 78
Diagnostics time 0.42 secs 

Total number of iterations 19282 - required further 605 

Chain # 10 - chunk 36 (chain 2 of 4 for this core): increasing by 606 

Iterations: 606 
|-------------|-------------|-------------|-------------|
|-------------------------------------------------------|

Current time: 2024-11-25 10:35:49
MCMC time 14 mins 

USED COMPONENTS: 23 OF 74 

rel. MC standard error: 0.00735 to 0.0509
eff. sample size: 386 to 18500
needed thinning: 2 to 78
Diagnostics time 0.42 secs 

Total number of iterations 19888 - required further 605 

Chain # 10 - chunk 37 (chain 2 of 4 for this core): increasing by 606 

Iterations: 606 
|-------------|-------------|-------------|-------------|
|-------------------------------------------------------|

Current time: 2024-11-25 10:36:01
MCMC time 14 mins 

USED COMPONENTS: 21 OF 74 

rel. MC standard error: 0.00791 to 0.0507
eff. sample size: 388 to 16000
needed thinning: 2 to 80
Diagnostics time 0.45 secs 

Total number of iterations 20494 - required further 620 

Chain # 10 - chunk 38 (chain 2 of 4 for this core): increasing by 621 

Iterations: 621 
|-------------|-------------|-------------|-------------|
|-------------------------------------------------------|

Current time: 2024-11-25 10:36:12
MCMC time 14 mins 

USED COMPONENTS: 22 OF 74 

rel. MC standard error: 0.00778 to 0.0508
eff. sample size: 388 to 16500
needed thinning: 2 to 82
Diagnostics time 0.44 secs 

Total number of iterations 21115 - required further 636 

Chain # 10 - chunk 39 (chain 2 of 4 for this core): increasing by 637 

Iterations: 637 
|-------------|-------------|-------------|-------------|
|-------------------------------------------------------|

Current time: 2024-11-25 10:36:24
MCMC time 14 mins 

USED COMPONENTS: 21 OF 74 

rel. MC standard error: 0.00759 to 0.0505
eff. sample size: 392 to 17400
needed thinning: 2 to 84
Diagnostics time 0.54 secs 

Total number of iterations 21752 - required further 651 

Chain # 10 - chunk 40 (chain 2 of 4 for this core): increasing by 652 

Iterations: 652 
|-------------|-------------|-------------|-------------|
|-------------------------------------------------------|

Current time: 2024-11-25 10:36:37
MCMC time 15 mins 

USED COMPONENTS: 22 OF 74 

rel. MC standard error: 0.00778 to 0.0505
eff. sample size: 392 to 16500
needed thinning: 3 to 86
Diagnostics time 1.1 secs 

Total number of iterations 22404 - required further 667 

Chain # 10 - chunk 41 (chain 2 of 4 for this core): increasing by 668 

Iterations: 668 
|-------------|-------------|-------------|-------------|
|-------------------------------------------------------|

Current time: 2024-11-25 10:36:50
MCMC time 15 mins 

USED COMPONENTS: 22 OF 74 

rel. MC standard error: 0.00728 to 0.0504
eff. sample size: 394 to 18900
needed thinning: 2 to 88
Diagnostics time 0.46 secs 

Total number of iterations 23072 - required further 682 

Chain # 10 - chunk 42 (chain 2 of 4 for this core): increasing by 683 

Iterations: 683 
|-------------|-------------|-------------|-------------|
|-------------------------------------------------------|

Current time: 2024-11-25 10:37:03
MCMC time 15 mins 

USED COMPONENTS: 22 OF 74 

rel. MC standard error: 0.00717 to 0.0493
eff. sample size: 411 to 19400
needed thinning: 2 to 87
Diagnostics time 0.54 secs 

Total number of iterations 23755 - required further 0 

Keeping last 60 samples with thinning 87 

Plotting traces and samples.

Current time: 2024-11-25 10:37:05
MCMC + diagnostics time 15 mins 

Chain # 11 (chain 3 of 4 for this core)

Datapoints for testing convergence:
 #29 #35 #40 #43 #45 #47 #65 #71 #80 #82 #96 #97 #103 #120 #126 #132 #138 #140 #145 #148 

Iterations: 3600 
|-------------|-------------|-------------|-------------|
|-------------------------------------------------------|

Current time: 2024-11-25 10:38:08
MCMC time 16 mins 

USED COMPONENTS: 26 OF 74 

rel. MC standard error: 0.019 to 0.0724
eff. sample size: 191 to 2770
needed thinning: 2 to 29
Diagnostics time 2.6 secs 

Total number of iterations 3600 - required further 225 

Chain # 11 - chunk 2 (chain 3 of 4 for this core): increasing by 226 

Iterations: 226 
|-------------|-------------|-------------|-------------|
|-------------------------------------------------------|

Current time: 2024-11-25 10:38:16
MCMC time 16 mins 

USED COMPONENTS: 25 OF 74 

rel. MC standard error: 0.0186 to 0.0749
eff. sample size: 178 to 2900
needed thinning: 2 to 33
Diagnostics time 0.22 secs 

Total number of iterations 3826 - required further 256 

Chain # 11 - chunk 3 (chain 3 of 4 for this core): increasing by 257 

Iterations: 257 
|-------------|-------------|-------------|-------------|
|-------------------------------------------------------|

Current time: 2024-11-25 10:38:21
MCMC time 16 mins 

USED COMPONENTS: 24 OF 74 

rel. MC standard error: 0.0179 to 0.0717
eff. sample size: 194 to 3130
needed thinning: 2 to 32
Diagnostics time 0.22 secs 

Total number of iterations 4083 - required further 248 

Chain # 11 - chunk 4 (chain 3 of 4 for this core): increasing by 249 

Iterations: 249 
|-------------|-------------|-------------|-------------|
|-------------------------------------------------------|

Current time: 2024-11-25 10:38:24
MCMC time 16 mins 

USED COMPONENTS: 23 OF 74 

rel. MC standard error: 0.0166 to 0.0722
eff. sample size: 192 to 3650
needed thinning: 2 to 34
Diagnostics time 0.13 secs 

Total number of iterations 4332 - required further 264 

Chain # 11 - chunk 5 (chain 3 of 4 for this core): increasing by 265 

Iterations: 265 
|-------------|-------------|-------------|-------------|
|-------------------------------------------------------|

Current time: 2024-11-25 10:38:28
MCMC time 17 mins 

USED COMPONENTS: 22 OF 74 

rel. MC standard error: 0.0166 to 0.0712
eff. sample size: 197 to 3640
needed thinning: 2 to 35
Diagnostics time 0.27 secs 

Total number of iterations 4597 - required further 272 

Chain # 11 - chunk 6 (chain 3 of 4 for this core): increasing by 273 

Iterations: 273 
|-------------|-------------|-------------|-------------|
|-------------------------------------------------------|

Current time: 2024-11-25 10:38:33
MCMC time 17 mins 

USED COMPONENTS: 24 OF 74 

rel. MC standard error: 0.0152 to 0.0691
eff. sample size: 209 to 4330
needed thinning: 2 to 35
Diagnostics time 0.23 secs 

Total number of iterations 4870 - required further 272 

Chain # 11 - chunk 7 (chain 3 of 4 for this core): increasing by 273 

Iterations: 273 
|-------------|-------------|-------------|-------------|
|-------------------------------------------------------|

Current time: 2024-11-25 10:38:38
MCMC time 17 mins 

USED COMPONENTS: 25 OF 74 

rel. MC standard error: 0.0153 to 0.0703
eff. sample size: 203 to 4260
needed thinning: 2 to 39
Diagnostics time 0.25 secs 

Total number of iterations 5143 - required further 303 

Chain # 11 - chunk 8 (chain 3 of 4 for this core): increasing by 304 

Iterations: 304 
|-------------|-------------|-------------|-------------|
|-------------------------------------------------------|

Current time: 2024-11-25 10:38:44
MCMC time 17 mins 

USED COMPONENTS: 25 OF 74 

rel. MC standard error: 0.0143 to 0.068
eff. sample size: 216 to 4920
needed thinning: 2 to 38
Diagnostics time 0.25 secs 

Total number of iterations 5447 - required further 295 

Chain # 11 - chunk 9 (chain 3 of 4 for this core): increasing by 296 

Iterations: 296 
|-------------|-------------|-------------|-------------|
|-------------------------------------------------------|

Current time: 2024-11-25 10:38:49
MCMC time 17 mins 

USED COMPONENTS: 27 OF 74 

rel. MC standard error: 0.0145 to 0.0669
eff. sample size: 224 to 4760
needed thinning: 2 to 39
Diagnostics time 0.29 secs 

Total number of iterations 5743 - required further 303 

Chain # 11 - chunk 10 (chain 3 of 4 for this core): increasing by 304 

Iterations: 304 
|-------------|-------------|-------------|-------------|
|-------------------------------------------------------|

Current time: 2024-11-25 10:38:55
MCMC time 17 mins 

USED COMPONENTS: 26 OF 74 

rel. MC standard error: 0.0142 to 0.0674
eff. sample size: 220 to 4960
needed thinning: 2 to 42
Diagnostics time 0.31 secs 

Total number of iterations 6047 - required further 326 

Chain # 11 - chunk 11 (chain 3 of 4 for this core): increasing by 327 

Iterations: 327 
|-------------|-------------|-------------|-------------|
|-------------------------------------------------------|

Current time: 2024-11-25 10:39:01
MCMC time 17 mins 

USED COMPONENTS: 26 OF 74 

rel. MC standard error: 0.0142 to 0.0662
eff. sample size: 228 to 4930
needed thinning: 2 to 42
Diagnostics time 0.27 secs 

Total number of iterations 6374 - required further 326 

Chain # 11 - chunk 12 (chain 3 of 4 for this core): increasing by 327 

Iterations: 327 
|-------------|-------------|-------------|-------------|
|-------------------------------------------------------|

Current time: 2024-11-25 10:39:07
MCMC time 17 mins 

USED COMPONENTS: 26 OF 74 

rel. MC standard error: 0.0137 to 0.0661
eff. sample size: 229 to 5350
needed thinning: 2 to 44
Diagnostics time 0.26 secs 

Total number of iterations 6701 - required further 341 

Chain # 11 - chunk 13 (chain 3 of 4 for this core): increasing by 342 

Iterations: 342 
|-------------|-------------|-------------|-------------|
|-------------------------------------------------------|

Current time: 2024-11-25 10:39:14
MCMC time 17 mins 

USED COMPONENTS: 26 OF 74 

rel. MC standard error: 0.0126 to 0.0659
eff. sample size: 230 to 6260
needed thinning: 2 to 46
Diagnostics time 0.34 secs 

Total number of iterations 7043 - required further 357 

Chain # 11 - chunk 14 (chain 3 of 4 for this core): increasing by 358 

Iterations: 358 
|-------------|-------------|-------------|-------------|
|-------------------------------------------------------|

Current time: 2024-11-25 10:39:21
MCMC time 17 mins 

USED COMPONENTS: 26 OF 74 

rel. MC standard error: 0.0127 to 0.0645
eff. sample size: 240 to 6250
needed thinning: 2 to 47
Diagnostics time 0.33 secs 

Total number of iterations 7401 - required further 365 

Chain # 11 - chunk 15 (chain 3 of 4 for this core): increasing by 366 

Iterations: 366 
|-------------|-------------|-------------|-------------|
|-------------------------------------------------------|

Current time: 2024-11-25 10:39:28
MCMC time 18 mins 

USED COMPONENTS: 26 OF 74 

rel. MC standard error: 0.0131 to 0.063
eff. sample size: 252 to 5840
needed thinning: 2 to 47
Diagnostics time 0.33 secs 

Total number of iterations 7767 - required further 365 

Chain # 11 - chunk 16 (chain 3 of 4 for this core): increasing by 366 

Iterations: 366 
|-------------|-------------|-------------|-------------|
|-------------------------------------------------------|

Current time: 2024-11-25 10:39:35
MCMC time 18 mins 

USED COMPONENTS: 26 OF 74 

rel. MC standard error: 0.0119 to 0.062
eff. sample size: 260 to 7090
needed thinning: 2 to 47
Diagnostics time 0.9 secs 

Total number of iterations 8133 - required further 365 

Chain # 11 - chunk 17 (chain 3 of 4 for this core): increasing by 366 

Iterations: 366 
|-------------|-------------|-------------|-------------|
|-------------------------------------------------------|

Current time: 2024-11-25 10:39:42
MCMC time 18 mins 

USED COMPONENTS: 26 OF 74 

rel. MC standard error: 0.0113 to 0.0638
eff. sample size: 245 to 7770
needed thinning: 2 to 52
Diagnostics time 0.26 secs 

Total number of iterations 8499 - required further 403 

Chain # 11 - chunk 18 (chain 3 of 4 for this core): increasing by 404 

Iterations: 404 
|-------------|-------------|-------------|-------------|
|-------------------------------------------------------|

Current time: 2024-11-25 10:39:49
MCMC time 18 mins 

USED COMPONENTS: 25 OF 74 

rel. MC standard error: 0.0119 to 0.0622
eff. sample size: 259 to 7010
needed thinning: 2 to 52
Diagnostics time 0.28 secs 

Total number of iterations 8903 - required further 403 

Chain # 11 - chunk 19 (chain 3 of 4 for this core): increasing by 404 

Iterations: 404 
|-------------|-------------|-------------|-------------|
|-------------------------------------------------------|

Current time: 2024-11-25 10:39:57
MCMC time 18 mins 

USED COMPONENTS: 23 OF 74 

rel. MC standard error: 0.0113 to 0.0602
eff. sample size: 276 to 7900
needed thinning: 2 to 51
Diagnostics time 0.32 secs 

Total number of iterations 9307 - required further 396 

Chain # 11 - chunk 20 (chain 3 of 4 for this core): increasing by 397 

Iterations: 397 
|-------------|-------------|-------------|-------------|
|-------------------------------------------------------|

Current time: 2024-11-25 10:40:05
MCMC time 18 mins 

USED COMPONENTS: 25 OF 74 

rel. MC standard error: 0.00934 to 0.0593
eff. sample size: 285 to 11500
needed thinning: 2 to 52
Diagnostics time 0.28 secs 

Total number of iterations 9704 - required further 403 

Chain # 11 - chunk 21 (chain 3 of 4 for this core): increasing by 404 

Iterations: 404 
|-------------|-------------|-------------|-------------|
|-------------------------------------------------------|

Current time: 2024-11-25 10:40:12
MCMC time 18 mins 

USED COMPONENTS: 25 OF 74 

rel. MC standard error: 0.0104 to 0.0591
eff. sample size: 286 to 9270
needed thinning: 2 to 53
Diagnostics time 0.28 secs 

Total number of iterations 10108 - required further 411 

Chain # 11 - chunk 22 (chain 3 of 4 for this core): increasing by 412 

Iterations: 412 
|-------------|-------------|-------------|-------------|
|-------------------------------------------------------|

Current time: 2024-11-25 10:40:20
MCMC time 18 mins 

USED COMPONENTS: 25 OF 74 

rel. MC standard error: 0.0104 to 0.0598
eff. sample size: 280 to 9260
needed thinning: 2 to 57
Diagnostics time 0.32 secs 

Total number of iterations 10520 - required further 442 

Chain # 11 - chunk 23 (chain 3 of 4 for this core): increasing by 443 

Iterations: 443 
|-------------|-------------|-------------|-------------|
|-------------------------------------------------------|

Current time: 2024-11-25 10:40:28
MCMC time 19 mins 

USED COMPONENTS: 26 OF 74 

rel. MC standard error: 0.0101 to 0.0576
eff. sample size: 302 to 9800
needed thinning: 2 to 55
Diagnostics time 0.35 secs 

Total number of iterations 10963 - required further 427 

Chain # 11 - chunk 24 (chain 3 of 4 for this core): increasing by 428 

Iterations: 428 
|-------------|-------------|-------------|-------------|
|-------------------------------------------------------|

Current time: 2024-11-25 10:40:36
MCMC time 19 mins 

USED COMPONENTS: 27 OF 74 

rel. MC standard error: 0.00988 to 0.0563
eff. sample size: 316 to 10200
needed thinning: 2 to 55
Diagnostics time 0.34 secs 

Total number of iterations 11391 - required further 427 

Chain # 11 - chunk 25 (chain 3 of 4 for this core): increasing by 428 

Iterations: 428 
|-------------|-------------|-------------|-------------|
|-------------------------------------------------------|

Current time: 2024-11-25 10:40:44
MCMC time 19 mins 

USED COMPONENTS: 25 OF 74 

rel. MC standard error: 0.00939 to 0.0561
eff. sample size: 318 to 11300
needed thinning: 2 to 56
Diagnostics time 0.34 secs 

Total number of iterations 11819 - required further 434 

Chain # 11 - chunk 26 (chain 3 of 4 for this core): increasing by 435 

Iterations: 435 
|-------------|-------------|-------------|-------------|
|-------------------------------------------------------|

Current time: 2024-11-25 10:40:53
MCMC time 19 mins 

USED COMPONENTS: 24 OF 74 

rel. MC standard error: 0.00943 to 0.0558
eff. sample size: 322 to 11200
needed thinning: 2 to 58
Diagnostics time 0.33 secs 

Total number of iterations 12254 - required further 450 

Chain # 11 - chunk 27 (chain 3 of 4 for this core): increasing by 451 

Iterations: 451 
|-------------|-------------|-------------|-------------|
|-------------------------------------------------------|

Current time: 2024-11-25 10:41:01
MCMC time 19 mins 

USED COMPONENTS: 24 OF 74 

rel. MC standard error: 0.00897 to 0.0542
eff. sample size: 340 to 12400
needed thinning: 2 to 57
Diagnostics time 0.36 secs 

Total number of iterations 12705 - required further 442 

Chain # 11 - chunk 28 (chain 3 of 4 for this core): increasing by 443 

Iterations: 443 
|-------------|-------------|-------------|-------------|
|-------------------------------------------------------|

Current time: 2024-11-25 10:41:10
MCMC time 19 mins 

USED COMPONENTS: 25 OF 74 

rel. MC standard error: 0.00922 to 0.0556
eff. sample size: 324 to 11800
needed thinning: 2 to 61
Diagnostics time 0.38 secs 

Total number of iterations 13148 - required further 473 

Chain # 11 - chunk 29 (chain 3 of 4 for this core): increasing by 474 

Iterations: 474 
|-------------|-------------|-------------|-------------|
|-------------------------------------------------------|

Current time: 2024-11-25 10:41:19
MCMC time 19 mins 

USED COMPONENTS: 26 OF 74 

rel. MC standard error: 0.00876 to 0.0546
eff. sample size: 335 to 13000
needed thinning: 2 to 61
Diagnostics time 0.39 secs 

Total number of iterations 13622 - required further 473 

Chain # 11 - chunk 30 (chain 3 of 4 for this core): increasing by 474 

Iterations: 474 
|-------------|-------------|-------------|-------------|
|-------------------------------------------------------|

Current time: 2024-11-25 10:41:28
MCMC time 20 mins 

USED COMPONENTS: 25 OF 74 

rel. MC standard error: 0.009 to 0.054
eff. sample size: 343 to 12300
needed thinning: 2 to 62
Diagnostics time 0.33 secs 

Total number of iterations 14096 - required further 481 

Chain # 11 - chunk 31 (chain 3 of 4 for this core): increasing by 482 

Iterations: 482 
|-------------|-------------|-------------|-------------|
|-------------------------------------------------------|

Current time: 2024-11-25 10:41:37
MCMC time 20 mins 

USED COMPONENTS: 25 OF 74 

rel. MC standard error: 0.00832 to 0.0534
eff. sample size: 350 to 14500
needed thinning: 2 to 63
Diagnostics time 0.37 secs 

Total number of iterations 14578 - required further 488 

Chain # 11 - chunk 32 (chain 3 of 4 for this core): increasing by 489 

Iterations: 489 
|-------------|-------------|-------------|-------------|
|-------------------------------------------------------|

Current time: 2024-11-25 10:41:46
MCMC time 20 mins 

USED COMPONENTS: 26 OF 74 

rel. MC standard error: 0.00819 to 0.0527
eff. sample size: 360 to 14900
needed thinning: 2 to 63
Diagnostics time 0.38 secs 

Total number of iterations 15067 - required further 488 

Chain # 11 - chunk 33 (chain 3 of 4 for this core): increasing by 489 

Iterations: 489 
|-------------|-------------|-------------|-------------|
|-------------------------------------------------------|

Current time: 2024-11-25 10:41:56
MCMC time 20 mins 

USED COMPONENTS: 26 OF 74 

rel. MC standard error: 0.00873 to 0.0515
eff. sample size: 376 to 13100
needed thinning: 2 to 62
Diagnostics time 0.4 secs 

Total number of iterations 15556 - required further 481 

Chain # 11 - chunk 34 (chain 3 of 4 for this core): increasing by 482 

Iterations: 482 
|-------------|-------------|-------------|-------------|
|-------------------------------------------------------|

Current time: 2024-11-25 10:42:05
MCMC time 20 mins 

USED COMPONENTS: 24 OF 74 

rel. MC standard error: 0.00874 to 0.0507
eff. sample size: 389 to 13100
needed thinning: 2 to 62
Diagnostics time 0.35 secs 

Total number of iterations 16038 - required further 481 

Chain # 11 - chunk 35 (chain 3 of 4 for this core): increasing by 482 

Iterations: 482 
|-------------|-------------|-------------|-------------|
|-------------------------------------------------------|

Current time: 2024-11-25 10:42:14
MCMC time 20 mins 

USED COMPONENTS: 25 OF 74 

rel. MC standard error: 0.00837 to 0.0502
eff. sample size: 396 to 14300
needed thinning: 2 to 63
Diagnostics time 0.35 secs 

Total number of iterations 16520 - required further 488 

Chain # 11 - chunk 36 (chain 3 of 4 for this core): increasing by 489 

Iterations: 489 
|-------------|-------------|-------------|-------------|
|-------------------------------------------------------|

Current time: 2024-11-25 10:42:23
MCMC time 20 mins 

USED COMPONENTS: 26 OF 74 

rel. MC standard error: 0.00796 to 0.0517
eff. sample size: 374 to 15800
needed thinning: 2 to 69
Diagnostics time 0.41 secs 

Total number of iterations 17009 - required further 535 

Chain # 11 - chunk 37 (chain 3 of 4 for this core): increasing by 536 

Iterations: 536 
|-------------|-------------|-------------|-------------|
|-------------------------------------------------------|

Current time: 2024-11-25 10:42:33
MCMC time 21 mins 

USED COMPONENTS: 26 OF 74 

rel. MC standard error: 0.0082 to 0.0513
eff. sample size: 380 to 14900
needed thinning: 2 to 70
Diagnostics time 0.41 secs 

Total number of iterations 17545 - required further 543 

Chain # 11 - chunk 38 (chain 3 of 4 for this core): increasing by 544 

Iterations: 544 
|-------------|-------------|-------------|-------------|
|-------------------------------------------------------|

Current time: 2024-11-25 10:42:43
MCMC time 21 mins 

USED COMPONENTS: 26 OF 74 

rel. MC standard error: 0.00811 to 0.0507
eff. sample size: 389 to 15200
needed thinning: 2 to 70
Diagnostics time 0.99 secs 

Total number of iterations 18089 - required further 543 

Chain # 11 - chunk 39 (chain 3 of 4 for this core): increasing by 544 

Iterations: 544 
|-------------|-------------|-------------|-------------|
|-------------------------------------------------------|

Current time: 2024-11-25 10:42:54
MCMC time 21 mins 

USED COMPONENTS: 27 OF 74 

rel. MC standard error: 0.00749 to 0.0493
eff. sample size: 412 to 17800
needed thinning: 2 to 68
Diagnostics time 0.36 secs 

Total number of iterations 18633 - required further 0 

Keeping last 60 samples with thinning 68 

Plotting traces and samples.

Current time: 2024-11-25 10:42:56
MCMC + diagnostics time 21 mins 

Chain # 12 (chain 4 of 4 for this core)

Datapoints for testing convergence:
 #40 #41 #44 #68 #69 #85 #86 #92 #93 #108 #112 #119 #123 #126 #127 #133 #135 #139 #144 #146 

Iterations: 3600 
|-------------|-------------|-------------|-------------|
|-------------------------------------------------------|

Current time: 2024-11-25 10:44:00
MCMC time 22 mins 

USED COMPONENTS: 27 OF 74 

rel. MC standard error: 0.0164 to 0.0714
eff. sample size: 196 to 3700
needed thinning: 2 to 28
Diagnostics time 2.5 secs 

Total number of iterations 3600 - required further 217 

Chain # 12 - chunk 2 (chain 4 of 4 for this core): increasing by 218 

Iterations: 218 
|-------------|-------------|-------------|-------------|
|-------------------------------------------------------|

Current time: 2024-11-25 10:44:08
MCMC time 22 mins 

USED COMPONENTS: 26 OF 74 

rel. MC standard error: 0.0154 to 0.0694
eff. sample size: 207 to 4200
needed thinning: 2 to 28
Diagnostics time 0.2 secs 

Total number of iterations 3818 - required further 217 

Chain # 12 - chunk 3 (chain 4 of 4 for this core): increasing by 218 

Iterations: 218 
|-------------|-------------|-------------|-------------|
|-------------------------------------------------------|

Current time: 2024-11-25 10:44:12
MCMC time 22 mins 

USED COMPONENTS: 25 OF 74 

rel. MC standard error: 0.0157 to 0.068
eff. sample size: 216 to 4060
needed thinning: 2 to 29
Diagnostics time 0.2 secs 

Total number of iterations 4036 - required further 225 

Chain # 12 - chunk 4 (chain 4 of 4 for this core): increasing by 226 

Iterations: 226 
|-------------|-------------|-------------|-------------|
|-------------------------------------------------------|

Current time: 2024-11-25 10:44:16
MCMC time 22 mins 

USED COMPONENTS: 27 OF 74 

rel. MC standard error: 0.0147 to 0.0657
eff. sample size: 232 to 4630
needed thinning: 2 to 28
Diagnostics time 0.24 secs 

Total number of iterations 4262 - required further 217 

Chain # 12 - chunk 5 (chain 4 of 4 for this core): increasing by 218 

Iterations: 218 
|-------------|-------------|-------------|-------------|
|-------------------------------------------------------|

Current time: 2024-11-25 10:44:21
MCMC time 22 mins 

USED COMPONENTS: 26 OF 74 

rel. MC standard error: 0.0143 to 0.0654
eff. sample size: 234 to 4920
needed thinning: 2 to 29
Diagnostics time 0.19 secs 

Total number of iterations 4480 - required further 225 

Chain # 12 - chunk 6 (chain 4 of 4 for this core): increasing by 226 

Iterations: 226 
|-------------|-------------|-------------|-------------|
|-------------------------------------------------------|

Current time: 2024-11-25 10:44:23
MCMC time 22 mins 

USED COMPONENTS: 25 OF 74 

rel. MC standard error: 0.0143 to 0.0616
eff. sample size: 263 to 4870
needed thinning: 2 to 27
Diagnostics time 0.088 secs 

Total number of iterations 4706 - required further 210 

Chain # 12 - chunk 7 (chain 4 of 4 for this core): increasing by 211 

Iterations: 211 
|-------------|-------------|-------------|-------------|
|-------------------------------------------------------|

Current time: 2024-11-25 10:44:26
MCMC time 23 mins 

USED COMPONENTS: 25 OF 74 

rel. MC standard error: 0.0138 to 0.0598
eff. sample size: 280 to 5240
needed thinning: 2 to 27
Diagnostics time 0.084 secs 

Total number of iterations 4917 - required further 210 

Chain # 12 - chunk 8 (chain 4 of 4 for this core): increasing by 211 

Iterations: 211 
|-------------|-------------|-------------|-------------|
|-------------------------------------------------------|

Current time: 2024-11-25 10:44:28
MCMC time 23 mins 

USED COMPONENTS: 25 OF 74 

rel. MC standard error: 0.0152 to 0.0577
eff. sample size: 300 to 4310
needed thinning: 2 to 26
Diagnostics time 0.11 secs 

Total number of iterations 5128 - required further 202 

Chain # 12 - chunk 9 (chain 4 of 4 for this core): increasing by 203 

Iterations: 203 
|-------------|-------------|-------------|-------------|
|-------------------------------------------------------|

Current time: 2024-11-25 10:44:31
MCMC time 23 mins 

USED COMPONENTS: 24 OF 74 

rel. MC standard error: 0.0147 to 0.0587
eff. sample size: 290 to 4620
needed thinning: 2 to 28
Diagnostics time 0.11 secs 

Total number of iterations 5331 - required further 217 

Chain # 12 - chunk 10 (chain 4 of 4 for this core): increasing by 218 

Iterations: 218 
|-------------|-------------|-------------|-------------|
|-------------------------------------------------------|

Current time: 2024-11-25 10:44:33
MCMC time 23 mins 

USED COMPONENTS: 24 OF 74 

rel. MC standard error: 0.014 to 0.0559
eff. sample size: 320 to 5130
needed thinning: 2 to 27
Diagnostics time 0.12 secs 

Total number of iterations 5549 - required further 210 

Chain # 12 - chunk 11 (chain 4 of 4 for this core): increasing by 211 

Iterations: 211 
|-------------|-------------|-------------|-------------|
|-------------------------------------------------------|

Current time: 2024-11-25 10:44:36
MCMC time 23 mins 

USED COMPONENTS: 25 OF 74 

rel. MC standard error: 0.0137 to 0.0564
eff. sample size: 314 to 5340
needed thinning: 2 to 28
Diagnostics time 0.13 secs 

Total number of iterations 5760 - required further 217 

Chain # 12 - chunk 12 (chain 4 of 4 for this core): increasing by 218 

Iterations: 218 
|-------------|-------------|-------------|-------------|
|-------------------------------------------------------|

Current time: 2024-11-25 10:44:38
MCMC time 23 mins 

USED COMPONENTS: 25 OF 74 

rel. MC standard error: 0.0138 to 0.0545
eff. sample size: 336 to 5280
needed thinning: 2 to 27
Diagnostics time 0.12 secs 

Total number of iterations 5978 - required further 210 

Chain # 12 - chunk 13 (chain 4 of 4 for this core): increasing by 211 

Iterations: 211 
|-------------|-------------|-------------|-------------|
|-------------------------------------------------------|

Current time: 2024-11-25 10:44:41
MCMC time 23 mins 

USED COMPONENTS: 26 OF 74 

rel. MC standard error: 0.0143 to 0.0538
eff. sample size: 346 to 4920
needed thinning: 2 to 27
Diagnostics time 0.11 secs 

Total number of iterations 6189 - required further 210 

Chain # 12 - chunk 14 (chain 4 of 4 for this core): increasing by 211 

Iterations: 211 
|-------------|-------------|-------------|-------------|
|-------------------------------------------------------|

Current time: 2024-11-25 10:44:43
MCMC time 23 mins 

USED COMPONENTS: 26 OF 74 

rel. MC standard error: 0.0125 to 0.0535
eff. sample size: 349 to 6440
needed thinning: 2 to 28
Diagnostics time 0.11 secs 

Total number of iterations 6400 - required further 217 

Chain # 12 - chunk 15 (chain 4 of 4 for this core): increasing by 218 

Iterations: 218 
|-------------|-------------|-------------|-------------|
|-------------------------------------------------------|

Current time: 2024-11-25 10:44:45
MCMC time 23 mins 

USED COMPONENTS: 25 OF 74 

rel. MC standard error: 0.0136 to 0.0529
eff. sample size: 357 to 5430
needed thinning: 2 to 28
Diagnostics time 0.12 secs 

Total number of iterations 6618 - required further 217 

Chain # 12 - chunk 16 (chain 4 of 4 for this core): increasing by 218 

Iterations: 218 
|-------------|-------------|-------------|-------------|
|-------------------------------------------------------|

Current time: 2024-11-25 10:44:48
MCMC time 23 mins 

USED COMPONENTS: 25 OF 74 

rel. MC standard error: 0.0122 to 0.0529
eff. sample size: 357 to 6770
needed thinning: 2 to 29
Diagnostics time 0.12 secs 

Total number of iterations 6836 - required further 225 

Chain # 12 - chunk 17 (chain 4 of 4 for this core): increasing by 226 

Iterations: 226 
|-------------|-------------|-------------|-------------|
|-------------------------------------------------------|

Current time: 2024-11-25 10:44:51
MCMC time 23 mins 

USED COMPONENTS: 24 OF 74 

rel. MC standard error: 0.0128 to 0.0509
eff. sample size: 385 to 6140
needed thinning: 2 to 28
Diagnostics time 0.17 secs 

Total number of iterations 7062 - required further 217 

Chain # 12 - chunk 18 (chain 4 of 4 for this core): increasing by 218 

Iterations: 218 
|-------------|-------------|-------------|-------------|
|-------------------------------------------------------|

Current time: 2024-11-25 10:44:53
MCMC time 23 mins 

USED COMPONENTS: 25 OF 74 

rel. MC standard error: 0.0136 to 0.0511
eff. sample size: 383 to 5390
needed thinning: 3 to 29
Diagnostics time 0.12 secs 

Total number of iterations 7280 - required further 225 

Chain # 12 - chunk 19 (chain 4 of 4 for this core): increasing by 226 

Iterations: 226 
|-------------|-------------|-------------|-------------|
|-------------------------------------------------------|

Current time: 2024-11-25 10:44:56
MCMC time 23 mins 

USED COMPONENTS: 27 OF 74 

rel. MC standard error: 0.0134 to 0.0507
eff. sample size: 388 to 5550
needed thinning: 3 to 29
Diagnostics time 0.13 secs 

Total number of iterations 7506 - required further 225 

Chain # 12 - chunk 20 (chain 4 of 4 for this core): increasing by 226 

Iterations: 226 
|-------------|-------------|-------------|-------------|
|-------------------------------------------------------|

Current time: 2024-11-25 10:44:58
MCMC time 23 mins 

USED COMPONENTS: 28 OF 74 

rel. MC standard error: 0.0121 to 0.05
eff. sample size: 400 to 6890
needed thinning: 2 to 30
Diagnostics time 0.12 secs 

Total number of iterations 7732 - required further 233 

Chain # 12 - chunk 21 (chain 4 of 4 for this core): increasing by 234 

Iterations: 234 
|-------------|-------------|-------------|-------------|
|-------------------------------------------------------|

Current time: 2024-11-25 10:45:01
MCMC time 23 mins 

USED COMPONENTS: 27 OF 74 

rel. MC standard error: 0.0124 to 0.0479
eff. sample size: 437 to 6450
needed thinning: 2 to 28
Diagnostics time 0.12 secs 

Total number of iterations 7966 - required further 0 

Keeping last 60 samples with thinning 28 

Plotting traces and samples.

Current time: 2024-11-25 10:45:02
MCMC + diagnostics time 23 mins 

Current time: 2024-11-25 10:45:02
Total time 23 mins 
loaded inferno and set parent environment
loaded inferno and set parent environment
loaded inferno and set parent environment
loaded inferno and set parent environment
