Log core 1 - Current time: 2024-11-25 10:20:10
Defining model
Building model
Setting data and initial values
Running calculate on model
  [Note] Any error reports that follow may simply reflect missing values in model variables.
Checking model sizes and dimensions
Compiling
  [Note] This may take a minute.
  [Note] Use 'showCompilerOutput = TRUE' to see C++ compilation details.
===== Monitors =====
thin = 1: Bprob, Rmean, Rvar, W
thin2 = 1: K
===== Samplers =====
conjugate sampler (519)
  - Rmean[]  (148 elements)
  - Rrate[]  (148 elements)
  - Bprob[]  (74 elements)
  - Rvar[]  (148 elements)
  - W[1:74] 
categorical sampler (151)
  - Alpha
  - K[]  (150 elements)
===== Monitors =====
thin = 1: Bprob, Rmean, Rvar, W
thin2 = 1: K
===== Samplers =====
slice sampler (151)
  - Alpha
  - K[]  (150 elements)
conjugate sampler (519)
  - Rmean[]  (148 elements)
  - Rrate[]  (148 elements)
  - Bprob[]  (74 elements)
  - Rvar[]  (148 elements)
  - W[1:74] 
Compiling
  [Note] This may take a minute.
  [Note] Use 'showCompilerOutput = TRUE' to see C++ compilation details.

Setup time 1.8 mins 

Chain # 1 (chain 1 of 4 for this core)

Datapoints for testing convergence:
 #4 #10 #21 #35 #39 #43 #45 #47 #62 #63 #77 #86 #87 #88 #92 #108 #118 #119 #124 #133 

Iterations: 3600 
|-------------|-------------|-------------|-------------|
|-------------------------------------------------------|

Current time: 2024-11-25 10:23:03
MCMC time 1.1 mins 

USED COMPONENTS: 27 OF 74 

rel. MC standard error: 0.0231 to 0.0798
eff. sample size: 157 to 1870
needed thinning: 3 to 35
Diagnostics time 3.7 secs 

Total number of iterations 3600 - required further 272 

Chain # 1 - chunk 2 (chain 1 of 4 for this core): increasing by 273 

Iterations: 273 
|-------------|-------------|-------------|-------------|
|-------------------------------------------------------|

Current time: 2024-11-25 10:23:14
MCMC time 1.3 mins 

USED COMPONENTS: 25 OF 74 

rel. MC standard error: 0.0216 to 0.0767
eff. sample size: 170 to 2130
needed thinning: 3 to 35
Diagnostics time 0.24 secs 

Total number of iterations 3873 - required further 272 

Chain # 1 - chunk 3 (chain 1 of 4 for this core): increasing by 273 

Iterations: 273 
|-------------|-------------|-------------|-------------|
|-------------------------------------------------------|

Current time: 2024-11-25 10:23:19
MCMC time 1.4 mins 

USED COMPONENTS: 25 OF 74 

rel. MC standard error: 0.0223 to 0.0757
eff. sample size: 174 to 2010
needed thinning: 4 to 36
Diagnostics time 0.23 secs 

Total number of iterations 4146 - required further 279 

Chain # 1 - chunk 4 (chain 1 of 4 for this core): increasing by 280 

Iterations: 280 
|-------------|-------------|-------------|-------------|
|-------------------------------------------------------|

Current time: 2024-11-25 10:23:25
MCMC time 1.5 mins 

USED COMPONENTS: 26 OF 74 

rel. MC standard error: 0.0208 to 0.0765
eff. sample size: 171 to 2320
needed thinning: 3 to 39
Diagnostics time 0.21 secs 

Total number of iterations 4426 - required further 303 

Chain # 1 - chunk 5 (chain 1 of 4 for this core): increasing by 304 

Iterations: 304 
|-------------|-------------|-------------|-------------|
|-------------------------------------------------------|

Current time: 2024-11-25 10:23:30
MCMC time 1.6 mins 

USED COMPONENTS: 26 OF 74 

rel. MC standard error: 0.0185 to 0.0753
eff. sample size: 176 to 2920
needed thinning: 3 to 41
Diagnostics time 0.3 secs 

Total number of iterations 4730 - required further 318 

Chain # 1 - chunk 6 (chain 1 of 4 for this core): increasing by 319 

Iterations: 319 
|-------------|-------------|-------------|-------------|
|-------------------------------------------------------|

Current time: 2024-11-25 10:23:37
MCMC time 1.7 mins 

USED COMPONENTS: 25 OF 74 

rel. MC standard error: 0.0188 to 0.0718
eff. sample size: 194 to 2830
needed thinning: 3 to 40
Diagnostics time 0.23 secs 

Total number of iterations 5049 - required further 310 

Chain # 1 - chunk 7 (chain 1 of 4 for this core): increasing by 311 

Iterations: 311 
|-------------|-------------|-------------|-------------|
|-------------------------------------------------------|

Current time: 2024-11-25 10:23:43
MCMC time 1.8 mins 

USED COMPONENTS: 28 OF 74 

rel. MC standard error: 0.0179 to 0.0695
eff. sample size: 207 to 3110
needed thinning: 3 to 39
Diagnostics time 0.27 secs 

Total number of iterations 5360 - required further 303 

Chain # 1 - chunk 8 (chain 1 of 4 for this core): increasing by 304 

Iterations: 304 
|-------------|-------------|-------------|-------------|
|-------------------------------------------------------|

Current time: 2024-11-25 10:23:49
MCMC time 1.9 mins 

USED COMPONENTS: 24 OF 74 

rel. MC standard error: 0.0173 to 0.0701
eff. sample size: 204 to 3350
needed thinning: 3 to 42
Diagnostics time 0.25 secs 

Total number of iterations 5664 - required further 326 

Chain # 1 - chunk 9 (chain 1 of 4 for this core): increasing by 327 

Iterations: 327 
|-------------|-------------|-------------|-------------|
|-------------------------------------------------------|

Current time: 2024-11-25 10:23:55
MCMC time 2 mins 

USED COMPONENTS: 23 OF 74 

rel. MC standard error: 0.0171 to 0.0687
eff. sample size: 212 to 3420
needed thinning: 3 to 43
Diagnostics time 0.34 secs 

Total number of iterations 5991 - required further 334 

Chain # 1 - chunk 10 (chain 1 of 4 for this core): increasing by 335 

Iterations: 335 
|-------------|-------------|-------------|-------------|
|-------------------------------------------------------|

Current time: 2024-11-25 10:24:02
MCMC time 2.1 mins 

USED COMPONENTS: 24 OF 74 

rel. MC standard error: 0.0177 to 0.0622
eff. sample size: 258 to 3200
needed thinning: 3 to 37
Diagnostics time 0.84 secs 

Total number of iterations 6326 - required further 287 

Chain # 1 - chunk 11 (chain 1 of 4 for this core): increasing by 288 

Iterations: 288 
|-------------|-------------|-------------|-------------|
|-------------------------------------------------------|

Current time: 2024-11-25 10:24:08
MCMC time 2.2 mins 

USED COMPONENTS: 24 OF 74 

rel. MC standard error: 0.0171 to 0.0601
eff. sample size: 277 to 3420
needed thinning: 3 to 36
Diagnostics time 0.22 secs 

Total number of iterations 6614 - required further 279 

Chain # 1 - chunk 12 (chain 1 of 4 for this core): increasing by 280 

Iterations: 280 
|-------------|-------------|-------------|-------------|
|-------------------------------------------------------|

Current time: 2024-11-25 10:24:14
MCMC time 2.3 mins 

USED COMPONENTS: 25 OF 74 

rel. MC standard error: 0.0176 to 0.0587
eff. sample size: 290 to 3230
needed thinning: 4 to 36
Diagnostics time 0.23 secs 

Total number of iterations 6894 - required further 279 

Chain # 1 - chunk 13 (chain 1 of 4 for this core): increasing by 280 

Iterations: 280 
|-------------|-------------|-------------|-------------|
|-------------------------------------------------------|

Current time: 2024-11-25 10:24:19
MCMC time 2.4 mins 

USED COMPONENTS: 24 OF 74 

rel. MC standard error: 0.0163 to 0.0577
eff. sample size: 301 to 3780
needed thinning: 3 to 36
Diagnostics time 0.21 secs 

Total number of iterations 7174 - required further 279 

Chain # 1 - chunk 14 (chain 1 of 4 for this core): increasing by 280 

Iterations: 280 
|-------------|-------------|-------------|-------------|
|-------------------------------------------------------|

Current time: 2024-11-25 10:24:25
MCMC time 2.5 mins 

USED COMPONENTS: 24 OF 74 

rel. MC standard error: 0.0154 to 0.0554
eff. sample size: 326 to 4240
needed thinning: 3 to 35
Diagnostics time 0.22 secs 

Total number of iterations 7454 - required further 272 

Chain # 1 - chunk 15 (chain 1 of 4 for this core): increasing by 273 

Iterations: 273 
|-------------|-------------|-------------|-------------|
|-------------------------------------------------------|

Current time: 2024-11-25 10:24:30
MCMC time 2.6 mins 

USED COMPONENTS: 22 OF 74 

rel. MC standard error: 0.0148 to 0.0549
eff. sample size: 331 to 4570
needed thinning: 3 to 35
Diagnostics time 0.28 secs 

Total number of iterations 7727 - required further 272 

Chain # 1 - chunk 16 (chain 1 of 4 for this core): increasing by 273 

Iterations: 273 
|-------------|-------------|-------------|-------------|
|-------------------------------------------------------|

Current time: 2024-11-25 10:24:35
MCMC time 2.6 mins 

USED COMPONENTS: 22 OF 74 

rel. MC standard error: 0.0144 to 0.0544
eff. sample size: 338 to 4810
needed thinning: 3 to 36
Diagnostics time 0.2 secs 

Total number of iterations 8000 - required further 279 

Chain # 1 - chunk 17 (chain 1 of 4 for this core): increasing by 280 

Iterations: 280 
|-------------|-------------|-------------|-------------|
|-------------------------------------------------------|

Current time: 2024-11-25 10:24:40
MCMC time 2.7 mins 

USED COMPONENTS: 23 OF 74 

rel. MC standard error: 0.015 to 0.0539
eff. sample size: 344 to 4430
needed thinning: 3 to 37
Diagnostics time 0.22 secs 

Total number of iterations 8280 - required further 287 

Chain # 1 - chunk 18 (chain 1 of 4 for this core): increasing by 288 

Iterations: 288 
|-------------|-------------|-------------|-------------|
|-------------------------------------------------------|

Current time: 2024-11-25 10:24:46
MCMC time 2.8 mins 

USED COMPONENTS: 22 OF 74 

rel. MC standard error: 0.0139 to 0.0537
eff. sample size: 347 to 5200
needed thinning: 3 to 38
Diagnostics time 0.25 secs 

Total number of iterations 8568 - required further 295 

Chain # 1 - chunk 19 (chain 1 of 4 for this core): increasing by 296 

Iterations: 296 
|-------------|-------------|-------------|-------------|
|-------------------------------------------------------|

Current time: 2024-11-25 10:24:51
MCMC time 2.9 mins 

USED COMPONENTS: 22 OF 74 

rel. MC standard error: 0.0139 to 0.0514
eff. sample size: 379 to 5140
needed thinning: 3 to 36
Diagnostics time 0.24 secs 

Total number of iterations 8864 - required further 279 

Chain # 1 - chunk 20 (chain 1 of 4 for this core): increasing by 280 

Iterations: 280 
|-------------|-------------|-------------|-------------|
|-------------------------------------------------------|

Current time: 2024-11-25 10:24:57
MCMC time 3 mins 

USED COMPONENTS: 23 OF 74 

rel. MC standard error: 0.0137 to 0.0519
eff. sample size: 372 to 5340
needed thinning: 3 to 37
Diagnostics time 0.22 secs 

Total number of iterations 9144 - required further 287 

Chain # 1 - chunk 21 (chain 1 of 4 for this core): increasing by 288 

Iterations: 288 
|-------------|-------------|-------------|-------------|
|-------------------------------------------------------|

Current time: 2024-11-25 10:25:02
MCMC time 3.1 mins 

USED COMPONENTS: 19 OF 74 

rel. MC standard error: 0.0134 to 0.0507
eff. sample size: 389 to 5560
needed thinning: 3 to 37
Diagnostics time 0.24 secs 

Total number of iterations 9432 - required further 287 

Chain # 1 - chunk 22 (chain 1 of 4 for this core): increasing by 288 

Iterations: 288 
|-------------|-------------|-------------|-------------|
|-------------------------------------------------------|

Current time: 2024-11-25 10:25:08
MCMC time 3.2 mins 

USED COMPONENTS: 20 OF 74 

rel. MC standard error: 0.012 to 0.0505
eff. sample size: 392 to 6940
needed thinning: 3 to 38
Diagnostics time 0.27 secs 

Total number of iterations 9720 - required further 295 

Chain # 1 - chunk 23 (chain 1 of 4 for this core): increasing by 296 

Iterations: 296 
|-------------|-------------|-------------|-------------|
|-------------------------------------------------------|

Current time: 2024-11-25 10:25:14
MCMC time 3.3 mins 

USED COMPONENTS: 19 OF 74 

rel. MC standard error: 0.0126 to 0.0502
eff. sample size: 396 to 6300
needed thinning: 3 to 38
Diagnostics time 0.26 secs 

Total number of iterations 10016 - required further 295 

Chain # 1 - chunk 24 (chain 1 of 4 for this core): increasing by 296 

Iterations: 296 
|-------------|-------------|-------------|-------------|
|-------------------------------------------------------|

Current time: 2024-11-25 10:25:19
MCMC time 3.4 mins 

USED COMPONENTS: 19 OF 74 

rel. MC standard error: 0.0122 to 0.0502
eff. sample size: 396 to 6680
needed thinning: 3 to 40
Diagnostics time 0.25 secs 

Total number of iterations 10312 - required further 310 

Chain # 1 - chunk 25 (chain 1 of 4 for this core): increasing by 311 

Iterations: 311 
|-------------|-------------|-------------|-------------|
|-------------------------------------------------------|

Current time: 2024-11-25 10:25:26
MCMC time 3.5 mins 

USED COMPONENTS: 20 OF 74 

rel. MC standard error: 0.012 to 0.0495
eff. sample size: 408 to 6930
needed thinning: 3 to 40
Diagnostics time 0.8 secs 

Total number of iterations 10623 - required further 0 

Keeping last 60 samples with thinning 40 

Plotting traces and samples.

Current time: 2024-11-25 10:25:27
MCMC + diagnostics time 3.5 mins 

Chain # 2 (chain 2 of 4 for this core)

Datapoints for testing convergence:
 #21 #24 #29 #34 #40 #50 #54 #59 #65 #77 #78 #87 #91 #94 #100 #122 #124 #132 #135 #137 

Iterations: 3600 
|-------------|-------------|-------------|-------------|
|-------------------------------------------------------|

Current time: 2024-11-25 10:26:33
MCMC time 4.6 mins 

USED COMPONENTS: 22 OF 74 

rel. MC standard error: 0.0166 to 0.0682
eff. sample size: 215 to 3630
needed thinning: 2 to 26
Diagnostics time 3.5 secs 

Total number of iterations 3600 - required further 202 

Chain # 2 - chunk 2 (chain 2 of 4 for this core): increasing by 203 

Iterations: 203 
|-------------|-------------|-------------|-------------|
|-------------------------------------------------------|

Current time: 2024-11-25 10:26:41
MCMC time 4.7 mins 

USED COMPONENTS: 24 OF 74 

rel. MC standard error: 0.0168 to 0.0678
eff. sample size: 218 to 3560
needed thinning: 2 to 27
Diagnostics time 0.15 secs 

Total number of iterations 3803 - required further 210 

Chain # 2 - chunk 3 (chain 2 of 4 for this core): increasing by 211 

Iterations: 211 
|-------------|-------------|-------------|-------------|
|-------------------------------------------------------|

Current time: 2024-11-25 10:26:45
MCMC time 4.8 mins 

USED COMPONENTS: 22 OF 74 

rel. MC standard error: 0.0152 to 0.0666
eff. sample size: 226 to 4330
needed thinning: 2 to 27
Diagnostics time 0.14 secs 

Total number of iterations 4014 - required further 210 

Chain # 2 - chunk 4 (chain 2 of 4 for this core): increasing by 211 

Iterations: 211 
|-------------|-------------|-------------|-------------|
|-------------------------------------------------------|

Current time: 2024-11-25 10:26:49
MCMC time 4.9 mins 

USED COMPONENTS: 22 OF 74 

rel. MC standard error: 0.0152 to 0.0626
eff. sample size: 255 to 4330
needed thinning: 2 to 25
Diagnostics time 0.18 secs 

Total number of iterations 4225 - required further 194 

Chain # 2 - chunk 5 (chain 2 of 4 for this core): increasing by 195 

Iterations: 195 
|-------------|-------------|-------------|-------------|
|-------------------------------------------------------|

Current time: 2024-11-25 10:26:53
MCMC time 4.9 mins 

USED COMPONENTS: 20 OF 74 

rel. MC standard error: 0.0149 to 0.0615
eff. sample size: 265 to 4530
needed thinning: 2 to 26
Diagnostics time 0.18 secs 

Total number of iterations 4420 - required further 202 

Chain # 2 - chunk 6 (chain 2 of 4 for this core): increasing by 203 

Iterations: 203 
|-------------|-------------|-------------|-------------|
|-------------------------------------------------------|

Current time: 2024-11-25 10:26:57
MCMC time 5 mins 

USED COMPONENTS: 20 OF 74 

rel. MC standard error: 0.0156 to 0.0589
eff. sample size: 289 to 4100
needed thinning: 2 to 25
Diagnostics time 0.19 secs 

Total number of iterations 4623 - required further 194 

Chain # 2 - chunk 7 (chain 2 of 4 for this core): increasing by 195 

Iterations: 195 
|-------------|-------------|-------------|-------------|
|-------------------------------------------------------|

Current time: 2024-11-25 10:27:01
MCMC time 5.1 mins 

USED COMPONENTS: 19 OF 74 

rel. MC standard error: 0.0158 to 0.058
eff. sample size: 297 to 4020
needed thinning: 2 to 25
Diagnostics time 0.19 secs 

Total number of iterations 4818 - required further 194 

Chain # 2 - chunk 8 (chain 2 of 4 for this core): increasing by 195 

Iterations: 195 
|-------------|-------------|-------------|-------------|
|-------------------------------------------------------|

Current time: 2024-11-25 10:27:05
MCMC time 5.1 mins 

USED COMPONENTS: 20 OF 74 

rel. MC standard error: 0.0136 to 0.057
eff. sample size: 307 to 5370
needed thinning: 2 to 25
Diagnostics time 0.17 secs 

Total number of iterations 5013 - required further 194 

Chain # 2 - chunk 9 (chain 2 of 4 for this core): increasing by 195 

Iterations: 195 
|-------------|-------------|-------------|-------------|
|-------------------------------------------------------|

Current time: 2024-11-25 10:27:08
MCMC time 5.2 mins 

USED COMPONENTS: 20 OF 74 

rel. MC standard error: 0.0131 to 0.0629
eff. sample size: 253 to 5830
needed thinning: 2 to 31
Diagnostics time 0.16 secs 

Total number of iterations 5208 - required further 241 

Chain # 2 - chunk 10 (chain 2 of 4 for this core): increasing by 242 

Iterations: 242 
|-------------|-------------|-------------|-------------|
|-------------------------------------------------------|

Current time: 2024-11-25 10:27:13
MCMC time 5.3 mins 

USED COMPONENTS: 19 OF 74 

rel. MC standard error: 0.0142 to 0.0602
eff. sample size: 276 to 4980
needed thinning: 2 to 30
Diagnostics time 0.2 secs 

Total number of iterations 5450 - required further 233 

Chain # 2 - chunk 11 (chain 2 of 4 for this core): increasing by 234 

Iterations: 234 
|-------------|-------------|-------------|-------------|
|-------------------------------------------------------|

Current time: 2024-11-25 10:27:18
MCMC time 5.3 mins 

USED COMPONENTS: 19 OF 74 

rel. MC standard error: 0.0133 to 0.06
eff. sample size: 277 to 5680
needed thinning: 2 to 31
Diagnostics time 0.21 secs 

Total number of iterations 5684 - required further 241 

Chain # 2 - chunk 12 (chain 2 of 4 for this core): increasing by 242 

Iterations: 242 
|-------------|-------------|-------------|-------------|
|-------------------------------------------------------|

Current time: 2024-11-25 10:27:22
MCMC time 5.4 mins 

USED COMPONENTS: 18 OF 74 

rel. MC standard error: 0.0128 to 0.0578
eff. sample size: 299 to 6100
needed thinning: 2 to 30
Diagnostics time 0.22 secs 

Total number of iterations 5926 - required further 233 

Chain # 2 - chunk 13 (chain 2 of 4 for this core): increasing by 234 

Iterations: 234 
|-------------|-------------|-------------|-------------|
|-------------------------------------------------------|

Current time: 2024-11-25 10:27:27
MCMC time 5.5 mins 

USED COMPONENTS: 18 OF 74 

rel. MC standard error: 0.0129 to 0.058
eff. sample size: 297 to 6050
needed thinning: 2 to 32
Diagnostics time 0.24 secs 

Total number of iterations 6160 - required further 248 

Chain # 2 - chunk 14 (chain 2 of 4 for this core): increasing by 249 

Iterations: 249 
|-------------|-------------|-------------|-------------|
|-------------------------------------------------------|

Current time: 2024-11-25 10:27:32
MCMC time 5.6 mins 

USED COMPONENTS: 19 OF 74 

rel. MC standard error: 0.0122 to 0.0557
eff. sample size: 323 to 6700
needed thinning: 2 to 30
Diagnostics time 0.24 secs 

Total number of iterations 6409 - required further 233 

Chain # 2 - chunk 15 (chain 2 of 4 for this core): increasing by 234 

Iterations: 234 
|-------------|-------------|-------------|-------------|
|-------------------------------------------------------|

Current time: 2024-11-25 10:27:36
MCMC time 5.7 mins 

USED COMPONENTS: 19 OF 74 

rel. MC standard error: 0.0127 to 0.0542
eff. sample size: 340 to 6180
needed thinning: 2 to 30
Diagnostics time 0.19 secs 

Total number of iterations 6643 - required further 233 

Chain # 2 - chunk 16 (chain 2 of 4 for this core): increasing by 234 

Iterations: 234 
|-------------|-------------|-------------|-------------|
|-------------------------------------------------------|

Current time: 2024-11-25 10:27:41
MCMC time 5.7 mins 

USED COMPONENTS: 19 OF 74 

rel. MC standard error: 0.0128 to 0.0548
eff. sample size: 333 to 6110
needed thinning: 2 to 31
Diagnostics time 0.19 secs 

Total number of iterations 6877 - required further 241 

Chain # 2 - chunk 17 (chain 2 of 4 for this core): increasing by 242 

Iterations: 242 
|-------------|-------------|-------------|-------------|
|-------------------------------------------------------|

Current time: 2024-11-25 10:27:45
MCMC time 5.8 mins 

USED COMPONENTS: 19 OF 74 

rel. MC standard error: 0.0117 to 0.0541
eff. sample size: 342 to 7250
needed thinning: 2 to 32
Diagnostics time 0.19 secs 

Total number of iterations 7119 - required further 248 

Chain # 2 - chunk 18 (chain 2 of 4 for this core): increasing by 249 

Iterations: 249 
|-------------|-------------|-------------|-------------|
|-------------------------------------------------------|

Current time: 2024-11-25 10:27:50
MCMC time 5.9 mins 

USED COMPONENTS: 19 OF 74 

rel. MC standard error: 0.0122 to 0.0542
eff. sample size: 340 to 6720
needed thinning: 2 to 33
Diagnostics time 0.23 secs 

Total number of iterations 7368 - required further 256 

Chain # 2 - chunk 19 (chain 2 of 4 for this core): increasing by 257 

Iterations: 257 
|-------------|-------------|-------------|-------------|
|-------------------------------------------------------|

Current time: 2024-11-25 10:27:55
MCMC time 6 mins 

USED COMPONENTS: 19 OF 74 

rel. MC standard error: 0.0118 to 0.0534
eff. sample size: 351 to 7170
needed thinning: 2 to 33
Diagnostics time 0.24 secs 

Total number of iterations 7625 - required further 256 

Chain # 2 - chunk 20 (chain 2 of 4 for this core): increasing by 257 

Iterations: 257 
|-------------|-------------|-------------|-------------|
|-------------------------------------------------------|

Current time: 2024-11-25 10:28:00
MCMC time 6.1 mins 

USED COMPONENTS: 20 OF 74 

rel. MC standard error: 0.0116 to 0.0522
eff. sample size: 367 to 7390
needed thinning: 2 to 33
Diagnostics time 0.82 secs 

Total number of iterations 7882 - required further 256 

Chain # 2 - chunk 21 (chain 2 of 4 for this core): increasing by 257 

Iterations: 257 
|-------------|-------------|-------------|-------------|
|-------------------------------------------------------|

Current time: 2024-11-25 10:28:06
MCMC time 6.1 mins 

USED COMPONENTS: 20 OF 74 

rel. MC standard error: 0.0107 to 0.0509
eff. sample size: 386 to 8660
needed thinning: 2 to 32
Diagnostics time 0.22 secs 

Total number of iterations 8139 - required further 248 

Chain # 2 - chunk 22 (chain 2 of 4 for this core): increasing by 249 

Iterations: 249 
|-------------|-------------|-------------|-------------|
|-------------------------------------------------------|

Current time: 2024-11-25 10:28:11
MCMC time 6.2 mins 

USED COMPONENTS: 19 OF 74 

rel. MC standard error: 0.0109 to 0.0507
eff. sample size: 390 to 8400
needed thinning: 2 to 33
Diagnostics time 0.21 secs 

Total number of iterations 8388 - required further 256 

Chain # 2 - chunk 23 (chain 2 of 4 for this core): increasing by 257 

Iterations: 257 
|-------------|-------------|-------------|-------------|
|-------------------------------------------------------|

Current time: 2024-11-25 10:28:15
MCMC time 6.3 mins 

USED COMPONENTS: 18 OF 74 

rel. MC standard error: 0.0108 to 0.0496
eff. sample size: 406 to 8540
needed thinning: 2 to 32
Diagnostics time 0.21 secs 

Total number of iterations 8645 - required further 0 

Keeping last 60 samples with thinning 32 

Plotting traces and samples.

Current time: 2024-11-25 10:28:17
MCMC + diagnostics time 6.3 mins 

Chain # 3 (chain 3 of 4 for this core)

Datapoints for testing convergence:
 #9 #16 #19 #39 #45 #51 #58 #76 #81 #85 #94 #96 #101 #107 #128 #130 #132 #133 #142 #146 

Iterations: 3600 
|-------------|-------------|-------------|-------------|
|-------------------------------------------------------|

Current time: 2024-11-25 10:29:22
MCMC time 7.4 mins 

USED COMPONENTS: 28 OF 74 

rel. MC standard error: 0.0167 to 0.097
eff. sample size: 106 to 3570
needed thinning: 2 to 51
Diagnostics time 3.4 secs 

Total number of iterations 3600 - required further 396 

Chain # 3 - chunk 2 (chain 3 of 4 for this core): increasing by 397 

Iterations: 397 
|-------------|-------------|-------------|-------------|
|-------------------------------------------------------|

Current time: 2024-11-25 10:29:34
MCMC time 7.6 mins 

USED COMPONENTS: 27 OF 74 

rel. MC standard error: 0.016 to 0.0933
eff. sample size: 115 to 3930
needed thinning: 2 to 53
Diagnostics time 0.32 secs 

Total number of iterations 3997 - required further 411 

Chain # 3 - chunk 3 (chain 3 of 4 for this core): increasing by 412 

Iterations: 412 
|-------------|-------------|-------------|-------------|
|-------------------------------------------------------|

Current time: 2024-11-25 10:29:42
MCMC time 7.7 mins 

USED COMPONENTS: 28 OF 74 

rel. MC standard error: 0.0154 to 0.0914
eff. sample size: 120 to 4230
needed thinning: 2 to 56
Diagnostics time 0.34 secs 

Total number of iterations 4409 - required further 434 

Chain # 3 - chunk 4 (chain 3 of 4 for this core): increasing by 435 

Iterations: 435 
|-------------|-------------|-------------|-------------|
|-------------------------------------------------------|

Current time: 2024-11-25 10:29:50
MCMC time 7.9 mins 

USED COMPONENTS: 28 OF 74 

rel. MC standard error: 0.0142 to 0.0896
eff. sample size: 124 to 4990
needed thinning: 2 to 59
Diagnostics time 0.33 secs 

Total number of iterations 4844 - required further 458 

Chain # 3 - chunk 5 (chain 3 of 4 for this core): increasing by 459 

Iterations: 459 
|-------------|-------------|-------------|-------------|
|-------------------------------------------------------|

Current time: 2024-11-25 10:29:59
MCMC time 8 mins 

USED COMPONENTS: 29 OF 74 

rel. MC standard error: 0.0131 to 0.0869
eff. sample size: 132 to 5800
needed thinning: 2 to 61
Diagnostics time 0.39 secs 

Total number of iterations 5303 - required further 473 

Chain # 3 - chunk 6 (chain 3 of 4 for this core): increasing by 474 

Iterations: 474 
|-------------|-------------|-------------|-------------|
|-------------------------------------------------------|

Current time: 2024-11-25 10:30:08
MCMC time 8.2 mins 

USED COMPONENTS: 27 OF 74 

rel. MC standard error: 0.0134 to 0.0859
eff. sample size: 136 to 5540
needed thinning: 2 to 64
Diagnostics time 0.37 secs 

Total number of iterations 5777 - required further 496 

Chain # 3 - chunk 7 (chain 3 of 4 for this core): increasing by 497 

Iterations: 497 
|-------------|-------------|-------------|-------------|
|-------------------------------------------------------|

Current time: 2024-11-25 10:30:17
MCMC time 8.3 mins 

USED COMPONENTS: 27 OF 74 

rel. MC standard error: 0.0127 to 0.0836
eff. sample size: 143 to 6200
needed thinning: 2 to 66
Diagnostics time 0.96 secs 

Total number of iterations 6274 - required further 512 

Chain # 3 - chunk 8 (chain 3 of 4 for this core): increasing by 513 

Iterations: 513 
|-------------|-------------|-------------|-------------|
|-------------------------------------------------------|

Current time: 2024-11-25 10:30:28
MCMC time 8.5 mins 

USED COMPONENTS: 29 OF 74 

rel. MC standard error: 0.0127 to 0.0802
eff. sample size: 155 to 6180
needed thinning: 2 to 66
Diagnostics time 0.38 secs 

Total number of iterations 6787 - required further 512 

Chain # 3 - chunk 9 (chain 3 of 4 for this core): increasing by 513 

Iterations: 513 
|-------------|-------------|-------------|-------------|
|-------------------------------------------------------|

Current time: 2024-11-25 10:30:38
MCMC time 8.7 mins 

USED COMPONENTS: 31 OF 74 

rel. MC standard error: 0.0121 to 0.0776
eff. sample size: 166 to 6830
needed thinning: 2 to 66
Diagnostics time 0.94 secs 

Total number of iterations 7300 - required further 512 

Chain # 3 - chunk 10 (chain 3 of 4 for this core): increasing by 513 

Iterations: 513 
|-------------|-------------|-------------|-------------|
|-------------------------------------------------------|

Current time: 2024-11-25 10:30:48
MCMC time 8.9 mins 

USED COMPONENTS: 29 OF 74 

rel. MC standard error: 0.0132 to 0.0762
eff. sample size: 172 to 5720
needed thinning: 3 to 69
Diagnostics time 0.36 secs 

Total number of iterations 7813 - required further 535 

Chain # 3 - chunk 11 (chain 3 of 4 for this core): increasing by 536 

Iterations: 536 
|-------------|-------------|-------------|-------------|
|-------------------------------------------------------|

Current time: 2024-11-25 10:30:58
MCMC time 9 mins 

USED COMPONENTS: 29 OF 74 

rel. MC standard error: 0.0116 to 0.074
eff. sample size: 183 to 7400
needed thinning: 2 to 69
Diagnostics time 0.45 secs 

Total number of iterations 8349 - required further 535 

Chain # 3 - chunk 12 (chain 3 of 4 for this core): increasing by 536 

Iterations: 536 
|-------------|-------------|-------------|-------------|
|-------------------------------------------------------|

Current time: 2024-11-25 10:31:09
MCMC time 9.2 mins 

USED COMPONENTS: 29 OF 74 

rel. MC standard error: 0.0119 to 0.0731
eff. sample size: 187 to 7070
needed thinning: 2 to 72
Diagnostics time 0.44 secs 

Total number of iterations 8885 - required further 558 

Chain # 3 - chunk 13 (chain 3 of 4 for this core): increasing by 559 

Iterations: 559 
|-------------|-------------|-------------|-------------|
|-------------------------------------------------------|

Current time: 2024-11-25 10:31:19
MCMC time 9.4 mins 

USED COMPONENTS: 28 OF 74 

rel. MC standard error: 0.0104 to 0.0726
eff. sample size: 190 to 9260
needed thinning: 2 to 75
Diagnostics time 0.96 secs 

Total number of iterations 9444 - required further 581 

Chain # 3 - chunk 14 (chain 3 of 4 for this core): increasing by 582 

Iterations: 582 
|-------------|-------------|-------------|-------------|
|-------------------------------------------------------|

Current time: 2024-11-25 10:31:31
MCMC time 9.6 mins 

USED COMPONENTS: 25 OF 74 

rel. MC standard error: 0.0104 to 0.0719
eff. sample size: 193 to 9260
needed thinning: 2 to 78
Diagnostics time 0.44 secs 

Total number of iterations 10026 - required further 605 

Chain # 3 - chunk 15 (chain 3 of 4 for this core): increasing by 606 

Iterations: 606 
|-------------|-------------|-------------|-------------|
|-------------------------------------------------------|

Current time: 2024-11-25 10:31:43
MCMC time 9.8 mins 

USED COMPONENTS: 26 OF 74 

rel. MC standard error: 0.011 to 0.0717
eff. sample size: 194 to 8340
needed thinning: 2 to 83
Diagnostics time 0.48 secs 

Total number of iterations 10632 - required further 643 

Chain # 3 - chunk 16 (chain 3 of 4 for this core): increasing by 644 

Iterations: 644 
|-------------|-------------|-------------|-------------|
|-------------------------------------------------------|

Current time: 2024-11-25 10:31:55
MCMC time 10 mins 

USED COMPONENTS: 24 OF 74 

rel. MC standard error: 0.00981 to 0.0703
eff. sample size: 202 to 10400
needed thinning: 2 to 84
Diagnostics time 1.1 secs 

Total number of iterations 11276 - required further 651 

Chain # 3 - chunk 17 (chain 3 of 4 for this core): increasing by 652 

Iterations: 652 
|-------------|-------------|-------------|-------------|
|-------------------------------------------------------|

Current time: 2024-11-25 10:32:08
MCMC time 10 mins 

USED COMPONENTS: 24 OF 74 

rel. MC standard error: 0.0101 to 0.069
eff. sample size: 210 to 9850
needed thinning: 2 to 86
Diagnostics time 0.5 secs 

Total number of iterations 11928 - required further 667 

Chain # 3 - chunk 18 (chain 3 of 4 for this core): increasing by 668 

Iterations: 668 
|-------------|-------------|-------------|-------------|
|-------------------------------------------------------|

Current time: 2024-11-25 10:32:21
MCMC time 10 mins 

USED COMPONENTS: 24 OF 74 

rel. MC standard error: 0.00944 to 0.0684
eff. sample size: 214 to 11200
needed thinning: 2 to 89
Diagnostics time 0.97 secs 

Total number of iterations 12596 - required further 690 

Chain # 3 - chunk 19 (chain 3 of 4 for this core): increasing by 691 

Iterations: 691 
|-------------|-------------|-------------|-------------|
|-------------------------------------------------------|

Current time: 2024-11-25 10:32:35
MCMC time 11 mins 

USED COMPONENTS: 25 OF 74 

rel. MC standard error: 0.00984 to 0.068
eff. sample size: 216 to 10300
needed thinning: 2 to 93
Diagnostics time 0.57 secs 

Total number of iterations 13287 - required further 721 

Chain # 3 - chunk 20 (chain 3 of 4 for this core): increasing by 722 

Iterations: 722 
|-------------|-------------|-------------|-------------|
|-------------------------------------------------------|

Current time: 2024-11-25 10:32:49
MCMC time 11 mins 

USED COMPONENTS: 23 OF 74 

rel. MC standard error: 0.00912 to 0.0672
eff. sample size: 221 to 12000
needed thinning: 2 to 95
Diagnostics time 1 secs 

Total number of iterations 14009 - required further 736 

Chain # 3 - chunk 21 (chain 3 of 4 for this core): increasing by 737 

Iterations: 737 
|-------------|-------------|-------------|-------------|
|-------------------------------------------------------|

Current time: 2024-11-25 10:33:03
MCMC time 11 mins 

USED COMPONENTS: 22 OF 74 

rel. MC standard error: 0.00974 to 0.0657
eff. sample size: 232 to 10500
needed thinning: 3 to 96
Diagnostics time 0.56 secs 

Total number of iterations 14746 - required further 744 

Chain # 3 - chunk 22 (chain 3 of 4 for this core): increasing by 745 

Iterations: 745 
|-------------|-------------|-------------|-------------|
|-------------------------------------------------------|

Current time: 2024-11-25 10:33:18
MCMC time 11 mins 

USED COMPONENTS: 23 OF 74 

rel. MC standard error: 0.00924 to 0.0641
eff. sample size: 243 to 11700
needed thinning: 2 to 96
Diagnostics time 0.53 secs 

Total number of iterations 15491 - required further 744 

Chain # 3 - chunk 23 (chain 3 of 4 for this core): increasing by 745 

Iterations: 745 
|-------------|-------------|-------------|-------------|
|-------------------------------------------------------|

Current time: 2024-11-25 10:33:32
MCMC time 12 mins 

USED COMPONENTS: 22 OF 74 

rel. MC standard error: 0.00923 to 0.0626
eff. sample size: 256 to 11700
needed thinning: 3 to 96
Diagnostics time 0.58 secs 

Total number of iterations 16236 - required further 744 

Chain # 3 - chunk 24 (chain 3 of 4 for this core): increasing by 745 

Iterations: 745 
|-------------|-------------|-------------|-------------|
|-------------------------------------------------------|

Current time: 2024-11-25 10:33:47
MCMC time 12 mins 

USED COMPONENTS: 22 OF 74 

rel. MC standard error: 0.00873 to 0.0611
eff. sample size: 268 to 13100
needed thinning: 2 to 96
Diagnostics time 0.52 secs 

Total number of iterations 16981 - required further 744 

Chain # 3 - chunk 25 (chain 3 of 4 for this core): increasing by 745 

Iterations: 745 
|-------------|-------------|-------------|-------------|
|-------------------------------------------------------|

Current time: 2024-11-25 10:34:01
MCMC time 12 mins 

USED COMPONENTS: 23 OF 74 

rel. MC standard error: 0.00918 to 0.0599
eff. sample size: 279 to 11900
needed thinning: 3 to 96
Diagnostics time 0.6 secs 

Total number of iterations 17726 - required further 744 

Chain # 3 - chunk 26 (chain 3 of 4 for this core): increasing by 745 

Iterations: 745 
|-------------|-------------|-------------|-------------|
|-------------------------------------------------------|

Current time: 2024-11-25 10:34:16
MCMC time 12 mins 

USED COMPONENTS: 23 OF 74 

rel. MC standard error: 0.00886 to 0.0587
eff. sample size: 290 to 12700
needed thinning: 3 to 96
Diagnostics time 0.54 secs 

Total number of iterations 18471 - required further 744 

Chain # 3 - chunk 27 (chain 3 of 4 for this core): increasing by 745 

Iterations: 745 
|-------------|-------------|-------------|-------------|
|-------------------------------------------------------|

Current time: 2024-11-25 10:34:30
MCMC time 13 mins 

USED COMPONENTS: 23 OF 74 

rel. MC standard error: 0.00913 to 0.0574
eff. sample size: 304 to 12000
needed thinning: 3 to 95
Diagnostics time 0.58 secs 

Total number of iterations 19216 - required further 736 

Chain # 3 - chunk 28 (chain 3 of 4 for this core): increasing by 737 

Iterations: 737 
|-------------|-------------|-------------|-------------|
|-------------------------------------------------------|

Current time: 2024-11-25 10:34:44
MCMC time 13 mins 

USED COMPONENTS: 23 OF 74 

rel. MC standard error: 0.00941 to 0.0536
eff. sample size: 348 to 11300
needed thinning: 3 to 86
Diagnostics time 0.5 secs 

Total number of iterations 19953 - required further 667 

Chain # 3 - chunk 29 (chain 3 of 4 for this core): increasing by 668 

Iterations: 668 
|-------------|-------------|-------------|-------------|
|-------------------------------------------------------|

Current time: 2024-11-25 10:34:57
MCMC time 13 mins 

USED COMPONENTS: 22 OF 74 

rel. MC standard error: 0.00953 to 0.0529
eff. sample size: 358 to 11000
needed thinning: 3 to 87
Diagnostics time 1.1 secs 

Total number of iterations 20621 - required further 674 

Chain # 3 - chunk 30 (chain 3 of 4 for this core): increasing by 675 

Iterations: 675 
|-------------|-------------|-------------|-------------|
|-------------------------------------------------------|

Current time: 2024-11-25 10:35:10
MCMC time 13 mins 

USED COMPONENTS: 23 OF 74 

rel. MC standard error: 0.00894 to 0.0526
eff. sample size: 362 to 12500
needed thinning: 3 to 89
Diagnostics time 0.48 secs 

Total number of iterations 21296 - required further 690 

Chain # 3 - chunk 31 (chain 3 of 4 for this core): increasing by 691 

Iterations: 691 
|-------------|-------------|-------------|-------------|
|-------------------------------------------------------|

Current time: 2024-11-25 10:35:23
MCMC time 13 mins 

USED COMPONENTS: 23 OF 74 

rel. MC standard error: 0.0095 to 0.0525
eff. sample size: 363 to 11100
needed thinning: 3 to 91
Diagnostics time 0.55 secs 

Total number of iterations 21987 - required further 705 

Chain # 3 - chunk 32 (chain 3 of 4 for this core): increasing by 706 

Iterations: 706 
|-------------|-------------|-------------|-------------|
|-------------------------------------------------------|

Current time: 2024-11-25 10:35:37
MCMC time 14 mins 

USED COMPONENTS: 22 OF 74 

rel. MC standard error: 0.00907 to 0.0521
eff. sample size: 368 to 12200
needed thinning: 3 to 93
Diagnostics time 0.52 secs 

Total number of iterations 22693 - required further 721 

Chain # 3 - chunk 33 (chain 3 of 4 for this core): increasing by 722 

Iterations: 722 
|-------------|-------------|-------------|-------------|
|-------------------------------------------------------|

Current time: 2024-11-25 10:35:50
MCMC time 14 mins 

USED COMPONENTS: 23 OF 74 

rel. MC standard error: 0.00925 to 0.0501
eff. sample size: 398 to 11700
needed thinning: 4 to 89
Diagnostics time 0.58 secs 

Total number of iterations 23415 - required further 690 

Chain # 3 - chunk 34 (chain 3 of 4 for this core): increasing by 691 

Iterations: 691 
|-------------|-------------|-------------|-------------|
|-------------------------------------------------------|

Current time: 2024-11-25 10:36:04
MCMC time 14 mins 

USED COMPONENTS: 23 OF 74 

rel. MC standard error: 0.00879 to 0.0503
eff. sample size: 396 to 13000
needed thinning: 3 to 92
Diagnostics time 1.1 secs 

Total number of iterations 24106 - required further 713 

Chain # 3 - chunk 35 (chain 3 of 4 for this core): increasing by 714 

Iterations: 714 
|-------------|-------------|-------------|-------------|
|-------------------------------------------------------|

Current time: 2024-11-25 10:36:17
MCMC time 14 mins 

USED COMPONENTS: 22 OF 74 

rel. MC standard error: 0.00886 to 0.0501
eff. sample size: 399 to 12700
needed thinning: 3 to 94
Diagnostics time 0.48 secs 

Total number of iterations 24820 - required further 729 

Chain # 3 - chunk 36 (chain 3 of 4 for this core): increasing by 730 

Iterations: 730 
|-------------|-------------|-------------|-------------|
|-------------------------------------------------------|

Current time: 2024-11-25 10:36:31
MCMC time 15 mins 

USED COMPONENTS: 21 OF 74 

rel. MC standard error: 0.00864 to 0.051
eff. sample size: 384 to 13400
needed thinning: 3 to 100
Diagnostics time 0.56 secs 

Total number of iterations 25550 - required further 775 

Chain # 3 - chunk 37 (chain 3 of 4 for this core): increasing by 776 

Iterations: 776 
|-------------|-------------|-------------|-------------|
|-------------------------------------------------------|

Current time: 2024-11-25 10:36:46
MCMC time 15 mins 

USED COMPONENTS: 22 OF 74 

rel. MC standard error: 0.0088 to 0.0502
eff. sample size: 397 to 12900
needed thinning: 4 to 100
Diagnostics time 1 secs 

Total number of iterations 26326 - required further 775 

Chain # 3 - chunk 38 (chain 3 of 4 for this core): increasing by 776 

Iterations: 776 
|-------------|-------------|-------------|-------------|
|-------------------------------------------------------|

Current time: 2024-11-25 10:37:01
MCMC time 15 mins 

USED COMPONENTS: 21 OF 74 

rel. MC standard error: 0.00835 to 0.0512
eff. sample size: 381 to 14400
needed thinning: 3 to 107
Diagnostics time 0.62 secs 

Total number of iterations 27102 - required further 829 

Chain # 3 - chunk 39 (chain 3 of 4 for this core): increasing by 830 

Iterations: 830 
|-------------|-------------|-------------|-------------|
|-------------------------------------------------------|

Current time: 2024-11-25 10:37:12
MCMC time 15 mins 

USED COMPONENTS: 20 OF 74 

rel. MC standard error: 0.00835 to 0.0503
eff. sample size: 395 to 14300
needed thinning: 3 to 107
Diagnostics time 0.41 secs 

Total number of iterations 27932 - required further 829 

Chain # 3 - chunk 40 (chain 3 of 4 for this core): increasing by 830 

Iterations: 830 
|-------------|-------------|-------------|-------------|
|-------------------------------------------------------|

Current time: 2024-11-25 10:37:22
MCMC time 15 mins 

USED COMPONENTS: 21 OF 74 

rel. MC standard error: 0.008 to 0.0486
eff. sample size: 423 to 15600
needed thinning: 3 to 102
Diagnostics time 0.34 secs 

Total number of iterations 28762 - required further 0 

Keeping last 60 samples with thinning 102 

Plotting traces and samples.

Current time: 2024-11-25 10:37:25
MCMC + diagnostics time 15 mins 

Chain # 4 (chain 4 of 4 for this core)

Datapoints for testing convergence:
 #5 #6 #23 #24 #27 #32 #34 #36 #44 #45 #54 #72 #85 #98 #102 #108 #116 #135 #139 #144 

Iterations: 3600 
|-------------|-------------|-------------|-------------|
|-------------------------------------------------------|

Current time: 2024-11-25 10:38:05
MCMC time 16 mins 

USED COMPONENTS: 27 OF 74 

rel. MC standard error: 0.0176 to 0.0786
eff. sample size: 162 to 3220
needed thinning: 2 to 34
Diagnostics time 1.8 secs 

Total number of iterations 3600 - required further 264 

Chain # 4 - chunk 2 (chain 4 of 4 for this core): increasing by 265 

Iterations: 265 
|-------------|-------------|-------------|-------------|
|-------------------------------------------------------|

Current time: 2024-11-25 10:38:11
MCMC time 16 mins 

USED COMPONENTS: 24 OF 74 

rel. MC standard error: 0.0159 to 0.0777
eff. sample size: 166 to 3960
needed thinning: 2 to 35
Diagnostics time 0.12 secs 

Total number of iterations 3865 - required further 272 

Chain # 4 - chunk 3 (chain 4 of 4 for this core): increasing by 273 

Iterations: 273 
|-------------|-------------|-------------|-------------|
|-------------------------------------------------------|

Current time: 2024-11-25 10:38:14
MCMC time 16 mins 

USED COMPONENTS: 24 OF 74 

rel. MC standard error: 0.0163 to 0.0774
eff. sample size: 167 to 3750
needed thinning: 2 to 38
Diagnostics time 0.14 secs 

Total number of iterations 4138 - required further 295 

Chain # 4 - chunk 4 (chain 4 of 4 for this core): increasing by 296 

Iterations: 296 
|-------------|-------------|-------------|-------------|
|-------------------------------------------------------|

Current time: 2024-11-25 10:38:17
MCMC time 16 mins 

USED COMPONENTS: 25 OF 74 

rel. MC standard error: 0.0156 to 0.077
eff. sample size: 169 to 4110
needed thinning: 2 to 40
Diagnostics time 0.13 secs 

Total number of iterations 4434 - required further 310 

Chain # 4 - chunk 5 (chain 4 of 4 for this core): increasing by 311 

Iterations: 311 
|-------------|-------------|-------------|-------------|
|-------------------------------------------------------|

Current time: 2024-11-25 10:38:21
MCMC time 16 mins 

USED COMPONENTS: 24 OF 74 

rel. MC standard error: 0.015 to 0.0757
eff. sample size: 175 to 4450
needed thinning: 2 to 41
Diagnostics time 0.16 secs 

Total number of iterations 4745 - required further 318 

Chain # 4 - chunk 6 (chain 4 of 4 for this core): increasing by 319 

Iterations: 319 
|-------------|-------------|-------------|-------------|
|-------------------------------------------------------|

Current time: 2024-11-25 10:38:26
MCMC time 16 mins 

USED COMPONENTS: 24 OF 74 

rel. MC standard error: 0.0149 to 0.0738
eff. sample size: 183 to 4500
needed thinning: 2 to 42
Diagnostics time 0.23 secs 

Total number of iterations 5064 - required further 326 

Chain # 4 - chunk 7 (chain 4 of 4 for this core): increasing by 327 

Iterations: 327 
|-------------|-------------|-------------|-------------|
|-------------------------------------------------------|

Current time: 2024-11-25 10:38:30
MCMC time 17 mins 

USED COMPONENTS: 23 OF 74 

rel. MC standard error: 0.0146 to 0.0741
eff. sample size: 182 to 4680
needed thinning: 2 to 45
Diagnostics time 0.14 secs 

Total number of iterations 5391 - required further 349 

Chain # 4 - chunk 8 (chain 4 of 4 for this core): increasing by 350 

Iterations: 350 
|-------------|-------------|-------------|-------------|
|-------------------------------------------------------|

Current time: 2024-11-25 10:38:34
MCMC time 17 mins 

USED COMPONENTS: 24 OF 74 

rel. MC standard error: 0.0136 to 0.073
eff. sample size: 188 to 5400
needed thinning: 2 to 46
Diagnostics time 0.15 secs 

Total number of iterations 5741 - required further 357 

Chain # 4 - chunk 9 (chain 4 of 4 for this core): increasing by 358 

Iterations: 358 
|-------------|-------------|-------------|-------------|
|-------------------------------------------------------|

Current time: 2024-11-25 10:38:38
MCMC time 17 mins 

USED COMPONENTS: 22 OF 74 

rel. MC standard error: 0.0137 to 0.0718
eff. sample size: 194 to 5290
needed thinning: 2 to 48
Diagnostics time 0.16 secs 

Total number of iterations 6099 - required further 372 

Chain # 4 - chunk 10 (chain 4 of 4 for this core): increasing by 373 

Iterations: 373 
|-------------|-------------|-------------|-------------|
|-------------------------------------------------------|

Current time: 2024-11-25 10:38:44
MCMC time 17 mins 

USED COMPONENTS: 24 OF 74 

rel. MC standard error: 0.0134 to 0.0718
eff. sample size: 194 to 5550
needed thinning: 2 to 51
Diagnostics time 0.29 secs 

Total number of iterations 6472 - required further 396 

Chain # 4 - chunk 11 (chain 4 of 4 for this core): increasing by 397 

Iterations: 397 
|-------------|-------------|-------------|-------------|
|-------------------------------------------------------|

Current time: 2024-11-25 10:38:52
MCMC time 17 mins 

USED COMPONENTS: 23 OF 74 

rel. MC standard error: 0.0132 to 0.07
eff. sample size: 204 to 5780
needed thinning: 2 to 51
Diagnostics time 0.3 secs 

Total number of iterations 6869 - required further 396 

Chain # 4 - chunk 12 (chain 4 of 4 for this core): increasing by 397 

Iterations: 397 
|-------------|-------------|-------------|-------------|
|-------------------------------------------------------|

Current time: 2024-11-25 10:39:00
MCMC time 17 mins 

USED COMPONENTS: 23 OF 74 

rel. MC standard error: 0.0135 to 0.0697
eff. sample size: 206 to 5480
needed thinning: 2 to 54
Diagnostics time 0.36 secs 

Total number of iterations 7266 - required further 419 

Chain # 4 - chunk 13 (chain 4 of 4 for this core): increasing by 420 

Iterations: 420 
|-------------|-------------|-------------|-------------|
|-------------------------------------------------------|

Current time: 2024-11-25 10:39:08
MCMC time 17 mins 

USED COMPONENTS: 22 OF 74 

rel. MC standard error: 0.0125 to 0.0673
eff. sample size: 221 to 6360
needed thinning: 2 to 53
Diagnostics time 0.31 secs 

Total number of iterations 7686 - required further 411 

Chain # 4 - chunk 14 (chain 4 of 4 for this core): increasing by 412 

Iterations: 412 
|-------------|-------------|-------------|-------------|
|-------------------------------------------------------|

Current time: 2024-11-25 10:39:15
MCMC time 17 mins 

USED COMPONENTS: 23 OF 74 

rel. MC standard error: 0.0121 to 0.0674
eff. sample size: 220 to 6780
needed thinning: 2 to 56
Diagnostics time 0.84 secs 

Total number of iterations 8098 - required further 434 

Chain # 4 - chunk 15 (chain 4 of 4 for this core): increasing by 435 

Iterations: 435 
|-------------|-------------|-------------|-------------|
|-------------------------------------------------------|

Current time: 2024-11-25 10:39:24
MCMC time 17 mins 

USED COMPONENTS: 24 OF 74 

rel. MC standard error: 0.0116 to 0.0661
eff. sample size: 229 to 7400
needed thinning: 2 to 56
Diagnostics time 0.3 secs 

Total number of iterations 8533 - required further 434 

Chain # 4 - chunk 16 (chain 4 of 4 for this core): increasing by 435 

Iterations: 435 
|-------------|-------------|-------------|-------------|
|-------------------------------------------------------|

Current time: 2024-11-25 10:39:33
MCMC time 18 mins 

USED COMPONENTS: 25 OF 74 

rel. MC standard error: 0.0115 to 0.0657
eff. sample size: 232 to 7520
needed thinning: 2 to 59
Diagnostics time 0.29 secs 

Total number of iterations 8968 - required further 458 

Chain # 4 - chunk 17 (chain 4 of 4 for this core): increasing by 459 

Iterations: 459 
|-------------|-------------|-------------|-------------|
|-------------------------------------------------------|

Current time: 2024-11-25 10:39:41
MCMC time 18 mins 

USED COMPONENTS: 23 OF 74 

rel. MC standard error: 0.0116 to 0.0649
eff. sample size: 238 to 7370
needed thinning: 2 to 60
Diagnostics time 0.35 secs 

Total number of iterations 9427 - required further 465 

Chain # 4 - chunk 18 (chain 4 of 4 for this core): increasing by 466 

Iterations: 466 
|-------------|-------------|-------------|-------------|
|-------------------------------------------------------|

Current time: 2024-11-25 10:39:50
MCMC time 18 mins 

USED COMPONENTS: 21 OF 74 

rel. MC standard error: 0.0107 to 0.0627
eff. sample size: 254 to 8680
needed thinning: 2 to 59
Diagnostics time 0.34 secs 

Total number of iterations 9893 - required further 458 

Chain # 4 - chunk 19 (chain 4 of 4 for this core): increasing by 459 

Iterations: 459 
|-------------|-------------|-------------|-------------|
|-------------------------------------------------------|

Current time: 2024-11-25 10:39:59
MCMC time 18 mins 

USED COMPONENTS: 24 OF 74 

rel. MC standard error: 0.0102 to 0.0635
eff. sample size: 248 to 9580
needed thinning: 2 to 63
Diagnostics time 0.32 secs 

Total number of iterations 10352 - required further 488 

Chain # 4 - chunk 20 (chain 4 of 4 for this core): increasing by 489 

Iterations: 489 
|-------------|-------------|-------------|-------------|
|-------------------------------------------------------|

Current time: 2024-11-25 10:40:08
MCMC time 18 mins 

USED COMPONENTS: 22 OF 74 

rel. MC standard error: 0.0103 to 0.0628
eff. sample size: 254 to 9510
needed thinning: 2 to 65
Diagnostics time 0.35 secs 

Total number of iterations 10841 - required further 504 

Chain # 4 - chunk 21 (chain 4 of 4 for this core): increasing by 505 

Iterations: 505 
|-------------|-------------|-------------|-------------|
|-------------------------------------------------------|

Current time: 2024-11-25 10:40:17
MCMC time 18 mins 

USED COMPONENTS: 24 OF 74 

rel. MC standard error: 0.0102 to 0.0629
eff. sample size: 253 to 9620
needed thinning: 2 to 68
Diagnostics time 0.41 secs 

Total number of iterations 11346 - required further 527 

Chain # 4 - chunk 22 (chain 4 of 4 for this core): increasing by 528 

Iterations: 528 
|-------------|-------------|-------------|-------------|
|-------------------------------------------------------|

Current time: 2024-11-25 10:40:27
MCMC time 19 mins 

USED COMPONENTS: 23 OF 74 

rel. MC standard error: 0.00898 to 0.0606
eff. sample size: 272 to 12400
needed thinning: 2 to 66
Diagnostics time 0.4 secs 

Total number of iterations 11874 - required further 512 

Chain # 4 - chunk 23 (chain 4 of 4 for this core): increasing by 513 

Iterations: 513 
|-------------|-------------|-------------|-------------|
|-------------------------------------------------------|

Current time: 2024-11-25 10:40:37
MCMC time 19 mins 

USED COMPONENTS: 20 OF 74 

rel. MC standard error: 0.00956 to 0.0599
eff. sample size: 278 to 10900
needed thinning: 2 to 67
Diagnostics time 0.38 secs 

Total number of iterations 12387 - required further 519 

Chain # 4 - chunk 24 (chain 4 of 4 for this core): increasing by 520 

Iterations: 520 
|-------------|-------------|-------------|-------------|
|-------------------------------------------------------|

Current time: 2024-11-25 10:40:47
MCMC time 19 mins 

USED COMPONENTS: 21 OF 74 

rel. MC standard error: 0.00952 to 0.0596
eff. sample size: 282 to 11000
needed thinning: 2 to 69
Diagnostics time 0.39 secs 

Total number of iterations 12907 - required further 535 

Chain # 4 - chunk 25 (chain 4 of 4 for this core): increasing by 536 

Iterations: 536 
|-------------|-------------|-------------|-------------|
|-------------------------------------------------------|

Current time: 2024-11-25 10:40:57
MCMC time 19 mins 

USED COMPONENTS: 22 OF 74 

rel. MC standard error: 0.00898 to 0.0587
eff. sample size: 290 to 12400
needed thinning: 2 to 70
Diagnostics time 0.43 secs 

Total number of iterations 13443 - required further 543 

Chain # 4 - chunk 26 (chain 4 of 4 for this core): increasing by 544 

Iterations: 544 
|-------------|-------------|-------------|-------------|
|-------------------------------------------------------|

Current time: 2024-11-25 10:41:07
MCMC time 19 mins 

USED COMPONENTS: 22 OF 74 

rel. MC standard error: 0.00941 to 0.0584
eff. sample size: 293 to 11300
needed thinning: 2 to 72
Diagnostics time 0.43 secs 

Total number of iterations 13987 - required further 558 

Chain # 4 - chunk 27 (chain 4 of 4 for this core): increasing by 559 

Iterations: 559 
|-------------|-------------|-------------|-------------|
|-------------------------------------------------------|

Current time: 2024-11-25 10:41:18
MCMC time 19 mins 

USED COMPONENTS: 21 OF 74 

rel. MC standard error: 0.00962 to 0.0578
eff. sample size: 300 to 10800
needed thinning: 3 to 73
Diagnostics time 0.37 secs 

Total number of iterations 14546 - required further 566 

Chain # 4 - chunk 28 (chain 4 of 4 for this core): increasing by 567 

Iterations: 567 
|-------------|-------------|-------------|-------------|
|-------------------------------------------------------|

Current time: 2024-11-25 10:41:29
MCMC time 20 mins 

USED COMPONENTS: 20 OF 74 

rel. MC standard error: 0.00903 to 0.0572
eff. sample size: 305 to 12300
needed thinning: 2 to 75
Diagnostics time 0.4 secs 

Total number of iterations 15113 - required further 581 

Chain # 4 - chunk 29 (chain 4 of 4 for this core): increasing by 582 

Iterations: 582 
|-------------|-------------|-------------|-------------|
|-------------------------------------------------------|

Current time: 2024-11-25 10:41:40
MCMC time 20 mins 

USED COMPONENTS: 23 OF 74 

rel. MC standard error: 0.00849 to 0.057
eff. sample size: 308 to 13900
needed thinning: 2 to 77
Diagnostics time 0.44 secs 

Total number of iterations 15695 - required further 597 

Chain # 4 - chunk 30 (chain 4 of 4 for this core): increasing by 598 

Iterations: 598 
|-------------|-------------|-------------|-------------|
|-------------------------------------------------------|

Current time: 2024-11-25 10:41:52
MCMC time 20 mins 

USED COMPONENTS: 23 OF 74 

rel. MC standard error: 0.00905 to 0.0569
eff. sample size: 309 to 12200
needed thinning: 2 to 80
Diagnostics time 0.45 secs 

Total number of iterations 16293 - required further 620 

Chain # 4 - chunk 31 (chain 4 of 4 for this core): increasing by 621 

Iterations: 621 
|-------------|-------------|-------------|-------------|
|-------------------------------------------------------|

Current time: 2024-11-25 10:42:03
MCMC time 20 mins 

USED COMPONENTS: 21 OF 74 

rel. MC standard error: 0.00853 to 0.0559
eff. sample size: 319 to 13700
needed thinning: 2 to 80
Diagnostics time 0.51 secs 

Total number of iterations 16914 - required further 620 

Chain # 4 - chunk 32 (chain 4 of 4 for this core): increasing by 621 

Iterations: 621 
|-------------|-------------|-------------|-------------|
|-------------------------------------------------------|

Current time: 2024-11-25 10:42:15
MCMC time 20 mins 

USED COMPONENTS: 22 OF 74 

rel. MC standard error: 0.00959 to 0.0564
eff. sample size: 314 to 10900
needed thinning: 3 to 84
Diagnostics time 0.5 secs 

Total number of iterations 17535 - required further 651 

Chain # 4 - chunk 33 (chain 4 of 4 for this core): increasing by 652 

Iterations: 652 
|-------------|-------------|-------------|-------------|
|-------------------------------------------------------|

Current time: 2024-11-25 10:42:27
MCMC time 21 mins 

USED COMPONENTS: 20 OF 74 

rel. MC standard error: 0.00864 to 0.0555
eff. sample size: 325 to 13400
needed thinning: 3 to 84
Diagnostics time 1.1 secs 

Total number of iterations 18187 - required further 651 

Chain # 4 - chunk 34 (chain 4 of 4 for this core): increasing by 652 

Iterations: 652 
|-------------|-------------|-------------|-------------|
|-------------------------------------------------------|

Current time: 2024-11-25 10:42:40
MCMC time 21 mins 

USED COMPONENTS: 21 OF 74 

rel. MC standard error: 0.00858 to 0.0556
eff. sample size: 324 to 13600
needed thinning: 3 to 88
Diagnostics time 0.46 secs 

Total number of iterations 18839 - required further 682 

Chain # 4 - chunk 35 (chain 4 of 4 for this core): increasing by 683 

Iterations: 683 
|-------------|-------------|-------------|-------------|
|-------------------------------------------------------|

Current time: 2024-11-25 10:42:53
MCMC time 21 mins 

USED COMPONENTS: 20 OF 74 

rel. MC standard error: 0.00848 to 0.0548
eff. sample size: 333 to 13900
needed thinning: 3 to 88
Diagnostics time 0.48 secs 

Total number of iterations 19522 - required further 682 

Chain # 4 - chunk 36 (chain 4 of 4 for this core): increasing by 683 

Iterations: 683 
|-------------|-------------|-------------|-------------|
|-------------------------------------------------------|

Current time: 2024-11-25 10:43:06
MCMC time 21 mins 

USED COMPONENTS: 21 OF 74 

rel. MC standard error: 0.00829 to 0.0539
eff. sample size: 344 to 14600
needed thinning: 3 to 89
Diagnostics time 0.44 secs 

Total number of iterations 20205 - required further 690 

Chain # 4 - chunk 37 (chain 4 of 4 for this core): increasing by 691 

Iterations: 691 
|-------------|-------------|-------------|-------------|
|-------------------------------------------------------|

Current time: 2024-11-25 10:43:19
MCMC time 21 mins 

USED COMPONENTS: 20 OF 74 

rel. MC standard error: 0.00884 to 0.0536
eff. sample size: 348 to 12800
needed thinning: 3 to 91
Diagnostics time 0.49 secs 

Total number of iterations 20896 - required further 705 

Chain # 4 - chunk 38 (chain 4 of 4 for this core): increasing by 706 

Iterations: 706 
|-------------|-------------|-------------|-------------|
|-------------------------------------------------------|

Current time: 2024-11-25 10:43:32
MCMC time 22 mins 

USED COMPONENTS: 20 OF 74 

rel. MC standard error: 0.00851 to 0.0538
eff. sample size: 346 to 13800
needed thinning: 3 to 94
Diagnostics time 0.53 secs 

Total number of iterations 21602 - required further 729 

Chain # 4 - chunk 39 (chain 4 of 4 for this core): increasing by 730 

Iterations: 730 
|-------------|-------------|-------------|-------------|
|-------------------------------------------------------|

Current time: 2024-11-25 10:43:46
MCMC time 22 mins 

USED COMPONENTS: 21 OF 74 

rel. MC standard error: 0.00892 to 0.0531
eff. sample size: 355 to 12600
needed thinning: 3 to 95
Diagnostics time 1 secs 

Total number of iterations 22332 - required further 736 

Chain # 4 - chunk 40 (chain 4 of 4 for this core): increasing by 737 

Iterations: 737 
|-------------|-------------|-------------|-------------|
|-------------------------------------------------------|

Current time: 2024-11-25 10:44:01
MCMC time 22 mins 

USED COMPONENTS: 20 OF 74 

rel. MC standard error: 0.00821 to 0.0528
eff. sample size: 359 to 14800
needed thinning: 3 to 97
Diagnostics time 0.48 secs 

Total number of iterations 23069 - required further 752 

Chain # 4 - chunk 41 (chain 4 of 4 for this core): increasing by 753 

Iterations: 753 
|-------------|-------------|-------------|-------------|
|-------------------------------------------------------|

Current time: 2024-11-25 10:44:14
MCMC time 22 mins 

USED COMPONENTS: 20 OF 74 

rel. MC standard error: 0.0082 to 0.0524
eff. sample size: 364 to 14900
needed thinning: 3 to 99
Diagnostics time 0.61 secs 

Total number of iterations 23822 - required further 767 

Chain # 4 - chunk 42 (chain 4 of 4 for this core): increasing by 768 

Iterations: 768 
|-------------|-------------|-------------|-------------|
|-------------------------------------------------------|

Current time: 2024-11-25 10:44:27
MCMC time 22 mins 

USED COMPONENTS: 20 OF 74 

rel. MC standard error: 0.00853 to 0.0523
eff. sample size: 366 to 13700
needed thinning: 3 to 101
Diagnostics time 0.79 secs 

Total number of iterations 24590 - required further 783 

Chain # 4 - chunk 43 (chain 4 of 4 for this core): increasing by 784 

Iterations: 784 
|-------------|-------------|-------------|-------------|
|-------------------------------------------------------|

Current time: 2024-11-25 10:44:36
MCMC time 23 mins 

USED COMPONENTS: 19 OF 74 

rel. MC standard error: 0.00835 to 0.0516
eff. sample size: 376 to 14300
needed thinning: 3 to 102
Diagnostics time 0.33 secs 

Total number of iterations 25374 - required further 791 

Chain # 4 - chunk 44 (chain 4 of 4 for this core): increasing by 792 

Iterations: 792 
|-------------|-------------|-------------|-------------|
|-------------------------------------------------------|

Current time: 2024-11-25 10:44:45
MCMC time 23 mins 

USED COMPONENTS: 19 OF 74 

rel. MC standard error: 0.00842 to 0.0512
eff. sample size: 381 to 14100
needed thinning: 3 to 103
Diagnostics time 0.37 secs 

Total number of iterations 26166 - required further 798 

Chain # 4 - chunk 45 (chain 4 of 4 for this core): increasing by 799 

Iterations: 799 
|-------------|-------------|-------------|-------------|
|-------------------------------------------------------|

Current time: 2024-11-25 10:44:54
MCMC time 23 mins 

USED COMPONENTS: 22 OF 74 

rel. MC standard error: 0.00824 to 0.0502
eff. sample size: 397 to 14700
needed thinning: 3 to 102
Diagnostics time 0.31 secs 

Total number of iterations 26965 - required further 791 

Chain # 4 - chunk 46 (chain 4 of 4 for this core): increasing by 792 

Iterations: 792 
|-------------|-------------|-------------|-------------|
|-------------------------------------------------------|

Current time: 2024-11-25 10:45:03
MCMC time 23 mins 

USED COMPONENTS: 20 OF 74 

rel. MC standard error: 0.00761 to 0.0505
eff. sample size: 392 to 17300
needed thinning: 3 to 107
Diagnostics time 0.39 secs 

Total number of iterations 27757 - required further 829 

Chain # 4 - chunk 47 (chain 4 of 4 for this core): increasing by 830 

Iterations: 830 
|-------------|-------------|-------------|-------------|
|-------------------------------------------------------|

Current time: 2024-11-25 10:45:13
MCMC time 23 mins 

USED COMPONENTS: 20 OF 74 

rel. MC standard error: 0.00725 to 0.0506
eff. sample size: 390 to 19000
needed thinning: 3 to 110
Diagnostics time 0.32 secs 

Total number of iterations 28587 - required further 853 

Chain # 4 - chunk 48 (chain 4 of 4 for this core): increasing by 854 

Iterations: 854 
|-------------|-------------|-------------|-------------|
|-------------------------------------------------------|

Current time: 2024-11-25 10:45:22
MCMC time 23 mins 

USED COMPONENTS: 21 OF 74 

rel. MC standard error: 0.00726 to 0.0499
eff. sample size: 402 to 19000
needed thinning: 3 to 110
Diagnostics time 0.33 secs 

Total number of iterations 29441 - required further 0 

Keeping last 60 samples with thinning 110 

Plotting traces and samples.

Current time: 2024-11-25 10:45:25
MCMC + diagnostics time 23 mins 

Current time: 2024-11-25 10:45:25
Total time 23 mins 
loaded inferno and set parent environment
loaded inferno and set parent environment
loaded inferno and set parent environment
loaded inferno and set parent environment
