Log core 5 - Current time: 2024-11-25 10:20:10
Defining model
Building model
Setting data and initial values
Running calculate on model
  [Note] Any error reports that follow may simply reflect missing values in model variables.
Checking model sizes and dimensions
Compiling
  [Note] This may take a minute.
  [Note] Use 'showCompilerOutput = TRUE' to see C++ compilation details.
===== Monitors =====
thin = 1: Bprob, Rmean, Rvar, W
thin2 = 1: K
===== Samplers =====
conjugate sampler (519)
  - Rmean[]  (148 elements)
  - Rrate[]  (148 elements)
  - Bprob[]  (74 elements)
  - Rvar[]  (148 elements)
  - W[1:74] 
categorical sampler (151)
  - Alpha
  - K[]  (150 elements)
===== Monitors =====
thin = 1: Bprob, Rmean, Rvar, W
thin2 = 1: K
===== Samplers =====
slice sampler (151)
  - Alpha
  - K[]  (150 elements)
conjugate sampler (519)
  - Rmean[]  (148 elements)
  - Rrate[]  (148 elements)
  - Bprob[]  (74 elements)
  - Rvar[]  (148 elements)
  - W[1:74] 
Compiling
  [Note] This may take a minute.
  [Note] Use 'showCompilerOutput = TRUE' to see C++ compilation details.

Setup time 1.8 mins 

Chain # 17 (chain 1 of 4 for this core)

Datapoints for testing convergence:
 #3 #16 #20 #34 #51 #64 #68 #71 #74 #77 #78 #89 #90 #93 #104 #106 #108 #130 #146 #150 

Iterations: 3600 
|-------------|-------------|-------------|-------------|
|-------------------------------------------------------|

Current time: 2024-11-25 10:23:03
MCMC time 1.1 mins 

USED COMPONENTS: 25 OF 74 

rel. MC standard error: 0.016 to 0.0704
eff. sample size: 202 to 3900
needed thinning: 2 to 27
Diagnostics time 3.8 secs 

Total number of iterations 3600 - required further 210 

Chain # 17 - chunk 2 (chain 1 of 4 for this core): increasing by 211 

Iterations: 211 
|-------------|-------------|-------------|-------------|
|-------------------------------------------------------|

Current time: 2024-11-25 10:23:13
MCMC time 1.3 mins 

USED COMPONENTS: 24 OF 74 

rel. MC standard error: 0.0152 to 0.0709
eff. sample size: 199 to 4340
needed thinning: 2 to 29
Diagnostics time 0.22 secs 

Total number of iterations 3811 - required further 225 

Chain # 17 - chunk 3 (chain 1 of 4 for this core): increasing by 226 

Iterations: 226 
|-------------|-------------|-------------|-------------|
|-------------------------------------------------------|

Current time: 2024-11-25 10:23:17
MCMC time 1.3 mins 

USED COMPONENTS: 23 OF 74 

rel. MC standard error: 0.0143 to 0.0707
eff. sample size: 200 to 4920
needed thinning: 2 to 31
Diagnostics time 0.19 secs 

Total number of iterations 4037 - required further 241 

Chain # 17 - chunk 4 (chain 1 of 4 for this core): increasing by 242 

Iterations: 242 
|-------------|-------------|-------------|-------------|
|-------------------------------------------------------|

Current time: 2024-11-25 10:23:22
MCMC time 1.4 mins 

USED COMPONENTS: 27 OF 74 

rel. MC standard error: 0.0139 to 0.0714
eff. sample size: 196 to 5140
needed thinning: 2 to 33
Diagnostics time 0.2 secs 

Total number of iterations 4279 - required further 256 

Chain # 17 - chunk 5 (chain 1 of 4 for this core): increasing by 257 

Iterations: 257 
|-------------|-------------|-------------|-------------|
|-------------------------------------------------------|

Current time: 2024-11-25 10:23:27
MCMC time 1.5 mins 

USED COMPONENTS: 25 OF 74 

rel. MC standard error: 0.0141 to 0.0717
eff. sample size: 195 to 5040
needed thinning: 2 to 35
Diagnostics time 0.2 secs 

Total number of iterations 4536 - required further 272 

Chain # 17 - chunk 6 (chain 1 of 4 for this core): increasing by 273 

Iterations: 273 
|-------------|-------------|-------------|-------------|
|-------------------------------------------------------|

Current time: 2024-11-25 10:23:32
MCMC time 1.6 mins 

USED COMPONENTS: 24 OF 74 

rel. MC standard error: 0.0139 to 0.0713
eff. sample size: 197 to 5150
needed thinning: 2 to 37
Diagnostics time 0.25 secs 

Total number of iterations 4809 - required further 287 

Chain # 17 - chunk 7 (chain 1 of 4 for this core): increasing by 288 

Iterations: 288 
|-------------|-------------|-------------|-------------|
|-------------------------------------------------------|

Current time: 2024-11-25 10:23:38
MCMC time 1.7 mins 

USED COMPONENTS: 23 OF 74 

rel. MC standard error: 0.0145 to 0.0697
eff. sample size: 206 to 4790
needed thinning: 2 to 38
Diagnostics time 0.27 secs 

Total number of iterations 5097 - required further 295 

Chain # 17 - chunk 8 (chain 1 of 4 for this core): increasing by 296 

Iterations: 296 
|-------------|-------------|-------------|-------------|
|-------------------------------------------------------|

Current time: 2024-11-25 10:23:43
MCMC time 1.8 mins 

USED COMPONENTS: 23 OF 74 

rel. MC standard error: 0.0146 to 0.0689
eff. sample size: 211 to 4690
needed thinning: 2 to 39
Diagnostics time 0.25 secs 

Total number of iterations 5393 - required further 303 

Chain # 17 - chunk 9 (chain 1 of 4 for this core): increasing by 304 

Iterations: 304 
|-------------|-------------|-------------|-------------|
|-------------------------------------------------------|

Current time: 2024-11-25 10:23:49
MCMC time 1.9 mins 

USED COMPONENTS: 24 OF 74 

rel. MC standard error: 0.0137 to 0.0693
eff. sample size: 208 to 5320
needed thinning: 2 to 42
Diagnostics time 0.26 secs 

Total number of iterations 5697 - required further 326 

Chain # 17 - chunk 10 (chain 1 of 4 for this core): increasing by 327 

Iterations: 327 
|-------------|-------------|-------------|-------------|
|-------------------------------------------------------|

Current time: 2024-11-25 10:23:56
MCMC time 2 mins 

USED COMPONENTS: 23 OF 74 

rel. MC standard error: 0.0143 to 0.0667
eff. sample size: 225 to 4880
needed thinning: 2 to 41
Diagnostics time 0.29 secs 

Total number of iterations 6024 - required further 318 

Chain # 17 - chunk 11 (chain 1 of 4 for this core): increasing by 319 

Iterations: 319 
|-------------|-------------|-------------|-------------|
|-------------------------------------------------------|

Current time: 2024-11-25 10:24:02
MCMC time 2.1 mins 

USED COMPONENTS: 23 OF 74 

rel. MC standard error: 0.0136 to 0.0638
eff. sample size: 245 to 5420
needed thinning: 2 to 39
Diagnostics time 0.87 secs 

Total number of iterations 6343 - required further 303 

Chain # 17 - chunk 12 (chain 1 of 4 for this core): increasing by 304 

Iterations: 304 
|-------------|-------------|-------------|-------------|
|-------------------------------------------------------|

Current time: 2024-11-25 10:24:09
MCMC time 2.2 mins 

USED COMPONENTS: 23 OF 74 

rel. MC standard error: 0.0123 to 0.0627
eff. sample size: 255 to 6610
needed thinning: 2 to 40
Diagnostics time 0.75 secs 

Total number of iterations 6647 - required further 310 

Chain # 17 - chunk 13 (chain 1 of 4 for this core): increasing by 311 

Iterations: 311 
|-------------|-------------|-------------|-------------|
|-------------------------------------------------------|

Current time: 2024-11-25 10:24:15
MCMC time 2.3 mins 

USED COMPONENTS: 23 OF 74 

rel. MC standard error: 0.0133 to 0.0607
eff. sample size: 272 to 5660
needed thinning: 2 to 39
Diagnostics time 0.25 secs 

Total number of iterations 6958 - required further 303 

Chain # 17 - chunk 14 (chain 1 of 4 for this core): increasing by 304 

Iterations: 304 
|-------------|-------------|-------------|-------------|
|-------------------------------------------------------|

Current time: 2024-11-25 10:24:21
MCMC time 2.4 mins 

USED COMPONENTS: 22 OF 74 

rel. MC standard error: 0.012 to 0.0595
eff. sample size: 283 to 6940
needed thinning: 2 to 39
Diagnostics time 0.23 secs 

Total number of iterations 7262 - required further 303 

Chain # 17 - chunk 15 (chain 1 of 4 for this core): increasing by 304 

Iterations: 304 
|-------------|-------------|-------------|-------------|
|-------------------------------------------------------|

Current time: 2024-11-25 10:24:27
MCMC time 2.5 mins 

USED COMPONENTS: 22 OF 74 

rel. MC standard error: 0.0112 to 0.0578
eff. sample size: 300 to 7940
needed thinning: 2 to 38
Diagnostics time 0.26 secs 

Total number of iterations 7566 - required further 295 

Chain # 17 - chunk 16 (chain 1 of 4 for this core): increasing by 296 

Iterations: 296 
|-------------|-------------|-------------|-------------|
|-------------------------------------------------------|

Current time: 2024-11-25 10:24:33
MCMC time 2.6 mins 

USED COMPONENTS: 23 OF 74 

rel. MC standard error: 0.0112 to 0.0558
eff. sample size: 322 to 7930
needed thinning: 2 to 37
Diagnostics time 0.25 secs 

Total number of iterations 7862 - required further 287 

Chain # 17 - chunk 17 (chain 1 of 4 for this core): increasing by 288 

Iterations: 288 
|-------------|-------------|-------------|-------------|
|-------------------------------------------------------|

Current time: 2024-11-25 10:24:39
MCMC time 2.7 mins 

USED COMPONENTS: 23 OF 74 

rel. MC standard error: 0.0116 to 0.0549
eff. sample size: 332 to 7430
needed thinning: 2 to 37
Diagnostics time 0.28 secs 

Total number of iterations 8150 - required further 287 

Chain # 17 - chunk 18 (chain 1 of 4 for this core): increasing by 288 

Iterations: 288 
|-------------|-------------|-------------|-------------|
|-------------------------------------------------------|

Current time: 2024-11-25 10:24:44
MCMC time 2.8 mins 

USED COMPONENTS: 25 OF 74 

rel. MC standard error: 0.011 to 0.0537
eff. sample size: 347 to 8230
needed thinning: 2 to 37
Diagnostics time 0.23 secs 

Total number of iterations 8438 - required further 287 

Chain # 17 - chunk 19 (chain 1 of 4 for this core): increasing by 288 

Iterations: 288 
|-------------|-------------|-------------|-------------|
|-------------------------------------------------------|

Current time: 2024-11-25 10:24:50
MCMC time 2.9 mins 

USED COMPONENTS: 25 OF 74 

rel. MC standard error: 0.0112 to 0.0527
eff. sample size: 360 to 8020
needed thinning: 2 to 37
Diagnostics time 0.23 secs 

Total number of iterations 8726 - required further 287 

Chain # 17 - chunk 20 (chain 1 of 4 for this core): increasing by 288 

Iterations: 288 
|-------------|-------------|-------------|-------------|
|-------------------------------------------------------|

Current time: 2024-11-25 10:24:56
MCMC time 3 mins 

USED COMPONENTS: 24 OF 74 

rel. MC standard error: 0.0104 to 0.0511
eff. sample size: 384 to 9270
needed thinning: 2 to 36
Diagnostics time 0.23 secs 

Total number of iterations 9014 - required further 279 

Chain # 17 - chunk 21 (chain 1 of 4 for this core): increasing by 280 

Iterations: 280 
|-------------|-------------|-------------|-------------|
|-------------------------------------------------------|

Current time: 2024-11-25 10:25:01
MCMC time 3.1 mins 

USED COMPONENTS: 23 OF 74 

rel. MC standard error: 0.0103 to 0.0508
eff. sample size: 388 to 9450
needed thinning: 2 to 36
Diagnostics time 0.25 secs 

Total number of iterations 9294 - required further 279 

Chain # 17 - chunk 22 (chain 1 of 4 for this core): increasing by 280 

Iterations: 280 
|-------------|-------------|-------------|-------------|
|-------------------------------------------------------|

Current time: 2024-11-25 10:25:06
MCMC time 3.2 mins 

USED COMPONENTS: 24 OF 74 

rel. MC standard error: 0.00989 to 0.0514
eff. sample size: 378 to 10200
needed thinning: 2 to 38
Diagnostics time 0.23 secs 

Total number of iterations 9574 - required further 295 

Chain # 17 - chunk 23 (chain 1 of 4 for this core): increasing by 296 

Iterations: 296 
|-------------|-------------|-------------|-------------|
|-------------------------------------------------------|

Current time: 2024-11-25 10:25:12
MCMC time 3.3 mins 

USED COMPONENTS: 24 OF 74 

rel. MC standard error: 0.0105 to 0.0519
eff. sample size: 371 to 9130
needed thinning: 2 to 40
Diagnostics time 0.27 secs 

Total number of iterations 9870 - required further 310 

Chain # 17 - chunk 24 (chain 1 of 4 for this core): increasing by 311 

Iterations: 311 
|-------------|-------------|-------------|-------------|
|-------------------------------------------------------|

Current time: 2024-11-25 10:25:18
MCMC time 3.4 mins 

USED COMPONENTS: 26 OF 74 

rel. MC standard error: 0.00982 to 0.0514
eff. sample size: 378 to 10400
needed thinning: 2 to 41
Diagnostics time 0.29 secs 

Total number of iterations 10181 - required further 318 

Chain # 17 - chunk 25 (chain 1 of 4 for this core): increasing by 319 

Iterations: 319 
|-------------|-------------|-------------|-------------|
|-------------------------------------------------------|

Current time: 2024-11-25 10:25:24
MCMC time 3.5 mins 

USED COMPONENTS: 22 OF 74 

rel. MC standard error: 0.0103 to 0.0507
eff. sample size: 390 to 9480
needed thinning: 2 to 41
Diagnostics time 0.27 secs 

Total number of iterations 10500 - required further 318 

Chain # 17 - chunk 26 (chain 1 of 4 for this core): increasing by 319 

Iterations: 319 
|-------------|-------------|-------------|-------------|
|-------------------------------------------------------|

Current time: 2024-11-25 10:25:31
MCMC time 3.6 mins 

USED COMPONENTS: 23 OF 74 

rel. MC standard error: 0.0102 to 0.0511
eff. sample size: 383 to 9540
needed thinning: 2 to 43
Diagnostics time 0.29 secs 

Total number of iterations 10819 - required further 334 

Chain # 17 - chunk 27 (chain 1 of 4 for this core): increasing by 335 

Iterations: 335 
|-------------|-------------|-------------|-------------|
|-------------------------------------------------------|

Current time: 2024-11-25 10:25:37
MCMC time 3.7 mins 

USED COMPONENTS: 23 OF 74 

rel. MC standard error: 0.00971 to 0.0501
eff. sample size: 399 to 10600
needed thinning: 2 to 42
Diagnostics time 0.28 secs 

Total number of iterations 11154 - required further 326 

Chain # 17 - chunk 28 (chain 1 of 4 for this core): increasing by 327 

Iterations: 327 
|-------------|-------------|-------------|-------------|
|-------------------------------------------------------|

Current time: 2024-11-25 10:25:44
MCMC time 3.8 mins 

USED COMPONENTS: 24 OF 74 

rel. MC standard error: 0.00954 to 0.05
eff. sample size: 400 to 11000
needed thinning: 2 to 44
Diagnostics time 0.3 secs 

Total number of iterations 11481 - required further 341 

Chain # 17 - chunk 29 (chain 1 of 4 for this core): increasing by 342 

Iterations: 342 
|-------------|-------------|-------------|-------------|
|-------------------------------------------------------|

Current time: 2024-11-25 10:25:50
MCMC time 3.9 mins 

USED COMPONENTS: 22 OF 74 

rel. MC standard error: 0.00888 to 0.0492
eff. sample size: 413 to 12700
needed thinning: 2 to 43
Diagnostics time 0.84 secs 

Total number of iterations 11823 - required further 0 

Keeping last 60 samples with thinning 43 

Plotting traces and samples.

Current time: 2024-11-25 10:25:52
MCMC + diagnostics time 3.9 mins 

Chain # 18 (chain 2 of 4 for this core)

Datapoints for testing convergence:
 #11 #13 #14 #16 #20 #31 #45 #50 #52 #54 #65 #75 #87 #103 #105 #106 #108 #115 #125 #135 

Iterations: 3600 
|-------------|-------------|-------------|-------------|
|-------------------------------------------------------|

Current time: 2024-11-25 10:26:58
MCMC time 5 mins 

USED COMPONENTS: 29 OF 74 

rel. MC standard error: 0.0193 to 0.0607
eff. sample size: 272 to 2690
needed thinning: 3 to 20
Diagnostics time 3 secs 

Total number of iterations 3600 - required further 155 

Chain # 18 - chunk 2 (chain 2 of 4 for this core): increasing by 156 

Iterations: 156 
|-------------|-------------|-------------|-------------|
|-------------------------------------------------------|

Current time: 2024-11-25 10:27:05
MCMC time 5.2 mins 

USED COMPONENTS: 26 OF 74 

rel. MC standard error: 0.0184 to 0.0589
eff. sample size: 288 to 2940
needed thinning: 2 to 20
Diagnostics time 0.13 secs 

Total number of iterations 3756 - required further 155 

Chain # 18 - chunk 3 (chain 2 of 4 for this core): increasing by 156 

Iterations: 156 
|-------------|-------------|-------------|-------------|
|-------------------------------------------------------|

Current time: 2024-11-25 10:27:09
MCMC time 5.2 mins 

USED COMPONENTS: 25 OF 74 

rel. MC standard error: 0.0176 to 0.0573
eff. sample size: 305 to 3230
needed thinning: 2 to 20
Diagnostics time 0.14 secs 

Total number of iterations 3912 - required further 155 

Chain # 18 - chunk 4 (chain 2 of 4 for this core): increasing by 156 

Iterations: 156 
|-------------|-------------|-------------|-------------|
|-------------------------------------------------------|

Current time: 2024-11-25 10:27:12
MCMC time 5.3 mins 

USED COMPONENTS: 25 OF 74 

rel. MC standard error: 0.0173 to 0.0563
eff. sample size: 315 to 3330
needed thinning: 2 to 20
Diagnostics time 0.16 secs 

Total number of iterations 4068 - required further 155 

Chain # 18 - chunk 5 (chain 2 of 4 for this core): increasing by 156 

Iterations: 156 
|-------------|-------------|-------------|-------------|
|-------------------------------------------------------|

Current time: 2024-11-25 10:27:15
MCMC time 5.3 mins 

USED COMPONENTS: 26 OF 74 

rel. MC standard error: 0.0174 to 0.0538
eff. sample size: 346 to 3290
needed thinning: 2 to 19
Diagnostics time 0.15 secs 

Total number of iterations 4224 - required further 148 

Chain # 18 - chunk 6 (chain 2 of 4 for this core): increasing by 149 

Iterations: 149 
|-------------|-------------|-------------|-------------|
|-------------------------------------------------------|

Current time: 2024-11-25 10:27:18
MCMC time 5.4 mins 

USED COMPONENTS: 26 OF 74 

rel. MC standard error: 0.0159 to 0.0533
eff. sample size: 352 to 3930
needed thinning: 2 to 19
Diagnostics time 0.15 secs 

Total number of iterations 4373 - required further 148 

Chain # 18 - chunk 7 (chain 2 of 4 for this core): increasing by 149 

Iterations: 149 
|-------------|-------------|-------------|-------------|
|-------------------------------------------------------|

Current time: 2024-11-25 10:27:20
MCMC time 5.4 mins 

USED COMPONENTS: 25 OF 74 

rel. MC standard error: 0.0161 to 0.0528
eff. sample size: 358 to 3860
needed thinning: 2 to 19
Diagnostics time 0.15 secs 

Total number of iterations 4522 - required further 148 

Chain # 18 - chunk 8 (chain 2 of 4 for this core): increasing by 149 

Iterations: 149 
|-------------|-------------|-------------|-------------|
|-------------------------------------------------------|

Current time: 2024-11-25 10:27:23
MCMC time 5.5 mins 

USED COMPONENTS: 25 OF 74 

rel. MC standard error: 0.016 to 0.0508
eff. sample size: 387 to 3900
needed thinning: 2 to 19
Diagnostics time 0.74 secs 

Total number of iterations 4671 - required further 148 

Chain # 18 - chunk 9 (chain 2 of 4 for this core): increasing by 149 

Iterations: 149 
|-------------|-------------|-------------|-------------|
|-------------------------------------------------------|

Current time: 2024-11-25 10:27:27
MCMC time 5.5 mins 

USED COMPONENTS: 27 OF 74 

rel. MC standard error: 0.0139 to 0.0481
eff. sample size: 432 to 5170
needed thinning: 2 to 17
Diagnostics time 0.12 secs 

Total number of iterations 4820 - required further 0 

Keeping last 60 samples with thinning 17 

Plotting traces and samples.

Current time: 2024-11-25 10:27:28
MCMC + diagnostics time 5.5 mins 

Chain # 19 (chain 3 of 4 for this core)

Datapoints for testing convergence:
 #5 #8 #17 #23 #24 #29 #30 #33 #41 #52 #53 #54 #60 #63 #69 #78 #79 #85 #94 #142 

Iterations: 3600 
|-------------|-------------|-------------|-------------|
|-------------------------------------------------------|

Current time: 2024-11-25 10:28:34
MCMC time 6.6 mins 

USED COMPONENTS: 29 OF 74 

rel. MC standard error: 0.0164 to 0.0827
eff. sample size: 146 to 3720
needed thinning: 2 to 37
Diagnostics time 2.9 secs 

Total number of iterations 3600 - required further 287 

Chain # 19 - chunk 2 (chain 3 of 4 for this core): increasing by 288 

Iterations: 288 
|-------------|-------------|-------------|-------------|
|-------------------------------------------------------|

Current time: 2024-11-25 10:28:43
MCMC time 6.8 mins 

USED COMPONENTS: 28 OF 74 

rel. MC standard error: 0.0163 to 0.0804
eff. sample size: 155 to 3770
needed thinning: 2 to 38
Diagnostics time 0.29 secs 

Total number of iterations 3888 - required further 295 

Chain # 19 - chunk 3 (chain 3 of 4 for this core): increasing by 296 

Iterations: 296 
|-------------|-------------|-------------|-------------|
|-------------------------------------------------------|

Current time: 2024-11-25 10:28:49
MCMC time 6.9 mins 

USED COMPONENTS: 29 OF 74 

rel. MC standard error: 0.0163 to 0.0817
eff. sample size: 150 to 3760
needed thinning: 2 to 42
Diagnostics time 0.91 secs 

Total number of iterations 4184 - required further 326 

Chain # 19 - chunk 4 (chain 3 of 4 for this core): increasing by 327 

Iterations: 327 
|-------------|-------------|-------------|-------------|
|-------------------------------------------------------|

Current time: 2024-11-25 10:28:56
MCMC time 7 mins 

USED COMPONENTS: 30 OF 74 

rel. MC standard error: 0.0148 to 0.0791
eff. sample size: 160 to 4570
needed thinning: 2 to 43
Diagnostics time 0.28 secs 

Total number of iterations 4511 - required further 334 

Chain # 19 - chunk 5 (chain 3 of 4 for this core): increasing by 335 

Iterations: 335 
|-------------|-------------|-------------|-------------|
|-------------------------------------------------------|

Current time: 2024-11-25 10:29:02
MCMC time 7.1 mins 

USED COMPONENTS: 29 OF 74 

rel. MC standard error: 0.0146 to 0.0765
eff. sample size: 171 to 4670
needed thinning: 2 to 43
Diagnostics time 0.27 secs 

Total number of iterations 4846 - required further 334 

Chain # 19 - chunk 6 (chain 3 of 4 for this core): increasing by 335 

Iterations: 335 
|-------------|-------------|-------------|-------------|
|-------------------------------------------------------|

Current time: 2024-11-25 10:29:09
MCMC time 7.2 mins 

USED COMPONENTS: 30 OF 74 

rel. MC standard error: 0.0147 to 0.0739
eff. sample size: 183 to 4630
needed thinning: 2 to 43
Diagnostics time 0.25 secs 

Total number of iterations 5181 - required further 334 

Chain # 19 - chunk 7 (chain 3 of 4 for this core): increasing by 335 

Iterations: 335 
|-------------|-------------|-------------|-------------|
|-------------------------------------------------------|

Current time: 2024-11-25 10:29:15
MCMC time 7.3 mins 

USED COMPONENTS: 27 OF 74 

rel. MC standard error: 0.0157 to 0.0726
eff. sample size: 190 to 4050
needed thinning: 3 to 44
Diagnostics time 0.29 secs 

Total number of iterations 5516 - required further 341 

Chain # 19 - chunk 8 (chain 3 of 4 for this core): increasing by 342 

Iterations: 342 
|-------------|-------------|-------------|-------------|
|-------------------------------------------------------|

Current time: 2024-11-25 10:29:22
MCMC time 7.4 mins 

USED COMPONENTS: 27 OF 74 

rel. MC standard error: 0.0148 to 0.0737
eff. sample size: 184 to 4560
needed thinning: 2 to 48
Diagnostics time 0.31 secs 

Total number of iterations 5858 - required further 372 

Chain # 19 - chunk 9 (chain 3 of 4 for this core): increasing by 373 

Iterations: 373 
|-------------|-------------|-------------|-------------|
|-------------------------------------------------------|

Current time: 2024-11-25 10:29:29
MCMC time 7.5 mins 

USED COMPONENTS: 27 OF 74 

rel. MC standard error: 0.014 to 0.0723
eff. sample size: 191 to 5090
needed thinning: 2 to 49
Diagnostics time 0.3 secs 

Total number of iterations 6231 - required further 380 

Chain # 19 - chunk 10 (chain 3 of 4 for this core): increasing by 381 

Iterations: 381 
|-------------|-------------|-------------|-------------|
|-------------------------------------------------------|

Current time: 2024-11-25 10:29:36
MCMC time 7.7 mins 

USED COMPONENTS: 29 OF 74 

rel. MC standard error: 0.0145 to 0.0716
eff. sample size: 195 to 4750
needed thinning: 3 to 51
Diagnostics time 0.34 secs 

Total number of iterations 6612 - required further 396 

Chain # 19 - chunk 11 (chain 3 of 4 for this core): increasing by 397 

Iterations: 397 
|-------------|-------------|-------------|-------------|
|-------------------------------------------------------|

Current time: 2024-11-25 10:29:44
MCMC time 7.8 mins 

USED COMPONENTS: 28 OF 74 

rel. MC standard error: 0.0131 to 0.0711
eff. sample size: 198 to 5810
needed thinning: 2 to 54
Diagnostics time 0.31 secs 

Total number of iterations 7009 - required further 419 

Chain # 19 - chunk 12 (chain 3 of 4 for this core): increasing by 420 

Iterations: 420 
|-------------|-------------|-------------|-------------|
|-------------------------------------------------------|

Current time: 2024-11-25 10:29:52
MCMC time 7.9 mins 

USED COMPONENTS: 28 OF 74 

rel. MC standard error: 0.0123 to 0.0694
eff. sample size: 208 to 6560
needed thinning: 2 to 54
Diagnostics time 0.33 secs 

Total number of iterations 7429 - required further 419 

Chain # 19 - chunk 13 (chain 3 of 4 for this core): increasing by 420 

Iterations: 420 
|-------------|-------------|-------------|-------------|
|-------------------------------------------------------|

Current time: 2024-11-25 10:30:00
MCMC time 8.1 mins 

USED COMPONENTS: 27 OF 74 

rel. MC standard error: 0.0123 to 0.069
eff. sample size: 210 to 6580
needed thinning: 2 to 57
Diagnostics time 0.36 secs 

Total number of iterations 7849 - required further 442 

Chain # 19 - chunk 14 (chain 3 of 4 for this core): increasing by 443 

Iterations: 443 
|-------------|-------------|-------------|-------------|
|-------------------------------------------------------|

Current time: 2024-11-25 10:30:09
MCMC time 8.2 mins 

USED COMPONENTS: 26 OF 74 

rel. MC standard error: 0.0126 to 0.0674
eff. sample size: 220 to 6260
needed thinning: 2 to 57
Diagnostics time 0.36 secs 

Total number of iterations 8292 - required further 442 

Chain # 19 - chunk 15 (chain 3 of 4 for this core): increasing by 443 

Iterations: 443 
|-------------|-------------|-------------|-------------|
|-------------------------------------------------------|

Current time: 2024-11-25 10:30:18
MCMC time 8.4 mins 

USED COMPONENTS: 26 OF 74 

rel. MC standard error: 0.0121 to 0.0677
eff. sample size: 218 to 6870
needed thinning: 2 to 61
Diagnostics time 0.32 secs 

Total number of iterations 8735 - required further 473 

Chain # 19 - chunk 16 (chain 3 of 4 for this core): increasing by 474 

Iterations: 474 
|-------------|-------------|-------------|-------------|
|-------------------------------------------------------|

Current time: 2024-11-25 10:30:27
MCMC time 8.5 mins 

USED COMPONENTS: 25 OF 74 

rel. MC standard error: 0.0115 to 0.0682
eff. sample size: 215 to 7560
needed thinning: 2 to 65
Diagnostics time 0.35 secs 

Total number of iterations 9209 - required further 504 

Chain # 19 - chunk 17 (chain 3 of 4 for this core): increasing by 505 

Iterations: 505 
|-------------|-------------|-------------|-------------|
|-------------------------------------------------------|

Current time: 2024-11-25 10:30:37
MCMC time 8.7 mins 

USED COMPONENTS: 26 OF 74 

rel. MC standard error: 0.0116 to 0.0665
eff. sample size: 226 to 7370
needed thinning: 2 to 65
Diagnostics time 0.41 secs 

Total number of iterations 9714 - required further 504 

Chain # 19 - chunk 18 (chain 3 of 4 for this core): increasing by 505 

Iterations: 505 
|-------------|-------------|-------------|-------------|
|-------------------------------------------------------|

Current time: 2024-11-25 10:30:47
MCMC time 8.8 mins 

USED COMPONENTS: 25 OF 74 

rel. MC standard error: 0.0116 to 0.0668
eff. sample size: 224 to 7440
needed thinning: 3 to 69
Diagnostics time 0.37 secs 

Total number of iterations 10219 - required further 535 

Chain # 19 - chunk 19 (chain 3 of 4 for this core): increasing by 536 

Iterations: 536 
|-------------|-------------|-------------|-------------|
|-------------------------------------------------------|

Current time: 2024-11-25 10:30:57
MCMC time 9 mins 

USED COMPONENTS: 23 OF 74 

rel. MC standard error: 0.0101 to 0.0661
eff. sample size: 229 to 9840
needed thinning: 2 to 71
Diagnostics time 0.45 secs 

Total number of iterations 10755 - required further 550 

Chain # 19 - chunk 20 (chain 3 of 4 for this core): increasing by 551 

Iterations: 551 
|-------------|-------------|-------------|-------------|
|-------------------------------------------------------|

Current time: 2024-11-25 10:31:08
MCMC time 9.2 mins 

USED COMPONENTS: 22 OF 74 

rel. MC standard error: 0.011 to 0.0646
eff. sample size: 240 to 8220
needed thinning: 3 to 71
Diagnostics time 0.38 secs 

Total number of iterations 11306 - required further 550 

Chain # 19 - chunk 21 (chain 3 of 4 for this core): increasing by 551 

Iterations: 551 
|-------------|-------------|-------------|-------------|
|-------------------------------------------------------|

Current time: 2024-11-25 10:31:19
MCMC time 9.4 mins 

USED COMPONENTS: 25 OF 74 

rel. MC standard error: 0.0107 to 0.0636
eff. sample size: 247 to 8680
needed thinning: 3 to 73
Diagnostics time 0.46 secs 

Total number of iterations 11857 - required further 566 

Chain # 19 - chunk 22 (chain 3 of 4 for this core): increasing by 567 

Iterations: 567 
|-------------|-------------|-------------|-------------|
|-------------------------------------------------------|

Current time: 2024-11-25 10:31:30
MCMC time 9.6 mins 

USED COMPONENTS: 24 OF 74 

rel. MC standard error: 0.00992 to 0.063
eff. sample size: 252 to 10200
needed thinning: 2 to 74
Diagnostics time 0.4 secs 

Total number of iterations 12424 - required further 574 

Chain # 19 - chunk 23 (chain 3 of 4 for this core): increasing by 575 

Iterations: 575 
|-------------|-------------|-------------|-------------|
|-------------------------------------------------------|

Current time: 2024-11-25 10:31:42
MCMC time 9.8 mins 

USED COMPONENTS: 23 OF 74 

rel. MC standard error: 0.00987 to 0.0623
eff. sample size: 258 to 10300
needed thinning: 2 to 76
Diagnostics time 0.45 secs 

Total number of iterations 12999 - required further 589 

Chain # 19 - chunk 24 (chain 3 of 4 for this core): increasing by 590 

Iterations: 590 
|-------------|-------------|-------------|-------------|
|-------------------------------------------------------|

Current time: 2024-11-25 10:31:53
MCMC time 10 mins 

USED COMPONENTS: 22 OF 74 

rel. MC standard error: 0.00908 to 0.0615
eff. sample size: 265 to 12100
needed thinning: 2 to 77
Diagnostics time 0.43 secs 

Total number of iterations 13589 - required further 597 

Chain # 19 - chunk 25 (chain 3 of 4 for this core): increasing by 598 

Iterations: 598 
|-------------|-------------|-------------|-------------|
|-------------------------------------------------------|

Current time: 2024-11-25 10:32:05
MCMC time 10 mins 

USED COMPONENTS: 23 OF 74 

rel. MC standard error: 0.00933 to 0.0612
eff. sample size: 267 to 11500
needed thinning: 2 to 80
Diagnostics time 0.51 secs 

Total number of iterations 14187 - required further 620 

Chain # 19 - chunk 26 (chain 3 of 4 for this core): increasing by 621 

Iterations: 621 
|-------------|-------------|-------------|-------------|
|-------------------------------------------------------|

Current time: 2024-11-25 10:32:18
MCMC time 10 mins 

USED COMPONENTS: 25 OF 74 

rel. MC standard error: 0.00892 to 0.0607
eff. sample size: 271 to 12600
needed thinning: 2 to 82
Diagnostics time 0.44 secs 

Total number of iterations 14808 - required further 636 

Chain # 19 - chunk 27 (chain 3 of 4 for this core): increasing by 637 

Iterations: 637 
|-------------|-------------|-------------|-------------|
|-------------------------------------------------------|

Current time: 2024-11-25 10:32:30
MCMC time 11 mins 

USED COMPONENTS: 22 OF 74 

rel. MC standard error: 0.00827 to 0.0597
eff. sample size: 281 to 14600
needed thinning: 2 to 83
Diagnostics time 0.5 secs 

Total number of iterations 15445 - required further 643 

Chain # 19 - chunk 28 (chain 3 of 4 for this core): increasing by 644 

Iterations: 644 
|-------------|-------------|-------------|-------------|
|-------------------------------------------------------|

Current time: 2024-11-25 10:32:42
MCMC time 11 mins 

USED COMPONENTS: 22 OF 74 

rel. MC standard error: 0.00879 to 0.0595
eff. sample size: 282 to 13000
needed thinning: 2 to 86
Diagnostics time 1.1 secs 

Total number of iterations 16089 - required further 667 

Chain # 19 - chunk 29 (chain 3 of 4 for this core): increasing by 668 

Iterations: 668 
|-------------|-------------|-------------|-------------|
|-------------------------------------------------------|

Current time: 2024-11-25 10:32:56
MCMC time 11 mins 

USED COMPONENTS: 21 OF 74 

rel. MC standard error: 0.00828 to 0.0593
eff. sample size: 284 to 14600
needed thinning: 2 to 89
Diagnostics time 0.54 secs 

Total number of iterations 16757 - required further 690 

Chain # 19 - chunk 30 (chain 3 of 4 for this core): increasing by 691 

Iterations: 691 
|-------------|-------------|-------------|-------------|
|-------------------------------------------------------|

Current time: 2024-11-25 10:33:09
MCMC time 11 mins 

USED COMPONENTS: 21 OF 74 

rel. MC standard error: 0.00846 to 0.0586
eff. sample size: 291 to 14000
needed thinning: 2 to 90
Diagnostics time 1 secs 

Total number of iterations 17448 - required further 698 

Chain # 19 - chunk 31 (chain 3 of 4 for this core): increasing by 699 

Iterations: 699 
|-------------|-------------|-------------|-------------|
|-------------------------------------------------------|

Current time: 2024-11-25 10:33:23
MCMC time 11 mins 

USED COMPONENTS: 21 OF 74 

rel. MC standard error: 0.00843 to 0.0571
eff. sample size: 307 to 14100
needed thinning: 2 to 89
Diagnostics time 0.56 secs 

Total number of iterations 18147 - required further 690 

Chain # 19 - chunk 32 (chain 3 of 4 for this core): increasing by 691 

Iterations: 691 
|-------------|-------------|-------------|-------------|
|-------------------------------------------------------|

Current time: 2024-11-25 10:33:36
MCMC time 12 mins 

USED COMPONENTS: 21 OF 74 

rel. MC standard error: 0.00836 to 0.0564
eff. sample size: 315 to 14300
needed thinning: 2 to 90
Diagnostics time 1.1 secs 

Total number of iterations 18838 - required further 698 

Chain # 19 - chunk 33 (chain 3 of 4 for this core): increasing by 699 

Iterations: 699 
|-------------|-------------|-------------|-------------|
|-------------------------------------------------------|

Current time: 2024-11-25 10:33:50
MCMC time 12 mins 

USED COMPONENTS: 22 OF 74 

rel. MC standard error: 0.00741 to 0.056
eff. sample size: 318 to 18200
needed thinning: 2 to 93
Diagnostics time 1 secs 

Total number of iterations 19537 - required further 721 

Chain # 19 - chunk 34 (chain 3 of 4 for this core): increasing by 722 

Iterations: 722 
|-------------|-------------|-------------|-------------|
|-------------------------------------------------------|

Current time: 2024-11-25 10:34:05
MCMC time 12 mins 

USED COMPONENTS: 21 OF 74 

rel. MC standard error: 0.00764 to 0.0559
eff. sample size: 320 to 17100
needed thinning: 2 to 96
Diagnostics time 0.55 secs 

Total number of iterations 20259 - required further 744 

Chain # 19 - chunk 35 (chain 3 of 4 for this core): increasing by 745 

Iterations: 745 
|-------------|-------------|-------------|-------------|
|-------------------------------------------------------|

Current time: 2024-11-25 10:34:19
MCMC time 12 mins 

USED COMPONENTS: 22 OF 74 

rel. MC standard error: 0.00766 to 0.0556
eff. sample size: 324 to 17000
needed thinning: 2 to 98
Diagnostics time 1.1 secs 

Total number of iterations 21004 - required further 760 

Chain # 19 - chunk 36 (chain 3 of 4 for this core): increasing by 761 

Iterations: 761 
|-------------|-------------|-------------|-------------|
|-------------------------------------------------------|

Current time: 2024-11-25 10:34:34
MCMC time 13 mins 

USED COMPONENTS: 22 OF 74 

rel. MC standard error: 0.00795 to 0.0544
eff. sample size: 338 to 15800
needed thinning: 3 to 97
Diagnostics time 0.64 secs 

Total number of iterations 21765 - required further 752 

Chain # 19 - chunk 37 (chain 3 of 4 for this core): increasing by 753 

Iterations: 753 
|-------------|-------------|-------------|-------------|
|-------------------------------------------------------|

Current time: 2024-11-25 10:34:49
MCMC time 13 mins 

USED COMPONENTS: 22 OF 74 

rel. MC standard error: 0.00721 to 0.0529
eff. sample size: 358 to 19200
needed thinning: 2 to 95
Diagnostics time 0.51 secs 

Total number of iterations 22518 - required further 736 

Chain # 19 - chunk 38 (chain 3 of 4 for this core): increasing by 737 

Iterations: 737 
|-------------|-------------|-------------|-------------|
|-------------------------------------------------------|

Current time: 2024-11-25 10:35:03
MCMC time 13 mins 

USED COMPONENTS: 22 OF 74 

rel. MC standard error: 0.0075 to 0.0527
eff. sample size: 361 to 17800
needed thinning: 2 to 97
Diagnostics time 0.6 secs 

Total number of iterations 23255 - required further 752 

Chain # 19 - chunk 39 (chain 3 of 4 for this core): increasing by 753 

Iterations: 753 
|-------------|-------------|-------------|-------------|
|-------------------------------------------------------|

Current time: 2024-11-25 10:35:18
MCMC time 13 mins 

USED COMPONENTS: 22 OF 74 

rel. MC standard error: 0.0074 to 0.0514
eff. sample size: 379 to 18300
needed thinning: 2 to 96
Diagnostics time 0.51 secs 

Total number of iterations 24008 - required further 744 

Chain # 19 - chunk 40 (chain 3 of 4 for this core): increasing by 745 

Iterations: 745 
|-------------|-------------|-------------|-------------|
|-------------------------------------------------------|

Current time: 2024-11-25 10:35:32
MCMC time 14 mins 

USED COMPONENTS: 21 OF 74 

rel. MC standard error: 0.00696 to 0.0522
eff. sample size: 367 to 20600
needed thinning: 2 to 102
Diagnostics time 0.53 secs 

Total number of iterations 24753 - required further 791 

Chain # 19 - chunk 41 (chain 3 of 4 for this core): increasing by 792 

Iterations: 792 
|-------------|-------------|-------------|-------------|
|-------------------------------------------------------|

Current time: 2024-11-25 10:35:47
MCMC time 14 mins 

USED COMPONENTS: 22 OF 74 

rel. MC standard error: 0.00663 to 0.0511
eff. sample size: 383 to 22700
needed thinning: 2 to 100
Diagnostics time 0.58 secs 

Total number of iterations 25545 - required further 775 

Chain # 19 - chunk 42 (chain 3 of 4 for this core): increasing by 776 

Iterations: 776 
|-------------|-------------|-------------|-------------|
|-------------------------------------------------------|

Current time: 2024-11-25 10:36:02
MCMC time 14 mins 

USED COMPONENTS: 23 OF 74 

rel. MC standard error: 0.00667 to 0.0517
eff. sample size: 374 to 22500
needed thinning: 2 to 106
Diagnostics time 0.69 secs 

Total number of iterations 26321 - required further 822 

Chain # 19 - chunk 43 (chain 3 of 4 for this core): increasing by 823 

Iterations: 823 
|-------------|-------------|-------------|-------------|
|-------------------------------------------------------|

Current time: 2024-11-25 10:36:18
MCMC time 14 mins 

USED COMPONENTS: 22 OF 74 

rel. MC standard error: 0.00649 to 0.0505
eff. sample size: 392 to 23700
needed thinning: 2 to 104
Diagnostics time 0.6 secs 

Total number of iterations 27144 - required further 806 

Chain # 19 - chunk 44 (chain 3 of 4 for this core): increasing by 807 

Iterations: 807 
|-------------|-------------|-------------|-------------|
|-------------------------------------------------------|

Current time: 2024-11-25 10:36:33
MCMC time 15 mins 

USED COMPONENTS: 21 OF 74 

rel. MC standard error: 0.00689 to 0.0503
eff. sample size: 395 to 21100
needed thinning: 2 to 107
Diagnostics time 0.7 secs 

Total number of iterations 27951 - required further 829 

Chain # 19 - chunk 45 (chain 3 of 4 for this core): increasing by 830 

Iterations: 830 
|-------------|-------------|-------------|-------------|
|-------------------------------------------------------|

Current time: 2024-11-25 10:36:50
MCMC time 15 mins 

USED COMPONENTS: 23 OF 74 

rel. MC standard error: 0.00672 to 0.0489
eff. sample size: 418 to 22200
needed thinning: 2 to 104
Diagnostics time 0.59 secs 

Total number of iterations 28781 - required further 0 

Keeping last 60 samples with thinning 104 

Plotting traces and samples.

Current time: 2024-11-25 10:36:53
MCMC + diagnostics time 15 mins 

Chain # 20 (chain 4 of 4 for this core)

Datapoints for testing convergence:
 #1 #10 #13 #17 #24 #25 #33 #37 #38 #53 #57 #66 #71 #84 #92 #99 #100 #120 #123 #140 

Iterations: 3600 
|-------------|-------------|-------------|-------------|
|-------------------------------------------------------|

Current time: 2024-11-25 10:37:38
MCMC time 16 mins 

USED COMPONENTS: 27 OF 74 

rel. MC standard error: 0.0157 to 0.077
eff. sample size: 169 to 4060
needed thinning: 2 to 33
Diagnostics time 1.8 secs 

Total number of iterations 3600 - required further 256 

Chain # 20 - chunk 2 (chain 4 of 4 for this core): increasing by 257 

Iterations: 257 
|-------------|-------------|-------------|-------------|
|-------------------------------------------------------|

Current time: 2024-11-25 10:37:44
MCMC time 16 mins 

USED COMPONENTS: 26 OF 74 

rel. MC standard error: 0.0152 to 0.0741
eff. sample size: 182 to 4330
needed thinning: 2 to 32
Diagnostics time 0.1 secs 

Total number of iterations 3857 - required further 248 

Chain # 20 - chunk 3 (chain 4 of 4 for this core): increasing by 249 

Iterations: 249 
|-------------|-------------|-------------|-------------|
|-------------------------------------------------------|

Current time: 2024-11-25 10:37:46
MCMC time 16 mins 

USED COMPONENTS: 25 OF 74 

rel. MC standard error: 0.0141 to 0.0733
eff. sample size: 186 to 5000
needed thinning: 2 to 34
Diagnostics time 0.12 secs 

Total number of iterations 4106 - required further 264 

Chain # 20 - chunk 4 (chain 4 of 4 for this core): increasing by 265 

Iterations: 265 
|-------------|-------------|-------------|-------------|
|-------------------------------------------------------|

Current time: 2024-11-25 10:37:49
MCMC time 16 mins 

USED COMPONENTS: 24 OF 74 

rel. MC standard error: 0.0147 to 0.0704
eff. sample size: 202 to 4610
needed thinning: 2 to 33
Diagnostics time 0.12 secs 

Total number of iterations 4371 - required further 256 

Chain # 20 - chunk 5 (chain 4 of 4 for this core): increasing by 257 

Iterations: 257 
|-------------|-------------|-------------|-------------|
|-------------------------------------------------------|

Current time: 2024-11-25 10:37:52
MCMC time 16 mins 

USED COMPONENTS: 25 OF 74 

rel. MC standard error: 0.0136 to 0.0715
eff. sample size: 196 to 5430
needed thinning: 2 to 36
Diagnostics time 0.12 secs 

Total number of iterations 4628 - required further 279 

Chain # 20 - chunk 6 (chain 4 of 4 for this core): increasing by 280 

Iterations: 280 
|-------------|-------------|-------------|-------------|
|-------------------------------------------------------|

Current time: 2024-11-25 10:37:56
MCMC time 16 mins 

USED COMPONENTS: 25 OF 74 

rel. MC standard error: 0.015 to 0.0762
eff. sample size: 172 to 4460
needed thinning: 2 to 43
Diagnostics time 0.14 secs 

Total number of iterations 4908 - required further 334 

Chain # 20 - chunk 7 (chain 4 of 4 for this core): increasing by 335 

Iterations: 335 
|-------------|-------------|-------------|-------------|
|-------------------------------------------------------|

Current time: 2024-11-25 10:38:00
MCMC time 16 mins 

USED COMPONENTS: 26 OF 74 

rel. MC standard error: 0.0153 to 0.077
eff. sample size: 169 to 4270
needed thinning: 2 to 47
Diagnostics time 0.14 secs 

Total number of iterations 5243 - required further 365 

Chain # 20 - chunk 8 (chain 4 of 4 for this core): increasing by 366 

Iterations: 366 
|-------------|-------------|-------------|-------------|
|-------------------------------------------------------|

Current time: 2024-11-25 10:38:04
MCMC time 16 mins 

USED COMPONENTS: 26 OF 74 

rel. MC standard error: 0.0144 to 0.0753
eff. sample size: 176 to 4830
needed thinning: 2 to 48
Diagnostics time 0.17 secs 

Total number of iterations 5609 - required further 372 

Chain # 20 - chunk 9 (chain 4 of 4 for this core): increasing by 373 

Iterations: 373 
|-------------|-------------|-------------|-------------|
|-------------------------------------------------------|

Current time: 2024-11-25 10:38:08
MCMC time 16 mins 

USED COMPONENTS: 25 OF 74 

rel. MC standard error: 0.0132 to 0.0735
eff. sample size: 185 to 5700
needed thinning: 2 to 49
Diagnostics time 0.17 secs 

Total number of iterations 5982 - required further 380 

Chain # 20 - chunk 10 (chain 4 of 4 for this core): increasing by 381 

Iterations: 381 
|-------------|-------------|-------------|-------------|
|-------------------------------------------------------|

Current time: 2024-11-25 10:38:12
MCMC time 16 mins 

USED COMPONENTS: 25 OF 74 

rel. MC standard error: 0.0137 to 0.0707
eff. sample size: 200 to 5360
needed thinning: 2 to 48
Diagnostics time 0.17 secs 

Total number of iterations 6363 - required further 372 

Chain # 20 - chunk 11 (chain 4 of 4 for this core): increasing by 373 

Iterations: 373 
|-------------|-------------|-------------|-------------|
|-------------------------------------------------------|

Current time: 2024-11-25 10:38:17
MCMC time 16 mins 

USED COMPONENTS: 26 OF 74 

rel. MC standard error: 0.0132 to 0.0692
eff. sample size: 209 to 5740
needed thinning: 2 to 49
Diagnostics time 0.18 secs 

Total number of iterations 6736 - required further 380 

Chain # 20 - chunk 12 (chain 4 of 4 for this core): increasing by 381 

Iterations: 381 
|-------------|-------------|-------------|-------------|
|-------------------------------------------------------|

Current time: 2024-11-25 10:38:21
MCMC time 16 mins 

USED COMPONENTS: 25 OF 74 

rel. MC standard error: 0.0124 to 0.0675
eff. sample size: 220 to 6490
needed thinning: 2 to 49
Diagnostics time 0.15 secs 

Total number of iterations 7117 - required further 380 

Chain # 20 - chunk 13 (chain 4 of 4 for this core): increasing by 381 

Iterations: 381 
|-------------|-------------|-------------|-------------|
|-------------------------------------------------------|

Current time: 2024-11-25 10:38:26
MCMC time 16 mins 

USED COMPONENTS: 26 OF 74 

rel. MC standard error: 0.0124 to 0.0664
eff. sample size: 227 to 6480
needed thinning: 2 to 50
Diagnostics time 0.63 secs 

Total number of iterations 7498 - required further 388 

Chain # 20 - chunk 14 (chain 4 of 4 for this core): increasing by 389 

Iterations: 389 
|-------------|-------------|-------------|-------------|
|-------------------------------------------------------|

Current time: 2024-11-25 10:38:31
MCMC time 17 mins 

USED COMPONENTS: 25 OF 74 

rel. MC standard error: 0.0122 to 0.0641
eff. sample size: 243 to 6730
needed thinning: 2 to 49
Diagnostics time 0.16 secs 

Total number of iterations 7887 - required further 380 

Chain # 20 - chunk 15 (chain 4 of 4 for this core): increasing by 381 

Iterations: 381 
|-------------|-------------|-------------|-------------|
|-------------------------------------------------------|

Current time: 2024-11-25 10:38:35
MCMC time 17 mins 

USED COMPONENTS: 24 OF 74 

rel. MC standard error: 0.0116 to 0.0624
eff. sample size: 257 to 7380
needed thinning: 2 to 49
Diagnostics time 0.17 secs 

Total number of iterations 8268 - required further 380 

Chain # 20 - chunk 16 (chain 4 of 4 for this core): increasing by 381 

Iterations: 381 
|-------------|-------------|-------------|-------------|
|-------------------------------------------------------|

Current time: 2024-11-25 10:38:39
MCMC time 17 mins 

USED COMPONENTS: 24 OF 74 

rel. MC standard error: 0.0116 to 0.0612
eff. sample size: 267 to 7490
needed thinning: 2 to 49
Diagnostics time 0.16 secs 

Total number of iterations 8649 - required further 380 

Chain # 20 - chunk 17 (chain 4 of 4 for this core): increasing by 381 

Iterations: 381 
|-------------|-------------|-------------|-------------|
|-------------------------------------------------------|

Current time: 2024-11-25 10:38:44
MCMC time 17 mins 

USED COMPONENTS: 25 OF 74 

rel. MC standard error: 0.0107 to 0.0598
eff. sample size: 279 to 8790
needed thinning: 2 to 49
Diagnostics time 0.17 secs 

Total number of iterations 9030 - required further 380 

Chain # 20 - chunk 18 (chain 4 of 4 for this core): increasing by 381 

Iterations: 381 
|-------------|-------------|-------------|-------------|
|-------------------------------------------------------|

Current time: 2024-11-25 10:38:48
MCMC time 17 mins 

USED COMPONENTS: 26 OF 74 

rel. MC standard error: 0.0109 to 0.058
eff. sample size: 297 to 8450
needed thinning: 2 to 48
Diagnostics time 0.17 secs 

Total number of iterations 9411 - required further 372 

Chain # 20 - chunk 19 (chain 4 of 4 for this core): increasing by 373 

Iterations: 373 
|-------------|-------------|-------------|-------------|
|-------------------------------------------------------|

Current time: 2024-11-25 10:38:52
MCMC time 17 mins 

USED COMPONENTS: 26 OF 74 

rel. MC standard error: 0.0109 to 0.0565
eff. sample size: 313 to 8390
needed thinning: 2 to 47
Diagnostics time 0.16 secs 

Total number of iterations 9784 - required further 365 

Chain # 20 - chunk 20 (chain 4 of 4 for this core): increasing by 366 

Iterations: 366 
|-------------|-------------|-------------|-------------|
|-------------------------------------------------------|

Current time: 2024-11-25 10:38:57
MCMC time 17 mins 

USED COMPONENTS: 26 OF 74 

rel. MC standard error: 0.0108 to 0.0553
eff. sample size: 327 to 8640
needed thinning: 2 to 47
Diagnostics time 0.16 secs 

Total number of iterations 10150 - required further 365 

Chain # 20 - chunk 21 (chain 4 of 4 for this core): increasing by 366 

Iterations: 366 
|-------------|-------------|-------------|-------------|
|-------------------------------------------------------|

Current time: 2024-11-25 10:39:01
MCMC time 17 mins 

USED COMPONENTS: 25 OF 74 

rel. MC standard error: 0.0102 to 0.0543
eff. sample size: 339 to 9650
needed thinning: 2 to 47
Diagnostics time 0.17 secs 

Total number of iterations 10516 - required further 365 

Chain # 20 - chunk 22 (chain 4 of 4 for this core): increasing by 366 

Iterations: 366 
|-------------|-------------|-------------|-------------|
|-------------------------------------------------------|

Current time: 2024-11-25 10:39:05
MCMC time 17 mins 

USED COMPONENTS: 24 OF 74 

rel. MC standard error: 0.0108 to 0.0532
eff. sample size: 353 to 8570
needed thinning: 2 to 47
Diagnostics time 0.17 secs 

Total number of iterations 10882 - required further 365 

Chain # 20 - chunk 23 (chain 4 of 4 for this core): increasing by 366 

Iterations: 366 
|-------------|-------------|-------------|-------------|
|-------------------------------------------------------|

Current time: 2024-11-25 10:39:09
MCMC time 17 mins 

USED COMPONENTS: 26 OF 74 

rel. MC standard error: 0.0102 to 0.0525
eff. sample size: 363 to 9700
needed thinning: 2 to 47
Diagnostics time 0.17 secs 

Total number of iterations 11248 - required further 365 

Chain # 20 - chunk 24 (chain 4 of 4 for this core): increasing by 366 

Iterations: 366 
|-------------|-------------|-------------|-------------|
|-------------------------------------------------------|

Current time: 2024-11-25 10:39:14
MCMC time 17 mins 

USED COMPONENTS: 25 OF 74 

rel. MC standard error: 0.0099 to 0.0516
eff. sample size: 376 to 10200
needed thinning: 2 to 47
Diagnostics time 0.15 secs 

Total number of iterations 11614 - required further 365 

Chain # 20 - chunk 25 (chain 4 of 4 for this core): increasing by 366 

Iterations: 366 
|-------------|-------------|-------------|-------------|
|-------------------------------------------------------|

Current time: 2024-11-25 10:39:18
MCMC time 17 mins 

USED COMPONENTS: 24 OF 74 

rel. MC standard error: 0.01 to 0.0508
eff. sample size: 388 to 9980
needed thinning: 2 to 47
Diagnostics time 0.18 secs 

Total number of iterations 11980 - required further 365 

Chain # 20 - chunk 26 (chain 4 of 4 for this core): increasing by 366 

Iterations: 366 
|-------------|-------------|-------------|-------------|
|-------------------------------------------------------|

Current time: 2024-11-25 10:39:22
MCMC time 17 mins 

USED COMPONENTS: 25 OF 74 

rel. MC standard error: 0.0101 to 0.0499
eff. sample size: 401 to 9870
needed thinning: 2 to 47
Diagnostics time 0.15 secs 

Total number of iterations 12346 - required further 0 

Keeping last 60 samples with thinning 47 

Plotting traces and samples.

Current time: 2024-11-25 10:39:23
MCMC + diagnostics time 17 mins 

Current time: 2024-11-25 10:39:23
Total time 17 mins 
loaded inferno and set parent environment
loaded inferno and set parent environment
loaded inferno and set parent environment
loaded inferno and set parent environment
