Log core 3 - Current time: 2024-11-25 10:20:10
Defining model
Building model
Setting data and initial values
Running calculate on model
  [Note] Any error reports that follow may simply reflect missing values in model variables.
Checking model sizes and dimensions
Compiling
  [Note] This may take a minute.
  [Note] Use 'showCompilerOutput = TRUE' to see C++ compilation details.
===== Monitors =====
thin = 1: Bprob, Rmean, Rvar, W
thin2 = 1: K
===== Samplers =====
conjugate sampler (519)
  - Rmean[]  (148 elements)
  - Rrate[]  (148 elements)
  - Bprob[]  (74 elements)
  - Rvar[]  (148 elements)
  - W[1:74] 
categorical sampler (501)
  - Alpha
  - K[]  (500 elements)
===== Monitors =====
thin = 1: Bprob, Rmean, Rvar, W
thin2 = 1: K
===== Samplers =====
slice sampler (501)
  - Alpha
  - K[]  (500 elements)
conjugate sampler (519)
  - Rmean[]  (148 elements)
  - Rrate[]  (148 elements)
  - Bprob[]  (74 elements)
  - Rvar[]  (148 elements)
  - W[1:74] 
Compiling
  [Note] This may take a minute.
  [Note] Use 'showCompilerOutput = TRUE' to see C++ compilation details.

Setup time 2.4 mins 

Chain # 9 (chain 1 of 4 for this core)

Datapoints for testing convergence:
 #93 #98 #143 #161 #207 #223 #225 #229 #242 #245 #250 #278 #281 #282 #327 #330 #433 #449 #476 #498 

Iterations: 3600 
|-------------|-------------|-------------|-------------|
|-------------------------------------------------------|

Current time: 2024-11-25 10:28:12
MCMC time 5.6 mins 

USED COMPONENTS: 39 OF 74 

rel. MC standard error: 0.0151 to 0.0701
eff. sample size: 203 to 4390
needed thinning: 2 to 27
Diagnostics time 4 secs 

Total number of iterations 3600 - required further 210 

Chain # 9 - chunk 2 (chain 1 of 4 for this core): increasing by 211 

Iterations: 211 
|-------------|-------------|-------------|-------------|
|-------------------------------------------------------|

Current time: 2024-11-25 10:28:38
MCMC time 6.1 mins 

USED COMPONENTS: 39 OF 74 

rel. MC standard error: 0.0151 to 0.0685
eff. sample size: 213 to 4360
needed thinning: 2 to 27
Diagnostics time 0.24 secs 

Total number of iterations 3811 - required further 210 

Chain # 9 - chunk 3 (chain 1 of 4 for this core): increasing by 211 

Iterations: 211 
|-------------|-------------|-------------|-------------|
|-------------------------------------------------------|

Current time: 2024-11-25 10:28:57
MCMC time 6.4 mins 

USED COMPONENTS: 40 OF 74 

rel. MC standard error: 0.0149 to 0.0663
eff. sample size: 228 to 4500
needed thinning: 2 to 27
Diagnostics time 1.2 secs 

Total number of iterations 4022 - required further 210 

Chain # 9 - chunk 4 (chain 1 of 4 for this core): increasing by 211 

Iterations: 211 
|-------------|-------------|-------------|-------------|
|-------------------------------------------------------|

Current time: 2024-11-25 10:29:19
MCMC time 6.8 mins 

USED COMPONENTS: 38 OF 74 

rel. MC standard error: 0.0132 to 0.0668
eff. sample size: 224 to 5770
needed thinning: 2 to 29
Diagnostics time 0.35 secs 

Total number of iterations 4233 - required further 225 

Chain # 9 - chunk 5 (chain 1 of 4 for this core): increasing by 226 

Iterations: 226 
|-------------|-------------|-------------|-------------|
|-------------------------------------------------------|

Current time: 2024-11-25 10:29:40
MCMC time 7.1 mins 

USED COMPONENTS: 38 OF 74 

rel. MC standard error: 0.0142 to 0.0668
eff. sample size: 224 to 4940
needed thinning: 2 to 30
Diagnostics time 0.33 secs 

Total number of iterations 4459 - required further 233 

Chain # 9 - chunk 6 (chain 1 of 4 for this core): increasing by 234 

Iterations: 234 
|-------------|-------------|-------------|-------------|
|-------------------------------------------------------|

Current time: 2024-11-25 10:30:03
MCMC time 7.5 mins 

USED COMPONENTS: 39 OF 74 

rel. MC standard error: 0.0133 to 0.0658
eff. sample size: 231 to 5690
needed thinning: 2 to 31
Diagnostics time 0.27 secs 

Total number of iterations 4693 - required further 241 

Chain # 9 - chunk 7 (chain 1 of 4 for this core): increasing by 242 

Iterations: 242 
|-------------|-------------|-------------|-------------|
|-------------------------------------------------------|

Current time: 2024-11-25 10:30:27
MCMC time 7.9 mins 

USED COMPONENTS: 38 OF 74 

rel. MC standard error: 0.0126 to 0.0649
eff. sample size: 238 to 6260
needed thinning: 2 to 32
Diagnostics time 0.38 secs 

Total number of iterations 4935 - required further 248 

Chain # 9 - chunk 8 (chain 1 of 4 for this core): increasing by 249 

Iterations: 249 
|-------------|-------------|-------------|-------------|
|-------------------------------------------------------|

Current time: 2024-11-25 10:30:50
MCMC time 8.3 mins 

USED COMPONENTS: 38 OF 74 

rel. MC standard error: 0.0124 to 0.0659
eff. sample size: 230 to 6480
needed thinning: 2 to 34
Diagnostics time 0.27 secs 

Total number of iterations 5184 - required further 264 

Chain # 9 - chunk 9 (chain 1 of 4 for this core): increasing by 265 

Iterations: 265 
|-------------|-------------|-------------|-------------|
|-------------------------------------------------------|

Current time: 2024-11-25 10:31:15
MCMC time 8.7 mins 

USED COMPONENTS: 38 OF 74 

rel. MC standard error: 0.0128 to 0.0636
eff. sample size: 247 to 6130
needed thinning: 2 to 34
Diagnostics time 0.34 secs 

Total number of iterations 5449 - required further 264 

Chain # 9 - chunk 10 (chain 1 of 4 for this core): increasing by 265 

Iterations: 265 
|-------------|-------------|-------------|-------------|
|-------------------------------------------------------|

Current time: 2024-11-25 10:31:40
MCMC time 9.1 mins 

USED COMPONENTS: 38 OF 74 

rel. MC standard error: 0.0123 to 0.0632
eff. sample size: 250 to 6660
needed thinning: 2 to 35
Diagnostics time 0.36 secs 

Total number of iterations 5714 - required further 272 

Chain # 9 - chunk 11 (chain 1 of 4 for this core): increasing by 273 

Iterations: 273 
|-------------|-------------|-------------|-------------|
|-------------------------------------------------------|

Current time: 2024-11-25 10:32:06
MCMC time 9.6 mins 

USED COMPONENTS: 37 OF 74 

rel. MC standard error: 0.012 to 0.0613
eff. sample size: 266 to 6900
needed thinning: 2 to 34
Diagnostics time 0.42 secs 

Total number of iterations 5987 - required further 264 

Chain # 9 - chunk 12 (chain 1 of 4 for this core): increasing by 265 

Iterations: 265 
|-------------|-------------|-------------|-------------|
|-------------------------------------------------------|

Current time: 2024-11-25 10:32:31
MCMC time 10 mins 

USED COMPONENTS: 37 OF 74 

rel. MC standard error: 0.0115 to 0.0613
eff. sample size: 266 to 7500
needed thinning: 2 to 36
Diagnostics time 0.31 secs 

Total number of iterations 6252 - required further 279 

Chain # 9 - chunk 13 (chain 1 of 4 for this core): increasing by 280 

Iterations: 280 
|-------------|-------------|-------------|-------------|
|-------------------------------------------------------|

Current time: 2024-11-25 10:32:58
MCMC time 10 mins 

USED COMPONENTS: 37 OF 74 

rel. MC standard error: 0.011 to 0.0595
eff. sample size: 282 to 8340
needed thinning: 2 to 35
Diagnostics time 0.3 secs 

Total number of iterations 6532 - required further 272 

Chain # 9 - chunk 14 (chain 1 of 4 for this core): increasing by 273 

Iterations: 273 
|-------------|-------------|-------------|-------------|
|-------------------------------------------------------|

Current time: 2024-11-25 10:33:24
MCMC time 11 mins 

USED COMPONENTS: 38 OF 74 

rel. MC standard error: 0.0108 to 0.059
eff. sample size: 287 to 8570
needed thinning: 2 to 36
Diagnostics time 0.52 secs 

Total number of iterations 6805 - required further 279 

Chain # 9 - chunk 15 (chain 1 of 4 for this core): increasing by 280 

Iterations: 280 
|-------------|-------------|-------------|-------------|
|-------------------------------------------------------|

Current time: 2024-11-25 10:33:51
MCMC time 11 mins 

USED COMPONENTS: 38 OF 74 

rel. MC standard error: 0.00968 to 0.0579
eff. sample size: 298 to 10700
needed thinning: 1 to 36
Diagnostics time 1.2 secs 

Total number of iterations 7085 - required further 279 

Chain # 9 - chunk 16 (chain 1 of 4 for this core): increasing by 280 

Iterations: 280 
|-------------|-------------|-------------|-------------|
|-------------------------------------------------------|

Current time: 2024-11-25 10:34:19
MCMC time 12 mins 

USED COMPONENTS: 38 OF 74 

rel. MC standard error: 0.00982 to 0.0566
eff. sample size: 312 to 10400
needed thinning: 2 to 36
Diagnostics time 0.44 secs 

Total number of iterations 7365 - required further 279 

Chain # 9 - chunk 17 (chain 1 of 4 for this core): increasing by 280 

Iterations: 280 
|-------------|-------------|-------------|-------------|
|-------------------------------------------------------|

Current time: 2024-11-25 10:34:46
MCMC time 12 mins 

USED COMPONENTS: 39 OF 74 

rel. MC standard error: 0.0107 to 0.0562
eff. sample size: 317 to 8680
needed thinning: 2 to 37
Diagnostics time 0.36 secs 

Total number of iterations 7645 - required further 287 

Chain # 9 - chunk 18 (chain 1 of 4 for this core): increasing by 288 

Iterations: 288 
|-------------|-------------|-------------|-------------|
|-------------------------------------------------------|

Current time: 2024-11-25 10:35:14
MCMC time 13 mins 

USED COMPONENTS: 37 OF 74 

rel. MC standard error: 0.0101 to 0.0562
eff. sample size: 316 to 9790
needed thinning: 2 to 38
Diagnostics time 1.1 secs 

Total number of iterations 7933 - required further 295 

Chain # 9 - chunk 19 (chain 1 of 4 for this core): increasing by 296 

Iterations: 296 
|-------------|-------------|-------------|-------------|
|-------------------------------------------------------|

Current time: 2024-11-25 10:35:41
MCMC time 13 mins 

USED COMPONENTS: 39 OF 74 

rel. MC standard error: 0.00965 to 0.056
eff. sample size: 319 to 10700
needed thinning: 2 to 39
Diagnostics time 0.31 secs 

Total number of iterations 8229 - required further 303 

Chain # 9 - chunk 20 (chain 1 of 4 for this core): increasing by 304 

Iterations: 304 
|-------------|-------------|-------------|-------------|
|-------------------------------------------------------|

Current time: 2024-11-25 10:36:10
MCMC time 14 mins 

USED COMPONENTS: 38 OF 74 

rel. MC standard error: 0.0101 to 0.0566
eff. sample size: 312 to 9890
needed thinning: 2 to 41
Diagnostics time 0.47 secs 

Total number of iterations 8533 - required further 318 

Chain # 9 - chunk 21 (chain 1 of 4 for this core): increasing by 319 

Iterations: 319 
|-------------|-------------|-------------|-------------|
|-------------------------------------------------------|

Current time: 2024-11-25 10:36:40
MCMC time 14 mins 

USED COMPONENTS: 37 OF 74 

rel. MC standard error: 0.01 to 0.0564
eff. sample size: 315 to 9970
needed thinning: 2 to 43
Diagnostics time 0.31 secs 

Total number of iterations 8852 - required further 334 

Chain # 9 - chunk 22 (chain 1 of 4 for this core): increasing by 335 

Iterations: 335 
|-------------|-------------|-------------|-------------|
|-------------------------------------------------------|

Current time: 2024-11-25 10:37:12
MCMC time 15 mins 

USED COMPONENTS: 38 OF 74 

rel. MC standard error: 0.00962 to 0.0551
eff. sample size: 329 to 10800
needed thinning: 2 to 42
Diagnostics time 0.48 secs 

Total number of iterations 9187 - required further 326 

Chain # 9 - chunk 23 (chain 1 of 4 for this core): increasing by 327 

Iterations: 327 
|-------------|-------------|-------------|-------------|
|-------------------------------------------------------|

Current time: 2024-11-25 10:37:45
MCMC time 15 mins 

USED COMPONENTS: 38 OF 74 

rel. MC standard error: 0.00933 to 0.0558
eff. sample size: 321 to 11500
needed thinning: 2 to 45
Diagnostics time 0.48 secs 

Total number of iterations 9514 - required further 349 

Chain # 9 - chunk 24 (chain 1 of 4 for this core): increasing by 350 

Iterations: 350 
|-------------|-------------|-------------|-------------|
|-------------------------------------------------------|

Current time: 2024-11-25 10:38:18
MCMC time 16 mins 

USED COMPONENTS: 38 OF 74 

rel. MC standard error: 0.00884 to 0.0555
eff. sample size: 324 to 12800
needed thinning: 2 to 46
Diagnostics time 0.56 secs 

Total number of iterations 9864 - required further 357 

Chain # 9 - chunk 25 (chain 1 of 4 for this core): increasing by 358 

Iterations: 358 
|-------------|-------------|-------------|-------------|
|-------------------------------------------------------|

Current time: 2024-11-25 10:38:52
MCMC time 16 mins 

USED COMPONENTS: 38 OF 74 

rel. MC standard error: 0.00887 to 0.0549
eff. sample size: 331 to 12700
needed thinning: 2 to 47
Diagnostics time 1.1 secs 

Total number of iterations 10222 - required further 365 

Chain # 9 - chunk 26 (chain 1 of 4 for this core): increasing by 366 

Iterations: 366 
|-------------|-------------|-------------|-------------|
|-------------------------------------------------------|

Current time: 2024-11-25 10:39:28
MCMC time 17 mins 

USED COMPONENTS: 38 OF 74 

rel. MC standard error: 0.00863 to 0.0539
eff. sample size: 345 to 13400
needed thinning: 2 to 47
Diagnostics time 0.45 secs 

Total number of iterations 10588 - required further 365 

Chain # 9 - chunk 27 (chain 1 of 4 for this core): increasing by 366 

Iterations: 366 
|-------------|-------------|-------------|-------------|
|-------------------------------------------------------|

Current time: 2024-11-25 10:40:03
MCMC time 18 mins 

USED COMPONENTS: 38 OF 74 

rel. MC standard error: 0.00794 to 0.0534
eff. sample size: 350 to 15800
needed thinning: 2 to 47
Diagnostics time 0.6 secs 

Total number of iterations 10954 - required further 365 

Chain # 9 - chunk 28 (chain 1 of 4 for this core): increasing by 366 

Iterations: 366 
|-------------|-------------|-------------|-------------|
|-------------------------------------------------------|

Current time: 2024-11-25 10:40:40
MCMC time 18 mins 

USED COMPONENTS: 37 OF 74 

rel. MC standard error: 0.00858 to 0.0523
eff. sample size: 366 to 13600
needed thinning: 2 to 47
Diagnostics time 0.5 secs 

Total number of iterations 11320 - required further 365 

Chain # 9 - chunk 29 (chain 1 of 4 for this core): increasing by 366 

Iterations: 366 
|-------------|-------------|-------------|-------------|
|-------------------------------------------------------|

Current time: 2024-11-25 10:41:15
MCMC time 19 mins 

USED COMPONENTS: 37 OF 74 

rel. MC standard error: 0.00773 to 0.0517
eff. sample size: 374 to 16700
needed thinning: 2 to 47
Diagnostics time 1.5 secs 

Total number of iterations 11686 - required further 365 

Chain # 9 - chunk 30 (chain 1 of 4 for this core): increasing by 366 

Iterations: 366 
|-------------|-------------|-------------|-------------|
|-------------------------------------------------------|

Current time: 2024-11-25 10:41:52
MCMC time 19 mins 

USED COMPONENTS: 38 OF 74 

rel. MC standard error: 0.00812 to 0.0512
eff. sample size: 381 to 15200
needed thinning: 2 to 48
Diagnostics time 0.52 secs 

Total number of iterations 12052 - required further 372 

Chain # 9 - chunk 31 (chain 1 of 4 for this core): increasing by 373 

Iterations: 373 
|-------------|-------------|-------------|-------------|
|-------------------------------------------------------|

Current time: 2024-11-25 10:42:27
MCMC time 20 mins 

USED COMPONENTS: 38 OF 74 

rel. MC standard error: 0.00811 to 0.0508
eff. sample size: 387 to 15200
needed thinning: 2 to 49
Diagnostics time 0.56 secs 

Total number of iterations 12425 - required further 380 

Chain # 9 - chunk 32 (chain 1 of 4 for this core): increasing by 381 

Iterations: 381 
|-------------|-------------|-------------|-------------|
|-------------------------------------------------------|

Current time: 2024-11-25 10:43:06
MCMC time 21 mins 

USED COMPONENTS: 39 OF 74 

rel. MC standard error: 0.0078 to 0.0504
eff. sample size: 393 to 16400
needed thinning: 2 to 49
Diagnostics time 0.47 secs 

Total number of iterations 12806 - required further 380 

Chain # 9 - chunk 33 (chain 1 of 4 for this core): increasing by 381 

Iterations: 381 
|-------------|-------------|-------------|-------------|
|-------------------------------------------------------|

Current time: 2024-11-25 10:43:36
MCMC time 21 mins 

USED COMPONENTS: 37 OF 74 

rel. MC standard error: 0.00845 to 0.0494
eff. sample size: 409 to 14000
needed thinning: 2 to 49
Diagnostics time 0.39 secs 

Total number of iterations 13187 - required further 0 

Keeping last 60 samples with thinning 49 

Plotting traces and samples.

Current time: 2024-11-25 10:43:38
MCMC + diagnostics time 21 mins 

Chain # 10 (chain 2 of 4 for this core)

Datapoints for testing convergence:
 #4 #17 #67 #92 #123 #155 #158 #188 #193 #269 #272 #341 #381 #430 #458 #473 #485 #489 #496 #500 

Iterations: 3600 
|-------------|-------------|-------------|-------------|
|-------------------------------------------------------|

Current time: 2024-11-25 10:47:27
MCMC time 25 mins 

USED COMPONENTS: 47 OF 74 

rel. MC standard error: 0.0159 to 0.0271
eff. sample size: 1370 to 3980
needed thinning: 2 to 4
Diagnostics time 3.2 secs 

Total number of iterations 3600 - required further 0 

Keeping last 60 samples with thinning 4 

Plotting traces and samples.

Current time: 2024-11-25 10:47:32
MCMC + diagnostics time 25 mins 

Chain # 11 (chain 3 of 4 for this core)

Datapoints for testing convergence:
 #11 #27 #49 #70 #71 #75 #133 #146 #172 #202 #251 #299 #323 #324 #332 #334 #377 #420 #441 #490 

Iterations: 3600 
|-------------|-------------|-------------|-------------|
|-------------------------------------------------------|

Current time: 2024-11-25 10:51:22
MCMC time 29 mins 

USED COMPONENTS: 47 OF 74 

rel. MC standard error: 0.0165 to 0.075
eff. sample size: 178 to 3650
needed thinning: 2 to 31
Diagnostics time 3.2 secs 

Total number of iterations 3600 - required further 241 

Chain # 11 - chunk 2 (chain 3 of 4 for this core): increasing by 242 

Iterations: 242 
|-------------|-------------|-------------|-------------|
|-------------------------------------------------------|

Current time: 2024-11-25 10:51:42
MCMC time 29 mins 

USED COMPONENTS: 46 OF 74 

rel. MC standard error: 0.0165 to 0.0746
eff. sample size: 180 to 3680
needed thinning: 2 to 33
Diagnostics time 0.23 secs 

Total number of iterations 3842 - required further 256 

Chain # 11 - chunk 3 (chain 3 of 4 for this core): increasing by 257 

Iterations: 257 
|-------------|-------------|-------------|-------------|
|-------------------------------------------------------|

Current time: 2024-11-25 10:51:58
MCMC time 29 mins 

USED COMPONENTS: 45 OF 74 

rel. MC standard error: 0.0157 to 0.0755
eff. sample size: 175 to 4060
needed thinning: 2 to 36
Diagnostics time 0.21 secs 

Total number of iterations 4099 - required further 279 

Chain # 11 - chunk 4 (chain 3 of 4 for this core): increasing by 280 

Iterations: 280 
|-------------|-------------|-------------|-------------|
|-------------------------------------------------------|

Current time: 2024-11-25 10:52:16
MCMC time 30 mins 

USED COMPONENTS: 45 OF 74 

rel. MC standard error: 0.0158 to 0.0756
eff. sample size: 175 to 4030
needed thinning: 2 to 38
Diagnostics time 0.23 secs 

Total number of iterations 4379 - required further 295 

Chain # 11 - chunk 5 (chain 3 of 4 for this core): increasing by 296 

Iterations: 296 
|-------------|-------------|-------------|-------------|
|-------------------------------------------------------|

Current time: 2024-11-25 10:52:35
MCMC time 30 mins 

USED COMPONENTS: 45 OF 74 

rel. MC standard error: 0.0154 to 0.0753
eff. sample size: 176 to 4240
needed thinning: 2 to 40
Diagnostics time 0.3 secs 

Total number of iterations 4675 - required further 310 

Chain # 11 - chunk 6 (chain 3 of 4 for this core): increasing by 311 

Iterations: 311 
|-------------|-------------|-------------|-------------|
|-------------------------------------------------------|

Current time: 2024-11-25 10:52:55
MCMC time 30 mins 

USED COMPONENTS: 45 OF 74 

rel. MC standard error: 0.0142 to 0.075
eff. sample size: 178 to 4970
needed thinning: 2 to 43
Diagnostics time 0.24 secs 

Total number of iterations 4986 - required further 334 

Chain # 11 - chunk 7 (chain 3 of 4 for this core): increasing by 335 

Iterations: 335 
|-------------|-------------|-------------|-------------|
|-------------------------------------------------------|

Current time: 2024-11-25 10:53:17
MCMC time 31 mins 

USED COMPONENTS: 45 OF 74 

rel. MC standard error: 0.0135 to 0.0739
eff. sample size: 183 to 5450
needed thinning: 2 to 44
Diagnostics time 0.28 secs 

Total number of iterations 5321 - required further 341 

Chain # 11 - chunk 8 (chain 3 of 4 for this core): increasing by 342 

Iterations: 342 
|-------------|-------------|-------------|-------------|
|-------------------------------------------------------|

Current time: 2024-11-25 10:53:39
MCMC time 31 mins 

USED COMPONENTS: 45 OF 74 

rel. MC standard error: 0.0134 to 0.074
eff. sample size: 183 to 5580
needed thinning: 2 to 47
Diagnostics time 0.28 secs 

Total number of iterations 5663 - required further 365 

Chain # 11 - chunk 9 (chain 3 of 4 for this core): increasing by 366 

Iterations: 366 
|-------------|-------------|-------------|-------------|
|-------------------------------------------------------|

Current time: 2024-11-25 10:54:03
MCMC time 31 mins 

USED COMPONENTS: 46 OF 74 

rel. MC standard error: 0.0129 to 0.0733
eff. sample size: 186 to 6010
needed thinning: 2 to 49
Diagnostics time 0.33 secs 

Total number of iterations 6029 - required further 380 

Chain # 11 - chunk 10 (chain 3 of 4 for this core): increasing by 381 

Iterations: 381 
|-------------|-------------|-------------|-------------|
|-------------------------------------------------------|

Current time: 2024-11-25 10:54:28
MCMC time 32 mins 

USED COMPONENTS: 45 OF 74 

rel. MC standard error: 0.0127 to 0.0721
eff. sample size: 192 to 6200
needed thinning: 2 to 51
Diagnostics time 0.88 secs 

Total number of iterations 6410 - required further 396 

Chain # 11 - chunk 11 (chain 3 of 4 for this core): increasing by 397 

Iterations: 397 
|-------------|-------------|-------------|-------------|
|-------------------------------------------------------|

Current time: 2024-11-25 10:54:54
MCMC time 32 mins 

USED COMPONENTS: 45 OF 74 

rel. MC standard error: 0.0117 to 0.0717
eff. sample size: 195 to 7350
needed thinning: 2 to 53
Diagnostics time 0.3 secs 

Total number of iterations 6807 - required further 411 

Chain # 11 - chunk 12 (chain 3 of 4 for this core): increasing by 412 

Iterations: 412 
|-------------|-------------|-------------|-------------|
|-------------------------------------------------------|

Current time: 2024-11-25 10:55:21
MCMC time 33 mins 

USED COMPONENTS: 45 OF 74 

rel. MC standard error: 0.0115 to 0.0703
eff. sample size: 202 to 7550
needed thinning: 2 to 54
Diagnostics time 0.29 secs 

Total number of iterations 7219 - required further 419 

Chain # 11 - chunk 13 (chain 3 of 4 for this core): increasing by 420 

Iterations: 420 
|-------------|-------------|-------------|-------------|
|-------------------------------------------------------|

Current time: 2024-11-25 10:55:48
MCMC time 33 mins 

USED COMPONENTS: 44 OF 74 

rel. MC standard error: 0.0115 to 0.07
eff. sample size: 204 to 7530
needed thinning: 2 to 57
Diagnostics time 0.39 secs 

Total number of iterations 7639 - required further 442 

Chain # 11 - chunk 14 (chain 3 of 4 for this core): increasing by 443 

Iterations: 443 
|-------------|-------------|-------------|-------------|
|-------------------------------------------------------|

Current time: 2024-11-25 10:56:17
MCMC time 34 mins 

USED COMPONENTS: 44 OF 74 

rel. MC standard error: 0.0109 to 0.0691
eff. sample size: 209 to 8420
needed thinning: 2 to 58
Diagnostics time 0.35 secs 

Total number of iterations 8082 - required further 450 

Chain # 11 - chunk 15 (chain 3 of 4 for this core): increasing by 451 

Iterations: 451 
|-------------|-------------|-------------|-------------|
|-------------------------------------------------------|

Current time: 2024-11-25 10:56:46
MCMC time 34 mins 

USED COMPONENTS: 45 OF 74 

rel. MC standard error: 0.011 to 0.0681
eff. sample size: 216 to 8310
needed thinning: 2 to 60
Diagnostics time 0.36 secs 

Total number of iterations 8533 - required further 465 

Chain # 11 - chunk 16 (chain 3 of 4 for this core): increasing by 466 

Iterations: 466 
|-------------|-------------|-------------|-------------|
|-------------------------------------------------------|

Current time: 2024-11-25 10:57:16
MCMC time 35 mins 

USED COMPONENTS: 45 OF 74 

rel. MC standard error: 0.00991 to 0.0676
eff. sample size: 219 to 10200
needed thinning: 2 to 62
Diagnostics time 0.43 secs 

Total number of iterations 8999 - required further 481 

Chain # 11 - chunk 17 (chain 3 of 4 for this core): increasing by 482 

Iterations: 482 
|-------------|-------------|-------------|-------------|
|-------------------------------------------------------|

Current time: 2024-11-25 10:57:48
MCMC time 35 mins 

USED COMPONENTS: 45 OF 74 

rel. MC standard error: 0.0107 to 0.0664
eff. sample size: 227 to 8750
needed thinning: 2 to 63
Diagnostics time 0.96 secs 

Total number of iterations 9481 - required further 488 

Chain # 11 - chunk 18 (chain 3 of 4 for this core): increasing by 489 

Iterations: 489 
|-------------|-------------|-------------|-------------|
|-------------------------------------------------------|

Current time: 2024-11-25 10:58:20
MCMC time 36 mins 

USED COMPONENTS: 45 OF 74 

rel. MC standard error: 0.00976 to 0.0659
eff. sample size: 231 to 10500
needed thinning: 2 to 65
Diagnostics time 0.34 secs 

Total number of iterations 9970 - required further 504 

Chain # 11 - chunk 19 (chain 3 of 4 for this core): increasing by 505 

Iterations: 505 
|-------------|-------------|-------------|-------------|
|-------------------------------------------------------|

Current time: 2024-11-25 10:58:52
MCMC time 36 mins 

USED COMPONENTS: 45 OF 74 

rel. MC standard error: 0.00907 to 0.0651
eff. sample size: 236 to 12200
needed thinning: 2 to 67
Diagnostics time 0.41 secs 

Total number of iterations 10475 - required further 519 

Chain # 11 - chunk 20 (chain 3 of 4 for this core): increasing by 520 

Iterations: 520 
|-------------|-------------|-------------|-------------|
|-------------------------------------------------------|

Current time: 2024-11-25 10:59:26
MCMC time 37 mins 

USED COMPONENTS: 44 OF 74 

rel. MC standard error: 0.00958 to 0.0643
eff. sample size: 242 to 10900
needed thinning: 2 to 69
Diagnostics time 0.41 secs 

Total number of iterations 10995 - required further 535 

Chain # 11 - chunk 21 (chain 3 of 4 for this core): increasing by 536 

Iterations: 536 
|-------------|-------------|-------------|-------------|
|-------------------------------------------------------|

Current time: 2024-11-25 11:00:01
MCMC time 37 mins 

USED COMPONENTS: 45 OF 74 

rel. MC standard error: 0.00882 to 0.0635
eff. sample size: 248 to 12800
needed thinning: 2 to 70
Diagnostics time 0.98 secs 

Total number of iterations 11531 - required further 543 

Chain # 11 - chunk 22 (chain 3 of 4 for this core): increasing by 544 

Iterations: 544 
|-------------|-------------|-------------|-------------|
|-------------------------------------------------------|

Current time: 2024-11-25 11:00:37
MCMC time 38 mins 

USED COMPONENTS: 45 OF 74 

rel. MC standard error: 0.009 to 0.063
eff. sample size: 252 to 12400
needed thinning: 2 to 72
Diagnostics time 0.41 secs 

Total number of iterations 12075 - required further 558 

Chain # 11 - chunk 23 (chain 3 of 4 for this core): increasing by 559 

Iterations: 559 
|-------------|-------------|-------------|-------------|
|-------------------------------------------------------|

Current time: 2024-11-25 11:01:13
MCMC time 39 mins 

USED COMPONENTS: 44 OF 74 

rel. MC standard error: 0.00807 to 0.0622
eff. sample size: 259 to 15400
needed thinning: 2 to 74
Diagnostics time 0.49 secs 

Total number of iterations 12634 - required further 574 

Chain # 11 - chunk 24 (chain 3 of 4 for this core): increasing by 575 

Iterations: 575 
|-------------|-------------|-------------|-------------|
|-------------------------------------------------------|

Current time: 2024-11-25 11:01:51
MCMC time 39 mins 

USED COMPONENTS: 43 OF 74 

rel. MC standard error: 0.00862 to 0.0612
eff. sample size: 267 to 13500
needed thinning: 2 to 75
Diagnostics time 1 secs 

Total number of iterations 13209 - required further 581 

Chain # 11 - chunk 25 (chain 3 of 4 for this core): increasing by 582 

Iterations: 582 
|-------------|-------------|-------------|-------------|
|-------------------------------------------------------|

Current time: 2024-11-25 11:02:29
MCMC time 40 mins 

USED COMPONENTS: 45 OF 74 

rel. MC standard error: 0.00837 to 0.0609
eff. sample size: 270 to 14300
needed thinning: 2 to 77
Diagnostics time 0.44 secs 

Total number of iterations 13791 - required further 597 

Chain # 11 - chunk 26 (chain 3 of 4 for this core): increasing by 598 

Iterations: 598 
|-------------|-------------|-------------|-------------|
|-------------------------------------------------------|

Current time: 2024-11-25 11:03:08
MCMC time 41 mins 

USED COMPONENTS: 45 OF 74 

rel. MC standard error: 0.00788 to 0.0592
eff. sample size: 286 to 16100
needed thinning: 2 to 76
Diagnostics time 0.47 secs 

Total number of iterations 14389 - required further 589 

Chain # 11 - chunk 27 (chain 3 of 4 for this core): increasing by 590 

Iterations: 590 
|-------------|-------------|-------------|-------------|
|-------------------------------------------------------|

Current time: 2024-11-25 11:03:46
MCMC time 41 mins 

USED COMPONENTS: 46 OF 74 

rel. MC standard error: 0.00795 to 0.0572
eff. sample size: 306 to 15800
needed thinning: 2 to 74
Diagnostics time 0.55 secs 

Total number of iterations 14979 - required further 574 

Chain # 11 - chunk 28 (chain 3 of 4 for this core): increasing by 575 

Iterations: 575 
|-------------|-------------|-------------|-------------|
|-----------------------------------------------