Log core 2 - Current time: 2024-11-25 10:20:10
Defining model
Building model
Setting data and initial values
Running calculate on model
  [Note] Any error reports that follow may simply reflect missing values in model variables.
Checking model sizes and dimensions
Compiling
  [Note] This may take a minute.
  [Note] Use 'showCompilerOutput = TRUE' to see C++ compilation details.
===== Monitors =====
thin = 1: Bprob, Rmean, Rvar, W
thin2 = 1: K
===== Samplers =====
conjugate sampler (519)
  - Rmean[]  (148 elements)
  - Rrate[]  (148 elements)
  - Bprob[]  (74 elements)
  - Rvar[]  (148 elements)
  - W[1:74] 
categorical sampler (501)
  - Alpha
  - K[]  (500 elements)
===== Monitors =====
thin = 1: Bprob, Rmean, Rvar, W
thin2 = 1: K
===== Samplers =====
slice sampler (501)
  - Alpha
  - K[]  (500 elements)
conjugate sampler (519)
  - Rmean[]  (148 elements)
  - Rrate[]  (148 elements)
  - Bprob[]  (74 elements)
  - Rvar[]  (148 elements)
  - W[1:74] 
Compiling
  [Note] This may take a minute.
  [Note] Use 'showCompilerOutput = TRUE' to see C++ compilation details.

Setup time 2.1 mins 

Chain # 5 (chain 1 of 4 for this core)

Datapoints for testing convergence:
 #25 #51 #102 #144 #146 #148 #164 #186 #203 #208 #220 #231 #289 #341 #382 #396 #427 #438 #478 #479 

Iterations: 3600 
|-------------|-------------|-------------|-------------|
|-------------------------------------------------------|

Current time: 2024-11-25 10:26:04
MCMC time 3.8 mins 

USED COMPONENTS: 38 OF 74 

rel. MC standard error: 0.0147 to 0.0753
eff. sample size: 176 to 4600
needed thinning: 2 to 31
Diagnostics time 3 secs 

Total number of iterations 3600 - required further 241 

Chain # 5 - chunk 2 (chain 1 of 4 for this core): increasing by 242 

Iterations: 242 
|-------------|-------------|-------------|-------------|
|-------------------------------------------------------|

Current time: 2024-11-25 10:26:24
MCMC time 4.1 mins 

USED COMPONENTS: 37 OF 74 

rel. MC standard error: 0.0133 to 0.0737
eff. sample size: 184 to 5630
needed thinning: 2 to 32
Diagnostics time 0.19 secs 

Total number of iterations 3842 - required further 248 

Chain # 5 - chunk 3 (chain 1 of 4 for this core): increasing by 249 

Iterations: 249 
|-------------|-------------|-------------|-------------|
|-------------------------------------------------------|

Current time: 2024-11-25 10:26:39
MCMC time 4.4 mins 

USED COMPONENTS: 38 OF 74 

rel. MC standard error: 0.012 to 0.0719
eff. sample size: 194 to 6940
needed thinning: 1 to 32
Diagnostics time 0.78 secs 

Total number of iterations 4091 - required further 248 

Chain # 5 - chunk 4 (chain 1 of 4 for this core): increasing by 249 

Iterations: 249 
|-------------|-------------|-------------|-------------|
|-------------------------------------------------------|

Current time: 2024-11-25 10:26:56
MCMC time 4.6 mins 

USED COMPONENTS: 37 OF 74 

rel. MC standard error: 0.0131 to 0.0707
eff. sample size: 200 to 5860
needed thinning: 2 to 33
Diagnostics time 0.2 secs 

Total number of iterations 4340 - required further 256 

Chain # 5 - chunk 5 (chain 1 of 4 for this core): increasing by 257 

Iterations: 257 
|-------------|-------------|-------------|-------------|
|-------------------------------------------------------|

Current time: 2024-11-25 10:27:12
MCMC time 4.9 mins 

USED COMPONENTS: 38 OF 74 

rel. MC standard error: 0.0134 to 0.0805
eff. sample size: 154 to 5610
needed thinning: 2 to 45
Diagnostics time 0.21 secs 

Total number of iterations 4597 - required further 385 

Chain # 5 - chunk 6 (chain 1 of 4 for this core): increasing by 386 

Iterations: 386 
|-------------|-------------|-------------|-------------|
|-------------------------------------------------------|

Current time: 2024-11-25 10:27:37
MCMC time 5.3 mins 

USED COMPONENTS: 38 OF 74 

rel. MC standard error: 0.0117 to 0.0834
eff. sample size: 144 to 7270
needed thinning: 2 to 52
Diagnostics time 0.32 secs 

Total number of iterations 4983 - required further 412 

Chain # 5 - chunk 7 (chain 1 of 4 for this core): increasing by 413 

Iterations: 413 
|-------------|-------------|-------------|-------------|
|-------------------------------------------------------|

Current time: 2024-11-25 10:28:03
MCMC time 5.8 mins 

USED COMPONENTS: 37 OF 74 

rel. MC standard error: 0.0112 to 0.0823
eff. sample size: 147 to 7990
needed thinning: 2 to 55
Diagnostics time 0.34 secs 

Total number of iterations 5396 - required further 427 

Chain # 5 - chunk 8 (chain 1 of 4 for this core): increasing by 428 

Iterations: 428 
|-------------|-------------|-------------|-------------|
|-------------------------------------------------------|

Current time: 2024-11-25 10:28:31
MCMC time 6.2 mins 

USED COMPONENTS: 36 OF 74 

rel. MC standard error: 0.0115 to 0.0798
eff. sample size: 157 to 7610
needed thinning: 2 to 56
Diagnostics time 0.39 secs 

Total number of iterations 5824 - required further 434 

Chain # 5 - chunk 9 (chain 1 of 4 for this core): increasing by 435 

Iterations: 435 
|-------------|-------------|-------------|-------------|
|-------------------------------------------------------|

Current time: 2024-11-25 10:28:58
MCMC time 6.7 mins 

USED COMPONENTS: 37 OF 74 

rel. MC standard error: 0.0109 to 0.0781
eff. sample size: 164 to 8410
needed thinning: 2 to 58
Diagnostics time 0.92 secs 

Total number of iterations 6259 - required further 450 

Chain # 5 - chunk 10 (chain 1 of 4 for this core): increasing by 451 

Iterations: 451 
|-------------|-------------|-------------|-------------|
|-------------------------------------------------------|

Current time: 2024-11-25 10:29:28
MCMC time 7.2 mins 

USED COMPONENTS: 36 OF 74 

rel. MC standard error: 0.011 to 0.0757
eff. sample size: 174 to 8200
needed thinning: 2 to 58
Diagnostics time 0.36 secs 

Total number of iterations 6710 - required further 450 

Chain # 5 - chunk 11 (chain 1 of 4 for this core): increasing by 451 

Iterations: 451 
|-------------|-------------|-------------|-------------|
|-------------------------------------------------------|

Current time: 2024-11-25 10:29:57
MCMC time 7.7 mins 

USED COMPONENTS: 37 OF 74 

rel. MC standard error: 0.00924 to 0.073
eff. sample size: 188 to 11700
needed thinning: 1 to 58
Diagnostics time 0.34 secs 

Total number of iterations 7161 - required further 450 

Chain # 5 - chunk 12 (chain 1 of 4 for this core): increasing by 451 

Iterations: 451 
|-------------|-------------|-------------|-------------|
|-------------------------------------------------------|

Current time: 2024-11-25 10:30:26
MCMC time 8.1 mins 

USED COMPONENTS: 38 OF 74 

rel. MC standard error: 0.00964 to 0.071
eff. sample size: 198 to 10800
needed thinning: 2 to 58
Diagnostics time 0.4 secs 

Total number of iterations 7612 - required further 450 

Chain # 5 - chunk 13 (chain 1 of 4 for this core): increasing by 451 

Iterations: 451 
|-------------|-------------|-------------|-------------|
|-------------------------------------------------------|

Current time: 2024-11-25 10:30:54
MCMC time 8.6 mins 

USED COMPONENTS: 38 OF 74 

rel. MC standard error: 0.00849 to 0.0696
eff. sample size: 207 to 13900
needed thinning: 1 to 59
Diagnostics time 0.89 secs 

Total number of iterations 8063 - required further 458 

Chain # 5 - chunk 14 (chain 1 of 4 for this core): increasing by 459 

Iterations: 459 
|-------------|-------------|-------------|-------------|
|-------------------------------------------------------|

Current time: 2024-11-25 10:31:24
MCMC time 9.1 mins 

USED COMPONENTS: 38 OF 74 

rel. MC standard error: 0.00854 to 0.0684
eff. sample size: 214 to 13700
needed thinning: 1 to 60
Diagnostics time 0.42 secs 

Total number of iterations 8522 - required further 465 

Chain # 5 - chunk 15 (chain 1 of 4 for this core): increasing by 466 

Iterations: 466 
|-------------|-------------|-------------|-------------|
|-------------------------------------------------------|

Current time: 2024-11-25 10:31:54
MCMC time 9.6 mins 

USED COMPONENTS: 38 OF 74 

rel. MC standard error: 0.00855 to 0.0662
eff. sample size: 228 to 13700
needed thinning: 1 to 60
Diagnostics time 0.91 secs 

Total number of iterations 8988 - required further 465 

Chain # 5 - chunk 16 (chain 1 of 4 for this core): increasing by 466 

Iterations: 466 
|-------------|-------------|-------------|-------------|
|-------------------------------------------------------|

Current time: 2024-11-25 10:32:25
MCMC time 10 mins 

USED COMPONENTS: 37 OF 74 

rel. MC standard error: 0.00853 to 0.0644
eff. sample size: 241 to 13700
needed thinning: 2 to 59
Diagnostics time 0.4 secs 

Total number of iterations 9454 - required further 458 

Chain # 5 - chunk 17 (chain 1 of 4 for this core): increasing by 459 

Iterations: 459 
|-------------|-------------|-------------|-------------|
|-------------------------------------------------------|

Current time: 2024-11-25 10:32:54
MCMC time 11 mins 

USED COMPONENTS: 38 OF 74 

rel. MC standard error: 0.00881 to 0.0629
eff. sample size: 253 to 12900
needed thinning: 2 to 59
Diagnostics time 0.44 secs 

Total number of iterations 9913 - required further 458 

Chain # 5 - chunk 18 (chain 1 of 4 for this core): increasing by 459 

Iterations: 459 
|-------------|-------------|-------------|-------------|
|-------------------------------------------------------|

Current time: 2024-11-25 10:33:24
MCMC time 11 mins 

USED COMPONENTS: 37 OF 74 

rel. MC standard error: 0.00881 to 0.0613
eff. sample size: 266 to 12900
needed thinning: 2 to 59
Diagnostics time 0.37 secs 

Total number of iterations 10372 - required further 458 

Chain # 5 - chunk 19 (chain 1 of 4 for this core): increasing by 459 

Iterations: 459 
|-------------|-------------|-------------|-------------|
|-------------------------------------------------------|

Current time: 2024-11-25 10:33:54
MCMC time 12 mins 

USED COMPONENTS: 37 OF 74 

rel. MC standard error: 0.00892 to 0.0602
eff. sample size: 275 to 12600
needed thinning: 2 to 59
Diagnostics time 0.35 secs 

Total number of iterations 10831 - required further 458 

Chain # 5 - chunk 20 (chain 1 of 4 for this core): increasing by 459 

Iterations: 459 
|-------------|-------------|-------------|-------------|
|-------------------------------------------------------|

Current time: 2024-11-25 10:34:23
MCMC time 12 mins 

USED COMPONENTS: 36 OF 74 

rel. MC standard error: 0.00846 to 0.0604
eff. sample size: 274 to 14000
needed thinning: 2 to 62
Diagnostics time 0.38 secs 

Total number of iterations 11290 - required further 481 

Chain # 5 - chunk 21 (chain 1 of 4 for this core): increasing by 482 

Iterations: 482 
|-------------|-------------|-------------|-------------|
|-------------------------------------------------------|

Current time: 2024-11-25 10:34:54
MCMC time 13 mins 

USED COMPONENTS: 36 OF 74 

rel. MC standard error: 0.00817 to 0.0598
eff. sample size: 280 to 15000
needed thinning: 2 to 64
Diagnostics time 0.38 secs 

Total number of iterations 11772 - required further 496 

Chain # 5 - chunk 22 (chain 1 of 4 for this core): increasing by 497 

Iterations: 497 
|-------------|-------------|-------------|-------------|
|-------------------------------------------------------|

Current time: 2024-11-25 10:35:26
MCMC time 13 mins 

USED COMPONENTS: 36 OF 74 

rel. MC standard error: 0.00798 to 0.0598
eff. sample size: 280 to 15700
needed thinning: 2 to 66
Diagnostics time 0.98 secs 

Total number of iterations 12269 - required further 512 

Chain # 5 - chunk 23 (chain 1 of 4 for this core): increasing by 513 

Iterations: 513 
|-------------|-------------|-------------|-------------|
|-------------------------------------------------------|

Current time: 2024-11-25 10:36:00
MCMC time 14 mins 

USED COMPONENTS: 36 OF 74 

rel. MC standard error: 0.00772 to 0.0594
eff. sample size: 284 to 16800
needed thinning: 2 to 68
Diagnostics time 0.43 secs 

Total number of iterations 12782 - required further 527 

Chain # 5 - chunk 24 (chain 1 of 4 for this core): increasing by 528 

Iterations: 528 
|-------------|-------------|-------------|-------------|
|-------------------------------------------------------|

Current time: 2024-11-25 10:36:34
MCMC time 14 mins 

USED COMPONENTS: 36 OF 74 

rel. MC standard error: 0.00803 to 0.0596
eff. sample size: 282 to 15500
needed thinning: 2 to 71
Diagnostics time 0.4 secs 

Total number of iterations 13310 - required further 550 

Chain # 5 - chunk 25 (chain 1 of 4 for this core): increasing by 551 

Iterations: 551 
|-------------|-------------|-------------|-------------|
|-------------------------------------------------------|

Current time: 2024-11-25 10:37:09
MCMC time 15 mins 

USED COMPONENTS: 35 OF 74 

rel. MC standard error: 0.00716 to 0.0598
eff. sample size: 280 to 19500
needed thinning: 2 to 75
Diagnostics time 0.97 secs 

Total number of iterations 13861 - required further 581 

Chain # 5 - chunk 26 (chain 1 of 4 for this core): increasing by 582 

Iterations: 582 
|-------------|-------------|-------------|-------------|
|-------------------------------------------------------|

Current time: 2024-11-25 10:37:47
MCMC time 16 mins 

USED COMPONENTS: 34 OF 74 

rel. MC standard error: 0.0079 to 0.0601
eff. sample size: 276 to 16000
needed thinning: 2 to 79
Diagnostics time 1 secs 

Total number of iterations 14443 - required further 612 

Chain # 5 - chunk 27 (chain 1 of 4 for this core): increasing by 613 

Iterations: 613 
|-------------|-------------|-------------|-------------|
|-------------------------------------------------------|

Current time: 2024-11-25 10:38:26
MCMC time 16 mins 

USED COMPONENTS: 35 OF 74 

rel. MC standard error: 0.00747 to 0.0591
eff. sample size: 286 to 17900
needed thinning: 2 to 79
Diagnostics time 0.53 secs 

Total number of iterations 15056 - required further 612 

Chain # 5 - chunk 28 (chain 1 of 4 for this core): increasing by 613 

Iterations: 613 
|-------------|-------------|-------------|-------------|
|-------------------------------------------------------|

Current time: 2024-11-25 10:39:06
MCMC time 17 mins 

USED COMPONENTS: 35 OF 74 

rel. MC standard error: 0.00713 to 0.0581
eff. sample size: 297 to 19700
needed thinning: 2 to 80
Diagnostics time 0.44 secs 

Total number of iterations 15669 - required further 620 

Chain # 5 - chunk 29 (chain 1 of 4 for this core): increasing by 621 

Iterations: 621 
|-------------|-------------|-------------|-------------|
|-------------------------------------------------------|

Current time: 2024-11-25 10:39:45
MCMC time 17 mins 

USED COMPONENTS: 35 OF 74 

rel. MC standard error: 0.00696 to 0.057
eff. sample size: 308 to 20700
needed thinning: 2 to 80
Diagnostics time 0.52 secs 

Total number of iterations 16290 - required further 620 

Chain # 5 - chunk 30 (chain 1 of 4 for this core): increasing by 621 

Iterations: 621 
|-------------|-------------|-------------|-------------|
|-------------------------------------------------------|

Current time: 2024-11-25 10:40:25
MCMC time 18 mins 

USED COMPONENTS: 35 OF 74 

rel. MC standard error: 0.0064 to 0.0564
eff. sample size: 314 to 24400
needed thinning: 2 to 81
Diagnostics time 0.49 secs 

Total number of iterations 16911 - required further 628 

Chain # 5 - chunk 31 (chain 1 of 4 for this core): increasing by 629 

Iterations: 629 
|-------------|-------------|-------------|-------------|
|-------------------------------------------------------|

Current time: 2024-11-25 10:41:06
MCMC time 19 mins 

USED COMPONENTS: 36 OF 74 

rel. MC standard error: 0.00624 to 0.0551
eff. sample size: 329 to 25700
needed thinning: 2 to 80
Diagnostics time 0.45 secs 

Total number of iterations 17540 - required further 620 

Chain # 5 - chunk 32 (chain 1 of 4 for this core): increasing by 621 

Iterations: 621 
|-------------|-------------|-------------|-------------|
|-------------------------------------------------------|

Current time: 2024-11-25 10:41:46
MCMC time 19 mins 

USED COMPONENTS: 36 OF 74 

rel. MC standard error: 0.0066 to 0.0542
eff. sample size: 341 to 23000
needed thinning: 2 to 80
Diagnostics time 0.47 secs 

Total number of iterations 18161 - required further 620 

Chain # 5 - chunk 33 (chain 1 of 4 for this core): increasing by 621 

Iterations: 621 
|-------------|-------------|-------------|-------------|
|-------------------------------------------------------|

Current time: 2024-11-25 10:42:26
MCMC time 20 mins 

USED COMPONENTS: 36 OF 74 

rel. MC standard error: 0.00695 to 0.0535
eff. sample size: 349 to 20700
needed thinning: 2 to 81
Diagnostics time 0.49 secs 

Total number of iterations 18782 - required further 628 

Chain # 5 - chunk 34 (chain 1 of 4 for this core): increasing by 629 

Iterations: 629 
|-------------|-------------|-------------|-------------|
|-------------------------------------------------------|

Current time: 2024-11-25 10:43:06
MCMC time 21 mins 

USED COMPONENTS: 35 OF 74 

rel. MC standard error: 0.0071 to 0.0523
eff. sample size: 365 to 19900
needed thinning: 2 to 80
Diagnostics time 0.53 secs 

Total number of iterations 19411 - required further 620 

Chain # 5 - chunk 35 (chain 1 of 4 for this core): increasing by 621 

Iterations: 621 
|-------------|-------------|-------------|-------------|
|-------------------------------------------------------|

Current time: 2024-11-25 10:43:46
MCMC time 21 mins 

USED COMPONENTS: 36 OF 74 

rel. MC standard error: 0.00736 to 0.0516
eff. sample size: 376 to 18500
needed thinning: 2 to 80
Diagnostics time 1.1 secs 

Total number of iterations 20032 - required further 620 

Chain # 5 - chunk 36 (chain 1 of 4 for this core): increasing by 621 

Iterations: 621 
|-------------|-------------|-------------|-------------|
|-------------------------------------------------------|

Current time: 2024-11-25 10:44:27
MCMC time 22 mins 

USED COMPONENTS: 35 OF 74 

rel. MC standard error: 0.00764 to 0.0507
eff. sample size: 389 to 17200
needed thinning: 2 to 80
Diagnostics time 0.46 secs 

Total number of iterations 20653 - required further 620 

Chain # 5 - chunk 37 (chain 1 of 4 for this core): increasing by 621 

Iterations: 621 
|-------------|-------------|-------------|-------------|
|-------------------------------------------------------|

Current time: 2024-11-25 10:45:08
MCMC time 23 mins 

USED COMPONENTS: 35 OF 74 

rel. MC standard error: 0.00746 to 0.0498
eff. sample size: 403 to 18000
needed thinning: 2 to 80
Diagnostics time 1 secs 

Total number of iterations 21274 - required further 0 

Keeping last 60 samples with thinning 80 

Plotting traces and samples.

Current time: 2024-11-25 10:45:11
MCMC + diagnostics time 23 mins 

Chain # 6 (chain 2 of 4 for this core)

Datapoints for testing convergence:
 #20 #36 #46 #57 #60 #84 #104 #130 #138 #169 #186 #297 #301 #314 #393 #402 #411 #454 #493 #498 

Iterations: 3600 
|-------------|-------------|-------------|-------------|
|-------------------------------------------------------|

Current time: 2024-11-25 10:48:58
MCMC time 27 mins 

USED COMPONENTS: 36 OF 74 

rel. MC standard error: 0.0169 to 0.0955
eff. sample size: 110 to 3520
needed thinning: 2 to 50
Diagnostics time 2.7 secs 

Total number of iterations 3600 - required further 388 

Chain # 6 - chunk 2 (chain 2 of 4 for this core): increasing by 389 

Iterations: 389 
|-------------|-------------|-------------|-------------|
|-------------------------------------------------------|

Current time: 2024-11-25 10:49:26
MCMC time 27 mins 

USED COMPONENTS: 36 OF 74 

rel. MC standard error: 0.015 to 0.0928
eff. sample size: 116 to 4460
needed thinning: 2 to 52
Diagnostics time 0.27 secs 

Total number of iterations 3989 - required further 403 

Chain # 6 - chunk 3 (chain 2 of 4 for this core): increasing by 404 

Iterations: 404 
|-------------|-------------|-------------|-------------|
|-------------------------------------------------------|

Current time: 2024-11-25 10:49:52
MCMC time 28 mins 

USED COMPONENTS: 36 OF 74 

rel. MC standard error: 0.0154 to 0.0906
eff. sample size: 122 to 4230
needed thinning: 2 to 55
Diagnostics time 0.28 secs 

Total number of iterations 4393 - required further 427 

Chain # 6 - chunk 4 (chain 2 of 4 for this core): increasing by 428 

Iterations: 428 
|-------------|-------------|-------------|-------------|
|-------------------------------------------------------|

Current time: 2024-11-25 10:50:20
MCMC time 28 mins 

USED COMPONENTS: 34 OF 74 

rel. MC standard error: 0.0153 to 0.0897
eff. sample size: 124 to 4250
needed thinning: 2 to 59
Diagnostics time 0.32 secs 

Total number of iterations 4821 - required further 458 

Chain # 6 - chunk 5 (chain 2 of 4 for this core): increasing by 459 

Iterations: 459 
|-------------|-------------|-------------|-------------|
|-------------------------------------------------------|

Current time: 2024-11-25 10:50:49
MCMC time 29 mins 

USED COMPONENTS: 34 OF 74 

rel. MC standard error: 0.0121 to 0.088
eff. sample size: 129 to 6880
needed thinning: 2 to 62
Diagnostics time 0.42 secs 

Total number of iterations 5280 - required further 481 

Chain # 6 - chunk 6 (chain 2 of 4 for this core): increasing by 482 

Iterations: 482 
|-------------|-------------|-------------|-------------|
|-------------------------------------------------------|

Current time: 2024-11-25 10:51:19
MCMC time 29 mins 

USED COMPONENTS: 34 OF 74 

rel. MC standard error: 0.0141 to 0.0859
eff. sample size: 136 to 5050
needed thinning: 2 to 64
Diagnostics time 0.35 secs 

Total number of iterations 5762 - required further 496 

Chain # 6 - chunk 7 (chain 2 of 4 for this core): increasing by 497 

Iterations: 497 
|-------------|-------------|-------------|-------------|
|-------------------------------------------------------|

Current time: 2024-11-25 10:51:51
MCMC time 30 mins 

USED COMPONENTS: 34 OF 74 

rel. MC standard error: 0.0115 to 0.0838
eff. sample size: 142 to 7510
needed thinning: 2 to 67
Diagnostics time 0.38 secs 

Total number of iterations 6259 - required further 519 

Chain # 6 - chunk 8 (chain 2 of 4 for this core): increasing by 520 

Iterations: 520 
|-------------|-------------|-------------|-------------|
|-------------------------------------------------------|

Current time: 2024-11-25 10:52:25
MCMC time 30 mins 

USED COMPONENTS: 33 OF 74 

rel. MC standard error: 0.0107 to 0.0815
eff. sample size: 151 to 8700
needed thinning: 2 to 68
Diagnostics time 0.43 secs 

Total number of iterations 6779 - required further 527 

Chain # 6 - chunk 9 (chain 2 of 4 for this core): increasing by 528 

Iterations: 528 
|-------------|-------------|-------------|-------------|
|-------------------------------------------------------|

Current time: 2024-11-25 10:52:59
MCMC time 31 mins 

USED COMPONENTS: 33 OF 74 

rel. MC standard error: 0.0112 to 0.0791
eff. sample size: 160 to 7970
needed thinning: 2 to 69
Diagnostics time 1 secs 

Total number of iterations 7307 - required further 535 

Chain # 6 - chunk 10 (chain 2 of 4 for this core): increasing by 536 

Iterations: 536 
|-------------|-------------|-------------|-------------|
|-------------------------------------------------------|

Current time: 2024-11-25 10:53:33
MCMC time 31 mins 

USED COMPONENTS: 35 OF 74 

rel. MC standard error: 0.0112 to 0.0759
eff. sample size: 174 to 7920
needed thinning: 2 to 68
Diagnostics time 0.37 secs 

Total number of iterations 7843 - required further 527 

Chain # 6 - chunk 11 (chain 2 of 4 for this core): increasing by 528 

Iterations: 528 
|-------------|-------------|-------------|-------------|
|-------------------------------------------------------|

Current time: 2024-11-25 10:54:07
MCMC time 32 mins 

USED COMPONENTS: 34 OF 74 

rel. MC standard error: 0.0101 to 0.0743
eff. sample size: 181 to 9730
needed thinning: 2 to 70
Diagnostics time 0.97 secs 

Total number of iterations 8371 - required further 543 

Chain # 6 - chunk 12 (chain 2 of 4 for this core): increasing by 544 

Iterations: 544 
|-------------|-------------|-------------|-------------|
|-------------------------------------------------------|

Current time: 2024-11-25 10:54:42
MCMC time 32 mins 

USED COMPONENTS: 34 OF 74 

rel. MC standard error: 0.00966 to 0.0726
eff. sample size: 190 to 10700
needed thinning: 2 to 71
Diagnostics time 0.4 secs 

Total number of iterations 8915 - required further 550 

Chain # 6 - chunk 13 (chain 2 of 4 for this core): increasing by 551 

Iterations: 551 
|-------------|-------------|-------------|-------------|
|-------------------------------------------------------|

Current time: 2024-11-25 10:55:17
MCMC time 33 mins 

USED COMPONENTS: 34 OF 74 

rel. MC standard error: 0.00992 to 0.0708
eff. sample size: 199 to 10200
needed thinning: 2 to 72
Diagnostics time 0.43 secs 

Total number of iterations 9466 - required further 558 

Chain # 6 - chunk 14 (chain 2 of 4 for this core): increasing by 559 

Iterations: 559 
|-------------|-------------|-------------|-------------|
|-------------------------------------------------------|

Current time: 2024-11-25 10:55:52
MCMC time 34 mins 

USED COMPONENTS: 34 OF 74 

rel. MC standard error: 0.00992 to 0.07
eff. sample size: 204 to 10200
needed thinning: 2 to 74
Diagnostics time 0.43 secs 

Total number of iterations 10025 - required further 574 

Chain # 6 - chunk 15 (chain 2 of 4 for this core): increasing by 575 

Iterations: 575 
|-------------|-------------|-------------|-------------|
|-------------------------------------------------------|

Current time: 2024-11-25 10:56:29
MCMC time 34 mins 

USED COMPONENTS: 35 OF 74 

rel. MC standard error: 0.00955 to 0.0688
eff. sample size: 211 to 11000
needed thinning: 2 to 76
Diagnostics time 0.43 secs 

Total number of iterations 10600 - required further 589 

Chain # 6 - chunk 16 (chain 2 of 4 for this core): increasing by 590 

Iterations: 590 
|-------------|-------------|-------------|-------------|
|-------------------------------------------------------|

Current time: 2024-11-25 10:57:07
MCMC time 35 mins 

USED COMPONENTS: 34 OF 74 

rel. MC standard error: 0.00905 to 0.0673
eff. sample size: 221 to 12200
needed thinning: 2 to 76
Diagnostics time 0.47 secs 

Total number of iterations 11190 - required further 589 

Chain # 6 - chunk 17 (chain 2 of 4 for this core): increasing by 590 

Iterations: 590 
|-------------|-------------|-------------|-------------|
|-------------------------------------------------------|

Current time: 2024-11-25 10:57:44
MCMC time 35 mins 

USED COMPONENTS: 34 OF 74 

rel. MC standard error: 0.00881 to 0.0659
eff. sample size: 230 to 12900
needed thinning: 2 to 77
Diagnostics time 1 secs 

Total number of iterations 11780 - required further 597 

Chain # 6 - chunk 18 (chain 2 of 4 for this core): increasing by 598 

Iterations: 598 
|-------------|-------------|-------------|-------------|
|-------------------------------------------------------|

Current time: 2024-11-25 10:58:23
MCMC time 36 mins 

USED COMPONENTS: 34 OF 74 

rel. MC standard error: 0.00889 to 0.0652
eff. sample size: 235 to 12700
needed thinning: 2 to 79
Diagnostics time 0.45 secs 

Total number of iterations 12378 - required further 612 

Chain # 6 - chunk 19 (chain 2 of 4 for this core): increasing by 613 

Iterations: 613 
|-------------|-------------|-------------|-------------|
|-------------------------------------------------------|

Current time: 2024-11-25 10:59:03
MCMC time 37 mins 

USED COMPONENTS: 34 OF 74 

rel. MC standard error: 0.00816 to 0.0641
eff. sample size: 243 to 15000
needed thinning: 2 to 81
Diagnostics time 1 secs 

Total number of iterations 12991 - required further 628 

Chain # 6 - chunk 20 (chain 2 of 4 for this core): increasing by 629 

Iterations: 629 
|-------------|-------------|-------------|-------------|
|-------------------------------------------------------|

Current time: 2024-11-25 10:59:44
MCMC time 37 mins 

USED COMPONENTS: 35 OF 74 

rel. MC standard error: 0.00915 to 0.0633
eff. sample size: 250 to 11900
needed thinning: 2 to 82
Diagnostics time 0.47 secs 

Total number of iterations 13620 - required further 636 

Chain # 6 - chunk 21 (chain 2 of 4 for this core): increasing by 637 

Iterations: 637 
|-------------|-------------|-------------|-------------|
|-------------------------------------------------------|

Current time: 2024-11-25 11:00:24
MCMC time 38 mins 

USED COMPONENTS: 34 OF 74 

rel. MC standard error: 0.0085 to 0.062
eff. sample size: 260 to 13800
needed thinning: 2 to 83
Diagnostics time 0.52 secs 

Total number of iterations 14257 - required further 643 

Chain # 6 - chunk 22 (chain 2 of 4 for this core): increasing by 644 

Iterations: 644 
|-------------|-------------|-------------|-------------|
|-------------------------------------------------------|

Current time: 2024-11-25 11:01:06
MCMC time 39 mins 

USED COMPONENTS: 34 OF 74 

rel. MC standard error: 0.00835 to 0.0606
eff. sample size: 272 to 14300
needed thinning: 2 to 83
Diagnostics time 0.52 secs 

Total number of iterations 14901 - required further 643 

Chain # 6 - chunk 23 (chain 2 of 4 for this core): increasing by 644 

Iterations: 644 
|-------------|-------------|-------------|-------------|
|-------------------------------------------------------|

Current time: 2024-11-25 11:01:47
MCMC time 40 mins 

USED COMPONENTS: 34 OF 74 

rel. MC standard error: 0.00815 to 0.0592
eff. sample size: 285 to 15000
needed thinning: 2 to 82
Diagnostics time 0.97 secs 

Total number of iterations 15545 - required further 636 

Chain # 6 - chunk 24 (chain 2 of 4 for this core): increasing by 637 

Iterations: 637 
|-------------|-------------|-------------|-------------|
|-------------------------------------------------------|

Current time: 2024-11-25 11:02:29
MCMC time 40 mins 

USED COMPONENTS: 35 OF 74 

rel. MC standard error: 0.00764 to 0.058
eff. sample size: 297 to 17100
needed thinning: 2 to 82
Diagnostics time 0.5 secs 

Total number of iterations 16182 - required further 636 

Chain # 6 - chunk 25 (chain 2 of 4 for this core): increasing by 637 

Iterations: 637 
|-------------|-------------|-------------|-------------|
|-------------------------------------------------------|

Current time: 2024-11-25 11:03:10
MCMC time 41 mins 

USED COMPONENTS: 35 OF 74 

rel. MC standard error: 0.00775 to 0.0568
eff. sample size: 310 to 16600
needed thinning: 2 to 82
Diagnostics time 0.5 secs 

Total number of iterations 16819 - required further 636 

Chain # 6 - chunk 26 (chain 2 of 4 for this core): increasing by 637 

Iterations: 637 
|-------------|-------------|-------------|-------------|
|-------------------------------------------------------|

Current time: 2024-11-25 11:03:50
MCMC time 42 mins 

USED COMPONENTS: 35 OF 74 

rel. MC standard error: 0.00732 to 0.0556
eff. sample size: 323 to 18700
needed thinning: 2 to 81
Diagnostics time 0.46 secs 

Total number of iterations 17456 - required further 628 

Chain # 6 - chunk 27 (chain 2 of 4 for this core): increasing by 629 

Iterations: 629 
|-------------|-------------|-------------|-------------|
|-------------------------------------------------------|

Current time: 2024-11-25 11:04:31
MCMC time 42 mins 

USED COMPONENTS: 34 OF 74 

rel. MC standard error: 0.00711 to 0.0546
eff. sample size: 335 to 19800
needed thinning: 2 to 81
Diagnostics time 0.51 secs 

Total number of iterations 18085 - required further 628 

Chain # 6 - chunk 28 (chain 2 of 4 for this core): increasing by 629 

Iterations: 629 
|-------------|-------------|-------------|-------------|
|-------------------------------------------------------|

Current time: 2024-11-25 11:05:12
MCMC time 43 mins 

USED COMPONENTS: 35 OF 74 

rel. MC standard error: 0.00669 to 0.0534
eff. sample size: 351 to 22400
needed thinning: 2 to 81
Diagnostics time 1.1 secs 

Total number of iterations 18714 - required further 628 

Chain # 6 - chunk 29 (chain 2 of 4 for this core): increasing by 629 

Iterations: 629 
|-------------|-------------|-------------|-------------|
|-------------------------------------------------------|

Current time: 2024-11-25 11:05:53
MCMC time 44 mins 

USED COMPONENTS: 34 OF 74 

rel. MC standard error: 0.0068 to 0.0526
eff. sample size: 362 to 21600
needed thinning: 2 to 81
Diagnostics time 0.55 secs 

Total number of iterations 19343 - required further 628 

Chain # 6 - chunk 30 (chain 2 of 4 for this core): increasing by 629 

Iterations: 629 
|-------------|-------------|-------------|-------------|
|-------------------------------------------------------|

Current time: 2024-11-25 11:06:34
MCMC time 44 mins 

USED COMPONENTS: 34 OF 74 

rel. MC standard error: 0.00713 to 0.0516
eff. sample size: 375 to 19700
needed thinning: 2 to 80
Diagnostics time 0.51 secs 

Total number of iterations 19972 - required further 620 

Chain # 6 - chunk 31 (chain 2 of 4 for this core): increasing by 621 

Iterations: 621 
|-------------|-------------|-------------|-------------|
|-------------------------------------------------------|

Current time: 2024-11-25 11:07:15
MCMC time 45 mins 

USED COMPONENTS: 34 OF 74 

rel. MC standard error: 0.00639 to 0.0509
eff. sample size: 387 to 24500
needed thinning: 2 to 80
Diagnostics time 0.47 secs 

Total number of iterations 20593 - required further 620 

Chain # 6 - chunk 32 (chain 2 of 4 for this core): increasing by 621 

Iterations: 621 
|-------------|-------------|-------------|-------------|
|-------------------------------------------------------|

Current time: 2024-11-25 11:07:54
MCMC time 46 mins 

USED COMPONENTS: 34 OF 74 

rel. MC standard error: 0.0069 to 0.0502
eff. sample size: 397 to 21000
needed thinning: 2 to 81
Diagnostics time 0.44 secs 

Total number of iterations 21214 - required further 628 

Chain # 6 - chunk 33 (chain 2 of 4 for this core): increasing by 629 

Iterations: 629 
|-------------|-------------|-------------|-------------|
|-------------------------------------------------------|

Current time: 2024-11-25 11:08:34
MCMC time 46 mins 

USED COMPONENTS: 34 OF 74 

rel. MC standard error: 0.00662 to 0.0494
eff. sample size: 410 to 22800
needed thinning: 2 to 80
Diagnostics time 0.5 secs 

Total number of iterations 21843 - required further 0 

Keeping last 60 samples with thinning 80 

Plotting traces and samples.

Current time: 2024-11-25 11:08:37
MCMC + diagnostics time 46 mins 

Chain # 7 (chain 3 of 4 for this core)

Datapoints for testing convergence:
 #3 #6 #42 #122 #133 #164 #192 #197 #243 #260 #278 #282 #297 #338 #371 #390 #403 #426 #432 #450 

Iterations: 3600 
|-------------|-------------|-------------|-------------|
|-------------------------------------------------------|

Current time: 2024-11-25 11:11:23
MCMC time 49 mins 

USED COMPONENTS: 43 OF 74 

rel. MC standard error: 0.0179 to 0.0542
eff. sample size: 340 to 3110
needed thinning: 2 to 16
Diagnostics time 1.4 secs 

Total number of iterations 3600 - required further 124 

Chain # 7 - chunk 2 (chain 3 of 4 for this core): increasing by 125 

Iterations: 125 
|-------------|-------------|-------------|-------------|
|-------------------------------------------------------|

Current time: 2024-11-25 11:11:30
MCMC time 49 mins 

USED COMPONENTS: 43 OF 74 

rel. MC standard error: 0.0165 to 0.0543
eff. sample size: 339 to 3680
needed thinning: 2 to 17
Diagnostics time 0.061 secs 

Total number of iterations 3725 - required further 132 

Chain # 7 - chunk 3 (chain 3 of 4 for this core): increasing by 133 

Iterations: 133 
|-------------|-------------|-------------|-------------|
|-------------------------------------------------------|

Current time: 2024-11-25 11:11:34
MCMC time 49 mins 

USED COMPONENTS: 43 OF 74 

rel. MC standard error: 0.0162 to 0.0565
eff. sample size: 313 to 3820
needed thinning: 2 to 19
Diagnostics time 0.1 secs 

Total number of iterations 3858 - required further 148 

Chain # 7 - chunk 4 (chain 3 of 4 for this core): increasing by 149 

Iterations: 149 
|-------------|-------------|-------------|-------------|
|-------------------------------------------------------|

Current time: 2024-11-25 11:11:39
MCMC time 49 mins 

USED COMPONENTS: 42 OF 74 

rel. MC standard error: 0.0147 to 0.0584
eff. sample size: 293 to 4610
needed thinning: 2 to 21
Diagnostics time 0.098 secs 

Total number of iterations 4007 - required further 163 

Chain # 7 - chunk 5 (chain 3 of 4 for this core): increasing by 164 

Iterations: 164 
|-------------|-------------|-------------|-------------|
|-------------------------------------------------------|

Current time: 2024-11-25 11:11:45
MCMC time 49 mins 

USED COMPONENTS: 42 OF 74 

rel. MC standard error: 0.0153 to 0.0576
eff. sample size: 302 to 4280
needed thinning: 2 to 21
Diagnostics time 0.074 secs 

Total number of iterations 4171 - required further 163 

Chain # 7 - chunk 6 (chain 3 of 4 for this core): increasing by 164 

Iterations: 164 
|-------------|-------------|-------------|-------------|
|-------------------------------------------------------|

Current time: 2024-11-25 11:11:50
MCMC time 50 mins 

USED COMPONENTS: 42 OF 74 

rel. MC standard error: 0.0157 to 0.0571
eff. sample size: 307 to 4060
needed thinning: 2 to 22
Diagnostics time 0.11 secs 

Total number of iterations 4335 - required further 171 

Chain # 7 - chunk 7 (chain 3 of 4 for this core): increasing by 172 

Iterations: 172 
|-------------|-------------|-------------|-------------|
|-------------------------------------------------------|

Current time: 2024-11-25 11:11:56
MCMC time 50 mins 

USED COMPONENTS: 42 OF 74 

rel. MC standard error: 0.0153 to 0.0586
eff. sample size: 291 to 4250
needed thinning: 2 to 24
Diagnostics time 0.1 secs 

Total number of iterations 4507 - required further 186 

Chain # 7 - chunk 8 (chain 3 of 4 for this core): increasing by 187 

Iterations: 187 
|-------------|-------------|-------------|-------------|
|-------------------------------------------------------|

Current time: 2024-11-25 11:12:02
MCMC time 50 mins 

USED COMPONENTS: 41 OF 74 

rel. MC standard error: 0.0157 to 0.0596
eff. sample size: 281 to 4040
needed thinning: 2 to 26
Diagnostics time 0.12 secs 

Total number of iterations 4694 - required further 202 

Chain # 7 - chunk 9 (chain 3 of 4 for this core): increasing by 203 

Iterations: 203 
|-------------|-------------|-------------|-------------|
|-------------------------------------------------------|

Current time: 2024-11-25 11:12:09
MCMC time 50 mins 

USED COMPONENTS: 41 OF 74 

rel. MC standard error: 0.0152 to 0.0585
eff. sample size: 293 to 4300
needed thinning: 2 to 26
Diagnostics time 0.11 secs 

Total number of iterations 4897 - required further 202 

Chain # 7 - chunk 10 (chain 3 of 4 for this core): increasing by 203 

Iterations: 203 
|-------------|-------------|-------------|-------------|
|-------------------------------------------------------|

Current time: 2024-11-25 11:12:16
MCMC time 50 mins 

USED COMPONENTS: 41 OF 74 

rel. MC standard error: 0.0144 to 0.0571
eff. sample size: 307 to 4820
needed thinning: 2 to 25
Diagnostics time 0.11 secs 

Total number of iterations 5100 - required further 194 

Chain # 7 - chunk 11 (chain 3 of 4 for this core): increasing by 195 

Iterations: 195 
|-------------|-------------|-------------|-------------|
|-------------------------------------------------------|

Current time: 2024-11-25 11:12:22
MCMC time 50 mins 

USED COMPONENTS: 41 OF 74 

rel. MC standard error: 0.0136 to 0.0562
eff. sample size: 316 to 5430
needed thinning: 2 to 26
Diagnostics time 0.14 secs 

Total number of iterations 5295 - required further 202 

Chain # 7 - chunk 12 (chain 3 of 4 for this core): increasing by 203 

Iterations: 203 
|-------------|-------------|-------------|-------------|
|-------------------------------------------------------|

Current time: 2024-11-25 11:12:29
MCMC time 50 mins 

USED COMPONENTS: 41 OF 74 

rel. MC standard error: 0.0131 to 0.055
eff. sample size: 330 to 5780
needed thinning: 2 to 25
Diagnostics time 0.13 secs 

Total number of iterations 5498 - required further 194 

Chain # 7 - chunk 13 (chain 3 of 4 for this core): increasing by 195 

Iterations: 195 
|-------------|-------------|-------------|-------------|
|-------------------------------------------------------|

Current time: 2024-11-25 11:12:36
MCMC time 50 mins 

USED COMPONENTS: 41 OF 74 

rel. MC standard error: 0.0134 to 0.0524
eff. sample size: 365 to 5570
needed thinning: 2 to 24
Diagnostics time 0.078 secs 

Total number of iterations 5693 - required further 186 

Chain # 7 - chunk 14 (chain 3 of 4 for this core): increasing by 187 

Iterations: 187 
|-------------|-------------|-------------|-------------|
|-------------------------------------------------------|

Current time: 2024-11-25 11:12:42
MCMC time 50 mins 

USED COMPONENTS: 42 OF 74 

rel. MC standard error: 0.0126 to 0.0566
eff. sample size: 312 to 6270
needed thinning: 2 to 29
Diagnostics time 0.075 secs 

Total number of iterations 5880 - required further 225 

Chain # 7 - chunk 15 (chain 3 of 4 for this core): increasing by 226 

Iterations: 226 
|-------------|-------------|-------------|-------------|
|-------------------------------------------------------|

Current time: 2024-11-25 11:12:50
MCMC time 51 mins 

USED COMPONENTS: 42 OF 74 

rel. MC standard error: 0.0134 to 0.0531
eff. sample size: 354 to 5610
needed thinning: 2 to 26
Diagnostics time 0.13 secs 

Total number of iterations 6106 - required further 202 

Chain # 7 - chunk 16 (chain 3 of 4 for this core): increasing by 203 

Iterations: 203 
|-------------|-------------|-------------|-------------|
|-------------------------------------------------------|

Current time: 2024-11-25 11:12:56
MCMC time 51 mins 

USED COMPONENTS: 41 OF 74 

rel. MC standard error: 0.0127 to 0.0538
eff. sample size: 345 to 6190
needed thinning: 2 to 28
Diagnostics time 0.11 secs 

Total number of iterations 6309 - required further 217 

Chain # 7 - chunk 17 (chain 3 of 4 for this core): increasing by 218 

Iterations: 218 
|-------------|-------------|-------------|-------------|
|-------------------------------------------------------|

Current time: 2024-11-25 11:13:04
MCMC time 51 mins 

USED COMPONENTS: 41 OF 74 

rel. MC standard error: 0.0128 to 0.051
eff. sample size: 385 to 6120
needed thinning: 2 to 26
Diagnostics time 0.09 secs 

Total number of iterations 6527 - required further 202 

Chain # 7 - chunk 18 (chain 3 of 4 for this core): increasing by 203 

Iterations: 203 
|-------------|-------------|-------------|-------------|
|-------------------------------------------------------|

Current time: 2024-11-25 11:13:11
MCMC time 51 mins 

USED COMPONENTS: 42 OF 74 

rel. MC standard error: 0.0124 to 0.0515
eff. sample size: 378 to 6520
needed thinning: 2 to 27
Diagnostics time 0.11 secs 

Total number of iterations 6730 - required further 210 

Chain # 7 - chunk 19 (chain 3 of 4 for this core): increasing by 211 

Iterations: 211 
|-------------|-------------|-------------|-------------|
|-------------------------------------------------------|

Current time: 2024-11-25 11:13:18
MCMC time 51 mins 

USED COMPONENTS: 41 OF 74 

rel. MC standard error: 0.0108 to 0.0479
eff. sample size: 435 to 8590
needed thinning: 2 to 24
Diagnostics time 0.083 secs 

Total number of iterations 6941 - required further 0 

Keeping last 60 samples with thinning 24 

Plotting traces and samples.

Current time: 2024-11-25 11:13:19
MCMC + diagnostics time 51 mins 

Chain # 8 (chain 4 of 4 for this core)

Datapoints for testing convergence:
 #28 #40 #56 #79 #150 #166 #219 #225 #234 #237 #244 #254 #263 #290 #316 #321 #356 #406 #442 #460 

Iterations: 3600 
|-------------|-------------|-------------|-------------|
|-------------------------------------------------------|

Current time: 2024-11-25 11:15:39
MCMC time 53 mins 

USED COMPONENTS: 43 OF 74 

rel. MC standard error: 0.0161 to 0.0699
eff. sample size: 205 to 3860
needed thinning: 2 to 27
Diagnostics time 1.3 secs 

Total number of iterations 3600 - required further 210 

Chain # 8 - chunk 2 (chain 4 of 4 for this core): increasing by 211 

Iterations: 211 
|-------------|-------------|-------------|-------------|
|-------------------------------------------------------|

Current time: 2024-11-25 11:15:47
MCMC time 54 mins 

USED COMPONENTS: 43 OF 74 

rel. MC standard error: 0.0152 to 0.0681
eff. sample size: 216 to 4340
needed thinning: 2 to 27
Diagnostics time 0.13 secs 

Total number of iterations 3811 - required further 210 

Chain # 8 - chunk 3 (chain 4 of 4 for this core): increasing by 211 

Iterations: 211 
|-------------|-------------|-------------|-------------|
|-------------------------------------------------------|

Current time: 2024-11-25 11:15:54
MCMC time 54 mins 

USED COMPONENTS: 44 OF 74 

rel. MC standard error: 0.0155 to 0.0684
eff. sample size: 214 to 4140
needed thinning: 2 to 29
Diagnostics time 0.11 secs 

Total number of iterations 4022 - required further 225 

Chain # 8 - chunk 4 (chain 4 of 4 for this core): increasing by 226 

Iterations: 226 
|-------------|-------------|-------------|-------------|
|-------------------------------------------------------|

Current time: 2024-11-25 11:16:02
MCMC time 54 mins 

USED COMPONENTS: 43 OF 74 

rel. MC standard error: 0.0162 to 0.0669
eff. sample size: 223 to 3810
needed thinning: 2 to 29
Diagnostics time 0.12 secs 

Total number of iterations 4248 - required further 225 

Chain # 8 - chunk 5 (chain 4 of 4 for this core): increasing by 226 

Iterations: 226 
|-------------|-------------|-------------|-------------|
|-------------------------------------------------------|

Current time: 2024-11-25 11:16:09
MCMC time 54 mins 

USED COMPONENTS: 43 OF 74 

rel. MC standard error: 0.0141 to 0.0686
eff. sample size: 213 to 5010
needed thinning: 2 to 32
Diagnostics time 0.11 secs 

Total number of iterations 4474 - required further 248 

Chain # 8 - chunk 6 (chain 4 of 4 for this core): increasing by 249 

Iterations: 249 
|-------------|-------------|-------------|-------------|
|-------------------------------------------------------|

Current time: 2024-11-25 11:16:18
MCMC time 54 mins 

USED COMPONENTS: 43 OF 74 

rel. MC standard error: 0.0149 to 0.0681
eff. sample size: 215 to 4510
needed thinning: 2 to 33
Diagnostics time 0.13 secs 

Total number of iterations 4723 - required further 256 

Chain # 8 - chunk 7 (chain 4 of 4 for this core): increasing by 257 

Iterations: 257 
|-------------|-------------|-------------|-------------|
|-------------------------------------------------------|

Current time: 2024-11-25 11:16:26
MCMC time 54 mins 

USED COMPONENTS: 43 OF 74 

rel. MC standard error: 0.0132 to 0.0677
eff. sample size: 218 to 5780
needed thinning: 2 to 35
Diagnostics time 0.096 secs 

Total number of iterations 4980 - required further 272 

Chain # 8 - chunk 8 (chain 4 of 4 for this core): increasing by 273 

Iterations: 273 
|-------------|-------------|-------------|-------------|
|-------------------------------------------------------|

Current time: 2024-11-25 11:16:35
MCMC time 54 mins 

USED COMPONENTS: 43 OF 74 

rel. MC standard error: 0.0139 to 0.0667
eff. sample size: 225 to 5190
needed thinning: 2 to 36
Diagnostics time 0.099 secs 

Total number of iterations 5253 - required further 279 

Chain # 8 - chunk 9 (chain 4 of 4 for this core): increasing by 280 

Iterations: 280 
|-------------|-------------|-------------|-------------|
|-------------------------------------------------------|

Current time: 2024-11-25 11:16:45
MCMC time 54 mins 

USED COMPONENTS: 43 OF 74 

rel. MC standard error: 0.0137 to 0.0664
eff. sample size: 226 to 5300
needed thinning: 2 to 37
Diagnostics time 0.14 secs 

Total number of iterations 5533 - required further 287 

Chain # 8 - chunk 10 (chain 4 of 4 for this core): increasing by 288 

Iterations: 288 
|-------------|-------------|-------------|-------------|
|-------------------------------------------------------|

Current time: 2024-11-25 11:16:54
MCMC time 55 mins 

USED COMPONENTS: 43 OF 74 

rel. MC standard error: 0.013 to 0.0652
eff. sample size: 235 to 5950
needed thinning: 2 to 38
Diagnostics time 0.13 secs 

Total number of iterations 5821 - required further 295 

Chain # 8 - chunk 11 (chain 4 of 4 for this core): increasing by 296 

Iterations: 296 
|-------------|-------------|-------------|-------------|
|-------------------------------------------------------|

Current time: 2024-11-25 11:17:04
MCMC time 55 mins 

USED COMPONENTS: 43 OF 74 

rel. MC standard error: 0.013 to 0.0642
eff. sample size: 243 to 5920
needed thinning: 2 to 38
Diagnostics time 0.15 secs 

Total number of iterations 6117 - required further 295 

Chain # 8 - chunk 12 (chain 4 of 4 for this core): increasing by 296 

Iterations: 296 
|-------------|-------------|-------------|-------------|
|-------------------------------------------------------|

Current time: 2024-11-25 11:17:14
MCMC time 55 mins 

USED COMPONENTS: 44 OF 74 

rel. MC standard error: 0.0123 to 0.0632
eff. sample size: 250 to 6600
needed thinning: 2 to 39
Diagnostics time 0.14 secs 

Total number of iterations 6413 - required further 303 

Chain # 8 - chunk 13 (chain 4 of 4 for this core): increasing by 304 

Iterations: 304 
|-------------|-------------|-------------|-------------|
|-------------------------------------------------------|

Current time: 2024-11-25 11:17:24
MCMC time 55 mins 

USED COMPONENTS: 44 OF 74 

rel. MC standard error: 0.013 to 0.0616
eff. sample size: 263 to 5930
needed thinning: 2 to 39
Diagnostics time 0.16 secs 

Total number of iterations 6717 - required further 303 

Chain # 8 - chunk 14 (chain 4 of 4 for this core): increasing by 304 

Iterations: 304 
|-------------|-------------|-------------|-------------|
|-------------------------------------------------------|

Current time: 2024-11-25 11:17:34
MCMC time 55 mins 

USED COMPONENTS: 44 OF 74 

rel. MC standard error: 0.0127 to 0.0605
eff. sample size: 273 to 6240
needed thinning: 2 to 39
Diagnostics time 0.17 secs 

Total number of iterations 7021 - required further 303 

Chain # 8 - chunk 15 (chain 4 of 4 for this core): increasing by 304 

Iterations: 304 
|-------------|-------------|-------------|-------------|
|-------------------------------------------------------|

Current time: 2024-11-25 11:17:45
MCMC time 55 mins 

USED COMPONENTS: 44 OF 74 

rel. MC standard error: 0.0116 to 0.0591
eff. sample size: 286 to 7440
needed thinning: 2 to 39
Diagnostics time 0.19 secs 

Total number of iterations 7325 - required further 303 

Chain # 8 - chunk 16 (chain 4 of 4 for this core): increasing by 304 

Iterations: 304 
|-------------|-------------|-------------|-------------|
|-------------------------------------------------------|

Current time: 2024-11-25 11:17:55
MCMC time 56 mins 

USED COMPONENTS: 44 OF 74 

rel. MC standard error: 0.0119 to 0.0582
eff. sample size: 295 to 7060
needed thinning: 2 to 39
Diagnostics time 0.14 secs 

Total number of iterations 7629 - required further 303 

Chain # 8 - chunk 17 (chain 4 of 4 for this core): increasing by 304 

Iterations: 304 
|-------------|-------------|-------------|-------------|
|-------------------------------------------------------|

Current time: 2024-11-25 11:18:05
MCMC time 56 mins 

USED COMPONENTS: 44 OF 74 

rel. MC standard error: 0.0117 to 0.0568
eff. sample size: 310 to 7310
needed thinning: 2 to 39
Diagnostics time 0.15 secs 

Total number of iterations 7933 - required further 303 

Chain # 8 - chunk 18 (chain 4 of 4 for this core): increasing by 304 

Iterations: 304 
|-------------|-------------|-------------|-------------|
|-------------------------------------------------------|

Current time: 2024-11-25 11:18:15
MCMC time 56 mins 

USED COMPONENTS: 44 OF 74 

rel. MC standard error: 0.0103 to 0.0558
eff. sample size: 321 to 9360
needed thinning: 2 to 39
Diagnostics time 0.17 secs 

Total number of iterations 8237 - required further 303 

Chain # 8 - chunk 19 (chain 4 of 4 for this core): increasing by 304 

Iterations: 304 
|-------------|-------------|-------------|-------------|
|-------------------------------------------------------|

Current time: 2024-11-25 11:18:25
MCMC time 56 mins 

USED COMPONENTS: 45 OF 74 

rel. MC standard error: 0.0109 to 0.055
eff. sample size: 331 to 8380
needed thinning: 2 to 39
Diagnostics time 0.61 secs 

Total number of iterations 8541 - required further 303 

Chain # 8 - chunk 20 (chain 4 of 4 for this core): increasing by 304 

Iterations: 304 
|-------------|-------------|-------------|-------------|
|-------------------------------------------------------|

Current time: 2024-11-25 11:18:36
MCMC time 56 mins 

USED COMPONENTS: 43 OF 74 

rel. MC standard error: 0.0105 to 0.054
eff. sample size: 342 to 9100
needed thinning: 2 to 39
Diagnostics time 0.14 secs 

Total number of iterations 8845 - required further 303 

Chain # 8 - chunk 21 (chain 4 of 4 for this core): increasing by 304 

Iterations: 304 
|-------------|-------------|-------------|-------------|
|-------------------------------------------------------|

Current time: 2024-11-25 11:18:46
MCMC time 56 mins 

USED COMPONENTS: 43 OF 74 

rel. MC standard error: 0.0102 to 0.0536
eff. sample size: 348 to 9650
needed thinning: 2 to 40
Diagnostics time 0.12 secs 

Total number of iterations 9149 - required further 310 

Chain # 8 - chunk 22 (chain 4 of 4 for this core): increasing by 311 

Iterations: 311 
|-------------|-------------|-------------|-------------|
|-------------------------------------------------------|

Current time: 2024-11-25 11:18:56
MCMC time 57 mins 

USED COMPONENTS: 44 OF 74 

rel. MC standard error: 0.0104 to 0.0533
eff. sample size: 352 to 9200
needed thinning: 2 to 41
Diagnostics time 0.11 secs 

Total number of iterations 9460 - required further 318 

Chain # 8 - chunk 23 (chain 4 of 4 for this core): increasing by 319 

Iterations: 319 
|-------------|-------------|-------------|-------------|
|-------------------------------------------------------|

Current time: 2024-11-25 11:19:07
MCMC time 57 mins 

USED COMPONENTS: 43 OF 74 

rel. MC standard error: 0.0105 to 0.0528
eff. sample size: 359 to 9150
needed thinning: 2 to 41
Diagnostics time 0.14 secs 

Total number of iterations 9779 - required further 318 

Chain # 8 - chunk 24 (chain 4 of 4 for this core): increasing by 319 

Iterations: 319 
|-------------|-------------|-------------|-------------|
|-------------------------------------------------------|

Current time: 2024-11-25 11:19:17
MCMC time 57 mins 

USED COMPONENTS: 43 OF 74 

rel. MC standard error: 0.00974 to 0.0523
eff. sample size: 366 to 10500
needed thinning: 2 to 42
Diagnostics time 0.13 secs 

Total number of iterations 10098 - required further 326 

Chain # 8 - chunk 25 (chain 4 of 4 for this core): increasing by 327 

Iterations: 327 
|-------------|-------------|-------------|-------------|
|-------------------------------------------------------|

Current time: 2024-11-25 11:19:28
MCMC time 57 mins 

USED COMPONENTS: 43 OF 74 

rel. MC standard error: 0.0102 to 0.0622
eff. sample size: 259 to 9620
needed thinning: 2 to 61
Diagnostics time 0.15 secs 

Total number of iterations 10425 - required further 710 

Chain # 8 - chunk 26 (chain 4 of 4 for this core): increasing by 711 

Iterations: 711 
|-------------|-------------|-------------|-------------|
|-------------------------------------------------------|

Current time: 2024-11-25 11:19:52
MCMC time 58 mins 

USED COMPONENTS: 44 OF 74 

rel. MC standard error: 0.00997 to 0.0689
eff. sample size: 210 to 10100
needed thinning: 2 to 80
Diagnostics time 0.36 secs 

Total number of iterations 11136 - required further 1120 

Chain # 8 - chunk 27 (chain 4 of 4 for this core): increasing by 1121 

Iterations: 1121 
|-------------|-------------|-------------|-------------|
|-------------------------------------------------------|

Current time: 2024-11-25 11:20:29
MCMC time 58 mins 

USED COMPONENTS: 43 OF 74 

rel. MC standard error: 0.00907 to 0.0668
eff. sample size: 224 to 12200
needed thinning: 2 to 83
Diagnostics time 0.41 secs 

Total number of iterations 12257 - required further 643 

Chain # 8 - chunk 28 (chain 4 of 4 for this core): increasing by 644 

Iterations: 644 
|-------------|-------------|-------------|-------------|
|-------------------------------------------------------|

Current time: 2024-11-25 11:20:50
MCMC time 59 mins 

USED COMPONENTS: 44 OF 74 

rel. MC standard error: 0.00905 to 0.065
eff. sample size: 237 to 12200
needed thinning: 2 to 82
Diagnostics time 0.28 secs 

Total number of iterations 12901 - required further 636 

Chain # 8 - chunk 29 (chain 4 of 4 for this core): increasing by 637 

Iterations: 637 
|-------------|-------------|-------------|-------------|
|-------------------------------------------------------|

Current time: 2024-11-25 11:21:10
MCMC time 59 mins 

USED COMPONENTS: 44 OF 74 

rel. MC standard error: 0.00913 to 0.0636
eff. sample size: 247 to 12000
needed thinning: 2 to 83
Diagnostics time 0.29 secs 

Total number of iterations 13538 - required further 643 

Chain # 8 - chunk 30 (chain 4 of 4 for this core): increasing by 644 

Iterations: 644 
|-------------|-------------|-------------|-------------|
|-------------------------------------------------------|

Current time: 2024-11-25 11:21:31
MCMC time 59 mins 

USED COMPONENTS: 43 OF 74 

rel. MC standard error: 0.0078 to 0.0629
eff. sample size: 253 to 16400
needed thinning: 2 to 85
Diagnostics time 0.25 secs 

Total number of iterations 14182 - required further 659 

Chain # 8 - chunk 31 (chain 4 of 4 for this core): increasing by 660 

Iterations: 660 
|-------------|-------------|-------------|-------------|
|-------------------------------------------------------|

Current time: 2024-11-25 11:21:52
MCMC time 60 mins 

USED COMPONENTS: 43 OF 74 

rel. MC standard error: 0.00827 to 0.0614
eff. sample size: 265 to 14600
needed thinning: 2 to 84
Diagnostics time 0.28 secs 

Total number of iterations 14842 - required further 651 

Chain # 8 - chunk 32 (chain 4 of 4 for this core): increasing by 652 

Iterations: 652 
|-------------|-------------|-------------|-------------|
|-------------------------------------------------------|

Current time: 2024-11-25 11:22:13
MCMC time 60 mins 

USED COMPONENTS: 42 OF 74 

rel. MC standard error: 0.00797 to 0.0609
eff. sample size: 269 to 15800
needed thinning: 2 to 87
Diagnostics time 0.3 secs 

Total number of iterations 15494 - required further 674 

Chain # 8 - chunk 33 (chain 4 of 4 for this core): increasing by 675 

Iterations: 675 
|-------------|-------------|-------------|-------------|
|-------------------------------------------------------|

Current time: 2024-11-25 11:22:35
MCMC time 1 hours 

USED COMPONENTS: 42 OF 74 

rel. MC standard error: 0.00812 to 0.0596
eff. sample size: 281 to 15200
needed thinning: 2 to 87
Diagnostics time 0.24 secs 

Total number of iterations 16169 - required further 674 

Chain # 8 - chunk 34 (chain 4 of 4 for this core): increasing by 675 

Iterations: 675 
|-------------|-------------|-------------|-------------|
|-------------------------------------------------------|

Current time: 2024-11-25 11:22:57
MCMC time 1 hours 

USED COMPONENTS: 42 OF 74 

rel. MC standard error: 0.00768 to 0.0576
eff. sample size: 302 to 17000
needed thinning: 2 to 84
Diagnostics time 0.26 secs 

Total number of iterations 16844 - required further 651 

Chain # 8 - chunk 35 (chain 4 of 4 for this core): increasing by 652 

Iterations: 652 
|-------------|-------------|-------------|-------------|
|-------------------------------------------------------|

Current time: 2024-11-25 11:23:17
MCMC time 1 hours 

USED COMPONENTS: 43 OF 74 

rel. MC standard error: 0.00771 to 0.0574
eff. sample size: 303 to 16800
needed thinning: 2 to 87
Diagnostics time 0.26 secs 

Total number of iterations 17496 - required further 674 

Chain # 8 - chunk 36 (chain 4 of 4 for this core): increasing by 675 

Iterations: 675 
|-------------|-------------|-------------|-------------|
|-------------------------------------------------------|

Current time: 2024-11-25 11:23:39
MCMC time 1 hours 

USED COMPONENTS: 42 OF 74 

rel. MC standard error: 0.00753 to 0.0561
eff. sample size: 318 to 17600
needed thinning: 2 to 86
Diagnostics time 0.25 secs 

Total number of iterations 18171 - required further 667 

Chain # 8 - chunk 37 (chain 4 of 4 for this core): increasing by 668 

Iterations: 668 
|-------------|-------------|-------------|-------------|
|-------------------------------------------------------|

Current time: 2024-11-25 11:24:00
MCMC time 1 hours 

USED COMPONENTS: 42 OF 74 

rel. MC standard error: 0.00739 to 0.0556
eff. sample size: 324 to 18300
needed thinning: 2 to 88
Diagnostics time 0.29 secs 

Total number of iterations 18839 - required further 682 

Chain # 8 - chunk 38 (chain 4 of 4 for this core): increasing by 683 

Iterations: 683 
|-------------|-------------|-------------|-------------|
|-------------------------------------------------------|

Current time: 2024-11-25 11:24:22
MCMC time 1 hours 

USED COMPONENTS: 42 OF 74 

rel. MC standard error: 0.00725 to 0.0544
eff. sample size: 338 to 19000
needed thinning: 2 to 87
Diagnostics time 0.64 secs 

Total number of iterations 19522 - required further 674 

Chain # 8 - chunk 39 (chain 4 of 4 for this core): increasing by 675 

Iterations: 675 
|-------------|-------------|-------------|-------------|
|-------------------------------------------------------|

Current time: 2024-11-25 11:24:43
MCMC time 1 hours 

USED COMPONENTS: 43 OF 74 

rel. MC standard error: 0.0071 to 0.054
eff. sample size: 343 to 19900
needed thinning: 2 to 89
Diagnostics time 0.25 secs 

Total number of iterations 20197 - required further 690 

Chain # 8 - chunk 40 (chain 4 of 4 for this core): increasing by 691 

Iterations: 691 
|-------------|-------------|-------------|-------------|
|-------------------------------------------------------|

Current time: 2024-11-25 11:25:05
MCMC time 1 hours 

USED COMPONENTS: 44 OF 74 

rel. MC standard error: 0.00671 to 0.0532
eff. sample size: 353 to 22200
needed thinning: 2 to 89
Diagnostics time 0.27 secs 

Total number of iterations 20888 - required further 690 

Chain # 8 - chunk 41 (chain 4 of 4 for this core): increasing by 691 

Iterations: 691 
|-------------|-------------|-------------|-------------|
|-------------------------------------------------------|

Current time: 2024-11-25 11:25:27
MCMC time 1.1 hours 

USED COMPONENTS: 44 OF 74 

rel. MC standard error: 0.00687 to 0.0525
eff. sample size: 362 to 21200
needed thinning: 2 to 90
Diagnostics time 0.6 secs 

Total number of iterations 21579 - required further 698 

Chain # 8 - chunk 42 (chain 4 of 4 for this core): increasing by 699 

Iterations: 699 
|-------------|-------------|-------------|-------------|
|-------------------------------------------------------|

Current time: 2024-11-25 11:25:50
MCMC time 1.1 hours 

USED COMPONENTS: 43 OF 74 

rel. MC standard error: 0.0069 to 0.0517
eff. sample size: 374 to 21000
needed thinning: 2 to 90
Diagnostics time 0.26 secs 

Total number of iterations 22278 - required further 698 

Chain # 8 - chunk 43 (chain 4 of 4 for this core): increasing by 699 

Iterations: 699 
|-------------|-------------|-------------|-------------|
|-------------------------------------------------------|

Current time: 2024-11-25 11:26:11
MCMC time 1.1 hours 

USED COMPONENTS: 42 OF 74 

rel. MC standard error: 0.00652 to 0.0509
eff. sample size: 386 to 23600
needed thinning: 2 to 90
Diagnostics time 0.28 secs 

Total number of iterations 22977 - required further 698 

Chain # 8 - chunk 44 (chain 4 of 4 for this core): increasing by 699 

Iterations: 699 
|-------------|-------------|-------------|-------------|
|-------------------------------------------------------|

Current time: 2024-11-25 11:26:33
MCMC time 1.1 hours 

USED COMPONENTS: 41 OF 74 

rel. MC standard error: 0.0066 to 0.0503
eff. sample size: 395 to 23000
needed thinning: 2 to 90
Diagnostics time 0.28 secs 

Total number of iterations 23676 - required further 698 

Chain # 8 - chunk 45 (chain 4 of 4 for this core): increasing by 699 

Iterations: 699 
|-------------|-------------|-------------|-------------|
|-------------------------------------------------------|

Current time: 2024-11-25 11:26:55
MCMC time 1.1 hours 

USED COMPONENTS: 41 OF 74 

rel. MC standard error: 0.00641 to 0.0498
eff. sample size: 404 to 24300
needed thinning: 2 to 91
Diagnostics time 0.63 secs 

Total number of iterations 24375 - required further 0 

Keeping last 60 samples with thinning 91 

Plotting traces and samples.

Current time: 2024-11-25 11:26:58
MCMC + diagnostics time 1.1 hours 

Current time: 2024-11-25 11:26:58
Total time 1.1 hours 
loaded inferno and set parent environment
loaded inferno and set parent environment
loaded inferno and set parent environment
loaded inferno and set parent environment
