Log core 4 - Current time: 2024-11-25 10:20:10
Defining model
Building model
Setting data and initial values
Running calculate on model
  [Note] Any error reports that follow may simply reflect missing values in model variables.
Checking model sizes and dimensions
Compiling
  [Note] This may take a minute.
  [Note] Use 'showCompilerOutput = TRUE' to see C++ compilation details.
===== Monitors =====
thin = 1: Bprob, Rmean, Rvar, W
thin2 = 1: K
===== Samplers =====
conjugate sampler (519)
  - Rmean[]  (148 elements)
  - Rrate[]  (148 elements)
  - Bprob[]  (74 elements)
  - Rvar[]  (148 elements)
  - W[1:74] 
categorical sampler (501)
  - Alpha
  - K[]  (500 elements)
===== Monitors =====
thin = 1: Bprob, Rmean, Rvar, W
thin2 = 1: K
===== Samplers =====
slice sampler (501)
  - Alpha
  - K[]  (500 elements)
conjugate sampler (519)
  - Rmean[]  (148 elements)
  - Rrate[]  (148 elements)
  - Bprob[]  (74 elements)
  - Rvar[]  (148 elements)
  - W[1:74] 
Compiling
  [Note] This may take a minute.
  [Note] Use 'showCompilerOutput = TRUE' to see C++ compilation details.

Setup time 2.4 mins 

Chain # 13 (chain 1 of 4 for this core)

Datapoints for testing convergence:
 #51 #52 #53 #131 #168 #173 #176 #187 #199 #209 #214 #226 #238 #292 #305 #307 #359 #420 #423 #487 

Iterations: 3600 
|-------------|-------------|-------------|-------------|
|-------------------------------------------------------|

Current time: 2024-11-25 10:26:21
MCMC time 3.8 mins 

USED COMPONENTS: 43 OF 74 

rel. MC standard error: 0.0164 to 0.0657
eff. sample size: 232 to 3710
needed thinning: 2 to 24
Diagnostics time 2.9 secs 

Total number of iterations 3600 - required further 186 

Chain # 13 - chunk 2 (chain 1 of 4 for this core): increasing by 187 

Iterations: 187 
|-------------|-------------|-------------|-------------|
|-------------------------------------------------------|

Current time: 2024-11-25 10:26:38
MCMC time 4.1 mins 

USED COMPONENTS: 40 OF 74 

rel. MC standard error: 0.016 to 0.065
eff. sample size: 237 to 3920
needed thinning: 2 to 24
Diagnostics time 0.16 secs 

Total number of iterations 3787 - required further 186 

Chain # 13 - chunk 3 (chain 1 of 4 for this core): increasing by 187 

Iterations: 187 
|-------------|-------------|-------------|-------------|
|-------------------------------------------------------|

Current time: 2024-11-25 10:26:50
MCMC time 4.3 mins 

USED COMPONENTS: 40 OF 74 

rel. MC standard error: 0.0157 to 0.066
eff. sample size: 229 to 4080
needed thinning: 2 to 26
Diagnostics time 0.68 secs 

Total number of iterations 3974 - required further 202 

Chain # 13 - chunk 4 (chain 1 of 4 for this core): increasing by 203 

Iterations: 203 
|-------------|-------------|-------------|-------------|
|-------------------------------------------------------|

Current time: 2024-11-25 10:27:03
MCMC time 4.5 mins 

USED COMPONENTS: 41 OF 74 

rel. MC standard error: 0.014 to 0.0622
eff. sample size: 258 to 5130
needed thinning: 2 to 25
Diagnostics time 0.18 secs 

Total number of iterations 4177 - required further 194 

Chain # 13 - chunk 5 (chain 1 of 4 for this core): increasing by 195 

Iterations: 195 
|-------------|-------------|-------------|-------------|
|-------------------------------------------------------|

Current time: 2024-11-25 10:27:16
MCMC time 4.7 mins 

USED COMPONENTS: 41 OF 74 

rel. MC standard error: 0.0151 to 0.0644
eff. sample size: 241 to 4400
needed thinning: 2 to 28
Diagnostics time 0.16 secs 

Total number of iterations 4372 - required further 217 

Chain # 13 - chunk 6 (chain 1 of 4 for this core): increasing by 218 

Iterations: 218 
|-------------|-------------|-------------|-------------|
|-------------------------------------------------------|

Current time: 2024-11-25 10:27:30
MCMC time 4.9 mins 

USED COMPONENTS: 41 OF 74 

rel. MC standard error: 0.0148 to 0.0634
eff. sample size: 249 to 4590
needed thinning: 2 to 28
Diagnostics time 0.19 secs 

Total number of iterations 4590 - required further 217 

Chain # 13 - chunk 7 (chain 1 of 4 for this core): increasing by 218 

Iterations: 218 
|-------------|-------------|-------------|-------------|
|-------------------------------------------------------|

Current time: 2024-11-25 10:27:43
MCMC time 5.2 mins 

USED COMPONENTS: 40 OF 74 

rel. MC standard error: 0.0147 to 0.0631
eff. sample size: 251 to 4600
needed thinning: 2 to 29
Diagnostics time 0.19 secs 

Total number of iterations 4808 - required further 225 

Chain # 13 - chunk 8 (chain 1 of 4 for this core): increasing by 226 

Iterations: 226 
|-------------|-------------|-------------|-------------|
|-------------------------------------------------------|

Current time: 2024-11-25 10:27:58
MCMC time 5.4 mins 

USED COMPONENTS: 40 OF 74 

rel. MC standard error: 0.013 to 0.0633
eff. sample size: 250 to 5880
needed thinning: 2 to 31
Diagnostics time 0.18 secs 

Total number of iterations 5034 - required further 241 

Chain # 13 - chunk 9 (chain 1 of 4 for this core): increasing by 242 

Iterations: 242 
|-------------|-------------|-------------|-------------|
|-------------------------------------------------------|

Current time: 2024-11-25 10:28:14
MCMC time 5.7 mins 

USED COMPONENTS: 41 OF 74 

rel. MC standard error: 0.0123 to 0.0612
eff. sample size: 267 to 6570
needed thinning: 2 to 30
Diagnostics time 0.27 secs 

Total number of iterations 5276 - required further 233 

Chain # 13 - chunk 10 (chain 1 of 4 for this core): increasing by 234 

Iterations: 234 
|-------------|-------------|-------------|-------------|
|-------------------------------------------------------|

Current time: 2024-11-25 10:28:29
MCMC time 5.9 mins 

USED COMPONENTS: 41 OF 74 

rel. MC standard error: 0.0119 to 0.063
eff. sample size: 252 to 7060
needed thinning: 2 to 33
Diagnostics time 0.2 secs 

Total number of iterations 5510 - required further 256 

Chain # 13 - chunk 11 (chain 1 of 4 for this core): increasing by 257 

Iterations: 257 
|-------------|-------------|-------------|-------------|
|-------------------------------------------------------|

Current time: 2024-11-25 10:28:45
MCMC time 6.2 mins 

USED COMPONENTS: 40 OF 74 

rel. MC standard error: 0.0122 to 0.0597
eff. sample size: 280 to 6770
needed thinning: 2 to 31
Diagnostics time 0.23 secs 

Total number of iterations 5767 - required further 241 

Chain # 13 - chunk 12 (chain 1 of 4 for this core): increasing by 242 

Iterations: 242 
|-------------|-------------|-------------|-------------|
|-------------------------------------------------------|

Current time: 2024-11-25 10:29:01
MCMC time 6.5 mins 

USED COMPONENTS: 40 OF 74 

rel. MC standard error: 0.0124 to 0.0612
eff. sample size: 267 to 6540
needed thinning: 2 to 34
Diagnostics time 0.19 secs 

Total number of iterations 6009 - required further 264 

Chain # 13 - chunk 13 (chain 1 of 4 for this core): increasing by 265 

Iterations: 265 
|-------------|-------------|-------------|-------------|
|-------------------------------------------------------|

Current time: 2024-11-25 10:29:18
MCMC time 6.8 mins 

USED COMPONENTS: 40 OF 74 

rel. MC standard error: 0.0112 to 0.0601
eff. sample size: 277 to 8010
needed thinning: 2 to 35
Diagnostics time 0.21 secs 

Total number of iterations 6274 - required further 272 

Chain # 13 - chunk 14 (chain 1 of 4 for this core): increasing by 273 

Iterations: 273 
|-------------|-------------|-------------|-------------|
|-------------------------------------------------------|

Current time: 2024-11-25 10:29:35
MCMC time 7 mins 

USED COMPONENTS: 39 OF 74 

rel. MC standard error: 0.0121 to 0.0595
eff. sample size: 282 to 6840
needed thinning: 2 to 35
Diagnostics time 0.24 secs 

Total number of iterations 6547 - required further 272 

Chain # 13 - chunk 15 (chain 1 of 4 for this core): increasing by 273 

Iterations: 273 
|-------------|-------------|-------------|-------------|
|-------------------------------------------------------|

Current time: 2024-11-25 10:29:53
MCMC time 7.3 mins 

USED COMPONENTS: 41 OF 74 

rel. MC standard error: 0.0134 to 0.0585
eff. sample size: 293 to 5540
needed thinning: 2 to 35
Diagnostics time 0.28 secs 

Total number of iterations 6820 - required further 272 

Chain # 13 - chunk 16 (chain 1 of 4 for this core): increasing by 273 

Iterations: 273 
|-------------|-------------|-------------|-------------|
|-------------------------------------------------------|

Current time: 2024-11-25 10:30:10
MCMC time 7.6 mins 

USED COMPONENTS: 41 OF 74 

rel. MC standard error: 0.013 to 0.0579
eff. sample size: 299 to 5960
needed thinning: 2 to 36
Diagnostics time 0.24 secs 

Total number of iterations 7093 - required further 279 

Chain # 13 - chunk 17 (chain 1 of 4 for this core): increasing by 280 

Iterations: 280 
|-------------|-------------|-------------|-------------|
|-------------------------------------------------------|

Current time: 2024-11-25 10:30:28
MCMC time 7.9 mins 

USED COMPONENTS: 39 OF 74 

rel. MC standard error: 0.0124 to 0.0579
eff. sample size: 298 to 6480
needed thinning: 2 to 38
Diagnostics time 0.24 secs 

Total number of iterations 7373 - required further 295 

Chain # 13 - chunk 18 (chain 1 of 4 for this core): increasing by 296 

Iterations: 296 
|-------------|-------------|-------------|-------------|
|-------------------------------------------------------|

Current time: 2024-11-25 10:30:47
MCMC time 8.2 mins 

USED COMPONENTS: 39 OF 74 

rel. MC standard error: 0.0122 to 0.0568
eff. sample size: 310 to 6690
needed thinning: 2 to 38
Diagnostics time 0.25 secs 

Total number of iterations 7669 - required further 295 

Chain # 13 - chunk 19 (chain 1 of 4 for this core): increasing by 296 

Iterations: 296 
|-------------|-------------|-------------|-------------|
|-------------------------------------------------------|

Current time: 2024-11-25 10:31:06
MCMC time 8.6 mins 

USED COMPONENTS: 40 OF 74 

rel. MC standard error: 0.0118 to 0.0571
eff. sample size: 307 to 7170
needed thinning: 2 to 39
Diagnostics time 0.81 secs 

Total number of iterations 7965 - required further 303 

Chain # 13 - chunk 20 (chain 1 of 4 for this core): increasing by 304 

Iterations: 304 
|-------------|-------------|-------------|-------------|
|-------------------------------------------------------|

Current time: 2024-11-25 10:31:26
MCMC time 8.9 mins 

USED COMPONENTS: 40 OF 74 

rel. MC standard error: 0.0121 to 0.0552
eff. sample size: 329 to 6850
needed thinning: 2 to 38
Diagnostics time 0.23 secs 

Total number of iterations 8269 - required further 295 

Chain # 13 - chunk 21 (chain 1 of 4 for this core): increasing by 296 

Iterations: 296 
|-------------|-------------|-------------|-------------|
|-------------------------------------------------------|

Current time: 2024-11-25 10:31:45
MCMC time 9.2 mins 

USED COMPONENTS: 40 OF 74 

rel. MC standard error: 0.0113 to 0.0551
eff. sample size: 330 to 7840
needed thinning: 2 to 39
Diagnostics time 0.23 secs 

Total number of iterations 8565 - required further 303 

Chain # 13 - chunk 22 (chain 1 of 4 for this core): increasing by 304 

Iterations: 304 
|-------------|-------------|-------------|-------------|
|-------------------------------------------------------|

Current time: 2024-11-25 10:32:05
MCMC time 9.5 mins 

USED COMPONENTS: 39 OF 74 

rel. MC standard error: 0.0119 to 0.055
eff. sample size: 330 to 7070
needed thinning: 2 to 41
Diagnostics time 0.31 secs 

Total number of iterations 8869 - required further 318 

Chain # 13 - chunk 23 (chain 1 of 4 for this core): increasing by 319 

Iterations: 319 
|-------------|-------------|-------------|-------------|
|-------------------------------------------------------|

Current time: 2024-11-25 10:32:25
MCMC time 9.9 mins 

USED COMPONENTS: 39 OF 74 

rel. MC standard error: 0.0108 to 0.0535
eff. sample size: 350 to 8500
needed thinning: 2 to 40
Diagnostics time 0.27 secs 

Total number of iterations 9188 - required further 310 

Chain # 13 - chunk 24 (chain 1 of 4 for this core): increasing by 311 

Iterations: 311 
|-------------|-------------|-------------|-------------|
|-------------------------------------------------------|

Current time: 2024-11-25 10:32:45
MCMC time 10 mins 

USED COMPONENTS: 39 OF 74 

rel. MC standard error: 0.0111 to 0.0524
eff. sample size: 364 to 8080
needed thinning: 2 to 40
Diagnostics time 0.26 secs 

Total number of iterations 9499 - required further 310 

Chain # 13 - chunk 25 (chain 1 of 4 for this core): increasing by 311 

Iterations: 311 
|-------------|-------------|-------------|-------------|
|-------------------------------------------------------|

Current time: 2024-11-25 10:33:05
MCMC time 11 mins 

USED COMPONENTS: 39 OF 74 

rel. MC standard error: 0.0116 to 0.0522
eff. sample size: 367 to 7490
needed thinning: 2 to 41
Diagnostics time 0.33 secs 

Total number of iterations 9810 - required further 318 

Chain # 13 - chunk 26 (chain 1 of 4 for this core): increasing by 319 

Iterations: 319 
|-------------|-------------|-------------|-------------|
|-------------------------------------------------------|

Current time: 2024-11-25 10:33:26
MCMC time 11 mins 

USED COMPONENTS: 39 OF 74 

rel. MC standard error: 0.0112 to 0.0517
eff. sample size: 375 to 7910
needed thinning: 2 to 41
Diagnostics time 0.83 secs 

Total number of iterations 10129 - required further 318 

Chain # 13 - chunk 27 (chain 1 of 4 for this core): increasing by 319 

Iterations: 319 
|-------------|-------------|-------------|-------------|
|-------------------------------------------------------|

Current time: 2024-11-25 10:33:47
MCMC time 11 mins 

USED COMPONENTS: 41 OF 74 

rel. MC standard error: 0.0106 to 0.0512
eff. sample size: 382 to 8910
needed thinning: 2 to 42
Diagnostics time 0.25 secs 

Total number of iterations 10448 - required further 326 

Chain # 13 - chunk 28 (chain 1 of 4 for this core): increasing by 327 

Iterations: 327 
|-------------|-------------|-------------|-------------|
|-------------------------------------------------------|

Current time: 2024-11-25 10:34:07
MCMC time 12 mins 

USED COMPONENTS: 40 OF 74 

rel. MC standard error: 0.00997 to 0.0503
eff. sample size: 395 to 10100
needed thinning: 2 to 41
Diagnostics time 0.27 secs 

Total number of iterations 10775 - required further 318 

Chain # 13 - chunk 29 (chain 1 of 4 for this core): increasing by 319 

Iterations: 319 
|-------------|-------------|-------------|-------------|
|-------------------------------------------------------|

Current time: 2024-11-25 10:34:28
MCMC time 12 mins 

USED COMPONENTS: 40 OF 74 

rel. MC standard error: 0.00995 to 0.0498
eff. sample size: 402 to 10100
needed thinning: 2 to 42
Diagnostics time 0.84 secs 

Total number of iterations 11094 - required further 0 

Keeping last 60 samples with thinning 42 

Plotting traces and samples.

Current time: 2024-11-25 10:34:30
MCMC + diagnostics time 12 mins 

Chain # 14 (chain 2 of 4 for this core)

Datapoints for testing convergence:
 #73 #99 #100 #105 #130 #193 #210 #227 #240 #273 #278 #280 #281 #284 #288 #307 #315 #343 #399 #468 

Iterations: 3600 
|-------------|-------------|-------------|-------------|
|-------------------------------------------------------|

Current time: 2024-11-25 10:38:18
MCMC time 16 mins 

USED COMPONENTS: 40 OF 74 

rel. MC standard error: 0.016 to 0.0715
eff. sample size: 196 to 3920
needed thinning: 2 to 28
Diagnostics time 3.3 secs 

Total number of iterations 3600 - required further 217 

Chain # 14 - chunk 2 (chain 2 of 4 for this core): increasing by 218 

Iterations: 218 
|-------------|-------------|-------------|-------------|
|-------------------------------------------------------|

Current time: 2024-11-25 10:38:36
MCMC time 16 mins 

USED COMPONENTS: 39 OF 74 

rel. MC standard error: 0.0158 to 0.0692
eff. sample size: 209 to 3990
needed thinning: 2 to 28
Diagnostics time 0.21 secs 

Total number of iterations 3818 - required further 217 

Chain # 14 - chunk 3 (chain 2 of 4 for this core): increasing by 218 

Iterations: 218 
|-------------|-------------|-------------|-------------|
|-------------------------------------------------------|

Current time: 2024-11-25 10:38:50
MCMC time 16 mins 

USED COMPONENTS: 38 OF 74 

rel. MC standard error: 0.0152 to 0.0693
eff. sample size: 208 to 4320
needed thinning: 2 to 30
Diagnostics time 0.21 secs 

Total number of iterations 4036 - required further 233 

Chain # 14 - chunk 4 (chain 2 of 4 for this core): increasing by 234 

Iterations: 234 
|-------------|-------------|-------------|-------------|
|-------------------------------------------------------|

Current time: 2024-11-25 10:39:05
MCMC time 17 mins 

USED COMPONENTS: 38 OF 74 

rel. MC standard error: 0.0151 to 0.0682
eff. sample size: 215 to 4400
needed thinning: 2 to 30
Diagnostics time 0.19 secs 

Total number of iterations 4270 - required further 233 

Chain # 14 - chunk 5 (chain 2 of 4 for this core): increasing by 234 

Iterations: 234 
|-------------|-------------|-------------|-------------|
|-------------------------------------------------------|

Current time: 2024-11-25 10:39:19
MCMC time 17 mins 

USED COMPONENTS: 39 OF 74 

rel. MC standard error: 0.0152 to 0.0658
eff. sample size: 231 to 4310
needed thinning: 2 to 30
Diagnostics time 0.2 secs 

Total number of iterations 4504 - required further 233 

Chain # 14 - chunk 6 (chain 2 of 4 for this core): increasing by 234 

Iterations: 234 
|-------------|-------------|-------------|-------------|
|-------------------------------------------------------|

Current time: 2024-11-25 10:39:35
MCMC time 17 mins 

USED COMPONENTS: 40 OF 74 

rel. MC standard error: 0.0126 to 0.0661
eff. sample size: 229 to 6350
needed thinning: 2 to 32
Diagnostics time 0.2 secs 

Total number of iterations 4738 - required further 248 

Chain # 14 - chunk 7 (chain 2 of 4 for this core): increasing by 249 

Iterations: 249 
|-------------|-------------|-------------|-------------|
|-------------------------------------------------------|

Current time: 2024-11-25 10:39:51
MCMC time 17 mins 

USED COMPONENTS: 40 OF 74 

rel. MC standard error: 0.0136 to 0.0633
eff. sample size: 249 to 5380
needed thinning: 2 to 30
Diagnostics time 0.2 secs 

Total number of iterations 4987 - required further 233 

Chain # 14 - chunk 8 (chain 2 of 4 for this core): increasing by 234 

Iterations: 234 
|-------------|-------------|-------------|-------------|
|-------------------------------------------------------|

Current time: 2024-11-25 10:40:06
MCMC time 18 mins 

USED COMPONENTS: 39 OF 74 

rel. MC standard error: 0.0138 to 0.0635
eff. sample size: 248 to 5270
needed thinning: 2 to 32
Diagnostics time 0.19 secs 

Total number of iterations 5221 - required further 248 

Chain # 14 - chunk 9 (chain 2 of 4 for this core): increasing by 249 

Iterations: 249 
|-------------|-------------|-------------|-------------|
|-------------------------------------------------------|

Current time: 2024-11-25 10:40:22
MCMC time 18 mins 

USED COMPONENTS: 39 OF 74 

rel. MC standard error: 0.0139 to 0.0621
eff. sample size: 259 to 5180
needed thinning: 2 to 32
Diagnostics time 0.21 secs 

Total number of iterations 5470 - required further 248 

Chain # 14 - chunk 10 (chain 2 of 4 for this core): increasing by 249 

Iterations: 249 
|-------------|-------------|-------------|-------------|
|-------------------------------------------------------|

Current time: 2024-11-25 10:40:38
MCMC time 18 mins 

USED COMPONENTS: 39 OF 74 

rel. MC standard error: 0.0128 to 0.0641
eff. sample size: 243 to 6060
needed thinning: 2 to 36
Diagnostics time 0.2 secs 

Total number of iterations 5719 - required further 279 

Chain # 14 - chunk 11 (chain 2 of 4 for this core): increasing by 280 

Iterations: 280 
|-------------|-------------|-------------|-------------|
|-------------------------------------------------------|

Current time: 2024-11-25 10:40:56
MCMC time 18 mins 

USED COMPONENTS: 39 OF 74 

rel. MC standard error: 0.0127 to 0.0646
eff. sample size: 240 to 6200
needed thinning: 2 to 38
Diagnostics time 0.26 secs 

Total number of iterations 5999 - required further 295 

Chain # 14 - chunk 12 (chain 2 of 4 for this core): increasing by 296 

Iterations: 296 
|-------------|-------------|-------------|-------------|
|-------------------------------------------------------|

Current time: 2024-11-25 10:41:15
MCMC time 19 mins 

USED COMPONENTS: 41 OF 74 

rel. MC standard error: 0.0126 to 0.064
eff. sample size: 244 to 6300
needed thinning: 2 to 39
Diagnostics time 0.24 secs 

Total number of iterations 6295 - required further 303 

Chain # 14 - chunk 13 (chain 2 of 4 for this core): increasing by 304 

Iterations: 304 
|-------------|-------------|-------------|-------------|
|-------------------------------------------------------|

Current time: 2024-11-25 10:41:34
MCMC time 19 mins 

USED COMPONENTS: 41 OF 74 

rel. MC standard error: 0.012 to 0.0643
eff. sample size: 242 to 7000
needed thinning: 2 to 41
Diagnostics time 0.27 secs 

Total number of iterations 6599 - required further 318 

Chain # 14 - chunk 14 (chain 2 of 4 for this core): increasing by 319 

Iterations: 319 
|-------------|-------------|-------------|-------------|
|-------------------------------------------------------|

Current time: 2024-11-25 10:41:55
MCMC time 19 mins 

USED COMPONENTS: 40 OF 74 

rel. MC standard error: 0.0121 to 0.0634
eff. sample size: 249 to 6850
needed thinning: 2 to 42
Diagnostics time 0.84 secs 

Total number of iterations 6918 - required further 326 

Chain # 14 - chunk 15 (chain 2 of 4 for this core): increasing by 327 

Iterations: 327 
|-------------|-------------|-------------|-------------|
|-------------------------------------------------------|

Current time: 2024-11-25 10:42:16
MCMC time 20 mins 

USED COMPONENTS: 40 OF 74 

rel. MC standard error: 0.0119 to 0.063
eff. sample size: 252 to 7100
needed thinning: 2 to 44
Diagnostics time 0.25 secs 

Total number of iterations 7245 - required further 341 

Chain # 14 - chunk 16 (chain 2 of 4 for this core): increasing by 342 

Iterations: 342 
|-------------|-------------|-------------|-------------|
|-------------------------------------------------------|

Current time: 2024-11-25 10:42:38
MCMC time 20 mins 

USED COMPONENTS: 39 OF 74 

rel. MC standard error: 0.0111 to 0.0613
eff. sample size: 266 to 8130
needed thinning: 2 to 43
Diagnostics time 0.3 secs 

Total number of iterations 7587 - required further 334 

Chain # 14 - chunk 17 (chain 2 of 4 for this core): increasing by 335 

Iterations: 335 
|-------------|-------------|-------------|-------------|
|-------------------------------------------------------|

Current time: 2024-11-25 10:43:00
MCMC time 20 mins 

USED COMPONENTS: 39 OF 74 

rel. MC standard error: 0.0109 to 0.0606
eff. sample size: 272 to 8460
needed thinning: 2 to 44
Diagnostics time 0.25 secs 

Total number of iterations 7922 - required further 341 

Chain # 14 - chunk 18 (chain 2 of 4 for this core): increasing by 342 

Iterations: 342 
|-------------|-------------|-------------|-------------|
|-------------------------------------------------------|

Current time: 2024-11-25 10:43:22
MCMC time 21 mins 

USED COMPONENTS: 39 OF 74 

rel. MC standard error: 0.0106 to 0.059
eff. sample size: 288 to 8970
needed thinning: 2 to 44
Diagnostics time 0.28 secs 

Total number of iterations 8264 - required further 341 

Chain # 14 - chunk 19 (chain 2 of 4 for this core): increasing by 342 

Iterations: 342 
|-------------|-------------|-------------|-------------|
|-------------------------------------------------------|

Current time: 2024-11-25 10:43:44
MCMC time 21 mins 

USED COMPONENTS: 40 OF 74 

rel. MC standard error: 0.0111 to 0.0575
eff. sample size: 302 to 8090
needed thinning: 2 to 43
Diagnostics time 0.26 secs 

Total number of iterations 8606 - required further 334 

Chain # 14 - chunk 20 (chain 2 of 4 for this core): increasing by 335 

Iterations: 335 
|-------------|-------------|-------------|-------------|
|-------------------------------------------------------|

Current time: 2024-11-25 10:44:06
MCMC time 22 mins 

USED COMPONENTS: 40 OF 74 

rel. MC standard error: 0.00987 to 0.0567
eff. sample size: 311 to 10300
needed thinning: 2 to 44
Diagnostics time 0.25 secs 

Total number of iterations 8941 - required further 341 

Chain # 14 - chunk 21 (chain 2 of 4 for this core): increasing by 342 

Iterations: 342 
|-------------|-------------|-------------|-------------|
|-------------------------------------------------------|

Current time: 2024-11-25 10:44:28
MCMC time 22 mins 

USED COMPONENTS: 40 OF 74 

rel. MC standard error: 0.01 to 0.0559
eff. sample size: 320 to 9960
needed thinning: 2 to 44
Diagnostics time 0.3 secs 

Total number of iterations 9283 - required further 341 

Chain # 14 - chunk 22 (chain 2 of 4 for this core): increasing by 342 

Iterations: 342 
|-------------|-------------|-------------|-------------|
|-------------------------------------------------------|

Current time: 2024-11-25 10:44:50
MCMC time 22 mins 

USED COMPONENTS: 40 OF 74 

rel. MC standard error: 0.0101 to 0.0547
eff. sample size: 334 to 9820
needed thinning: 2 to 44
Diagnostics time 0.27 secs 

Total number of iterations 9625 - required further 341 

Chain # 14 - chunk 23 (chain 2 of 4 for this core): increasing by 342 

Iterations: 342 
|-------------|-------------|-------------|-------------|
|-------------------------------------------------------|

Current time: 2024-11-25 10:45:12
MCMC time 23 mins 

USED COMPONENTS: 40 OF 74 

rel. MC standard error: 0.00958 to 0.054
eff. sample size: 343 to 10900
needed thinning: 2 to 44
Diagnostics time 0.27 secs 

Total number of iterations 9967 - required further 341 

Chain # 14 - chunk 24 (chain 2 of 4 for this core): increasing by 342 

Iterations: 342 
|-------------|-------------|-------------|-------------|
|-------------------------------------------------------|

Current time: 2024-11-25 10:45:34
MCMC time 23 mins 

USED COMPONENTS: 41 OF 74 

rel. MC standard error: 0.00954 to 0.0533
eff. sample size: 352 to 11000
needed thinning: 2 to 44
Diagnostics time 0.25 secs 

Total number of iterations 10309 - required further 341 

Chain # 14 - chunk 25 (chain 2 of 4 for this core): increasing by 342 

Iterations: 342 
|-------------|-------------|-------------|-------------|
|-------------------------------------------------------|

Current time: 2024-11-25 10:45:56
MCMC time 23 mins 

USED COMPONENTS: 40 OF 74 

rel. MC standard error: 0.00967 to 0.0521
eff. sample size: 368 to 10700
needed thinning: 2 to 44
Diagnostics time 0.28 secs 

Total number of iterations 10651 - required further 341 

Chain # 14 - chunk 26 (chain 2 of 4 for this core): increasing by 342 

Iterations: 342 
|-------------|-------------|-------------|-------------|
|-------------------------------------------------------|

Current time: 2024-11-25 10:46:18
MCMC time 24 mins 

USED COMPONENTS: 39 OF 74 

rel. MC standard error: 0.00961 to 0.0514
eff. sample size: 379 to 10800
needed thinning: 2 to 44
Diagnostics time 0.32 secs 

Total number of iterations 10993 - required further 341 

Chain # 14 - chunk 27 (chain 2 of 4 for this core): increasing by 342 

Iterations: 342 
|-------------|-------------|-------------|-------------|
|-------------------------------------------------------|

Current time: 2024-11-25 10:46:40
MCMC time 24 mins 

USED COMPONENTS: 40 OF 74 

rel. MC standard error: 0.00912 to 0.0507
eff. sample size: 389 to 12000
needed thinning: 2 to 44
Diagnostics time 0.29 secs 

Total number of iterations 11335 - required further 341 

Chain # 14 - chunk 28 (chain 2 of 4 for this core): increasing by 342 

Iterations: 342 
|-------------|-------------|-------------|-------------|
|-------------------------------------------------------|

Current time: 2024-11-25 10:47:02
MCMC time 24 mins 

USED COMPONENTS: 39 OF 74 

rel. MC standard error: 0.009 to 0.0503
eff. sample size: 395 to 12300
needed thinning: 2 to 45
Diagnostics time 0.28 secs 

Total number of iterations 11677 - required further 349 

Chain # 14 - chunk 29 (chain 2 of 4 for this core): increasing by 350 

Iterations: 350 
|-------------|-------------|-------------|-------------|
|-------------------------------------------------------|

Current time: 2024-11-25 10:47:25
MCMC time 25 mins 

USED COMPONENTS: 39 OF 74 

rel. MC standard error: 0.00925 to 0.0493
eff. sample size: 411 to 11700
needed thinning: 2 to 44
Diagnostics time 0.85 secs 

Total number of iterations 12027 - required further 0 

Keeping last 60 samples with thinning 44 

Plotting traces and samples.

Current time: 2024-11-25 10:47:27
MCMC + diagnostics time 25 mins 

Chain # 15 (chain 3 of 4 for this core)

Datapoints for testing convergence:
 #2 #97 #117 #118 #132 #171 #177 #198 #207 #270 #282 #289 #345 #357 #371 #372 #465 #466 #473 #496 

Iterations: 3600 
|-------------|-------------|-------------|-------------|
|-------------------------------------------------------|

Current time: 2024-11-25 10:51:13
MCMC time 29 mins 

USED COMPONENTS: 43 OF 74 

rel. MC standard error: 0.018 to 0.0842
eff. sample size: 141 to 3080
needed thinning: 2 to 39
Diagnostics time 2.8 secs 

Total number of iterations 3600 - required further 303 

Chain # 15 - chunk 2 (chain 3 of 4 for this core): increasing by 304 

Iterations: 304 
|-------------|-------------|-------------|-------------|
|-------------------------------------------------------|

Current time: 2024-11-25 10:51:36
MCMC time 29 mins 

USED COMPONENTS: 42 OF 74 

rel. MC standard error: 0.0168 to 0.0809
eff. sample size: 153 to 3530
needed thinning: 2 to 39
Diagnostics time 0.24 secs 

Total number of iterations 3904 - required further 303 

Chain # 15 - chunk 3 (chain 3 of 4 for this core): increasing by 304 

Iterations: 304 
|-------------|-------------|-------------|-------------|
|-------------------------------------------------------|

Current time: 2024-11-25 10:51:56
MCMC time 29 mins 

USED COMPONENTS: 42 OF 74 

rel. MC standard error: 0.0157 to 0.0785
eff. sample size: 162 to 4030
needed thinning: 2 to 39
Diagnostics time 0.25 secs 

Total number of iterations 4208 - required further 303 

Chain # 15 - chunk 4 (chain 3 of 4 for this core): increasing by 304 

Iterations: 304 
|-------------|-------------|-------------|-------------|
|-------------------------------------------------------|

Current time: 2024-11-25 10:52:16
MCMC time 30 mins 

USED COMPONENTS: 40 OF 74 

rel. MC standard error: 0.016 to 0.0756
eff. sample size: 175 to 3890
needed thinning: 2 to 39
Diagnostics time 0.24 secs 

Total number of iterations 4512 - required further 303 

Chain # 15 - chunk 5 (chain 3 of 4 for this core): increasing by 304 

Iterations: 304 
|-------------|-------------|-------------|-------------|
|-------------------------------------------------------|

Current time: 2024-11-25 10:52:35
MCMC time 30 mins 

USED COMPONENTS: 40 OF 74 

rel. MC standard error: 0.0155 to 0.0734
eff. sample size: 186 to 4170
needed thinning: 2 to 39
Diagnostics time 0.24 secs 

Total number of iterations 4816 - required further 303 

Chain # 15 - chunk 6 (chain 3 of 4 for this core): increasing by 304 

Iterations: 304 
|-------------|-------------|-------------|-------------|
|-------------------------------------------------------|

Current time: 2024-11-25 10:52:54
MCMC time 30 mins 

USED COMPONENTS: 41 OF 74 

rel. MC standard error: 0.0159 to 0.0712
eff. sample size: 197 to 3940
needed thinning: 2 to 39
Diagnostics time 0.25 secs 

Total number of iterations 5120 - required further 303 

Chain # 15 - chunk 7 (chain 3 of 4 for this core): increasing by 304 

Iterations: 304 
|-------------|-------------|-------------|-------------|
|-------------------------------------------------------|

Current time: 2024-11-25 10:53:14
MCMC time 31 mins 

USED COMPONENTS: 41 OF 74 

rel. MC standard error: 0.0142 to 0.0678
eff. sample size: 218 to 4990
needed thinning: 2 to 38
Diagnostics time 0.28 secs 

Total number of iterations 5424 - required further 295 

Chain # 15 - chunk 8 (chain 3 of 4 for this core): increasing by 296 

Iterations: 296 
|-------------|-------------|-------------|-------------|
|-------------------------------------------------------|

Current time: 2024-11-25 10:53:33
MCMC time 31 mins 

USED COMPONENTS: 40 OF 74 

rel. MC standard error: 0.0129 to 0.0658
eff. sample size: 231 to 6000
needed thinning: 2 to 38
Diagnostics time 0.23 secs 

Total number of iterations 5720 - required further 295 

Chain # 15 - chunk 9 (chain 3 of 4 for this core): increasing by 296 

Iterations: 296 
|-------------|-------------|-------------|-------------|
|-------------------------------------------------------|

Current time: 2024-11-25 10:53:52
MCMC time 31 mins 

USED COMPONENTS: 40 OF 74 

rel. MC standard error: 0.0135 to 0.0646
eff. sample size: 240 to 5450
needed thinning: 2 to 38
Diagnostics time 0.21 secs 

Total number of iterations 6016 - required further 295 

Chain # 15 - chunk 10 (chain 3 of 4 for this core): increasing by 296 

Iterations: 296 
|-------------|-------------|-------------|-------------|
|-------------------------------------------------------|

Current time: 2024-11-25 10:54:11
MCMC time 32 mins 

USED COMPONENTS: 39 OF 74 

rel. MC standard error: 0.0132 to 0.0636
eff. sample size: 247 to 5720
needed thinning: 2 to 39
Diagnostics time 0.23 secs 

Total number of iterations 6312 - required further 303 

Chain # 15 - chunk 11 (chain 3 of 4 for this core): increasing by 304 

Iterations: 304 
|-------------|-------------|-------------|-------------|
|-------------------------------------------------------|

Current time: 2024-11-25 10:54:30
MCMC time 32 mins 

USED COMPONENTS: 40 OF 74 

rel. MC standard error: 0.0128 to 0.0626
eff. sample size: 256 to 6150
needed thinning: 2 to 39
Diagnostics time 0.26 secs 

Total number of iterations 6616 - required further 303 

Chain # 15 - chunk 12 (chain 3 of 4 for this core): increasing by 304 

Iterations: 304 
|-------------|-------------|-------------|-------------|
|-------------------------------------------------------|

Current time: 2024-11-25 10:54:50
MCMC time 32 mins 

USED COMPONENTS: 40 OF 74 

rel. MC standard error: 0.0121 to 0.0606
eff. sample size: 272 to 6810
needed thinning: 2 to 39
Diagnostics time 0.25 secs 

Total number of iterations 6920 - required further 303 

Chain # 15 - chunk 13 (chain 3 of 4 for this core): increasing by 304 

Iterations: 304 
|-------------|-------------|-------------|-------------|
|-------------------------------------------------------|

Current time: 2024-11-25 10:55:09
MCMC time 33 mins 

USED COMPONENTS: 40 OF 74 

rel. MC standard error: 0.0114 to 0.0597
eff. sample size: 280 to 7630
needed thinning: 2 to 39
Diagnostics time 0.27 secs 

Total number of iterations 7224 - required further 303 

Chain # 15 - chunk 14 (chain 3 of 4 for this core): increasing by 304 

Iterations: 304 
|-------------|-------------|-------------|-------------|
|-------------------------------------------------------|

Current time: 2024-11-25 10:55:28
MCMC time 33 mins 

USED COMPONENTS: 40 OF 74 

rel. MC standard error: 0.0111 to 0.0599
eff. sample size: 278 to 8170
needed thinning: 2 to 41
Diagnostics time 0.24 secs 

Total number of iterations 7528 - required further 318 

Chain # 15 - chunk 15 (chain 3 of 4 for this core): increasing by 319 

Iterations: 319 
|-------------|-------------|-------------|-------------|
|-------------------------------------------------------|

Current time: 2024-11-25 10:55:49
MCMC time 33 mins 

USED COMPONENTS: 39 OF 74 

rel. MC standard error: 0.0115 to 0.0595
eff. sample size: 282 to 7580
needed thinning: 2 to 42
Diagnostics time 0.24 secs 

Total number of iterations 7847 - required further 326 

Chain # 15 - chunk 16 (chain 3 of 4 for this core): increasing by 327 

Iterations: 327 
|-------------|-------------|-------------|-------------|
|-------------------------------------------------------|

Current time: 2024-11-25 10:56:10
MCMC time 34 mins 

USED COMPONENTS: 38 OF 74 

rel. MC standard error: 0.0111 to 0.0598
eff. sample size: 280 to 8050
needed thinning: 2 to 44
Diagnostics time 0.26 secs 

Total number of iterations 8174 - required further 341 

Chain # 15 - chunk 17 (chain 3 of 4 for this core): increasing by 342 

Iterations: 342 
|-------------|-------------|-------------|-------------|
|-------------------------------------------------------|

Current time: 2024-11-25 10:56:31
MCMC time 34 mins 

USED COMPONENTS: 39 OF 74 

rel. MC standard error: 0.0114 to 0.0595
eff. sample size: 282 to 7760
needed thinning: 2 to 46
Diagnostics time 0.28 secs 

Total number of iterations 8516 - required further 357 

Chain # 15 - chunk 18 (chain 3 of 4 for this core): increasing by 358 

Iterations: 358 
|-------------|-------------|-------------|-------------|
|-------------------------------------------------------|

Current time: 2024-11-25 10:56:54
MCMC time 34 mins 

USED COMPONENTS: 39 OF 74 

rel. MC standard error: 0.0102 to 0.0593
eff. sample size: 284 to 9630
needed thinning: 2 to 47
Diagnostics time 0.27 secs 

Total number of iterations 8874 - required further 365 

Chain # 15 - chunk 19 (chain 3 of 4 for this core): increasing by 366 

Iterations: 366 
|-------------|-------------|-------------|-------------|
|-------------------------------------------------------|

Current time: 2024-11-25 10:57:18
MCMC time 35 mins 

USED COMPONENTS: 39 OF 74 

rel. MC standard error: 0.0104 to 0.0601
eff. sample size: 277 to 9310
needed thinning: 2 to 51
Diagnostics time 0.28 secs 

Total number of iterations 9240 - required further 396 

Chain # 15 - chunk 20 (chain 3 of 4 for this core): increasing by 397 

Iterations: 397 
|-------------|-------------|-------------|-------------|
|-------------------------------------------------------|

Current time: 2024-11-25 10:57:43
MCMC time 35 mins 

USED COMPONENTS: 40 OF 74 

rel. MC standard error: 0.01 to 0.0574
eff. sample size: 303 to 9910
needed thinning: 2 to 48
Diagnostics time 0.39 secs 

Total number of iterations 9637 - required further 372 

Chain # 15 - chunk 21 (chain 3 of 4 for this core): increasing by 373 

Iterations: 373 
|-------------|-------------|-------------|-------------|
|-------------------------------------------------------|

Current time: 2024-11-25 10:58:07
MCMC time 36 mins 

USED COMPONENTS: 39 OF 74 

rel. MC standard error: 0.0107 to 0.0571
eff. sample size: 307 to 8700
needed thinning: 2 to 49
Diagnostics time 0.29 secs 

Total number of iterations 10010 - required further 380 

Chain # 15 - chunk 22 (chain 3 of 4 for this core): increasing by 381 

Iterations: 381 
|-------------|-------------|-------------|-------------|
|-------------------------------------------------------|

Current time: 2024-11-25 10:58:32
MCMC time 36 mins 

USED COMPONENTS: 38 OF 74 

rel. MC standard error: 0.00976 to 0.0572
eff. sample size: 306 to 10500
needed thinning: 2 to 52
Diagnostics time 0.34 secs 

Total number of iterations 10391 - required further 403 

Chain # 15 - chunk 23 (chain 3 of 4 for this core): increasing by 404 

Iterations: 404 
|-------------|-------------|-------------|-------------|
|-------------------------------------------------------|

Current time: 2024-11-25 10:58:58
MCMC time 36 mins 

USED COMPONENTS: 38 OF 74 

rel. MC standard error: 0.009 to 0.0563
eff. sample size: 315 to 12400
needed thinning: 2 to 52
Diagnostics time 0.82 secs 

Total number of iterations 10795 - required further 403 

Chain # 15 - chunk 24 (chain 3 of 4 for this core): increasing by 404 

Iterations: 404 
|-------------|-------------|-------------|-------------|
|-------------------------------------------------------|

Current time: 2024-11-25 10:59:24
MCMC time 37 mins 

USED COMPONENTS: 38 OF 74 

rel. MC standard error: 0.00978 to 0.0557
eff. sample size: 322 to 10500
needed thinning: 2 to 53
Diagnostics time 0.31 secs 

Total number of iterations 11199 - required further 411 

Chain # 15 - chunk 25 (chain 3 of 4 for this core): increasing by 412 

Iterations: 412 
|-------------|-------------|-------------|-------------|
|-------------------------------------------------------|

Current time: 2024-11-25 10:59:51
MCMC time 37 mins 

USED COMPONENTS: 39 OF 74 

rel. MC standard error: 0.00936 to 0.0555
eff. sample size: 324 to 11400
needed thinning: 2 to 54
Diagnostics time 0.34 secs 

Total number of iterations 11611 - required further 419 

Chain # 15 - chunk 26 (chain 3 of 4 for this core): increasing by 420 

Iterations: 420 
|-------------|-------------|-------------|-------------|
|-------------------------------------------------------|

Current time: 2024-11-25 11:00:18
MCMC time 38 mins 

USED COMPONENTS: 37 OF 74 

rel. MC standard error: 0.00936 to 0.0556
eff. sample size: 323 to 11400
needed thinning: 2 to 56
Diagnostics time 0.3 secs 

Total number of iterations 12031 - required further 434 

Chain # 15 - chunk 27 (chain 3 of 4 for this core): increasing by 435 

Iterations: 435 
|-------------|-------------|-------------|-------------|
|-------------------------------------------------------|

Current time: 2024-11-25 11:00:46
MCMC time 38 mins 

USED COMPONENTS: 37 OF 74 

rel. MC standard error: 0.00883 to 0.0542
eff. sample size: 340 to 12800
needed thinning: 2 to 55
Diagnostics time 0.35 secs 

Total number of iterations 12466 - required further 427 

Chain # 15 - chunk 28 (chain 3 of 4 for this core): increasing by 428 

Iterations: 428 
|-------------|-------------|-------------|-------------|
|-------------------------------------------------------|

Current time: 2024-11-25 11:01:13
MCMC time 39 mins 

USED COMPONENTS: 37 OF 74 

rel. MC standard error: 0.0088 to 0.0533
eff. sample size: 352 to 12900
needed thinning: 2 to 55
Diagnostics time 0.33 secs 

Total number of iterations 12894 - required further 427 

Chain # 15 - chunk 29 (chain 3 of 4 for this core): increasing by 428 

Iterations: 428 
|-------------|-------------|-------------|-------------|
|-------------------------------------------------------|

Current time: 2024-11-25 11:01:41
MCMC time 39 mins 

USED COMPONENTS: 37 OF 74 

rel. MC standard error: 0.00877 to 0.0528
eff. sample size: 359 to 13000
needed thinning: 2 to 56
Diagnostics time 0.34 secs 

Total number of iterations 13322 - required further 434 

Chain # 15 - chunk 30 (chain 3 of 4 for this core): increasing by 435 

Iterations: 435 
|-------------|-------------|-------------|-------------|
|-------------------------------------------------------|

Current time: 2024-11-25 11:02:09
MCMC time 40 mins 

USED COMPONENTS: 37 OF 74 

rel. MC standard error: 0.00898 to 0.0527
eff. sample size: 360 to 12400
needed thinning: 2 to 58
Diagnostics time 0.38 secs 

Total number of iterations 13757 - required further 450 

Chain # 15 - chunk 31 (chain 3 of 4 for this core): increasing by 451 

Iterations: 451 
|-------------|-------------|-------------|-------------|
|-------------------------------------------------------|

Current time: 2024-11-25 11:02:37
MCMC time 40 mins 

USED COMPONENTS: 37 OF 74 

rel. MC standard error: 0.00816 to 0.0511
eff. sample size: 383 to 15000
needed thinning: 2 to 56
Diagnostics time 0.39 secs 

Total number of iterations 14208 - required further 434 

Chain # 15 - chunk 32 (chain 3 of 4 for this core): increasing by 435 

Iterations: 435 
|-------------|-------------|-------------|-------------|
|-------------------------------------------------------|

Current time: 2024-11-25 11:03:06
MCMC time 41 mins 

USED COMPONENTS: 37 OF 74 

rel. MC standard error: 0.00819 to 0.0505
eff. sample size: 393 to 14900
needed thinning: 2 to 56
Diagnostics time 0.87 secs 

Total number of iterations 14643 - required further 434 

Chain # 15 - chunk 33 (chain 3 of 4 for this core): increasing by 435 

Iterations: 435 
|-------------|-------------|-------------|-------------|
|-------------------------------------------------------|

Current time: 2024-11-25 11:03:34
MCMC time 41 mins 

USED COMPONENTS: 36 OF 74 

rel. MC standard error: 0.0082 to 0.0493
eff. sample size: 411 to 14900
needed thinning: 2 to 56
Diagnostics time 0.35 secs 

Total number of iterations 15078 - required further 0 

Keeping last 60 samples with thinning 56 

Plotting traces and samples.

Current time: 2024-11-25 11:03:36
MCMC + diagnostics time 41 mins 

Chain # 16 (chain 4 of 4 for this core)

Datapoints for testing convergence:
 #12 #42 #66 #80 #113 #121 #123 #136 #183 #206 #244 #321 #340 #356 #372 #399 #425 #464 #483 #493 

Iterations: 3600 
|-------------|-------------|-------------|-------------|
|----------