Log core 2 - Current time: 2024-11-25 10:20:12
Defining model
Building model
Setting data and initial values
Running calculate on model
  [Note] Any error reports that follow may simply reflect missing values in model variables.
Checking model sizes and dimensions
Compiling
  [Note] This may take a minute.
  [Note] Use 'showCompilerOutput = TRUE' to see C++ compilation details.
===== Monitors =====
thin = 1: Bprob, Rmean, Rvar, W
thin2 = 1: K
===== Samplers =====
conjugate sampler (519)
  - Rmean[]  (148 elements)
  - Rrate[]  (148 elements)
  - Bprob[]  (74 elements)
  - Rvar[]  (148 elements)
  - W[1:74] 
categorical sampler (301)
  - Alpha
  - K[]  (300 elements)
===== Monitors =====
thin = 1: Bprob, Rmean, Rvar, W
thin2 = 1: K
===== Samplers =====
slice sampler (301)
  - Alpha
  - K[]  (300 elements)
conjugate sampler (519)
  - Rmean[]  (148 elements)
  - Rrate[]  (148 elements)
  - Bprob[]  (74 elements)
  - Rvar[]  (148 elements)
  - W[1:74] 
Compiling
  [Note] This may take a minute.
  [Note] Use 'showCompilerOutput = TRUE' to see C++ compilation details.

Setup time 2.1 mins 

Chain # 5 (chain 1 of 4 for this core)

Datapoints for testing convergence:
 #25 #31 #39 #41 #56 #58 #61 #72 #96 #97 #100 #104 #133 #153 #163 #190 #235 #258 #272 #288 

Iterations: 3600 
|-------------|-------------|-------------|-------------|
|-------------------------------------------------------|

Current time: 2024-11-25 10:24:00
MCMC time 1.7 mins 

USED COMPONENTS: 37 OF 74 

rel. MC standard error: 0.0168 to 0.0529
eff. sample size: 357 to 3530
needed thinning: 2 to 16
Diagnostics time 3.6 secs 

Total number of iterations 3600 - required further 124 

Chain # 5 - chunk 2 (chain 1 of 4 for this core): increasing by 125 

Iterations: 125 
|-------------|-------------|-------------|-------------|
|-------------------------------------------------------|

Current time: 2024-11-25 10:24:11
MCMC time 1.9 mins 

USED COMPONENTS: 34 OF 74 

rel. MC standard error: 0.0173 to 0.0525
eff. sample size: 363 to 3340
needed thinning: 2 to 16
Diagnostics time 0.15 secs 

Total number of iterations 3725 - required further 124 

Chain # 5 - chunk 3 (chain 1 of 4 for this core): increasing by 125 

Iterations: 125 
|-------------|-------------|-------------|-------------|
|-------------------------------------------------------|

Current time: 2024-11-25 10:24:16
MCMC time 2 mins 

USED COMPONENTS: 35 OF 74 

rel. MC standard error: 0.0169 to 0.0505
eff. sample size: 392 to 3480
needed thinning: 2 to 15
Diagnostics time 0.13 secs 

Total number of iterations 3850 - required further 117 

Chain # 5 - chunk 4 (chain 1 of 4 for this core): increasing by 118 

Iterations: 118 
|-------------|-------------|-------------|-------------|
|-------------------------------------------------------|

Current time: 2024-11-25 10:24:20
MCMC time 2.1 mins 

USED COMPONENTS: 35 OF 74 

rel. MC standard error: 0.0174 to 0.0492
eff. sample size: 413 to 3310
needed thinning: 2 to 15
Diagnostics time 0.16 secs 

Total number of iterations 3968 - required further 0 

Keeping last 60 samples with thinning 15 

Plotting traces and samples.

Current time: 2024-11-25 10:24:21
MCMC + diagnostics time 2.1 mins 

Chain # 6 (chain 2 of 4 for this core)

Datapoints for testing convergence:
 #8 #19 #40 #60 #79 #126 #134 #138 #139 #142 #159 #180 #213 #224 #230 #234 #271 #272 #273 #299 

Iterations: 3600 
|-------------|-------------|-------------|-------------|
|-------------------------------------------------------|

Current time: 2024-11-25 10:26:16
MCMC time 4 mins 

USED COMPONENTS: 33 OF 74 

rel. MC standard error: 0.0166 to 0.0568
eff. sample size: 310 to 3610
needed thinning: 2 to 18
Diagnostics time 3.1 secs 

Total number of iterations 3600 - required further 140 

Chain # 6 - chunk 2 (chain 2 of 4 for this core): increasing by 141 

Iterations: 141 
|-------------|-------------|-------------|-------------|
|-------------------------------------------------------|

Current time: 2024-11-25 10:26:23
MCMC time 4.1 mins 

USED COMPONENTS: 33 OF 74 

rel. MC standard error: 0.0164 to 0.0553
eff. sample size: 327 to 3730
needed thinning: 2 to 18
Diagnostics time 0.089 secs 

Total number of iterations 3741 - required further 140 

Chain # 6 - chunk 3 (chain 2 of 4 for this core): increasing by 141 

Iterations: 141 
|-------------|-------------|-------------|-------------|
|-------------------------------------------------------|

Current time: 2024-11-25 10:26:26
MCMC time 4.2 mins 

USED COMPONENTS: 32 OF 74 

rel. MC standard error: 0.0153 to 0.0547
eff. sample size: 334 to 4270
needed thinning: 2 to 18
Diagnostics time 0.087 secs 

Total number of iterations 3882 - required further 140 

Chain # 6 - chunk 4 (chain 2 of 4 for this core): increasing by 141 

Iterations: 141 
|-------------|-------------|-------------|-------------|
|-------------------------------------------------------|

Current time: 2024-11-25 10:26:29
MCMC time 4.2 mins 

USED COMPONENTS: 33 OF 74 

rel. MC standard error: 0.0161 to 0.0545
eff. sample size: 337 to 3870
needed thinning: 2 to 18
Diagnostics time 0.11 secs 

Total number of iterations 4023 - required further 140 

Chain # 6 - chunk 5 (chain 2 of 4 for this core): increasing by 141 

Iterations: 141 
|-------------|-------------|-------------|-------------|
|-------------------------------------------------------|

Current time: 2024-11-25 10:26:33
MCMC time 4.3 mins 

USED COMPONENTS: 33 OF 74 

rel. MC standard error: 0.0164 to 0.0533
eff. sample size: 352 to 3720
needed thinning: 2 to 18
Diagnostics time 0.091 secs 

Total number of iterations 4164 - required further 140 

Chain # 6 - chunk 6 (chain 2 of 4 for this core): increasing by 141 

Iterations: 141 
|-------------|-------------|-------------|-------------|
|-------------------------------------------------------|

Current time: 2024-11-25 10:26:38
MCMC time 4.4 mins 

USED COMPONENTS: 33 OF 74 

rel. MC standard error: 0.014 to 0.0535
eff. sample size: 350 to 5080
needed thinning: 2 to 19
Diagnostics time 0.14 secs 

Total number of iterations 4305 - required further 148 

Chain # 6 - chunk 7 (chain 2 of 4 for this core): increasing by 149 

Iterations: 149 
|-------------|-------------|-------------|-------------|
|-------------------------------------------------------|

Current time: 2024-11-25 10:26:43
MCMC time 4.5 mins 

USED COMPONENTS: 34 OF 74 

rel. MC standard error: 0.0142 to 0.0536
eff. sample size: 348 to 4960
needed thinning: 2 to 20
Diagnostics time 0.68 secs 

Total number of iterations 4454 - required further 155 

Chain # 6 - chunk 8 (chain 2 of 4 for this core): increasing by 156 

Iterations: 156 
|-------------|-------------|-------------|-------------|
|-------------------------------------------------------|

Current time: 2024-11-25 10:26:48
MCMC time 4.5 mins 

USED COMPONENTS: 32 OF 74 

rel. MC standard error: 0.0158 to 0.0535
eff. sample size: 349 to 3990
needed thinning: 2 to 20
Diagnostics time 0.16 secs 

Total number of iterations 4610 - required further 155 

Chain # 6 - chunk 9 (chain 2 of 4 for this core): increasing by 156 

Iterations: 156 
|-------------|-------------|-------------|-------------|
|-------------------------------------------------------|

Current time: 2024-11-25 10:26:54
MCMC time 4.6 mins 

USED COMPONENTS: 32 OF 74 

rel. MC standard error: 0.0162 to 0.0522
eff. sample size: 366 to 3820
needed thinning: 2 to 20
Diagnostics time 0.13 secs 

Total number of iterations 4766 - required further 155 

Chain # 6 - chunk 10 (chain 2 of 4 for this core): increasing by 156 

Iterations: 156 
|-------------|-------------|-------------|-------------|
|-------------------------------------------------------|

Current time: 2024-11-25 10:27:00
MCMC time 4.7 mins 

USED COMPONENTS: 32 OF 74 

rel. MC standard error: 0.0151 to 0.0527
eff. sample size: 360 to 4400
needed thinning: 2 to 21
Diagnostics time 0.17 secs 

Total number of iterations 4922 - required further 163 

Chain # 6 - chunk 11 (chain 2 of 4 for this core): increasing by 164 

Iterations: 164 
|-------------|-------------|-------------|-------------|
|-------------------------------------------------------|

Current time: 2024-11-25 10:27:06
MCMC time 4.8 mins 

USED COMPONENTS: 32 OF 74 

rel. MC standard error: 0.0147 to 0.0519
eff. sample size: 371 to 4640
needed thinning: 2 to 21
Diagnostics time 0.16 secs 

Total number of iterations 5086 - required further 163 

Chain # 6 - chunk 12 (chain 2 of 4 for this core): increasing by 164 

Iterations: 164 
|-------------|-------------|-------------|-------------|
|-------------------------------------------------------|

Current time: 2024-11-25 10:27:12
MCMC time 4.9 mins 

USED COMPONENTS: 31 OF 74 

rel. MC standard error: 0.0146 to 0.0507
eff. sample size: 389 to 4690
needed thinning: 2 to 21
Diagnostics time 0.14 secs 

Total number of iterations 5250 - required further 163 

Chain # 6 - chunk 13 (chain 2 of 4 for this core): increasing by 164 

Iterations: 164 
|-------------|-------------|-------------|-------------|
|-------------------------------------------------------|

Current time: 2024-11-25 10:27:18
MCMC time 5 mins 

USED COMPONENTS: 30 OF 74 

rel. MC standard error: 0.0135 to 0.0504
eff. sample size: 394 to 5460
needed thinning: 2 to 21
Diagnostics time 0.13 secs 

Total number of iterations 5414 - required further 163 

Chain # 6 - chunk 14 (chain 2 of 4 for this core): increasing by 164 

Iterations: 164 
|-------------|-------------|-------------|-------------|
|-------------------------------------------------------|

Current time: 2024-11-25 10:27:24
MCMC time 5.1 mins 

USED COMPONENTS: 31 OF 74 

rel. MC standard error: 0.0129 to 0.0488
eff. sample size: 420 to 6000
needed thinning: 2 to 20
Diagnostics time 0.16 secs 

Total number of iterations 5578 - required further 0 

Keeping last 60 samples with thinning 20 

Plotting traces and samples.

Current time: 2024-11-25 10:27:25
MCMC + diagnostics time 5.2 mins 

Chain # 7 (chain 3 of 4 for this core)

Datapoints for testing convergence:
 #71 #72 #92 #116 #121 #142 #148 #150 #158 #167 #180 #204 #209 #226 #244 #259 #268 #269 #273 #299 

Iterations: 3600 
|-------------|-------------|-------------|-------------|
|-------------------------------------------------------|

Current time: 2024-11-25 10:29:31
MCMC time 7.3 mins 

USED COMPONENTS: 36 OF 74 

rel. MC standard error: 0.0187 to 0.0806
eff. sample size: 154 to 2870
needed thinning: 2 to 36
Diagnostics time 3.1 secs 

Total number of iterations 3600 - required further 279 

Chain # 7 - chunk 2 (chain 3 of 4 for this core): increasing by 280 

Iterations: 280 
|-------------|-------------|-------------|-------------|
|-------------------------------------------------------|

Current time: 2024-11-25 10:29:46
MCMC time 7.5 mins 

USED COMPONENTS: 34 OF 74 

rel. MC standard error: 0.016 to 0.0808
eff. sample size: 153 to 3930
needed thinning: 2 to 38
Diagnostics time 0.26 secs 

Total number of iterations 3880 - required further 295 

Chain # 7 - chunk 3 (chain 3 of 4 for this core): increasing by 296 

Iterations: 296 
|-------------|-------------|-------------|-------------|
|-------------------------------------------------------|

Current time: 2024-11-25 10:29:57
MCMC time 7.7 mins 

USED COMPONENTS: 34 OF 74 

rel. MC standard error: 0.0155 to 0.0788
eff. sample size: 161 to 4170
needed thinning: 2 to 39
Diagnostics time 0.27 secs 

Total number of iterations 4176 - required further 303 

Chain # 7 - chunk 4 (chain 3 of 4 for this core): increasing by 304 

Iterations: 304 
|-------------|-------------|-------------|-------------|
|-------------------------------------------------------|

Current time: 2024-11-25 10:30:09
MCMC time 7.9 mins 

USED COMPONENTS: 33 OF 74 

rel. MC standard error: 0.0156 to 0.0767
eff. sample size: 170 to 4130
needed thinning: 2 to 40
Diagnostics time 0.28 secs 

Total number of iterations 4480 - required further 310 

Chain # 7 - chunk 5 (chain 3 of 4 for this core): increasing by 311 

Iterations: 311 
|-------------|-------------|-------------|-------------|
|-------------------------------------------------------|

Current time: 2024-11-25 10:30:20
MCMC time 8.1 mins 

USED COMPONENTS: 32 OF 74 

rel. MC standard error: 0.0138 to 0.0766
eff. sample size: 171 to 5220
needed thinning: 2 to 43
Diagnostics time 0.3 secs 

Total number of iterations 4791 - required further 334 

Chain # 7 - chunk 6 (chain 3 of 4 for this core): increasing by 335 

Iterations: 335 
|-------------|-------------|-------------|-------------|
|-------------------------------------------------------|

Current time: 2024-11-25 10:30:33
MCMC time 8.3 mins 

USED COMPONENTS: 32 OF 74 

rel. MC standard error: 0.0128 to 0.0736
eff. sample size: 184 to 6100
needed thinning: 2 to 42
Diagnostics time 0.31 secs 

Total number of iterations 5126 - required further 326 

Chain # 7 - chunk 7 (chain 3 of 4 for this core): increasing by 327 

Iterations: 327 
|-------------|-------------|-------------|-------------|
|-------------------------------------------------------|

Current time: 2024-11-25 10:30:45
MCMC time 8.5 mins 

USED COMPONENTS: 31 OF 74 

rel. MC standard error: 0.0137 to 0.0719
eff. sample size: 193 to 5360
needed thinning: 2 to 43
Diagnostics time 0.89 secs 

Total number of iterations 5453 - required further 334 

Chain # 7 - chunk 8 (chain 3 of 4 for this core): increasing by 335 

Iterations: 335 
|-------------|-------------|-------------|-------------|
|-------------------------------------------------------|

Current time: 2024-11-25 10:30:57
MCMC time 8.7 mins 

USED COMPONENTS: 34 OF 74 

rel. MC standard error: 0.0139 to 0.0705
eff. sample size: 201 to 5190
needed thinning: 2 to 44
Diagnostics time 0.27 secs 

Total number of iterations 5788 - required further 341 

Chain # 7 - chunk 9 (chain 3 of 4 for this core): increasing by 342 

Iterations: 342 
|-------------|-------------|-------------|-------------|
|-------------------------------------------------------|

Current time: 2024-11-25 10:31:10
MCMC time 8.9 mins 

USED COMPONENTS: 34 OF 74 

rel. MC standard error: 0.0135 to 0.0699
eff. sample size: 205 to 5470
needed thinning: 2 to 45
Diagnostics time 0.28 secs 

Total number of iterations 6130 - required further 349 

Chain # 7 - chunk 10 (chain 3 of 4 for this core): increasing by 350 

Iterations: 350 
|-------------|-------------|-------------|-------------|
|-------------------------------------------------------|

Current time: 2024-11-25 10:31:23
MCMC time 9.1 mins 

USED COMPONENTS: 35 OF 74 

rel. MC standard error: 0.0125 to 0.0683
eff. sample size: 214 to 6420
needed thinning: 2 to 46
Diagnostics time 0.29 secs 

Total number of iterations 6480 - required further 357 

Chain # 7 - chunk 11 (chain 3 of 4 for this core): increasing by 358 

Iterations: 358 
|-------------|-------------|-------------|-------------|
|-------------------------------------------------------|

Current time: 2024-11-25 10:31:36
MCMC time 9.3 mins 

USED COMPONENTS: 33 OF 74 

rel. MC standard error: 0.0124 to 0.0664
eff. sample size: 227 to 6550
needed thinning: 2 to 46
Diagnostics time 0.31 secs 

Total number of iterations 6838 - required further 357 

Chain # 7 - chunk 12 (chain 3 of 4 for this core): increasing by 358 

Iterations: 358 
|-------------|-------------|-------------|-------------|
|-------------------------------------------------------|

Current time: 2024-11-25 10:31:50
MCMC time 9.6 mins 

USED COMPONENTS: 32 OF 74 

rel. MC standard error: 0.012 to 0.0646
eff. sample size: 239 to 6990
needed thinning: 2 to 46
Diagnostics time 0.31 secs 

Total number of iterations 7196 - required further 357 

Chain # 7 - chunk 13 (chain 3 of 4 for this core): increasing by 358 

Iterations: 358 
|-------------|-------------|-------------|-------------|
|-------------------------------------------------------|

Current time: 2024-11-25 10:32:03
MCMC time 9.8 mins 

USED COMPONENTS: 32 OF 74 

rel. MC standard error: 0.0128 to 0.0631
eff. sample size: 251 to 6140
needed thinning: 2 to 46
Diagnostics time 0.35 secs 

Total number of iterations 7554 - required further 357 

Chain # 7 - chunk 14 (chain 3 of 4 for this core): increasing by 358 

Iterations: 358 
|-------------|-------------|-------------|-------------|
|-------------------------------------------------------|

Current time: 2024-11-25 10:32:17
MCMC time 10 mins 

USED COMPONENTS: 33 OF 74 

rel. MC standard error: 0.0113 to 0.0619
eff. sample size: 261 to 7870
needed thinning: 2 to 46
Diagnostics time 0.31 secs 

Total number of iterations 7912 - required further 357 

Chain # 7 - chunk 15 (chain 3 of 4 for this core): increasing by 358 

Iterations: 358 
|-------------|-------------|-------------|-------------|
|-------------------------------------------------------|

Current time: 2024-11-25 10:32:31
MCMC time 10 mins 

USED COMPONENTS: 32 OF 74 

rel. MC standard error: 0.0122 to 0.0608
eff. sample size: 271 to 6740
needed thinning: 2 to 46
Diagnostics time 0.29 secs 

Total number of iterations 8270 - required further 357 

Chain # 7 - chunk 16 (chain 3 of 4 for this core): increasing by 358 

Iterations: 358 
|-------------|-------------|-------------|-------------|
|-------------------------------------------------------|

Current time: 2024-11-25 10:32:44
MCMC time 10 mins 

USED COMPONENTS: 33 OF 74 

rel. MC standard error: 0.0117 to 0.0602
eff. sample size: 276 to 7370
needed thinning: 2 to 47
Diagnostics time 0.33 secs 

Total number of iterations 8628 - required further 365 

Chain # 7 - chunk 17 (chain 3 of 4 for this core): increasing by 366 

Iterations: 366 
|-------------|-------------|-------------|-------------|
|-------------------------------------------------------|

Current time: 2024-11-25 10:32:58
MCMC time 11 mins 

USED COMPONENTS: 32 OF 74 

rel. MC standard error: 0.0119 to 0.0587
eff. sample size: 290 to 7110
needed thinning: 2 to 47
Diagnostics time 0.93 secs 

Total number of iterations 8994 - required further 365 

Chain # 7 - chunk 18 (chain 3 of 4 for this core): increasing by 366 

Iterations: 366 
|-------------|-------------|-------------|-------------|
|-------------------------------------------------------|

Current time: 2024-11-25 10:33:12
MCMC time 11 mins 

USED COMPONENTS: 33 OF 74 

rel. MC standard error: 0.0105 to 0.0572
eff. sample size: 306 to 9100
needed thinning: 2 to 46
Diagnostics time 0.28 secs 

Total number of iterations 9360 - required further 357 

Chain # 7 - chunk 19 (chain 3 of 4 for this core): increasing by 358 

Iterations: 358 
|-------------|-------------|-------------|-------------|
|-------------------------------------------------------|

Current time: 2024-11-25 10:33:25
MCMC time 11 mins 

USED COMPONENTS: 31 OF 74 

rel. MC standard error: 0.0116 to 0.0565
eff. sample size: 313 to 7480
needed thinning: 2 to 47
Diagnostics time 0.29 secs 

Total number of iterations 9718 - required further 365 

Chain # 7 - chunk 20 (chain 3 of 4 for this core): increasing by 366 

Iterations: 366 
|-------------|-------------|-------------|-------------|
|-------------------------------------------------------|

Current time: 2024-11-25 10:33:39
MCMC time 11 mins 

USED COMPONENTS: 32 OF 74 

rel. MC standard error: 0.0108 to 0.0559
eff. sample size: 320 to 8500
needed thinning: 2 to 48
Diagnostics time 0.85 secs 

Total number of iterations 10084 - required further 372 

Chain # 7 - chunk 21 (chain 3 of 4 for this core): increasing by 373 

Iterations: 373 
|-------------|-------------|-------------|-------------|
|-------------------------------------------------------|

Current time: 2024-11-25 10:33:52
MCMC time 12 mins 

USED COMPONENTS: 31 OF 74 

rel. MC standard error: 0.011 to 0.0556
eff. sample size: 323 to 8260
needed thinning: 2 to 49
Diagnostics time 0.31 secs 

Total number of iterations 10457 - required further 380 

Chain # 7 - chunk 22 (chain 3 of 4 for this core): increasing by 381 

Iterations: 381 
|-------------|-------------|-------------|-------------|
|-------------------------------------------------------|

Current time: 2024-11-25 10:34:06
MCMC time 12 mins 

USED COMPONENTS: 32 OF 74 

rel. MC standard error: 0.0106 to 0.0545
eff. sample size: 336 to 8890
needed thinning: 2 to 49
Diagnostics time 0.3 secs 

Total number of iterations 10838 - required further 380 

Chain # 7 - chunk 23 (chain 3 of 4 for this core): increasing by 381 

Iterations: 381 
|-------------|-------------|-------------|-------------|
|-------------------------------------------------------|

Current time: 2024-11-25 10:34:20
MCMC time 12 mins 

USED COMPONENTS: 31 OF 74 

rel. MC standard error: 0.0105 to 0.0535
eff. sample size: 350 to 9080
needed thinning: 2 to 49
Diagnostics time 0.36 secs 

Total number of iterations 11219 - required further 380 

Chain # 7 - chunk 24 (chain 3 of 4 for this core): increasing by 381 

Iterations: 381 
|-------------|-------------|-------------|-------------|
|-------------------------------------------------------|

Current time: 2024-11-25 10:34:31
MCMC time 12 mins 

USED COMPONENTS: 30 OF 74 

rel. MC standard error: 0.00982 to 0.0529
eff. sample size: 358 to 10400
needed thinning: 2 to 49
Diagnostics time 0.3 secs 

Total number of iterations 11600 - required further 380 

Chain # 7 - chunk 25 (chain 3 of 4 for this core): increasing by 381 

Iterations: 381 
|-------------|-------------|-------------|-------------|
|-------------------------------------------------------|

Current time: 2024-11-25 10:34:45
MCMC time 12 mins 

USED COMPONENTS: 30 OF 74 

rel. MC standard error: 0.0104 to 0.0521
eff. sample size: 368 to 9240
needed thinning: 2 to 49
Diagnostics time 0.31 secs 

Total number of iterations 11981 - required further 380 

Chain # 7 - chunk 26 (chain 3 of 4 for this core): increasing by 381 

Iterations: 381 
|-------------|-------------|-------------|-------------|
|-------------------------------------------------------|

Current time: 2024-11-25 10:34:56
MCMC time 13 mins 

USED COMPONENTS: 30 OF 74 

rel. MC standard error: 0.01 to 0.0508
eff. sample size: 388 to 9940
needed thinning: 2 to 48
Diagnostics time 0.33 secs 

Total number of iterations 12362 - required further 372 

Chain # 7 - chunk 27 (chain 3 of 4 for this core): increasing by 373 

Iterations: 373 
|-------------|-------------|-------------|-------------|
|-------------------------------------------------------|

Current time: 2024-11-25 10:35:10
MCMC time 13 mins 

USED COMPONENTS: 30 OF 74 

rel. MC standard error: 0.00981 to 0.05
eff. sample size: 400 to 10400
needed thinning: 2 to 48
Diagnostics time 0.83 secs 

Total number of iterations 12735 - required further 0 

Keeping last 60 samples with thinning 48 

Plotting traces and samples.

Current time: 2024-11-25 10:35:12
MCMC + diagnostics time 13 mins 

Chain # 8 (chain 4 of 4 for this core)

Datapoints for testing convergence:
 #14 #16 #40 #41 #54 #113 #125 #152 #165 #173 #179 #184 #207 #209 #226 #227 #244 #254 #277 #300 

Iterations: 3600 
|-------------|-------------|-------------|-------------|
|-------------------------------------------------------|

Current time: 2024-11-25 10:37:15
MCMC time 15 mins 

USED COMPONENTS: 34 OF 74 

rel. MC standard error: 0.0177 to 0.0596
eff. sample size: 282 to 3190
needed thinning: 2 to 20
Diagnostics time 3.4 secs 

Total number of iterations 3600 - required further 155 

Chain # 8 - chunk 2 (chain 4 of 4 for this core): increasing by 156 

Iterations: 156 
|-------------|-------------|-------------|-------------|
|-------------------------------------------------------|

Current time: 2024-11-25 10:37:25
MCMC time 15 mins 

USED COMPONENTS: 31 OF 74 

rel. MC standard error: 0.0175 to 0.0581
eff. sample size: 296 to 3250
needed thinning: 2 to 20
Diagnostics time 0.15 secs 

Total number of iterations 3756 - required further 155 

Chain # 8 - chunk 3 (chain 4 of 4 for this core): increasing by 156 

Iterations: 156 
|-------------|-------------|-------------|-------------|
|-------------------------------------------------------|

Current time: 2024-11-25 10:37:31
MCMC time 15 mins 

USED COMPONENTS: 31 OF 74 

rel. MC standard error: 0.0162 to 0.058
eff. sample size: 297 to 3820
needed thinning: 2 to 20
Diagnostics time 0.15 secs 

Total number of iterations 3912 - required further 155 

Chain # 8 - chunk 4 (chain 4 of 4 for this core): increasing by 156 

Iterations: 156 
|-------------|-------------|-------------|-------------|
|-------------------------------------------------------|

Current time: 2024-11-25 10:37:36
MCMC time 15 mins 

USED COMPONENTS: 31 OF 74 

rel. MC standard error: 0.0156 to 0.0569
eff. sample size: 309 to 4120
needed thinning: 2 to 20
Diagnostics time 0.16 secs 

Total number of iterations 4068 - required further 155 

Chain # 8 - chunk 5 (chain 4 of 4 for this core): increasing by 156 

Iterations: 156 
|-------------|-------------|-------------|-------------|
|-------------------------------------------------------|

Current time: 2024-11-25 10:37:42
MCMC time 15 mins 

USED COMPONENTS: 31 OF 74 

rel. MC standard error: 0.0161 to 0.057
eff. sample size: 308 to 3860
needed thinning: 2 to 21
Diagnostics time 0.16 secs 

Total number of iterations 4224 - required further 163 

Chain # 8 - chunk 6 (chain 4 of 4 for this core): increasing by 164 

Iterations: 164 
|-------------|-------------|-------------|-------------|
|-------------------------------------------------------|

Current time: 2024-11-25 10:37:46
MCMC time 16 mins 

USED COMPONENTS: 31 OF 74 

rel. MC standard error: 0.0159 to 0.0567
eff. sample size: 311 to 3930
needed thinning: 2 to 22
Diagnostics time 0.092 secs 

Total number of iterations 4388 - required further 171 

Chain # 8 - chunk 7 (chain 4 of 4 for this core): increasing by 172 

Iterations: 172 
|-------------|-------------|-------------|-------------|
|-------------------------------------------------------|

Current time: 2024-11-25 10:37:52
MCMC time 16 mins 

USED COMPONENTS: 31 OF 74 

rel. MC standard error: 0.0157 to 0.0562
eff. sample size: 316 to 4040
needed thinning: 2 to 22
Diagnostics time 0.16 secs 

Total number of iterations 4560 - required further 171 

Chain # 8 - chunk 8 (chain 4 of 4 for this core): increasing by 172 

Iterations: 172 
|-------------|-------------|-------------|-------------|
|-------------------------------------------------------|

Current time: 2024-11-25 10:37:58
MCMC time 16 mins 

USED COMPONENTS: 31 OF 74 

rel. MC standard error: 0.0155 to 0.0566
eff. sample size: 312 to 4180
needed thinning: 2 to 23
Diagnostics time 0.17 secs 

Total number of iterations 4732 - required further 179 

Chain # 8 - chunk 9 (chain 4 of 4 for this core): increasing by 180 

Iterations: 180 
|-------------|-------------|-------------|-------------|
|-------------------------------------------------------|

Current time: 2024-11-25 10:38:05
MCMC time 16 mins 

USED COMPONENTS: 30 OF 74 

rel. MC standard error: 0.0149 to 0.0556
eff. sample size: 323 to 4480
needed thinning: 2 to 23
Diagnostics time 0.16 secs 

Total number of iterations 4912 - required further 179 

Chain # 8 - chunk 10 (chain 4 of 4 for this core): increasing by 180 

Iterations: 180 
|-------------|-------------|-------------|-------------|
|-------------------------------------------------------|

Current time: 2024-11-25 10:38:11
MCMC time 16 mins 

USED COMPONENTS: 30 OF 74 

rel. MC standard error: 0.0133 to 0.0548
eff. sample size: 333 to 5650
needed thinning: 2 to 23
Diagnostics time 0.16 secs 

Total number of iterations 5092 - required further 179 

Chain # 8 - chunk 11 (chain 4 of 4 for this core): increasing by 180 

Iterations: 180 
|-------------|-------------|-------------|-------------|
|-------------------------------------------------------|

Current time: 2024-11-25 10:38:18
MCMC time 16 mins 

USED COMPONENTS: 31 OF 74 

rel. MC standard error: 0.0137 to 0.0536
eff. sample size: 348 to 5300
needed thinning: 2 to 23
Diagnostics time 0.18 secs 

Total number of iterations 5272 - required further 179 

Chain # 8 - chunk 12 (chain 4 of 4 for this core): increasing by 180 

Iterations: 180 
|-------------|-------------|-------------|-------------|
|-------------------------------------------------------|

Current time: 2024-11-25 10:38:25
MCMC time 16 mins 

USED COMPONENTS: 31 OF 74 

rel. MC standard error: 0.0139 to 0.0526
eff. sample size: 361 to 5200
needed thinning: 2 to 23
Diagnostics time 0.16 secs 

Total number of iterations 5452 - required further 179 

Chain # 8 - chunk 13 (chain 4 of 4 for this core): increasing by 180 

Iterations: 180 
|-------------|-------------|-------------|-------------|
|-------------------------------------------------------|

Current time: 2024-11-25 10:38:31
MCMC time 16 mins 

USED COMPONENTS: 32 OF 74 

rel. MC standard error: 0.0139 to 0.0521
eff. sample size: 368 to 5200
needed thinning: 2 to 23
Diagnostics time 0.16 secs 

Total number of iterations 5632 - required further 179 

Chain # 8 - chunk 14 (chain 4 of 4 for this core): increasing by 180 

Iterations: 180 
|-------------|-------------|-------------|-------------|
|-------------------------------------------------------|

Current time: 2024-11-25 10:38:35
MCMC time 16 mins 

USED COMPONENTS: 32 OF 74 

rel. MC standard error: 0.0139 to 0.0521
eff. sample size: 369 to 5160
needed thinning: 2 to 24
Diagnostics time 0.1 secs 

Total number of iterations 5812 - required further 186 

Chain # 8 - chunk 15 (chain 4 of 4 for this core): increasing by 187 

Iterations: 187 
|-------------|-------------|-------------|-------------|
|-------------------------------------------------------|

Current time: 2024-11-25 10:38:39
MCMC time 16 mins 

USED COMPONENTS: 31 OF 74 

rel. MC standard error: 0.0143 to 0.0516
eff. sample size: 375 to 4920
needed thinning: 2 to 25
Diagnostics time 0.14 secs 

Total number of iterations 5999 - required further 194 

Chain # 8 - chunk 16 (chain 4 of 4 for this core): increasing by 195 

Iterations: 195 
|-------------|-------------|-------------|-------------|
|-------------------------------------------------------|

Current time: 2024-11-25 10:38:45
MCMC time 16 mins 

USED COMPONENTS: 32 OF 74 

rel. MC standard error: 0.0131 to 0.0513
eff. sample size: 380 to 5800
needed thinning: 2 to 25
Diagnostics time 0.17 secs 

Total number of iterations 6194 - required further 194 

Chain # 8 - chunk 17 (chain 4 of 4 for this core): increasing by 195 

Iterations: 195 
|-------------|-------------|-------------|-------------|
|-------------------------------------------------------|

Current time: 2024-11-25 10:38:52
MCMC time 17 mins 

USED COMPONENTS: 31 OF 74 

rel. MC standard error: 0.0136 to 0.0501
eff. sample size: 398 to 5440
needed thinning: 2 to 25
Diagnostics time 0.17 secs 

Total number of iterations 6389 - required further 194 

Chain # 8 - chunk 18 (chain 4 of 4 for this core): increasing by 195 

Iterations: 195 
|-------------|-------------|-------------|-------------|
|-------------------------------------------------------|

Current time: 2024-11-25 10:39:00
MCMC time 17 mins 

USED COMPONENTS: 32 OF 74 

rel. MC standard error: 0.0138 to 0.0495
eff. sample size: 408 to 5270
needed thinning: 2 to 25
Diagnostics time 0.75 secs 

Total number of iterations 6584 - required further 0 

Keeping last 60 samples with thinning 25 

Plotting traces and samples.

Current time: 2024-11-25 10:39:01
MCMC + diagnostics time 17 mins 

Current time: 2024-11-25 10:39:01
Total time 17 mins 
loaded inferno and set parent environment
loaded inferno and set parent environment
loaded inferno and set parent environment
loaded inferno and set parent environment
