Log core 3 - Current time: 2024-11-25 10:20:12
Defining model
Building model
Setting data and initial values
Running calculate on model
  [Note] Any error reports that follow may simply reflect missing values in model variables.
Checking model sizes and dimensions
Compiling
  [Note] This may take a minute.
  [Note] Use 'showCompilerOutput = TRUE' to see C++ compilation details.
===== Monitors =====
thin = 1: Bprob, Rmean, Rvar, W
thin2 = 1: K
===== Samplers =====
conjugate sampler (519)
  - Rmean[]  (148 elements)
  - Rrate[]  (148 elements)
  - Bprob[]  (74 elements)
  - Rvar[]  (148 elements)
  - W[1:74] 
categorical sampler (301)
  - Alpha
  - K[]  (300 elements)
===== Monitors =====
thin = 1: Bprob, Rmean, Rvar, W
thin2 = 1: K
===== Samplers =====
slice sampler (301)
  - Alpha
  - K[]  (300 elements)
conjugate sampler (519)
  - Rmean[]  (148 elements)
  - Rrate[]  (148 elements)
  - Bprob[]  (74 elements)
  - Rvar[]  (148 elements)
  - W[1:74] 
Compiling
  [Note] This may take a minute.
  [Note] Use 'showCompilerOutput = TRUE' to see C++ compilation details.

Setup time 1.5 mins 

Chain # 9 (chain 1 of 4 for this core)

Datapoints for testing convergence:
 #3 #30 #36 #46 #64 #80 #98 #130 #187 #194 #225 #246 #253 #262 #263 #273 #275 #277 #284 #288 

Iterations: 3600 
|-------------|-------------|-------------|-------------|
|-------------------------------------------------------|

Current time: 2024-11-25 10:23:07
MCMC time 1.4 mins 

USED COMPONENTS: 32 OF 74 

rel. MC standard error: 0.0182 to 0.0945
eff. sample size: 112 to 3020
needed thinning: 2 to 49
Diagnostics time 3.6 secs 

Total number of iterations 3600 - required further 380 

Chain # 9 - chunk 2 (chain 1 of 4 for this core): increasing by 381 

Iterations: 381 
|-------------|-------------|-------------|-------------|
|-------------------------------------------------------|

Current time: 2024-11-25 10:23:21
MCMC time 1.7 mins 

USED COMPONENTS: 30 OF 74 

rel. MC standard error: 0.016 to 0.0922
eff. sample size: 118 to 3920
needed thinning: 2 to 51
Diagnostics time 0.33 secs 

Total number of iterations 3981 - required further 396 

Chain # 9 - chunk 3 (chain 1 of 4 for this core): increasing by 397 

Iterations: 397 
|-------------|-------------|-------------|-------------|
|-------------------------------------------------------|

Current time: 2024-11-25 10:23:36
MCMC time 1.9 mins 

USED COMPONENTS: 30 OF 74 

rel. MC standard error: 0.0171 to 0.09
eff. sample size: 123 to 3420
needed thinning: 2 to 54
Diagnostics time 0.32 secs 

Total number of iterations 4378 - required further 419 

Chain # 9 - chunk 4 (chain 1 of 4 for this core): increasing by 420 

Iterations: 420 
|-------------|-------------|-------------|-------------|
|-------------------------------------------------------|

Current time: 2024-11-25 10:23:52
MCMC time 2.2 mins 

USED COMPONENTS: 33 OF 74 

rel. MC standard error: 0.0146 to 0.0878
eff. sample size: 130 to 4680
needed thinning: 2 to 56
Diagnostics time 0.37 secs 

Total number of iterations 4798 - required further 434 

Chain # 9 - chunk 5 (chain 1 of 4 for this core): increasing by 435 

Iterations: 435 
|-------------|-------------|-------------|-------------|
|-------------------------------------------------------|

Current time: 2024-11-25 10:24:04
MCMC time 2.4 mins 

USED COMPONENTS: 34 OF 74 

rel. MC standard error: 0.0147 to 0.0852
eff. sample size: 138 to 4610
needed thinning: 2 to 57
Diagnostics time 0.25 secs 

Total number of iterations 5233 - required further 442 

Chain # 9 - chunk 6 (chain 1 of 4 for this core): increasing by 443 

Iterations: 443 
|-------------|-------------|-------------|-------------|
|-------------------------------------------------------|

Current time: 2024-11-25 10:24:14
MCMC time 2.5 mins 

USED COMPONENTS: 34 OF 74 

rel. MC standard error: 0.0139 to 0.0845
eff. sample size: 140 to 5210
needed thinning: 2 to 61
Diagnostics time 0.74 secs 

Total number of iterations 5676 - required further 473 

Chain # 9 - chunk 7 (chain 1 of 4 for this core): increasing by 474 

Iterations: 474 
|-------------|-------------|-------------|-------------|
|-------------------------------------------------------|

Current time: 2024-11-25 10:24:25
MCMC time 2.7 mins 

USED COMPONENTS: 34 OF 74 

rel. MC standard error: 0.0133 to 0.0812
eff. sample size: 152 to 5630
needed thinning: 2 to 61
Diagnostics time 0.22 secs 

Total number of iterations 6150 - required further 473 

Chain # 9 - chunk 8 (chain 1 of 4 for this core): increasing by 474 

Iterations: 474 
|-------------|-------------|-------------|-------------|
|-------------------------------------------------------|

Current time: 2024-11-25 10:24:35
MCMC time 2.9 mins 

USED COMPONENTS: 34 OF 74 

rel. MC standard error: 0.0124 to 0.0788
eff. sample size: 161 to 6470
needed thinning: 2 to 62
Diagnostics time 0.23 secs 

Total number of iterations 6624 - required further 481 

Chain # 9 - chunk 9 (chain 1 of 4 for this core): increasing by 482 

Iterations: 482 
|-------------|-------------|-------------|-------------|
|-------------------------------------------------------|

Current time: 2024-11-25 10:24:46
MCMC time 3.1 mins 

USED COMPONENTS: 32 OF 74 

rel. MC standard error: 0.0122 to 0.0766
eff. sample size: 170 to 6760
needed thinning: 2 to 63
Diagnostics time 0.24 secs 

Total number of iterations 7106 - required further 488 

Chain # 9 - chunk 10 (chain 1 of 4 for this core): increasing by 489 

Iterations: 489 
|-------------|-------------|-------------|-------------|
|-------------------------------------------------------|

Current time: 2024-11-25 10:24:56
MCMC time 3.3 mins 

USED COMPONENTS: 33 OF 74 

rel. MC standard error: 0.0115 to 0.0748
eff. sample size: 179 to 7530
needed thinning: 2 to 64
Diagnostics time 0.74 secs 

Total number of iterations 7595 - required further 496 

Chain # 9 - chunk 11 (chain 1 of 4 for this core): increasing by 497 

Iterations: 497 
|-------------|-------------|-------------|-------------|
|-------------------------------------------------------|

Current time: 2024-11-25 10:25:08
MCMC time 3.4 mins 

USED COMPONENTS: 32 OF 74 

rel. MC standard error: 0.0118 to 0.0729
eff. sample size: 188 to 7220
needed thinning: 2 to 65
Diagnostics time 0.22 secs 

Total number of iterations 8092 - required further 504 

Chain # 9 - chunk 12 (chain 1 of 4 for this core): increasing by 505 

Iterations: 505 
|-------------|-------------|-------------|-------------|
|-------------------------------------------------------|

Current time: 2024-11-25 10:25:19
MCMC time 3.6 mins 

USED COMPONENTS: 33 OF 74 

rel. MC standard error: 0.0104 to 0.0708
eff. sample size: 199 to 9210
needed thinning: 2 to 65
Diagnostics time 0.25 secs 

Total number of iterations 8597 - required further 504 

Chain # 9 - chunk 13 (chain 1 of 4 for this core): increasing by 505 

Iterations: 505 
|-------------|-------------|-------------|-------------|
|-------------------------------------------------------|

Current time: 2024-11-25 10:25:32
MCMC time 3.8 mins 

USED COMPONENTS: 34 OF 74 

rel. MC standard error: 0.0104 to 0.0689
eff. sample size: 211 to 9190
needed thinning: 2 to 65
Diagnostics time 0.4 secs 

Total number of iterations 9102 - required further 504 

Chain # 9 - chunk 14 (chain 1 of 4 for this core): increasing by 505 

Iterations: 505 
|-------------|-------------|-------------|-------------|
|-------------------------------------------------------|

Current time: 2024-11-25 10:25:46
MCMC time 4.1 mins 

USED COMPONENTS: 32 OF 74 

rel. MC standard error: 0.0107 to 0.0676
eff. sample size: 219 to 8760
needed thinning: 2 to 66
Diagnostics time 0.24 secs 

Total number of iterations 9607 - required further 512 

Chain # 9 - chunk 15 (chain 1 of 4 for this core): increasing by 513 

Iterations: 513 
|-------------|-------------|-------------|-------------|
|-------------------------------------------------------|

Current time: 2024-11-25 10:26:02
MCMC time 4.3 mins 

USED COMPONENTS: 32 OF 74 

rel. MC standard error: 0.0105 to 0.0658
eff. sample size: 231 to 9040
needed thinning: 2 to 66
Diagnostics time 0.72 secs 

Total number of iterations 10120 - required further 512 

Chain # 9 - chunk 16 (chain 1 of 4 for this core): increasing by 513 

Iterations: 513 
|-------------|-------------|-------------|-------------|
|-------------------------------------------------------|

Current time: 2024-11-25 10:26:14
MCMC time 4.5 mins 

USED COMPONENTS: 32 OF 74 

rel. MC standard error: 0.00912 to 0.0639
eff. sample size: 245 to 12000
needed thinning: 2 to 66
Diagnostics time 0.23 secs 

Total number of iterations 10633 - required further 512 

Chain # 9 - chunk 17 (chain 1 of 4 for this core): increasing by 513 

Iterations: 513 
|-------------|-------------|-------------|-------------|
|-------------------------------------------------------|

Current time: 2024-11-25 10:26:28
MCMC time 4.8 mins 

USED COMPONENTS: 31 OF 74 

rel. MC standard error: 0.00989 to 0.0627
eff. sample size: 254 to 10200
needed thinning: 2 to 66
Diagnostics time 0.43 secs 

Total number of iterations 11146 - required further 512 

Chain # 9 - chunk 18 (chain 1 of 4 for this core): increasing by 513 

Iterations: 513 
|-------------|-------------|-------------|-------------|
|-------------------------------------------------------|

Current time: 2024-11-25 10:26:41
MCMC time 5 mins 

USED COMPONENTS: 33 OF 74 

rel. MC standard error: 0.00951 to 0.061
eff. sample size: 269 to 11100
needed thinning: 2 to 66
Diagnostics time 0.26 secs 

Total number of iterations 11659 - required further 512 

Chain # 9 - chunk 19 (chain 1 of 4 for this core): increasing by 513 

Iterations: 513 
|-------------|-------------|-------------|-------------|
|-------------------------------------------------------|

Current time: 2024-11-25 10:26:59
MCMC time 5.3 mins 

USED COMPONENTS: 32 OF 74 

rel. MC standard error: 0.0094 to 0.0596
eff. sample size: 281 to 11300
needed thinning: 2 to 65
Diagnostics time 0.42 secs 

Total number of iterations 12172 - required further 504 

Chain # 9 - chunk 20 (chain 1 of 4 for this core): increasing by 505 

Iterations: 505 
|-------------|-------------|-------------|-------------|
|-------------------------------------------------------|

Current time: 2024-11-25 10:27:18
MCMC time 5.6 mins 

USED COMPONENTS: 32 OF 74 

rel. MC standard error: 0.00923 to 0.0586
eff. sample size: 291 to 11700
needed thinning: 2 to 66
Diagnostics time 0.37 secs 

Total number of iterations 12677 - required further 512 

Chain # 9 - chunk 21 (chain 1 of 4 for this core): increasing by 513 

Iterations: 513 
|-------------|-------------|-------------|-------------|
|-------------------------------------------------------|

Current time: 2024-11-25 10:27:32
MCMC time 5.8 mins 

USED COMPONENTS: 32 OF 74 

rel. MC standard error: 0.00903 to 0.0572
eff. sample size: 305 to 12300
needed thinning: 2 to 65
Diagnostics time 0.29 secs 

Total number of iterations 13190 - required further 504 

Chain # 9 - chunk 22 (chain 1 of 4 for this core): increasing by 505 

Iterations: 505 
|-------------|-------------|-------------|-------------|
|-------------------------------------------------------|

Current time: 2024-11-25 10:27:43
MCMC time 6 mins 

USED COMPONENTS: 32 OF 74 

rel. MC standard error: 0.00896 to 0.0563
eff. sample size: 316 to 12500
needed thinning: 2 to 66
Diagnostics time 0.24 secs 

Total number of iterations 13695 - required further 512 

Chain # 9 - chunk 23 (chain 1 of 4 for this core): increasing by 513 

Iterations: 513 
|-------------|-------------|-------------|-------------|
|-------------------------------------------------------|

Current time: 2024-11-25 10:27:55
MCMC time 6.2 mins 

USED COMPONENTS: 32 OF 74 

rel. MC standard error: 0.00874 to 0.055
eff. sample size: 331 to 13100
needed thinning: 2 to 65
Diagnostics time 0.25 secs 

Total number of iterations 14208 - required further 504 

Chain # 9 - chunk 24 (chain 1 of 4 for this core): increasing by 505 

Iterations: 505 
|-------------|-------------|-------------|-------------|
|-------------------------------------------------------|

Current time: 2024-11-25 10:28:06
MCMC time 6.4 mins 

USED COMPONENTS: 32 OF 74 

rel. MC standard error: 0.00857 to 0.054
eff. sample size: 343 to 13600
needed thinning: 2 to 65
Diagnostics time 0.27 secs 

Total number of iterations 14713 - required further 504 

Chain # 9 - chunk 25 (chain 1 of 4 for this core): increasing by 505 

Iterations: 505 
|-------------|-------------|-------------|-------------|
|-------------------------------------------------------|

Current time: 2024-11-25 10:28:17
MCMC time 6.6 mins 

USED COMPONENTS: 30 OF 74 

rel. MC standard error: 0.00888 to 0.0532
eff. sample size: 354 to 12700
needed thinning: 2 to 65
Diagnostics time 0.21 secs 

Total number of iterations 15218 - required further 504 

Chain # 9 - chunk 26 (chain 1 of 4 for this core): increasing by 505 

Iterations: 505 
|-------------|-------------|-------------|-------------|
|-------------------------------------------------------|

Current time: 2024-11-25 10:28:31
MCMC time 6.8 mins 

USED COMPONENTS: 31 OF 74 

rel. MC standard error: 0.0079 to 0.0523
eff. sample size: 366 to 16000
needed thinning: 2 to 65
Diagnostics time 0.27 secs 

Total number of iterations 15723 - required further 504 

Chain # 9 - chunk 27 (chain 1 of 4 for this core): increasing by 505 

Iterations: 505 
|-------------|-------------|-------------|-------------|
|-------------------------------------------------------|

Current time: 2024-11-25 10:28:43
MCMC time 7 mins 

USED COMPONENTS: 31 OF 74 

rel. MC standard error: 0.00826 to 0.0512
eff. sample size: 381 to 14600
needed thinning: 2 to 64
Diagnostics time 0.23 secs 

Total number of iterations 16228 - required further 496 

Chain # 9 - chunk 28 (chain 1 of 4 for this core): increasing by 497 

Iterations: 497 
|-------------|-------------|-------------|-------------|
|-------------------------------------------------------|

Current time: 2024-11-25 10:28:54
MCMC time 7.2 mins 

USED COMPONENTS: 32 OF 74 

rel. MC standard error: 0.00839 to 0.0503
eff. sample size: 395 to 14200
needed thinning: 2 to 64
Diagnostics time 0.22 secs 

Total number of iterations 16725 - required further 496 

Chain # 9 - chunk 29 (chain 1 of 4 for this core): increasing by 497 

Iterations: 497 
|-------------|-------------|-------------|-------------|
|-------------------------------------------------------|

Current time: 2024-11-25 10:29:05
MCMC time 7.4 mins 

USED COMPONENTS: 32 OF 74 

rel. MC standard error: 0.00831 to 0.0496
eff. sample size: 407 to 14500
needed thinning: 2 to 64
Diagnostics time 0.26 secs 

Total number of iterations 17222 - required further 0 

Keeping last 60 samples with thinning 64 

Plotting traces and samples.

Current time: 2024-11-25 10:29:06
MCMC + diagnostics time 7.4 mins 

Chain # 10 (chain 2 of 4 for this core)

Datapoints for testing convergence:
 #12 #56 #77 #86 #87 #93 #149 #155 #156 #163 #170 #171 #180 #187 #214 #217 #224 #251 #257 #291 

Iterations: 3600 
|-------------|-------------|-------------|-------------|
|-------------------------------------------------------|

Current time: 2024-11-25 10:30:23
MCMC time 8.7 mins 

USED COMPONENTS: 33 OF 74 

rel. MC standard error: 0.0158 to 0.0759
eff. sample size: 173 to 4020
needed thinning: 2 to 32
Diagnostics time 3.5 secs 

Total number of iterations 3600 - required further 248 

Chain # 10 - chunk 2 (chain 2 of 4 for this core): increasing by 249 

Iterations: 249 
|-------------|-------------|-------------|-------------|
|-------------------------------------------------------|

Current time: 2024-11-25 10:30:35
MCMC time 8.9 mins 

USED COMPONENTS: 34 OF 74 

rel. MC standard error: 0.0155 to 0.0736
eff. sample size: 184 to 4150
needed thinning: 2 to 32
Diagnostics time 0.21 secs 

Total number of iterations 3849 - required further 248 

Chain # 10 - chunk 3 (chain 2 of 4 for this core): increasing by 249 

Iterations: 249 
|-------------|-------------|-------------|-------------|
|-------------------------------------------------------|

Current time: 2024-11-25 10:30:43
MCMC time 9 mins 

USED COMPONENTS: 34 OF 74 

rel. MC standard error: 0.0155 to 0.0775
eff. sample size: 166 to 4180
needed thinning: 2 to 37
Diagnostics time 0.13 secs 

Total number of iterations 4098 - required further 287 

Chain # 10 - chunk 4 (chain 2 of 4 for this core): increasing by 288 

Iterations: 288 
|-------------|-------------|-------------|-------------|
|-------------------------------------------------------|

Current time: 2024-11-25 10:30:52
MCMC time 9.2 mins 

USED COMPONENTS: 32 OF 74 

rel. MC standard error: 0.0152 to 0.0796
eff. sample size: 158 to 4330
needed thinning: 2 to 42
Diagnostics time 0.14 secs 

Total number of iterations 4386 - required further 326 

Chain # 10 - chunk 5 (chain 2 of 4 for this core): increasing by 327 

Iterations: 327 
|-------------|-------------|-------------|-------------|
|-------------------------------------------------------|

Current time: 2024-11-25 10:31:00
MCMC time 9.3 mins 

USED COMPONENTS: 32 OF 74 

rel. MC standard error: 0.0144 to 0.0827
eff. sample size: 146 to 4810
needed thinning: 2 to 49
Diagnostics time 0.16 secs 

Total number of iterations 4713 - required further 380 

Chain # 10 - chunk 6 (chain 2 of 4 for this core): increasing by 381 

Iterations: 381 
|-------------|-------------|-------------|-------------|
|-------------------------------------------------------|

Current time: 2024-11-25 10:31:08
MCMC time 9.4 mins 

USED COMPONENTS: 33 OF 74 

rel. MC standard error: 0.0142 to 0.0829
eff. sample size: 145 to 4950
needed thinning: 2 to 53
Diagnostics time 0.18 secs 

Total number of iterations 5094 - required further 411 

Chain # 10 - chunk 7 (chain 2 of 4 for this core): increasing by 412 

Iterations: 412 
|-------------|-------------|-------------|-------------|
|-------------------------------------------------------|

Current time: 2024-11-25 10:31:17
MCMC time 9.6 mins 

USED COMPONENTS: 32 OF 74 

rel. MC standard error: 0.0138 to 0.0795
eff. sample size: 158 to 5250
needed thinning: 2 to 53
Diagnostics time 0.2 secs 

Total number of iterations 5506 - required further 411 

Chain # 10 - chunk 8 (chain 2 of 4 for this core): increasing by 412 

Iterations: 412 
|-------------|-------------|-------------|-------------|
|-------------------------------------------------------|

Current time: 2024-11-25 10:31:26
MCMC time 9.7 mins 

USED COMPONENTS: 30 OF 74 

rel. MC standard error: 0.013 to 0.0761
eff. sample size: 173 to 5930
needed thinning: 2 to 52
Diagnostics time 0.17 secs 

Total number of iterations 5918 - required further 403 

Chain # 10 - chunk 9 (chain 2 of 4 for this core): increasing by 404 

Iterations: 404 
|-------------|-------------|-------------|-------------|
|-------------------------------------------------------|

Current time: 2024-11-25 10:31:34
MCMC time 9.9 mins 

USED COMPONENTS: 33 OF 74 

rel. MC standard error: 0.0128 to 0.0744
eff. sample size: 181 to 6130
needed thinning: 2 to 53
Diagnostics time 0.19 secs 

Total number of iterations 6322 - required further 411 

Chain # 10 - chunk 10 (chain 2 of 4 for this core): increasing by 412 

Iterations: 412 
|-------------|-------------|-------------|-------------|
|-------------------------------------------------------|

Current time: 2024-11-25 10:31:45
MCMC time 10 mins 

USED COMPONENTS: 31 OF 74 

rel. MC standard error: 0.0119 to 0.0722
eff. sample size: 192 to 7010
needed thinning: 2 to 53
Diagnostics time 0.21 secs 

Total number of iterations 6734 - required further 411 

Chain # 10 - chunk 11 (chain 2 of 4 for this core): increasing by 412 

Iterations: 412 
|-------------|-------------|-------------|-------------|
|-------------------------------------------------------|

Current time: 2024-11-25 10:31:54
MCMC time 10 mins 

USED COMPONENTS: 31 OF 74 

rel. MC standard error: 0.0117 to 0.0698
eff. sample size: 205 to 7260
needed thinning: 2 to 53
Diagnostics time 0.19 secs 

Total number of iterations 7146 - required further 411 

Chain # 10 - chunk 12 (chain 2 of 4 for this core): increasing by 412 

Iterations: 412 
|-------------|-------------|-------------|-------------|
|-------------------------------------------------------|

Current time: 2024-11-25 10:32:03
MCMC time 10 mins 

USED COMPONENTS: 31 OF 74 

rel. MC standard error: 0.0117 to 0.0684
eff. sample size: 214 to 7270
needed thinning: 2 to 53
Diagnostics time 0.19 secs 

Total number of iterations 7558 - required further 411 

Chain # 10 - chunk 13 (chain 2 of 4 for this core): increasing by 412 

Iterations: 412 
|-------------|-------------|-------------|-------------|
|-------------------------------------------------------|

Current time: 2024-11-25 10:32:12
MCMC time 11 mins 

USED COMPONENTS: 30 OF 74 

rel. MC standard error: 0.0115 to 0.0668
eff. sample size: 224 to 7580
needed thinning: 2 to 54
Diagnostics time 0.2 secs 

Total number of iterations 7970 - required further 419 

Chain # 10 - chunk 14 (chain 2 of 4 for this core): increasing by 420 

Iterations: 420 
|-------------|-------------|-------------|-------------|
|-------------------------------------------------------|

Current time: 2024-11-25 10:32:21
MCMC time 11 mins 

USED COMPONENTS: 30 OF 74 

rel. MC standard error: 0.0106 to 0.0654
eff. sample size: 234 to 8870
needed thinning: 2 to 54
Diagnostics time 0.25 secs 

Total number of iterations 8390 - required further 419 

Chain # 10 - chunk 15 (chain 2 of 4 for this core): increasing by 420 

Iterations: 420 
|-------------|-------------|-------------|-------------|
|-------------------------------------------------------|

Current time: 2024-11-25 10:32:30
MCMC time 11 mins 

USED COMPONENTS: 31 OF 74 

rel. MC standard error: 0.00999 to 0.0649
eff. sample size: 238 to 10000
needed thinning: 2 to 56
Diagnostics time 0.22 secs 

Total number of iterations 8810 - required further 434 

Chain # 10 - chunk 16 (chain 2 of 4 for this core): increasing by 435 

Iterations: 435 
|-------------|-------------|-------------|-------------|
|-------------------------------------------------------|

Current time: 2024-11-25 10:32:40
MCMC time 11 mins 

USED COMPONENTS: 30 OF 74 

rel. MC standard error: 0.0104 to 0.0649
eff. sample size: 238 to 9160
needed thinning: 2 to 59
Diagnostics time 0.69 secs 

Total number of iterations 9245 - required further 458 

Chain # 10 - chunk 17 (chain 2 of 4 for this core): increasing by 459 

Iterations: 459 
|-------------|-------------|-------------|-------------|
|-------------------------------------------------------|

Current time: 2024-11-25 10:32:50
MCMC time 11 mins 

USED COMPONENTS: 31 OF 74 

rel. MC standard error: 0.0099 to 0.0642
eff. sample size: 243 to 10200
needed thinning: 2 to 60
Diagnostics time 0.19 secs 

Total number of iterations 9704 - required further 465 

Chain # 10 - chunk 18 (chain 2 of 4 for this core): increasing by 466 

Iterations: 466 
|-------------|-------------|-------------|-------------|
|-------------------------------------------------------|

Current time: 2024-11-25 10:33:04
MCMC time 11 mins 

USED COMPONENTS: 32 OF 74 

rel. MC standard error: 0.01 to 0.0628
eff. sample size: 254 to 9920
needed thinning: 2 to 61
Diagnostics time 0.21 secs 

Total number of iterations 10170 - required further 473 

Chain # 10 - chunk 19 (chain 2 of 4 for this core): increasing by 474 

Iterations: 474 
|-------------|-------------|-------------|-------------|
|-------------------------------------------------------|

Current time: 2024-11-25 10:33:15
MCMC time 12 mins 

USED COMPONENTS: 31 OF 74 

rel. MC standard error: 0.0101 to 0.0614
eff. sample size: 266 to 9800
needed thinning: 2 to 61
Diagnostics time 0.24 secs 

Total number of iterations 10644 - required further 473 

Chain # 10 - chunk 20 (chain 2 of 4 for this core): increasing by 474 

Iterations: 474 
|-------------|-------------|-------------|-------------|
|-------------------------------------------------------|

Current time: 2024-11-25 10:33:25
MCMC time 12 mins 

USED COMPONENTS: 31 OF 74 

rel. MC standard error: 0.00977 to 0.0601
eff. sample size: 277 to 10500
needed thinning: 2 to 61
Diagnostics time 0.26 secs 

Total number of iterations 11118 - required further 473 

Chain # 10 - chunk 21 (chain 2 of 4 for this core): increasing by 474 

Iterations: 474 
|-------------|-------------|-------------|-------------|
|-------------------------------------------------------|

Current time: 2024-11-25 10:33:42
MCMC time 12 mins 

USED COMPONENTS: 31 OF 74 

rel. MC standard error: 0.00885 to 0.0593
eff. sample size: 284 to 12800
needed thinning: 2 to 62
Diagnostics time 0.37 secs 

Total number of iterations 11592 - required further 481 

Chain # 10 - chunk 22 (chain 2 of 4 for this core): increasing by 482 

Iterations: 482 
|-------------|-------------|-------------|-------------|
|-------------------------------------------------------|

Current time: 2024-11-25 10:33:59
MCMC time 12 mins 

USED COMPONENTS: 30 OF 74 

rel. MC standard error: 0.00883 to 0.0584
eff. sample size: 293 to 12800
needed thinning: 2 to 62
Diagnostics time 0.38 secs 

Total number of iterations 12074 - required further 481 

Chain # 10 - chunk 23 (chain 2 of 4 for this core): increasing by 482 

Iterations: 482 
|-------------|-------------|-------------|-------------|
|-------------------------------------------------------|

Current time: 2024-11-25 10:34:17
MCMC time 13 mins 

USED COMPONENTS: 31 OF 74 

rel. MC standard error: 0.009 to 0.0577
eff. sample size: 300 to 12400
needed thinning: 2 to 63
Diagnostics time 0.4 secs 

Total number of iterations 12556 - required further 488 

Chain # 10 - chunk 24 (chain 2 of 4 for this core): increasing by 489 

Iterations: 489 
|-------------|-------------|-------------|-------------|
|-------------------------------------------------------|

Current time: 2024-11-25 10:34:35
MCMC time 13 mins 

USED COMPONENTS: 31 OF 74 

rel. MC standard error: 0.00846 to 0.0569
eff. sample size: 309 to 14000
needed thinning: 2 to 64
Diagnostics time 0.42 secs 

Total number of iterations 13045 - required further 496 

Chain # 10 - chunk 25 (chain 2 of 4 for this core): increasing by 497 

Iterations: 497 
|-------------|-------------|-------------|-------------|
|-------------------------------------------------------|

Current time: 2024-11-25 10:34:54
MCMC time 13 mins 

USED COMPONENTS: 30 OF 74 

rel. MC standard error: 0.00933 to 0.0556
eff. sample size: 323 to 11500
needed thinning: 2 to 63
Diagnostics time 0.42 secs 

Total number of iterations 13542 - required further 488 

Chain # 10 - chunk 26 (chain 2 of 4 for this core): increasing by 489 

Iterations: 489 
|-------------|-------------|-------------|-------------|
|-------------------------------------------------------|

Current time: 2024-11-25 10:35:12
MCMC time 14 mins 

USED COMPONENTS: 30 OF 74 

rel. MC standard error: 0.00909 to 0.0544
eff. sample size: 338 to 12100
needed thinning: 2 to 63
Diagnostics time 0.36 secs 

Total number of iterations 14031 - required further 488 

Chain # 10 - chunk 27 (chain 2 of 4 for this core): increasing by 489 

Iterations: 489 
|-------------|-------------|-------------|-------------|
|-------------------------------------------------------|

Current time: 2024-11-25 10:35:30
MCMC time 14 mins 

USED COMPONENTS: 29 OF 74 

rel. MC standard error: 0.00915 to 0.0533
eff. sample size: 352 to 11900
needed thinning: 2 to 62
Diagnostics time 0.39 secs 

Total number of iterations 14520 - required further 481 

Chain # 10 - chunk 28 (chain 2 of 4 for this core): increasing by 482 

Iterations: 482 
|-------------|-------------|-------------|-------------|
|-------------------------------------------------------|

Current time: 2024-11-25 10:35:48
MCMC time 14 mins 

USED COMPONENTS: 30 OF 74 

rel. MC standard error: 0.00901 to 0.0532
eff. sample size: 353 to 12300
needed thinning: 2 to 64
Diagnostics time 0.36 secs 

Total number of iterations 15002 - required further 496 

Chain # 10 - chunk 29 (chain 2 of 4 for this core): increasing by 497 

Iterations: 497 
|-------------|-------------|-------------|-------------|
|-------------------------------------------------------|

Current time: 2024-11-25 10:36:06
MCMC time 14 mins 

USED COMPONENTS: 30 OF 74 

rel. MC standard error: 0.00938 to 0.0542
eff. sample size: 340 to 11400
needed thinning: 3 to 69
Diagnostics time 0.25 secs 

Total number of iterations 15499 - required further 535 

Chain # 10 - chunk 30 (chain 2 of 4 for this core): increasing by 536 

Iterations: 536 
|-------------|-------------|-------------|-------------|
|-------------------------------------------------------|

Current time: 2024-11-25 10:36:23
MCMC time 15 mins 

USED COMPONENTS: 31 OF 74 

rel. MC standard error: 0.00879 to 0.0545
eff. sample size: 336 to 12900
needed thinning: 2 to 72
Diagnostics time 1 secs 

Total number of iterations 16035 - required further 558 

Chain # 10 - chunk 31 (chain 2 of 4 for this core): increasing by 559 

Iterations: 559 
|-------------|-------------|-------------|-------------|
|-------------------------------------------------------|

Current time: 2024-11-25 10:36:44
MCMC time 15 mins 

USED COMPONENTS: 31 OF 74 

rel. MC standard error: 0.00863 to 0.0537
eff. sample size: 347 to 13400
needed thinning: 2 to 72
Diagnostics time 0.43 secs 

Total number of iterations 16594 - required further 558 

Chain # 10 - chunk 32 (chain 2 of 4 for this core): increasing by 559 

Iterations: 559 
|-------------|-------------|-------------|-------------|
|-------------------------------------------------------|

Current time: 2024-11-25 10:37:05
MCMC time 15 mins 

USED COMPONENTS: 31 OF 74 

rel. MC standard error: 0.00854 to 0.0531
eff. sample size: 355 to 13700
needed thinning: 2 to 73
Diagnostics time 0.45 secs 

Total number of iterations 17153 - required further 566 

Chain # 10 - chunk 33 (chain 2 of 4 for this core): increasing by 567 

Iterations: 567 
|-------------|-------------|-------------|-------------|
|-------------------------------------------------------|

Current time: 2024-11-25 10:37:26
MCMC time 16 mins 

USED COMPONENTS: 30 OF 74 

rel. MC standard error: 0.0086 to 0.0521
eff. sample size: 369 to 13500
needed thinning: 2 to 73
Diagnostics time 0.47 secs 

Total number of iterations 17720 - required further 566 

Chain # 10 - chunk 34 (chain 2 of 4 for this core): increasing by 567 

Iterations: 567 
|-------------|-------------|-------------|-------------|
|-------------------------------------------------------|

Current time: 2024-11-25 10:37:47
MCMC time 16 mins 

USED COMPONENTS: 30 OF 74 

rel. MC standard error: 0.00829 to 0.0513
eff. sample size: 380 to 14600
needed thinning: 2 to 73
Diagnostics time 0.37 secs 

Total number of iterations 18287 - required further 566 

Chain # 10 - chunk 35 (chain 2 of 4 for this core): increasing by 567 

Iterations: 567 
|-------------|-------------|-------------|-------------|
|-------------------------------------------------------|

Current time: 2024-11-25 10:38:08
MCMC time 16 mins 

USED COMPONENTS: 29 OF 74 

rel. MC standard error: 0.00798 to 0.0503
eff. sample size: 395 to 15700
needed thinning: 2 to 72
Diagnostics time 0.43 secs 

Total number of iterations 18854 - required further 558 

Chain # 10 - chunk 36 (chain 2 of 4 for this core): increasing by 559 

Iterations: 559 
|-------------|-------------|-------------|-------------|
|-------------------------------------------------------|

Current time: 2024-11-25 10:38:28
MCMC time 17 mins 

USED COMPONENTS: 31 OF 74 

rel. MC standard error: 0.00779 to 0.0498
eff. sample size: 403 to 16500
needed thinning: 2 to 73
Diagnostics time 0.53 secs 

Total number of iterations 19413 - required further 0 

Keeping last 60 samples with thinning 73 

Plotting traces and samples.

Current time: 2024-11-25 10:38:31
MCMC + diagnostics time 17 mins 

Chain # 11 (chain 3 of 4 for this core)

Datapoints for testing convergence:
 #38 #88 #104 #123 #129 #157 #165 #169 #192 #204 #211 #230 #232 #238 #242 #246 #254 #259 #280 #293 

Iterations: 3600 
|-------------|-------------|-------------|-------------|
|-------------------------------------------------------|

Current time: 2024-11-25 10:40:13
MCMC time 19 mins 

USED COMPONENTS: 32 OF 74 

rel. MC standard error: 0.0169 to 0.0639
eff. sample size: 245 to 3480
needed thinning: 2 to 23
Diagnostics time 1.8 secs 

Total number of iterations 3600 - required further 179 

Chain # 11 - chunk 2 (chain 3 of 4 for this core): increasing by 180 

Iterations: 180 
|-------------|-------------|-------------|-------------|
|-------------------------------------------------------|

Current time: 2024-11-25 10:40:19
MCMC time 19 mins 

USED COMPONENTS: 32 OF 74 

rel. MC standard error: 0.018 to 0.0632
eff. sample size: 251 to 3100
needed thinning: 2 to 23
Diagnostics time 0.079 secs 

Total number of iterations 3780 - required further 179 

Chain # 11 - chunk 3 (chain 3 of 4 for this core): increasing by 180 

Iterations: 180 
|-------------|-------------|-------------|-------------|
|-------------------------------------------------------|

Current time: 2024-11-25 10:40:23
MCMC time 19 mins 

USED COMPONENTS: 34 OF 74 

rel. MC standard error: 0.016 to 0.0623
eff. sample size: 258 to 3890
needed thinning: 2 to 24
Diagnostics time 0.098 secs 

Total number of iterations 3960 - required further 186 

Chain # 11 - chunk 4 (chain 3 of 4 for this core): increasing by 187 

Iterations: 187 
|-------------|-------------|-------------|-------------|
|-------------------------------------------------------|

Current time: 2024-11-25 10:40:27
MCMC time 19 mins 

USED COMPONENTS: 31 OF 74 

rel. MC standard error: 0.0161 to 0.063
eff. sample size: 252 to 3850
needed thinning: 2 to 25
Diagnostics time 0.099 secs 

Total number of iterations 4147 - required further 194 

Chain # 11 - chunk 5 (chain 3 of 4 for this core): increasing by 195 

Iterations: 195 
|-------------|-------------|-------------|-------------|
|-------------------------------------------------------|

Current time: 2024-11-25 10:40:31
MCMC time 19 mins 

USED COMPONENTS: 29 OF 74 

rel. MC standard error: 0.0148 to 0.0618
eff. sample size: 262 to 4590
needed thinning: 2 to 25
Diagnostics time 0.11 secs 

Total number of iterations 4342 - required further 194 

Chain # 11 - chunk 6 (chain 3 of 4 for this core): increasing by 195 

Iterations: 195 
|-------------|-------------|-------------|-------------|
|-------------------------------------------------------|

Current time: 2024-11-25 10:40:36
MCMC time 19 mins 

USED COMPONENTS: 29 OF 74 

rel. MC standard error: 0.0154 to 0.0628
eff. sample size: 254 to 4240
needed thinning: 2 to 27
Diagnostics time 0.1 secs 

Total number of iterations 4537 - required further 210 

Chain # 11 - chunk 7 (chain 3 of 4 for this core): increasing by 211 

Iterations: 211 
|-------------|-------------|-------------|-------------|
|-------------------------------------------------------|

Current time: 2024-11-25 10:40:40
MCMC time 19 mins 

USED COMPONENTS: 30 OF 74 

rel. MC standard error: 0.0156 to 0.0605
eff. sample size: 273 to 4120
needed thinning: 2 to 27
Diagnostics time 0.11 secs 

Total number of iterations 4748 - required further 210 

Chain # 11 - chunk 8 (chain 3 of 4 for this core): increasing by 211 

Iterations: 211 
|-------------|-------------|-------------|-------------|
|-------------------------------------------------------|

Current time: 2024-11-25 10:40:45
MCMC time 19 mins 

USED COMPONENTS: 29 OF 74 

rel. MC standard error: 0.0153 to 0.0611
eff. sample size: 268 to 4280
needed thinning: 2 to 28
Diagnostics time 0.13 secs 

Total number of iterations 4959 - required further 217 

Chain # 11 - chunk 9 (chain 3 of 4 for this core): increasing by 218 

Iterations: 218 
|-------------|-------------|-------------|-------------|
|-------------------------------------------------------|

Current time: 2024-11-25 10:40:49
MCMC time 19 mins 

USED COMPONENTS: 29 OF 74 

rel. MC standard error: 0.0153 to 0.0569
eff. sample size: 309 to 4290
needed thinning: 2 to 26
Diagnostics time 0.091 secs 

Total number of iterations 5177 - required further 202 

Chain # 11 - chunk 10 (chain 3 of 4 for this core): increasing by 203 

Iterations: 203 
|-------------|-------------|-------------|-------------|
|-------------------------------------------------------|

Current time: 2024-11-25 10:40:54
MCMC time 19 mins 

USED COMPONENTS: 29 OF 74 

rel. MC standard error: 0.011 to 0.0579
eff. sample size: 299 to 8210
needed thinning: 1 to 28
Diagnostics time 0.086 secs 

Total number of iterations 5380 - required further 217 

Chain # 11 - chunk 11 (chain 3 of 4 for this core): increasing by 218 

Iterations: 218 
|-------------|-------------|-------------|-------------|
|-------------------------------------------------------|

Current time: 2024-11-25 10:40:58
MCMC time 19 mins 

USED COMPONENTS: 30 OF 74 

rel. MC standard error: 0.014 to 0.0572
eff. sample size: 306 to 5110
needed thinning: 2 to 28
Diagnostics time 0.09 secs 

Total number of iterations 5598 - required further 217 

Chain # 11 - chunk 12 (chain 3 of 4 for this core): increasing by 218 

Iterations: 218 
|-------------|-------------|-------------|-------------|
|-------------------------------------------------------|

Current time: 2024-11-25 10:41:03
MCMC time 19 mins 

USED COMPONENTS: 29 OF 74 

rel. MC standard error: 0.014 to 0.054
eff. sample size: 343 to 5080
needed thinning: 2 to 26
Diagnostics time 0.11 secs 

Total number of iterations 5816 - required further 202 

Chain # 11 - chunk 13 (chain 3 of 4 for this core): increasing by 203 

Iterations: 203 
|-------------|-------------|-------------|-------------|
|-------------------------------------------------------|

Current time: 2024-11-25 10:41:07
MCMC time 19 mins 

USED COMPONENTS: 29 OF 74 

rel. MC standard error: 0.0135 to 0.0585
eff. sample size: 292 to 5500
needed thinning: 2 to 31
Diagnostics time 0.13 secs 

Total number of iterations 6019 - required further 241 

Chain # 11 - chunk 14 (chain 3 of 4 for this core): increasing by 242 

Iterations: 242 
|-------------|-------------|-------------|-------------|
|-------------------------------------------------------|

Current time: 2024-11-25 10:41:12
MCMC time 20 mins 

USED COMPONENTS: 31 OF 74 

rel. MC standard error: 0.0134 to 0.058
eff. sample size: 298 to 5540
needed thinning: 2 to 32
Diagnostics time 0.13 secs 

Total number of iterations 6261 - required further 248 

Chain # 11 - chunk 15 (chain 3 of 4 for this core): increasing by 249 

Iterations: 249 
|-------------|-------------|-------------|-------------|
|-------------------------------------------------------|

Current time: 2024-11-25 10:41:18
MCMC time 20 mins 

USED COMPONENTS: 31 OF 74 

rel. MC standard error: 0.0134 to 0.0538
eff. sample size: 346 to 5530
needed thinning: 2 to 29
Diagnostics time 0.12 secs 

Total number of iterations 6510 - required further 225 

Chain # 11 - chunk 16 (chain 3 of 4 for this core): increasing by 226 

Iterations: 226 
|-------------|-------------|-------------|-------------|
|-------------------------------------------------------|

Current time: 2024-11-25 10:41:23
MCMC time 20 mins 

USED COMPONENTS: 29 OF 74 

rel. MC standard error: 0.0135 to 0.0546
eff. sample size: 335 to 5450
needed thinning: 2 to 31
Diagnostics time 0.11 secs 

Total number of iterations 6736 - required further 241 

Chain # 11 - chunk 17 (chain 3 of 4 for this core): increasing by 242 

Iterations: 242 
|-------------|-------------|-------------|-------------|
|-------------------------------------------------------|

Current time: 2024-11-25 10:41:28
MCMC time 20 mins 

USED COMPONENTS: 30 OF 74 

rel. MC standard error: 0.0124 to 0.0546
eff. sample size: 335 to 6480
needed thinning: 2 to 32
Diagnostics time 0.14 secs 

Total number of iterations 6978 - required further 248 

Chain # 11 - chunk 18 (chain 3 of 4 for this core): increasing by 249 

Iterations: 249 
|-------------|-------------|-------------|-------------|
|-------------------------------------------------------|

Current time: 2024-11-25 10:41:33
MCMC time 20 mins 

USED COMPONENTS: 30 OF 74 

rel. MC standard error: 0.0127 to 0.0527
eff. sample size: 360 to 6190
needed thinning: 2 to 31
Diagnostics time 0.14 secs 

Total number of iterations 7227 - required further 241 

Chain # 11 - chunk 19 (chain 3 of 4 for this core): increasing by 242 

Iterations: 242 
|-------------|-------------|-------------|-------------|
|-------------------------------------------------------|

Current time: 2024-11-25 10:41:38
MCMC time 20 mins 

USED COMPONENTS: 30 OF 74 

rel. MC standard error: 0.0129 to 0.0538
eff. sample size: 345 to 6000
needed thinning: 2 to 33
Diagnostics time 0.12 secs 

Total number of iterations 7469 - required further 256 

Chain # 11 - chunk 20 (chain 3 of 4 for this core): increasing by 257 

Iterations: 257 
|-------------|-------------|-------------|-------------|
|-------------------------------------------------------|

Current time: 2024-11-25 10:41:44
MCMC time 20 mins 

USED COMPONENTS: 30 OF 74 

rel. MC standard error: 0.0124 to 0.0533
eff. sample size: 351 to 6460
needed thinning: 2 to 33
Diagnostics time 0.12 secs 

Total number of iterations 7726 - required further 256 

Chain # 11 - chunk 21 (chain 3 of 4 for this core): increasing by 257 

Iterations: 257 
|-------------|-------------|-------------|-------------|
|-------------------------------------------------------|

Current time: 2024-11-25 10:41:49
MCMC time 20 mins 

USED COMPONENTS: 33 OF 74 

rel. MC standard error: 0.0116 to 0.0493
eff. sample size: 411 to 7490
needed thinning: 2 to 30
Diagnostics time 0.12 secs 

Total number of iterations 7983 - required further 0 

Keeping last 60 samples with thinning 30 

Plotting traces and samples.

Current time: 2024-11-25 10:41:50
MCMC + diagnostics time 20 mins 

Chain # 12 (chain 4 of 4 for this core)

Datapoints for testing convergence:
 #21 #44 #55 #63 #78 #97 #113 #127 #134 #135 #145 #147 #149 #210 #217 #233 #249 #266 #280 #294 

Iterations: 3600 
|-------------|-------------|-------------|-------------|
|-------------------------------------------------------|

Current time: 2024-11-25 10:43:04
MCMC time 21 mins 

USED COMPONENTS: 39 OF 74 

rel. MC standard error: 0.0161 to 0.0768
eff. sample size: 169 to 3860
needed thinning: 2 to 32
Diagnostics time 1.7 secs 

Total number of iterations 3600 - required further 248 

Chain # 12 - chunk 2 (chain 4 of 4 for this core): increasing by 249 

Iterations: 249 
|-------------|-------------|-------------|-------------|
|-------------------------------------------------------|

Current time: 2024-11-25 10:43:11
MCMC time 21 mins 

USED COMPONENTS: 35 OF 74 

rel. MC standard error: 0.0165 to 0.0749
eff. sample size: 178 to 3660
needed thinning: 2 to 33
Diagnostics time 0.095 secs 

Total number of iterations 3849 - required further 256 

Chain # 12 - chunk 3 (chain 4 of 4 for this core): increasing by 257 

Iterations: 257 
|-------------|-------------|-------------|-------------|
|-------------------------------------------------------|

Current time: 2024-11-25 10:43:17
MCMC time 22 mins 

USED COMPONENTS: 33 OF 74 

rel. MC standard error: 0.0167 to 0.0762
eff. sample size: 172 to 3600
needed thinning: 2 to 36
Diagnostics time 0.13 secs 

Total number of iterations 4106 - required further 279 

Chain # 12 - chunk 4 (chain 4 of 4 for this core): increasing by 280 

Iterations: 280 
|-------------|-------------|-------------|-------------|
|-------------------------------------------------------|

Current time: 2024-11-25 10:43:23
MCMC time 22 mins 

USED COMPONENTS: 33 OF 74 

rel. MC standard error: 0.0167 to 0.0782
eff. sample size: 164 to 3600
needed thinning: 2 to 41
Diagnostics time 0.12 secs 

Total number of iterations 4386 - required further 318 

Chain # 12 - chunk 5 (chain 4 of 4 for this core): increasing by 319 

Iterations: 319 
|-------------|-------------|-------------|-------------|
|-------------------------------------------------------|

Current time: 2024-11-25 10:43:29
MCMC time 22 mins 

USED COMPONENTS: 33 OF 74 

rel. MC standard error: 0.0156 to 0.0793
eff. sample size: 159 to 4130
needed thinning: 2 to 45
Diagnostics time 0.16 secs 

Total number of iterations 4705 - required further 349 

Chain # 12 - chunk 6 (chain 4 of 4 for this core): increasing by 350 

Iterations: 350 
|-------------|-------------|-------------|-------------|
|-------------------------------------------------------|

Current time: 2024-11-25 10:43:37
MCMC time 22 mins 

USED COMPONENTS: 35 OF 74 

rel. MC standard error: 0.0143 to 0.0809
eff. sample size: 153 to 4900
needed thinning: 2 to 50
Diagnostics time 0.15 secs 

Total number of iterations 5055 - required further 388 

Chain # 12 - chunk 7 (chain 4 of 4 for this core): increasing by 389 

Iterations: 389 
|-------------|-------------|-------------|-------------|
|-------------------------------------------------------|

Current time: 2024-11-25 10:43:45
MCMC time 22 mins 

USED COMPONENTS: 35 OF 74 

rel. MC standard error: 0.0143 to 0.079
eff. sample size: 160 to 4870
needed thinning: 2 to 51
Diagnostics time 0.15 secs 

Total number of iterations 5444 - required further 396 

Chain # 12 - chunk 8 (chain 4 of 4 for this core): increasing by 397 

Iterations: 397 
|-------------|-------------|-------------|-------------|
|-------------------------------------------------------|

Current time: 2024-11-25 10:43:53
MCMC time 22 mins 

USED COMPONENTS: 34 OF 74 

rel. MC standard error: 0.0146 to 0.0764
eff. sample size: 171 to 4690
needed thinning: 2 to 52
Diagnostics time 0.17 secs 

Total number of iterations 5841 - required further 403 

Chain # 12 - chunk 9 (chain 4 of 4 for this core): increasing by 404 

Iterations: 404 
|-------------|-------------|-------------|-------------|
|-------------------------------------------------------|

Current time: 2024-11-25 10:44:02
MCMC time 22 mins 

USED COMPONENTS: 33 OF 74 

rel. MC standard error: 0.0142 to 0.0756
eff. sample size: 175 to 4950
needed thinning: 2 to 54
Diagnostics time 0.22 secs 

Total number of iterations 6245 - required further 419 

Chain # 12 - chunk 10 (chain 4 of 4 for this core): increasing by 420 

Iterations: 420 
|-------------|-------------|-------------|-------------|
|-------------------------------------------------------|

Current time: 2024-11-25 10:44:10
MCMC time 22 mins 

USED COMPONENTS: 33 OF 74 

rel. MC standard error: 0.0142 to 0.0756
eff. sample size: 175 to 4990
needed thinning: 3 to 58
Diagnostics time 0.16 secs 

Total number of iterations 6665 - required further 450 

Chain # 12 - chunk 11 (chain 4 of 4 for this core): increasing by 451 

Iterations: 451 
|-------------|-------------|-------------|-------------|
|-------------------------------------------------------|

Current time: 2024-11-25 10:44:20
MCMC time 23 mins 

USED COMPONENTS: 34 OF 74 

rel. MC standard error: 0.0129 to 0.0752
eff. sample size: 177 to 5990
needed thinning: 2 to 61
Diagnostics time 0.2 secs 

Total number of iterations 7116 - required further 473 

Chain # 12 - chunk 12 (chain 4 of 4 for this core): increasing by 474 

Iterations: 474 
|-------------|-------------|-------------|-------------|
|-------------------------------------------------------|

Current time: 2024-11-25 10:44:30
MCMC time 23 mins 

USED COMPONENTS: 34 OF 74 

rel. MC standard error: 0.0116 to 0.0756
eff. sample size: 175 to 7470
needed thinning: 2 to 66
Diagnostics time 0.24 secs 

Total number of iterations 7590 - required further 512 

Chain # 12 - chunk 13 (chain 4 of 4 for this core): increasing by 513 

Iterations: 513 
|-------------|-------------|-------------|-------------|
|-------------------------------------------------------|

Current time: 2024-11-25 10:44:41
MCMC time 23 mins 

USED COMPONENTS: 34 OF 74 

rel. MC standard error: 0.0129 to 0.0745
eff. sample size: 180 to 6020
needed thinning: 3 to 68
Diagnostics time 0.65 secs 

Total number of iterations 8103 - required further 527 

Chain # 12 - chunk 14 (chain 4 of 4 for this core): increasing by 528 

Iterations: 528 
|-------------|-------------|-------------|-------------|
|-------------------------------------------------------|

Current time: 2024-11-25 10:44:52
MCMC time 23 mins 

USED COMPONENTS: 33 OF 74 

rel. MC standard error: 0.0123 to 0.074
eff. sample size: 183 to 6570
needed thinning: 2 to 71
Diagnostics time 0.19 secs 

Total number of iterations 8631 - required further 550 

Chain # 12 - chunk 15 (chain 4 of 4 for this core): increasing by 551 

Iterations: 551 
|-------------|-------------|-------------|-------------|
|-------------------------------------------------------|

Current time: 2024-11-25 10:45:03
MCMC time 23 mins 

USED COMPONENTS: 34 OF 74 

rel. MC standard error: 0.0117 to 0.0735
eff. sample size: 185 to 7340
needed thinning: 2 to 75
Diagnostics time 0.23 secs 

Total number of iterations 9182 - required further 581 

Chain # 12 - chunk 16 (chain 4 of 4 for this core): increasing by 582 

Iterations: 582 
|-------------|-------------|-------------|-------------|
|-------------------------------------------------------|

Current time: 2024-11-25 10:45:15
MCMC time 24 mins 

USED COMPONENTS: 36 OF 74 

rel. MC standard error: 0.012 to 0.073
eff. sample size: 187 to 6940
needed thinning: 3 to 79
Diagnostics time 0.29 secs 

Total number of iterations 9764 - required further 612 

Chain # 12 - chunk 17 (chain 4 of 4 for this core): increasing by 613 

Iterations: 613 
|-------------|-------------|-------------|-------------|
|-------------------------------------------------------|

Current time: 2024-11-25 10:45:28
MCMC time 24 mins 

USED COMPONENTS: 34 OF 74 

rel. MC standard error: 0.0106 to 0.0721
eff. sample size: 192 to 8830
needed thinning: 2 to 81
Diagnostics time 0.26 secs 

Total number of iterations 10377 - required further 628 

Chain # 12 - chunk 18 (chain 4 of 4 for this core): increasing by 629 

Iterations: 629 
|-------------|-------------|-------------|-------------|
|-------------------------------------------------------|

Current time: 2024-11-25 10:45:41
MCMC time 24 mins 

USED COMPONENTS: 33 OF 74 

rel. MC standard error: 0.0104 to 0.0713
eff. sample size: 196 to 9240
needed thinning: 2 to 85
Diagnostics time 0.26 secs 

Total number of iterations 11006 - required further 659 

Chain # 12 - chunk 19 (chain 4 of 4 for this core): increasing by 660 

Iterations: 660 
|-------------|-------------|-------------|-------------|
|-------------------------------------------------------|

Current time: 2024-11-25 10:45:55
MCMC time 24 mins 

USED COMPONENTS: 33 OF 74 

rel. MC standard error: 0.0105 to 0.0706
eff. sample size: 201 to 8990
needed thinning: 2 to 88
Diagnostics time 0.29 secs 

Total number of iterations 11666 - required further 682 

Chain # 12 - chunk 20 (chain 4 of 4 for this core): increasing by 683 

Iterations: 683 
|-------------|-------------|-------------|-------------|
|-------------------------------------------------------|

Current time: 2024-11-25 10:46:09
MCMC time 24 mins 

USED COMPONENTS: 32 OF 74 

rel. MC standard error: 0.011 to 0.0699
eff. sample size: 205 to 8290
needed thinning: 3 to 91
Diagnostics time 0.71 secs 

Total number of iterations 12349 - required further 705 

Chain # 12 - chunk 21 (chain 4 of 4 for this core): increasing by 706 

Iterations: 706 
|-------------|-------------|-------------|-------------|
|-------------------------------------------------------|

Current time: 2024-11-25 10:46:24
MCMC time 25 mins 

USED COMPONENTS: 31 OF 74 

rel. MC standard error: 0.0104 to 0.0691
eff. sample size: 209 to 9230
needed thinning: 3 to 94
Diagnostics time 0.27 secs 

Total number of iterations 13055 - required further 729 

Chain # 12 - chunk 22 (chain 4 of 4 for this core): increasing by 730 

Iterations: 730 
|-------------|-------------|-------------|-------------|
|-------------------------------------------------------|

Current time: 2024-11-25 10:46:39
MCMC time 25 mins 

USED COMPONENTS: 31 OF 74 

rel. MC standard error: 0.00981 to 0.0681
eff. sample size: 215 to 10400
needed thinning: 2 to 97
Diagnostics time 0.7 secs 

Total number of iterations 13785 - required further 752 

Chain # 12 - chunk 23 (chain 4 of 4 for this core): increasing by 753 

Iterations: 753 
|-------------|-------------|-------------|-------------|
|-------------------------------------------------------|

Current time: 2024-11-25 10:46:55
MCMC time 25 mins 

USED COMPONENTS: 31 OF 74 

rel. MC standard error: 0.0101 to 0.0674
eff. sample size: 220 to 9810
needed thinning: 3 to 100
Diagnostics time 0.31 secs 

Total number of iterations 14538 - required further 775 

Chain # 12 - chunk 24 (chain 4 of 4 for this core): increasing by 776 

Iterations: 776 
|-------------|-------------|-------------|-------------|
|-------------------------------------------------------|

Current time: 2024-11-25 10:47:11
MCMC time 25 mins 

USED COMPONENTS: 32 OF 74 

rel. MC standard error: 0.00995 to 0.0669
eff. sample size: 224 to 10100
needed thinning: 3 to 103
Diagnostics time 0.33 secs 

Total number of iterations 15314 - required further 798 

Chain # 12 - chunk 25 (chain 4 of 4 for this core): increasing by 799 

Iterations: 799 
|-------------|-------------|-------------|-------------|
|-------------------------------------------------------|

Current time: 2024-11-25 10:47:27
MCMC time 26 mins 

USED COMPONENTS: 31 OF 74 

rel. MC standard error: 0.0096 to 0.0659
eff. sample size: 230 to 10800
needed thinning: 3 to 106
Diagnostics time 0.74 secs 

Total number of iterations 16113 - required further 822 

Chain # 12 - chunk 26 (chain 4 of 4 for this core): increasing by 823 

Iterations: 823 
|-------------|-------------|-------------|-------------|
|-------------------------------------------------------|

Current time: 2024-11-25 10:47:44
MCMC time 26 mins 

USED COMPONENTS: 32 OF 74 

rel. MC standard error: 0.00952 to 0.065
eff. sample size: 236 to 11000
needed thinning: 3 to 108
Diagnostics time 0.36 secs 

Total number of iterations 16936 - required further 837 

Chain # 12 - chunk 27 (chain 4 of 4 for this core): increasing by 838 

Iterations: 838 
|-------------|-------------|-------------|-------------|
|-------------------------------------------------------|

Current time: 2024-11-25 10:48:02
MCMC time 26 mins 

USED COMPONENTS: 31 OF 74 

rel. MC standard error: 0.00874 to 0.0644
eff. sample size: 241 to 13100
needed thinning: 3 to 111
Diagnostics time 0.37 secs 

Total number of iterations 17774 - required further 860 

Chain # 12 - chunk 28 (chain 4 of 4 for this core): increasing by 861 

Iterations: 861 
|-------------|-------------|-------------|-------------|
|-------------------------------------------------------|

Current time: 2024-11-25 10:48:20
MCMC time 27 mins 

USED COMPONENTS: 30 OF 74 

rel. MC standard error: 0.00904 to 0.064
eff. sample size: 244 to 12200
needed thinning: 3 to 115
Diagnostics time 0.34 secs 

Total number of iterations 18635 - required further 891 

Chain # 12 - chunk 29 (chain 4 of 4 for this core): increasing by 892 

Iterations: 892 
|-------------|-------------|-------------|-------------|
|-------------------------------------------------------|

Current time: 2024-11-25 10:48:39
MCMC time 27 mins 

USED COMPONENTS: 31 OF 74 

rel. MC standard error: 0.00856 to 0.0626
eff. sample size: 255 to 13700
needed thinning: 3 to 115
Diagnostics time 0.33 secs 

Total number of iterations 19527 - required further 891 

Chain # 12 - chunk 30 (chain 4 of 4 for this core): increasing by 892 

Iterations: 892 
|-------------|-------------|-------------|-------------|
|-------------------------------------------------------|

Current time: 2024-11-25 10:48:57
MCMC time 27 mins 

USED COMPONENTS: 32 OF 74 

rel. MC standard error: 0.00865 to 0.0626
eff. sample size: 255 to 13400
needed thinning: 3 to 120
Diagnostics time 0.39 secs 

Total number of iterations 20419 - required further 930 

Chain # 12 - chunk 31 (chain 4 of 4 for this core): increasing by 931 

Iterations: 931 
|-------------|-------------|-------------|-------------|
|-------------------------------------------------------|

Current time: 2024-11-25 10:49:16
MCMC time 28 mins 

USED COMPONENTS: 32 OF 74 

rel. MC standard error: 0.0083 to 0.0619
eff. sample size: 261 to 14500
needed thinning: 3 to 123
Diagnostics time 0.82 secs 

Total number of iterations 21350 - required further 953 

Chain # 12 - chunk 32 (chain 4 of 4 for this core): increasing by 954 

Iterations: 954 
|-------------|-------------|-------------|-------------|
|-------------------------------------------------------|

Current time: 2024-11-25 10:49:36
MCMC time 28 mins 

USED COMPONENTS: 33 OF 74 

rel. MC standard error: 0.00819 to 0.0608
eff. sample size: 270 to 14900
needed thinning: 3 to 124
Diagnostics time 0.41 secs 

Total number of iterations 22304 - required further 961 

Chain # 12 - chunk 33 (chain 4 of 4 for this core): increasing by 962 

Iterations: 962 
|-------------|-------------|-------------|-------------|
|-------------------------------------------------------|

Current time: 2024-11-25 10:49:56
MCMC time 28 mins 

USED COMPONENTS: 32 OF 74 

rel. MC standard error: 0.00797 to 0.0606
eff. sample size: 272 to 15800
needed thinning: 3 to 129
Diagnostics time 0.36 secs 

Total number of iterations 23266 - required further 1000 

Chain # 12 - chunk 34 (chain 4 of 4 for this core): increasing by 1001 

Iterations: 1001 
|-------------|-------------|-------------|-------------|
|-------------------------------------------------------|

Current time: 2024-11-25 10:50:17
MCMC time 29 mins 

USED COMPONENTS: 34 OF 74 

rel. MC standard error: 0.00796 to 0.0594
eff. sample size: 283 to 15800
needed thinning: 3 to 129
Diagnostics time 0.84 secs 

Total number of iterations 24267 - required further 1000 

Chain # 12 - chunk 35 (chain 4 of 4 for this core): increasing by 1001 

Iterations: 1001 
|-------------|-------------|-------------|-------------|
|-------------------------------------------------------|

Current time: 2024-11-25 10:50:38
MCMC time 29 mins 

USED COMPONENTS: 32 OF 74 

rel. MC standard error: 0.00774 to 0.059
eff. sample size: 287 to 16700
needed thinning: 3 to 133
Diagnostics time 0.45 secs 

Total number of iterations 25268 - required further 1031 

Chain # 12 - chunk 36 (chain 4 of 4 for this core): increasing by 1032 

Iterations: 1032 
|-------------|-------------|-------------|-------------|
|-------------------------------------------------------|

Current time: 2024-11-25 10:51:00
MCMC time 29 mins 

USED COMPONENTS: 32 OF 74 

rel. MC standard error: 0.00777 to 0.0582
eff. sample size: 295 to 16600
needed thinning: 3 to 134
Diagnostics time 0.41 secs 

Total number of iterations 26300 - required further 1038 

Chain # 12 - chunk 37 (chain 4 of 4 for this core): increasing by 1039 

Iterations: 1039 
|-------------|-------------|-------------|-------------|
|-------------------------------------------------------|

Current time: 2024-11-25 10:51:21
MCMC time 30 mins 

USED COMPONENTS: 33 OF 74 

rel. MC standard error: 0.00712 to 0.0581
eff. sample size: 296 to 19700
needed thinning: 3 to 139
Diagnostics time 0.47 secs 

Total number of iterations 27339 - required further 1077 

Chain # 12 - chunk 38 (chain 4 of 4 for this core): increasing by 1078 

Iterations: 1078 
|-------------|-------------|-------------|-------------|
|-------------------------------------------------------|

Current time: 2024-11-25 10:51:43
MCMC time 30 mins 

USED COMPONENTS: 32 OF 74 

rel. MC standard error: 0.00715 to 0.0572
eff. sample size: 306 to 19500
needed thinning: 3 to 140
Diagnostics time 0.43 secs 

Total number of iterations 28417 - required further 1085 

Chain # 12 - chunk 39 (chain 4 of 4 for this core): increasing by 1086 

Iterations: 1086 
|-------------|-------------|-------------|-------------|
|-------------------------------------------------------|

Current time: 2024-11-25 10:52:06
MCMC time 30 mins 

USED COMPONENTS: 31 OF 74 

rel. MC standard error: 0.00673 to 0.0565
eff. sample size: 314 to 22000
needed thinning: 3 to 142
Diagnostics time 0.4 secs 

Total number of iterations 29503 - required further 1100 

Chain # 12 - chunk 40 (chain 4 of 4 for this core): increasing by 1101 

Iterations: 1101 
|-------------|-------------|-------------|-------------|
|-------------------------------------------------------|

Current time: 2024-11-25 10:52:28
MCMC time 31 mins 

USED COMPONENTS: 32 OF 74 

rel. MC standard error: 0.00689 to 0.0564
eff. sample size: 314 to 21100
needed thinning: 3 to 147
Diagnostics time 0.83 secs 

Total number of iterations 30604 - required further 1139 

Chain # 12 - chunk 41 (chain 4 of 4 for this core): increasing by 1140 

Iterations: 1140 
|-------------|-------------|-------------|-------------|
|-------------------------------------------------------|

Current time: 2024-11-25 10:52:52
MCMC time 31 mins 

USED COMPONENTS: 33 OF 74 

rel. MC standard error: 0.00672 to 0.0554
eff. sample size: 325 to 22100
needed thinning: 3 to 147
Diagnostics time 0.47 secs 

Total number of iterations 31744 - required further 1139 

Chain # 12 - chunk 42 (chain 4 of 4 for this core): increasing by 1140 

Iterations: 1140 
|-------------|-------------|-------------|-------------|
|-------------------------------------------------------|

Current time: 2024-11-25 10:53:15
MCMC time 32 mins 

USED COMPONENTS: 30 OF 74 

rel. MC standard error: 0.00661 to 0.0549
eff. sample size: 331 to 22900
needed thinning: 3 to 149
Diagnostics time 0.85 secs 

Total number of iterations 32884 - required further 1155 

Chain # 12 - chunk 43 (chain 4 of 4 for this core): increasing by 1156 

Iterations: 1156 
|-------------|-------------|-------------|-------------|
|-------------------------------------------------------|

Current time: 2024-11-25 10:53:39
MCMC time 32 mins 

USED COMPONENTS: 32 OF 74 

rel. MC standard error: 0.00648 to 0.0543
eff. sample size: 339 to 23800
needed thinning: 3 to 151
Diagnostics time 0.43 secs 

Total number of iterations 34040 - required further 1170 

Chain # 12 - chunk 44 (chain 4 of 4 for this core): increasing by 1171 

Iterations: 1171 
|-------------|-------------|-------------|-------------|
|-------------------------------------------------------|

Current time: 2024-11-25 10:54:03
MCMC time 32 mins 

USED COMPONENTS: 32 OF 74 

rel. MC standard error: 0.00624 to 0.0534
eff. sample size: 351 to 25700
needed thinning: 3 to 151
Diagnostics time 0.45 secs 

Total number of iterations 35211 - required further 1170 

Chain # 12 - chunk 45 (chain 4 of 4 for this core): increasing by 1171 

Iterations: 1171 
|-------------|-------------|-------------|-------------|
|-------------------------------------------------------|

Current time: 2024-11-25 10:54:27
MCMC time 33 mins 

USED COMPONENTS: 30 OF 74 

rel. MC standard error: 0.00623 to 0.0535
eff. sample size: 349 to 25800
needed thinning: 3 to 157
Diagnostics time 0.49 secs 

Total number of iterations 36382 - required further 1217 

Chain # 12 - chunk 46 (chain 4 of 4 for this core): increasing by 1218 

Iterations: 1218 
|-------------|-------------|-------------|-------------|
|-------------------------------------------------------|

Current time: 2024-11-25 10:54:51
MCMC time 33 mins 

USED COMPONENTS: 32 OF 74 

rel. MC standard error: 0.00603 to 0.0526
eff. sample size: 362 to 27500
needed thinning: 3 to 156
Diagnostics time 0.43 secs 

Total number of iterations 37600 - required further 1209 

Chain # 12 - chunk 47 (chain 4 of 4 for this core): increasing by 1210 

Iterations: 1210 
|-------------|-------------|-------------|-------------|
|-------------------------------------------------------|

Current time: 2024-11-25 10:55:12
MCMC time 34 mins 

USED COMPONENTS: 31 OF 74 

rel. MC standard error: 0.00611 to 0.0521
eff. sample size: 369 to 26800
needed thinning: 3 to 158
Diagnostics time 0.51 secs 

Total number of iterations 38810 - required further 1224 

Chain # 12 - chunk 48 (chain 4 of 4 for this core): increasing by 1225 

Iterations: 1225 
|-------------|-------------|-------------|-------------|
|-------------------------------------------------------|

Current time: 2024-11-25 10:55:34
MCMC time 34 mins 

USED COMPONENTS: 28 OF 74 

rel. MC standard error: 0.00597 to 0.0517
eff. sample size: 374 to 28100
needed thinning: 3 to 161
Diagnostics time 0.46 secs 

Total number of iterations 40035 - required further 1248 

Chain # 12 - chunk 49 (chain 4 of 4 for this core): increasing by 1249 

Iterations: 1249 
|-------------|-------------|-------------|-------------|
|-------------------------------------------------------|

Current time: 2024-11-25 10:55:57
MCMC time 34 mins 

USED COMPONENTS: 28 OF 74 

rel. MC standard error: 0.00598 to 0.0513
eff. sample size: 380 to 28000
needed thinning: 3 to 163
Diagnostics time 0.46 secs 

Total number of iterations 41284 - required further 1263 

Chain # 12 - chunk 50 (chain 4 of 4 for this core): increasing by 1264 

Iterations: 1264 
|-------------|-------------|-------------|-------------|
|-------------------------------------------------------|

Current time: 2024-11-25 10:56:19
MCMC time 35 mins 

USED COMPONENTS: 28 OF 74 

rel. MC standard error: 0.0059 to 0.0505
eff. sample size: 393 to 28800
needed thinning: 3 to 163
Diagnostics time 0.84 secs 

Total number of iterations 42548 - required further 1263 

Chain # 12 - chunk 51 (chain 4 of 4 for this core): increasing by 1264 

Iterations: 1264 
|-------------|-------------|-------------|-------------|
|-------------------------------------------------------|

Current time: 2024-11-25 10:56:41
MCMC time 35 mins 

USED COMPONENTS: 28 OF 74 

rel. MC standard error: 0.0058 to 0.05
eff. sample size: 401 to 29700
needed thinning: 3 to 165
Diagnostics time 0.51 secs 

Total number of iterations 43812 - required further 0 

Keeping last 60 samples with thinning 165 

Plotting traces and samples.

Current time: 2024-11-25 10:56:45
MCMC + diagnostics time 35 mins 

Current time: 2024-11-25 10:56:45
Total time 35 mins 
loaded inferno and set parent environment
loaded inferno and set parent environment
loaded inferno and set parent environment
loaded inferno and set parent environment
