Log core 1 - Current time: 2024-11-25 10:20:12
Defining model
Building model
Setting data and initial values
Running calculate on model
  [Note] Any error reports that follow may simply reflect missing values in model variables.
Checking model sizes and dimensions
Compiling
  [Note] This may take a minute.
  [Note] Use 'showCompilerOutput = TRUE' to see C++ compilation details.
===== Monitors =====
thin = 1: Bprob, Rmean, Rvar, W
thin2 = 1: K
===== Samplers =====
conjugate sampler (519)
  - Rmean[]  (148 elements)
  - Rrate[]  (148 elements)
  - Bprob[]  (74 elements)
  - Rvar[]  (148 elements)
  - W[1:74] 
categorical sampler (301)
  - Alpha
  - K[]  (300 elements)
===== Monitors =====
thin = 1: Bprob, Rmean, Rvar, W
thin2 = 1: K
===== Samplers =====
slice sampler (301)
  - Alpha
  - K[]  (300 elements)
conjugate sampler (519)
  - Rmean[]  (148 elements)
  - Rrate[]  (148 elements)
  - Bprob[]  (74 elements)
  - Rvar[]  (148 elements)
  - W[1:74] 
Compiling
  [Note] This may take a minute.
  [Note] Use 'showCompilerOutput = TRUE' to see C++ compilation details.

Setup time 3.3 mins 

Chain # 1 (chain 1 of 4 for this core)

Datapoints for testing convergence:
 #61 #70 #99 #105 #109 #115 #120 #135 #164 #165 #168 #186 #194 #221 #228 #230 #244 #251 #255 #267 

Iterations: 3600 
|-------------|-------------|-------------|-------------|
|-------------------------------------------------------|

Current time: 2024-11-25 10:25:53
MCMC time 2.4 mins 

USED COMPONENTS: 34 OF 74 

rel. MC standard error: 0.0172 to 0.0346
eff. sample size: 835 to 3380
needed thinning: 2 to 7
Diagnostics time 4.2 secs 

Total number of iterations 3600 - required further 0 

Keeping last 60 samples with thinning 7 

Plotting traces and samples.

Current time: 2024-11-25 10:26:00
MCMC + diagnostics time 2.5 mins 

Chain # 2 (chain 2 of 4 for this core)

Datapoints for testing convergence:
 #17 #18 #26 #46 #51 #103 #137 #145 #151 #155 #157 #161 #162 #180 #216 #219 #228 #231 #278 #291 

Iterations: 3600 
|-------------|-------------|-------------|-------------|
|-------------------------------------------------------|

Current time: 2024-11-25 10:28:25
MCMC time 5 mins 

USED COMPONENTS: 36 OF 74 

rel. MC standard error: 0.016 to 0.0853
eff. sample size: 137 to 3900
needed thinning: 2 to 40
Diagnostics time 4 secs 

Total number of iterations 3600 - required further 310 

Chain # 2 - chunk 2 (chain 2 of 4 for this core): increasing by 311 

Iterations: 311 
|-------------|-------------|-------------|-------------|
|-------------------------------------------------------|

Current time: 2024-11-25 10:28:44
MCMC time 5.3 mins 

USED COMPONENTS: 35 OF 74 

rel. MC standard error: 0.0142 to 0.084
eff. sample size: 142 to 4990
needed thinning: 2 to 42
Diagnostics time 0.28 secs 

Total number of iterations 3911 - required further 326 

Chain # 2 - chunk 3 (chain 2 of 4 for this core): increasing by 327 

Iterations: 327 
|-------------|-------------|-------------|-------------|
|-------------------------------------------------------|

Current time: 2024-11-25 10:28:58
MCMC time 5.5 mins 

USED COMPONENTS: 36 OF 74 

rel. MC standard error: 0.0141 to 0.0834
eff. sample size: 144 to 5040
needed thinning: 2 to 45
Diagnostics time 0.28 secs 

Total number of iterations 4238 - required further 349 

Chain # 2 - chunk 4 (chain 2 of 4 for this core): increasing by 350 

Iterations: 350 
|-------------|-------------|-------------|-------------|
|-------------------------------------------------------|

Current time: 2024-11-25 10:29:12
MCMC time 5.7 mins 

USED COMPONENTS: 34 OF 74 

rel. MC standard error: 0.0141 to 0.0814
eff. sample size: 151 to 5000
needed thinning: 2 to 46
Diagnostics time 0.31 secs 

Total number of iterations 4588 - required further 357 

Chain # 2 - chunk 5 (chain 2 of 4 for this core): increasing by 358 

Iterations: 358 
|-------------|-------------|-------------|-------------|
|-------------------------------------------------------|

Current time: 2024-11-25 10:29:27
MCMC time 6 mins 

USED COMPONENTS: 34 OF 74 

rel. MC standard error: 0.0132 to 0.0803
eff. sample size: 155 to 5710
needed thinning: 2 to 48
Diagnostics time 0.33 secs 

Total number of iterations 4946 - required further 372 

Chain # 2 - chunk 6 (chain 2 of 4 for this core): increasing by 373 

Iterations: 373 
|-------------|-------------|-------------|-------------|
|-------------------------------------------------------|

Current time: 2024-11-25 10:29:42
MCMC time 6.3 mins 

USED COMPONENTS: 33 OF 74 

rel. MC standard error: 0.0139 to 0.0785
eff. sample size: 162 to 5160
needed thinning: 2 to 50
Diagnostics time 0.37 secs 

Total number of iterations 5319 - required further 388 

Chain # 2 - chunk 7 (chain 2 of 4 for this core): increasing by 389 

Iterations: 389 
|-------------|-------------|-------------|-------------|
|-------------------------------------------------------|

Current time: 2024-11-25 10:29:59
MCMC time 6.5 mins 

USED COMPONENTS: 35 OF 74 

rel. MC standard error: 0.0124 to 0.0768
eff. sample size: 169 to 6460
needed thinning: 2 to 51
Diagnostics time 0.32 secs 

Total number of iterations 5708 - required further 396 

Chain # 2 - chunk 8 (chain 2 of 4 for this core): increasing by 397 

Iterations: 397 
|-------------|-------------|-------------|-------------|
|-------------------------------------------------------|

Current time: 2024-11-25 10:30:15
MCMC time 6.8 mins 

USED COMPONENTS: 34 OF 74 

rel. MC standard error: 0.0123 to 0.0746
eff. sample size: 179 to 6630
needed thinning: 2 to 52
Diagnostics time 0.34 secs 

Total number of iterations 6105 - required further 403 

Chain # 2 - chunk 9 (chain 2 of 4 for this core): increasing by 404 

Iterations: 404 
|-------------|-------------|-------------|-------------|
|-------------------------------------------------------|

Current time: 2024-11-25 10:30:32
MCMC time 7.1 mins 

USED COMPONENTS: 35 OF 74 

rel. MC standard error: 0.0126 to 0.0729
eff. sample size: 188 to 6270
needed thinning: 2 to 52
Diagnostics time 0.36 secs 

Total number of iterations 6509 - required further 403 

Chain # 2 - chunk 10 (chain 2 of 4 for this core): increasing by 404 

Iterations: 404 
|-------------|-------------|-------------|-------------|
|-------------------------------------------------------|

Current time: 2024-11-25 10:30:48
MCMC time 7.4 mins 

USED COMPONENTS: 34 OF 74 

rel. MC standard error: 0.0119 to 0.0719
eff. sample size: 193 to 7010
needed thinning: 2 to 54
Diagnostics time 0.34 secs 

Total number of iterations 6913 - required further 419 

Chain # 2 - chunk 11 (chain 2 of 4 for this core): increasing by 420 

Iterations: 420 
|-------------|-------------|-------------|-------------|
|-------------------------------------------------------|

Current time: 2024-11-25 10:31:06
MCMC time 7.6 mins 

USED COMPONENTS: 34 OF 74 

rel. MC standard error: 0.0112 to 0.0699
eff. sample size: 205 to 7930
needed thinning: 2 to 54
Diagnostics time 0.44 secs 

Total number of iterations 7333 - required further 419 

Chain # 2 - chunk 12 (chain 2 of 4 for this core): increasing by 420 

Iterations: 420 
|-------------|-------------|-------------|-------------|
|-------------------------------------------------------|

Current time: 2024-11-25 10:31:23
MCMC time 7.9 mins 

USED COMPONENTS: 35 OF 74 

rel. MC standard error: 0.0104 to 0.0687
eff. sample size: 212 to 9170
needed thinning: 2 to 55
Diagnostics time 0.38 secs 

Total number of iterations 7753 - required further 427 

Chain # 2 - chunk 13 (chain 2 of 4 for this core): increasing by 428 

Iterations: 428 
|-------------|-------------|-------------|-------------|
|-------------------------------------------------------|

Current time: 2024-11-25 10:31:41
MCMC time 8.2 mins 

USED COMPONENTS: 34 OF 74 

rel. MC standard error: 0.0109 to 0.0674
eff. sample size: 220 to 8440
needed thinning: 2 to 56
Diagnostics time 1.2 secs 

Total number of iterations 8181 - required further 434 

Chain # 2 - chunk 14 (chain 2 of 4 for this core): increasing by 435 

Iterations: 435 
|-------------|-------------|-------------|-------------|
|-------------------------------------------------------|

Current time: 2024-11-25 10:32:00
MCMC time 8.5 mins 

USED COMPONENTS: 34 OF 74 

rel. MC standard error: 0.0101 to 0.0656
eff. sample size: 232 to 9740
needed thinning: 2 to 56
Diagnostics time 0.34 secs 

Total number of iterations 8616 - required further 434 

Chain # 2 - chunk 15 (chain 2 of 4 for this core): increasing by 435 

Iterations: 435 
|-------------|-------------|-------------|-------------|
|-------------------------------------------------------|

Current time: 2024-11-25 10:32:18
MCMC time 8.8 mins 

USED COMPONENTS: 34 OF 74 

rel. MC standard error: 0.0102 to 0.0641
eff. sample size: 243 to 9690
needed thinning: 2 to 56
Diagnostics time 0.33 secs 

Total number of iterations 9051 - required further 434 

Chain # 2 - chunk 16 (chain 2 of 4 for this core): increasing by 435 

Iterations: 435 
|-------------|-------------|-------------|-------------|
|-------------------------------------------------------|

Current time: 2024-11-25 10:32:36
MCMC time 9.1 mins 

USED COMPONENTS: 34 OF 74 

rel. MC standard error: 0.00972 to 0.0627
eff. sample size: 254 to 10600
needed thinning: 2 to 56
Diagnostics time 0.39 secs 

Total number of iterations 9486 - required further 434 

Chain # 2 - chunk 17 (chain 2 of 4 for this core): increasing by 435 

Iterations: 435 
|-------------|-------------|-------------|-------------|
|-------------------------------------------------------|

Current time: 2024-11-25 10:32:54
MCMC time 9.4 mins 

USED COMPONENTS: 33 OF 74 

rel. MC standard error: 0.00848 to 0.0616
eff. sample size: 263 to 13900
needed thinning: 2 to 57
Diagnostics time 0.4 secs 

Total number of iterations 9921 - required further 442 

Chain # 2 - chunk 18 (chain 2 of 4 for this core): increasing by 443 

Iterations: 443 
|-------------|-------------|-------------|-------------|
|-------------------------------------------------------|

Current time: 2024-11-25 10:33:12
MCMC time 9.7 mins 

USED COMPONENTS: 33 OF 74 

rel. MC standard error: 0.00937 to 0.0608
eff. sample size: 271 to 11400
needed thinning: 2 to 58
Diagnostics time 0.34 secs 

Total number of iterations 10364 - required further 450 

Chain # 2 - chunk 19 (chain 2 of 4 for this core): increasing by 451 

Iterations: 451 
|-------------|-------------|-------------|-------------|
|-------------------------------------------------------|

Current time: 2024-11-25 10:33:31
MCMC time 10 mins 

USED COMPONENTS: 33 OF 74 

rel. MC standard error: 0.00904 to 0.0591
eff. sample size: 286 to 12200
needed thinning: 2 to 57
Diagnostics time 0.38 secs 

Total number of iterations 10815 - required further 442 

Chain # 2 - chunk 20 (chain 2 of 4 for this core): increasing by 443 

Iterations: 443 
|-------------|-------------|-------------|-------------|
|-------------------------------------------------------|

Current time: 2024-11-25 10:33:49
MCMC time 10 mins 

USED COMPONENTS: 33 OF 74 

rel. MC standard error: 0.0102 to 0.0582
eff. sample size: 295 to 9630
needed thinning: 2 to 58
Diagnostics time 0.47 secs 

Total number of iterations 11258 - required further 450 

Chain # 2 - chunk 21 (chain 2 of 4 for this core): increasing by 451 

Iterations: 451 
|-------------|-------------|-------------|-------------|
|-------------------------------------------------------|

Current time: 2024-11-25 10:34:08
MCMC time 11 mins 

USED COMPONENTS: 34 OF 74 

rel. MC standard error: 0.0101 to 0.057
eff. sample size: 308 to 9870
needed thinning: 2 to 58
Diagnostics time 0.38 secs 

Total number of iterations 11709 - required further 450 

Chain # 2 - chunk 22 (chain 2 of 4 for this core): increasing by 451 

Iterations: 451 
|-------------|-------------|-------------|-------------|
|-------------------------------------------------------|

Current time: 2024-11-25 10:34:26
MCMC time 11 mins 

USED COMPONENTS: 33 OF 74 

rel. MC standard error: 0.00939 to 0.0565
eff. sample size: 314 to 11300
needed thinning: 2 to 59
Diagnostics time 0.38 secs 

Total number of iterations 12160 - required further 458 

Chain # 2 - chunk 23 (chain 2 of 4 for this core): increasing by 459 

Iterations: 459 
|-------------|-------------|-------------|-------------|
|-------------------------------------------------------|

Current time: 2024-11-25 10:34:45
MCMC time 11 mins 

USED COMPONENTS: 32 OF 74 

rel. MC standard error: 0.00884 to 0.0559
eff. sample size: 320 to 12800
needed thinning: 2 to 60
Diagnostics time 0.42 secs 

Total number of iterations 12619 - required further 465 

Chain # 2 - chunk 24 (chain 2 of 4 for this core): increasing by 466 

Iterations: 466 
|-------------|-------------|-------------|-------------|
|-------------------------------------------------------|

Current time: 2024-11-25 10:35:05
MCMC time 12 mins 

USED COMPONENTS: 33 OF 74 

rel. MC standard error: 0.00847 to 0.0544
eff. sample size: 338 to 13900
needed thinning: 2 to 59
Diagnostics time 0.41 secs 

Total number of iterations 13085 - required further 458 

Chain # 2 - chunk 25 (chain 2 of 4 for this core): increasing by 459 

Iterations: 459 
|-------------|-------------|-------------|-------------|
|-------------------------------------------------------|

Current time: 2024-11-25 10:35:24
MCMC time 12 mins 

USED COMPONENTS: 33 OF 74 

rel. MC standard error: 0.0089 to 0.0536
eff. sample size: 348 to 12600
needed thinning: 2 to 59
Diagnostics time 0.37 secs 

Total number of iterations 13544 - required further 458 

Chain # 2 - chunk 26 (chain 2 of 4 for this core): increasing by 459 

Iterations: 459 
|-------------|-------------|-------------|-------------|
|-------------------------------------------------------|

Current time: 2024-11-25 10:35:43
MCMC time 12 mins 

USED COMPONENTS: 33 OF 74 

rel. MC standard error: 0.00893 to 0.0528
eff. sample size: 358 to 12500
needed thinning: 2 to 59
Diagnostics time 1.3 secs 

Total number of iterations 14003 - required further 458 

Chain # 2 - chunk 27 (chain 2 of 4 for this core): increasing by 459 

Iterations: 459 
|-------------|-------------|-------------|-------------|
|-------------------------------------------------------|

Current time: 2024-11-25 10:36:02
MCMC time 13 mins 

USED COMPONENTS: 33 OF 74 

rel. MC standard error: 0.00891 to 0.0519
eff. sample size: 372 to 12600
needed thinning: 2 to 59
Diagnostics time 0.36 secs 

Total number of iterations 14462 - required further 458 

Chain # 2 - chunk 28 (chain 2 of 4 for this core): increasing by 459 

Iterations: 459 
|-------------|-------------|-------------|-------------|
|-------------------------------------------------------|

Current time: 2024-11-25 10:36:21
MCMC time 13 mins 

USED COMPONENTS: 32 OF 74 

rel. MC standard error: 0.00864 to 0.0511
eff. sample size: 383 to 13400
needed thinning: 2 to 59
Diagnostics time 0.4 secs 

Total number of iterations 14921 - required further 458 

Chain # 2 - chunk 29 (chain 2 of 4 for this core): increasing by 459 

Iterations: 459 
|-------------|-------------|-------------|-------------|
|-------------------------------------------------------|

Current time: 2024-11-25 10:36:40
MCMC time 13 mins 

USED COMPONENTS: 32 OF 74 

rel. MC standard error: 0.00828 to 0.0502
eff. sample size: 397 to 14600
needed thinning: 2 to 59
Diagnostics time 0.4 secs 

Total number of iterations 15380 - required further 458 

Chain # 2 - chunk 30 (chain 2 of 4 for this core): increasing by 459 

Iterations: 459 
|-------------|-------------|-------------|-------------|
|-------------------------------------------------------|

Current time: 2024-11-25 10:36:59
MCMC time 14 mins 

USED COMPONENTS: 33 OF 74 

rel. MC standard error: 0.00856 to 0.0497
eff. sample size: 404 to 13700
needed thinning: 2 to 59
Diagnostics time 0.42 secs 

Total number of iterations 15839 - required further 0 

Keeping last 60 samples with thinning 59 

Plotting traces and samples.

Current time: 2024-11-25 10:37:02
MCMC + diagnostics time 14 mins 

Chain # 3 (chain 3 of 4 for this core)

Datapoints for testing convergence:
 #19 #52 #74 #79 #155 #174 #185 #190 #191 #203 #206 #215 #219 #220 #225 #237 #244 #254 #258 #287 

Iterations: 3600 
|-------------|-------------|-------------|-------------|
|-------------------------------------------------------|

Current time: 2024-11-25 10:39:18
MCMC time 16 mins 

USED COMPONENTS: 34 OF 74 

rel. MC standard error: 0.0194 to 0.086
eff. sample size: 135 to 2670
needed thinning: 3 to 40
Diagnostics time 2 secs 

Total number of iterations 3600 - required further 310 

Chain # 3 - chunk 2 (chain 3 of 4 for this core): increasing by 311 

Iterations: 311 
|-------------|-------------|-------------|-------------|
|-------------------------------------------------------|

Current time: 2024-11-25 10:39:27
MCMC time 16 mins 

USED COMPONENTS: 33 OF 74 

rel. MC standard error: 0.0176 to 0.0831
eff. sample size: 145 to 3230
needed thinning: 2 to 41
Diagnostics time 0.15 secs 

Total number of iterations 3911 - required further 318 

Chain # 3 - chunk 3 (chain 3 of 4 for this core): increasing by 319 

Iterations: 319 
|-------------|-------------|-------------|-------------|
|-------------------------------------------------------|

Current time: 2024-11-25 10:39:34
MCMC time 16 mins 

USED COMPONENTS: 32 OF 74 

rel. MC standard error: 0.0187 to 0.0821
eff. sample size: 148 to 2870
needed thinning: 3 to 43
Diagnostics time 0.59 secs 

Total number of iterations 4230 - required further 334 

Chain # 3 - chunk 4 (chain 3 of 4 for this core): increasing by 335 

Iterations: 335 
|-------------|-------------|-------------|-------------|
|-------------------------------------------------------|

Current time: 2024-11-25 10:39:41
MCMC time 16 mins 

USED COMPONENTS: 35 OF 74 

rel. MC standard error: 0.0171 to 0.0797
eff. sample size: 157 to 3420
needed thinning: 3 to 44
Diagnostics time 0.15 secs 

Total number of iterations 4565 - required further 341 

Chain # 3 - chunk 5 (chain 3 of 4 for this core): increasing by 342 

Iterations: 342 
|-------------|-------------|-------------|-------------|
|-------------------------------------------------------|

Current time: 2024-11-25 10:39:48
MCMC time 16 mins 

USED COMPONENTS: 34 OF 74 

rel. MC standard error: 0.0166 to 0.0784
eff. sample size: 163 to 3610
needed thinning: 3 to 46
Diagnostics time 0.16 secs 

Total number of iterations 4907 - required further 357 

Chain # 3 - chunk 6 (chain 3 of 4 for this core): increasing by 358 

Iterations: 358 
|-------------|-------------|-------------|-------------|
|-------------------------------------------------------|

Current time: 2024-11-25 10:39:55
MCMC time 16 mins 

USED COMPONENTS: 34 OF 74 

rel. MC standard error: 0.0165 to 0.0767
eff. sample size: 170 to 3690
needed thinning: 3 to 47
Diagnostics time 0.17 secs 

Total number of iterations 5265 - required further 365 

Chain # 3 - chunk 7 (chain 3 of 4 for this core): increasing by 366 

Iterations: 366 
|-------------|-------------|-------------|-------------|
|-------------------------------------------------------|

Current time: 2024-11-25 10:40:03
MCMC time 17 mins 

USED COMPONENTS: 34 OF 74 

rel. MC standard error: 0.0149 to 0.0758
eff. sample size: 174 to 4510
needed thinning: 2 to 49
Diagnostics time 0.15 secs 

Total number of iterations 5631 - required further 380 

Chain # 3 - chunk 8 (chain 3 of 4 for this core): increasing by 381 

Iterations: 381 
|-------------|-------------|-------------|-------------|
|-------------------------------------------------------|

Current time: 2024-11-25 10:40:11
MCMC time 17 mins 

USED COMPONENTS: 35 OF 74 

rel. MC standard error: 0.0147 to 0.0658
eff. sample size: 231 to 4640
needed thinning: 2 to 40
Diagnostics time 0.17 secs 

Total number of iterations 6012 - required further 310 

Chain # 3 - chunk 9 (chain 3 of 4 for this core): increasing by 311 

Iterations: 311 
|-------------|-------------|-------------|-------------|
|-------------------------------------------------------|

Current time: 2024-11-25 10:40:17
MCMC time 17 mins 

USED COMPONENTS: 34 OF 74 

rel. MC standard error: 0.0143 to 0.0649
eff. sample size: 238 to 4910
needed thinning: 2 to 40
Diagnostics time 0.12 secs 

Total number of iterations 6323 - required further 310 

Chain # 3 - chunk 10 (chain 3 of 4 for this core): increasing by 311 

Iterations: 311 
|-------------|-------------|-------------|-------------|
|-------------------------------------------------------|

Current time: 2024-11-25 10:40:23
MCMC time 17 mins 

USED COMPONENTS: 35 OF 74 

rel. MC standard error: 0.0146 to 0.0658
eff. sample size: 231 to 4680
needed thinning: 3 to 44
Diagnostics time 0.14 secs 

Total number of iterations 6634 - required further 341 

Chain # 3 - chunk 11 (chain 3 of 4 for this core): increasing by 342 

Iterations: 342 
|-------------|-------------|-------------|-------------|
|-------------------------------------------------------|

Current time: 2024-11-25 10:40:30
MCMC time 17 mins 

USED COMPONENTS: 34 OF 74 

rel. MC standard error: 0.0146 to 0.0652
eff. sample size: 235 to 4720
needed thinning: 3 to 45
Diagnostics time 0.14 secs 

Total number of iterations 6976 - required further 349 

Chain # 3 - chunk 12 (chain 3 of 4 for this core): increasing by 350 

Iterations: 350 
|-------------|-------------|-------------|-------------|
|-------------------------------------------------------|

Current time: 2024-11-25 10:40:38
MCMC time 17 mins 

USED COMPONENTS: 34 OF 74 

rel. MC standard error: 0.0146 to 0.0626
eff. sample size: 255 to 4710
needed thinning: 3 to 44
Diagnostics time 0.17 secs 

Total number of iterations 7326 - required further 341 

Chain # 3 - chunk 13 (chain 3 of 4 for this core): increasing by 342 

Iterations: 342 
|-------------|-------------|-------------|-------------|
|-------------------------------------------------------|

Current time: 2024-11-25 10:40:45
MCMC time 17 mins 

USED COMPONENTS: 34 OF 74 

rel. MC standard error: 0.0138 to 0.0633
eff. sample size: 250 to 5280
needed thinning: 3 to 47
Diagnostics time 0.14 secs 

Total number of iterations 7668 - required further 365 

Chain # 3 - chunk 14 (chain 3 of 4 for this core): increasing by 366 

Iterations: 366 
|-------------|-------------|-------------|-------------|
|-------------------------------------------------------|

Current time: 2024-11-25 10:40:52
MCMC time 17 mins 

USED COMPONENTS: 33 OF 74 

rel. MC standard error: 0.0132 to 0.0615
eff. sample size: 264 to 5710
needed thinning: 3 to 46
Diagnostics time 0.15 secs 

Total number of iterations 8034 - required further 357 

Chain # 3 - chunk 15 (chain 3 of 4 for this core): increasing by 358 

Iterations: 358 
|-------------|-------------|-------------|-------------|
|-------------------------------------------------------|

Current time: 2024-11-25 10:40:59
MCMC time 18 mins 

USED COMPONENTS: 34 OF 74 

rel. MC standard error: 0.0129 to 0.0625
eff. sample size: 256 to 6050
needed thinning: 3 to 50
Diagnostics time 0.14 secs 

Total number of iterations 8392 - required further 388 

Chain # 3 - chunk 16 (chain 3 of 4 for this core): increasing by 389 

Iterations: 389 
|-------------|-------------|-------------|-------------|
|-------------------------------------------------------|

Current time: 2024-11-25 10:41:07
MCMC time 18 mins 

USED COMPONENTS: 33 OF 74 

rel. MC standard error: 0.0126 to 0.0603
eff. sample size: 275 to 6270
needed thinning: 3 to 48
Diagnostics time 0.21 secs 

Total number of iterations 8781 - required further 372 

Chain # 3 - chunk 17 (chain 3 of 4 for this core): increasing by 373 

Iterations: 373 
|-------------|-------------|-------------|-------------|
|-------------------------------------------------------|

Current time: 2024-11-25 10:41:15
MCMC time 18 mins 

USED COMPONENTS: 34 OF 74 

rel. MC standard error: 0.0124 to 0.059
eff. sample size: 287 to 6480
needed thinning: 3 to 48
Diagnostics time 0.17 secs 

Total number of iterations 9154 - required further 372 

Chain # 3 - chunk 18 (chain 3 of 4 for this core): increasing by 373 

Iterations: 373 
|-------------|-------------|-------------|-------------|
|-------------------------------------------------------|

Current time: 2024-11-25 10:41:22
MCMC time 18 mins 

USED COMPONENTS: 36 OF 74 

rel. MC standard error: 0.0126 to 0.0596
eff. sample size: 282 to 6330
needed thinning: 3 to 51
Diagnostics time 0.17 secs 

Total number of iterations 9527 - required further 396 

Chain # 3 - chunk 19 (chain 3 of 4 for this core): increasing by 397 

Iterations: 397 
|-------------|-------------|-------------|-------------|
|-------------------------------------------------------|

Current time: 2024-11-25 10:41:30
MCMC time 18 mins 

USED COMPONENTS: 35 OF 74 

rel. MC standard error: 0.0122 to 0.0594
eff. sample size: 283 to 6700
needed thinning: 3 to 53
Diagnostics time 0.19 secs 

Total number of iterations 9924 - required further 411 

Chain # 3 - chunk 20 (chain 3 of 4 for this core): increasing by 412 

Iterations: 412 
|-------------|-------------|-------------|-------------|
|-------------------------------------------------------|

Current time: 2024-11-25 10:41:39
MCMC time 18 mins 

USED COMPONENTS: 35 OF 74 

rel. MC standard error: 0.0129 to 0.0584
eff. sample size: 294 to 5970
needed thinning: 3 to 53
Diagnostics time 0.19 secs 

Total number of iterations 10336 - required further 411 

Chain # 3 - chunk 21 (chain 3 of 4 for this core): increasing by 412 

Iterations: 412 
|-------------|-------------|-------------|-------------|
|-------------------------------------------------------|

Current time: 2024-11-25 10:41:47
MCMC time 18 mins 

USED COMPONENTS: 35 OF 74 

rel. MC standard error: 0.0119 to 0.0568
eff. sample size: 310 to 7080
needed thinning: 3 to 52
Diagnostics time 0.2 secs 

Total number of iterations 10748 - required further 403 

Chain # 3 - chunk 22 (chain 3 of 4 for this core): increasing by 404 

Iterations: 404 
|-------------|-------------|-------------|-------------|
|-------------------------------------------------------|

Current time: 2024-11-25 10:41:56
MCMC time 18 mins 

USED COMPONENTS: 34 OF 74 

rel. MC standard error: 0.0106 to 0.0558
eff. sample size: 321 to 8840
needed thinning: 2 to 53
Diagnostics time 0.2 secs 

Total number of iterations 11152 - required further 411 

Chain # 3 - chunk 23 (chain 3 of 4 for this core): increasing by 412 

Iterations: 412 
|-------------|-------------|-------------|-------------|
|-------------------------------------------------------|

Current time: 2024-11-25 10:42:04
MCMC time 19 mins 

USED COMPONENTS: 33 OF 74 

rel. MC standard error: 0.0109 to 0.055
eff. sample size: 330 to 8430
needed thinning: 3 to 53
Diagnostics time 0.61 secs 

Total number of iterations 11564 - required further 411 

Chain # 3 - chunk 24 (chain 3 of 4 for this core): increasing by 412 

Iterations: 412 
|-------------|-------------|-------------|-------------|
|-------------------------------------------------------|

Current time: 2024-11-25 10:42:13
MCMC time 19 mins 

USED COMPONENTS: 34 OF 74 

rel. MC standard error: 0.0109 to 0.0547
eff. sample size: 334 to 8350
needed thinning: 3 to 54
Diagnostics time 0.16 secs 

Total number of iterations 11976 - required further 419 

Chain # 3 - chunk 25 (chain 3 of 4 for this core): increasing by 420 

Iterations: 420 
|-------------|-------------|-------------|-------------|
|-------------------------------------------------------|

Current time: 2024-11-25 10:42:21
MCMC time 19 mins 

USED COMPONENTS: 35 OF 74 

rel. MC standard error: 0.0104 to 0.0543
eff. sample size: 340 to 9200
needed thinning: 3 to 55
Diagnostics time 0.19 secs 

Total number of iterations 12396 - required further 427 

Chain # 3 - chunk 26 (chain 3 of 4 for this core): increasing by 428 

Iterations: 428 
|-------------|-------------|-------------|-------------|
|-------------------------------------------------------|

Current time: 2024-11-25 10:42:30
MCMC time 19 mins 

USED COMPONENTS: 33 OF 74 

rel. MC standard error: 0.0103 to 0.0546
eff. sample size: 336 to 9490
needed thinning: 3 to 58
Diagnostics time 0.19 secs 

Total number of iterations 12824 - required further 450 

Chain # 3 - chunk 27 (chain 3 of 4 for this core): increasing by 451 

Iterations: 451 
|-------------|-------------|-------------|-------------|
|-------------------------------------------------------|

Current time: 2024-11-25 10:42:39
MCMC time 19 mins 

USED COMPONENTS: 31 OF 74 

rel. MC standard error: 0.011 to 0.054
eff. sample size: 343 to 8240
needed thinning: 3 to 59
Diagnostics time 0.2 secs 

Total number of iterations 13275 - required further 458 

Chain # 3 - chunk 28 (chain 3 of 4 for this core): increasing by 459 

Iterations: 459 
|-------------|-------------|-------------|-------------|
|-------------------------------------------------------|

Current time: 2024-11-25 10:42:49
MCMC time 19 mins 

USED COMPONENTS: 32 OF 74 

rel. MC standard error: 0.0101 to 0.0525
eff. sample size: 363 to 9790
needed thinning: 3 to 57
Diagnostics time 0.19 secs 

Total number of iterations 13734 - required further 442 

Chain # 3 - chunk 29 (chain 3 of 4 for this core): increasing by 443 

Iterations: 443 
|-------------|-------------|-------------|-------------|
|-------------------------------------------------------|

Current time: 2024-11-25 10:42:58
MCMC time 20 mins 

USED COMPONENTS: 32 OF 74 

rel. MC standard error: 0.0103 to 0.0509
eff. sample size: 385 to 9480
needed thinning: 3 to 56
Diagnostics time 0.2 secs 

Total number of iterations 14177 - required further 434 

Chain # 3 - chunk 30 (chain 3 of 4 for this core): increasing by 435 

Iterations: 435 
|-------------|-------------|-------------|-------------|
|-------------------------------------------------------|

Current time: 2024-11-25 10:43:06
MCMC time 20 mins 

USED COMPONENTS: 33 OF 74 

rel. MC standard error: 0.00902 to 0.0517
eff. sample size: 374 to 12300
needed thinning: 2 to 59
Diagnostics time 0.22 secs 

Total number of iterations 14612 - required further 458 

Chain # 3 - chunk 31 (chain 3 of 4 for this core): increasing by 459 

Iterations: 459 
|-------------|-------------|-------------|-------------|
|-------------------------------------------------------|

Current time: 2024-11-25 10:43:16
MCMC time 20 mins 

USED COMPONENTS: 32 OF 74 

rel. MC standard error: 0.00974 to 0.0504
eff. sample size: 394 to 10500
needed thinning: 3 to 58
Diagnostics time 0.19 secs 

Total number of iterations 15071 - required further 450 

Chain # 3 - chunk 32 (chain 3 of 4 for this core): increasing by 451 

Iterations: 451 
|-------------|-------------|-------------|-------------|
|-------------------------------------------------------|

Current time: 2024-11-25 10:43:25
MCMC time 20 mins 

USED COMPONENTS: 34 OF 74 

rel. MC standard error: 0.0098 to 0.049
eff. sample size: 417 to 10400
needed thinning: 3 to 56
Diagnostics time 0.21 secs 

Total number of iterations 15522 - required further 0 

Keeping last 60 samples with thinning 56 

Plotting traces and samples.

Current time: 2024-11-25 10:43:27
MCMC + diagnostics time 20 mins 

Chain # 4 (chain 4 of 4 for this core)

Datapoints for testing convergence:
 #36 #38 #45 #49 #114 #172 #206 #208 #209 #217 #243 #245 #255 #256 #260 #269 #271 #290 #297 #298 

Iterations: 3600 
|-------------|-------------|-------------|-------------|
|-------------------------------------------------------|

Current time: 2024-11-25 10:45:34
MCMC time 22 mins 

USED COMPONENTS: 35 OF 74 

rel. MC standard error: 0.0154 to 0.0652
eff. sample size: 235 to 4200
needed thinning: 2 to 23
Diagnostics time 3.4 secs 

Total number of iterations 3600 - required further 179 

Chain # 4 - chunk 2 (chain 4 of 4 for this core): increasing by 180 

Iterations: 180 
|-------------|-------------|-------------|-------------|
|-------------------------------------------------------|

Current time: 2024-11-25 10:45:44
MCMC time 22 mins 

USED COMPONENTS: 35 OF 74 

rel. MC standard error: 0.0157 to 0.0622
eff. sample size: 259 to 4070
needed thinning: 2 to 22
Diagnostics time 0.18 secs 

Total number of iterations 3780 - required further 171 

Chain # 4 - chunk 3 (chain 4 of 4 for this core): increasing by 172 

Iterations: 172 
|-------------|-------------|-------------|-------------|
|-------------------------------------------------------|

Current time: 2024-11-25 10:45:51
MCMC time 22 mins 

USED COMPONENTS: 35 OF 74 

rel. MC standard error: 0.0146 to 0.0636
eff. sample size: 247 to 4680
needed thinning: 2 to 24
Diagnostics time 0.13 secs 

Total number of iterations 3952 - required further 186 

Chain # 4 - chunk 4 (chain 4 of 4 for this core): increasing by 187 

Iterations: 187 
|-------------|-------------|-------------|-------------|
|-------------------------------------------------------|

Current time: 2024-11-25 10:45:57
MCMC time 23 mins 

USED COMPONENTS: 35 OF 74 

rel. MC standard error: 0.0146 to 0.0633
eff. sample size: 249 to 4670
needed thinning: 2 to 25
Diagnostics time 0.14 secs 

Total number of iterations 4139 - required further 194 

Chain # 4 - chunk 5 (chain 4 of 4 for this core): increasing by 195 

Iterations: 195 
|-------------|-------------|-------------|-------------|
|-------------------------------------------------------|

Current time: 2024-11-25 10:46:04
MCMC time 23 mins 

USED COMPONENTS: 35 OF 74 

rel. MC standard error: 0.015 to 0.0619
eff. sample size: 261 to 4450
needed thinning: 2 to 25
Diagnostics time 0.19 secs 

Total number of iterations 4334 - required further 194 

Chain # 4 - chunk 6 (chain 4 of 4 for this core): increasing by 195 

Iterations: 195 
|-------------|-------------|-------------|-------------|
|-------------------------------------------------------|

Current time: 2024-11-25 10:46:12
MCMC time 23 mins 

USED COMPONENTS: 35 OF 74 

rel. MC standard error: 0.014 to 0.0621
eff. sample size: 259 to 5110
needed thinning: 2 to 27
Diagnostics time 0.18 secs 

Total number of iterations 4529 - required further 210 

Chain # 4 - chunk 7 (chain 4 of 4 for this core): increasing by 211 

Iterations: 211 
|-------------|-------------|-------------|-------------|
|-------------------------------------------------------|

Current time: 2024-11-25 10:46:19
MCMC time 23 mins 

USED COMPONENTS: 35 OF 74 

rel. MC standard error: 0.0147 to 0.0619
eff. sample size: 261 to 4660
needed thinning: 2 to 28
Diagnostics time 0.17 secs 

Total number of iterations 4740 - required further 217 

Chain # 4 - chunk 8 (chain 4 of 4 for this core): increasing by 218 

Iterations: 218 
|-------------|-------------|-------------|-------------|
|-------------------------------------------------------|

Current time: 2024-11-25 10:46:27
MCMC time 23 mins 

USED COMPONENTS: 35 OF 74 

rel. MC standard error: 0.0141 to 0.0606
eff. sample size: 272 to 5060
needed thinning: 2 to 28
Diagnostics time 0.16 secs 

Total number of iterations 4958 - required further 217 

Chain # 4 - chunk 9 (chain 4 of 4 for this core): increasing by 218 

Iterations: 218 
|-------------|-------------|-------------|-------------|
|-------------------------------------------------------|

Current time: 2024-11-25 10:46:35
MCMC time 23 mins 

USED COMPONENTS: 35 OF 74 

rel. MC standard error: 0.014 to 0.0584
eff. sample size: 293 to 5080
needed thinning: 2 to 27
Diagnostics time 0.18 secs 

Total number of iterations 5176 - required further 210 

Chain # 4 - chunk 10 (chain 4 of 4 for this core): increasing by 211 

Iterations: 211 
|-------------|-------------|-------------|-------------|
|-------------------------------------------------------|

Current time: 2024-11-25 10:46:43
MCMC time 23 mins 

USED COMPONENTS: 35 OF 74 

rel. MC standard error: 0.0135 to 0.0584
eff. sample size: 293 to 5520
needed thinning: 2 to 28
Diagnostics time 0.18 secs 

Total number of iterations 5387 - required further 217 

Chain # 4 - chunk 11 (chain 4 of 4 for this core): increasing by 218 

Iterations: 218 
|-------------|-------------|-------------|-------------|
|-------------------------------------------------------|

Current time: 2024-11-25 10:46:51
MCMC time 23 mins 

USED COMPONENTS: 35 OF 74 

rel. MC standard error: 0.0125 to 0.056
eff. sample size: 319 to 6370
needed thinning: 2 to 27
Diagnostics time 0.18 secs 

Total number of iterations 5605 - required further 210 

Chain # 4 - chunk 12 (chain 4 of 4 for this core): increasing by 211 

Iterations: 211 
|-------------|-------------|-------------|-------------|
|-------------------------------------------------------|

Current time: 2024-11-25 10:46:58
MCMC time 24 mins 

USED COMPONENTS: 34 OF 74 

rel. MC standard error: 0.0128 to 0.0555
eff. sample size: 325 to 6070
needed thinning: 2 to 27
Diagnostics time 0.22 secs 

Total number of iterations 5816 - required further 210 

Chain # 4 - chunk 13 (chain 4 of 4 for this core): increasing by 211 

Iterations: 211 
|-------------|-------------|-------------|-------------|
|-------------------------------------------------------|

Current time: 2024-11-25 10:47:06
MCMC time 24 mins 

USED COMPONENTS: 35 OF 74 

rel. MC standard error: 0.0128 to 0.055
eff. sample size: 330 to 6110
needed thinning: 2 to 28
Diagnostics time 0.18 secs 

Total number of iterations 6027 - required further 217 

Chain # 4 - chunk 14 (chain 4 of 4 for this core): increasing by 218 

Iterations: 218 
|-------------|-------------|-------------|-------------|
|-------------------------------------------------------|

Current time: 2024-11-25 10:47:14
MCMC time 24 mins 

USED COMPONENTS: 34 OF 74 

rel. MC standard error: 0.0129 to 0.0559
eff. sample size: 320 to 6020
needed thinning: 2 to 30
Diagnostics time 0.16 secs 

Total number of iterations 6245 - required further 233 

Chain # 4 - chunk 15 (chain 4 of 4 for this core): increasing by 234 

Iterations: 234 
|-------------|-------------|-------------|-------------|
|-------------------------------------------------------|

Current time: 2024-11-25 10:47:22
MCMC time 24 mins 

USED COMPONENTS: 34 OF 74 

rel. MC standard error: 0.0129 to 0.055
eff. sample size: 330 to 6050
needed thinning: 2 to 30
Diagnostics time 0.19 secs 

Total number of iterations 6479 - required further 233 

Chain # 4 - chunk 16 (chain 4 of 4 for this core): increasing by 234 

Iterations: 234 
|-------------|-------------|-------------|-------------|
|-------------------------------------------------------|

Current time: 2024-11-25 10:47:31
MCMC time 24 mins 

USED COMPONENTS: 35 OF 74 

rel. MC standard error: 0.0124 to 0.0545
eff. sample size: 336 to 6480
needed thinning: 2 to 30
Diagnostics time 0.21 secs 

Total number of iterations 6713 - required further 233 

Chain # 4 - chunk 17 (chain 4 of 4 for this core): increasing by 234 

Iterations: 234 
|-------------|-------------|-------------|-------------|
|-------------------------------------------------------|

Current time: 2024-11-25 10:47:39
MCMC time 24 mins 

USED COMPONENTS: 35 OF 74 

rel. MC standard error: 0.0118 to 0.0532
eff. sample size: 354 to 7210
needed thinning: 2 to 30
Diagnostics time 0.2 secs 

Total number of iterations 6947 - required further 233 

Chain # 4 - chunk 18 (chain 4 of 4 for this core): increasing by 234 

Iterations: 234 
|-------------|-------------|-------------|-------------|
|-------------------------------------------------------|

Current time: 2024-11-25 10:47:48
MCMC time 24 mins 

USED COMPONENTS: 36 OF 74 

rel. MC standard error: 0.0131 to 0.0545
eff. sample size: 337 to 5860
needed thinning: 2 to 32
Diagnostics time 0.22 secs 

Total number of iterations 7181 - required further 248 

Chain # 4 - chunk 19 (chain 4 of 4 for this core): increasing by 249 

Iterations: 249 
|-------------|-------------|-------------|-------------|
|-------------------------------------------------------|

Current time: 2024-11-25 10:47:57
MCMC time 24 mins 

USED COMPONENTS: 36 OF 74 

rel. MC standard error: 0.0122 to 0.055
eff. sample size: 331 to 6680
needed thinning: 2 to 34
Diagnostics time 0.19 secs 

Total number of iterations 7430 - required further 264 

Chain # 4 - chunk 20 (chain 4 of 4 for this core): increasing by 265 

Iterations: 265 
|-------------|-------------|-------------|-------------|
|-------------------------------------------------------|

Current time: 2024-11-25 10:48:07
MCMC time 25 mins 

USED COMPONENTS: 37 OF 74 

rel. MC standard error: 0.0116 to 0.0595
eff. sample size: 283 to 7380
needed thinning: 2 to 41
Diagnostics time 0.21 secs 

Total number of iterations 7695 - required further 318 

Chain # 4 - chunk 21 (chain 4 of 4 for this core): increasing by 319 

Iterations: 319 
|-------------|-------------|-------------|-------------|
|-------------------------------------------------------|

Current time: 2024-11-25 10:48:18
MCMC time 25 mins 

USED COMPONENTS: 37 OF 74 

rel. MC standard error: 0.0117 to 0.0607
eff. sample size: 271 to 7270
needed thinning: 2 to 45
Diagnostics time 0.25 secs 

Total number of iterations 8014 - required further 349 

Chain # 4 - chunk 22 (chain 4 of 4 for this core): increasing by 350 

Iterations: 350 
|-------------|-------------|-------------|-------------|
|-------------------------------------------------------|

Current time: 2024-11-25 10:48:31
MCMC time 25 mins 

USED COMPONENTS: 37 OF 74 

rel. MC standard error: 0.0115 to 0.0563
eff. sample size: 316 to 7520
needed thinning: 2 to 40
Diagnostics time 0.32 secs 

Total number of iterations 8364 - required further 310 

Chain # 4 - chunk 23 (chain 4 of 4 for this core): increasing by 311 

Iterations: 311 
|-------------|-------------|-------------|-------------|
|-------------------------------------------------------|

Current time: 2024-11-25 10:48:42
MCMC time 25 mins 

USED COMPONENTS: 36 OF 74 

rel. MC standard error: 0.0102 to 0.0582
eff. sample size: 295 to 9610
needed thinning: 2 to 45
Diagnostics time 0.29 secs 

Total number of iterations 8675 - required further 349 

Chain # 4 - chunk 24 (chain 4 of 4 for this core): increasing by 350 

Iterations: 350 
|-------------|-------------|-------------|-------------|
|-------------------------------------------------------|

Current time: 2024-11-25 10:48:55
MCMC time 25 mins 

USED COMPONENTS: 34 OF 74 

rel. MC standard error: 0.0114 to 0.0575
eff. sample size: 303 to 7670
needed thinning: 2 to 45
Diagnostics time 0.26 secs 

Total number of iterations 9025 - required further 349 

Chain # 4 - chunk 25 (chain 4 of 4 for this core): increasing by 350 

Iterations: 350 
|-------------|-------------|-------------|-------------|
|-------------------------------------------------------|

Current time: 2024-11-25 10:49:08
MCMC time 26 mins 

USED COMPONENTS: 34 OF 74 

rel. MC standard error: 0.0105 to 0.0549
eff. sample size: 331 to 9080
needed thinning: 2 to 43
Diagnostics time 0.28 secs 

Total number of iterations 9375 - required further 334 

Chain # 4 - chunk 26 (chain 4 of 4 for this core): increasing by 335 

Iterations: 335 
|-------------|-------------|-------------|-------------|
|-------------------------------------------------------|

Current time: 2024-11-25 10:49:20
MCMC time 26 mins 

USED COMPONENTS: 35 OF 74 

rel. MC standard error: 0.0111 to 0.055
eff. sample size: 330 to 8130
needed thinning: 2 to 45
Diagnostics time 0.29 secs 

Total number of iterations 9710 - required further 349 

Chain # 4 - chunk 27 (chain 4 of 4 for this core): increasing by 350 

Iterations: 350 
|-------------|-------------|-------------|-------------|
|-------------------------------------------------------|

Current time: 2024-11-25 10:49:32
MCMC time 26 mins 

USED COMPONENTS: 35 OF 74 

rel. MC standard error: 0.0107 to 0.0539
eff. sample size: 344 to 8810
needed thinning: 2 to 44
Diagnostics time 0.3 secs 

Total number of iterations 10060 - required further 341 

Chain # 4 - chunk 28 (chain 4 of 4 for this core): increasing by 342 

Iterations: 342 
|-------------|-------------|-------------|-------------|
|-------------------------------------------------------|

Current time: 2024-11-25 10:49:45
MCMC time 26 mins 

USED COMPONENTS: 34 OF 74 

rel. MC standard error: 0.0101 to 0.0538
eff. sample size: 346 to 9900
needed thinning: 2 to 46
Diagnostics time 0.29 secs 

Total number of iterations 10402 - required further 357 

Chain # 4 - chunk 29 (chain 4 of 4 for this core): increasing by 358 

Iterations: 358 
|-------------|-------------|-------------|-------------|
|-------------------------------------------------------|

Current time: 2024-11-25 10:49:58
MCMC time 27 mins 

USED COMPONENTS: 34 OF 74 

rel. MC standard error: 0.00936 to 0.0546
eff. sample size: 336 to 11400
needed thinning: 2 to 49
Diagnostics time 0.83 secs 

Total number of iterations 10760 - required further 380 

Chain # 4 - chunk 30 (chain 4 of 4 for this core): increasing by 381 

Iterations: 381 
|-------------|-------------|-------------|-------------|
|-------------------------------------------------------|

Current time: 2024-11-25 10:50:12
MCMC time 27 mins 

USED COMPONENTS: 34 OF 74 

rel. MC standard error: 0.00924 to 0.0527
eff. sample size: 360 to 11700
needed thinning: 2 to 47
Diagnostics time 0.3 secs 

Total number of iterations 11141 - required further 365 

Chain # 4 - chunk 31 (chain 4 of 4 for this core): increasing by 366 

Iterations: 366 
|-------------|-------------|-------------|-------------|
|-------------------------------------------------------|

Current time: 2024-11-25 10:50:26
MCMC time 27 mins 

USED COMPONENTS: 34 OF 74 

rel. MC standard error: 0.00974 to 0.0525
eff. sample size: 363 to 10500
needed thinning: 2 to 48
Diagnostics time 0.28 secs 

Total number of iterations 11507 - required further 372 

Chain # 4 - chunk 32 (chain 4 of 4 for this core): increasing by 373 

Iterations: 373 
|-------------|-------------|-------------|-------------|
|-------------------------------------------------------|

Current time: 2024-11-25 10:50:39
MCMC time 27 mins 

USED COMPONENTS: 35 OF 74 

rel. MC standard error: 0.01 to 0.0525
eff. sample size: 362 to 10000
needed thinning: 2 to 50
Diagnostics time 0.27 secs 

Total number of iterations 11880 - required further 388 

Chain # 4 - chunk 33 (chain 4 of 4 for this core): increasing by 389 

Iterations: 389 
|-------------|-------------|-------------|-------------|
|-------------------------------------------------------|

Current time: 2024-11-25 10:50:53
MCMC time 27 mins 

USED COMPONENTS: 34 OF 74 

rel. MC standard error: 0.00944 to 0.052
eff. sample size: 370 to 11200
needed thinning: 2 to 50
Diagnostics time 0.32 secs 

Total number of iterations 12269 - required further 388 

Chain # 4 - chunk 34 (chain 4 of 4 for this core): increasing by 389 

Iterations: 389 
|-------------|-------------|-------------|-------------|
|-------------------------------------------------------|

Current time: 2024-11-25 10:51:07
MCMC time 28 mins 

USED COMPONENTS: 34 OF 74 

rel. MC standard error: 0.00951 to 0.0518
eff. sample size: 373 to 11100
needed thinning: 2 to 51
Diagnostics time 0.31 secs 

Total number of iterations 12658 - required further 396 

Chain # 4 - chunk 35 (chain 4 of 4 for this core): increasing by 397 

Iterations: 397 
|-------------|-------------|-------------|-------------|
|-------------------------------------------------------|

Current time: 2024-11-25 10:51:22
MCMC time 28 mins 

USED COMPONENTS: 35 OF 74 

rel. MC standard error: 0.00895 to 0.0509
eff. sample size: 386 to 12500
needed thinning: 2 to 51
Diagnostics time 0.35 secs 

Total number of iterations 13055 - required further 396 

Chain # 4 - chunk 36 (chain 4 of 4 for this core): increasing by 397 

Iterations: 397 
|-------------|-------------|-------------|-------------|
|-------------------------------------------------------|

Current time: 2024-11-25 10:51:36
MCMC time 28 mins 

USED COMPONENTS: 35 OF 74 

rel. MC standard error: 0.009 to 0.0515
eff. sample size: 377 to 12300
needed thinning: 2 to 54
Diagnostics time 0.33 secs 

Total number of iterations 13452 - required further 419 

Chain # 4 - chunk 37 (chain 4 of 4 for this core): increasing by 420 

Iterations: 420 
|-------------|-------------|-------------|-------------|
|-------------------------------------------------------|

Current time: 2024-11-25 10:51:52
MCMC time 28 mins 

USED COMPONENTS: 33 OF 74 

rel. MC standard error: 0.00935 to 0.0504
eff. sample size: 394 to 11500
needed thinning: 2 to 53
Diagnostics time 0.34 secs 

Total number of iterations 13872 - required further 411 

Chain # 4 - chunk 38 (chain 4 of 4 for this core): increasing by 412 

Iterations: 412 
|-------------|-------------|-------------|-------------|
|-------------------------------------------------------|

Current time: 2024-11-25 10:52:07
MCMC time 29 mins 

USED COMPONENTS: 36 OF 74 

rel. MC standard error: 0.00862 to 0.0504
eff. sample size: 393 to 13400
needed thinning: 2 to 55
Diagnostics time 0.34 secs 

Total number of iterations 14284 - required further 427 

Chain # 4 - chunk 39 (chain 4 of 4 for this core): increasing by 428 

Iterations: 428 
|-------------|-------------|-------------|-------------|
|-------------------------------------------------------|

Current time: 2024-11-25 10:52:22
MCMC time 29 mins 

USED COMPONENTS: 34 OF 74 

rel. MC standard error: 0.00913 to 0.0503
eff. sample size: 395 to 12000
needed thinning: 2 to 56
Diagnostics time 0.34 secs 

Total number of iterations 14712 - required further 434 

Chain # 4 - chunk 40 (chain 4 of 4 for this core): increasing by 435 

Iterations: 435 
|-------------|-------------|-------------|-------------|
|-------------------------------------------------------|

Current time: 2024-11-25 10:52:38
MCMC time 29 mins 

USED COMPONENTS: 34 OF 74 

rel. MC standard error: 0.00853 to 0.0497
eff. sample size: 406 to 13700
needed thinning: 2 to 57
Diagnostics time 0.41 secs 

Total number of iterations 15147 - required further 0 

Keeping last 60 samples with thinning 57 

Plotting traces and samples.

Current time: 2024-11-25 10:52:40
MCMC + diagnostics time 29 mins 

Current time: 2024-11-25 10:52:40
Total time 29 mins 
loaded inferno and set parent environment
loaded inferno and set parent environment
loaded inferno and set parent environment
loaded inferno and set parent environment
